rcssserver-19.0.0

Copyright (C) 1995, 1996, 1997, 1998, 1999 Electrotechnical Laboratory.
2000 - RoboCup Soccer Simulator Maintenance Group.

Simulator Random Seed: 1782549021
CSVSaver: Ready
STDOutSaver: Ready
Using simulator's random seed as Hetero Player Seed: 1782549021
******************************************************************
 HELIOS base
 Created by Hidehisa Akiyama and Hiroki Shimora
 Copyright 2000-2007.  Hidehisa Akiyama
 Copyright 2007-2011.  Hidehisa Akiyama and Hiroki Shimora
 All rights reserved.
******************************************************************
PING localhost (127.0.0.1) 56(84) bytes of data.
64 bytes from localhost (127.0.0.1): icmp_seq=1 ttl=64 time=0.041 ms

--- localhost ping statistics ---
1 packets transmitted, 1 received, 0% packet loss, time 0ms
rtt min/avg/max/mdev = 0.041/0.041/0.041/0.000 ms
******************************************************************
 librcsc 
 Copyright 2000 - 2007. Hidehisa Akiyama.
 Copyright 2007 - 2011. Hidehisa Akiyama and Hiroki Shimora
 Copyright 2011 -  Hidehisa Akiyama, Hiroki Shimora
   Takuya Fukushima (2019-)
 All rights reserved.
******************************************************************
*****************************************************************
 This program is based on agent2d created by Hidehisa Akiyama.
 Copyright 2006 - 2011. Hidehisa Akiyama and Hiroki Shimora.
 All rights reserved.
*****************************************************************
SPICA325: init ok.  unum: 1 side: l
SPICA325 1: [-1, 0] (v18+) force synch see mode.
wind factor: rand: 0.000000, vector: (0.000000, 0.000000)

Hit CTRL-C to exit
Starting "/bin/sh -c scripts/team_launchers/spica325_left.sh"
Waiting for players to connect
A new (v18) player (SPICA325 1) connected.
******************************************************************
 HELIOS base
 Created by Hidehisa Akiyama and Hiroki Shimora
 Copyright 2000-2007.  Hidehisa Akiyama
 Copyright 2007-2011.  Hidehisa Akiyama and Hiroki Shimora
 All rights reserved.
******************************************************************
PING localhost (127.0.0.1) 56(84) bytes of data.
64 bytes from localhost (127.0.0.1): icmp_seq=1 ttl=64 time=0.025 ms

--- localhost ping statistics ---
1 packets transmitted, 1 received, 0% packet loss, time 0ms
rtt min/avg/max/mdev = 0.025/0.025/0.025/0.000 ms
******************************************************************
 librcsc 
 Copyright 2000 - 2007. Hidehisa Akiyama.
 Copyright 2007 - 2011. Hidehisa Akiyama and Hiroki Shimora
 Copyright 2011 -  Hidehisa Akiyama, Hiroki Shimora
   Takuya Fukushima (2019-)
 All rights reserved.
******************************************************************
SPICA325 1:  KickTable created.
SPICA325 1: [-1, 0] set synch see mode.
*****************************************************************
 This program is based on agent2d created by Hidehisa Akiyama.
 Copyright 2006 - 2011. Hidehisa Akiyama and Hiroki Shimora.
 All rights reserved.
*****************************************************************
CYRUS_VANILLA: init ok.  unum: 1 side: r
CYRUS_VANILLA 1: [-1, 0] (v18+) force synch see mode.
Starting "/bin/sh -c scripts/team_launchers/cyrus_vanilla_right.sh"
A new (v18) player (CYRUS_VANILLA 1) connected.
CYRUS_VANILLA 1:  KickTable created.
CYRUS_VANILLA 1: [-1, 0] set synch see mode.
Read Setting: ./data/settings/Other.json
Read Setting: ./data/settings/Other.json
******************************************************************
 librcsc 
 Copyright 2000 - 2007. Hidehisa Akiyama.
 Copyright 2007 - 2011. Hidehisa Akiyama and Hiroki Shimora
 Copyright 2011 -  Hidehisa Akiyama, Hiroki Shimora
   Takuya Fukushima (2019-)
 All rights reserved.
******************************************************************
******************************************************************
 librcsc 
 Copyright 2000 - 2007. Hidehisa Akiyama.
 Copyright 2007 - 2011. Hidehisa Akiyama and Hiroki Shimora
 Copyright 2011 -  Hidehisa Akiyama, Hiroki Shimora
   Takuya Fukushima (2019-)
 All rights reserved.
******************************************************************
******************************************************************
 librcsc 
 Copyright 2000 - 2007. Hidehisa Akiyama.
 Copyright 2007 - 2011. Hidehisa Akiyama and Hiroki Shimora
 Copyright 2011 -  Hidehisa Akiyama, Hiroki Shimora
   Takuya Fukushima (2019-)
 All rights reserved.
******************************************************************
******************************************************************
 librcsc 
 Copyright 2000 - 2007. Hidehisa Akiyama.
 Copyright 2007 - 2011. Hidehisa Akiyama and Hiroki Shimora
 Copyright 2011 -  Hidehisa Akiyama, Hiroki Shimora
   Takuya Fukushima (2019-)
 All rights reserved.
******************************************************************
******************************************************************
 librcsc 
 Copyright 2000 - 2007. Hidehisa Akiyama.
 Copyright 2007 - 2011. Hidehisa Akiyama and Hiroki Shimora
 Copyright 2011 -  Hidehisa Akiyama, Hiroki Shimora
   Takuya Fukushima (2019-)
 All rights reserved.
******************************************************************
******************************************************************
 librcsc 
 Copyright 2000 - 2007. Hidehisa Akiyama.
 Copyright 2007 - 2011. Hidehisa Akiyama and Hiroki Shimora
 Copyright 2011 -  Hidehisa Akiyama, Hiroki Shimora
   Takuya Fukushima (2019-)
 All rights reserved.
******************************************************************
******************************************************************
 librcsc 
 Copyright 2000 - 2007. Hidehisa Akiyama.
 Copyright 2007 - 2011. Hidehisa Akiyama and Hiroki Shimora
 Copyright 2011 -  Hidehisa Akiyama, Hiroki Shimora
   Takuya Fukushima (2019-)
 All rights reserved.
******************************************************************
******************************************************************
 librcsc 
 Copyright 2000 - 2007. Hidehisa Akiyama.
 Copyright 2007 - 2011. Hidehisa Akiyama and Hiroki Shimora
 Copyright 2011 -  Hidehisa Akiyama, Hiroki Shimora
   Takuya Fukushima (2019-)
 All rights reserved.
******************************************************************
******************************************************************
 librcsc 
 Copyright 2000 - 2007. Hidehisa Akiyama.
 Copyright 2007 - 2011. Hidehisa Akiyama and Hiroki Shimora
 Copyright 2011 -  Hidehisa Akiyama, Hiroki Shimora
   Takuya Fukushima (2019-)
 All rights reserved.
******************************************************************
******************************************************************
 librcsc 
 Copyright 2000 - 2007. Hidehisa Akiyama.
 Copyright 2007 - 2011. Hidehisa Akiyama and Hiroki Shimora
 Copyright 2011 -  Hidehisa Akiyama, Hiroki Shimora
   Takuya Fukushima (2019-)
 All rights reserved.
******************************************************************
******************************************************************
 librcsc 
 Copyright 2000 - 2007. Hidehisa Akiyama.
 Copyright 2007 - 2011. Hidehisa Akiyama and Hiroki Shimora
 Copyright 2011 -  Hidehisa Akiyama, Hiroki Shimora
   Takuya Fukushima (2019-)
 All rights reserved.
******************************************************************
*****************************************************************
 This program is based on agent2d created by Hidehisa Akiyama.
 Copyright 2006 - 2011. Hidehisa Akiyama and Hiroki Shimora.
 All rights reserved.
*****************************************************************
*****************************************************************
 This program is based on agent2d created by Hidehisa Akiyama.
 Copyright 2006 - 2011. Hidehisa Akiyama and Hiroki Shimora.
 All rights reserved.
*****************************************************************
A new (v18) player (SPICA325 2) connected.
A new (v18) online coach (SPICA325) connected.
*****************************************************************
 This program is based on agent2d created by Hidehisa Akiyama.
 Copyright 2006 - 2011. Hidehisa Akiyama and Hiroki Shimora.
 All rights reserved.
*****************************************************************
SPICA325: init ok.  unum: 2 side: l
SPICA325 2: [-1, 0] (v18+) force synch see mode.
*****************************************************************
 This program is based on agent2d created by Hidehisa Akiyama.
 Copyright 2006 - 2011. Hidehisa Akiyama and Hiroki Shimora.
 All rights reserved.
*****************************************************************
*****************************************************************
 This program is based on agent2d created by Hidehisa Akiyama.
 Copyright 2006 - 2011. Hidehisa Akiyama and Hiroki Shimora.
 All rights reserved.
*****************************************************************
******************************************************************
 librcsc 
 Copyright 2000 - 2007. Hidehisa Akiyama.
 Copyright 2007 - 2011. Hidehisa Akiyama and Hiroki Shimora
 Copyright 2011 -  Hidehisa Akiyama, Hiroki Shimora
   Takuya Fukushima (2019-)
 All rights reserved.
******************************************************************
*****************************************************************
 This program is based on agent2d created by Hidehisa Akiyama.
 Copyright 2006 - 2011. Hidehisa Akiyama and Hiroki Shimora.
 All rights reserved.
*****************************************************************
******************************************************************
 librcsc 
 Copyright 2000 - 2007. Hidehisa Akiyama.
 Copyright 2007 - 2011. Hidehisa Akiyama and Hiroki Shimora
 Copyright 2011 -  Hidehisa Akiyama, Hiroki Shimora
   Takuya Fukushima (2019-)
 All rights reserved.
******************************************************************
*****************************************************************
 This program is based on agent2d created by Hidehisa Akiyama.
 Copyright 2006 - 2011. Hidehisa Akiyama and Hiroki Shimora.
 All rights reserved.
*****************************************************************
A new (v18) player (SPICA325 3) connected.
SPICA325: init ok.  unum: 4 side: l
SPICA325 4: [-1, 0] (v18+) force synch see mode.
SPICA325: init ok.  unum: 3 side: l
SPICA325 3: [-1, 0] (v18+) force synch see mode.
******************************************************************
 librcsc 
 Copyright 2000 - 2007. Hidehisa Akiyama.
 Copyright 2007 - 2011. Hidehisa Akiyama and Hiroki Shimora
 Copyright 2011 -  Hidehisa Akiyama, Hiroki Shimora
   Takuya Fukushima (2019-)
 All rights reserved.
******************************************************************
A new (v18) player (SPICA325 4) connected.
SPICA325: init ok.  unum: 5 side: l
SPICA325 5: [-1, 0] (v18+) force synch see mode.
A new (v18) player (SPICA325 5) connected.
A new (v18) player (SPICA325 6) connected.
A new (v18) player (SPICA325 7) connected.
SPICA325: init ok.  unum: SPICA325 coach: [-1, 0] recv (ok eye on)
7 side: l
SPICA325 7: [-1, 0] (v18+) force synch see mode.
SPICA325: init ok.  unum: 6 side: l
SPICA325 6: [-1, 0] (v18+) force synch see mode.
******************************************************************
 librcsc 
 Copyright 2000 - 2007. Hidehisa Akiyama.
 Copyright 2007 - 2011. Hidehisa Akiyama and Hiroki Shimora
 Copyright 2011 -  Hidehisa Akiyama, Hiroki Shimora
   Takuya Fukushima (2019-)
 All rights reserved.
******************************************************************
SPICA325 2:  KickTable created.
*****************************************************************
 This program is based on agent2d created by Hidehisa Akiyama.
 Copyright 2006 - 2011. Hidehisa Akiyama and Hiroki Shimora.
 All rights reserved.
*****************************************************************
A new (v18) player (SPICA325 8) connected.
******************************************************************
 librcsc 
 Copyright 2000 - 2007. Hidehisa Akiyama.
 Copyright 2007 - 2011. Hidehisa Akiyama and Hiroki Shimora
 Copyright 2011 -  Hidehisa Akiyama, Hiroki Shimora
   Takuya Fukushima (2019-)
 All rights reserved.
******************************************************************
SPICA325 2: [-1, 0] set synch see mode.
SPICA325: init ok.  unum: 8 side: l
SPICA325 8: [-1, 0] (v18+) force synch see mode.
******************************************************************
 librcsc 
 Copyright 2000 - 2007. Hidehisa Akiyama.
 Copyright 2007 - 2011. Hidehisa Akiyama and Hiroki Shimora
 Copyright 2011 -  Hidehisa Akiyama, Hiroki Shimora
   Takuya Fukushima (2019-)
 All rights reserved.
******************************************************************
*****************************************************************
 This program is based on agent2d created by Hidehisa Akiyama.
 Copyright 2006 - 2011. Hidehisa Akiyama and Hiroki Shimora.
 All rights reserved.
*****************************************************************
*****************************************************************
 This program is based on agent2d created by Hidehisa Akiyama.
 Copyright 2006 - 2011. Hidehisa Akiyama and Hiroki Shimora.
 All rights reserved.
*****************************************************************
******************************************************************
 librcsc 
 Copyright 2000 - 2007. Hidehisa Akiyama.
 Copyright 2007 - 2011. Hidehisa Akiyama and Hiroki Shimora
 Copyright 2011 -  Hidehisa Akiyama, Hiroki Shimora
   Takuya Fukushima (2019-)
 All rights reserved.
******************************************************************
*****************************************************************
 This program is based on agent2d created by Hidehisa Akiyama.
 Copyright 2006 - 2011. Hidehisa Akiyama and Hiroki Shimora.
 All rights reserved.
*****************************************************************
******************************************************************
 librcsc 
 Copyright 2000 - 2007. Hidehisa Akiyama.
 Copyright 2007 - 2011. Hidehisa Akiyama and Hiroki Shimora
 Copyright 2011 -  Hidehisa Akiyama, Hiroki Shimora
   Takuya Fukushima (2019-)
 All rights reserved.
******************************************************************
Read Setting: ./data/settings/Other.json
A new (v18) player (SPICA325 9) connected.
A new (v18) player (SPICA325 10) connected.
SPICA325: init ok.  unum: 11 side: l
SPICA325 11: [-1, 0] (v18+) force synch see mode.
A new (v18) player (SPICA325 11) connected.
SPICA325: init ok.  unum: 9 side: l
SPICA325 9: [-1, 0] (v18+) force synch see mode.
SPICA325: init ok.  unum: 10 side: l
SPICA325 10: [-1, 0] (v18+) force synch see mode.
******************************************************************
 librcsc 
 Copyright 2000 - 2007. Hidehisa Akiyama.
 Copyright 2007 - 2011. Hidehisa Akiyama and Hiroki Shimora
 Copyright 2011 -  Hidehisa Akiyama, Hiroki Shimora
   Takuya Fukushima (2019-)
 All rights reserved.
******************************************************************
SPICA325 5:  KickTable created.
SPICA325 5: [-1, 0] set synch see mode.
SPICA325 7:  KickTable created.
SPICA325 7: [-1, 0] set synch see mode.
******************************************************************
 librcsc 
 Copyright 2000 - 2007. Hidehisa Akiyama.
 Copyright 2007 - 2011. Hidehisa Akiyama and Hiroki Shimora
 Copyright 2011 -  Hidehisa Akiyama, Hiroki Shimora
   Takuya Fukushima (2019-)
 All rights reserved.
******************************************************************
SPICA325 3:  KickTable created.
SPICA325 3: [-1, 0] set synch see mode.
******************************************************************
 librcsc 
 Copyright 2000 - 2007. Hidehisa Akiyama.
 Copyright 2007 - 2011. Hidehisa Akiyama and Hiroki Shimora
 Copyright 2011 -  Hidehisa Akiyama, Hiroki Shimora
   Takuya Fukushima (2019-)
 All rights reserved.
******************************************************************
*****************************************************************
 This program is based on agent2d created by Hidehisa Akiyama.
 Copyright 2006 - 2011. Hidehisa Akiyama and Hiroki Shimora.
 All rights reserved.
*****************************************************************
A new (v18) online coach (CYRUS_VANILLA) connected.
SPICA325 4:  KickTable created.
SPICA325 4: [-1, 0] set synch see mode.
SPICA325 6:  KickTable created.
*****************************************************************
 This program is based on agent2d created by Hidehisa Akiyama.
 Copyright 2006 - 2011. Hidehisa Akiyama and Hiroki Shimora.
 All rights reserved.
*****************************************************************
CYRUS_VANILLA: init ok.  unum: 2 side: r
CYRUS_VANILLA 2: [-1, 0] (v18+) force synch see mode.
A new (v18) player (CYRUS_VANILLA 2) connected.
CYRUS_VANILLA coach: [-1, 0] recv (ok eye on)
SPICA325 6: [-1, 0] set synch see mode.
*****************************************************************
 This program is based on agent2d created by Hidehisa Akiyama.
 Copyright 2006 - 2011. Hidehisa Akiyama and Hiroki Shimora.
 All rights reserved.
*****************************************************************
*****************************************************************
 This program is based on agent2d created by Hidehisa Akiyama.
 Copyright 2006 - 2011. Hidehisa Akiyama and Hiroki Shimora.
 All rights reserved.
*****************************************************************
A new (v18) player (CYRUS_VANILLA 3) connected.
A new (v18) player (CYRUS_VANILLA 4) connected.
CYRUS_VANILLA: init ok.  unum: 4 side: r
CYRUS_VANILLA 4: [-1, 0] (v18+) force synch see mode.
SPICA325 8:  KickTable created.
SPICA325 8: [-1, 0] set synch see mode.
CYRUS_VANILLA: init ok.  unum: 3 side: r
CYRUS_VANILLA 3: [-1, 0] (v18+) force synch see mode.
CYRUS_VANILLA 2:  KickTable created.
*****************************************************************
 This program is based on agent2d created by Hidehisa Akiyama.
 Copyright 2006 - 2011. Hidehisa Akiyama and Hiroki Shimora.
 All rights reserved.
*****************************************************************
CYRUS_VANILLA 2: [-1, 0] set synch see mode.
*****************************************************************
 This program is based on agent2d created by Hidehisa Akiyama.
 Copyright 2006 - 2011. Hidehisa Akiyama and Hiroki Shimora.
 All rights reserved.
*****************************************************************
SPICA325 9:  KickTable created.
SPICA325 9: [-1, 0] set synch see mode.
SPICA325 10:  KickTable created.
*****************************************************************
 This program is based on agent2d created by Hidehisa Akiyama.
 Copyright 2006 - 2011. Hidehisa Akiyama and Hiroki Shimora.
 All rights reserved.
*****************************************************************
SPICA325 10: [-1, 0] set synch see mode.
*****************************************************************
 This program is based on agent2d created by Hidehisa Akiyama.
 Copyright 2006 - 2011. Hidehisa Akiyama and Hiroki Shimora.
 All rights reserved.
*****************************************************************
*****************************************************************
 This program is based on agent2d created by Hidehisa Akiyama.
 Copyright 2006 - 2011. Hidehisa Akiyama and Hiroki Shimora.
 All rights reserved.
*****************************************************************
CYRUS_VANILLA 4:  KickTable created.
CYRUS_VANILLA 4: [-1, 0] set synch see mode.
SPICA325 11:  KickTable created.
SPICA325 11: [-1, 0] set synch see mode.
Read Setting: ./data/settings/Other.json
Read Setting: ./data/settings/Other.json
Read Setting: ./data/settings/Other.json
Read Setting: ./data/settings/Other.json
Read Setting: ./data/settings/Other.json
Read Setting: ./data/settings/Other.json
CYRUS_VANILLA: init ok.  unum: 5 side: r
CYRUS_VANILLA 5: [-1, 0] (v18+) force synch see mode.
CYRUS_VANILLA 3:  KickTable created.
CYRUS_VANILLA 3: [-1, 0] set synch see mode.
A new (v18) player (CYRUS_VANILLA 5) connected.
CYRUS_VANILLA: init ok.  unum: 6 side: r
CYRUS_VANILLA 6: [-1, 0] (v18+) force synch see mode.
A new (v18) player (CYRUS_VANILLA 6) connected.
A new (v18) player (CYRUS_VANILLA 7) connected.
A new (v18) player (CYRUS_VANILLA 8) connected.
CYRUS_VANILLA: init ok.  unum: 9 side: r
A new (v18) player (CYRUS_VANILLA 9) connected.
CYRUS_VANILLA 9: [-1, 0] (v18+) force synch see mode.
CYRUS_VANILLA: init ok.  unum: 7 side: r
CYRUS_VANILLA 7: [-1, 0] (v18+) force synch see mode.
CYRUS_VANILLA: init ok.  unum: 8 side: r
CYRUS_VANILLA 8: [-1, 0] (v18+) force synch see mode.
*****************************************************************
 This program is based on agent2d created by Hidehisa Akiyama.
 Copyright 2006 - 2011. Hidehisa Akiyama and Hiroki Shimora.
 All rights reserved.
*****************************************************************
*****************************************************************
 This program is based on agent2d created by Hidehisa Akiyama.
 Copyright 2006 - 2011. Hidehisa Akiyama and Hiroki Shimora.
 All rights reserved.
*****************************************************************
CYRUS_VANILLA 9:  KickTable created.
CYRUS_VANILLA 9: [-1, 0] set synch see mode.
CYRUS_VANILLA 5:  KickTable created.
CYRUS_VANILLA 5: [-1, 0] set synch see mode.
CYRUS_VANILLA 7:  KickTable created.
CYRUS_VANILLA 7: [-1, 0] set synch see mode.
CYRUS_VANILLA 8:  KickTable created.
CYRUS_VANILLA 8: [-1, 0] set synch see mode.
CYRUS_VANILLA 6:  KickTable created.
CYRUS_VANILLA 6: [-1, 0] set synch see mode.
Read Setting: ./data/settings/Other.json
Read Setting: ./data/settings/Other.json
Read Setting: ./data/settings/Other.json
CYRUS_VANILLA: init ok.  unum: 10 side: r
CYRUS_VANILLA 10: [-1, 0] (v18+) force synch see mode.
A new (v18) player (CYRUS_VANILLA 10) connected.
CYRUS_VANILLA: init ok.  unum: 11 side: A new (v18) player (CYRUS_VANILLA 11) connected.
r
CYRUS_VANILLA 11: [-1, 0] (v18+) force synch see mode.
CYRUS_VANILLA 10:  KickTable created.
CYRUS_VANILLA 10: [-1, 0] set synch see mode.
CYRUS_VANILLA 11:  KickTable created.
CYRUS_VANILLA 11: [-1, 0] set synch see mode.
id speed step inc  power  stam  karea
 0 1.000   6  45.0 100.0  55.0  1.085
 1 0.952   4  40.5 100.0  59.5  1.052
 2 0.767   5  51.7 100.0  48.3  1.012
 3 0.877   6  46.4 100.0  53.6  1.062
 4 0.827   4  45.2 100.0  54.8  1.099
 5 0.935   7  46.7 100.0  53.3  1.072
 6 0.865   6  48.8 100.0  51.2  1.172
 7 0.952   7  48.5 100.0  51.5  1.078
 8 0.765   4  48.2 100.0  51.8  1.028
 9 0.855   5  43.5 100.0  56.5  1.139
 10 0.863   5  41.8 100.0  58.2  1.013
 11 0.948   7  44.4 100.0  55.6  1.163
 12 0.927   4  41.8 100.0  58.2  1.036
 13 0.948   6  49.5 100.0  50.5  1.169
 14 0.814   5  43.7 100.0  56.3  1.155
 15 0.834   6  48.2 100.0  51.8  1.126
 16 0.835   6  50.6 100.0  49.4  1.184
 17 0.848   5  44.2 100.0  55.8  1.032
$$$$$$$$$$$$$$$$$$$$$$$$isother
SPICA325 coach: change player 1 to type 0
SPICA325 coach: change player 9 to type 1
SPICA325 coach: change player 2 to type 13
SPICA325 coach: change player 11 to type 7
SPICA325 coach: change player 4 to type 11
SPICA325 coach: change player 10 to type 12
SPICA325 coach: change player 3 to type 5
SPICA325 coach: change player 5 to type 3
SPICA325 coach: change player 7 to type 17
SPICA325 coach: change player 8 to type 9
SPICA325 coach: change player 6 to type 10
id speed step inc  power  stam  karea
 0 1.000   6  45.0 100.0  55.0  1.085
 1 0.952   4  40.5 100.0  59.5  1.052
 2 0.767   5  51.7 100.0  48.3  1.012
 3 0.877   6  46.4 100.0  53.6  1.062
 4 0.827   4  45.2 100.0  54.8  1.099
 5 0.935   7  46.7 100.0  53.3  1.072
 6 0.865   6  48.8 100.0  51.2  1.172
 7 0.952   7  48.5 100.0  51.5  1.078
 8 0.765   4  48.2 100.0  51.8  1.028
 9 0.855   5  43.5 100.0  56.5  1.139
 10 0.863   5  41.8 100.0  58.2  1.013
 11 0.948   7  44.4 100.0  55.6  1.163
 12 0.927   4  41.8 100.0  58.2  1.036
 13 0.948   6  49.5 100.0  50.5  1.169
 14 0.814   5  43.7 100.0  56.3  1.155
 15 0.834   6  48.2 100.0  51.8  1.126
 16 0.835   6  50.6 100.0  49.4  1.184
 17 0.848   5  44.2 100.0  55.8  1.032
$$$$$$$$$$$$$$$$$$$$$$$$isother
CYRUS_VANILLA coach: change player 1 to type 0
CYRUS_VANILLA coach: change player 9 to type 1
CYRUS_VANILLA coach: change player 2 to type 13
CYRUS_VANILLA coach: change player 11 to type 7
CYRUS_VANILLA coach: change player 4 to type 11
CYRUS_VANILLA coach: change player 10 to type 12
CYRUS_VANILLA coach: change player 3 to type 5
CYRUS_VANILLA coach: change player 5 to type 3
CYRUS_VANILLA coach: change player 7 to type 17
CYRUS_VANILLA coach: change player 8 to type 9
CYRUS_VANILLA coach: change player 6 to type 10
Read Setting: ./data/settings/Other.json
Read Setting: ./data/settings/Other.json
Read Setting: ./data/settings/Other.json
Read Setting: ./data/settings/Other.json
Read Setting: ./data/settings/Other.json
Read Setting: ./data/settings/Other.json
Read Setting: ./data/settings/Other.json
Read Setting: ./data/settings/Other.json
Read Setting: ./data/settings/Other.json
Read Setting: ./data/settings/Other.json
Waiting to kick off
Kick_off_left
SPICA325 coach: [94, 0] no player type for opponent 7. restart analysis.
SPICA325 coach: [96, 0] no player type for opponent 6. restart analysis.
SPICA325 coach: [96, 0] no player type for opponent 11. restart analysis.
CYRUS_VANILLA coach: [96, 0] no player type for opponent 10. restart analysis.
CYRUS_VANILLA coach: [96, 0] determined opponent 6 type = 10
SPICA325 coach: [97, 0] no player type for opponent 10. restart analysis.
SPICA325 coach: [97, 0] determined opponent 6 type = 10
SPICA325 coach: [97, 0] no player type for opponent 11. restart analysis.
SPICA325 coach: [97, 0] no player type for opponent 7. restart analysis.
SPICA325 coach: [97, 0] no player type for opponent 3. restart analysis.
CYRUS_VANILLA coach: [97, 0] no player type for opponent 11. restart analysis.
CYRUS_VANILLA coach: [97, 0] determined opponent 3 type = 5
CYRUS_VANILLA coach: [98, 0] no player type for opponent 11. restart analysis.
SPICA325 coach: [98, 0] no player type for opponent 4. restart analysis.
SPICA325 coach: [98, 0] no player type for opponent 9. restart analysis.
SPICA325 coach: [98, 0] no player type for opponent 7. restart analysis.
SPICA325 coach: [98, 0] no player type for opponent 3. restart analysis.
CYRUS_VANILLA coach: [99, 0] no player type for opponent 8. restart analysis.
CYRUS_VANILLA coach: [101, 0] determined opponent 1 type = 0
SPICA325 coach: [101, 0] no player type for opponent 8. restart analysis.
SPICA325 coach: [101, 0] no player type for opponent 11. restart analysis.
SPICA325 coach: [101, 0] no player type for opponent 3. restart analysis.
SPICA325 coach: [102, 0] no player type for opponent 8. restart analysis.
SPICA325 coach: [102, 0] no player type for opponent 9. restart analysis.
CYRUS_VANILLA coach: [102, 0] determined opponent 10 type = 12
SPICA325 coach: [103, 0] no player type for opponent 10. restart analysis.
CYRUS_VANILLA coach: [103, 0] determined opponent 9 type = 1
CYRUS_VANILLA coach: [103, 0] no player type for opponent 5. restart analysis.
CYRUS_VANILLA coach: [103, 0] no player type for opponent 2. restart analysis.
SPICA325 coach: [104, 0] no player type for opponent 9. restart analysis.
CYRUS_VANILLA coach: [104, 0] no player type for opponent 5. restart analysis.
SPICA325 coach: [105, 0] no player type for opponent 11. restart analysis.
CYRUS_VANILLA coach: [106, 0] no player type for opponent 8. restart analysis.
SPICA325 coach: [106, 0] no player type for opponent 4. restart analysis.
SPICA325 coach: [106, 0] no player type for opponent 8. restart analysis.
SPICA325 coach: [107, 0] no player type for opponent 5. restart analysis.
SPICA325 coach: [107, 0] no player type for opponent 9. restart analysis.
CYRUS_VANILLA coach: [107, 0] no player type for opponent 7. restart analysis.
CYRUS_VANILLA coach: [107, 0] no player type for opponent 5. restart analysis.
SPICA325 coach: [108, 0] no player type for opponent 4. restart analysis.
SPICA325 coach: [109, 0] no player type for opponent 4. restart analysis.
SPICA325 coach: [109, 0] no player type for opponent 8. restart analysis.
SPICA325 coach: [110, 0] no player type for opponent 5. restart analysis.
CYRUS_VANILLA coach: [110, 0] no player type for opponent 5. restart analysis.
SPICA325 coach: [111, 0] no player type for opponent 2. restart analysis.
CYRUS_VANILLA coach: [113, 0] no player type for opponent 5. restart analysis.
CYRUS_VANILLA coach: [115, 0] no player type for opponent 11. restart analysis.
SPICA325 coach: [116, 0] no player type for opponent 8. restart analysis.
SPICA325 coach: [117, 0] no player type for opponent 4. restart analysis.
SPICA325 coach: [117, 0] no player type for opponent 8. restart analysis.
SPICA325 coach: [117, 0] no player type for opponent 3. restart analysis.
CYRUS_VANILLA coach: [117, 0] no player type for opponent 7. restart analysis.
CYRUS_VANILLA coach: [118, 0] no player type for opponent 11. restart analysis.
SPICA325 coach: [119, 0] determined opponent 3 type = 5
SPICA325 coach: [120, 0] determined opponent 9 type = 1
SPICA325 coach: [121, 0] determined opponent 10 type = 12
CYRUS_VANILLA coach: [121, 0] no player type for opponent 5. restart analysis.
SPICA325 coach: [122, 0] determined opponent 1 type = 0
CYRUS_VANILLA coach: [126, 0] no player type for opponent 5. restart analysis.
SPICA325 coach: [128, 0] no player type for opponent 8. restart analysis.
SPICA325 coach: [128, 0] determined opponent 2 type = 13
CYRUS_VANILLA coach: [129, 0] no player type for opponent 5. restart analysis.
CYRUS_VANILLA coach: [129, 0] no player type for opponent 8. restart analysis.
CYRUS_VANILLA coach: [131, 0] no player type for opponent 7. restart analysis.
SPICA325 coach: [131, 0] no player type for opponent 8. restart analysis.
CYRUS_VANILLA coach: [132, 0] no player type for opponent 5. restart analysis.
CYRUS_VANILLA coach: [134, 0] no player type for opponent 5. restart analysis.
SPICA325 coach: [135, 0] no player type for opponent 7. restart analysis.
SPICA325 coach: [137, 0] no player type for opponent 8. restart analysis.
SPICA325 coach: [138, 0] no player type for opponent 8. restart analysis.
SPICA325 coach: [138, 0] no player type for opponent 7. restart analysis.
CYRUS_VANILLA coach: [141, 0] no player type for opponent 5. restart analysis.
SPICA325 coach: [143, 0] no player type for opponent 8. restart analysis.
SPICA325 coach: [144, 0] no player type for opponent 8. restart analysis.
CYRUS_VANILLA coach: [145, 0] no player type for opponent 8. restart analysis.
SPICA325 coach: [145, 0] no player type for opponent 8. restart analysis.
CYRUS_VANILLA coach: [146, 0] no player type for opponent 11. restart analysis.
SPICA325 coach: [146, 0] no player type for opponent 8. restart analysis.
SPICA325 coach: [146, 0] no player type for opponent 5. restart analysis.
CYRUS_VANILLA coach: [147, 0] no player type for opponent 8. restart analysis.
SPICA325 coach: [147, 0] determined opponent 4 type = 11
SPICA325 coach: [147, 0] determined opponent 11 type = 7
CYRUS_VANILLA coach: [148, 0] determined opponent 7 type = 17
CYRUS_VANILLA coach: [149, 0] no player type for opponent 5. restart analysis.
SPICA325 coach: [150, 0] sent freeform (player_types (1 0)(2 13)(3 5)(4 11)(5 -1)(6 10)(7 -1)(8 -1)(9 1)(10 12)(11 7))
SPICA325 coach: [150, 0] freeform 1 / 128
CYRUS_VANILLA coach: [150, 0] sent freeform (player_types (1 0)(2 -1)(3 5)(4 -1)(5 -1)(6 10)(7 17)(8 -1)(9 1)(10 12)(11 -1))
CYRUS_VANILLA coach: [150, 0] freeform 1 / 128
SPICA325 9: [150, 0] lost kick by foul at [150, 0] sense=8 internal=9
CYRUS_VANILLA coach: [195, 0] no player type for opponent 11. restart analysis.
CYRUS_VANILLA coach: [198, 0] no player type for opponent 11. restart analysis.
CYRUS_VANILLA coach: [199, 0] no player type for opponent 11. restart analysis.
CYRUS_VANILLA coach: [200, 0] no player type for opponent 4. restart analysis.
SPICA325 coach: [200, 0] no player type for opponent 5. restart analysis.
CYRUS_VANILLA coach: [201, 0] no player type for opponent 11. restart analysis.
CYRUS_VANILLA coach: [202, 0] no player type for opponent 4. restart analysis.
CYRUS_VANILLA coach: [202, 0] no player type for opponent 11. restart analysis.
CYRUS_VANILLA coach: [203, 0] no player type for opponent 2. restart analysis.
SPICA325 coach: [238, 0] determined opponent 8 type = 9
SPICA325 coach: [238, 0] determined opponent 7 type = 17
SPICA325 coach: [238, 0] sent freeform (player_types (1 0)(2 13)(3 5)(4 11)(5 -1)(6 10)(7 17)(8 9)(9 1)(10 12)(11 7))
SPICA325 coach: [238, 0] freeform 2 / 128
SPICA325 coach: [264, 0] no player type for opponent 5. restart analysis.
CYRUS_VANILLA coach: [264, 0] no player type for opponent 4. restart analysis.
CYRUS_VANILLA coach: [265, 0] no player type for opponent 4. restart analysis.
CYRUS_VANILLA coach: [266, 0] no player type for opponent 2. restart analysis.
SPICA325 coach: [266, 0] no player type for opponent 5. restart analysis.
SPICA325 coach: [267, 0] no player type for opponent 5. restart analysis.
CYRUS_VANILLA coach: [268, 0] no player type for opponent 4. restart analysis.
CYRUS_VANILLA coach: [268, 0] no player type for opponent 8. restart analysis.
CYRUS_VANILLA coach: [268, 0] no player type for opponent 11. restart analysis.
CYRUS_VANILLA coach: [268, 0] no player type for opponent 5. restart analysis.
CYRUS_VANILLA coach: [269, 0] no player type for opponent 4. restart analysis.
CYRUS_VANILLA coach: [271, 0] no player type for opponent 4. restart analysis.
CYRUS_VANILLA coach: [272, 0] no player type for opponent 4. restart analysis.
CYRUS_VANILLA coach: [272, 0] no player type for opponent 5. restart analysis.
CYRUS_VANILLA coach: [273, 0] no player type for opponent 4. restart analysis.
CYRUS_VANILLA coach: [273, 0] no player type for opponent 2. restart analysis.
CYRUS_VANILLA coach: [274, 0] no player type for opponent 4. restart analysis.
CYRUS_VANILLA coach: [274, 0] no player type for opponent 11. restart analysis.
CYRUS_VANILLA coach: [276, 0] no player type for opponent 5. restart analysis.
CYRUS_VANILLA coach: [276, 0] no player type for opponent 11. restart analysis.
CYRUS_VANILLA coach: [277, 0] no player type for opponent 2. restart analysis.
CYRUS_VANILLA coach: [277, 0] no player type for opponent 5. restart analysis.
CYRUS_VANILLA coach: [278, 0] determined opponent 11 type = 7
SPICA325 coach: [284, 0] determined opponent 5 type = 3
CYRUS_VANILLA coach: [289, 0] no player type for opponent 5. restart analysis.
CYRUS_VANILLA coach: [289, 0] no player type for opponent 2. restart analysis.
CYRUS_VANILLA coach: [290, 0] no player type for opponent 2. restart analysis.
CYRUS_VANILLA coach: [291, 0] no player type for opponent 4. restart analysis.
CYRUS_VANILLA coach: [291, 0] no player type for opponent 2. restart analysis.
CYRUS_VANILLA coach: [292, 0] no player type for opponent 8. restart analysis.
CYRUS_VANILLA coach: [293, 0] no player type for opponent 8. restart analysis.
CYRUS_VANILLA coach: [294, 0] no player type for opponent 8. restart analysis.
CYRUS_VANILLA coach: [295, 0] no player type for opponent 8. restart analysis.
CYRUS_VANILLA coach: [296, 0] no player type for opponent 5. restart analysis.
CYRUS_VANILLA coach: [297, 0] no player type for opponent 5. restart analysis.
CYRUS_VANILLA coach: [299, 0] no player type for opponent 5. restart analysis.
CYRUS_VANILLA coach: [300, 0] no player type for opponent 2. restart analysis.
SPICA325 coach: [301, 0] updated clang capacity.
CYRUS_VANILLA coach: [301, 0] no player type for opponent 8. restart analysis.
CYRUS_VANILLA coach: [301, 0] updated clang capacity.
CYRUS_VANILLA coach: [303, 0] no player type for opponent 4. restart analysis.
CYRUS_VANILLA coach: [304, 0] no player type for opponent 4. restart analysis.
CYRUS_VANILLA coach: [307, 0] no player type for opponent 4. restart analysis.
CYRUS_VANILLA coach: [308, 0] no player type for opponent 4. restart analysis.
CYRUS_VANILLA coach: [308, 0] determined opponent 2 type = 13
CYRUS_VANILLA coach: [312, 0] no player type for opponent 8. restart analysis.
CYRUS_VANILLA coach: [315, 0] no player type for opponent 4. restart analysis.
CYRUS_VANILLA coach: [316, 0] no player type for opponent 5. restart analysis.
CYRUS_VANILLA coach: [316, 0] no player type for opponent 8. restart analysis.
CYRUS_VANILLA coach: [320, 0] no player type for opponent 4. restart analysis.
CYRUS_VANILLA coach: [323, 0] no player type for opponent 5. restart analysis.
CYRUS_VANILLA coach: [324, 0] no player type for opponent 8. restart analysis.
CYRUS_VANILLA coach: [325, 0] no player type for opponent 5. restart analysis.
CYRUS_VANILLA coach: [328, 0] no player type for opponent 4. restart analysis.
CYRUS_VANILLA coach: [329, 0] no player type for opponent 5. restart analysis.
CYRUS_VANILLA coach: [331, 0] no player type for opponent 4. restart analysis.
CYRUS_VANILLA coach: [335, 0] no player type for opponent 4. restart analysis.
CYRUS_VANILLA coach: [336, 0] no player type for opponent 4. restart analysis.
CYRUS_VANILLA coach: [351, 0] no player type for opponent 4. restart analysis.
CYRUS_VANILLA coach: [353, 0] no player type for opponent 4. restart analysis.
CYRUS_VANILLA coach: [355, 0] no player type for opponent 4. restart analysis.
CYRUS_VANILLA coach: [355, 0] determined opponent 5 type = 3
CYRUS_VANILLA coach: [356, 0] no player type for opponent 4. restart analysis.
CYRUS_VANILLA coach: [358, 0] no player type for opponent 8. restart analysis.
CYRUS_VANILLA coach: [358, 0] no player type for opponent 4. restart analysis.
CYRUS_VANILLA coach: [362, 0] no player type for opponent 4. restart analysis.
CYRUS_VANILLA coach: [366, 0] no player type for opponent 4. restart analysis.
CYRUS_VANILLA coach: [368, 0] no player type for opponent 4. restart analysis.
CYRUS_VANILLA 3: [375, 0]  WARNING. no turn_neck.
CYRUS_VANILLA 2: [375, 0]  WARNING. no turn_neck.
CYRUS_VANILLA coach: [387, 0] no player type for opponent 4. restart analysis.
CYRUS_VANILLA coach: [387, 0] no player type for opponent 8. restart analysis.
CYRUS_VANILLA coach: [393, 0] no player type for opponent 4. restart analysis.
CYRUS_VANILLA coach: [398, 0] no player type for opponent 4. restart analysis.
CYRUS_VANILLA coach: [400, 0] no player type for opponent 4. restart analysis.
CYRUS_VANILLA coach: [408, 0] no player type for opponent 8. restart analysis.
CYRUS_VANILLA coach: [415, 0] no player type for opponent 4. restart analysis.
CYRUS_VANILLA coach: [416, 0] no player type for opponent 4. restart analysis.
CYRUS_VANILLA coach: [418, 0] no player type for opponent 4. restart analysis.
CYRUS_VANILLA coach: [420, 0] no player type for opponent 4. restart analysis.
layerSize: 3
CYRUS_VANILLA coach: [430, 0] no player type for opponent 8. restart analysis.
CYRUS_VANILLA coach: [432, 0] no player type for opponent 8. restart analysis.
CYRUS_VANILLA coach: [436, 0] no player type for opponent 8. restart analysis.
CYRUS_VANILLA coach: [443, 0] no player type for opponent 4. restart analysis.
CYRUS_VANILLA coach: [444, 0] no player type for opponent 4. restart analysis.
CYRUS_VANILLA coach: [445, 0] no player type for opponent 8. restart analysis.
CYRUS_VANILLA coach: [447, 0] no player type for opponent 4. restart analysis.
CYRUS_VANILLA coach: [449, 0] no player type for opponent 8. restart analysis.
CYRUS_VANILLA coach: [450, 0] no player type for opponent 8. restart analysis.
CYRUS_VANILLA coach: [452, 0] no player type for opponent 8. restart analysis.
CYRUS_VANILLA coach: [461, 0] no player type for opponent 4. restart analysis.
CYRUS_VANILLA coach: [464, 0] no player type for opponent 4. restart analysis.
CYRUS_VANILLA coach: [483, 0] determined opponent 8 type = 9
CYRUS_VANILLA coach: [487, 0] no player type for opponent 4. restart analysis.
CYRUS_VANILLA coach: [488, 0] no player type for opponent 4. restart analysis.
CYRUS_VANILLA coach: [492, 0] no player type for opponent 4. restart analysis.
CYRUS_VANILLA coach: [500, 0] no player type for opponent 4. restart analysis.
CYRUS_VANILLA coach: [508, 0] no player type for opponent 4. restart analysis.
CYRUS_VANILLA coach: [511, 0] no player type for opponent 4. restart analysis.
CYRUS_VANILLA coach: [523, 0] no player type for opponent 4. restart analysis.
CYRUS_VANILLA coach: [525, 0] no player type for opponent 4. restart analysis.
CYRUS_VANILLA coach: [529, 0] no player type for opponent 4. restart analysis.
CYRUS_VANILLA coach: [530, 0] no player type for opponent 4. restart analysis.
CYRUS_VANILLA coach: [531, 0] no player type for opponent 4. restart analysis.
CYRUS_VANILLA coach: [540, 0] no player type for opponent 4. restart analysis.
CYRUS_VANILLA coach: [544, 0] no player type for opponent 4. restart analysis.
CYRUS_VANILLA coach: [552, 0] no player type for opponent 4. restart analysis.
CYRUS_VANILLA coach: [568, 0] no player type for opponent 4. restart analysis.
SPICA325 coach: [601, 0] updated clang capacity.
CYRUS_VANILLA coach: [601, 0] updated clang capacity.
CYRUS_VANILLA coach: [725, 0] no player type for opponent 4. restart analysis.
CYRUS_VANILLA coach: [728, 0] no player type for opponent 4. restart analysis.
CYRUS_VANILLA coach: [729, 0] no player type for opponent 4. restart analysis.
CYRUS_VANILLA coach: [743, 0] no player type for opponent 4. restart analysis.
CYRUS_VANILLA coach: [746, 0] no player type for opponent 4. restart analysis.
CYRUS_VANILLA coach: [747, 0] no player type for opponent 4. restart analysis.
CYRUS_VANILLA coach: [755, 0] no player type for opponent 4. restart analysis.
CYRUS_VANILLA coach: [756, 0] no player type for opponent 4. restart analysis.
CYRUS_VANILLA coach: [771, 0] no player type for opponent 4. restart analysis.
CYRUS_VANILLA coach: [772, 0] no player type for opponent 4. restart analysis.
CYRUS_VANILLA coach: [776, 0] no player type for opponent 4. restart analysis.
CYRUS_VANILLA coach: [778, 0] no player type for opponent 4. restart analysis.
CYRUS_VANILLA coach: [779, 0] no player type for opponent 4. restart analysis.
CYRUS_VANILLA coach: [781, 0] no player type for opponent 4. restart analysis.
layerSize: 3
CYRUS_VANILLA coach: [845, 0] no player type for opponent 4. restart analysis.
SPICA325 coach: [860, 0] sent freeform (player_types (1 0)(2 13)(3 5)(4 11)(5 3)(6 10)(7 17)(8 9)(9 1)(10 12)(11 7))
SPICA325 coach: [860, 0] freeform 3 / 128
CYRUS_VANILLA coach: [860, 0] sent freeform (player_types (1 0)(2 13)(3 5)(4 -1)(5 3)(6 10)(7 17)(8 9)(9 1)(10 12)(11 7))
CYRUS_VANILLA coach: [860, 0] freeform 2 / 128
CYRUS_VANILLA coach: [875, 0] no player type for opponent 4. restart analysis.
CYRUS_VANILLA coach: [877, 0] no player type for opponent 4. restart analysis.
CYRUS_VANILLA coach: [878, 0] no player type for opponent 4. restart analysis.
CYRUS_VANILLA coach: [879, 0] no player type for opponent 4. restart analysis.
CYRUS_VANILLA coach: [880, 0] no player type for opponent 4. restart analysis.
CYRUS_VANILLA coach: [881, 0] no player type for opponent 4. restart analysis.
CYRUS_VANILLA coach: [882, 0] no player type for opponent 4. restart analysis.
CYRUS_VANILLA coach: [901, 0] updated clang capacity.
SPICA325 coach: [901, 0] updated clang capacity.
CYRUS_VANILLA coach: [902, 0] no player type for opponent 4. restart analysis.
CYRUS_VANILLA coach: [913, 0] no player type for opponent 4. restart analysis.
CYRUS_VANILLA coach: [918, 0] no player type for opponent 4. restart analysis.
CYRUS_VANILLA coach: [922, 0] no player type for opponent 4. restart analysis.
CYRUS_VANILLA coach: [939, 0] no player type for opponent 4. restart analysis.
CYRUS_VANILLA coach: [946, 0] no player type for opponent 4. restart analysis.
CYRUS_VANILLA coach: [947, 0] no player type for opponent 4. restart analysis.
CYRUS_VANILLA coach: [949, 0] no player type for opponent 4. restart analysis.
CYRUS_VANILLA coach: [950, 0] no player type for opponent 4. restart analysis.
CYRUS_VANILLA coach: [969, 0] no player type for opponent 4. restart analysis.
CYRUS_VANILLA coach: [975, 0] no player type for opponent 4. restart analysis.
CYRUS_VANILLA coach: [978, 0] no player type for opponent 4. restart analysis.
CYRUS_VANILLA coach: [983, 0] no player type for opponent 4. restart analysis.
CYRUS_VANILLA coach: [1097, 0] no player type for opponent 4. restart analysis.
CYRUS_VANILLA coach: [1107, 0] no player type for opponent 4. restart analysis.
CYRUS_VANILLA coach: [1113, 0] no player type for opponent 4. restart analysis.
CYRUS_VANILLA coach: [1117, 0] no player type for opponent 4. restart analysis.
CYRUS_VANILLA coach: [1124, 0] no player type for opponent 4. restart analysis.
CYRUS_VANILLA coach: [1130, 0] no player type for opponent 4. restart analysis.
CYRUS_VANILLA coach: [1167, 0] no player type for opponent 4. restart analysis.
CYRUS_VANILLA coach: [1172, 0] no player type for opponent 4. restart analysis.
CYRUS_VANILLA coach: [1174, 0] no player type for opponent 4. restart analysis.
CYRUS_VANILLA coach: [1176, 0] no player type for opponent 4. restart analysis.
SPICA325 3: [1176, 0]  WARNING. no turn_neck.
CYRUS_VANILLA coach: [1177, 0] no player type for opponent 4. restart analysis.
CYRUS_VANILLA coach: [1178, 0] no player type for opponent 4. restart analysis.
CYRUS_VANILLA coach: [1190, 0] no player type for opponent 4. restart analysis.
CYRUS_VANILLA coach: [1192, 0] no player type for opponent 4. restart analysis.
CYRUS_VANILLA coach: [1194, 0] no player type for opponent 4. restart analysis.
CYRUS_VANILLA coach: [1201, 0] updated clang capacity.
SPICA325 coach: [1201, 0] updated clang capacity.
CYRUS_VANILLA coach: [1203, 0] determined opponent 4 type = 11
SPICA325 9: [1430, 0] lost kick by foul at [1430, 0] sense=87 internal=88
CYRUS_VANILLA coach: [1432, 0] sent freeform (player_types (1 0)(2 13)(3 5)(4 11)(5 3)(6 10)(7 17)(8 9)(9 1)(10 12)(11 7))
CYRUS_VANILLA coach: [1432, 0] freeform 3 / 128
SPICA325 coach: [1501, 0] updated clang capacity.
CYRUS_VANILLA coach: [1501, 0] updated clang capacity.
SPICA325 5: [1540, 0] lost kick by foul at [1540, 0] sense=11 internal=12
SPICA325 7: [1625, 0]  WARNING. no turn_neck.
SPICA325 7: [1626, 0]  WARNING. no turn_neck.
SPICA325 7: [1627, 0]  WARNING. no turn_neck.
SPICA325 7: [1628, 0]  WARNING. no turn_neck.
CYRUS_VANILLA coach: [1801, 0] updated clang capacity.
SPICA325 coach: [1801, 0] updated clang capacity.
SPICA325 11: [2002, 0]  WARNING. no turn_neck.
SPICA325 11: [2003, 0]  WARNING. no turn_neck.
SPICA325 11: [2005, 0]  WARNING. no turn_neck.
SPICA325 coach: [2101, 0] updated clang capacity.
CYRUS_VANILLA coach: [2101, 0] updated clang capacity.
CYRUS_VANILLA coach: [2401, 0] updated clang capacity.
SPICA325 coach: [2401, 0] updated clang capacity.
SPICA325 coach: [2701, 0] updated clang capacity.
CYRUS_VANILLA coach: [2701, 0] updated clang capacity.
SPICA325 11: [2905, 0]  WARNING. no turn_neck.
SPICA325 11: [2906, 0]  WARNING. no turn_neck.
Waiting to kick off
Kick_off_right
SPICA325 coach: [3001, 0] updated clang capacity.
CYRUS_VANILLA coach: [3001, 0] updated clang capacity.
CYRUS_VANILLA 7: [3175, 0] lost kick by foul at [3175, 0] sense=43 internal=44
SPICA325 coach: [3301, 0] updated clang capacity.
CYRUS_VANILLA coach: [3301, 0] updated clang capacity.
SPICA325 7: [3537, 0]  WARNING. no turn_neck.
SPICA325 coach: [3601, 0] updated clang capacity.
CYRUS_VANILLA coach: [3601, 0] updated clang capacity.
SPICA325 11: [3653, 0] lost kick by foul at [3653, 0] sense=66 internal=67
CYRUS_VANILLA coach: [3901, 0] updated clang capacity.
SPICA325 coach: [3901, 0] updated clang capacity.
SPICA325 coach: [4201, 0] updated clang capacity.
CYRUS_VANILLA coach: [4201, 0] updated clang capacity.
CYRUS_VANILLA 4: [4405, 0]  WARNING. no turn_neck.
SPICA325 coach: [4501, 0] updated clang capacity.
CYRUS_VANILLA coach: [4501, 0] updated clang capacity.
SPICA325 coach: [4801, 0] updated clang capacity.
CYRUS_VANILLA coach: [4801, 0] updated clang capacity.
SPICA325 9: [4921, 0] lost kick by foul at [4921, 0] sense=177 internal=178
SPICA325 9: [4996, 0] lost kick by foul at [4996, 0] sense=177 internal=178
SPICA325 coach: [5101, 0] updated clang capacity.
CYRUS_VANILLA coach: [5101, 0] updated clang capacity.
SPICA325 coach: [5401, 0] updated clang capacity.
CYRUS_VANILLA coach: [5401, 0] updated clang capacity.
CYRUS_VANILLA 7: [5640, 0]  WARNING. no turn_neck.
SPICA325 coach: [5701, 0] updated clang capacity.
CYRUS_VANILLA coach: [5701, 0] updated clang capacity.
CYRUS_VANILLA 6: [5837, 0]  WARNING. no turn_neck.
CYRUS_VANILLA coach: change player 8 to type 6
SPICA325 coach: change player 5 to type 6
SPICA325 coach: [5945, 0] determined opponent 8 type = 6
SPICA325 coach: [5945, 0] sent freeform (player_types (1 0)(2 13)(3 5)(4 11)(5 3)(6 10)(7 17)(8 6)(9 1)(10 12)(11 7))
SPICA325 coach: [5945, 0] freeform 4 / 128
SPICA325 11: finished.
SPICA325 2: finished.
CYRUS_VANILLA 2: finished.
CYRUS_VANILLA 4: finished.
CYRUS_VANILLA 1: finished.
SPICA325 8: finished.
CYRUS_VANILLA coach: [6000, 0] new freeform allowed 256
CYRUS_VANILLA coach: finished.
CYRUS_VANILLA 11: finished.
SPICA325 7: finished.
SPICA325 10: finished.
CYRUS_VANILLA 10: finished.
SPICA325 4: finished.
SPICA325 5: finished.
SPICA325 3: finished.
CYRUS_VANILLA 3: finished.
CYRUS_VANILLA 5: finished.
CYRUS_VANILLA 6: finished.
SPICA325 6: finished.
SPICA325 1: finished.
SPICA325 9: finished.
SPICA325 coach: [6000, 0] new freeform allowed 256
SPICA325 coach: finished.
CYRUS_VANILLA 7: finished.
CYRUS_VANILLA 8: finished.
CYRUS_VANILLA 9: finished.
Waiting after end of match
A player disconnected : (CYRUS_VANILLA 4)
A player disconnected : (SPICA325 2)
A player disconnected : (CYRUS_VANILLA 2)
A player disconnected : (SPICA325 11)
A player disconnected : (SPICA325 8)
A player disconnected : (CYRUS_VANILLA 1)
A player disconnected : (CYRUS_VANILLA 11)
A player disconnected : (CYRUS_VANILLA 5)
A player disconnected : (CYRUS_VANILLA 6)
A player disconnected : (CYRUS_VANILLA 8)
A player disconnected : (CYRUS_VANILLA 3)
A player disconnected : (SPICA325 4)
A player disconnected : (SPICA325 5)
A player disconnected : (SPICA325 9)
A player disconnected : (SPICA325 3)
A player disconnected : (CYRUS_VANILLA 9)
A player disconnected : (SPICA325 10)
A player disconnected : (SPICA325 1)
A player disconnected : (CYRUS_VANILLA 10)
A player disconnected : (SPICA325 6)
A player disconnected : (SPICA325 7)
An online coach disconnected : (SPICA325)
An online coach disconnected : (CYRUS_VANILLA)
A player disconnected : (CYRUS_VANILLA 7)
Killing 30874
Killing 30887

Game Over. Exiting...

Saving Results:
	CSVSaver: saving...
	CSVSaver: ...disabled
	STDOutSaver: saving...

Game Results:
	2026-06-27 08:30:21
	'SPICA325' vs 'CYRUS_VANILLA'
	Score: 0 - 1
 
	STDOutSaver: ...saved

Saving Results Complete
