rcssserver-19.0.0

Copyright (C) 1995, 1996, 1997, 1998, 1999 Electrotechnical Laboratory.
2000 - RoboCup Soccer Simulator Maintenance Group.

Simulator Random Seed: 1782551594
CSVSaver: Ready
STDOutSaver: Ready
Using simulator's random seed as Hetero Player Seed: 1782551594
******************************************************************
 HELIOS base
 Created by Hidehisa Akiyama and Hiroki Shimora
 Copyright 2000-2007.  Hidehisa Akiyama
 Copyright 2007-2011.  Hidehisa Akiyama and Hiroki Shimora
 All rights reserved.
******************************************************************
PING localhost (127.0.0.1) 56(84) bytes of data.
64 bytes from localhost (127.0.0.1): icmp_seq=1 ttl=64 time=0.023 ms

--- localhost ping statistics ---
1 packets transmitted, 1 received, 0% packet loss, time 0ms
rtt min/avg/max/mdev = 0.023/0.023/0.023/0.000 ms
******************************************************************
 librcsc 
 Copyright 2000 - 2007. Hidehisa Akiyama.
 Copyright 2007 - 2011. Hidehisa Akiyama and Hiroki Shimora
 Copyright 2011 -  Hidehisa Akiyama, Hiroki Shimora
   Takuya Fukushima (2019-)
 All rights reserved.
******************************************************************
*****************************************************************
 This program is based on agent2d created by Hidehisa Akiyama.
 Copyright 2006 - 2011. Hidehisa Akiyama and Hiroki Shimora.
 All rights reserved.
*****************************************************************
SPICA325: init ok.  unum: 1 side: l
SPICA325 1: [-1, 0] (v18+) force synch see mode.
wind factor: rand: 0.000000, vector: (0.000000, 0.000000)

Hit CTRL-C to exit
Starting "/bin/sh -c scripts/team_launchers/spica325_left.sh"
Waiting for players to connect
A new (v18) player (SPICA325 1) connected.
******************************************************************
 HELIOS base
 Created by Hidehisa Akiyama and Hiroki Shimora
 Copyright 2000-2007.  Hidehisa Akiyama
 Copyright 2007-2011.  Hidehisa Akiyama and Hiroki Shimora
 All rights reserved.
******************************************************************
PING localhost (127.0.0.1) 56(84) bytes of data.
64 bytes from localhost (127.0.0.1): icmp_seq=1 ttl=64 time=0.027 ms

--- localhost ping statistics ---
1 packets transmitted, 1 received, 0% packet loss, time 0ms
rtt min/avg/max/mdev = 0.027/0.027/0.027/0.000 ms
******************************************************************
 librcsc 
 Copyright 2000 - 2007. Hidehisa Akiyama.
 Copyright 2007 - 2011. Hidehisa Akiyama and Hiroki Shimora
 Copyright 2011 -  Hidehisa Akiyama, Hiroki Shimora
   Takuya Fukushima (2019-)
 All rights reserved.
******************************************************************
SPICA325 1:  KickTable created.
SPICA325 1: [-1, 0] set synch see mode.
*****************************************************************
 This program is based on agent2d created by Hidehisa Akiyama.
 Copyright 2006 - 2011. Hidehisa Akiyama and Hiroki Shimora.
 All rights reserved.
*****************************************************************
CYRUS_VANILLA: init ok.  unum: 1 side: r
CYRUS_VANILLA 1: [-1, 0] (v18+) force synch see mode.
Starting "/bin/sh -c scripts/team_launchers/cyrus_vanilla_right.sh"
A new (v18) player (CYRUS_VANILLA 1) connected.
CYRUS_VANILLA 1:  KickTable created.
CYRUS_VANILLA 1: [-1, 0] set synch see mode.
Read Setting: ./data/settings/Other.json
Read Setting: ./data/settings/Other.json
******************************************************************
 librcsc 
 Copyright 2000 - 2007. Hidehisa Akiyama.
 Copyright 2007 - 2011. Hidehisa Akiyama and Hiroki Shimora
 Copyright 2011 -  Hidehisa Akiyama, Hiroki Shimora
   Takuya Fukushima (2019-)
 All rights reserved.
******************************************************************
******************************************************************
 librcsc 
 Copyright 2000 - 2007. Hidehisa Akiyama.
 Copyright 2007 - 2011. Hidehisa Akiyama and Hiroki Shimora
 Copyright 2011 -  Hidehisa Akiyama, Hiroki Shimora
   Takuya Fukushima (2019-)
 All rights reserved.
******************************************************************
******************************************************************
 librcsc 
 Copyright 2000 - 2007. Hidehisa Akiyama.
 Copyright 2007 - 2011. Hidehisa Akiyama and Hiroki Shimora
 Copyright 2011 -  Hidehisa Akiyama, Hiroki Shimora
   Takuya Fukushima (2019-)
 All rights reserved.
******************************************************************
******************************************************************
 librcsc 
 Copyright 2000 - 2007. Hidehisa Akiyama.
 Copyright 2007 - 2011. Hidehisa Akiyama and Hiroki Shimora
 Copyright 2011 -  Hidehisa Akiyama, Hiroki Shimora
   Takuya Fukushima (2019-)
 All rights reserved.
******************************************************************
******************************************************************
 librcsc 
 Copyright 2000 - 2007. Hidehisa Akiyama.
 Copyright 2007 - 2011. Hidehisa Akiyama and Hiroki Shimora
 Copyright 2011 -  Hidehisa Akiyama, Hiroki Shimora
   Takuya Fukushima (2019-)
 All rights reserved.
******************************************************************
******************************************************************
 librcsc 
 Copyright 2000 - 2007. Hidehisa Akiyama.
 Copyright 2007 - 2011. Hidehisa Akiyama and Hiroki Shimora
 Copyright 2011 -  Hidehisa Akiyama, Hiroki Shimora
   Takuya Fukushima (2019-)
 All rights reserved.
******************************************************************
******************************************************************
 librcsc 
 Copyright 2000 - 2007. Hidehisa Akiyama.
 Copyright 2007 - 2011. Hidehisa Akiyama and Hiroki Shimora
 Copyright 2011 -  Hidehisa Akiyama, Hiroki Shimora
   Takuya Fukushima (2019-)
 All rights reserved.
******************************************************************
******************************************************************
 librcsc 
 Copyright 2000 - 2007. Hidehisa Akiyama.
 Copyright 2007 - 2011. Hidehisa Akiyama and Hiroki Shimora
 Copyright 2011 -  Hidehisa Akiyama, Hiroki Shimora
   Takuya Fukushima (2019-)
 All rights reserved.
******************************************************************
*****************************************************************
 This program is based on agent2d created by Hidehisa Akiyama.
 Copyright 2006 - 2011. Hidehisa Akiyama and Hiroki Shimora.
 All rights reserved.
*****************************************************************
******************************************************************
 librcsc 
 Copyright 2000 - 2007. Hidehisa Akiyama.
 Copyright 2007 - 2011. Hidehisa Akiyama and Hiroki Shimora
 Copyright 2011 -  Hidehisa Akiyama, Hiroki Shimora
   Takuya Fukushima (2019-)
 All rights reserved.
******************************************************************
******************************************************************
 librcsc 
 Copyright 2000 - 2007. Hidehisa Akiyama.
 Copyright 2007 - 2011. Hidehisa Akiyama and Hiroki Shimora
 Copyright 2011 -  Hidehisa Akiyama, Hiroki Shimora
   Takuya Fukushima (2019-)
 All rights reserved.
******************************************************************
******************************************************************
 librcsc 
 Copyright 2000 - 2007. Hidehisa Akiyama.
 Copyright 2007 - 2011. Hidehisa Akiyama and Hiroki Shimora
 Copyright 2011 -  Hidehisa Akiyama, Hiroki Shimora
   Takuya Fukushima (2019-)
 All rights reserved.
******************************************************************
*****************************************************************
 This program is based on agent2d created by Hidehisa Akiyama.
 Copyright 2006 - 2011. Hidehisa Akiyama and Hiroki Shimora.
 All rights reserved.
*****************************************************************
A new (v18) player (SPICA325 2) connected.
A new (v18) online coach (SPICA325) connected.
SPICA325: init ok.  unum: 2 side: l
SPICA325 2: [-1, 0] (v18+) force synch see mode.
*****************************************************************
 This program is based on agent2d created by Hidehisa Akiyama.
 Copyright 2006 - 2011. Hidehisa Akiyama and Hiroki Shimora.
 All rights reserved.
*****************************************************************
A new (v18) player (SPICA325 3) connected.
*****************************************************************
 This program is based on agent2d created by Hidehisa Akiyama.
 Copyright 2006 - 2011. Hidehisa Akiyama and Hiroki Shimora.
 All rights reserved.
*****************************************************************
SPICA325 coach: [-1, 0] recv (ok eye on)
SPICA325: init ok.  unum: 3 side: l
SPICA325 3: [-1, 0] (v18+) force synch see mode.
******************************************************************
 librcsc 
 Copyright 2000 - 2007. Hidehisa Akiyama.
 Copyright 2007 - 2011. Hidehisa Akiyama and Hiroki Shimora
 Copyright 2011 -  Hidehisa Akiyama, Hiroki Shimora
   Takuya Fukushima (2019-)
 All rights reserved.
******************************************************************
SPICA325 2:  KickTable created.
SPICA325 2: [-1, 0] set synch see mode.
******************************************************************
 librcsc 
 Copyright 2000 - 2007. Hidehisa Akiyama.
 Copyright 2007 - 2011. Hidehisa Akiyama and Hiroki Shimora
 Copyright 2011 -  Hidehisa Akiyama, Hiroki Shimora
   Takuya Fukushima (2019-)
 All rights reserved.
******************************************************************
*****************************************************************
 This program is based on agent2d created by Hidehisa Akiyama.
 Copyright 2006 - 2011. Hidehisa Akiyama and Hiroki Shimora.
 All rights reserved.
*****************************************************************
SPICA325: init ok.  unum: 4 side: l
SPICA325 4: [-1, 0] (v18+) force synch see mode.
******************************************************************
 librcsc 
 Copyright 2000 - 2007. Hidehisa Akiyama.
 Copyright 2007 - 2011. Hidehisa Akiyama and Hiroki Shimora
 Copyright 2011 -  Hidehisa Akiyama, Hiroki Shimora
   Takuya Fukushima (2019-)
 All rights reserved.
******************************************************************
A new (v18) player (SPICA325 4) connected.
A new (v18) player (SPICA325 5) connected.
SPICA325: init ok.  unum: 5 side: l
SPICA325 5: [-1, 0] (v18+) force synch see mode.
*****************************************************************
 This program is based on agent2d created by Hidehisa Akiyama.
 Copyright 2006 - 2011. Hidehisa Akiyama and Hiroki Shimora.
 All rights reserved.
*****************************************************************
******************************************************************
 librcsc 
 Copyright 2000 - 2007. Hidehisa Akiyama.
 Copyright 2007 - 2011. Hidehisa Akiyama and Hiroki Shimora
 Copyright 2011 -  Hidehisa Akiyama, Hiroki Shimora
   Takuya Fukushima (2019-)
 All rights reserved.
******************************************************************
SPICA325 3:  KickTable created.
SPICA325 3: [-1, 0] set synch see mode.
*****************************************************************
 This program is based on agent2d created by Hidehisa Akiyama.
 Copyright 2006 - 2011. Hidehisa Akiyama and Hiroki Shimora.
 All rights reserved.
*****************************************************************
SPICA325: init ok.  unum: 6 side: l
SPICA325 6: [-1, 0] (v18+) force synch see mode.
A new (v18) player (SPICA325 6) connected.
******************************************************************
 librcsc 
 Copyright 2000 - 2007. Hidehisa Akiyama.
 Copyright 2007 - 2011. Hidehisa Akiyama and Hiroki Shimora
 Copyright 2011 -  Hidehisa Akiyama, Hiroki Shimora
   Takuya Fukushima (2019-)
 All rights reserved.
******************************************************************
******************************************************************
 librcsc 
 Copyright 2000 - 2007. Hidehisa Akiyama.
 Copyright 2007 - 2011. Hidehisa Akiyama and Hiroki Shimora
 Copyright 2011 -  Hidehisa Akiyama, Hiroki Shimora
   Takuya Fukushima (2019-)
 All rights reserved.
******************************************************************
*****************************************************************
 This program is based on agent2d created by Hidehisa Akiyama.
 Copyright 2006 - 2011. Hidehisa Akiyama and Hiroki Shimora.
 All rights reserved.
*****************************************************************
******************************************************************
 librcsc 
 Copyright 2000 - 2007. Hidehisa Akiyama.
 Copyright 2007 - 2011. Hidehisa Akiyama and Hiroki Shimora
 Copyright 2011 -  Hidehisa Akiyama, Hiroki Shimora
   Takuya Fukushima (2019-)
 All rights reserved.
******************************************************************
******************************************************************
 librcsc 
 Copyright 2000 - 2007. Hidehisa Akiyama.
 Copyright 2007 - 2011. Hidehisa Akiyama and Hiroki Shimora
 Copyright 2011 -  Hidehisa Akiyama, Hiroki Shimora
   Takuya Fukushima (2019-)
 All rights reserved.
******************************************************************
SPICA325 5:  KickTable created.
SPICA325 5: [-1, 0] set synch see mode.
Read Setting: ./data/settings/Other.json
Read Setting: ./data/settings/Other.json
*****************************************************************
 This program is based on agent2d created by Hidehisa Akiyama.
 Copyright 2006 - 2011. Hidehisa Akiyama and Hiroki Shimora.
 All rights reserved.
*****************************************************************
A new (v18) player (SPICA325 7) connected.
SPICA325: init ok.  unum: 8 side: l
SPICA325 8: [-1, 0] (v18+) force synch see mode.
A new (v18) player (SPICA325 8) connected.
A new (v18) player (SPICA325 9) connected.
SPICA325: init ok.  unum: 7 side: l
SPICA325 7: [-1, 0] (v18+) force synch see mode.
*****************************************************************
 This program is based on agent2d created by Hidehisa Akiyama.
 Copyright 2006 - 2011. Hidehisa Akiyama and Hiroki Shimora.
 All rights reserved.
*****************************************************************
******************************************************************
 librcsc 
 Copyright 2000 - 2007. Hidehisa Akiyama.
 Copyright 2007 - 2011. Hidehisa Akiyama and Hiroki Shimora
 Copyright 2011 -  Hidehisa Akiyama, Hiroki Shimora
   Takuya Fukushima (2019-)
 All rights reserved.
******************************************************************
CYRUS_VANILLA: init ok.  unum: 2 side: r
CYRUS_VANILLA 2: [-1, 0] (v18+) force synch see mode.
A new (v18) player (CYRUS_VANILLA 2) connected.
SPICA325: init ok.  unum: 9 side: l
SPICA325 9: [-1, 0] (v18+) force synch see mode.
*****************************************************************
 This program is based on agent2d created by Hidehisa Akiyama.
 Copyright 2006 - 2011. Hidehisa Akiyama and Hiroki Shimora.
 All rights reserved.
*****************************************************************
*****************************************************************
 This program is based on agent2d created by Hidehisa Akiyama.
 Copyright 2006 - 2011. Hidehisa Akiyama and Hiroki Shimora.
 All rights reserved.
*****************************************************************
A new (v18) player (CYRUS_VANILLA 3) connected.
A new (v18) player (SPICA325 10) connected.
SPICA325 4:  KickTable created.
SPICA325 4: [-1, 0] set synch see mode.
CYRUS_VANILLA: init ok.  unum: 3 side: r
CYRUS_VANILLA 3: [-1, 0] (v18+) force synch see mode.
SPICA325: init ok.  unum: 10 side: l
SPICA325 10: [-1, 0] (v18+) force synch see mode.
******************************************************************
 librcsc 
 Copyright 2000 - 2007. Hidehisa Akiyama.
 Copyright 2007 - 2011. Hidehisa Akiyama and Hiroki Shimora
 Copyright 2011 -  Hidehisa Akiyama, Hiroki Shimora
   Takuya Fukushima (2019-)
 All rights reserved.
******************************************************************
*****************************************************************
 This program is based on agent2d created by Hidehisa Akiyama.
 Copyright 2006 - 2011. Hidehisa Akiyama and Hiroki Shimora.
 All rights reserved.
*****************************************************************
A new (v18) player (SPICA325 11) connected.
*****************************************************************
 This program is based on agent2d created by Hidehisa Akiyama.
 Copyright 2006 - 2011. Hidehisa Akiyama and Hiroki Shimora.
 All rights reserved.
*****************************************************************
A new (v18) player (CYRUS_VANILLA 4) connected.
******************************************************************
 librcsc 
 Copyright 2000 - 2007. Hidehisa Akiyama.
 Copyright 2007 - 2011. Hidehisa Akiyama and Hiroki Shimora
 Copyright 2011 -  Hidehisa Akiyama, Hiroki Shimora
   Takuya Fukushima (2019-)
 All rights reserved.
******************************************************************
CYRUS_VANILLA: init ok.  unum: 4 side: r
CYRUS_VANILLA 4: [-1, 0] (v18+) force synch see mode.
SPICA325: init ok.  unum: 11 side: l
*****************************************************************
 This program is based on agent2d created by Hidehisa Akiyama.
 Copyright 2006 - 2011. Hidehisa Akiyama and Hiroki Shimora.
 All rights reserved.
*****************************************************************
SPICA325 11: [-1, 0] (v18+) force synch see mode.
A new (v18) online coach (CYRUS_VANILLA) connected.
CYRUS_VANILLA coach: [-1, 0] recv (ok eye on)
CYRUS_VANILLA 2:  KickTable created.
CYRUS_VANILLA 2: [-1, 0] set synch see mode.
SPICA325 9:  KickTable created.
SPICA325 9: [-1, 0] set synch see mode.
SPICA325 8:  KickTable created.
SPICA325 8: [-1, 0] set synch see mode.
SPICA325 6:  KickTable created.
SPICA325 6: [-1, 0] set synch see mode.
*****************************************************************
 This program is based on agent2d created by Hidehisa Akiyama.
 Copyright 2006 - 2011. Hidehisa Akiyama and Hiroki Shimora.
 All rights reserved.
*****************************************************************
CYRUS_VANILLA: init ok.  unum: 5 side: r
CYRUS_VANILLA 5: [-1, 0] (v18+) force synch see mode.
A new (v18) player (CYRUS_VANILLA 5) connected.
CYRUS_VANILLA 4:  KickTable created.
CYRUS_VANILLA 4: [-1, 0] set synch see mode.
SPICA325 7:  KickTable created.
SPICA325 7: [-1, 0] set synch see mode.
*****************************************************************
 This program is based on agent2d created by Hidehisa Akiyama.
 Copyright 2006 - 2011. Hidehisa Akiyama and Hiroki Shimora.
 All rights reserved.
*****************************************************************
*****************************************************************
 This program is based on agent2d created by Hidehisa Akiyama.
 Copyright 2006 - 2011. Hidehisa Akiyama and Hiroki Shimora.
 All rights reserved.
*****************************************************************
CYRUS_VANILLA 3:  KickTable created.
CYRUS_VANILLA 3: [-1, 0] set synch see mode.
*****************************************************************
 This program is based on agent2d created by Hidehisa Akiyama.
 Copyright 2006 - 2011. Hidehisa Akiyama and Hiroki Shimora.
 All rights reserved.
*****************************************************************
*****************************************************************
 This program is based on agent2d created by Hidehisa Akiyama.
 Copyright 2006 - 2011. Hidehisa Akiyama and Hiroki Shimora.
 All rights reserved.
*****************************************************************
CYRUS_VANILLA 5:  KickTable created.
*****************************************************************
 This program is based on agent2d created by Hidehisa Akiyama.
 Copyright 2006 - 2011. Hidehisa Akiyama and Hiroki Shimora.
 All rights reserved.
*****************************************************************
CYRUS_VANILLA 5: [-1, 0] set synch see mode.
*****************************************************************
 This program is based on agent2d created by Hidehisa Akiyama.
 Copyright 2006 - 2011. Hidehisa Akiyama and Hiroki Shimora.
 All rights reserved.
*****************************************************************
SPICA325 10:  KickTable created.
SPICA325 10: [-1, 0] set synch see mode.
SPICA325 11:  KickTable created.
SPICA325 11: [-1, 0] set synch see mode.
Read Setting: ./data/settings/Other.json
Read Setting: ./data/settings/Other.json
Read Setting: ./data/settings/Other.json
CYRUS_VANILLA: init ok.  unum: 6 side: r
CYRUS_VANILLA 6: [-1, 0] (v18+) force synch see mode.
A new (v18) player (CYRUS_VANILLA 6) connected.
CYRUS_VANILLA: init ok.  unum: 7 side: r
CYRUS_VANILLA 7: [-1, 0] (v18+) force synch see mode.
A new (v18) player (CYRUS_VANILLA 7) connected.
A new (v18) player (CYRUS_VANILLA 8) connected.
CYRUS_VANILLA: init ok.  unum: 9 side: r
CYRUS_VANILLA 9: [-1, 0] (v18+) force synch see mode.
A new (v18) player (CYRUS_VANILLA 9) connected.
A new (v18) player (CYRUS_VANILLA 10) connected.
CYRUS_VANILLA: init ok.  unum: 11 side: r
CYRUS_VANILLA 11: [-1, 0] (v18+) force synch see mode.
A new (v18) player (CYRUS_VANILLA 11) connected.
CYRUS_VANILLA: init ok.  unum: 8 side: r
CYRUS_VANILLA 8: [-1, 0] (v18+) force synch see mode.
CYRUS_VANILLA: init ok.  unum: 10 side: r
CYRUS_VANILLA 10: [-1, 0] (v18+) force synch see mode.
CYRUS_VANILLA 9:  KickTable created.
CYRUS_VANILLA 9: [-1, 0] set synch see mode.
CYRUS_VANILLA 8:  KickTable created.
CYRUS_VANILLA 8: [-1, 0] set synch see mode.
CYRUS_VANILLA 6:  KickTable created.
CYRUS_VANILLA 6: [-1, 0] set synch see mode.
CYRUS_VANILLA 7:  KickTable created.
CYRUS_VANILLA 7: [-1, 0] set synch see mode.
CYRUS_VANILLA 10:  KickTable created.
CYRUS_VANILLA 10: [-1, 0] set synch see mode.
CYRUS_VANILLA 11:  KickTable created.
CYRUS_VANILLA 11: [-1, 0] set synch see mode.
Read Setting: ./data/settings/Other.json
Read Setting: ./data/settings/Other.json
Read Setting: ./data/settings/Other.json
Read Setting: ./data/settings/Other.json
Read Setting: ./data/settings/Other.json
id speed step inc  power  stam  karea
 0 1.000   6  45.0 100.0  55.0  1.085
 1 0.908   5  40.6 100.0  59.4  1.134
 2 0.923   6  49.1 100.0  50.9  0.993
 3 0.897   5  44.0 100.0  56.0  1.069
 4 0.935   5  42.9 100.0  57.1  1.140
 5 0.862   5  47.7 100.0  52.3  1.140
 6 0.915   6  45.1 100.0  54.9  1.046
 7 0.789   5  48.4 100.0  51.6  1.018
 8 1.038   6  45.6 100.0  54.4  1.006
 9 0.828   7  51.2 100.0  48.8  1.073
 10 0.752   5  48.2 100.0  51.8  1.057
 11 0.793   5  51.5 100.0  48.5  1.105
 12 1.005   7  48.5 100.0  51.5  1.102
 13 0.893   4  43.7 100.0  56.3  1.128
 14 0.804   5  46.4 100.0  53.6  1.123
 15 0.758   4  47.3 100.0  52.7  1.105
 16 0.756   5  47.3 100.0  52.7  1.180
 17 0.906   6  50.1 100.0  49.9  0.996
$$$$$$$$$$$$$$$$$$$$$$$$isother
SPICA325 coach: change player 1 to type 0
SPICA325 coach: change player 9 to type 8
SPICA325 coach: change player 2 to type 12
SPICA325 coach: change player 11 to type 4
SPICA325 coach: change player 4 to type 2
SPICA325 coach: change player 10 to type 1
SPICA325 coach: change player 3 to type 17
SPICA325 coach: change player 5 to type 6
SPICA325 coach: change player 7 to type 13
SPICA325 coach: change player 8 to type 3
SPICA325 coach: change player 6 to type 5
id speed step inc  power  stam  karea
 0 1.000   6  45.0 100.0  55.0  1.085
 1 0.908   5  40.6 100.0  59.4  1.134
 2 0.923   6  49.1 100.0  50.9  0.993
 3 0.897   5  44.0 100.0  56.0  1.069
 4 0.935   5  42.9 100.0  57.1  1.140
 5 0.862   5  47.7 100.0  52.3  1.140
 6 0.915   6  45.1 100.0  54.9  1.046
 7 0.789   5  48.4 100.0  51.6  1.018
 8 1.038   6  45.6 100.0  54.4  1.006
 9 0.828   7  51.2 100.0  48.8  1.073
 10 0.752   5  48.2 100.0  51.8  1.057
 11 0.793   5  51.5 100.0  48.5  1.105
 12 1.005   7  48.5 100.0  51.5  1.102
 13 0.893   4  43.7 100.0  56.3  1.128
 14 0.804   5  46.4 100.0  53.6  1.123
 15 0.758   4  47.3 100.0  52.7  1.105
 16 0.756   5  47.3 100.0  52.7  1.180
 17 0.906   6  50.1 100.0  49.9  0.996
$$$$$$$$$$$$$$$$$$$$$$$$isother
CYRUS_VANILLA coach: change player 1 to type 0
CYRUS_VANILLA coach: change player 9 to type 8
CYRUS_VANILLA coach: change player 2 to type 12
CYRUS_VANILLA coach: change player 11 to type 4
CYRUS_VANILLA coach: change player 4 to type 2
CYRUS_VANILLA coach: change player 10 to type 1
CYRUS_VANILLA coach: change player 3 to type 17
CYRUS_VANILLA coach: change player 5 to type 6
CYRUS_VANILLA coach: change player 7 to type 13
CYRUS_VANILLA coach: change player 8 to type 3
CYRUS_VANILLA coach: change player 6 to type 5
Read Setting: ./data/settings/Other.json
Read Setting: ./data/settings/Other.json
Read Setting: ./data/settings/Other.json
Read Setting: ./data/settings/Other.json
Read Setting: ./data/settings/Other.json
Read Setting: ./data/settings/Other.json
Read Setting: ./data/settings/Other.json
Read Setting: ./data/settings/Other.json
Read Setting: ./data/settings/Other.json
Read Setting: ./data/settings/Other.json
Waiting to kick off
Kick_off_left
SPICA325 coach: [94, 0] no player type for opponent 10. restart analysis.
CYRUS_VANILLA coach: [94, 0] no player type for opponent 9. restart analysis.
CYRUS_VANILLA coach: [95, 0] no player type for opponent 9. restart analysis.
SPICA325 coach: [95, 0] no player type for opponent 4. restart analysis.
SPICA325 coach: [95, 0] no player type for opponent 9. restart analysis.
SPICA325 coach: [95, 0] no player type for opponent 5. restart analysis.
SPICA325 coach: [96, 0] no player type for opponent 4. restart analysis.
CYRUS_VANILLA coach: [96, 0] no player type for opponent 11. restart analysis.
CYRUS_VANILLA coach: [96, 0] no player type for opponent 9. restart analysis.
SPICA325 coach: [97, 0] no player type for opponent 11. restart analysis.
SPICA325 coach: [97, 0] no player type for opponent 6. restart analysis.
SPICA325 coach: [97, 0] no player type for opponent 9. restart analysis.
SPICA325 coach: [97, 0] no player type for opponent 7. restart analysis.
CYRUS_VANILLA coach: [97, 0] no player type for opponent 9. restart analysis.
CYRUS_VANILLA coach: [97, 0] no player type for opponent 10. restart analysis.
CYRUS_VANILLA coach: [97, 0] no player type for opponent 2. restart analysis.
SPICA325 coach: [98, 0] no player type for opponent 10. restart analysis.
SPICA325 coach: [98, 0] no player type for opponent 9. restart analysis.
SPICA325 coach: [99, 0] no player type for opponent 2. restart analysis.
CYRUS_VANILLA coach: [99, 0] no player type for opponent 10. restart analysis.
SPICA325 coach: [100, 0] no player type for opponent 9. restart analysis.
CYRUS_VANILLA coach: [100, 0] no player type for opponent 8. restart analysis.
SPICA325 coach: [101, 0] no player type for opponent 11. restart analysis.
CYRUS_VANILLA coach: [101, 0] no player type for opponent 5. restart analysis.
CYRUS_VANILLA coach: [101, 0] no player type for opponent 6. restart analysis.
SPICA325 coach: [102, 0] no player type for opponent 3. restart analysis.
CYRUS_VANILLA coach: [102, 0] determined opponent 9 type = 8
SPICA325 coach: [103, 0] no player type for opponent 11. restart analysis.
SPICA325 coach: [103, 0] no player type for opponent 6. restart analysis.
CYRUS_VANILLA coach: [103, 0] no player type for opponent 5. restart analysis.
SPICA325 coach: [104, 0] no player type for opponent 4. restart analysis.
SPICA325 coach: [104, 0] no player type for opponent 2. restart analysis.
SPICA325 coach: [104, 0] no player type for opponent 9. restart analysis.
SPICA325 coach: [104, 0] no player type for opponent 7. restart analysis.
CYRUS_VANILLA coach: [104, 0] no player type for opponent 5. restart analysis.
CYRUS_VANILLA coach: [104, 0] no player type for opponent 10. restart analysis.
CYRUS_VANILLA coach: [104, 0] no player type for opponent 6. restart analysis.
CYRUS_VANILLA coach: [105, 0] determined opponent 1 type = 0
SPICA325 coach: [105, 0] no player type for opponent 11. restart analysis.
SPICA325 coach: [105, 0] no player type for opponent 7. restart analysis.
CYRUS_VANILLA coach: [106, 0] no player type for opponent 6. restart analysis.
SPICA325 coach: [106, 0] no player type for opponent 4. restart analysis.
SPICA325 coach: [106, 0] no player type for opponent 5. restart analysis.
SPICA325 coach: [107, 0] no player type for opponent 6. restart analysis.
SPICA325 coach: [107, 0] no player type for opponent 3. restart analysis.
CYRUS_VANILLA coach: [107, 0] no player type for opponent 5. restart analysis.
CYRUS_VANILLA coach: [107, 0] no player type for opponent 10. restart analysis.
SPICA325 coach: [108, 0] no player type for opponent 6. restart analysis.
CYRUS_VANILLA coach: [108, 0] no player type for opponent 3. restart analysis.
CYRUS_VANILLA coach: [108, 0] no player type for opponent 6. restart analysis.
CYRUS_VANILLA coach: [108, 0] no player type for opponent 8. restart analysis.
CYRUS_VANILLA coach: [109, 0] determined opponent 11 type = 4
SPICA325 coach: [109, 0] no player type for opponent 8. restart analysis.
SPICA325 coach: [109, 0] no player type for opponent 2. restart analysis.
SPICA325 coach: [110, 0] no player type for opponent 4. restart analysis.
SPICA325 coach: [110, 0] no player type for opponent 11. restart analysis.
SPICA325 coach: [110, 0] no player type for opponent 5. restart analysis.
SPICA325 coach: [110, 0] no player type for opponent 7. restart analysis.
CYRUS_VANILLA coach: [110, 0] no player type for opponent 6. restart analysis.
CYRUS_VANILLA coach: [111, 0] no player type for opponent 8. restart analysis.
SPICA325 coach: [111, 0] no player type for opponent 8. restart analysis.
SPICA325 coach: [111, 0] no player type for opponent 2. restart analysis.
CYRUS_VANILLA coach: [112, 0] no player type for opponent 10. restart analysis.
CYRUS_VANILLA coach: [112, 0] no player type for opponent 6. restart analysis.
CYRUS_VANILLA coach: [113, 0] no player type for opponent 3. restart analysis.
CYRUS_VANILLA coach: [113, 0] no player type for opponent 6. restart analysis.
SPICA325 coach: [113, 0] no player type for opponent 10. restart analysis.
SPICA325 coach: [113, 0] no player type for opponent 5. restart analysis.
SPICA325 coach: [115, 0] no player type for opponent 8. restart analysis.
SPICA325 coach: [115, 0] no player type for opponent 6. restart analysis.
SPICA325 coach: [115, 0] no player type for opponent 5. restart analysis.
SPICA325 coach: [116, 0] no player type for opponent 8. restart analysis.
SPICA325 coach: [116, 0] no player type for opponent 11. restart analysis.
CYRUS_VANILLA coach: [116, 0] no player type for opponent 10. restart analysis.
CYRUS_VANILLA coach: [116, 0] no player type for opponent 6. restart analysis.
CYRUS_VANILLA coach: [117, 0] no player type for opponent 7. restart analysis.
SPICA325 coach: [117, 0] no player type for opponent 4. restart analysis.
SPICA325 coach: [117, 0] no player type for opponent 6. restart analysis.
SPICA325 coach: [118, 0] no player type for opponent 10. restart analysis.
SPICA325 coach: [118, 0] determined opponent 1 type = 0
SPICA325 coach: [118, 0] determined opponent 9 type = 8
CYRUS_VANILLA coach: [118, 0] no player type for opponent 5. restart analysis.
CYRUS_VANILLA coach: [118, 0] no player type for opponent 3. restart analysis.
CYRUS_VANILLA coach: [119, 0] no player type for opponent 6. restart analysis.
SPICA325 coach: [119, 0] no player type for opponent 10. restart analysis.
SPICA325 coach: [119, 0] determined opponent 2 type = 12
SPICA325 coach: [119, 0] no player type for opponent 6. restart analysis.
SPICA325 coach: [119, 0] no player type for opponent 11. restart analysis.
CYRUS_VANILLA coach: [120, 0] no player type for opponent 7. restart analysis.
CYRUS_VANILLA coach: [120, 0] no player type for opponent 3. restart analysis.
SPICA325 coach: [121, 0] no player type for opponent 8. restart analysis.
SPICA325 coach: [121, 0] no player type for opponent 5. restart analysis.
CYRUS_VANILLA coach: [121, 0] no player type for opponent 8. restart analysis.
SPICA325 coach: [122, 0] no player type for opponent 8. restart analysis.
SPICA325 coach: [122, 0] no player type for opponent 11. restart analysis.
SPICA325 coach: [123, 0] no player type for opponent 8. restart analysis.
SPICA325 coach: [123, 0] no player type for opponent 6. restart analysis.
SPICA325 coach: [124, 0] no player type for opponent 8. restart analysis.
CYRUS_VANILLA coach: [125, 0] no player type for opponent 5. restart analysis.
CYRUS_VANILLA coach: [125, 0] no player type for opponent 6. restart analysis.
CYRUS_VANILLA coach: [125, 0] no player type for opponent 8. restart analysis.
SPICA325 coach: [125, 0] no player type for opponent 4. restart analysis.
SPICA325 coach: [126, 0] no player type for opponent 8. restart analysis.
CYRUS_VANILLA coach: [126, 0] no player type for opponent 5. restart analysis.
CYRUS_VANILLA coach: [126, 0] no player type for opponent 3. restart analysis.
SPICA325 coach: [127, 0] no player type for opponent 4. restart analysis.
SPICA325 coach: [127, 0] no player type for opponent 8. restart analysis.
SPICA325 coach: [127, 0] no player type for opponent 10. restart analysis.
SPICA325 coach: [127, 0] no player type for opponent 6. restart analysis.
CYRUS_VANILLA coach: [127, 0] no player type for opponent 5. restart analysis.
CYRUS_VANILLA coach: [127, 0] no player type for opponent 3. restart analysis.
CYRUS_VANILLA coach: [128, 0] no player type for opponent 5. restart analysis.
CYRUS_VANILLA coach: [128, 0] no player type for opponent 6. restart analysis.
SPICA325 coach: [129, 0] no player type for opponent 8. restart analysis.
SPICA325 coach: [129, 0] no player type for opponent 10. restart analysis.
SPICA325 coach: [129, 0] no player type for opponent 11. restart analysis.
CYRUS_VANILLA coach: [129, 0] determined opponent 10 type = 1
SPICA325 coach: [130, 0] no player type for opponent 8. restart analysis.
SPICA325 coach: [130, 0] no player type for opponent 6. restart analysis.
CYRUS_VANILLA coach: [130, 0] no player type for opponent 3. restart analysis.
CYRUS_VANILLA coach: [130, 0] no player type for opponent 2. restart analysis.
CYRUS_VANILLA coach: [131, 0] determined opponent 7 type = 13
CYRUS_VANILLA coach: [131, 0] no player type for opponent 8. restart analysis.
CYRUS_VANILLA coach: [131, 0] no player type for opponent 2. restart analysis.
SPICA325 coach: [133, 0] no player type for opponent 10. restart analysis.
SPICA325 coach: [133, 0] no player type for opponent 7. restart analysis.
CYRUS_VANILLA coach: [134, 0] no player type for opponent 5. restart analysis.
CYRUS_VANILLA coach: [135, 0] no player type for opponent 6. restart analysis.
SPICA325 coach: [135, 0] no player type for opponent 7. restart analysis.
SPICA325 coach: [136, 0] no player type for opponent 11. restart analysis.
SPICA325 coach: [136, 0] no player type for opponent 3. restart analysis.
layerSize: 3
SPICA325 coach: [137, 0] no player type for opponent 4. restart analysis.
SPICA325 coach: [137, 0] no player type for opponent 8. restart analysis.
SPICA325 coach: [137, 0] no player type for opponent 7. restart analysis.
CYRUS_VANILLA coach: [137, 0] no player type for opponent 6. restart analysis.
CYRUS_VANILLA coach: [139, 0] no player type for opponent 6. restart analysis.
SPICA325 coach: [139, 0] no player type for opponent 8. restart analysis.
SPICA325 coach: [139, 0] no player type for opponent 6. restart analysis.
SPICA325 coach: [139, 0] no player type for opponent 11. restart analysis.
SPICA325 coach: [139, 0] no player type for opponent 7. restart analysis.
CYRUS_VANILLA coach: [140, 0] no player type for opponent 5. restart analysis.
CYRUS_VANILLA coach: [140, 0] no player type for opponent 8. restart analysis.
SPICA325 coach: [141, 0] no player type for opponent 4. restart analysis.
SPICA325 coach: [141, 0] no player type for opponent 6. restart analysis.
SPICA325 coach: [142, 0] no player type for opponent 4. restart analysis.
SPICA325 coach: [142, 0] no player type for opponent 7. restart analysis.
CYRUS_VANILLA coach: [143, 0] no player type for opponent 6. restart analysis.
SPICA325 coach: [144, 0] no player type for opponent 8. restart analysis.
SPICA325 coach: [144, 0] no player type for opponent 6. restart analysis.
CYRUS_VANILLA coach: [145, 0] no player type for opponent 5. restart analysis.
SPICA325 coach: [146, 0] no player type for opponent 10. restart analysis.
SPICA325 coach: [146, 0] no player type for opponent 8. restart analysis.
SPICA325 coach: [146, 0] no player type for opponent 6. restart analysis.
SPICA325 coach: [146, 0] no player type for opponent 11. restart analysis.
SPICA325 coach: [146, 0] no player type for opponent 7. restart analysis.
CYRUS_VANILLA coach: [146, 0] no player type for opponent 6. restart analysis.
CYRUS_VANILLA coach: [146, 0] no player type for opponent 4. restart analysis.
CYRUS_VANILLA coach: [147, 0] no player type for opponent 5. restart analysis.
SPICA325 coach: [147, 0] no player type for opponent 8. restart analysis.
SPICA325 coach: [147, 0] no player type for opponent 5. restart analysis.
SPICA325 coach: [148, 0] no player type for opponent 4. restart analysis.
SPICA325 coach: [148, 0] no player type for opponent 8. restart analysis.
CYRUS_VANILLA coach: [148, 0] no player type for opponent 5. restart analysis.
SPICA325 coach: [149, 0] no player type for opponent 4. restart analysis.
SPICA325 coach: [149, 0] no player type for opponent 11. restart analysis.
SPICA325 coach: [149, 0] no player type for opponent 3. restart analysis.
CYRUS_VANILLA coach: [149, 0] no player type for opponent 5. restart analysis.
SPICA325 coach: [150, 0] no player type for opponent 5. restart analysis.
SPICA325 coach: [151, 0] no player type for opponent 11. restart analysis.
SPICA325 coach: [151, 0] no player type for opponent 5. restart analysis.
SPICA325 coach: [151, 0] no player type for opponent 3. restart analysis.
SPICA325 coach: [152, 0] no player type for opponent 4. restart analysis.
SPICA325 coach: [152, 0] no player type for opponent 8. restart analysis.
SPICA325 coach: [152, 0] no player type for opponent 11. restart analysis.
SPICA325 coach: [152, 0] determined opponent 7 type = 13
CYRUS_VANILLA coach: [154, 0] no player type for opponent 6. restart analysis.
SPICA325 coach: [154, 0] no player type for opponent 4. restart analysis.
SPICA325 coach: [154, 0] no player type for opponent 10. restart analysis.
SPICA325 coach: [154, 0] no player type for opponent 6. restart analysis.
SPICA325 coach: [155, 0] no player type for opponent 10. restart analysis.
SPICA325 coach: [155, 0] no player type for opponent 11. restart analysis.
SPICA325 coach: [155, 0] no player type for opponent 3. restart analysis.
SPICA325 coach: [156, 0] no player type for opponent 4. restart analysis.
SPICA325 coach: [156, 0] no player type for opponent 8. restart analysis.
SPICA325 coach: [156, 0] no player type for opponent 5. restart analysis.
SPICA325 coach: [158, 0] no player type for opponent 8. restart analysis.
CYRUS_VANILLA coach: [162, 0] no player type for opponent 8. restart analysis.
SPICA325 coach: [162, 0] no player type for opponent 10. restart analysis.
SPICA325 coach: [163, 0] no player type for opponent 11. restart analysis.
CYRUS_VANILLA coach: [163, 0] no player type for opponent 6. restart analysis.
SPICA325 coach: [164, 0] determined opponent 8 type = 3
SPICA325 coach: [165, 0] no player type for opponent 11. restart analysis.
SPICA325 coach: [165, 0] no player type for opponent 10. restart analysis.
CYRUS_VANILLA coach: [165, 0] no player type for opponent 6. restart analysis.
SPICA325 coach: [166, 0] no player type for opponent 3. restart analysis.
CYRUS_VANILLA coach: [166, 0] no player type for opponent 6. restart analysis.
SPICA325 coach: [167, 0] no player type for opponent 11. restart analysis.
SPICA325 coach: [169, 0] no player type for opponent 6. restart analysis.
CYRUS_VANILLA coach: [170, 0] no player type for opponent 8. restart analysis.
SPICA325 coach: [171, 0] no player type for opponent 6. restart analysis.
CYRUS_VANILLA coach: [171, 0] no player type for opponent 8. restart analysis.
CYRUS_VANILLA coach: [172, 0] no player type for opponent 6. restart analysis.
CYRUS_VANILLA coach: [174, 0] no player type for opponent 6. restart analysis.
CYRUS_VANILLA coach: [175, 0] no player type for opponent 6. restart analysis.
SPICA325 coach: [176, 0] no player type for opponent 11. restart analysis.
SPICA325 coach: [178, 0] no player type for opponent 4. restart analysis.
SPICA325 coach: [178, 0] no player type for opponent 3. restart analysis.
SPICA325 coach: [180, 0] no player type for opponent 10. restart analysis.
CYRUS_VANILLA coach: [181, 0] no player type for opponent 8. restart analysis.
SPICA325 coach: [182, 0] no player type for opponent 11. restart analysis.
CYRUS_VANILLA coach: [182, 0] no player type for opponent 2. restart analysis.
CYRUS_VANILLA coach: [183, 0] no player type for opponent 2. restart analysis.
CYRUS_VANILLA coach: [183, 0] no player type for opponent 8. restart analysis.
CYRUS_VANILLA coach: [184, 0] no player type for opponent 2. restart analysis.
CYRUS_VANILLA coach: [184, 0] no player type for opponent 6. restart analysis.
CYRUS_VANILLA coach: [186, 0] no player type for opponent 6. restart analysis.
SPICA325 coach: [187, 0] no player type for opponent 11. restart analysis.
SPICA325 coach: [187, 0] no player type for opponent 5. restart analysis.
CYRUS_VANILLA coach: [187, 0] no player type for opponent 6. restart analysis.
CYRUS_VANILLA coach: [188, 0] no player type for opponent 6. restart analysis.
CYRUS_VANILLA coach: [189, 0] no player type for opponent 5. restart analysis.
CYRUS_VANILLA coach: [191, 0] no player type for opponent 3. restart analysis.
SPICA325 coach: [192, 0] determined opponent 4 type = 2
SPICA325 coach: [193, 0] no player type for opponent 3. restart analysis.
SPICA325 coach: [194, 0] no player type for opponent 5. restart analysis.
SPICA325 coach: [195, 0] determined opponent 11 type = 4
SPICA325 coach: [197, 0] no player type for opponent 10. restart analysis.
CYRUS_VANILLA coach: [198, 0] no player type for opponent 6. restart analysis.
CYRUS_VANILLA coach: [200, 0] no player type for opponent 6. restart analysis.
CYRUS_VANILLA coach: [201, 0] no player type for opponent 8. restart analysis.
CYRUS_VANILLA coach: [201, 0] no player type for opponent 3. restart analysis.
SPICA325 coach: [202, 0] no player type for opponent 3. restart analysis.
CYRUS_VANILLA coach: [202, 0] no player type for opponent 6. restart analysis.
SPICA325 coach: [203, 0] no player type for opponent 5. restart analysis.
CYRUS_VANILLA coach: [205, 0] no player type for opponent 5. restart analysis.
CYRUS_VANILLA coach: [207, 0] no player type for opponent 3. restart analysis.
CYRUS_VANILLA coach: [208, 0] no player type for opponent 2. restart analysis.
CYRUS_VANILLA coach: [209, 0] no player type for opponent 2. restart analysis.
CYRUS_VANILLA coach: [210, 0] no player type for opponent 5. restart analysis.
SPICA325 coach: [210, 0] no player type for opponent 5. restart analysis.
SPICA325 coach: [211, 0] no player type for opponent 6. restart analysis.
CYRUS_VANILLA coach: [212, 0] no player type for opponent 2. restart analysis.
CYRUS_VANILLA coach: [212, 0] no player type for opponent 6. restart analysis.
SPICA325 coach: [212, 0] no player type for opponent 6. restart analysis.
SPICA325 coach: [213, 0] no player type for opponent 10. restart analysis.
SPICA325 coach: [213, 0] no player type for opponent 5. restart analysis.
CYRUS_VANILLA coach: [214, 0] no player type for opponent 5. restart analysis.
CYRUS_VANILLA coach: [215, 0] no player type for opponent 4. restart analysis.
CYRUS_VANILLA coach: [216, 0] no player type for opponent 5. restart analysis.
SPICA325 coach: [217, 0] no player type for opponent 3. restart analysis.
CYRUS_VANILLA coach: [217, 0] no player type for opponent 5. restart analysis.
CYRUS_VANILLA coach: [217, 0] no player type for opponent 3. restart analysis.
SPICA325 coach: [218, 0] no player type for opponent 6. restart analysis.
CYRUS_VANILLA coach: [219, 0] no player type for opponent 5. restart analysis.
SPICA325 coach: [219, 0] no player type for opponent 3. restart analysis.
CYRUS_VANILLA coach: [220, 0] no player type for opponent 5. restart analysis.
SPICA325 coach: [220, 0] no player type for opponent 6. restart analysis.
SPICA325 coach: [220, 0] no player type for opponent 3. restart analysis.
CYRUS_VANILLA coach: [221, 0] no player type for opponent 5. restart analysis.
CYRUS_VANILLA coach: [221, 0] no player type for opponent 3. restart analysis.
CYRUS_VANILLA coach: [222, 0] no player type for opponent 8. restart analysis.
SPICA325 coach: [222, 0] no player type for opponent 10. restart analysis.
CYRUS_VANILLA coach: [223, 0] no player type for opponent 3. restart analysis.
CYRUS_VANILLA coach: [224, 0] no player type for opponent 3. restart analysis.
SPICA325 coach: [226, 0] no player type for opponent 3. restart analysis.
SPICA325 coach: [226, 0] no player type for opponent 6. restart analysis.
SPICA325 coach: [226, 0] no player type for opponent 5. restart analysis.
SPICA325 coach: [227, 0] no player type for opponent 5. restart analysis.
CYRUS_VANILLA coach: [227, 0] no player type for opponent 2. restart analysis.
CYRUS_VANILLA coach: [227, 0] no player type for opponent 8. restart analysis.
SPICA325 coach: [228, 0] no player type for opponent 6. restart analysis.
SPICA325 coach: [228, 0] no player type for opponent 5. restart analysis.
CYRUS_VANILLA coach: [228, 0] no player type for opponent 3. restart analysis.
CYRUS_VANILLA coach: [229, 0] no player type for opponent 6. restart analysis.
CYRUS_VANILLA coach: [229, 0] determined opponent 4 type = 2
CYRUS_VANILLA coach: [229, 0] no player type for opponent 8. restart analysis.
SPICA325 coach: [230, 0] no player type for opponent 6. restart analysis.
SPICA325 coach: [230, 0] no player type for opponent 5. restart analysis.
CYRUS_VANILLA coach: [230, 0] determined opponent 2 type = 12
SPICA325 coach: [231, 0] no player type for opponent 5. restart analysis.
SPICA325 coach: [232, 0] no player type for opponent 6. restart analysis.
SPICA325 coach: [235, 0] no player type for opponent 3. restart analysis.
SPICA325 coach: [236, 0] no player type for opponent 3. restart analysis.
SPICA325 coach: [238, 0] no player type for opponent 6. restart analysis.
CYRUS_VANILLA coach: [238, 0] no player type for opponent 3. restart analysis.
SPICA325 coach: [239, 0] no player type for opponent 5. restart analysis.
CYRUS_VANILLA coach: [241, 0] no player type for opponent 3. restart analysis.
SPICA325 coach: [241, 0] no player type for opponent 5. restart analysis.
CYRUS_VANILLA coach: [242, 0] no player type for opponent 5. restart analysis.
SPICA325 coach: [242, 0] no player type for opponent 6. restart analysis.
SPICA325 coach: [242, 0] no player type for opponent 5. restart analysis.
CYRUS_VANILLA coach: [243, 0] no player type for opponent 5. restart analysis.
SPICA325 coach: [244, 0] no player type for opponent 6. restart analysis.
SPICA325 coach: [244, 0] no player type for opponent 5. restart analysis.
SPICA325 coach: [245, 0] no player type for opponent 5. restart analysis.
SPICA325 coach: [246, 0] no player type for opponent 6. restart analysis.
SPICA325 coach: [247, 0] no player type for opponent 6. restart analysis.
SPICA325 coach: [248, 0] no player type for opponent 6. restart analysis.
CYRUS_VANILLA coach: [250, 0] no player type for opponent 3. restart analysis.
CYRUS_VANILLA coach: [251, 0] no player type for opponent 8. restart analysis.
CYRUS_VANILLA coach: [254, 0] no player type for opponent 8. restart analysis.
SPICA325 coach: [255, 0] no player type for opponent 6. restart analysis.
CYRUS_VANILLA coach: [257, 0] no player type for opponent 8. restart analysis.
SPICA325 coach: [259, 0] no player type for opponent 5. restart analysis.
CYRUS_VANILLA coach: [259, 0] no player type for opponent 6. restart analysis.
CYRUS_VANILLA coach: [259, 0] no player type for opponent 8. restart analysis.
CYRUS_VANILLA coach: [260, 0] no player type for opponent 8. restart analysis.
CYRUS_VANILLA coach: [261, 0] no player type for opponent 8. restart analysis.
CYRUS_VANILLA coach: [263, 0] no player type for opponent 6. restart analysis.
CYRUS_VANILLA coach: [266, 0] no player type for opponent 3. restart analysis.
CYRUS_VANILLA coach: [269, 0] no player type for opponent 3. restart analysis.
CYRUS_VANILLA coach: [271, 0] no player type for opponent 5. restart analysis.
CYRUS_VANILLA coach: [273, 0] no player type for opponent 6. restart analysis.
CYRUS_VANILLA coach: [273, 0] no player type for opponent 3. restart analysis.
SPICA325 coach: [273, 0] no player type for opponent 6. restart analysis.
CYRUS_VANILLA coach: [274, 0] no player type for opponent 5. restart analysis.
CYRUS_VANILLA coach: [274, 0] no player type for opponent 3. restart analysis.
CYRUS_VANILLA coach: [278, 0] no player type for opponent 5. restart analysis.
CYRUS_VANILLA coach: [278, 0] no player type for opponent 6. restart analysis.
CYRUS_VANILLA coach: [279, 0] no player type for opponent 6. restart analysis.
SPICA325 coach: [279, 0] no player type for opponent 5. restart analysis.
CYRUS_VANILLA coach: [281, 0] no player type for opponent 6. restart analysis.
CYRUS_VANILLA coach: [281, 0] no player type for opponent 8. restart analysis.
CYRUS_VANILLA coach: [284, 0] no player type for opponent 5. restart analysis.
CYRUS_VANILLA coach: [284, 0] no player type for opponent 8. restart analysis.
SPICA325 coach: [285, 0] no player type for opponent 5. restart analysis.
CYRUS_VANILLA coach: [287, 0] no player type for opponent 3. restart analysis.
CYRUS_VANILLA coach: [287, 0] no player type for opponent 8. restart analysis.
SPICA325 coach: [288, 0] no player type for opponent 5. restart analysis.
CYRUS_VANILLA coach: [291, 0] no player type for opponent 8. restart analysis.
SPICA325 coach: [293, 0] no player type for opponent 10. restart analysis.
SPICA325 coach: [300, 0] no player type for opponent 6. restart analysis.
SPICA325 coach: [301, 0] updated clang capacity.
CYRUS_VANILLA coach: [301, 0] updated clang capacity.
CYRUS_VANILLA coach: [303, 0] no player type for opponent 8. restart analysis.
SPICA325 coach: [304, 0] no player type for opponent 5. restart analysis.
SPICA325 coach: [308, 0] no player type for opponent 5. restart analysis.
SPICA325 coach: [310, 0] no player type for opponent 3. restart analysis.
CYRUS_VANILLA coach: [311, 0] determined opponent 6 type = 5
CYRUS_VANILLA coach: [313, 0] no player type for opponent 5. restart analysis.
CYRUS_VANILLA coach: [314, 0] no player type for opponent 5. restart analysis.
CYRUS_VANILLA coach: [314, 0] no player type for opponent 8. restart analysis.
SPICA325 coach: [314, 0] no player type for opponent 6. restart analysis.
CYRUS_VANILLA coach: [315, 0] no player type for opponent 5. restart analysis.
SPICA325 coach: [316, 0] no player type for opponent 6. restart analysis.
CYRUS_VANILLA coach: [317, 0] no player type for opponent 5. restart analysis.
CYRUS_VANILLA coach: [318, 0] no player type for opponent 3. restart analysis.
CYRUS_VANILLA coach: [319, 0] no player type for opponent 8. restart analysis.
SPICA325 coach: [320, 0] no player type for opponent 6. restart analysis.
SPICA325 coach: [320, 0] no player type for opponent 10. restart analysis.
CYRUS_VANILLA coach: [320, 0] no player type for opponent 5. restart analysis.
SPICA325 coach: [321, 0] no player type for opponent 10. restart analysis.
SPICA325 coach: [323, 0] no player type for opponent 10. restart analysis.
CYRUS_VANILLA coach: [323, 0] no player type for opponent 5. restart analysis.
CYRUS_VANILLA coach: [327, 0] no player type for opponent 3. restart analysis.
CYRUS_VANILLA coach: [328, 0] no player type for opponent 8. restart analysis.
SPICA325 coach: [330, 0] no player type for opponent 10. restart analysis.
SPICA325 coach: [331, 0] no player type for opponent 10. restart analysis.
SPICA325 coach: [334, 0] no player type for opponent 6. restart analysis.
SPICA325 coach: [338, 0] no player type for opponent 5. restart analysis.
CYRUS_VANILLA coach: [339, 0] no player type for opponent 5. restart analysis.
SPICA325 coach: [340, 0] determined opponent 6 type = 5
CYRUS_VANILLA coach: [347, 0] no player type for opponent 8. restart analysis.
CYRUS_VANILLA coach: [353, 0] no player type for opponent 3. restart analysis.
CYRUS_VANILLA coach: [353, 0] determined opponent 8 type = 3
SPICA325 coach: [354, 0] no player type for opponent 5. restart analysis.
SPICA325 coach: [355, 0] no player type for opponent 10. restart analysis.
SPICA325 coach: [367, 0] determined opponent 3 type = 17
CYRUS_VANILLA coach: [367, 0] no player type for opponent 5. restart analysis.
SPICA325 coach: [368, 0] determined opponent 5 type = 6
CYRUS_VANILLA coach: [369, 0] no player type for opponent 5. restart analysis.
CYRUS_VANILLA coach: [384, 0] no player type for opponent 5. restart analysis.
CYRUS_VANILLA coach: [389, 0] no player type for opponent 5. restart analysis.
CYRUS_VANILLA coach: [394, 0] no player type for opponent 3. restart analysis.
CYRUS_VANILLA 8: [396, 0] lost kick by foul at [396, 0] sense=3 internal=4
CYRUS_VANILLA coach: [408, 0] no player type for opponent 5. restart analysis.
CYRUS_VANILLA coach: [409, 0] no player type for opponent 5. restart analysis.
CYRUS_VANILLA coach: [410, 0] no player type for opponent 3. restart analysis.
CYRUS_VANILLA coach: [411, 0] no player type for opponent 5. restart analysis.
CYRUS_VANILLA coach: [413, 0] no player type for opponent 5. restart analysis.
SPICA325 coach: [415, 0] no player type for opponent 10. restart analysis.
SPICA325 coach: [416, 0] no player type for opponent 10. restart analysis.
CYRUS_VANILLA 4: [417, 0] lost kick by foul at [417, 0] sense=4 internal=5
CYRUS_VANILLA coach: [417, 1] sent freeform (player_types (1 0)(2 12)(3 -1)(4 2)(5 -1)(6 5)(7 13)(8 3)(9 8)(10 1)(11 4))
CYRUS_VANILLA coach: [417, 1] freeform 1 / 128
SPICA325 coach: [417, 1] sent freeform (player_types (1 0)(2 12)(3 17)(4 2)(5 6)(6 5)(7 13)(8 3)(9 8)(10 -1)(11 4))
SPICA325 coach: [417, 1] freeform 1 / 128
CYRUS_VANILLA coach: [521, 0] no player type for opponent 5. restart analysis.
CYRUS_VANILLA coach: [524, 0] no player type for opponent 5. restart analysis.
CYRUS_VANILLA coach: [525, 0] no player type for opponent 5. restart analysis.
CYRUS_VANILLA coach: [527, 0] no player type for opponent 3. restart analysis.
SPICA325 coach: [542, 0] no player type for opponent 10. restart analysis.
SPICA325 coach: [543, 0] no player type for opponent 10. restart analysis.
CYRUS_VANILLA coach: [544, 0] no player type for opponent 5. restart analysis.
CYRUS_VANILLA coach: [545, 0] no player type for opponent 5. restart analysis.
CYRUS_VANILLA coach: [546, 0] no player type for opponent 5. restart analysis.
CYRUS_VANILLA coach: [554, 0] no player type for opponent 5. restart analysis.
CYRUS_VANILLA coach: [557, 0] no player type for opponent 5. restart analysis.
CYRUS_VANILLA coach: [565, 0] no player type for opponent 3. restart analysis.
SPICA325 coach: [566, 0] no player type for opponent 10. restart analysis.
CYRUS_VANILLA coach: [567, 0] no player type for opponent 5. restart analysis.
SPICA325 coach: [572, 0] no player type for opponent 10. restart analysis.
CYRUS_VANILLA coach: [573, 0] no player type for opponent 5. restart analysis.
SPICA325 coach: [574, 0] no player type for opponent 10. restart analysis.
SPICA325 coach: [578, 0] no player type for opponent 10. restart analysis.
SPICA325 coach: [581, 0] no player type for opponent 10. restart analysis.
CYRUS_VANILLA coach: [582, 0] no player type for opponent 5. restart analysis.
SPICA325 coach: [589, 0] no player type for opponent 10. restart analysis.
SPICA325 coach: [590, 0] no player type for opponent 10. restart analysis.
CYRUS_VANILLA coach: [592, 0] no player type for opponent 5. restart analysis.
CYRUS_VANILLA coach: [594, 0] no player type for opponent 5. restart analysis.
CYRUS_VANILLA coach: [596, 0] no player type for opponent 3. restart analysis.
SPICA325 coach: [601, 0] updated clang capacity.
CYRUS_VANILLA coach: [601, 0] updated clang capacity.
CYRUS_VANILLA coach: [605, 0] no player type for opponent 5. restart analysis.
SPICA325 coach: [605, 0] no player type for opponent 10. restart analysis.
SPICA325 coach: [608, 0] no player type for opponent 10. restart analysis.
CYRUS_VANILLA coach: [608, 0] no player type for opponent 3. restart analysis.
CYRUS_VANILLA coach: [610, 0] no player type for opponent 3. restart analysis.
SPICA325 coach: [611, 0] no player type for opponent 10. restart analysis.
CYRUS_VANILLA coach: [612, 0] no player type for opponent 5. restart analysis.
SPICA325 coach: [619, 0] no player type for opponent 10. restart analysis.
SPICA325 coach: [620, 0] no player type for opponent 10. restart analysis.
SPICA325 coach: [624, 0] no player type for opponent 10. restart analysis.
CYRUS_VANILLA coach: [625, 0] determined opponent 5 type = 6
CYRUS_VANILLA coach: [634, 0] no player type for opponent 3. restart analysis.
CYRUS_VANILLA coach: [636, 0] no player type for opponent 3. restart analysis.
CYRUS_VANILLA coach: [640, 0] no player type for opponent 3. restart analysis.
CYRUS_VANILLA coach: [642, 0] no player type for opponent 3. restart analysis.
CYRUS_VANILLA coach: [645, 0] no player type for opponent 3. restart analysis.
CYRUS_VANILLA coach: [650, 0] no player type for opponent 3. restart analysis.
SPICA325 coach: [652, 0] no player type for opponent 10. restart analysis.
CYRUS_VANILLA coach: [653, 0] no player type for opponent 3. restart analysis.
SPICA325 coach: [653, 0] no player type for opponent 10. restart analysis.
SPICA325 coach: [657, 0] no player type for opponent 10. restart analysis.
SPICA325 coach: [659, 0] no player type for opponent 10. restart analysis.
SPICA325 coach: [662, 0] no player type for opponent 10. restart analysis.
SPICA325 coach: [663, 0] no player type for opponent 10. restart analysis.
CYRUS_VANILLA coach: [676, 0] sent freeform (player_types (1 0)(2 12)(3 -1)(4 2)(5 6)(6 5)(7 13)(8 3)(9 8)(10 1)(11 4))
CYRUS_VANILLA coach: [676, 0] freeform 2 / 128
SPICA325 coach: [690, 0] no player type for opponent 10. restart analysis.
CYRUS_VANILLA coach: [695, 0] no player type for opponent 3. restart analysis.
CYRUS_VANILLA coach: [697, 0] no player type for opponent 3. restart analysis.
CYRUS_VANILLA coach: [706, 0] no player type for opponent 3. restart analysis.
CYRUS_VANILLA coach: [707, 0] no player type for opponent 3. restart analysis.
CYRUS_VANILLA coach: [708, 0] no player type for opponent 3. restart analysis.
SPICA325 coach: [710, 0] no player type for opponent 10. restart analysis.
CYRUS_VANILLA coach: [711, 0] no player type for opponent 3. restart analysis.
CYRUS_VANILLA coach: [718, 0] no player type for opponent 3. restart analysis.
CYRUS_VANILLA coach: [719, 0] no player type for opponent 3. restart analysis.
CYRUS_VANILLA coach: [720, 0] no player type for opponent 3. restart analysis.
SPICA325 coach: [813, 0] determined opponent 10 type = 1
CYRUS_VANILLA coach: [820, 0] no player type for opponent 3. restart analysis.
CYRUS_VANILLA coach: [822, 0] no player type for opponent 3. restart analysis.
layerSize: 3
CYRUS_VANILLA coach: [828, 0] no player type for opponent 3. restart analysis.
CYRUS_VANILLA coach: [877, 0] no player type for opponent 3. restart analysis.
CYRUS_VANILLA coach: [901, 0] updated clang capacity.
SPICA325 coach: [901, 0] updated clang capacity.
CYRUS_VANILLA coach: [954, 0] no player type for opponent 3. restart analysis.
CYRUS_VANILLA coach: [965, 0] no player type for opponent 3. restart analysis.
CYRUS_VANILLA coach: [980, 0] no player type for opponent 3. restart analysis.
CYRUS_VANILLA coach: [985, 0] no player type for opponent 3. restart analysis.
CYRUS_VANILLA coach: [1062, 0] no player type for opponent 3. restart analysis.
CYRUS_VANILLA coach: [1087, 0] no player type for opponent 3. restart analysis.
CYRUS_VANILLA coach: [1094, 0] no player type for opponent 3. restart analysis.
CYRUS_VANILLA coach: [1112, 0] no player type for opponent 3. restart analysis.
CYRUS_VANILLA coach: [1154, 0] no player type for opponent 3. restart analysis.
CYRUS_VANILLA coach: [1161, 0] no player type for opponent 3. restart analysis.
CYRUS_VANILLA coach: [1173, 0] no player type for opponent 3. restart analysis.
CYRUS_VANILLA coach: [1181, 0] no player type for opponent 3. restart analysis.
CYRUS_VANILLA coach: [1185, 0] no player type for opponent 3. restart analysis.
CYRUS_VANILLA coach: [1199, 0] no player type for opponent 3. restart analysis.
CYRUS_VANILLA coach: [1200, 0] no player type for opponent 3. restart analysis.
SPICA325 coach: [1201, 0] updated clang capacity.
CYRUS_VANILLA coach: [1201, 0] updated clang capacity.
CYRUS_VANILLA coach: [1211, 0] no player type for opponent 3. restart analysis.
CYRUS_VANILLA coach: [1235, 0] no player type for opponent 3. restart analysis.
SPICA325 8: [1241, 0] lost kick by foul at [1241, 0] sense=11 internal=12
SPICA325 coach: [1241, 1] sent freeform (player_types (1 0)(2 12)(3 17)(4 2)(5 6)(6 5)(7 13)(8 3)(9 8)(10 1)(11 4))
SPICA325 coach: [1241, 1] freeform 2 / 128
CYRUS_VANILLA coach: [1357, 0] no player type for opponent 3. restart analysis.
CYRUS_VANILLA coach: [1490, 0] no player type for opponent 3. restart analysis.
CYRUS_VANILLA coach: [1494, 0] no player type for opponent 3. restart analysis.
CYRUS_VANILLA coach: [1501, 0] updated clang capacity.
SPICA325 coach: [1501, 0] updated clang capacity.
CYRUS_VANILLA coach: [1534, 0] no player type for opponent 3. restart analysis.
CYRUS_VANILLA coach: [1566, 0] no player type for opponent 3. restart analysis.
CYRUS_VANILLA coach: [1570, 0] no player type for opponent 3. restart analysis.
CYRUS_VANILLA coach: [1571, 0] no player type for opponent 3. restart analysis.
CYRUS_VANILLA coach: [1580, 0] no player type for opponent 3. restart analysis.
CYRUS_VANILLA coach: [1582, 0] no player type for opponent 3. restart analysis.
CYRUS_VANILLA coach: [1583, 0] no player type for opponent 3. restart analysis.
CYRUS_VANILLA coach: [1584, 0] no player type for opponent 3. restart analysis.
CYRUS_VANILLA 7: [1589, 0]  WARNING. no turn_neck.
CYRUS_VANILLA 7: [1590, 0]  WARNING. no turn_neck.
CYRUS_VANILLA coach: [1598, 0] no player type for opponent 3. restart analysis.
CYRUS_VANILLA coach: [1599, 0] no player type for opponent 3. restart analysis.
CYRUS_VANILLA coach: [1601, 0] no player type for opponent 3. restart analysis.
CYRUS_VANILLA coach: [1623, 0] no player type for opponent 3. restart analysis.
CYRUS_VANILLA coach: [1649, 0] no player type for opponent 3. restart analysis.
CYRUS_VANILLA coach: [1661, 0] no player type for opponent 3. restart analysis.
CYRUS_VANILLA coach: [1662, 0] no player type for opponent 3. restart analysis.
CYRUS_VANILLA coach: [1665, 0] no player type for opponent 3. restart analysis.
CYRUS_VANILLA coach: [1673, 0] no player type for opponent 3. restart analysis.
CYRUS_VANILLA coach: [1680, 0] no player type for opponent 3. restart analysis.
CYRUS_VANILLA coach: [1681, 0] no player type for opponent 3. restart analysis.
CYRUS_VANILLA coach: [1741, 0] no player type for opponent 3. restart analysis.
SPICA325 coach: [1801, 0] updated clang capacity.
CYRUS_VANILLA coach: [1801, 0] updated clang capacity.
CYRUS_VANILLA coach: [1901, 0] determined opponent 3 type = 17
SPICA325CYRUS_VANILLA coach: [ coach: [2101, 21010, ]0 updated clang capacity.] updated clang capacity.

CYRUS_VANILLA coach: [2172, 0] sent freeform (player_types (1 0)(2 12)(3 17)(4 2)(5 6)(6 5)(7 13)(8 3)(9 8)(10 1)(11 4))
CYRUS_VANILLA coach: [2172, 0] freeform 3 / 128
CYRUS_VANILLA 4: [2172, 0] lost kick by foul at [2172, 0] sense=18 internal=19
SPICA325 7: [2400, 0]  WARNING. no body command.
CYRUS_VANILLA coach: [2401, 0] updated clang capacity.
SPICA325 coach: [2401, 0] updated clang capacity.
CYRUS_VANILLA 6: [2423, 0] lost kick by foul at [2423, 0] sense=19 internal=20
SPICA325 coach: [2701, 0] updated clang capacity.
CYRUS_VANILLA coach: [2701, 0] updated clang capacity.
CYRUS_VANILLA 4: [2772, 0] lost kick by foul at [2772, 0] sense=29 internal=30
Waiting to kick off
Kick_off_right
SPICA325 coach: [3001, 0] updated clang capacity.
CYRUS_VANILLA coach: [3001, 0] updated clang capacity.
CYRUS_VANILLA 5: [3133, 0]  WARNING. no turn_neck.
SPICA325 coach: [3301, 0] updated clang capacity.
CYRUS_VANILLA coach: [3301, 0] updated clang capacity.
SPICA325 11: [3321, 0] lost kick by foul at [3321, 0] sense=65 internal=66
SPICA325 coach: [3601, 0] updated clang capacity.
CYRUS_VANILLA coach: [3601, 0] updated clang capacity.
SPICA325 coach: [3901, 0] updated clang capacity.
CYRUS_VANILLA coach: [3901, 0] updated clang capacity.
CYRUS_VANILLA 7: [4154, 0] lost kick? at [4154, 0] sense=77 internal=78
SPICA325 coach: [4201, 0] updated clang capacity.
CYRUS_VANILLA coach: [4201, 0] updated clang capacity.
CYRUS_VANILLA 7: [4349, 0]  WARNING. no turn_neck.
CYRUS_VANILLA 7: [4350, 0]  WARNING. no turn_neck.
CYRUS_VANILLA 9: [4395, 0]  WARNING. no turn_neck.
CYRUS_VANILLA 9: [4396, 0]  WARNING. no turn_neck.
CYRUS_VANILLA 9: [4397, 0]  WARNING. no turn_neck.
CYRUS_VANILLA coach: [4501, 0] updated clang capacity.
SPICA325 coach: [4501, 0] updated clang capacity.
SPICA325 11: [4643, 0] lost kick? at [4643, 0] sense=82 internal=83
CYRUS_VANILLA coach: [4801, 0] updated clang capacity.
SPICA325 coach: [4801, 0] updated clang capacity.
CYRUS_VANILLA 6: [5031, 0] lost kick by foul at [5031, 0] sense=34 internal=35
SPICA325 coach: [5101, 0] updated clang capacity.
CYRUS_VANILLA coach: [5101, 0] updated clang capacity.
SPICA325 8: [5131, 0]  WARNING. no body command.
SPICA325 10: [5131, 0]  WARNING. no body command.
SPICA325 10: [5215, 0] lost kick by foul at [5215, 0] sense=89 internal=90
CYRUS_VANILLA 5: [5260, 0] lost kick by foul at [5260, 0] sense=40 internal=41
SPICA325 coach: [5401, 0] updated clang capacity.
CYRUS_VANILLA coach: [5401, 0] updated clang capacity.
SPICA325 9: [5437, 0]  WARNING. no body command.
CYRUS_VANILLA coach: [5701, 0] updated clang capacity.
SPICA325 coach: [5701, 0] updated clang capacity.
SPICA325 11: finished.
SPICA325 1: finished.
SPICA325 6: finished.
CYRUS_VANILLA coach: [6000, 0] new freeform allowed 256
CYRUS_VANILLA coach: finished.
SPICA325 4: finished.
CYRUS_VANILLA 2: finished.
CYRUS_VANILLA 3: finished.
CYRUS_VANILLA 1: finished.
CYRUS_VANILLA 10: finished.
SPICA325 coach: [6000, 0] new freeform allowed 256
SPICA325 coach: finished.
CYRUS_VANILLA 5: finished.
CYRUS_VANILLA 8: finished.
CYRUS_VANILLA 6: finished.
SPICA325 10: finished.
SPICA325 9: finished.
SPICA325 5: finished.
CYRUS_VANILLA 4: finished.
SPICA325 8: finished.
CYRUS_VANILLA 11: finished.
CYRUS_VANILLA 7: finished.
CYRUS_VANILLA 9: finished.
SPICA325 2: finished.
SPICA325 3: finished.
SPICA325 7: finished.
Waiting after end of match
A player disconnected : (SPICA325 5)
A player disconnected : (SPICA325 6)
A player disconnected : (CYRUS_VANILLA 10)
A player disconnected : (SPICA325 4)
A player disconnected : (CYRUS_VANILLA 5)
A player disconnected : (CYRUS_VANILLA 4)
A player disconnected : (CYRUS_VANILLA 1)
A player disconnected : (SPICA325 1)
A player disconnected : (CYRUS_VANILLA 3)
A player disconnected : (CYRUS_VANILLA 2)
A player disconnected : (SPICA325 7)
A player disconnected : (CYRUS_VANILLA 6)
A player disconnected : (SPICA325 11)
A player disconnected : (SPICA325 2)
A player disconnected : (SPICA325 9)
A player disconnected : (CYRUS_VANILLA 8)
A player disconnected : (SPICA325 8)
A player disconnected : (SPICA325 10)
An online coach disconnected : (CYRUS_VANILLA)
An online coach disconnected : (SPICA325)
A player disconnected : (CYRUS_VANILLA 7)
A player disconnected : (CYRUS_VANILLA 11)
A player disconnected : (SPICA325 3)
A player disconnected : (CYRUS_VANILLA 9)
Killing 31364
Killing 31377

Game Over. Exiting...

Saving Results:
	CSVSaver: saving...
	CSVSaver: ...disabled
	STDOutSaver: saving...

Game Results:
	2026-06-27 09:13:14
	'SPICA325' vs 'CYRUS_VANILLA'
	Score: 0 - 0
 
	STDOutSaver: ...saved

Saving Results Complete
