rcssserver-19.0.0

Copyright (C) 1995, 1996, 1997, 1998, 1999 Electrotechnical Laboratory.
2000 - RoboCup Soccer Simulator Maintenance Group.

Simulator Random Seed: 1782549263
CSVSaver: Ready
STDOutSaver: Ready
Using simulator's random seed as Hetero Player Seed: 1782549263
******************************************************************
 HELIOS base
 Created by Hidehisa Akiyama and Hiroki Shimora
 Copyright 2000-2007.  Hidehisa Akiyama
 Copyright 2007-2011.  Hidehisa Akiyama and Hiroki Shimora
 All rights reserved.
******************************************************************
PING localhost (127.0.0.1) 56(84) bytes of data.
64 bytes from localhost (127.0.0.1): icmp_seq=1 ttl=64 time=0.033 ms

--- localhost ping statistics ---
1 packets transmitted, 1 received, 0% packet loss, time 0ms
rtt min/avg/max/mdev = 0.033/0.033/0.033/0.000 ms
******************************************************************
 librcsc 
 Copyright 2000 - 2007. Hidehisa Akiyama.
 Copyright 2007 - 2011. Hidehisa Akiyama and Hiroki Shimora
 Copyright 2011 -  Hidehisa Akiyama, Hiroki Shimora
   Takuya Fukushima (2019-)
 All rights reserved.
******************************************************************
*****************************************************************
 This program is based on agent2d created by Hidehisa Akiyama.
 Copyright 2006 - 2011. Hidehisa Akiyama and Hiroki Shimora.
 All rights reserved.
*****************************************************************
SPICA325: init ok.  unum: 1 side: l
SPICA325 1: [-1, 0] (v18+) force synch see mode.
wind factor: rand: 0.000000, vector: (0.000000, 0.000000)

Hit CTRL-C to exit
Starting "/bin/sh -c scripts/team_launchers/spica325_left.sh"
Waiting for players to connect
A new (v18) player (SPICA325 1) connected.
******************************************************************
 HELIOS base
 Created by Hidehisa Akiyama and Hiroki Shimora
 Copyright 2000-2007.  Hidehisa Akiyama
 Copyright 2007-2011.  Hidehisa Akiyama and Hiroki Shimora
 All rights reserved.
******************************************************************
PING localhost (127.0.0.1) 56(84) bytes of data.
64 bytes from localhost (127.0.0.1): icmp_seq=1 ttl=64 time=0.016 ms

--- localhost ping statistics ---
1 packets transmitted, 1 received, 0% packet loss, time 0ms
rtt min/avg/max/mdev = 0.016/0.016/0.016/0.000 ms
******************************************************************
 librcsc 
 Copyright 2000 - 2007. Hidehisa Akiyama.
 Copyright 2007 - 2011. Hidehisa Akiyama and Hiroki Shimora
 Copyright 2011 -  Hidehisa Akiyama, Hiroki Shimora
   Takuya Fukushima (2019-)
 All rights reserved.
******************************************************************
SPICA325 1:  KickTable created.
SPICA325 1: [-1, 0] set synch see mode.
*****************************************************************
 This program is based on agent2d created by Hidehisa Akiyama.
 Copyright 2006 - 2011. Hidehisa Akiyama and Hiroki Shimora.
 All rights reserved.
*****************************************************************
CYRUS_VANILLA: init ok.  unum: 1 side: r
CYRUS_VANILLA 1: [-1, 0] (v18+) force synch see mode.
Starting "/bin/sh -c scripts/team_launchers/cyrus_vanilla_right.sh"
A new (v18) player (CYRUS_VANILLA 1) connected.
CYRUS_VANILLA 1:  KickTable created.
CYRUS_VANILLA 1: [-1, 0] set synch see mode.
Read Setting: ./data/settings/Other.json
Read Setting: ./data/settings/Other.json
******************************************************************
 librcsc 
 Copyright 2000 - 2007. Hidehisa Akiyama.
 Copyright 2007 - 2011. Hidehisa Akiyama and Hiroki Shimora
 Copyright 2011 -  Hidehisa Akiyama, Hiroki Shimora
   Takuya Fukushima (2019-)
 All rights reserved.
******************************************************************
******************************************************************
 librcsc 
 Copyright 2000 - 2007. Hidehisa Akiyama.
 Copyright 2007 - 2011. Hidehisa Akiyama and Hiroki Shimora
 Copyright 2011 -  Hidehisa Akiyama, Hiroki Shimora
   Takuya Fukushima (2019-)
 All rights reserved.
******************************************************************
******************************************************************
 librcsc 
 Copyright 2000 - 2007. Hidehisa Akiyama.
 Copyright 2007 - 2011. Hidehisa Akiyama and Hiroki Shimora
 Copyright 2011 -  Hidehisa Akiyama, Hiroki Shimora
   Takuya Fukushima (2019-)
 All rights reserved.
******************************************************************
******************************************************************
 librcsc 
 Copyright 2000 - 2007. Hidehisa Akiyama.
 Copyright 2007 - 2011. Hidehisa Akiyama and Hiroki Shimora
 Copyright 2011 -  Hidehisa Akiyama, Hiroki Shimora
   Takuya Fukushima (2019-)
 All rights reserved.
******************************************************************
******************************************************************
 librcsc 
 Copyright 2000 - 2007. Hidehisa Akiyama.
 Copyright 2007 - 2011. Hidehisa Akiyama and Hiroki Shimora
 Copyright 2011 -  Hidehisa Akiyama, Hiroki Shimora
   Takuya Fukushima (2019-)
 All rights reserved.
******************************************************************
******************************************************************
 librcsc 
 Copyright 2000 - 2007. Hidehisa Akiyama.
 Copyright 2007 - 2011. Hidehisa Akiyama and Hiroki Shimora
 Copyright 2011 -  Hidehisa Akiyama, Hiroki Shimora
   Takuya Fukushima (2019-)
 All rights reserved.
******************************************************************
******************************************************************
 librcsc 
 Copyright 2000 - 2007. Hidehisa Akiyama.
 Copyright 2007 - 2011. Hidehisa Akiyama and Hiroki Shimora
 Copyright 2011 -  Hidehisa Akiyama, Hiroki Shimora
   Takuya Fukushima (2019-)
 All rights reserved.
******************************************************************
******************************************************************
 librcsc 
 Copyright 2000 - 2007. Hidehisa Akiyama.
 Copyright 2007 - 2011. Hidehisa Akiyama and Hiroki Shimora
 Copyright 2011 -  Hidehisa Akiyama, Hiroki Shimora
   Takuya Fukushima (2019-)
 All rights reserved.
******************************************************************
*****************************************************************
 This program is based on agent2d created by Hidehisa Akiyama.
 Copyright 2006 - 2011. Hidehisa Akiyama and Hiroki Shimora.
 All rights reserved.
*****************************************************************
******************************************************************
 librcsc 
 Copyright 2000 - 2007. Hidehisa Akiyama.
 Copyright 2007 - 2011. Hidehisa Akiyama and Hiroki Shimora
 Copyright 2011 -  Hidehisa Akiyama, Hiroki Shimora
   Takuya Fukushima (2019-)
 All rights reserved.
******************************************************************
******************************************************************
 librcsc 
 Copyright 2000 - 2007. Hidehisa Akiyama.
 Copyright 2007 - 2011. Hidehisa Akiyama and Hiroki Shimora
 Copyright 2011 -  Hidehisa Akiyama, Hiroki Shimora
   Takuya Fukushima (2019-)
 All rights reserved.
******************************************************************
SPICA325: init ok.  unum: 2 side: l
SPICA325 2: [-1, 0] (v18+) force synch see mode.
A new (v18) player (SPICA325 2) connected.
******************************************************************
 librcsc 
 Copyright 2000 - 2007. Hidehisa Akiyama.
 Copyright 2007 - 2011. Hidehisa Akiyama and Hiroki Shimora
 Copyright 2011 -  Hidehisa Akiyama, Hiroki Shimora
   Takuya Fukushima (2019-)
 All rights reserved.
******************************************************************
*****************************************************************
 This program is based on agent2d created by Hidehisa Akiyama.
 Copyright 2006 - 2011. Hidehisa Akiyama and Hiroki Shimora.
 All rights reserved.
*****************************************************************
*****************************************************************
 This program is based on agent2d created by Hidehisa Akiyama.
 Copyright 2006 - 2011. Hidehisa Akiyama and Hiroki Shimora.
 All rights reserved.
*****************************************************************
*****************************************************************
 This program is based on agent2d created by Hidehisa Akiyama.
 Copyright 2006 - 2011. Hidehisa Akiyama and Hiroki Shimora.
 All rights reserved.
*****************************************************************
******************************************************************
 librcsc 
 Copyright 2000 - 2007. Hidehisa Akiyama.
 Copyright 2007 - 2011. Hidehisa Akiyama and Hiroki Shimora
 Copyright 2011 -  Hidehisa Akiyama, Hiroki Shimora
   Takuya Fukushima (2019-)
 All rights reserved.
******************************************************************
*****************************************************************
 This program is based on agent2d created by Hidehisa Akiyama.
 Copyright 2006 - 2011. Hidehisa Akiyama and Hiroki Shimora.
 All rights reserved.
*****************************************************************
*****************************************************************
 This program is based on agent2d created by Hidehisa Akiyama.
 Copyright 2006 - 2011. Hidehisa Akiyama and Hiroki Shimora.
 All rights reserved.
*****************************************************************
A new (v18) player (SPICA325 3) connected.
SPICA325: init ok.  unum: 4 side: l
SPICA325 4: [-1, 0] (v18+) force synch see mode.
******************************************************************
 librcsc 
 Copyright 2000 - 2007. Hidehisa Akiyama.
 Copyright 2007 - 2011. Hidehisa Akiyama and Hiroki Shimora
 Copyright 2011 -  Hidehisa Akiyama, Hiroki Shimora
   Takuya Fukushima (2019-)
 All rights reserved.
******************************************************************
*****************************************************************
 This program is based on agent2d created by Hidehisa Akiyama.
 Copyright 2006 - 2011. Hidehisa Akiyama and Hiroki Shimora.
 All rights reserved.
*****************************************************************
SPICA325: init ok.  unum: 3 side: l
A new (v18) player (SPICA325 4) connected.
SPICA325 3: [-1, 0] (v18+) force synch see mode.
A new (v18) player (SPICA325 5) connected.
A new (v18) player (SPICA325 6) connected.
A new (v18) online coach (SPICA325) connected.
******************************************************************
 librcsc 
 Copyright 2000 - 2007. Hidehisa Akiyama.
 Copyright 2007 - 2011. Hidehisa Akiyama and Hiroki Shimora
 Copyright 2011 -  Hidehisa Akiyama, Hiroki Shimora
   Takuya Fukushima (2019-)
 All rights reserved.
******************************************************************
SPICA325 2:  KickTable created.
SPICA325 2: [-1, 0] set synch see mode.
SPICA325: init ok.  unum: 5 side: l
SPICA325 5: [-1, 0] (v18+) force synch see mode.
SPICA325 coach: [-1, 0] recv (ok eye on)
SPICA325: init ok.  unum: 6 side: l
SPICA325 6: [-1, 0] (v18+) force synch see mode.
******************************************************************
 librcsc 
 Copyright 2000 - 2007. Hidehisa Akiyama.
 Copyright 2007 - 2011. Hidehisa Akiyama and Hiroki Shimora
 Copyright 2011 -  Hidehisa Akiyama, Hiroki Shimora
   Takuya Fukushima (2019-)
 All rights reserved.
******************************************************************
*****************************************************************
 This program is based on agent2d created by Hidehisa Akiyama.
 Copyright 2006 - 2011. Hidehisa Akiyama and Hiroki Shimora.
 All rights reserved.
*****************************************************************
******************************************************************
 librcsc 
 Copyright 2000 - 2007. Hidehisa Akiyama.
 Copyright 2007 - 2011. Hidehisa Akiyama and Hiroki Shimora
 Copyright 2011 -  Hidehisa Akiyama, Hiroki Shimora
   Takuya Fukushima (2019-)
 All rights reserved.
******************************************************************
******************************************************************
 librcsc 
 Copyright 2000 - 2007. Hidehisa Akiyama.
 Copyright 2007 - 2011. Hidehisa Akiyama and Hiroki Shimora
 Copyright 2011 -  Hidehisa Akiyama, Hiroki Shimora
   Takuya Fukushima (2019-)
 All rights reserved.
******************************************************************
******************************************************************
 librcsc 
 Copyright 2000 - 2007. Hidehisa Akiyama.
 Copyright 2007 - 2011. Hidehisa Akiyama and Hiroki Shimora
 Copyright 2011 -  Hidehisa Akiyama, Hiroki Shimora
   Takuya Fukushima (2019-)
 All rights reserved.
******************************************************************
SPICA325 4:  KickTable created.
SPICA325 4: [-1, 0] set synch see mode.
*****************************************************************
 This program is based on agent2d created by Hidehisa Akiyama.
 Copyright 2006 - 2011. Hidehisa Akiyama and Hiroki Shimora.
 All rights reserved.
*****************************************************************
Read Setting: ./data/settings/Other.json
SPICA325: init ok.  unum: 7 side: l
SPICA325 7: [-1, 0] (v18+) force synch see mode.
A new (v18) player (SPICA325 7) connected.
A new (v18) player (SPICA325 8) connected.
A new (v18) player (SPICA325 9) connected.
SPICA325: init ok.  unum: 8 side: l
SPICA325 8: [-1, 0] (v18+) force synch see mode.
******************************************************************
 librcsc 
 Copyright 2000 - 2007. Hidehisa Akiyama.
 Copyright 2007 - 2011. Hidehisa Akiyama and Hiroki Shimora
 Copyright 2011 -  Hidehisa Akiyama, Hiroki Shimora
   Takuya Fukushima (2019-)
 All rights reserved.
******************************************************************
*****************************************************************
 This program is based on agent2d created by Hidehisa Akiyama.
 Copyright 2006 - 2011. Hidehisa Akiyama and Hiroki Shimora.
 All rights reserved.
*****************************************************************
SPICA325: init ok.  unum: 9 side: l
SPICA325 9: [-1, 0] (v18+) force synch see mode.
A new (v18) player (SPICA325 10) connected.
SPICA325: init ok.  unum: 10 side: l
SPICA325 10: [-1, 0] (v18+) force synch see mode.
******************************************************************
 librcsc 
 Copyright 2000 - 2007. Hidehisa Akiyama.
 Copyright 2007 - 2011. Hidehisa Akiyama and Hiroki Shimora
 Copyright 2011 -  Hidehisa Akiyama, Hiroki Shimora
   Takuya Fukushima (2019-)
 All rights reserved.
******************************************************************
******************************************************************
 librcsc 
 Copyright 2000 - 2007. Hidehisa Akiyama.
 Copyright 2007 - 2011. Hidehisa Akiyama and Hiroki Shimora
 Copyright 2011 -  Hidehisa Akiyama, Hiroki Shimora
   Takuya Fukushima (2019-)
 All rights reserved.
******************************************************************
*****************************************************************
 This program is based on agent2d created by Hidehisa Akiyama.
 Copyright 2006 - 2011. Hidehisa Akiyama and Hiroki Shimora.
 All rights reserved.
*****************************************************************
A new (v18) player (SPICA325 11) connected.
SPICA325: init ok.  unum: 11 side: l
SPICA325 11: [-1, 0] (v18+) force synch see mode.
SPICA325 5:  KickTable created.
******************************************************************
 librcsc 
 Copyright 2000 - 2007. Hidehisa Akiyama.
 Copyright 2007 - 2011. Hidehisa Akiyama and Hiroki Shimora
 Copyright 2011 -  Hidehisa Akiyama, Hiroki Shimora
   Takuya Fukushima (2019-)
 All rights reserved.
******************************************************************
*****************************************************************
 This program is based on agent2d created by Hidehisa Akiyama.
 Copyright 2006 - 2011. Hidehisa Akiyama and Hiroki Shimora.
 All rights reserved.
*****************************************************************
SPICA325 6:  KickTable created.
SPICA325 6: [-1, 0] set synch see mode.
A new (v18) online coach (CYRUS_VANILLA) connected.
SPICA325 3:  KickTable created.
SPICA325 3: [-1, 0] set synch see mode.
SPICA325 5: [-1, 0] set synch see mode.
CYRUS_VANILLA coach: [-1, 0] recv (ok eye on)
*****************************************************************
 This program is based on agent2d created by Hidehisa Akiyama.
 Copyright 2006 - 2011. Hidehisa Akiyama and Hiroki Shimora.
 All rights reserved.
*****************************************************************
*****************************************************************
 This program is based on agent2d created by Hidehisa Akiyama.
 Copyright 2006 - 2011. Hidehisa Akiyama and Hiroki Shimora.
 All rights reserved.
*****************************************************************
SPICA325 7:  KickTable created.
SPICA325 7: [-1, 0] set synch see mode.
*****************************************************************
 This program is based on agent2d created by Hidehisa Akiyama.
 Copyright 2006 - 2011. Hidehisa Akiyama and Hiroki Shimora.
 All rights reserved.
*****************************************************************
SPICA325 8:  KickTable created.
*****************************************************************
 This program is based on agent2d created by Hidehisa Akiyama.
 Copyright 2006 - 2011. Hidehisa Akiyama and Hiroki Shimora.
 All rights reserved.
*****************************************************************
SPICA325 8: [-1, 0] set synch see mode.
SPICA325 9:  KickTable created.
*****************************************************************
 This program is based on agent2d created by Hidehisa Akiyama.
 Copyright 2006 - 2011. Hidehisa Akiyama and Hiroki Shimora.
 All rights reserved.
*****************************************************************
SPICA325 9: [-1, 0] set synch see mode.
*****************************************************************
 This program is based on agent2d created by Hidehisa Akiyama.
 Copyright 2006 - 2011. Hidehisa Akiyama and Hiroki Shimora.
 All rights reserved.
*****************************************************************
SPICA325 10:  KickTable created.
SPICA325 10: [-1, 0] set synch see mode.
*****************************************************************
 This program is based on agent2d created by Hidehisa Akiyama.
 Copyright 2006 - 2011. Hidehisa Akiyama and Hiroki Shimora.
 All rights reserved.
*****************************************************************
*****************************************************************
 This program is based on agent2d created by Hidehisa Akiyama.
 Copyright 2006 - 2011. Hidehisa Akiyama and Hiroki Shimora.
 All rights reserved.
*****************************************************************
*****************************************************************
 This program is based on agent2d created by Hidehisa Akiyama.
 Copyright 2006 - 2011. Hidehisa Akiyama and Hiroki Shimora.
 All rights reserved.
*****************************************************************
Read Setting: ./data/settings/Other.json
Read Setting: ./data/settings/Other.json
Read Setting: ./data/settings/Other.json
Read Setting: ./data/settings/Other.json
CYRUS_VANILLA: init ok.  unum: 2 side: r
CYRUS_VANILLA 2: [-1, 0] (v18+) force synch see mode.
SPICA325 11:  KickTable created.
SPICA325 11: [-1, 0] set synch see mode.
A new (v18) player (CYRUS_VANILLA 2) connected.
CYRUS_VANILLA: init ok.  unum: 3 side: r
CYRUS_VANILLA 3: [-1, 0] (v18+) force synch see mode.
*****************************************************************
 This program is based on agent2d created by Hidehisa Akiyama.
 Copyright 2006 - 2011. Hidehisa Akiyama and Hiroki Shimora.
 All rights reserved.
*****************************************************************
A new (v18) player (CYRUS_VANILLA 3) connected.
CYRUS_VANILLA: init ok.  unum: 4 side: r
CYRUS_VANILLA 4: [-1, 0] (v18+) force synch see mode.
A new (v18) player (CYRUS_VANILLA 4) connected.
CYRUS_VANILLA: init ok.  unum: 5 side: r
CYRUS_VANILLA 5: [-1, 0] (v18+) force synch see mode.
A new (v18) player (CYRUS_VANILLA 5) connected.
A new (v18) player (CYRUS_VANILLA 6) connected.
CYRUS_VANILLA: init ok.  unum: 7 side: r
CYRUS_VANILLA 7: [-1, 0] (v18+) force synch see mode.
A new (v18) player (CYRUS_VANILLA 7) connected.
A new (v18) player (CYRUS_VANILLA 8) connected.
A new (v18) player (CYRUS_VANILLA 9) connected.
A new (v18) player (CYRUS_VANILLA 10) connected.
CYRUS_VANILLA: init ok.  unum: 6 side: r
CYRUS_VANILLA 6: [-1, 0] (v18+) force synch see mode.
CYRUS_VANILLA: init ok.  unum: 8 side: r
CYRUS_VANILLA 8: [-1, 0] (v18+) force synch see mode.
CYRUS_VANILLACYRUS_VANILLA: init ok.  unum: : init ok.  unum: 9 side: 10r side: 
r
CYRUS_VANILLA 9: [-1, 0] (v18+) force synch see mode.
CYRUS_VANILLA 10: [-1, 0] (v18+) force synch see mode.
CYRUS_VANILLA: init ok.  unum: 11 side: r
CYRUS_VANILLA 11: [-1, 0] (v18+) force synch see mode.
A new (v18) player (CYRUS_VANILLA 11) connected.
CYRUS_VANILLA 2:  KickTable created.
CYRUS_VANILLA 2: [-1, 0] set synch see mode.
CYRUS_VANILLA 5:  KickTable created.
CYRUS_VANILLA 3:  KickTable created.
CYRUS_VANILLA 3: [-1, 0] set synch see mode.
CYRUS_VANILLA 5: [-1, 0] set synch see mode.
CYRUS_VANILLA 10:  KickTable created.
CYRUS_VANILLA 10: [-1, 0] set synch see mode.
CYRUS_VANILLA 11:  KickTable created.
CYRUS_VANILLA 4:  KickTable created.
CYRUS_VANILLA 6:  KickTable created.
CYRUS_VANILLA 11: [-1, 0] set synch see mode.
CYRUS_VANILLA 4: [-1, 0] set synch see mode.
CYRUS_VANILLA 6: [-1, 0] set synch see mode.
Read Setting: ./data/settings/Other.json
Read Setting: ./data/settings/Other.json
Read Setting: ./data/settings/Other.json
Read Setting: ./data/settings/Other.json
Read Setting: ./data/settings/Other.json
CYRUS_VANILLA 8:  KickTable created.
CYRUS_VANILLA 9:  KickTable created.
CYRUS_VANILLA 8: [-1, 0] set synch see mode.
CYRUS_VANILLA 9: [-1, 0] set synch see mode.
CYRUS_VANILLA 7:  KickTable created.
CYRUS_VANILLA 7: [-1, 0] set synch see mode.
id speed step inc  power  stam  karea
 0 1.000   6  45.0 100.0  55.0  1.085
 1 0.784   5  49.5 100.0  50.5  1.038
 2 1.047   7  41.7 100.0  58.3  1.049
 3 0.906   5  41.3 100.0  58.7  1.147
 4 0.870   6  51.1 100.0  48.9  1.073
 5 0.864   5  46.4 100.0  53.6  1.074
 6 0.856   5  46.8 100.0  53.2  1.167
 7 0.818   6  48.9 100.0  51.1  0.995
 8 0.876   4  40.4 100.0  59.6  1.024
 9 0.754   5  47.1 100.0  52.9  0.985
 10 0.825   5  45.4 100.0  54.6  1.023
 11 0.821   6  48.4 100.0  51.6  0.993
 12 0.803   5  48.1 100.0  51.9  1.183
 13 0.864   6  46.7 100.0  53.3  1.158
 14 0.972   5  40.5 100.0  59.5  1.154
 15 0.811   5  48.0 100.0  52.0  1.061
 16 0.775   5  44.9 100.0  55.1  1.125
 17 0.785   6  50.2 100.0  49.8  0.997
$$$$$$$$$$$$$$$$$$$$$$$$isother
SPICA325 coach: change player 1 to type 0
SPICA325 coach: change player 9 to type 2
SPICA325 coach: change player 2 to type 14
SPICA325 coach: change player 11 to type 3
SPICA325 coach: change player 4 to type 8
SPICA325 coach: change player 10 to type 6
SPICA325 coach: change player 3 to type 5
SPICA325 coach: change player 5 to type 4
SPICA325 coach: change player 7 to type 13
SPICA325 coach: change player 8 to type 10
SPICA325 coach: change player 6 to type 12
id speed step inc  power  stam  karea
 0 1.000   6  45.0 100.0  55.0  1.085
 1 0.784   5  49.5 100.0  50.5  1.038
 2 1.047   7  41.7 100.0  58.3  1.049
 3 0.906   5  41.3 100.0  58.7  1.147
 4 0.870   6  51.1 100.0  48.9  1.073
 5 0.864   5  46.4 100.0  53.6  1.074
 6 0.856   5  46.8 100.0  53.2  1.167
 7 0.818   6  48.9 100.0  51.1  0.995
 8 0.876   4  40.4 100.0  59.6  1.024
 9 0.754   5  47.1 100.0  52.9  0.985
 10 0.825   5  45.4 100.0  54.6  1.023
 11 0.821   6  48.4 100.0  51.6  0.993
 12 0.803   5  48.1 100.0  51.9  1.183
 13 0.864   6  46.7 100.0  53.3  1.158
 14 0.972   5  40.5 100.0  59.5  1.154
 15 0.811   5  48.0 100.0  52.0  1.061
 16 0.775   5  44.9 100.0  55.1  1.125
 17 0.785   6  50.2 100.0  49.8  0.997
$$$$$$$$$$$$$$$$$$$$$$$$isother
CYRUS_VANILLA coach: change player 1 to type 0
CYRUS_VANILLA coach: change player 9 to type 2
CYRUS_VANILLA coach: change player 2 to type 14
CYRUS_VANILLA coach: change player 11 to type 3
CYRUS_VANILLA coach: change player 4 to type 8
CYRUS_VANILLA coach: change player 10 to type 6
CYRUS_VANILLA coach: change player 3 to type 5
CYRUS_VANILLA coach: change player 5 to type 4
CYRUS_VANILLA coach: change player 7 to type 13
CYRUS_VANILLA coach: change player 8 to type 10
CYRUS_VANILLA coach: change player 6 to type 12
Read Setting: ./data/settings/Other.json
Read Setting: ./data/settings/Other.json
Read Setting: ./data/settings/Other.json
Read Setting: ./data/settings/Other.json
Read Setting: ./data/settings/Other.json
Read Setting: ./data/settings/Other.json
Read Setting: ./data/settings/Other.json
Read Setting: ./data/settings/Other.json
Read Setting: ./data/settings/Other.json
Read Setting: ./data/settings/Other.json
Waiting to kick off
Kick_off_left
CYRUS_VANILLA coach: [93, 0] no player type for opponent 7. restart analysis.
CYRUS_VANILLA coach: [94, 0] no player type for opponent 9. restart analysis.
SPICA325 coach: [94, 0] no player type for opponent 2. restart analysis.
SPICA325 coach: [94, 0] no player type for opponent 4. restart analysis.
SPICA325 coach: [95, 0] no player type for opponent 5. restart analysis.
SPICA325 coach: [95, 0] no player type for opponent 3. restart analysis.
CYRUS_VANILLA coach: [95, 0] no player type for opponent 10. restart analysis.
CYRUS_VANILLA coach: [95, 0] no player type for opponent 7. restart analysis.
CYRUS_VANILLA coach: [95, 0] no player type for opponent 9. restart analysis.
SPICA325 coach: [96, 0] no player type for opponent 11. restart analysis.
SPICA325 coach: [96, 0] no player type for opponent 7. restart analysis.
CYRUS_VANILLA coach: [96, 0] no player type for opponent 9. restart analysis.
CYRUS_VANILLA coach: [96, 0] no player type for opponent 2. restart analysis.
SPICA325 coach: [97, 0] no player type for opponent 4. restart analysis.
SPICA325 coach: [97, 0] no player type for opponent 5. restart analysis.
SPICA325 coach: [97, 0] no player type for opponent 7. restart analysis.
CYRUS_VANILLA coach: [97, 0] no player type for opponent 9. restart analysis.
SPICA325 coach: [98, 0] no player type for opponent 4. restart analysis.
SPICA325 coach: [98, 0] determined opponent 8 type = 10
SPICA325 coach: [98, 0] no player type for opponent 10. restart analysis.
SPICA325 coach: [98, 0] no player type for opponent 11. restart analysis.
SPICA325 coach: [98, 0] no player type for opponent 9. restart analysis.
SPICA325 coach: [98, 0] no player type for opponent 5. restart analysis.
CYRUS_VANILLA coach: [99, 0] determined opponent 9 type = 2
CYRUS_VANILLA coach: [99, 0] no player type for opponent 10. restart analysis.
SPICA325 coach: [99, 0] no player type for opponent 10. restart analysis.
SPICA325 coach: [99, 0] no player type for opponent 3. restart analysis.
CYRUS_VANILLA coach: [100, 0] determined opponent 7 type = 13
CYRUS_VANILLA coach: [100, 0] no player type for opponent 8. restart analysis.
SPICA325 coach: [100, 0] no player type for opponent 4. restart analysis.
CYRUS_VANILLA coach: [101, 0] no player type for opponent 2. restart analysis.
SPICA325 coach: [101, 0] no player type for opponent 2. restart analysis.
SPICA325 coach: [101, 0] no player type for opponent 11. restart analysis.
SPICA325 coach: [101, 0] no player type for opponent 9. restart analysis.
SPICA325 coach: [102, 0] no player type for opponent 2. restart analysis.
SPICA325 coach: [102, 0] no player type for opponent 10. restart analysis.
SPICA325 coach: [102, 0] no player type for opponent 7. restart analysis.
SPICA325 coach: [103, 0] no player type for opponent 10. restart analysis.
SPICA325 coach: [103, 0] no player type for opponent 11. restart analysis.
SPICA325 coach: [103, 0] no player type for opponent 9. restart analysis.
SPICA325 coach: [104, 0] no player type for opponent 4. restart analysis.
SPICA325 coach: [104, 0] no player type for opponent 6. restart analysis.
CYRUS_VANILLA coach: [104, 0] no player type for opponent 10. restart analysis.
SPICA325 coach: [105, 0] no player type for opponent 10. restart analysis.
SPICA325 coach: [105, 0] no player type for opponent 6. restart analysis.
SPICA325 coach: [105, 0] no player type for opponent 11. restart analysis.
SPICA325 coach: [105, 0] no player type for opponent 1. restart analysis.
CYRUS_VANILLA coach: [106, 0] no player type for opponent 3. restart analysis.
CYRUS_VANILLA coach: [106, 0] no player type for opponent 5. restart analysis.
CYRUS_VANILLA coach: [106, 0] no player type for opponent 8. restart analysis.
SPICA325 coach: [106, 0] no player type for opponent 10. restart analysis.
SPICA325 coach: [106, 0] no player type for opponent 7. restart analysis.
CYRUS_VANILLA coach: [107, 0] no player type for opponent 11. restart analysis.
CYRUS_VANILLA coach: [107, 0] no player type for opponent 2. restart analysis.
SPICA325 coach: [107, 0] no player type for opponent 4. restart analysis.
SPICA325 coach: [107, 0] no player type for opponent 10. restart analysis.
CYRUS_VANILLA coach: [108, 0] no player type for opponent 11. restart analysis.
CYRUS_VANILLA coach: [108, 0] no player type for opponent 5. restart analysis.
CYRUS_VANILLA coach: [108, 0] no player type for opponent 10. restart analysis.
SPICA325 coach: [109, 0] determined opponent 2 type = 14
SPICA325 coach: [109, 0] no player type for opponent 6. restart analysis.
CYRUS_VANILLA coach: [109, 0] no player type for opponent 3. restart analysis.
SPICA325 coach: [110, 0] no player type for opponent 6. restart analysis.
SPICA325 coach: [110, 0] determined opponent 3 type = 5
CYRUS_VANILLA coach: [110, 0] no player type for opponent 5. restart analysis.
SPICA325 coach: [111, 0] no player type for opponent 10. restart analysis.
SPICA325 coach: [111, 0] no player type for opponent 9. restart analysis.
CYRUS_VANILLA coach: [111, 0] no player type for opponent 3. restart analysis.
SPICA325 coach: [113, 0] no player type for opponent 6. restart analysis.
SPICA325 coach: [113, 0] no player type for opponent 4. restart analysis.
SPICA325 coach: [115, 0] no player type for opponent 7. restart analysis.
SPICA325 coach: [117, 0] no player type for opponent 10. restart analysis.
SPICA325 coach: [118, 0] no player type for opponent 6. restart analysis.
SPICA325 coach: [119, 0] no player type for opponent 4. restart analysis.
SPICA325 coach: [120, 0] no player type for opponent 10. restart analysis.
CYRUS_VANILLA coach: [122, 0] no player type for opponent 6. restart analysis.
SPICA325 coach: [122, 0] no player type for opponent 4. restart analysis.
SPICA325 coach: [123, 0] determined opponent 11 type = 3
SPICA325 coach: [124, 0] no player type for opponent 7. restart analysis.
CYRUS_VANILLA coach: [124, 0] no player type for opponent 10. restart analysis.
CYRUS_VANILLA coach: [124, 0] no player type for opponent 6. restart analysis.
CYRUS_VANILLA coach: [125, 0] no player type for opponent 6. restart analysis.
CYRUS_VANILLA coach: [125, 0] determined opponent 3 type = 5
CYRUS_VANILLA coach: [128, 0] no player type for opponent 11. restart analysis.
CYRUS_VANILLA coach: [128, 0] no player type for opponent 5. restart analysis.
CYRUS_VANILLA coach: [129, 0] determined opponent 10 type = 6
CYRUS_VANILLA coach: [130, 0] no player type for opponent 11. restart analysis.
CYRUS_VANILLA coach: [134, 0] determined opponent 6 type = 12
CYRUS_VANILLA coach: [134, 0] no player type for opponent 8. restart analysis.
CYRUS_VANILLA coach: [135, 0] no player type for opponent 8. restart analysis.
SPICA325 coach: [137, 0] no player type for opponent 10. restart analysis.
SPICA325 coach: [138, 0] no player type for opponent 6. restart analysis.
SPICA325 coach: [138, 0] no player type for opponent 4. restart analysis.
SPICA325 coach: [140, 0] no player type for opponent 7. restart analysis.
SPICA325 coach: [140, 0] determined opponent 9 type = 2
SPICA325 coach: [140, 0] no player type for opponent 6. restart analysis.
SPICA325 coach: [140, 0] no player type for opponent 10. restart analysis.
SPICA325 coach: [141, 0] no player type for opponent 7. restart analysis.
CYRUS_VANILLA coach: [141, 0] determined opponent 1 type = 0
CYRUS_VANILLA coach: [141, 0] determined opponent 11 type = 3
CYRUS_VANILLA coach: [142, 0] no player type for opponent 8. restart analysis.
SPICA325 coach: [143, 0] no player type for opponent 5. restart analysis.
SPICA325 coach: [144, 0] no player type for opponent 6. restart analysis.
SPICA325 coach: [144, 0] no player type for opponent 4. restart analysis.
SPICA325 coach: [145, 0] no player type for opponent 4. restart analysis.
CYRUS_VANILLA coach: [145, 0] no player type for opponent 8. restart analysis.
SPICA325 coach: [146, 0] no player type for opponent 4. restart analysis.
SPICA325 coach: [147, 0] no player type for opponent 4. restart analysis.
CYRUS_VANILLA coach: [150, 0] no player type for opponent 8. restart analysis.
SPICA325 coach: [156, 0] no player type for opponent 7. restart analysis.
CYRUS_VANILLA coach: [156, 0] determined opponent 5 type = 4
SPICA325 coach: [157, 0] no player type for opponent 4. restart analysis.
SPICA325 coach: [158, 0] no player type for opponent 5. restart analysis.
CYRUS_VANILLA coach: [159, 0] no player type for opponent 2. restart analysis.
SPICA325 coach: [160, 0] no player type for opponent 10. restart analysis.
SPICA325 coach: [162, 0] no player type for opponent 10. restart analysis.
SPICA325 coach: [162, 0] no player type for opponent 7. restart analysis.
SPICA325 coach: [164, 0] no player type for opponent 7. restart analysis.
SPICA325 coach: [166, 0] no player type for opponent 5. restart analysis.
SPICA325 coach: [166, 0] determined opponent 6 type = 12
SPICA325 coach: [166, 0] no player type for opponent 4. restart analysis.
SPICA325 coach: [167, 0] no player type for opponent 4. restart analysis.
SPICA325 coach: [168, 0] no player type for opponent 7. restart analysis.
SPICA325 coach: [171, 0] no player type for opponent 7. restart analysis.
CYRUS_VANILLA coach: [173, 0] determined opponent 8 type = 10
SPICA325 coach: [174, 0] no player type for opponent 5. restart analysis.
SPICA325 coach: [174, 0] no player type for opponent 10. restart analysis.
SPICA325 coach: [176, 0] no player type for opponent 7. restart analysis.
SPICA325 coach: [177, 0] no player type for opponent 5. restart analysis.
SPICA325 coach: [178, 0] no player type for opponent 7. restart analysis.
SPICA325 coach: [179, 0] no player type for opponent 5. restart analysis.
SPICA325 coach: [181, 0] no player type for opponent 7. restart analysis.
SPICA325 coach: [181, 0] no player type for opponent 5. restart analysis.
CYRUS_VANILLA coach: [183, 0] no player type for opponent 4. restart analysis.
SPICA325 coach: [185, 0] no player type for opponent 4. restart analysis.
SPICA325 coach: [190, 0] no player type for opponent 4. restart analysis.
SPICA325 coach: [190, 0] no player type for opponent 5. restart analysis.
SPICA325 coach: [191, 0] no player type for opponent 5. restart analysis.
SPICA325 coach: [194, 0] no player type for opponent 4. restart analysis.
SPICA325 coach: [194, 0] no player type for opponent 5. restart analysis.
SPICA325 coach: [205, 0] no player type for opponent 10. restart analysis.
SPICA325 coach: [207, 0] no player type for opponent 4. restart analysis.
SPICA325 coach: [212, 0] determined opponent 7 type = 13
SPICA325 coach: [217, 0] no player type for opponent 5. restart analysis.
SPICA325 coach: [219, 0] no player type for opponent 5. restart analysis.
SPICA325 coach: [221, 0] no player type for opponent 10. restart analysis.
SPICA325 coach: [221, 0] no player type for opponent 5. restart analysis.
SPICA325 coach: [224, 0] no player type for opponent 4. restart analysis.
SPICA325 coach: [225, 0] no player type for opponent 4. restart analysis.
SPICA325 coach: [231, 0] no player type for opponent 10. restart analysis.
SPICA325 coach: [236, 0] no player type for opponent 4. restart analysis.
SPICA325 coach: [237, 0] no player type for opponent 5. restart analysis.
layerSize: 3
SPICA325 coach: [244, 0] no player type for opponent 5. restart analysis.
SPICA325 coach: [244, 0] no player type for opponent 10. restart analysis.
CYRUS_VANILLA coach: [246, 0] determined opponent 2 type = 14
CYRUS_VANILLA coach: [246, 0] determined opponent 4 type = 8
SPICA325 coach: [248, 0] determined opponent 1 type = 0
SPICA325 coach: [252, 0] no player type for opponent 10. restart analysis.
SPICA325 coach: [260, 0] no player type for opponent 4. restart analysis.
SPICA325 coach: [261, 0] no player type for opponent 4. restart analysis.
SPICA325 coach: [262, 0] no player type for opponent 5. restart analysis.
SPICA325 coach: [267, 0] no player type for opponent 10. restart analysis.
SPICA325 coach: [268, 0] no player type for opponent 10. restart analysis.
SPICA325 coach: [280, 0] no player type for opponent 5. restart analysis.
SPICA325 coach: [281, 0] no player type for opponent 5. restart analysis.
SPICA325 coach: [281, 0] no player type for opponent 4. restart analysis.
SPICA325 coach: [286, 0] no player type for opponent 10. restart analysis.
SPICA325 coach: [298, 0] no player type for opponent 5. restart analysis.
SPICA325 coach: [301, 0] updated clang capacity.
CYRUS_VANILLA coach: [301, 0] updated clang capacity.
SPICA325 coach: [303, 0] no player type for opponent 10. restart analysis.
SPICA325 coach: [310, 0] no player type for opponent 10. restart analysis.
SPICA325 coach: [313, 0] no player type for opponent 10. restart analysis.
SPICA325 coach: [341, 0] no player type for opponent 4. restart analysis.
SPICA325 coach: [358, 0] determined opponent 5 type = 4
SPICA325 coach: [363, 0] no player type for opponent 10. restart analysis.
SPICA325 coach: [381, 0] no player type for opponent 10. restart analysis.
SPICA325 coach: [384, 0] no player type for opponent 10. restart analysis.
SPICA325 coach: [389, 0] no player type for opponent 4. restart analysis.
SPICA325 coach: [390, 0] no player type for opponent 10. restart analysis.
SPICA325 coach: [391, 0] no player type for opponent 4. restart analysis.
SPICA325 coach: [392, 0] no player type for opponent 4. restart analysis.
SPICA325 coach: [392, 0] no player type for opponent 10. restart analysis.
SPICA325 coach: [395, 0] no player type for opponent 10. restart analysis.
SPICA325 coach: [396, 0] no player type for opponent 10. restart analysis.
SPICA325 coach: [406, 0] no player type for opponent 4. restart analysis.
SPICA325 coach: [407, 0] no player type for opponent 4. restart analysis.
SPICA325 coach: [408, 0] no player type for opponent 4. restart analysis.
SPICA325 coach: [410, 0] no player type for opponent 4. restart analysis.
SPICA325 coach: [410, 0] no player type for opponent 10. restart analysis.
SPICA325 coach: [411, 0] no player type for opponent 4. restart analysis.
SPICA325 coach: [415, 0] no player type for opponent 4. restart analysis.
SPICA325 8: [415, 0] lost kick? at [415, 0] sense=6 internal=7
SPICA325 coach: [417, 0] no player type for opponent 10. restart analysis.
SPICA325 coach: [460, 0] no player type for opponent 10. restart analysis.
SPICA325 coach: [483, 0] no player type for opponent 4. restart analysis.
SPICA325 coach: [487, 0] no player type for opponent 4. restart analysis.
SPICA325 coach: [490, 0] no player type for opponent 10. restart analysis.
SPICA325 coach: [499, 0] determined opponent 10 type = 6
SPICA325 coach: [551, 0] no player type for opponent 4. restart analysis.
SPICA325 coach: [601, 0] updated clang capacity.
CYRUS_VANILLA coach: [601, 0] updated clang capacity.
SPICA325 coach: [673, 0] no player type for opponent 4. restart analysis.
SPICA325 coach: [677, 0] no player type for opponent 4. restart analysis.
SPICA325 coach: [691, 0] sent freeform (player_types (1 0)(2 14)(3 5)(4 -1)(5 4)(6 12)(7 13)(8 10)(9 2)(10 6)(11 3))
SPICA325 coach: [691, 0] freeform 1 / 128
CYRUS_VANILLA coach: [691, 0] sent freeform (player_types (1 0)(2 14)(3 5)(4 8)(5 4)(6 12)(7 13)(8 10)(9 2)(10 6)(11 3))
CYRUS_VANILLA coach: [691, 0] freeform 1 / 128
SPICA325 coach: [712, 0] no player type for opponent 4. restart analysis.
SPICA325 coach: [716, 0] no player type for opponent 4. restart analysis.
SPICA325 coach: [719, 0] no player type for opponent 4. restart analysis.
7 [758, 0] no ball position cache.
7 [758, 0] no ball position cache.
7 [758, 0] Interecet Self cache is empty!
3 [759, 0] no ball position cache.
3 [759, 0] no ball position cache.
3 [759, 0] Interecet Self cache is empty!
9 [759, 0] no ball position cache.
9 [759, 0] no ball position cache.
9 [759, 0] Interecet Self cache is empty!
9 [760, 0] no ball position cache.
9 [760, 0] no ball position cache.
9 [760, 0] Interecet Self cache is empty!
3 [760, 0] no ball position cache.
3 [760, 0] no ball position cache.
3 [760, 0] Interecet Self cache is empty!
CYRUS_VANILLA 5: [872, 0]  WARNING. no turn_neck.
CYRUS_VANILLA 5: [873, 0]  WARNING. no turn_neck.
CYRUS_VANILLA coach: [901, 0] updated clang capacity.
SPICA325 coach: [901, 0] updated clang capacity.
SPICA325 coach: [1012, 0] no player type for opponent 4. restart analysis.
SPICA325 coach: [1026, 0] no player type for opponent 4. restart analysis.
SPICA325 coach: [1031, 0] no player type for opponent 4. restart analysis.
SPICA325 coach: [1033, 0] no player type for opponent 4. restart analysis.
SPICA325 coach: [1040, 0] no player type for opponent 4. restart analysis.
SPICA325 coach: [1049, 0] no player type for opponent 4. restart analysis.
SPICA325 coach: [1057, 0] no player type for opponent 4. restart analysis.
SPICA325 coach: [1060, 0] no player type for opponent 4. restart analysis.
SPICA325 coach: [1062, 0] no player type for opponent 4. restart analysis.
SPICA325 coach: [1063, 0] no player type for opponent 4. restart analysis.
SPICA325 coach: [1064, 0] no player type for opponent 4. restart analysis.
SPICA325 coach: [1080, 0] no player type for opponent 4. restart analysis.
SPICA325 coach: [1083, 0] no player type for opponent 4. restart analysis.
SPICA325 coach: [1103, 0] no player type for opponent 4. restart analysis.
SPICA325 coach: [1118, 0] no player type for opponent 4. restart analysis.
SPICA325 coach: [1125, 0] no player type for opponent 4. restart analysis.
SPICA325 coach: [1201, 0] updated clang capacity.
CYRUS_VANILLA coach: [1201, 0] updated clang capacity.
SPICA325 coach: [1208, 0] no player type for opponent 4. restart analysis.
SPICA325 coach: [1289, 0] no player type for opponent 4. restart analysis.
SPICA325 coach: [1290, 0] no player type for opponent 4. restart analysis.
SPICA325 coach: [1330, 0] no player type for opponent 4. restart analysis.
SPICA325 coach: [1501, 0] updated clang capacity.
CYRUS_VANILLA coach: [1501, 0] updated clang capacity.
SPICA325 coach: [1510, 0] no player type for opponent 4. restart analysis.
SPICA325 coach: [1519, 0] no player type for opponent 4. restart analysis.
SPICA325 coach: [1531, 0] no player type for opponent 4. restart analysis.
SPICA325 coach: [1532, 0] no player type for opponent 4. restart analysis.
SPICA325 coach: [1546, 0] no player type for opponent 4. restart analysis.
SPICA325 coach: [1552, 0] no player type for opponent 4. restart analysis.
SPICA325 coach: [1561, 0] no player type for opponent 4. restart analysis.
SPICA325 coach: [1563, 0] no player type for opponent 4. restart analysis.
SPICA325 coach: [1565, 0] no player type for opponent 4. restart analysis.
SPICA325 coach: [1577, 0] no player type for opponent 4. restart analysis.
SPICA325 coach: [1589, 0] no player type for opponent 4. restart analysis.
SPICA325 coach: [1590, 0] no player type for opponent 4. restart analysis.
layerSize: 3
SPICA325 coach: [1592, 0] no player type for opponent 4. restart analysis.
SPICA325 coach: [1593, 0] no player type for opponent 4. restart analysis.
SPICA325 coach: [1594, 0] no player type for opponent 4. restart analysis.
SPICA325 coach: [1597, 0] no player type for opponent 4. restart analysis.
SPICA325 coach: [1607, 0] no player type for opponent 4. restart analysis.
SPICA325 coach: [1615, 0] no player type for opponent 4. restart analysis.
SPICA325 coach: [1623, 0] no player type for opponent 4. restart analysis.
SPICA325 coach: [1627, 0] no player type for opponent 4. restart analysis.
SPICA325 coach: [1630, 0] no player type for opponent 4. restart analysis.
SPICA325 coach: [1634, 0] no player type for opponent 4. restart analysis.
SPICA325 coach: [1752, 0] no player type for opponent 4. restart analysis.
SPICA325 coach: [1753, 0] no player type for opponent 4. restart analysis.
SPICA325 coach: [1801, 0] updated clang capacity.
CYRUS_VANILLA coach: [1801, 0] updated clang capacity.
SPICA325 coach: [1866, 0] no player type for opponent 4. restart analysis.
SPICA325 coach: [1874, 0] no player type for opponent 4. restart analysis.
SPICA325 coach: [1997, 0] no player type for opponent 4. restart analysis.
SPICA325 coach: [1998, 0] no player type for opponent 4. restart analysis.
SPICA325 coach: [2065, 0] no player type for opponent 4. restart analysis.
SPICA325 coach: [2087, 0] no player type for opponent 4. restart analysis.
SPICA325 coach: [2090, 0] no player type for opponent 4. restart analysis.
SPICA325 coach: [2092, 0] no player type for opponent 4. restart analysis.
SPICA325 coach: [2101, 0] updated clang capacity.
CYRUS_VANILLA coach: [2101, 0] updated clang capacity.
SPICA325 coach: [2218, 0] no player type for opponent 4. restart analysis.
SPICA325 coach: [2255, 0] no player type for opponent 4. restart analysis.
SPICA325 coach: [2320, 0] no player type for opponent 4. restart analysis.
SPICA325 coach: [2378, 0] no player type for opponent 4. restart analysis.
SPICA325 coach: [2400, 0] no player type for opponent 4. restart analysis.
SPICA325 coach: [2401, 0] updated clang capacity.
CYRUS_VANILLA coach: [2401, 0] updated clang capacity.
SPICA325 11: [2402, 0]  WARNING. no turn_neck.
SPICA325 11: [2403, 0]  WARNING. no turn_neck.
SPICA325 5: [2406, 0]  WARNING. no turn_neck.
SPICA325 5: [2407, 0]  WARNING. no turn_neck.
SPICA325 coach: [2410, 0] no player type for opponent 4. restart analysis.
SPICA325 coach: [2426, 0] no player type for opponent 4. restart analysis.
SPICA325 coach: [2436, 0] no player type for opponent 4. restart analysis.
SPICA325 coach: [2444, 0] no player type for opponent 4. restart analysis.
SPICA325 coach: [2459, 0] no player type for opponent 4. restart analysis.
SPICA325 coach: [2468, 0] no player type for opponent 4. restart analysis.
SPICA325 coach: [2479, 0] no player type for opponent 4. restart analysis.
SPICA325 coach: [2482, 0] no player type for opponent 4. restart analysis.
SPICA325 coach: [2484, 0] no player type for opponent 4. restart analysis.
SPICA325 coach: [2493, 0] no player type for opponent 4. restart analysis.
SPICA325 coach: [2515, 0] no player type for opponent 4. restart analysis.
SPICA325 coach: [2531, 0] no player type for opponent 4. restart analysis.
SPICA325 coach: [2629, 0] no player type for opponent 4. restart analysis.
CYRUS_VANILLA coach: [2701, 0] updated clang capacity.
SPICA325 coach: [2701, 0] updated clang capacity.
SPICA325 coach: [2808, 0] no player type for opponent 4. restart analysis.
SPICA325 coach: [2868, 0] no player type for opponent 4. restart analysis.
SPICA325 coach: [2885, 0] no player type for opponent 4. restart analysis.
SPICA325 coach: [2892, 0] no player type for opponent 4. restart analysis.
Waiting to kick off
Kick_off_right
SPICA325 coach: [3001, 0] updated clang capacity.
CYRUS_VANILLA coach: [3001, 0] updated clang capacity.
SPICA325 coach: [3204, 0] no player type for opponent 4. restart analysis.
SPICA325 coach: [3301, 0] updated clang capacity.
CYRUS_VANILLA coach: [3301, 0] updated clang capacity.
SPICA325 coach: [3414, 0] no player type for opponent 4. restart analysis.
SPICA325 coach: [3439, 0] no player type for opponent 4. restart analysis.
SPICA325 coach: [3444, 0] no player type for opponent 4. restart analysis.
SPICA325 coach: [3452, 0] no player type for opponent 4. restart analysis.
SPICA325 coach: [3473, 0] no player type for opponent 4. restart analysis.
SPICA325 coach: [3488, 0] no player type for opponent 4. restart analysis.
SPICA325 coach: [3496, 0] no player type for opponent 4. restart analysis.
SPICA325 coach: [3498, 0] no player type for opponent 4. restart analysis.
SPICA325 coach: [3527, 0] no player type for opponent 4. restart analysis.
SPICA325 coach: [3529, 0] no player type for opponent 4. restart analysis.
SPICA325 coach: [3534, 0] no player type for opponent 4. restart analysis.
SPICA325 coach: [3539, 0] no player type for opponent 4. restart analysis.
SPICA325 coach: [3540, 0] no player type for opponent 4. restart analysis.
SPICA325 coach: [3542, 0] no player type for opponent 4. restart analysis.
SPICA325 coach: [3556, 0] no player type for opponent 4. restart analysis.
SPICA325 coach: [3557, 0] no player type for opponent 4. restart analysis.
SPICA325 coach: [3558, 0] no player type for opponent 4. restart analysis.
SPICA325 coach: [3559, 0] no player type for opponent 4. restart analysis.
SPICA325 coach: [3560, 0] no player type for opponent 4. restart analysis.
SPICA325 10: [3569, 0]  WARNING. no turn_neck.
SPICA325 coach: [3571, 0] no player type for opponent 4. restart analysis.
SPICA325 10: [3577, 0]  WARNING. no turn_neck.
SPICA325 coach: [3579, 0] no player type for opponent 4. restart analysis.
SPICA325 coach: [3581, 0] no player type for opponent 4. restart analysis.
SPICA325 coach: [3586, 0] no player type for opponent 4. restart analysis.
SPICA325 coach: [3588, 0] no player type for opponent 4. restart analysis.
SPICA325 coach: [3597, 0] no player type for opponent 4. restart analysis.
SPICA325 coach: [3598, 0] no player type for opponent 4. restart analysis.
SPICA325 coach: [3600, 0] no player type for opponent 4. restart analysis.
SPICA325 coach: [3601, 0] no player type for opponent 4. restart analysis.
SPICA325 coach: [3601, 0] updated clang capacity.
CYRUS_VANILLA coach: [3601, 0] updated clang capacity.
SPICA325 coach: [3602, 0] no player type for opponent 4. restart analysis.
SPICA325 coach: [3613, 0] no player type for opponent 4. restart analysis.
SPICA325 coach: [3641, 0] no player type for opponent 4. restart analysis.
SPICA325 coach: [3642, 0] no player type for opponent 4. restart analysis.
SPICA325 coach: [3648, 0] no player type for opponent 4. restart analysis.
SPICA325 coach: [3656, 0] no player type for opponent 4. restart analysis.
SPICA325 coach: [3672, 0] no player type for opponent 4. restart analysis.
SPICA325 coach: [3673, 0] no player type for opponent 4. restart analysis.
SPICA325 coach: [3677, 0] no player type for opponent 4. restart analysis.
SPICA325 coach: [3689, 0] no player type for opponent 4. restart analysis.
SPICA325 coach: [3697, 0] no player type for opponent 4. restart analysis.
SPICA325 coach: [3701, 0] no player type for opponent 4. restart analysis.
SPICA325 coach: [3704, 0] no player type for opponent 4. restart analysis.
SPICA325 coach: [3706, 0] no player type for opponent 4. restart analysis.
SPICA325 coach: [3708, 0] no player type for opponent 4. restart analysis.
SPICA325 coach: [3771, 0] no player type for opponent 4. restart analysis.
SPICA325 coach: [3785, 0] no player type for opponent 4. restart analysis.
SPICA325 coach: [3814, 0] no player type for opponent 4. restart analysis.
SPICA325 coach: [3840, 0] no player type for opponent 4. restart analysis.
SPICA325 coach: [3901, 0] updated clang capacity.
CYRUS_VANILLA coach: [3901, 0] updated clang capacity.
SPICA325 coach: [3971, 0] no player type for opponent 4. restart analysis.
SPICA325 coach: [3976, 0] no player type for opponent 4. restart analysis.
SPICA325 coach: [3980, 0] no player type for opponent 4. restart analysis.
SPICA325 coach: [3986, 0] no player type for opponent 4. restart analysis.
SPICA325 coach: [4019, 0] no player type for opponent 4. restart analysis.
SPICA325 coach: [4025, 0] no player type for opponent 4. restart analysis.
SPICA325 coach: [4034, 0] no player type for opponent 4. restart analysis.
SPICA325 coach: [4136, 0] no player type for opponent 4. restart analysis.
SPICA325 coach: [4141, 0] no player type for opponent 4. restart analysis.
SPICA325 coach: [4151, 0] no player type for opponent 4. restart analysis.
SPICA325 coach: [4153, 0] no player type for opponent 4. restart analysis.
SPICA325 coach: [4164, 0] no player type for opponent 4. restart analysis.
SPICA325 coach: [4165, 0] no player type for opponent 4. restart analysis.
SPICA325 coach: [4166, 0] no player type for opponent 4. restart analysis.
SPICA325 11: [4166, 0]  WARNING. no turn_neck.
SPICA325 coach: [4174, 0] no player type for opponent 4. restart analysis.
SPICA325 coach: [4178, 0] no player type for opponent 4. restart analysis.
SPICA325 coach: [4200, 0] no player type for opponent 4. restart analysis.
SPICA325 coach: [4201, 0] updated clang capacity.
CYRUS_VANILLA coach: [4201, 0] updated clang capacity.
SPICA325 coach: [4203, 0] no player type for opponent 4. restart analysis.
SPICA325 coach: [4225, 0] no player type for opponent 4. restart analysis.
SPICA325 coach: [4231, 0] no player type for opponent 4. restart analysis.
SPICA325 coach: [4233, 0] no player type for opponent 4. restart analysis.
SPICA325 coach: [4235, 0] no player type for opponent 4. restart analysis.
SPICA325 coach: [4245, 0] no player type for opponent 4. restart analysis.
SPICA325 coach: [4262, 0] no player type for opponent 4. restart analysis.
SPICA325 coach: [4270, 0] no player type for opponent 4. restart analysis.
SPICA325 coach: [4273, 0] no player type for opponent 4. restart analysis.
SPICA325 coach: [4274, 0] no player type for opponent 4. restart analysis.
SPICA325 coach: [4275, 0] no player type for opponent 4. restart analysis.
SPICA325 coach: [4407, 0] no player type for opponent 4. restart analysis.
SPICA325 coach: [4448, 0] no player type for opponent 4. restart analysis.
SPICA325 coach: [4501, 0] updated clang capacity.
CYRUS_VANILLA coach: [4501, 0] updated clang capacity.
SPICA325 coach: [4561, 0] no player type for opponent 4. restart analysis.
SPICA325 coach: [4576, 0] no player type for opponent 4. restart analysis.
SPICA325 coach: [4579, 0] no player type for opponent 4. restart analysis.
SPICA325 coach: [4606, 0] no player type for opponent 4. restart analysis.
SPICA325 coach: [4608, 0] no player type for opponent 4. restart analysis.
SPICA325 coach: [4617, 0] no player type for opponent 4. restart analysis.
SPICA325 coach: [4620, 0] no player type for opponent 4. restart analysis.
SPICA325 coach: [4632, 0] no player type for opponent 4. restart analysis.
SPICA325 coach: [4685, 0] no player type for opponent 4. restart analysis.
SPICA325 coach: [4686, 0] no player type for opponent 4. restart analysis.
SPICA325 coach: [4701, 0] no player type for opponent 4. restart analysis.
CYRUS_VANILLA coach: [4801, 0] updated clang capacity.
SPICA325 coach: [4801, 0] updated clang capacity.
CYRUS_VANILLA 9: [4810, 0]  WARNING. no turn_neck.
CYRUS_VANILLA 9: [4811, 0]  WARNING. no turn_neck.
SPICA325 coach: [4980, 0] no player type for opponent 4. restart analysis.
SPICA325 coach: [4983, 0] no player type for opponent 4. restart analysis.
CYRUS_VANILLA 8: [5033, 0]  WARNING. no turn_neck.
CYRUS_VANILLA 8: [5040, 0] lost kick by foul at [5040, 0] sense=36 internal=37
SPICA325 coach: [5071, 0] no player type for opponent 4. restart analysis.
SPICA325 coach: [5073, 0] no player type for opponent 4. restart analysis.
SPICA325 coach: [5093, 0] no player type for opponent 4. restart analysis.
SPICA325 coach: [5101, 0] updated clang capacity.
CYRUS_VANILLA coach: [5101, 0] updated clang capacity.
SPICA325 coach: [5106, 0] no player type for opponent 4. restart analysis.
SPICA325 coach: [5110, 0] no player type for opponent 4. restart analysis.
SPICA325 coach: [5111, 0] no player type for opponent 4. restart analysis.
SPICA325 coach: [5117, 0] no player type for opponent 4. restart analysis.
SPICA325 coach: [5119, 0] no player type for opponent 4. restart analysis.
SPICA325 coach: [5122, 0] no player type for opponent 4. restart analysis.
SPICA325 coach: [5124, 0] no player type for opponent 4. restart analysis.
SPICA325 coach: [5133, 0] no player type for opponent 4. restart analysis.
SPICA325 coach: [5136, 0] no player type for opponent 4. restart analysis.
SPICA325 coach: [5141, 0] no player type for opponent 4. restart analysis.
SPICA325 coach: [5145, 0] no player type for opponent 4. restart analysis.
SPICA325 coach: [5146, 0] no player type for opponent 4. restart analysis.
CYRUS_VANILLA 8: [5162, 0] lost kick? at [5162, 0] sense=36 internal=37
SPICA325 coach: [5169, 0] no player type for opponent 4. restart analysis.
SPICA325 coach: [5203, 0] no player type for opponent 4. restart analysis.
SPICA325 coach: [5211, 0] no player type for opponent 4. restart analysis.
SPICA325 coach: [5222, 0] no player type for opponent 4. restart analysis.
SPICA325 coach: [5236, 0] no player type for opponent 4. restart analysis.
SPICA325 coach: [5237, 0] no player type for opponent 4. restart analysis.
SPICA325 coach: [5238, 0] no player type for opponent 4. restart analysis.
SPICA325 coach: [5242, 0] no player type for opponent 4. restart analysis.
CYRUS_VANILLA 7: [5299, 0]  WARNING. no turn_neck.
CYRUS_VANILLA 7: [5300, 0]  WARNING. no turn_neck.
CYRUS_VANILLA 7: [5301, 0]  WARNING. no turn_neck.
SPICA325 coach: [5337, 0] no player type for opponent 4. restart analysis.
SPICA325 coach: [5401, 0] updated clang capacity.
CYRUS_VANILLA coach: [5401, 0] updated clang capacity.
CYRUS_VANILLA 6: [5423, 0]  WARNING. no turn_neck.
SPICA325 coach: [5470, 0] no player type for opponent 4. restart analysis.
SPICA325 coach: [5474, 0] no player type for opponent 4. restart analysis.
SPICA325 coach: [5476, 0] no player type for opponent 4. restart analysis.
SPICA325 coach: [5547, 0] no player type for opponent 4. restart analysis.
SPICA325 coach: [5587, 0] no player type for opponent 4. restart analysis.
SPICA325 coach: [5588, 0] no player type for opponent 4. restart analysis.
SPICA325 coach: [5589, 0] no player type for opponent 4. restart analysis.
SPICA325 coach: [5594, 0] no player type for opponent 4. restart analysis.
SPICA325 10: [5594, 0]  WARNING. no turn_neck.
SPICA325 coach: [5605, 0] no player type for opponent 4. restart analysis.
SPICA325 coach: [5609, 0] no player type for opponent 4. restart analysis.
SPICA325 coach: [5612, 0] no player type for opponent 4. restart analysis.
SPICA325 coach: [5613, 0] no player type for opponent 4. restart analysis.
SPICA325 coach: [5635, 0] no player type for opponent 4. restart analysis.
SPICA325 coach: [5651, 0] no player type for opponent 4. restart analysis.
SPICA325 coach: [5655, 0] no player type for opponent 4. restart analysis.
SPICA325 coach: [5664, 0] no player type for opponent 4. restart analysis.
SPICA325 coach: [5667, 0] no player type for opponent 4. restart analysis.
SPICA325 coach: [5678, 0] no player type for opponent 4. restart analysis.
SPICA325 coach: [5680, 0] no player type for opponent 4. restart analysis.
SPICA325 coach: [5682, 0] no player type for opponent 4. restart analysis.
CYRUS_VANILLA coach: [5701, 0] updated clang capacity.
SPICA325 coach: [5701, 0] updated clang capacity.
SPICA325 coach: [5713, 0] no player type for opponent 4. restart analysis.
CYRUS_VANILLA coach: change player 4 to type 15
CYRUS_VANILLA coach: change player 8 to type 7
SPICA325 coach: change player 8 to type 15
SPICA325 coach: change player 6 to type 7
SPICA325 coach: change player 7 to type 11
CYRUS_VANILLA coach: [5717, 0] no player type for opponent 7. restart analysis.
CYRUS_VANILLA coach: [5719, 0] no player type for opponent 7. restart analysis.
CYRUS_VANILLA coach: [5803, 0] no player type for opponent 8. restart analysis.
CYRUS_VANILLA coach: [5805, 0] no player type for opponent 8. restart analysis.
CYRUS_VANILLA coach: [5817, 0] no player type for opponent 6. restart analysis.
SPICA325 coach: [5817, 0] no player type for opponent 4. restart analysis.
CYRUS_VANILLA coach: [5818, 0] no player type for opponent 7. restart analysis.
CYRUS_VANILLA coach: [5820, 0] no player type for opponent 7. restart analysis.
CYRUS_VANILLA coach: [5822, 0] no player type for opponent 8. restart analysis.
SPICA325 coach: [5823, 0] no player type for opponent 4. restart analysis.
CYRUS_VANILLA coach: [5824, 0] no player type for opponent 8. restart analysis.
CYRUS_VANILLA coach: [5826, 0] no player type for opponent 7. restart analysis.
CYRUS_VANILLA coach: [5827, 0] no player type for opponent 7. restart analysis.
CYRUS_VANILLA coach: [5832, 0] no player type for opponent 7. restart analysis.
SPICA325 coach: [5832, 0] no player type for opponent 4. restart analysis.
SPICA325 coach: [5834, 0] no player type for opponent 4. restart analysis.
SPICA325 coach: [5837, 0] no player type for opponent 4. restart analysis.
SPICA325 coach: [5840, 0] no player type for opponent 4. restart analysis.
CYRUS_VANILLA coach: [5841, 0] no player type for opponent 6. restart analysis.
CYRUS_VANILLA coach: [5844, 0] no player type for opponent 6. restart analysis.
SPICA325 coach: [5847, 0] no player type for opponent 4. restart analysis.
SPICA325 coach: [5848, 0] no player type for opponent 4. restart analysis.
SPICA325 11: [5850, 0]  WARNING. no turn_neck.
CYRUS_VANILLA coach: [5854, 0] no player type for opponent 7. restart analysis.
CYRUS_VANILLA coach: [5855, 0] no player type for opponent 7. restart analysis.
CYRUS_VANILLA coach: [5855, 0] no player type for opponent 8. restart analysis.
CYRUS_VANILLA coach: [5857, 0] no player type for opponent 7. restart analysis.
SPICA325 coach: [5857, 0] no player type for opponent 8. restart analysis.
SPICA325 coach: [5858, 0] no player type for opponent 8. restart analysis.
SPICA325 coach: [5859, 0] no player type for opponent 8. restart analysis.
CYRUS_VANILLA coach: [5866, 0] no player type for opponent 7. restart analysis.
SPICA325 coach: [5868, 0] no player type for opponent 8. restart analysis.
CYRUS_VANILLA coach: [5869, 0] no player type for opponent 6. restart analysis.
SPICA325 coach: [5869, 0] no player type for opponent 8. restart analysis.
CYRUS_VANILLA coach: [5872, 0] no player type for opponent 6. restart analysis.
CYRUS_VANILLA coach: [5973, 0] no player type for opponent 7. restart analysis.
SPICA325 coach: [5974, 0] no player type for opponent 8. restart analysis.
CYRUS_VANILLA coach: [5975, 0] no player type for opponent 7. restart analysis.
CYRUS_VANILLA coach: [5976, 0] no player type for opponent 7. restart analysis.
SPICA325 coach: [5977, 0] no player type for opponent 4. restart analysis.
CYRUS_VANILLA coach: [5981, 0] no player type for opponent 7. restart analysis.
CYRUS_VANILLA coach: [5985, 0] no player type for opponent 8. restart analysis.
CYRUS_VANILLA coach: [5987, 0] no player type for opponent 8. restart analysis.
CYRUS_VANILLA coach: [5988, 0] no player type for opponent 8. restart analysis.
CYRUS_VANILLA coach: [5989, 0] no player type for opponent 8. restart analysis.
CYRUS_VANILLA coach: [5993, 0] no player type for opponent 7. restart analysis.
CYRUS_VANILLA coach: [5995, 0] no player type for opponent 7. restart analysis.
CYRUS_VANILLA coach: finished.
CYRUS_VANILLA 7: finished.
CYRUS_VANILLA 4: finished.
CYRUS_VANILLA 1: finished.
CYRUS_VANILLA 11: finished.
SPICA325 4: finished.
SPICA325 5: finished.
SPICA325 11: finished.
CYRUS_VANILLA 8: finished.
Waiting after end of match
remoteclient.cpp: 149: Error sending to socket: Bad file descriptor
msg = [(think)]
remoteclient.cpp: 149: Error sending to socket: Bad file descriptor
msg = [(think)]
remoteclient.cpp: 149: Error sending to socket: Bad file descriptor
msg = [(think)]
remoteclient.cpp: 149: Error sending to socket: Bad file descriptor
msg = [(think)]
SPICA325 coach: [6000, 0] new freeform allowed 256
SPICA325 coach: finished.
SPICA325 9: finished.
CYRUS_VANILLA 3: finished.
CYRUS_VANILLA 6: finished.
CYRUS_VANILLA 5: finished.
SPICA325 7: finished.
SPICA325 6: finished.
SPICA325 1: finished.
SPICA325 2: finished.
CYRUS_VANILLA 2: finished.
CYRUS_VANILLA 9: finished.
CYRUS_VANILLA 10: finished.
SPICA325 10: finished.
SPICA325 8: finished.
SPICA325 3: finished.
A player disconnected : (CYRUS_VANILLA 8)
A player disconnected : (SPICA325 5)
A player disconnected : (SPICA325 11)
An online coach disconnected : (SPICA325)
An online coach disconnected : (CYRUS_VANILLA)
A player disconnected : (CYRUS_VANILLA 1)
A player disconnected : (CYRUS_VANILLA 11)
A player disconnected : (CYRUS_VANILLA 7)
A player disconnected : (CYRUS_VANILLA 4)
A player disconnected : (SPICA325 4)
A player disconnected : (SPICA325 9)
A player disconnected : (CYRUS_VANILLA 6)
A player disconnected : (CYRUS_VANILLA 3)
A player disconnected : (SPICA325 8)
A player disconnected : (CYRUS_VANILLA 5)
A player disconnected : (CYRUS_VANILLA 9)
A player disconnected : (SPICA325 2)
A player disconnected : (SPICA325 7)
A player disconnected : (CYRUS_VANILLA 10)
A player disconnected : (SPICA325 1)
A player disconnected : (SPICA325 6)
A player disconnected : (CYRUS_VANILLA 2)
A player disconnected : (SPICA325 10)
A player disconnected : (SPICA325 3)
Killing 1068
Killing 1081

Game Over. Exiting...

Saving Results:
	CSVSaver: saving...
	CSVSaver: ...disabled
	STDOutSaver: saving...

Game Results:
	2026-06-27 08:34:23
	'SPICA325' vs 'CYRUS_VANILLA'
	Score: 0 - 3
 
	STDOutSaver: ...saved

Saving Results Complete
