rcssserver-19.0.0

Copyright (C) 1995, 1996, 1997, 1998, 1999 Electrotechnical Laboratory.
2000 - RoboCup Soccer Simulator Maintenance Group.

Simulator Random Seed: 1782551506
CSVSaver: Ready
STDOutSaver: Ready
Using simulator's random seed as Hetero Player Seed: 1782551506
******************************************************************
 HELIOS base
 Created by Hidehisa Akiyama and Hiroki Shimora
 Copyright 2000-2007.  Hidehisa Akiyama
 Copyright 2007-2011.  Hidehisa Akiyama and Hiroki Shimora
 All rights reserved.
******************************************************************
PING localhost (127.0.0.1) 56(84) bytes of data.
64 bytes from localhost (127.0.0.1): icmp_seq=1 ttl=64 time=0.050 ms

--- localhost ping statistics ---
1 packets transmitted, 1 received, 0% packet loss, time 0ms
rtt min/avg/max/mdev = 0.050/0.050/0.050/0.000 ms
******************************************************************
 librcsc 
 Copyright 2000 - 2007. Hidehisa Akiyama.
 Copyright 2007 - 2011. Hidehisa Akiyama and Hiroki Shimora
 Copyright 2011 -  Hidehisa Akiyama, Hiroki Shimora
   Takuya Fukushima (2019-)
 All rights reserved.
******************************************************************
*****************************************************************
 This program is based on agent2d created by Hidehisa Akiyama.
 Copyright 2006 - 2011. Hidehisa Akiyama and Hiroki Shimora.
 All rights reserved.
*****************************************************************
SPICA325: init ok.  unum: 1 side: l
SPICA325 1: [-1, 0] (v18+) force synch see mode.
wind factor: rand: 0.000000, vector: (0.000000, 0.000000)

Hit CTRL-C to exit
Starting "/bin/sh -c scripts/team_launchers/spica325_left.sh"
Waiting for players to connect
A new (v18) player (SPICA325 1) connected.
******************************************************************
 HELIOS base
 Created by Hidehisa Akiyama and Hiroki Shimora
 Copyright 2000-2007.  Hidehisa Akiyama
 Copyright 2007-2011.  Hidehisa Akiyama and Hiroki Shimora
 All rights reserved.
******************************************************************
PING localhost (127.0.0.1) 56(84) bytes of data.
64 bytes from localhost (127.0.0.1): icmp_seq=1 ttl=64 time=0.020 ms

--- localhost ping statistics ---
1 packets transmitted, 1 received, 0% packet loss, time 0ms
rtt min/avg/max/mdev = 0.020/0.020/0.020/0.000 ms
******************************************************************
 librcsc 
 Copyright 2000 - 2007. Hidehisa Akiyama.
 Copyright 2007 - 2011. Hidehisa Akiyama and Hiroki Shimora
 Copyright 2011 -  Hidehisa Akiyama, Hiroki Shimora
   Takuya Fukushima (2019-)
 All rights reserved.
******************************************************************
SPICA325 1:  KickTable created.
SPICA325 1: [-1, 0] set synch see mode.
*****************************************************************
 This program is based on agent2d created by Hidehisa Akiyama.
 Copyright 2006 - 2011. Hidehisa Akiyama and Hiroki Shimora.
 All rights reserved.
*****************************************************************
CYRUS_VANILLA: init ok.  unum: 1 side: r
CYRUS_VANILLA 1: [-1, 0] (v18+) force synch see mode.
Starting "/bin/sh -c scripts/team_launchers/cyrus_vanilla_right.sh"
A new (v18) player (CYRUS_VANILLA 1) connected.
CYRUS_VANILLA 1:  KickTable created.
CYRUS_VANILLA 1: [-1, 0] set synch see mode.
Read Setting: ./data/settings/Other.json
Read Setting: ./data/settings/Other.json
******************************************************************
 librcsc 
 Copyright 2000 - 2007. Hidehisa Akiyama.
 Copyright 2007 - 2011. Hidehisa Akiyama and Hiroki Shimora
 Copyright 2011 -  Hidehisa Akiyama, Hiroki Shimora
   Takuya Fukushima (2019-)
 All rights reserved.
******************************************************************
******************************************************************
 librcsc 
 Copyright 2000 - 2007. Hidehisa Akiyama.
 Copyright 2007 - 2011. Hidehisa Akiyama and Hiroki Shimora
 Copyright 2011 -  Hidehisa Akiyama, Hiroki Shimora
   Takuya Fukushima (2019-)
 All rights reserved.
******************************************************************
******************************************************************
 librcsc 
 Copyright 2000 - 2007. Hidehisa Akiyama.
 Copyright 2007 - 2011. Hidehisa Akiyama and Hiroki Shimora
 Copyright 2011 -  Hidehisa Akiyama, Hiroki Shimora
   Takuya Fukushima (2019-)
 All rights reserved.
******************************************************************
******************************************************************
 librcsc 
 Copyright 2000 - 2007. Hidehisa Akiyama.
 Copyright 2007 - 2011. Hidehisa Akiyama and Hiroki Shimora
 Copyright 2011 -  Hidehisa Akiyama, Hiroki Shimora
   Takuya Fukushima (2019-)
 All rights reserved.
******************************************************************
******************************************************************
 librcsc 
 Copyright 2000 - 2007. Hidehisa Akiyama.
 Copyright 2007 - 2011. Hidehisa Akiyama and Hiroki Shimora
 Copyright 2011 -  Hidehisa Akiyama, Hiroki Shimora
   Takuya Fukushima (2019-)
 All rights reserved.
******************************************************************
******************************************************************
 librcsc 
 Copyright 2000 - 2007. Hidehisa Akiyama.
 Copyright 2007 - 2011. Hidehisa Akiyama and Hiroki Shimora
 Copyright 2011 -  Hidehisa Akiyama, Hiroki Shimora
   Takuya Fukushima (2019-)
 All rights reserved.
******************************************************************
******************************************************************
 librcsc 
 Copyright 2000 - 2007. Hidehisa Akiyama.
 Copyright 2007 - 2011. Hidehisa Akiyama and Hiroki Shimora
 Copyright 2011 -  Hidehisa Akiyama, Hiroki Shimora
   Takuya Fukushima (2019-)
 All rights reserved.
******************************************************************
******************************************************************
 librcsc 
 Copyright 2000 - 2007. Hidehisa Akiyama.
 Copyright 2007 - 2011. Hidehisa Akiyama and Hiroki Shimora
 Copyright 2011 -  Hidehisa Akiyama, Hiroki Shimora
   Takuya Fukushima (2019-)
 All rights reserved.
******************************************************************
******************************************************************
 librcsc 
 Copyright 2000 - 2007. Hidehisa Akiyama.
 Copyright 2007 - 2011. Hidehisa Akiyama and Hiroki Shimora
 Copyright 2011 -  Hidehisa Akiyama, Hiroki Shimora
   Takuya Fukushima (2019-)
 All rights reserved.
******************************************************************
******************************************************************
 librcsc 
 Copyright 2000 - 2007. Hidehisa Akiyama.
 Copyright 2007 - 2011. Hidehisa Akiyama and Hiroki Shimora
 Copyright 2011 -  Hidehisa Akiyama, Hiroki Shimora
   Takuya Fukushima (2019-)
 All rights reserved.
******************************************************************
*****************************************************************
 This program is based on agent2d created by Hidehisa Akiyama.
 Copyright 2006 - 2011. Hidehisa Akiyama and Hiroki Shimora.
 All rights reserved.
*****************************************************************
******************************************************************
 librcsc 
 Copyright 2000 - 2007. Hidehisa Akiyama.
 Copyright 2007 - 2011. Hidehisa Akiyama and Hiroki Shimora
 Copyright 2011 -  Hidehisa Akiyama, Hiroki Shimora
   Takuya Fukushima (2019-)
 All rights reserved.
******************************************************************
*****************************************************************
 This program is based on agent2d created by Hidehisa Akiyama.
 Copyright 2006 - 2011. Hidehisa Akiyama and Hiroki Shimora.
 All rights reserved.
*****************************************************************
*****************************************************************
 This program is based on agent2d created by Hidehisa Akiyama.
 Copyright 2006 - 2011. Hidehisa Akiyama and Hiroki Shimora.
 All rights reserved.
*****************************************************************
*****************************************************************
 This program is based on agent2d created by Hidehisa Akiyama.
 Copyright 2006 - 2011. Hidehisa Akiyama and Hiroki Shimora.
 All rights reserved.
*****************************************************************
******************************************************************
 librcsc 
 Copyright 2000 - 2007. Hidehisa Akiyama.
 Copyright 2007 - 2011. Hidehisa Akiyama and Hiroki Shimora
 Copyright 2011 -  Hidehisa Akiyama, Hiroki Shimora
   Takuya Fukushima (2019-)
 All rights reserved.
******************************************************************
*****************************************************************
 This program is based on agent2d created by Hidehisa Akiyama.
 Copyright 2006 - 2011. Hidehisa Akiyama and Hiroki Shimora.
 All rights reserved.
*****************************************************************
*****************************************************************
 This program is based on agent2d created by Hidehisa Akiyama.
 Copyright 2006 - 2011. Hidehisa Akiyama and Hiroki Shimora.
 All rights reserved.
*****************************************************************
******************************************************************
 librcsc 
 Copyright 2000 - 2007. Hidehisa Akiyama.
 Copyright 2007 - 2011. Hidehisa Akiyama and Hiroki Shimora
 Copyright 2011 -  Hidehisa Akiyama, Hiroki Shimora
   Takuya Fukushima (2019-)
 All rights reserved.
******************************************************************
*****************************************************************
 This program is based on agent2d created by Hidehisa Akiyama.
 Copyright 2006 - 2011. Hidehisa Akiyama and Hiroki Shimora.
 All rights reserved.
*****************************************************************
******************************************************************
 librcsc 
 Copyright 2000 - 2007. Hidehisa Akiyama.
 Copyright 2007 - 2011. Hidehisa Akiyama and Hiroki Shimora
 Copyright 2011 -  Hidehisa Akiyama, Hiroki Shimora
   Takuya Fukushima (2019-)
 All rights reserved.
******************************************************************
SPICA325: init ok.  unum: 2 side: l
SPICA325 2: [-1, 0] (v18+) force synch see mode.
A new (v18) player (SPICA325 2) connected.
A new (v18) player (SPICA325 3) connected.
SPICA325: init ok.  unum: 4 side: l
SPICA325 4: [-1, 0] (v18+) force synch see mode.
A new (v18) player (SPICA325 4) connected.
SPICA325: init ok.  unum: 5 side: l
SPICA325 5: [-1, 0] (v18+) force synch see mode.
A new (v18) player (SPICA325 5) connected.
A new (v18) player (SPICA325 6) connected.
A new (v18) player (SPICA325 7) connected.
A new (v18) online coach (SPICA325) connected.
SPICA325: init ok.  unum: 3 side: l
SPICA325 3: [-1, 0] (v18+) force synch see mode.
SPICA325: init ok.  unum: 7 side: l
SPICA325: init ok.  unum: 6 side: l
SPICA325 7: [-1, 0] (v18+) force synch see mode.
SPICA325 6: [-1, 0] (v18+) force synch see mode.
*****************************************************************
 This program is based on agent2d created by Hidehisa Akiyama.
 Copyright 2006 - 2011. Hidehisa Akiyama and Hiroki Shimora.
 All rights reserved.
*****************************************************************
******************************************************************
 librcsc 
 Copyright 2000 - 2007. Hidehisa Akiyama.
 Copyright 2007 - 2011. Hidehisa Akiyama and Hiroki Shimora
 Copyright 2011 -  Hidehisa Akiyama, Hiroki Shimora
   Takuya Fukushima (2019-)
 All rights reserved.
******************************************************************
******************************************************************
 librcsc 
 Copyright 2000 - 2007. Hidehisa Akiyama.
 Copyright 2007 - 2011. Hidehisa Akiyama and Hiroki Shimora
 Copyright 2011 -  Hidehisa Akiyama, Hiroki Shimora
   Takuya Fukushima (2019-)
 All rights reserved.
******************************************************************
******************************************************************
 librcsc 
 Copyright 2000 - 2007. Hidehisa Akiyama.
 Copyright 2007 - 2011. Hidehisa Akiyama and Hiroki Shimora
 Copyright 2011 -  Hidehisa Akiyama, Hiroki Shimora
   Takuya Fukushima (2019-)
 All rights reserved.
******************************************************************
*****************************************************************
 This program is based on agent2d created by Hidehisa Akiyama.
 Copyright 2006 - 2011. Hidehisa Akiyama and Hiroki Shimora.
 All rights reserved.
*****************************************************************
******************************************************************
 librcsc 
 Copyright 2000 - 2007. Hidehisa Akiyama.
 Copyright 2007 - 2011. Hidehisa Akiyama and Hiroki Shimora
 Copyright 2011 -  Hidehisa Akiyama, Hiroki Shimora
   Takuya Fukushima (2019-)
 All rights reserved.
******************************************************************
SPICA325 coach: [0, 0] updated clang capacity.
******************************************************************
 librcsc 
 Copyright 2000 - 2007. Hidehisa Akiyama.
 Copyright 2007 - 2011. Hidehisa Akiyama and Hiroki Shimora
 Copyright 2011 -  Hidehisa Akiyama, Hiroki Shimora
   Takuya Fukushima (2019-)
 All rights reserved.
******************************************************************
A new (v18) player (SPICA325 8) connected.
A new (v18) player (SPICA325 9) connected.
SPICA325: init ok.  unum: 8 side: l
SPICA325 8: [-1, 0] (v18+) force synch see mode.
*****************************************************************
 This program is based on agent2d created by Hidehisa Akiyama.
 Copyright 2006 - 2011. Hidehisa Akiyama and Hiroki Shimora.
 All rights reserved.
*****************************************************************
SPICA325: init ok.  unum: 9 side: l
SPICA325 9: [-1, 0] (v18+) force synch see mode.
*****************************************************************
 This program is based on agent2d created by Hidehisa Akiyama.
 Copyright 2006 - 2011. Hidehisa Akiyama and Hiroki Shimora.
 All rights reserved.
*****************************************************************
SPICA325 coach: [0, 0] recv (ok eye on)
A new (v18) player (SPICA325 10) connected.
A new (v18) player (SPICA325 11) connected.
*****************************************************************
 This program is based on agent2d created by Hidehisa Akiyama.
 Copyright 2006 - 2011. Hidehisa Akiyama and Hiroki Shimora.
 All rights reserved.
*****************************************************************
SPICA325: init ok.  unum: 10 side: l
SPICA325 10: [-1, 0] (v18+) force synch see mode.
A new (v18) player (CYRUS_VANILLA 2) connected.
SPICA325: init ok.  unum: 11 side: l
SPICA325 11: [-1, 0] (v18+) force synch see mode.
CYRUS_VANILLA: init ok.  unum: 2 side: r
CYRUS_VANILLA 2: [-1, 0] (v18+) force synch see mode.
******************************************************************
 librcsc 
 Copyright 2000 - 2007. Hidehisa Akiyama.
 Copyright 2007 - 2011. Hidehisa Akiyama and Hiroki Shimora
 Copyright 2011 -  Hidehisa Akiyama, Hiroki Shimora
   Takuya Fukushima (2019-)
 All rights reserved.
******************************************************************
SPICA325 2:  KickTable created.
SPICA325 2: [-1, 0] set synch see mode.
SPICA325 6:  KickTable created.
SPICA325 6: [-1, 0] set synch see mode.
SPICA325 5:  KickTable created.
SPICA325 5: [-1, 0] set synch see mode.
******************************************************************
 librcsc 
 Copyright 2000 - 2007. Hidehisa Akiyama.
 Copyright 2007 - 2011. Hidehisa Akiyama and Hiroki Shimora
 Copyright 2011 -  Hidehisa Akiyama, Hiroki Shimora
   Takuya Fukushima (2019-)
 All rights reserved.
******************************************************************
SPICA325 4:  KickTable created.
SPICA325 4: [-1, 0] set synch see mode.
******************************************************************
 librcsc 
 Copyright 2000 - 2007. Hidehisa Akiyama.
 Copyright 2007 - 2011. Hidehisa Akiyama and Hiroki Shimora
 Copyright 2011 -  Hidehisa Akiyama, Hiroki Shimora
   Takuya Fukushima (2019-)
 All rights reserved.
******************************************************************
*****************************************************************
 This program is based on agent2d created by Hidehisa Akiyama.
 Copyright 2006 - 2011. Hidehisa Akiyama and Hiroki Shimora.
 All rights reserved.
*****************************************************************
A new (v18) online coach (CYRUS_VANILLA) connected.
SPICA325 3:  KickTable created.
SPICA325 3: [-1, 0] set synch see mode.
SPICA325 7:  KickTable created.
SPICA325 7: [-1, 0] set synch see mode.
*****************************************************************
 This program is based on agent2d created by Hidehisa Akiyama.
 Copyright 2006 - 2011. Hidehisa Akiyama and Hiroki Shimora.
 All rights reserved.
*****************************************************************
A new (v18) player (CYRUS_VANILLA 3) connected.
CYRUS_VANILLA: init ok.  unum: 3 side: r
CYRUS_VANILLA 3: [-1, 0] (v18+) force synch see mode.
*****************************************************************
 This program is based on agent2d created by Hidehisa Akiyama.
 Copyright 2006 - 2011. Hidehisa Akiyama and Hiroki Shimora.
 All rights reserved.
*****************************************************************
SPICA325 11:  KickTable created.
SPICA325 11: [-1, 0] set synch see mode.
*****************************************************************
 This program is based on agent2d created by Hidehisa Akiyama.
 Copyright 2006 - 2011. Hidehisa Akiyama and Hiroki Shimora.
 All rights reserved.
*****************************************************************
*****************************************************************
 This program is based on agent2d created by Hidehisa Akiyama.
 Copyright 2006 - 2011. Hidehisa Akiyama and Hiroki Shimora.
 All rights reserved.
*****************************************************************
SPICA325 8:  KickTable created.
SPICA325 8: [-1, 0] set synch see mode.
*****************************************************************
 This program is based on agent2d created by Hidehisa Akiyama.
 Copyright 2006 - 2011. Hidehisa Akiyama and Hiroki Shimora.
 All rights reserved.
*****************************************************************
CYRUS_VANILLA 2:  KickTable created.
SPICA325 9:  KickTable created.
CYRUS_VANILLA 2: [-1, 0] set synch see mode.
SPICA325 9: [-1, 0] set synch see mode.
CYRUS_VANILLA 3:  KickTable created.
CYRUS_VANILLA 3: [-1, 0] set synch see mode.
Read Setting: ./data/settings/Other.json
Read Setting: ./data/settings/Other.json
Read Setting: ./data/settings/Other.json
SPICA325 10:  KickTable created.
Read Setting: ./data/settings/Other.json
Read Setting: ./data/settings/Other.json
Read Setting: ./data/settings/Other.json
A new (v18) player (CYRUS_VANILLA 4) connected.
CYRUS_VANILLA: init ok.  unum: 5 side: r
CYRUS_VANILLA 5: [-1, 0] (v18+) force synch see mode.
A new (v18) player (CYRUS_VANILLA 5) connected.
CYRUS_VANILLA: init ok.  unum: 6 side: r
CYRUS_VANILLA 6: [-1, 0] (v18+) force synch see mode.
CYRUS_VANILLA: init ok.  unum: 4 side: r
CYRUS_VANILLA 4: [-1, 0] (v18+) force synch see mode.
SPICA325 10: [-1, 0] set synch see mode.
CYRUS_VANILLA coach: [0, 0] updated clang capacity.
*****************************************************************
 This program is based on agent2d created by Hidehisa Akiyama.
 Copyright 2006 - 2011. Hidehisa Akiyama and Hiroki Shimora.
 All rights reserved.
*****************************************************************
A new (v18) player (CYRUS_VANILLA 6) connected.
CYRUS_VANILLA: init ok.  unum: 7 side: r
CYRUS_VANILLA 7: [-1, 0] (v18+) force synch see mode.
A new (v18) player (CYRUS_VANILLA 7) connected.
CYRUS_VANILLA: init ok.  unum: 8 side: r
CYRUS_VANILLA 8: [-1, 0] (v18+) force synch see mode.
A new (v18) player (CYRUS_VANILLA 8) connected.
CYRUS_VANILLA coach: [0, 0] recv (ok eye on)
*****************************************************************
 This program is based on agent2d created by Hidehisa Akiyama.
 Copyright 2006 - 2011. Hidehisa Akiyama and Hiroki Shimora.
 All rights reserved.
*****************************************************************
*****************************************************************
 This program is based on agent2d created by Hidehisa Akiyama.
 Copyright 2006 - 2011. Hidehisa Akiyama and Hiroki Shimora.
 All rights reserved.
*****************************************************************
*****************************************************************
 This program is based on agent2d created by Hidehisa Akiyama.
 Copyright 2006 - 2011. Hidehisa Akiyama and Hiroki Shimora.
 All rights reserved.
*****************************************************************
CYRUS_VANILLA 8:  KickTable created.
CYRUS_VANILLA 7:  KickTable created.
CYRUS_VANILLA 8: [-1, 0] set synch see mode.
CYRUS_VANILLA 7: [-1, 0] set synch see mode.
CYRUS_VANILLA 5:  KickTable created.
CYRUS_VANILLA 5: [-1, 0] set synch see mode.
CYRUS_VANILLA 4:  KickTable created.
CYRUS_VANILLA 4: [-1, 0] set synch see mode.
CYRUS_VANILLA 6:  KickTable created.
CYRUS_VANILLA 6: [-1, 0] set synch see mode.
Read Setting: ./data/settings/Other.json
Read Setting: ./data/settings/Other.json
Read Setting: ./data/settings/Other.json
Read Setting: ./data/settings/Other.json
CYRUS_VANILLA: init ok.  unum: 9 side: r
CYRUS_VANILLA 9: [-1, 0] (v18+) force synch see mode.
A new (v18) player (CYRUS_VANILLA 9) connected.
CYRUS_VANILLA: init ok.  unum: 10 side: r
CYRUS_VANILLA 10: [-1, 0] (v18+) force synch see mode.
A new (v18) player (CYRUS_VANILLA 10) connected.
CYRUS_VANILLA: init ok.  unum: 11 side: r
CYRUS_VANILLA 11: [-1, 0] (v18+) force synch see mode.
A new (v18) player (CYRUS_VANILLA 11) connected.
CYRUS_VANILLA 9:  KickTable created.
CYRUS_VANILLA 9: [-1, 0] set synch see mode.
CYRUS_VANILLA 11:  KickTable created.
CYRUS_VANILLA 10:  KickTable created.
CYRUS_VANILLA 11: [-1, 0] set synch see mode.
CYRUS_VANILLA 10: [-1, 0] set synch see mode.
Read Setting: ./data/settings/Other.json
id speed step inc  power  stam  karea
Read Setting: ./data/settings/Other.json
 0 1.000   6  45.0 100.0  55.0  1.085
 1 0.953   6  44.5 100.0  55.5  1.000
 2 0.779   5  48.9 100.0  51.1  1.026
 3 0.960   6  43.3 100.0  56.7  1.105
 4 0.818   7  50.3 100.0  49.7  1.113
 5 0.952   4  40.5 100.0  59.5  1.105
 6 0.972   5  42.0 100.0  58.0  1.115
 7 0.767   4  44.1 100.0  55.9  1.148
 8 0.869   5  42.0 100.0  58.0  1.001
 9 0.851   4  45.8 100.0  54.2  1.024
 10 0.995   6  44.9 100.0  55.1  1.165
 11 0.861   6  50.3 100.0  49.7  0.991
 12 0.835   5  42.8 100.0  57.2  1.013
 13 1.040   6  41.2 100.0  58.8  1.099
 14 0.940   5  44.6 100.0  55.4  1.027
 15 0.829   5  44.7 100.0  55.3  1.113
 16 0.759   5  48.2 100.0  51.8  1.167
 17 1.046   5  40.8 100.0  59.2  1.077
$$$$$$$$$$$$$$$$$$$$$$$$isother
SPICA325 coach: change player 1 to type 0
SPICA325 coach: change player 9 to type 17
SPICA325 coach: change player 2 to type 13
SPICA325 coach: change player 11 to type 10
SPICA325 coach: change player 4 to type 6
SPICA325 coach: change player 10 to type 5
SPICA325 coach: change player 3 to type 1
SPICA325 coach: change player 5 to type 3
SPICA325 coach: change player 7 to type 14
SPICA325 coach: change player 8 to type 8
SPICA325 coach: change player 6 to type 9
id speed step inc  power  stam  karea
 0 1.000   6  45.0 100.0  55.0  1.085
 1 0.953   6  44.5 100.0  55.5  1.000
 2 0.779   5  48.9 100.0  51.1  1.026
 3 0.960   6  43.3 100.0  56.7  1.105
 4 0.818   7  50.3 100.0  49.7  1.113
 5 0.952   4  40.5 100.0  59.5  1.105
 6 0.972   5  42.0 100.0  58.0  1.115
 7 0.767   4  44.1 100.0  55.9  1.148
 8 0.869   5  42.0 100.0  58.0  1.001
 9 0.851   4  45.8 100.0  54.2  1.024
 10 0.995   6  44.9 100.0  55.1  1.165
 11 0.861   6  50.3 100.0  49.7  0.991
 12 0.835   5  42.8 100.0  57.2  1.013
 13 1.040   6  41.2 100.0  58.8  1.099
 14 0.940   5  44.6 100.0  55.4  1.027
 15 0.829   5  44.7 100.0  55.3  1.113
 16 0.759   5  48.2 100.0  51.8  1.167
 17 1.046   5  40.8 100.0  59.2  1.077
$$$$$$$$$$$$$$$$$$$$$$$$isother
CYRUS_VANILLA coach: change player 1 to type 0
CYRUS_VANILLA coach: change player 9 to type 17
CYRUS_VANILLA coach: change player 2 to type 13
CYRUS_VANILLA coach: change player 11 to type 10
CYRUS_VANILLA coach: change player 4 to type 6
CYRUS_VANILLA coach: change player 10 to type 5
CYRUS_VANILLA coach: change player 3 to type 1
CYRUS_VANILLA coach: change player 5 to type 3
CYRUS_VANILLA coach: change player 7 to type 14
CYRUS_VANILLA coach: change player 8 to type 8
CYRUS_VANILLA coach: change player 6 to type 9
Read Setting: ./data/settings/Other.json
Read Setting: ./data/settings/Other.json
Read Setting: ./data/settings/Other.json
Read Setting: ./data/settings/Other.json
Read Setting: ./data/settings/Other.json
Read Setting: ./data/settings/Other.json
Read Setting: ./data/settings/Other.json
Read Setting: ./data/settings/Other.json
Waiting to kick off
Kick_off_left
SPICA325 coach: [94, 0] no player type for opponent 6. restart analysis.
SPICA325 coach: [94, 0] no player type for opponent 8. restart analysis.
SPICA325 coach: [94, 0] no player type for opponent 2. restart analysis.
SPICA325 coach: [95, 0] no player type for opponent 2. restart analysis.
SPICA325 coach: [96, 0] no player type for opponent 6. restart analysis.
SPICA325 coach: [96, 0] no player type for opponent 11. restart analysis.
SPICA325 coach: [96, 0] no player type for opponent 7. restart analysis.
CYRUS_VANILLA coach: [96, 0] no player type for opponent 11. restart analysis.
CYRUS_VANILLA coach: [96, 0] no player type for opponent 6. restart analysis.
SPICA325 coach: [97, 0] no player type for opponent 10. restart analysis.
SPICA325 coach: [97, 0] no player type for opponent 11. restart analysis.
SPICA325 coach: [97, 0] no player type for opponent 9. restart analysis.
CYRUS_VANILLA coach: [97, 0] no player type for opponent 11. restart analysis.
CYRUS_VANILLA coach: [97, 0] determined opponent 3 type = 1
CYRUS_VANILLA coach: [98, 0] no player type for opponent 9. restart analysis.
SPICA325 coach: [98, 0] no player type for opponent 8. restart analysis.
SPICA325 coach: [98, 0] no player type for opponent 11. restart analysis.
SPICA325 coach: [98, 0] no player type for opponent 7. restart analysis.
SPICA325 coach: [99, 0] no player type for opponent 10. restart analysis.
SPICA325 coach: [99, 0] determined opponent 2 type = 13
SPICA325 coach: [99, 0] no player type for opponent 6. restart analysis.
SPICA325 coach: [99, 0] no player type for opponent 5. restart analysis.
CYRUS_VANILLA coach: [99, 0] determined opponent 10 type = 5
CYRUS_VANILLA coach: [99, 0] determined opponent 6 type = 9
CYRUS_VANILLA coach: [100, 0] no player type for opponent 9. restart analysis.
CYRUS_VANILLA coach: [100, 0] determined opponent 5 type = 3
SPICA325 coach: [100, 0] no player type for opponent 6. restart analysis.
SPICA325 coach: [101, 0] no player type for opponent 8. restart analysis.
SPICA325 coach: [101, 0] no player type for opponent 10. restart analysis.
SPICA325 coach: [101, 0] no player type for opponent 6. restart analysis.
SPICA325 coach: [101, 0] no player type for opponent 11. restart analysis.
SPICA325 coach: [101, 0] no player type for opponent 7. restart analysis.
SPICA325 coach: [103, 0] no player type for opponent 6. restart analysis.
SPICA325 coach: [103, 0] no player type for opponent 9. restart analysis.
SPICA325 coach: [103, 0] determined opponent 3 type = 1
SPICA325 coach: [104, 0] no player type for opponent 6. restart analysis.
CYRUS_VANILLA coach: [105, 0] no player type for opponent 8. restart analysis.
SPICA325 coach: [105, 0] no player type for opponent 11. restart analysis.
SPICA325 coach: [107, 0] no player type for opponent 11. restart analysis.
SPICA325 coach: [107, 0] no player type for opponent 7. restart analysis.
CYRUS_VANILLA coach: [107, 0] determined opponent 9 type = 17
CYRUS_VANILLA coach: [107, 0] no player type for opponent 11. restart analysis.
SPICA325 coach: [108, 0] determined opponent 10 type = 5
SPICA325 coach: [109, 0] no player type for opponent 11. restart analysis.
SPICA325 coach: [111, 0] no player type for opponent 6. restart analysis.
CYRUS_VANILLA coach: [111, 0] no player type for opponent 8. restart analysis.
CYRUS_VANILLA coach: [112, 0] determined opponent 7 type = 14
SPICA325 coach: [114, 0] no player type for opponent 8. restart analysis.
SPICA325 coach: [115, 0] determined opponent 5 type = 3
CYRUS_VANILLA coach: [117, 0] no player type for opponent 8. restart analysis.
SPICA325 coach: [118, 0] no player type for opponent 6. restart analysis.
SPICA325 coach: [119, 0] no player type for opponent 7. restart analysis.
SPICA325 coach: [121, 0] no player type for opponent 7. restart analysis.
CYRUS_VANILLA coach: [121, 0] no player type for opponent 11. restart analysis.
CYRUS_VANILLA coach: [122, 0] no player type for opponent 11. restart analysis.
SPICA325 coach: [122, 0] no player type for opponent 4. restart analysis.
SPICA325 coach: [122, 0] no player type for opponent 6. restart analysis.
SPICA325 coach: [123, 0] no player type for opponent 4. restart analysis.
SPICA325 coach: [123, 0] no player type for opponent 8. restart analysis.
SPICA325 coach: [123, 0] no player type for opponent 6. restart analysis.
CYRUS_VANILLA coach: [124, 0] no player type for opponent 8. restart analysis.
SPICA325 coach: [125, 0] no player type for opponent 8. restart analysis.
SPICA325 coach: [127, 0] no player type for opponent 4. restart analysis.
SPICA325 coach: [128, 0] no player type for opponent 7. restart analysis.
SPICA325 coach: [129, 0] no player type for opponent 6. restart analysis.
SPICA325 coach: [129, 0] no player type for opponent 7. restart analysis.
SPICA325 coach: [130, 0] no player type for opponent 6. restart analysis.
SPICA325 coach: [131, 0] no player type for opponent 4. restart analysis.
SPICA325 coach: [131, 0] no player type for opponent 6. restart analysis.
SPICA325 coach: [132, 0] no player type for opponent 6. restart analysis.
CYRUS_VANILLA 4: [132, 0]  WARNING. no body command.
CYRUS_VANILLA coach: [133, 0] no player type for opponent 11. restart analysis.
CYRUS_VANILLA 4: [133, 0]  WARNING. no body command.
SPICA325 coach: [133, 0] no player type for opponent 6. restart analysis.
CYRUS_VANILLA coach: [134, 0] no player type for opponent 11. restart analysis.
CYRUS_VANILLA coach: [134, 0] no player type for opponent 8. restart analysis.
SPICA325 coach: [136, 0] no player type for opponent 11. restart analysis.
CYRUS_VANILLA coach: [136, 0] no player type for opponent 8. restart analysis.
SPICA325 coach: [138, 0] no player type for opponent 4. restart analysis.
SPICA325 coach: [138, 0] no player type for opponent 11. restart analysis.
CYRUS_VANILLA coach: [141, 0] no player type for opponent 8. restart analysis.
SPICA325 coach: [146, 0] no player type for opponent 6. restart analysis.
CYRUS_VANILLA coach: [148, 0] no player type for opponent 8. restart analysis.
CYRUS_VANILLA coach: [151, 0] no player type for opponent 8. restart analysis.
SPICA325 coach: [151, 0] no player type for opponent 7. restart analysis.
SPICA325 coach: [151, 0] no player type for opponent 4. restart analysis.
SPICA325 coach: [152, 0] no player type for opponent 11. restart analysis.
SPICA325 coach: [152, 0] no player type for opponent 9. restart analysis.
SPICA325 coach: [154, 0] no player type for opponent 4. restart analysis.
SPICA325 coach: [154, 0] no player type for opponent 7. restart analysis.
SPICA325 coach: [155, 0] no player type for opponent 4. restart analysis.
CYRUS_VANILLA coach: [155, 0] no player type for opponent 8. restart analysis.
SPICA325 coach: [156, 0] no player type for opponent 11. restart analysis.
SPICA325 coach: [156, 0] no player type for opponent 8. restart analysis.
SPICA325 coach: [156, 0] no player type for opponent 4. restart analysis.
SPICA325 coach: [157, 0] no player type for opponent 6. restart analysis.
SPICA325 coach: [157, 0] no player type for opponent 7. restart analysis.
SPICA325 coach: [160, 0] no player type for opponent 4. restart analysis.
SPICA325 coach: [161, 0] no player type for opponent 4. restart analysis.
SPICA325 coach: [161, 0] no player type for opponent 9. restart analysis.
SPICA325 coach: [161, 0] determined opponent 7 type = 14
CYRUS_VANILLA coach: [161, 0] no player type for opponent 11. restart analysis.
SPICA325 coach: [162, 0] no player type for opponent 11. restart analysis.
SPICA325 coach: [163, 0] sent freeform (player_types (1 -1)(2 13)(3 1)(4 -1)(5 3)(6 -1)(7 14)(8 -1)(9 -1)(10 5)(11 -1))
SPICA325 coach: [163, 0] freeform 1 / 128
SPICA325 5: [163, 0] lost kick by foul at [163, 0] sense=1 internal=2
CYRUS_VANILLA coach: [163, 1] sent freeform (player_types (1 -1)(2 -1)(3 1)(4 -1)(5 3)(6 9)(7 14)(8 -1)(9 17)(10 5)(11 -1))
CYRUS_VANILLA coach: [163, 1] freeform 1 / 128
SPICA325 coach: [201, 0] no player type for opponent 6. restart analysis.
SPICA325 coach: [202, 0] no player type for opponent 4. restart analysis.
SPICA325 coach: [202, 0] no player type for opponent 9. restart analysis.
SPICA325 coach: [203, 0] no player type for opponent 4. restart analysis.
SPICA325 coach: [203, 0] no player type for opponent 8. restart analysis.
SPICA325 coach: [204, 0] no player type for opponent 4. restart analysis.
SPICA325 coach: [205, 0] no player type for opponent 4. restart analysis.
SPICA325 coach: [206, 0] no player type for opponent 4. restart analysis.
SPICA325 coach: [206, 0] no player type for opponent 6. restart analysis.
CYRUS_VANILLA coach: [206, 0] no player type for opponent 8. restart analysis.
layerSize: 3
CYRUS_VANILLA coach: [208, 0] no player type for opponent 11. restart analysis.
CYRUS_VANILLA coach: [208, 0] no player type for opponent 8. restart analysis.
SPICA325 coach: [209, 0] no player type for opponent 4. restart analysis.
SPICA325 coach: [215, 0] no player type for opponent 11. restart analysis.
SPICA325 coach: [219, 0] no player type for opponent 1. restart analysis.
SPICA325 coach: [219, 0] no player type for opponent 6. restart analysis.
CYRUS_VANILLA coach: [220, 0] no player type for opponent 8. restart analysis.
SPICA325 coach: [220, 0] no player type for opponent 8. restart analysis.
CYRUS_VANILLA coach: [221, 0] no player type for opponent 8. restart analysis.
SPICA325 coach: [221, 0] no player type for opponent 1. restart analysis.
CYRUS_VANILLA coach: [222, 0] no player type for opponent 11. restart analysis.
SPICA325 coach: [223, 0] no player type for opponent 4. restart analysis.
CYRUS_VANILLA coach: [224, 0] no player type for opponent 2. restart analysis.
CYRUS_VANILLA coach: [224, 0] no player type for opponent 4. restart analysis.
SPICA325 coach: [224, 0] no player type for opponent 4. restart analysis.
SPICA325 coach: [224, 0] no player type for opponent 8. restart analysis.
SPICA325 coach: [225, 0] no player type for opponent 4. restart analysis.
CYRUS_VANILLA coach: [226, 0] no player type for opponent 11. restart analysis.
CYRUS_VANILLA coach: [226, 0] no player type for opponent 2. restart analysis.
SPICA325 coach: [226, 0] no player type for opponent 4. restart analysis.
SPICA325 coach: [226, 0] no player type for opponent 6. restart analysis.
SPICA325 coach: [227, 0] no player type for opponent 4. restart analysis.
SPICA325 coach: [227, 0] no player type for opponent 6. restart analysis.
SPICA325 coach: [228, 0] no player type for opponent 4. restart analysis.
SPICA325 coach: [228, 0] no player type for opponent 8. restart analysis.
SPICA325 coach: [229, 0] no player type for opponent 8. restart analysis.
SPICA325 coach: [230, 0] no player type for opponent 8. restart analysis.
SPICA325 coach: [231, 0] no player type for opponent 6. restart analysis.
SPICA325 coach: [231, 0] no player type for opponent 4. restart analysis.
SPICA325 coach: [232, 0] no player type for opponent 6. restart analysis.
SPICA325 coach: [236, 0] no player type for opponent 8. restart analysis.
CYRUS_VANILLA coach: [241, 0] no player type for opponent 11. restart analysis.
SPICA325 coach: [243, 0] no player type for opponent 11. restart analysis.
SPICA325 coach: [249, 0] no player type for opponent 4. restart analysis.
SPICA325 coach: [249, 0] no player type for opponent 6. restart analysis.
CYRUS_VANILLA coach: [251, 0] no player type for opponent 8. restart analysis.
SPICA325 coach: [252, 0] no player type for opponent 9. restart analysis.
CYRUS_VANILLA coach: [253, 0] no player type for opponent 8. restart analysis.
SPICA325 coach: [254, 0] no player type for opponent 11. restart analysis.
SPICA325 coach: [254, 0] no player type for opponent 1. restart analysis.
SPICA325 coach: [255, 0] no player type for opponent 1. restart analysis.
CYRUS_VANILLA coach: [255, 0] no player type for opponent 8. restart analysis.
SPICA325 coach: [257, 0] no player type for opponent 11. restart analysis.
SPICA325 coach: [258, 0] no player type for opponent 8. restart analysis.
CYRUS_VANILLA coach: [258, 0] no player type for opponent 11. restart analysis.
SPICA325 coach: [259, 0] no player type for opponent 11. restart analysis.
CYRUS_VANILLA coach: [259, 0] no player type for opponent 2. restart analysis.
CYRUS_VANILLA coach: [260, 0] no player type for opponent 8. restart analysis.
SPICA325 coach: [261, 0] no player type for opponent 11. restart analysis.
CYRUS_VANILLA coach: [261, 0] no player type for opponent 2. restart analysis.
SPICA325 coach: [262, 0] no player type for opponent 11. restart analysis.
CYRUS_VANILLA coach: [263, 0] no player type for opponent 8. restart analysis.
SPICA325 coach: [266, 0] no player type for opponent 8. restart analysis.
CYRUS_VANILLA coach: [266, 0] no player type for opponent 8. restart analysis.
SPICA325 coach: [271, 0] determined opponent 4 type = 6
SPICA325 coach: [277, 0] no player type for opponent 1. restart analysis.
SPICA325 coach: [281, 0] no player type for opponent 8. restart analysis.
CYRUS_VANILLA coach: [281, 0] no player type for opponent 8. restart analysis.
SPICA325 coach: [283, 0] no player type for opponent 11. restart analysis.
SPICA325 coach: [284, 0] determined opponent 9 type = 17
SPICA325 coach: [286, 0] no player type for opponent 11. restart analysis.
SPICA325 coach: [287, 0] no player type for opponent 8. restart analysis.
SPICA325 coach: [289, 0] no player type for opponent 6. restart analysis.
SPICA325 coach: [290, 0] no player type for opponent 6. restart analysis.
SPICA325 coach: [291, 0] no player type for opponent 11. restart analysis.
SPICA325 coach: [291, 0] no player type for opponent 8. restart analysis.
SPICA325 coach: [292, 0] no player type for opponent 11. restart analysis.
CYRUS_VANILLA coach: [293, 0] no player type for opponent 8. restart analysis.
SPICA325 coach: [293, 0] no player type for opponent 11. restart analysis.
CYRUS_VANILLA coach: [294, 0] determined opponent 2 type = 13
SPICA325 coach: [296, 0] no player type for opponent 8. restart analysis.
CYRUS_VANILLA coach: [299, 0] no player type for opponent 4. restart analysis.
CYRUS_VANILLA coach: [299, 0] no player type for opponent 11. restart analysis.
SPICA325 coach: [300, 0] no player type for opponent 11. restart analysis.
CYRUS_VANILLA coach: [301, 0] updated clang capacity.
SPICA325 coach: [301, 0] updated clang capacity.
SPICA325 coach: [302, 0] no player type for opponent 11. restart analysis.
SPICA325 coach: [302, 0] no player type for opponent 6. restart analysis.
SPICA325 coach: [302, 0] no player type for opponent 8. restart analysis.
SPICA325 coach: [303, 0] no player type for opponent 1. restart analysis.
SPICA325 coach: [303, 0] no player type for opponent 11. restart analysis.
CYRUS_VANILLA coach: [305, 0] no player type for opponent 8. restart analysis.
CYRUS_VANILLA coach: [307, 0] no player type for opponent 8. restart analysis.
SPICA325 coach: [310, 0] no player type for opponent 6. restart analysis.
CYRUS_VANILLA coach: [310, 0] no player type for opponent 8. restart analysis.
CYRUS_VANILLA coach: [312, 0] no player type for opponent 8. restart analysis.
CYRUS_VANILLA coach: [313, 0] no player type for opponent 8. restart analysis.
CYRUS_VANILLA coach: [314, 0] no player type for opponent 11. restart analysis.
CYRUS_VANILLA coach: [315, 0] no player type for opponent 8. restart analysis.
CYRUS_VANILLA coach: [316, 0] no player type for opponent 8. restart analysis.
CYRUS_VANILLA coach: [321, 0] no player type for opponent 8. restart analysis.
SPICA325 coach: [321, 0] no player type for opponent 6. restart analysis.
SPICA325 coach: [322, 0] no player type for opponent 6. restart analysis.
CYRUS_VANILLA coach: [322, 0] no player type for opponent 11. restart analysis.
CYRUS_VANILLA coach: [322, 0] no player type for opponent 8. restart analysis.
CYRUS_VANILLA coach: [324, 0] no player type for opponent 8. restart analysis.
SPICA325 coach: [324, 0] no player type for opponent 11. restart analysis.
SPICA325 coach: [326, 0] no player type for opponent 11. restart analysis.
SPICA325 coach: [326, 0] no player type for opponent 6. restart analysis.
SPICA325 coach: [328, 0] no player type for opponent 11. restart analysis.
CYRUS_VANILLA coach: [328, 0] no player type for opponent 8. restart analysis.
CYRUS_VANILLA coach: [328, 0] no player type for opponent 11. restart analysis.
CYRUS_VANILLA coach: [336, 0] no player type for opponent 4. restart analysis.
CYRUS_VANILLA coach: [336, 0] no player type for opponent 11. restart analysis.
SPICA325 coach: [337, 0] no player type for opponent 11. restart analysis.
SPICA325 coach: [337, 0] no player type for opponent 6. restart analysis.
CYRUS_VANILLA coach: [338, 0] no player type for opponent 4. restart analysis.
SPICA325 coach: [340, 0] no player type for opponent 11. restart analysis.
SPICA325 coach: [340, 0] no player type for opponent 6. restart analysis.
CYRUS_VANILLA coach: [342, 0] no player type for opponent 11. restart analysis.
SPICA325 coach: [342, 0] no player type for opponent 6. restart analysis.
CYRUS_VANILLA coach: [343, 0] no player type for opponent 8. restart analysis.
CYRUS_VANILLA coach: [349, 0] no player type for opponent 4. restart analysis.
CYRUS_VANILLA coach: [349, 0] no player type for opponent 8. restart analysis.
SPICA325 coach: [353, 0] no player type for opponent 8. restart analysis.
CYRUS_VANILLA coach: [356, 0] no player type for opponent 4. restart analysis.
CYRUS_VANILLA coach: [360, 0] no player type for opponent 4. restart analysis.
CYRUS_VANILLA coach: [361, 0] no player type for opponent 4. restart analysis.
CYRUS_VANILLA coach: [362, 0] no player type for opponent 4. restart analysis.
SPICA325 coach: [362, 0] no player type for opponent 11. restart analysis.
SPICA325 coach: [363, 0] no player type for opponent 11. restart analysis.
CYRUS_VANILLA coach: [364, 0] no player type for opponent 8. restart analysis.
CYRUS_VANILLA coach: [364, 0] no player type for opponent 4. restart analysis.
SPICA325 coach: [365, 0] no player type for opponent 11. restart analysis.
CYRUS_VANILLA coach: [369, 0] no player type for opponent 8. restart analysis.
CYRUS_VANILLA coach: [370, 0] no player type for opponent 4. restart analysis.
SPICA325 coach: [374, 0] no player type for opponent 8. restart analysis.
CYRUS_VANILLA coach: [377, 0] no player type for opponent 11. restart analysis.
SPICA325 coach: [377, 0] no player type for opponent 8. restart analysis.
CYRUS_VANILLA coach: [378, 0] no player type for opponent 8. restart analysis.
SPICA325 coach: [380, 0] no player type for opponent 6. restart analysis.
SPICA325 coach: [380, 0] no player type for opponent 8. restart analysis.
SPICA325 coach: [381, 0] no player type for opponent 6. restart analysis.
CYRUS_VANILLA coach: [381, 0] no player type for opponent 4. restart analysis.
CYRUS_VANILLA coach: [383, 0] no player type for opponent 4. restart analysis.
CYRUS_VANILLA coach: [383, 0] no player type for opponent 11. restart analysis.
CYRUS_VANILLA coach: [384, 0] no player type for opponent 4. restart analysis.
CYRUS_VANILLA coach: [384, 0] no player type for opponent 8. restart analysis.
CYRUS_VANILLA coach: [384, 0] no player type for opponent 11. restart analysis.
CYRUS_VANILLA coach: [385, 0] no player type for opponent 4. restart analysis.
CYRUS_VANILLA coach: [385, 0] no player type for opponent 8. restart analysis.
CYRUS_VANILLA coach: [385, 0] no player type for opponent 11. restart analysis.
SPICA325 coach: [388, 0] determined opponent 6 type = 9
CYRUS_VANILLA coach: [389, 0] no player type for opponent 8. restart analysis.
CYRUS_VANILLA coach: [390, 0] no player type for opponent 4. restart analysis.
CYRUS_VANILLA coach: [390, 0] no player type for opponent 8. restart analysis.
CYRUS_VANILLA coach: [393, 0] no player type for opponent 8. restart analysis.
CYRUS_VANILLA coach: [396, 0] no player type for opponent 4. restart analysis.
CYRUS_VANILLA coach: [399, 0] no player type for opponent 8. restart analysis.
CYRUS_VANILLA coach: [400, 0] no player type for opponent 8. restart analysis.
CYRUS_VANILLA coach: [400, 0] no player type for opponent 4. restart analysis.
CYRUS_VANILLA coach: [402, 0] no player type for opponent 4. restart analysis.
CYRUS_VANILLA coach: [405, 0] no player type for opponent 11. restart analysis.
CYRUS_VANILLA coach: [410, 0] determined opponent 4 type = 6
CYRUS_VANILLA coach: [411, 0] no player type for opponent 11. restart analysis.
CYRUS_VANILLA coach: [414, 0] no player type for opponent 11. restart analysis.
CYRUS_VANILLA coach: [426, 0] no player type for opponent 11. restart analysis.
CYRUS_VANILLA coach: [426, 0] no player type for opponent 8. restart analysis.
CYRUS_VANILLA coach: [435, 0] no player type for opponent 11. restart analysis.
CYRUS_VANILLA coach: [437, 0] no player type for opponent 11. restart analysis.
CYRUS_VANILLA coach: [448, 0] no player type for opponent 11. restart analysis.
CYRUS_VANILLA coach: [449, 0] no player type for opponent 11. restart analysis.
CYRUS_VANILLA coach: [450, 0] no player type for opponent 8. restart analysis.
CYRUS_VANILLA coach: [451, 0] no player type for opponent 11. restart analysis.
SPICA325 coach: [462, 0] no player type for opponent 11. restart analysis.
SPICA325 coach: [464, 0] no player type for opponent 11. restart analysis.
SPICA325 coach: [465, 0] no player type for opponent 11. restart analysis.
CYRUS_VANILLA coach: [474, 0] no player type for opponent 8. restart analysis.
SPICA325 coach: [477, 0] no player type for opponent 8. restart analysis.
SPICA325 coach: [490, 0] determined opponent 1 type = 0
CYRUS_VANILLA coach: [507, 0] no player type for opponent 8. restart analysis.
CYRUS_VANILLA coach: [532, 0] no player type for opponent 8. restart analysis.
CYRUS_VANILLA coach: [535, 0] no player type for opponent 8. restart analysis.
CYRUS_VANILLA coach: [553, 0] determined opponent 11 type = 10
CYRUS_VANILLA coach: [554, 0] no player type for opponent 8. restart analysis.
CYRUS_VANILLA coach: [554, 0] determined opponent 1 type = 0
SPICA325 coach: [568, 0] determined opponent 11 type = 10
SPICA325 coach: [578, 0] no player type for opponent 8. restart analysis.
CYRUS_VANILLA coach: [587, 0] no player type for opponent 8. restart analysis.
SPICA325 coach: [589, 0] no player type for opponent 8. restart analysis.
layerSize: 3
CYRUS_VANILLA coach: [591, 0] no player type for opponent 8. restart analysis.
SPICA325 coach: [592, 0] no player type for opponent 8. restart analysis.
CYRUS_VANILLA coach: [593, 0] no player type for opponent 8. restart analysis.
CYRUS_VANILLA coach: [600, 0] no player type for opponent 8. restart analysis.
SPICA325 coach: [601, 0] no player type for opponent 8. restart analysis.
SPICA325 coach: [601, 0] updated clang capacity.
CYRUS_VANILLA coach: [601, 0] updated clang capacity.
SPICA325 coach: [602, 0] no player type for opponent 8. restart analysis.
SPICA325 coach: [603, 0] no player type for opponent 8. restart analysis.
SPICA325 coach: [609, 0] no player type for opponent 8. restart analysis.
SPICA325 coach: [615, 0] no player type for opponent 8. restart analysis.
SPICA325 coach: [618, 0] no player type for opponent 8. restart analysis.
CYRUS_VANILLA coach: [620, 0] no player type for opponent 8. restart analysis.
CYRUS_VANILLA coach: [624, 0] no player type for opponent 8. restart analysis.
SPICA325 coach: [625, 0] no player type for opponent 8. restart analysis.
CYRUS_VANILLA coach: [632, 0] no player type for opponent 8. restart analysis.
CYRUS_VANILLA coach: [636, 0] no player type for opponent 8. restart analysis.
CYRUS_VANILLA coach: [638, 0] no player type for opponent 8. restart analysis.
CYRUS_VANILLA coach: [669, 0] no player type for opponent 8. restart analysis.
CYRUS_VANILLA coach: [687, 0] no player type for opponent 8. restart analysis.
CYRUS_VANILLA coach: [689, 0] no player type for opponent 8. restart analysis.
CYRUS_VANILLA coach: [691, 0] no player type for opponent 8. restart analysis.
CYRUS_VANILLA coach: [692, 0] no player type for opponent 8. restart analysis.
SPICA325 coach: [693, 0] no player type for opponent 8. restart analysis.
CYRUS_VANILLA coach: [693, 0] no player type for opponent 8. restart analysis.
CYRUS_VANILLA coach: [697, 0] no player type for opponent 8. restart analysis.
SPICA325 coach: [699, 0] no player type for opponent 8. restart analysis.
CYRUS_VANILLA coach: [703, 0] no player type for opponent 8. restart analysis.
SPICA325 coach: [710, 0] no player type for opponent 8. restart analysis.
CYRUS_VANILLA coach: [712, 0] no player type for opponent 8. restart analysis.
SPICA325 coach: [713, 0] no player type for opponent 8. restart analysis.
CYRUS_VANILLA coach: [713, 0] no player type for opponent 8. restart analysis.
SPICA325 coach: [716, 0] no player type for opponent 8. restart analysis.
CYRUS_VANILLA coach: [727, 0] no player type for opponent 8. restart analysis.
CYRUS_VANILLA coach: [732, 0] no player type for opponent 8. restart analysis.
CYRUS_VANILLA 11: [732, 0] lost kick by foul at [732, 0] sense=30 internal=31
SPICA325 coach: [732, 1] sent freeform (player_types (1 0)(2 13)(3 1)(4 6)(5 3)(6 9)(7 14)(8 -1)(9 17)(10 5)(11 10))
SPICA325 coach: [732, 1] freeform 2 / 128
CYRUS_VANILLA coach: [732, 1] sent freeform (player_types (1 0)(2 13)(3 1)(4 6)(5 3)(6 9)(7 14)(8 -1)(9 17)(10 5)(11 10))
CYRUS_VANILLA coach: [732, 1] freeform 2 / 128
SPICA325 coach: [829, 0] no player type for opponent 8. restart analysis.
SPICA325 coach: [831, 0] no player type for opponent 8. restart analysis.
SPICA325 coach: [832, 0] no player type for opponent 8. restart analysis.
SPICA325 coach: [834, 0] no player type for opponent 8. restart analysis.
CYRUS_VANILLA coach: [858, 0] no player type for opponent 8. restart analysis.
SPICA325 coach: [879, 0] no player type for opponent 8. restart analysis.
CYRUS_VANILLA coach: [880, 0] no player type for opponent 8. restart analysis.
CYRUS_VANILLA coach: [894, 0] no player type for opponent 8. restart analysis.
SPICA325 coach: [896, 0] no player type for opponent 8. restart analysis.
CYRUS_VANILLA coach: [901, 0] no player type for opponent 8. restart analysis.
CYRUS_VANILLA coach: [901, 0] updated clang capacity.
SPICA325 coach: [901, 0] updated clang capacity.
CYRUS_VANILLA coach: [902, 0] no player type for opponent 8. restart analysis.
CYRUS_VANILLA coach: [906, 0] no player type for opponent 8. restart analysis.
CYRUS_VANILLA coach: [917, 0] no player type for opponent 8. restart analysis.
SPICA325 coach: [928, 0] no player type for opponent 8. restart analysis.
SPICA325 coach: [932, 0] no player type for opponent 8. restart analysis.
SPICA325 coach: [933, 0] no player type for opponent 8. restart analysis.
SPICA325 coach: [934, 0] no player type for opponent 8. restart analysis.
SPICA325 coach: [935, 0] no player type for opponent 8. restart analysis.
SPICA325 coach: [942, 0] no player type for opponent 8. restart analysis.
SPICA325 coach: [947, 0] no player type for opponent 8. restart analysis.
SPICA325 coach: [948, 0] no player type for opponent 8. restart analysis.
SPICA325 coach: [952, 0] no player type for opponent 8. restart analysis.
SPICA325 coach: [955, 0] no player type for opponent 8. restart analysis.
SPICA325 coach: [959, 0] no player type for opponent 8. restart analysis.
SPICA325 coach: [962, 0] no player type for opponent 8. restart analysis.
SPICA325 coach: [963, 0] no player type for opponent 8. restart analysis.
SPICA325 coach: [964, 0] no player type for opponent 8. restart analysis.
SPICA325 coach: [966, 0] no player type for opponent 8. restart analysis.
SPICA325 coach: [970, 0] no player type for opponent 8. restart analysis.
SPICA325 coach: [975, 0] no player type for opponent 8. restart analysis.
SPICA325 coach: [986, 0] no player type for opponent 8. restart analysis.
SPICA325 coach: [996, 0] no player type for opponent 8. restart analysis.
SPICA325 coach: [1006, 0] no player type for opponent 8. restart analysis.
SPICA325 coach: [1007, 0] no player type for opponent 8. restart analysis.
CYRUS_VANILLA coach: [1008, 0] no player type for opponent 8. restart analysis.
SPICA325 coach: [1018, 0] no player type for opponent 8. restart analysis.
SPICA325 coach: [1021, 0] no player type for opponent 8. restart analysis.
SPICA325 9: [1021, 0] lost kick by foul at [1021, 0] sense=46 internal=47
SPICA325 coach: [1139, 0] no player type for opponent 8. restart analysis.
SPICA325 coach: [1145, 0] no player type for opponent 8. restart analysis.
SPICA325 coach: [1147, 0] no player type for opponent 8. restart analysis.
SPICA325 coach: [1149, 0] no player type for opponent 8. restart analysis.
CYRUS_VANILLA coach: [1156, 0] no player type for opponent 8. restart analysis.
CYRUS_VANILLA coach: [1157, 0] no player type for opponent 8. restart analysis.
CYRUS_VANILLA coach: [1159, 0] no player type for opponent 8. restart analysis.
SPICA325 coach: [1167, 0] no player type for opponent 8. restart analysis.
CYRUS_VANILLA coach: [1171, 0] no player type for opponent 8. restart analysis.
CYRUS_VANILLA coach: [1172, 0] no player type for opponent 8. restart analysis.
CYRUS_VANILLA coach: [1175, 0] no player type for opponent 8. restart analysis.
SPICA325 coach: [1186, 0] no player type for opponent 8. restart analysis.
SPICA325 coach: [1189, 0] no player type for opponent 8. restart analysis.
CYRUS_VANILLA coach: [1192, 0] no player type for opponent 8. restart analysis.
CYRUS_VANILLA coach: [1195, 0] no player type for opponent 8. restart analysis.
SPICA325 coach: [1195, 0] no player type for opponent 8. restart analysis.
CYRUS_VANILLA coach: [1199, 0] no player type for opponent 8. restart analysis.
SPICA325 coach: [1199, 0] no player type for opponent 8. restart analysis.
CYRUS_VANILLA coach: [1200, 0] no player type for opponent 8. restart analysis.
SPICA325 coach: [1201, 0] updated clang capacity.
CYRUS_VANILLA coach: [1201, 0] updated clang capacity.
CYRUS_VANILLA coach: [1207, 0] no player type for opponent 8. restart analysis.
CYRUS_VANILLA coach: [1208, 0] no player type for opponent 8. restart analysis.
CYRUS_VANILLA coach: [1209, 0] no player type for opponent 8. restart analysis.
CYRUS_VANILLA coach: [1212, 0] no player type for opponent 8. restart analysis.
CYRUS_VANILLA coach: [1215, 0] no player type for opponent 8. restart analysis.
CYRUS_VANILLA coach: [1219, 0] no player type for opponent 8. restart analysis.
SPICA325 coach: [1221, 0] no player type for opponent 8. restart analysis.
CYRUS_VANILLA coach: [1221, 0] no player type for opponent 8. restart analysis.
CYRUS_VANILLA coach: [1222, 0] no player type for opponent 8. restart analysis.
SPICA325 coach: [1224, 0] no player type for opponent 8. restart analysis.
CYRUS_VANILLA coach: [1226, 0] no player type for opponent 8. restart analysis.
CYRUS_VANILLA coach: [1230, 0] no player type for opponent 8. restart analysis.
SPICA325 coach: [1234, 0] no player type for opponent 8. restart analysis.
CYRUS_VANILLA coach: [1238, 0] no player type for opponent 8. restart analysis.
SPICA325 coach: [1247, 0] no player type for opponent 8. restart analysis.
CYRUS_VANILLA coach: [1248, 0] no player type for opponent 8. restart analysis.
SPICA325 coach: [1253, 0] no player type for opponent 8. restart analysis.
SPICA325 coach: [1254, 0] no player type for opponent 8. restart analysis.
SPICA325 coach: [1255, 0] no player type for opponent 8. restart analysis.
SPICA325 coach: [1256, 0] no player type for opponent 8. restart analysis.
CYRUS_VANILLA coach: [1256, 0] no player type for opponent 8. restart analysis.
SPICA325 coach: [1263, 0] no player type for opponent 8. restart analysis.
CYRUS_VANILLA coach: [1272, 0] no player type for opponent 8. restart analysis.
SPICA325 6: [1274, 0]  WARNING. no turn_neck.
CYRUS_VANILLA coach: [1306, 0] no player type for opponent 8. restart analysis.
SPICA325 10: [1320, 0] lost kick by foul at [1320, 0] sense=9 internal=10
CYRUS_VANILLA coach: [1321, 0] no player type for opponent 8. restart analysis.
CYRUS_VANILLA coach: [1322, 0] no player type for opponent 8. restart analysis.
CYRUS_VANILLA coach: [1333, 0] no player type for opponent 8. restart analysis.
CYRUS_VANILLA coach: [1334, 0] no player type for opponent 8. restart analysis.
SPICA325 coach: [1334, 0] no player type for opponent 8. restart analysis.
CYRUS_VANILLA coach: [1342, 0] no player type for opponent 8. restart analysis.
CYRUS_VANILLA coach: [1344, 0] no player type for opponent 8. restart analysis.
SPICA325 coach: [1346, 0] no player type for opponent 8. restart analysis.
SPICA325 coach: [1361, 0] no player type for opponent 8. restart analysis.
SPICA325 coach: [1373, 0] no player type for opponent 8. restart analysis.
SPICA325 coach: [1412, 0] no player type for opponent 8. restart analysis.
SPICA325 coach: [1425, 0] no player type for opponent 8. restart analysis.
CYRUS_VANILLA coach: [1437, 0] no player type for opponent 8. restart analysis.
CYRUS_VANILLA coach: [1438, 0] no player type for opponent 8. restart analysis.
CYRUS_VANILLA coach: [1439, 0] no player type for opponent 8. restart analysis.
SPICA325 coach: [1440, 0] no player type for opponent 8. restart analysis.
CYRUS_VANILLA coach: [1440, 0] no player type for opponent 8. restart analysis.
CYRUS_VANILLA coach: [1456, 0] no player type for opponent 8. restart analysis.
CYRUS_VANILLA coach: [1468, 0] no player type for opponent 8. restart analysis.
CYRUS_VANILLA coach: [1501, 0] no player type for opponent 8. restart analysis.
CYRUS_VANILLA coach: [1501, 0] updated clang capacity.
SPICA325 coach: [1501, 0] updated clang capacity.
CYRUS_VANILLA coach: [1513, 0] no player type for opponent 8. restart analysis.
SPICA325 coach: [1514, 0] no player type for opponent 8. restart analysis.
CYRUS_VANILLA coach: [1519, 0] no player type for opponent 8. restart analysis.
SPICA325 coach: [1523, 0] no player type for opponent 8. restart analysis.
CYRUS_VANILLA coach: [1528, 0] no player type for opponent 8. restart analysis.
SPICA325 coach: [1532, 0] no player type for opponent 8. restart analysis.
CYRUS_VANILLA coach: [1534, 0] no player type for opponent 8. restart analysis.
CYRUS_VANILLA coach: [1535, 0] no player type for opponent 8. restart analysis.
SPICA325 coach: [1536, 0] no player type for opponent 8. restart analysis.
SPICA325 coach: [1540, 0] no player type for opponent 8. restart analysis.
CYRUS_VANILLA coach: [1545, 0] no player type for opponent 8. restart analysis.
SPICA325 coach: [1545, 0] no player type for opponent 8. restart analysis.
CYRUS_VANILLA coach: [1548, 0] no player type for opponent 8. restart analysis.
CYRUS_VANILLA coach: [1550, 0] no player type for opponent 8. restart analysis.
SPICA325 coach: [1651, 0] no player type for opponent 8. restart analysis.
CYRUS_VANILLA coach: [1655, 0] no player type for opponent 8. restart analysis.
SPICA325 coach: [1655, 0] no player type for opponent 8. restart analysis.
CYRUS_VANILLA coach: [1660, 0] no player type for opponent 8. restart analysis.
SPICA325 coach: [1662, 0] no player type for opponent 8. restart analysis.
SPICA325 coach: [1664, 0] no player type for opponent 8. restart analysis.
SPICA325 coach: [1668, 0] no player type for opponent 8. restart analysis.
CYRUS_VANILLA coach: [1668, 0] no player type for opponent 8. restart analysis.
CYRUS_VANILLA coach: [1749, 0] no player type for opponent 8. restart analysis.
SPICA325 coach: [1771, 0] no player type for opponent 8. restart analysis.
CYRUS_VANILLA coach: [1771, 0] no player type for opponent 8. restart analysis.
SPICA325 coach: [1774, 0] no player type for opponent 8. restart analysis.
SPICA325 coach: [1777, 0] no player type for opponent 8. restart analysis.
CYRUS_VANILLA coach: [1779, 0] no player type for opponent 8. restart analysis.
CYRUS_VANILLA coach: [1780, 0] no player type for opponent 8. restart analysis.
SPICA325 coach: [1781, 0] no player type for opponent 8. restart analysis.
SPICA325 coach: [1782, 0] no player type for opponent 8. restart analysis.
CYRUS_VANILLA coach: [1782, 0] no player type for opponent 8. restart analysis.
CYRUS_VANILLA coach: [1783, 0] no player type for opponent 8. restart analysis.
CYRUS_VANILLA coach: [1785, 0] no player type for opponent 8. restart analysis.
CYRUS_VANILLA coach: [1787, 0] no player type for opponent 8. restart analysis.
CYRUS_VANILLA coach: [1790, 0] no player type for opponent 8. restart analysis.
SPICA325 coach: [1793, 0] no player type for opponent 8. restart analysis.
CYRUS_VANILLA coach: [1796, 0] no player type for opponent 8. restart analysis.
SPICA325 coach: [1798, 0] no player type for opponent 8. restart analysis.
SPICA325 coach: [1801, 0] updated clang capacity.
CYRUS_VANILLA coach: [1801, 0] updated clang capacity.
SPICA325 coach: [1802, 0] no player type for opponent 8. restart analysis.
SPICA325 coach: [1808, 0] no player type for opponent 8. restart analysis.
CYRUS_VANILLA coach: [1809, 0] no player type for opponent 8. restart analysis.
CYRUS_VANILLA coach: [1811, 0] no player type for opponent 8. restart analysis.
CYRUS_VANILLA coach: [1814, 0] no player type for opponent 8. restart analysis.
SPICA325 coach: [1818, 0] no player type for opponent 8. restart analysis.
SPICA325 coach: [1828, 0] no player type for opponent 8. restart analysis.
CYRUS_VANILLA coach: [1830, 0] no player type for opponent 8. restart analysis.
SPICA325 coach: [1832, 0] no player type for opponent 8. restart analysis.
CYRUS_VANILLA coach: [1834, 0] no player type for opponent 8. restart analysis.
SPICA325 coach: [1851, 0] no player type for opponent 8. restart analysis.
SPICA325 coach: [1852, 0] no player type for opponent 8. restart analysis.
CYRUS_VANILLA coach: [1852, 0] no player type for opponent 8. restart analysis.
CYRUS_VANILLA coach: [1853, 0] no player type for opponent 8. restart analysis.
CYRUS_VANILLA coach: [1854, 0] no player type for opponent 8. restart analysis.
SPICA325 coach: [1865, 0] no player type for opponent 8. restart analysis.
CYRUS_VANILLA coach: [1866, 0] no player type for opponent 8. restart analysis.
CYRUS_VANILLA coach: [1868, 0] no player type for opponent 8. restart analysis.
SPICA325 coach: [1868, 0] no player type for opponent 8. restart analysis.
SPICA325 coach: [1870, 0] no player type for opponent 8. restart analysis.
CYRUS_VANILLA coach: [1871, 0] no player type for opponent 8. restart analysis.
CYRUS_VANILLA coach: [1872, 0] no player type for opponent 8. restart analysis.
SPICA325 coach: [1873, 0] no player type for opponent 8. restart analysis.
CYRUS_VANILLA coach: [1876, 0] no player type for opponent 8. restart analysis.
CYRUS_VANILLA coach: [1878, 0] no player type for opponent 8. restart analysis.
CYRUS_VANILLA coach: [1882, 0] no player type for opponent 8. restart analysis.
SPICA325 coach: [1884, 0] no player type for opponent 8. restart analysis.
SPICA325 coach: [1897, 0] no player type for opponent 8. restart analysis.
SPICA325 9: [1935, 0]  WARNING. no turn_neck.
SPICA325 9: [1936, 0]  WARNING. no turn_neck.
CYRUS_VANILLA coach: [1949, 0] no player type for opponent 8. restart analysis.
CYRUS_VANILLA coach: [1950, 0] no player type for opponent 8. restart analysis.
CYRUS_VANILLA coach: [1959, 0] no player type for opponent 8. restart analysis.
CYRUS_VANILLA coach: [1973, 0] no player type for opponent 8. restart analysis.
CYRUS_VANILLA coach: [1976, 0] no player type for opponent 8. restart analysis.
CYRUS_VANILLA coach: [1979, 0] no player type for opponent 8. restart analysis.
SPICA325 coach: [1999, 0] no player type for opponent 8. restart analysis.
SPICA325 coach: [2015, 0] no player type for opponent 8. restart analysis.
CYRUS_VANILLA coach: [2097, 0] no player type for opponent 8. restart analysis.
SPICA325 coach: [2101, 0] updated clang capacity.
CYRUS_VANILLA coach: [2101, 0] updated clang capacity.
SPICA325 coach: [2119, 0] no player type for opponent 8. restart analysis.
CYRUS_VANILLA coach: [2120, 0] no player type for opponent 8. restart analysis.
SPICA325 coach: [2123, 0] no player type for opponent 8. restart analysis.
SPICA325 coach: [2126, 0] no player type for opponent 8. restart analysis.
SPICA325 coach: [2128, 0] no player type for opponent 8. restart analysis.
SPICA325 coach: [2142, 0] no player type for opponent 8. restart analysis.
SPICA325 coach: [2144, 0] no player type for opponent 8. restart analysis.
SPICA325 coach: [2157, 0] no player type for opponent 8. restart analysis.
SPICA325 coach: [2162, 0] no player type for opponent 8. restart analysis.
CYRUS_VANILLA coach: [2162, 0] no player type for opponent 8. restart analysis.
CYRUS_VANILLA coach: [2163, 0] no player type for opponent 8. restart analysis.
CYRUS_VANILLA coach: [2165, 0] no player type for opponent 8. restart analysis.
CYRUS_VANILLA coach: [2168, 0] no player type for opponent 8. restart analysis.
CYRUS_VANILLA coach: [2169, 0] no player type for opponent 8. restart analysis.
CYRUS_VANILLA coach: [2174, 0] no player type for opponent 8. restart analysis.
CYRUS_VANILLA coach: [2179, 0] no player type for opponent 8. restart analysis.
CYRUS_VANILLA coach: [2182, 0] no player type for opponent 8. restart analysis.
SPICA325 coach: [2193, 0] no player type for opponent 8. restart analysis.
CYRUS_VANILLA coach: [2194, 0] no player type for opponent 8. restart analysis.
CYRUS_VANILLA coach: [2204, 0] no player type for opponent 8. restart analysis.
CYRUS_VANILLA coach: [2206, 0] no player type for opponent 8. restart analysis.
SPICA325 coach: [2207, 0] no player type for opponent 8. restart analysis.
CYRUS_VANILLA coach: [2209, 0] no player type for opponent 8. restart analysis.
CYRUS_VANILLA coach: [2218, 0] no player type for opponent 8. restart analysis.
CYRUS_VANILLA 9: [2218, 0] lost kick by foul at [2218, 0] sense=57 internal=58
CYRUS_VANILLA coach: [2221, 0] no player type for opponent 8. restart analysis.
SPICA325 coach: [2225, 0] no player type for opponent 8. restart analysis.
CYRUS_VANILLA coach: [2247, 0] no player type for opponent 8. restart analysis.
CYRUS_VANILLA coach: [2256, 0] no player type for opponent 8. restart analysis.
CYRUS_VANILLA coach: [2259, 0] no player type for opponent 8. restart analysis.
CYRUS_VANILLA coach: [2270, 0] determined opponent 8 type = 8
CYRUS_VANILLA coach: [2270, 0] sent freeform (player_types (1 0)(2 13)(3 1)(4 6)(5 3)(6 9)(7 14)(8 8)(9 17)(10 5)(11 10))
CYRUS_VANILLA coach: [2270, 0] freeform 3 / 128
SPICA325 coach: [2346, 0] no player type for opponent 8. restart analysis.
SPICA325 coach: [2348, 0] no player type for opponent 8. restart analysis.
CYRUS_VANILLA coach: [2401, 0] updated clang capacity.
SPICA325 coach: [2401, 0] updated clang capacity.
SPICA325 coach: [2441, 0] no player type for opponent 8. restart analysis.
SPICA325 coach: [2447, 0] no player type for opponent 8. restart analysis.
SPICA325 coach: [2453, 0] no player type for opponent 8. restart analysis.
SPICA325 coach: [2566, 0] no player type for opponent 8. restart analysis.
SPICA325 coach: [2572, 0] no player type for opponent 8. restart analysis.
SPICA325 coach: [2573, 0] no player type for opponent 8. restart analysis.
SPICA325 coach: [2574, 0] no player type for opponent 8. restart analysis.
SPICA325 coach: [2575, 0] no player type for opponent 8. restart analysis.
SPICA325 coach: [2578, 0] no player type for opponent 8. restart analysis.
SPICA325 coach: [2581, 0] no player type for opponent 8. restart analysis.
9 [2592, 0] no ball position cache.
9 [2592, 0] no ball position cache.
9 [2592, 0] Interecet Self cache is empty!
SPICA325 coach: [2602, 0] no player type for opponent 8. restart analysis.
SPICA325 3: [2609, 0]  WARNING. no turn_neck.
SPICA325 coach: [2616, 0] no player type for opponent 8. restart analysis.
SPICA325 coach: [2627, 0] no player type for opponent 8. restart analysis.
SPICA325 coach: [2636, 0] no player type for opponent 8. restart analysis.
SPICA325 coach: [2639, 0] no player type for opponent 8. restart analysis.
SPICA325 coach: [2640, 0] no player type for opponent 8. restart analysis.
SPICA325 coach: [2657, 0] no player type for opponent 8. restart analysis.
SPICA325 coach: [2658, 0] no player type for opponent 8. restart analysis.
SPICA325 coach: [2661, 0] no player type for opponent 8. restart analysis.
SPICA325 coach: [2664, 0] no player type for opponent 8. restart analysis.
SPICA325 coach: [2667, 0] no player type for opponent 8. restart analysis.
SPICA325 9: [2672, 0] lost kick by foul at [2672, 0] sense=75 internal=76
CYRUS_VANILLA coach: [2701, 0] updated clang capacity.
SPICA325 coach: [2701, 0] updated clang capacity.
SPICA325 coach: [2725, 0] no player type for opponent 8. restart analysis.
SPICA325 coach: [2726, 0] no player type for opponent 8. restart analysis.
SPICA325 coach: [2727, 0] no player type for opponent 8. restart analysis.
SPICA325 coach: [2744, 0] no player type for opponent 8. restart analysis.
SPICA325 coach: [2748, 0] no player type for opponent 8. restart analysis.
SPICA325 coach: [2760, 0] no player type for opponent 8. restart analysis.
SPICA325 coach: [2781, 0] no player type for opponent 8. restart analysis.
SPICA325 coach: [2862, 0] no player type for opponent 8. restart analysis.
SPICA325 coach: [2865, 0] no player type for opponent 8. restart analysis.
SPICA325 coach: [2903, 0] no player type for opponent 8. restart analysis.
SPICA325 coach: [2916, 0] no player type for opponent 8. restart analysis.
SPICA325 coach: [2918, 0] no player type for opponent 8. restart analysis.
SPICA325 coach: [2925, 0] no player type for opponent 8. restart analysis.
SPICA325 coach: [2935, 0] no player type for opponent 8. restart analysis.
SPICA325 coach: [2938, 0] no player type for opponent 8. restart analysis.
SPICA325 coach: [2948, 0] no player type for opponent 8. restart analysis.
Waiting to kick off
Kick_off_right
SPICA325 coach: [3001, 0] updated clang capacity.
CYRUS_VANILLA coach: [3001, 0] updated clang capacity.
SPICA325 coach: [3132, 0] no player type for opponent 8. restart analysis.
SPICA325 coach: [3135, 0] no player type for opponent 8. restart analysis.
SPICA325 coach: [3137, 0] no player type for opponent 8. restart analysis.
SPICA325 coach: [3138, 0] no player type for opponent 8. restart analysis.
SPICA325 coach: [3161, 0] no player type for opponent 8. restart analysis.
SPICA325 coach: [3163, 0] no player type for opponent 8. restart analysis.
SPICA325 coach: [3181, 0] no player type for opponent 8. restart analysis.
SPICA325 coach: [3188, 0] no player type for opponent 8. restart analysis.
SPICA325 coach: [3189, 0] no player type for opponent 8. restart analysis.
SPICA325 coach: [3197, 0] no player type for opponent 8. restart analysis.
SPICA325 coach: [3198, 0] no player type for opponent 8. restart analysis.
SPICA325 coach: [3201, 0] no player type for opponent 8. restart analysis.
SPICA325 coach: [3207, 0] no player type for opponent 8. restart analysis.
SPICA325 coach: [3208, 0] no player type for opponent 8. restart analysis.
SPICA325 coach: [3212, 0] no player type for opponent 8. restart analysis.
SPICA325 coach: [3227, 0] no player type for opponent 8. restart analysis.
SPICA325 coach: [3235, 0] no player type for opponent 8. restart analysis.
SPICA325 coach: [3241, 0] no player type for opponent 8. restart analysis.
CYRUS_VANILLA 11: [3244, 0] lost kick by foul at [3244, 0] sense=51 internal=52
SPICA325 coach: [3261, 0] no player type for opponent 8. restart analysis.
SPICA325 coach: [3274, 0] no player type for opponent 8. restart analysis.
SPICA325 coach: [3296, 0] no player type for opponent 8. restart analysis.
SPICA325 coach: [3297, 0] no player type for opponent 8. restart analysis.
SPICA325 coach: [3301, 0] no player type for opponent 8. restart analysis.
SPICA325 coach: [3301, 0] updated clang capacity.
CYRUS_VANILLA coach: [3301, 0] updated clang capacity.
SPICA325 coach: [3303, 0] no player type for opponent 8. restart analysis.
SPICA325 coach: [3321, 0] no player type for opponent 8. restart analysis.
SPICA325 coach: [3336, 0] no player type for opponent 8. restart analysis.
SPICA325 coach: [3337, 0] no player type for opponent 8. restart analysis.
SPICA325 coach: [3339, 0] no player type for opponent 8. restart analysis.
SPICA325 coach: [3352, 0] no player type for opponent 8. restart analysis.
SPICA325 coach: [3356, 0] no player type for opponent 8. restart analysis.
SPICA325 coach: [3362, 0] determined opponent 8 type = 8
SPICA325 11: [3462, 0] lost kick by foul at [3462, 0] sense=42 internal=43
SPICA325 coach: [3473, 1] sent freeform (player_types (1 0)(2 13)(3 1)(4 6)(5 3)(6 9)(7 14)(8 8)(9 17)(10 5)(11 10))
SPICA325 coach: [3473, 1] freeform 3 / 128
SPICA325 coach: [3601, 0] updated clang capacity.
CYRUS_VANILLA coach: [3601, 0] updated clang capacity.
SPICA325 4: [3835, 0]  WARNING. no body command.
SPICA325 4: [3836, 0]  WARNING. no body command.
SPICA325 coach: [3901, 0] updated clang capacity.
CYRUS_VANILLA coach: [3901, 0] updated clang capacity.
SPICA325 2: [4091, 0]  WARNING. no turn_neck.
SPICA325 2: [4092, 0]  WARNING. no turn_neck.
CYRUS_VANILLA coach: [4201, 0] updated clang capacity.
SPICA325 coach: [4201, 0] updated clang capacity.
SPICA325 3: [4266, 0]  WARNING. no turn_neck.
SPICA325 11: [4345, 0]  WARNING. no turn_neck.
SPICA325 coach: [4501, 0] updated clang capacity.
CYRUS_VANILLA coach: [4501, 0] updated clang capacity.
SPICA325 4: [4774, 0]  WARNING. no body command.
CYRUS_VANILLA 10: [4800, 0] lost kick by foul at [4800, 0] sense=36 internal=37
SPICA325 coach: [4801, 0] updated clang capacity.
CYRUS_VANILLA coach: [4801, 0] updated clang capacity.
CYRUS_VANILLA 8: [4938, 0]  WARNING. no body command.
CYRUS_VANILLA 8: [4939, 0]  WARNING. no body command.
CYRUS_VANILLA 8: [4940, 0]  WARNING. no body command.
SPICA325 10: [4982, 0] lost kick by foul at [4982, 0] sense=59 internal=60
SPICA325 coach: [5101, 0] updated clang capacity.
CYRUS_VANILLA coach: [5101, 0] updated clang capacity.
CYRUS_VANILLA coach: [5401, 0] updated clang capacity.
SPICA325 coach: [5401, 0] updated clang capacity.
SPICA325 coach: change player 7 to type 11
SPICA325 coach: change player 8 to type 15
CYRUS_VANILLA coach: [5694, 0] no player type for opponent 7. restart analysis.
CYRUS_VANILLA coach: [5697, 0] no player type for opponent 7. restart analysis.
SPICA325 coach: [5701, 0] updated clang capacity.
CYRUS_VANILLA coach: [5701, 0] updated clang capacity.
CYRUS_VANILLA coach: [5706, 0] no player type for opponent 7. restart analysis.
CYRUS_VANILLA coach: [5709, 0] no player type for opponent 7. restart analysis.
CYRUS_VANILLA coach: [5714, 0] determined opponent 7 type = 11
CYRUS_VANILLA coach: [5729, 0] no player type for opponent 8. restart analysis.
CYRUS_VANILLA coach: [5734, 0] no player type for opponent 8. restart analysis.
CYRUS_VANILLA coach: [5752, 0] no player type for opponent 8. restart analysis.
CYRUS_VANILLA coach: [5754, 0] no player type for opponent 8. restart analysis.
CYRUS_VANILLA coach: [5759, 0] no player type for opponent 8. restart analysis.
CYRUS_VANILLA coach: [5762, 0] no player type for opponent 8. restart analysis.
CYRUS_VANILLA coach: [5764, 0] no player type for opponent 8. restart analysis.
CYRUS_VANILLA coach: [5769, 0] no player type for opponent 8. restart analysis.
CYRUS_VANILLA coach: [5785, 0] no player type for opponent 8. restart analysis.
CYRUS_VANILLA coach: [5787, 0] no player type for opponent 8. restart analysis.
CYRUS_VANILLA coach: [5788, 0] no player type for opponent 8. restart analysis.
CYRUS_VANILLA coach: [5789, 0] no player type for opponent 8. restart analysis.
SPICA325 9: [5807, 0]  WARNING. no turn_neck.
SPICA325 9: [5808, 0]  WARNING. no turn_neck.
SPICA325 9: [5835, 0] lost kick by foul at [5835, 0] sense=204 internal=205
CYRUS_VANILLA coach: [5837, 0] no player type for opponent 8. restart analysis.
CYRUS_VANILLA coach: [5840, 0] no player type for opponent 8. restart analysis.
CYRUS_VANILLA coach: [5868, 0] no player type for opponent 8. restart analysis.
CYRUS_VANILLA coach: [5870, 0] no player type for opponent 8. restart analysis.
CYRUS_VANILLA coach: [5873, 0] no player type for opponent 8. restart analysis.
CYRUS_VANILLA coach: [5886, 0] no player type for opponent 8. restart analysis.
CYRUS_VANILLA coach: [5888, 0] no player type for opponent 8. restart analysis.
CYRUS_VANILLA coach: [5901, 0] no player type for opponent 8. restart analysis.
CYRUS_VANILLA coach: [5902, 0] no player type for opponent 8. restart analysis.
CYRUS_VANILLA coach: [5903, 0] no player type for opponent 8. restart analysis.
CYRUS_VANILLA coach: [5906, 0] no player type for opponent 8. restart analysis.
CYRUS_VANILLA coach: [5908, 0] no player type for opponent 8. restart analysis.
CYRUS_VANILLA coach: [5909, 0] no player type for opponent 8. restart analysis.
CYRUS_VANILLA coach: [5916, 0] no player type for opponent 8. restart analysis.
CYRUS_VANILLA coach: [5921, 0] no player type for opponent 8. restart analysis.
CYRUS_VANILLA coach: [5959, 0] no player type for opponent 8. restart analysis.
CYRUS_VANILLA coach: [5965, 0] no player type for opponent 8. restart analysis.
CYRUS_VANILLA coach: [5972, 0] no player type for opponent 8. restart analysis.
CYRUS_VANILLA coach: [5974, 0] no player type for opponent 8. restart analysis.
CYRUS_VANILLA coach: [5977, 0] no player type for opponent 8. restart analysis.
CYRUS_VANILLA coach: [5978, 0] no player type for opponent 8. restart analysis.
CYRUS_VANILLA coach: [5979, 0] no player type for opponent 8. restart analysis.
CYRUS_VANILLA coach: [5981, 0] no player type for opponent 8. restart analysis.
CYRUS_VANILLA coach: finished.
SPICA325 6: finished.
SPICA325 coach: finished.
CYRUS_VANILLA 10: finished.
SPICA325 10: finished.
CYRUS_VANILLA 8: finished.
SPICA325 9: finished.
Waiting after end of match
remoteclient.cpp: 149: Error sending to socket: Bad file descriptor
msg = [(think)]
CYRUS_VANILLA 3: finished.
CYRUS_VANILLA 4: finished.
CYRUS_VANILLA 1: finished.
CYRUS_VANILLA 6: finished.
SPICA325 2: finished.
CYRUS_VANILLA 7: finished.
CYRUS_VANILLA 2: finished.
SPICA325 3: finished.
SPICA325 8: finished.
CYRUS_VANILLA 11: finished.
CYRUS_VANILLA 9: finished.
SPICA325 5: finished.
SPICA325 7: finished.
SPICA325 11: finished.
CYRUS_VANILLA 5: finished.
SPICA325 4: finished.
SPICA325 1: finished.
A player disconnected : (SPICA325 10)
A player disconnected : (CYRUS_VANILLA 8)
A player disconnected : (CYRUS_VANILLA 7)
A player disconnected : (CYRUS_VANILLA 1)
A player disconnected : (SPICA325 9)
A player disconnected : (CYRUS_VANILLA 3)
A player disconnected : (SPICA325 2)
A player disconnected : (CYRUS_VANILLA 2)
A player disconnected : (SPICA325 3)
A player disconnected : (CYRUS_VANILLA 4)
A player disconnected : (CYRUS_VANILLA 6)
A player disconnected : (SPICA325 8)
A player disconnected : (CYRUS_VANILLA 9)
An online coach disconnected : (CYRUS_VANILLA)
An online coach disconnected : (SPICA325)
A player disconnected : (CYRUS_VANILLA 10)
A player disconnected : (SPICA325 6)
A player disconnected : (CYRUS_VANILLA 11)
A player disconnected : (SPICA325 5)
A player disconnected : (SPICA325 11)
A player disconnected : (SPICA325 7)
A player disconnected : (SPICA325 4)
A player disconnected : (CYRUS_VANILLA 5)
A player disconnected : (SPICA325 1)
Killing 30089
Killing 30102

Game Over. Exiting...

Saving Results:
	CSVSaver: saving...
	CSVSaver: ...disabled
	STDOutSaver: saving...

Game Results:
	2026-06-27 09:11:46
	'SPICA325' vs 'CYRUS_VANILLA'
	Score: 1 - 1
 
	STDOutSaver: ...saved

Saving Results Complete
