rcssserver-19.0.0

Copyright (C) 1995, 1996, 1997, 1998, 1999 Electrotechnical Laboratory.
2000 - RoboCup Soccer Simulator Maintenance Group.

Simulator Random Seed: 1782548347
CSVSaver: Ready
STDOutSaver: Ready
Using simulator's random seed as Hetero Player Seed: 1782548347
******************************************************************
 HELIOS base
 Created by Hidehisa Akiyama and Hiroki Shimora
 Copyright 2000-2007.  Hidehisa Akiyama
 Copyright 2007-2011.  Hidehisa Akiyama and Hiroki Shimora
 All rights reserved.
******************************************************************
PING localhost (127.0.0.1) 56(84) bytes of data.
64 bytes from localhost (127.0.0.1): icmp_seq=1 ttl=64 time=0.037 ms

--- localhost ping statistics ---
1 packets transmitted, 1 received, 0% packet loss, time 0ms
rtt min/avg/max/mdev = 0.037/0.037/0.037/0.000 ms
******************************************************************
 librcsc 
 Copyright 2000 - 2007. Hidehisa Akiyama.
 Copyright 2007 - 2011. Hidehisa Akiyama and Hiroki Shimora
 Copyright 2011 -  Hidehisa Akiyama, Hiroki Shimora
   Takuya Fukushima (2019-)
 All rights reserved.
******************************************************************
*****************************************************************
 This program is based on agent2d created by Hidehisa Akiyama.
 Copyright 2006 - 2011. Hidehisa Akiyama and Hiroki Shimora.
 All rights reserved.
*****************************************************************
SPICA325: init ok.  unum: 1 side: l
SPICA325 1: [-1, 0] (v18+) force synch see mode.
wind factor: rand: 0.000000, vector: (0.000000, 0.000000)

Hit CTRL-C to exit
Starting "/bin/sh -c scripts/team_launchers/spica325_left.sh"
Waiting for players to connect
A new (v18) player (SPICA325 1) connected.
******************************************************************
 HELIOS base
 Created by Hidehisa Akiyama and Hiroki Shimora
 Copyright 2000-2007.  Hidehisa Akiyama
 Copyright 2007-2011.  Hidehisa Akiyama and Hiroki Shimora
 All rights reserved.
******************************************************************
PING localhost (127.0.0.1) 56(84) bytes of data.
64 bytes from localhost (127.0.0.1): icmp_seq=1 ttl=64 time=0.029 ms

--- localhost ping statistics ---
1 packets transmitted, 1 received, 0% packet loss, time 0ms
rtt min/avg/max/mdev = 0.029/0.029/0.029/0.000 ms
******************************************************************
 librcsc 
 Copyright 2000 - 2007. Hidehisa Akiyama.
 Copyright 2007 - 2011. Hidehisa Akiyama and Hiroki Shimora
 Copyright 2011 -  Hidehisa Akiyama, Hiroki Shimora
   Takuya Fukushima (2019-)
 All rights reserved.
******************************************************************
SPICA325 1:  KickTable created.
SPICA325 1: [-1, 0] set synch see mode.
*****************************************************************
 This program is based on agent2d created by Hidehisa Akiyama.
 Copyright 2006 - 2011. Hidehisa Akiyama and Hiroki Shimora.
 All rights reserved.
*****************************************************************
CYRUS_VANILLA: init ok.  unum: 1 side: r
CYRUS_VANILLA 1: [-1, 0] (v18+) force synch see mode.
Starting "/bin/sh -c scripts/team_launchers/cyrus_vanilla_right.sh"
A new (v18) player (CYRUS_VANILLA 1) connected.
CYRUS_VANILLA 1:  KickTable created.
CYRUS_VANILLA 1: [-1, 0] set synch see mode.
Read Setting: ./data/settings/Other.json
Read Setting: ./data/settings/Other.json
******************************************************************
 librcsc 
 Copyright 2000 - 2007. Hidehisa Akiyama.
 Copyright 2007 - 2011. Hidehisa Akiyama and Hiroki Shimora
 Copyright 2011 -  Hidehisa Akiyama, Hiroki Shimora
   Takuya Fukushima (2019-)
 All rights reserved.
******************************************************************
******************************************************************
 librcsc 
 Copyright 2000 - 2007. Hidehisa Akiyama.
 Copyright 2007 - 2011. Hidehisa Akiyama and Hiroki Shimora
 Copyright 2011 -  Hidehisa Akiyama, Hiroki Shimora
   Takuya Fukushima (2019-)
 All rights reserved.
******************************************************************
******************************************************************
 librcsc 
 Copyright 2000 - 2007. Hidehisa Akiyama.
 Copyright 2007 - 2011. Hidehisa Akiyama and Hiroki Shimora
 Copyright 2011 -  Hidehisa Akiyama, Hiroki Shimora
   Takuya Fukushima (2019-)
 All rights reserved.
******************************************************************
******************************************************************
 librcsc 
 Copyright 2000 - 2007. Hidehisa Akiyama.
 Copyright 2007 - 2011. Hidehisa Akiyama and Hiroki Shimora
 Copyright 2011 -  Hidehisa Akiyama, Hiroki Shimora
   Takuya Fukushima (2019-)
 All rights reserved.
******************************************************************
******************************************************************
 librcsc 
 Copyright 2000 - 2007. Hidehisa Akiyama.
 Copyright 2007 - 2011. Hidehisa Akiyama and Hiroki Shimora
 Copyright 2011 -  Hidehisa Akiyama, Hiroki Shimora
   Takuya Fukushima (2019-)
 All rights reserved.
******************************************************************
******************************************************************
 librcsc 
 Copyright 2000 - 2007. Hidehisa Akiyama.
 Copyright 2007 - 2011. Hidehisa Akiyama and Hiroki Shimora
 Copyright 2011 -  Hidehisa Akiyama, Hiroki Shimora
   Takuya Fukushima (2019-)
 All rights reserved.
******************************************************************
******************************************************************
 librcsc 
 Copyright 2000 - 2007. Hidehisa Akiyama.
 Copyright 2007 - 2011. Hidehisa Akiyama and Hiroki Shimora
 Copyright 2011 -  Hidehisa Akiyama, Hiroki Shimora
   Takuya Fukushima (2019-)
 All rights reserved.
******************************************************************
******************************************************************
 librcsc 
 Copyright 2000 - 2007. Hidehisa Akiyama.
 Copyright 2007 - 2011. Hidehisa Akiyama and Hiroki Shimora
 Copyright 2011 -  Hidehisa Akiyama, Hiroki Shimora
   Takuya Fukushima (2019-)
 All rights reserved.
******************************************************************
******************************************************************
 librcsc 
 Copyright 2000 - 2007. Hidehisa Akiyama.
 Copyright 2007 - 2011. Hidehisa Akiyama and Hiroki Shimora
 Copyright 2011 -  Hidehisa Akiyama, Hiroki Shimora
   Takuya Fukushima (2019-)
 All rights reserved.
******************************************************************
******************************************************************
 librcsc 
 Copyright 2000 - 2007. Hidehisa Akiyama.
 Copyright 2007 - 2011. Hidehisa Akiyama and Hiroki Shimora
 Copyright 2011 -  Hidehisa Akiyama, Hiroki Shimora
   Takuya Fukushima (2019-)
 All rights reserved.
******************************************************************
******************************************************************
 librcsc 
 Copyright 2000 - 2007. Hidehisa Akiyama.
 Copyright 2007 - 2011. Hidehisa Akiyama and Hiroki Shimora
 Copyright 2011 -  Hidehisa Akiyama, Hiroki Shimora
   Takuya Fukushima (2019-)
 All rights reserved.
******************************************************************
*****************************************************************
 This program is based on agent2d created by Hidehisa Akiyama.
 Copyright 2006 - 2011. Hidehisa Akiyama and Hiroki Shimora.
 All rights reserved.
*****************************************************************
A new (v18) online coach (SPICA325) connected.
*****************************************************************
 This program is based on agent2d created by Hidehisa Akiyama.
 Copyright 2006 - 2011. Hidehisa Akiyama and Hiroki Shimora.
 All rights reserved.
*****************************************************************
*****************************************************************
 This program is based on agent2d created by Hidehisa Akiyama.
 Copyright 2006 - 2011. Hidehisa Akiyama and Hiroki Shimora.
 All rights reserved.
*****************************************************************
*****************************************************************
 This program is based on agent2d created by Hidehisa Akiyama.
 Copyright 2006 - 2011. Hidehisa Akiyama and Hiroki Shimora.
 All rights reserved.
*****************************************************************
*****************************************************************
 This program is based on agent2d created by Hidehisa Akiyama.
 Copyright 2006 - 2011. Hidehisa Akiyama and Hiroki Shimora.
 All rights reserved.
*****************************************************************
*****************************************************************
 This program is based on agent2d created by Hidehisa Akiyama.
 Copyright 2006 - 2011. Hidehisa Akiyama and Hiroki Shimora.
 All rights reserved.
*****************************************************************
*****************************************************************
 This program is based on agent2d created by Hidehisa Akiyama.
 Copyright 2006 - 2011. Hidehisa Akiyama and Hiroki Shimora.
 All rights reserved.
*****************************************************************
******************************************************************
 librcsc 
 Copyright 2000 - 2007. Hidehisa Akiyama.
 Copyright 2007 - 2011. Hidehisa Akiyama and Hiroki Shimora
 Copyright 2011 -  Hidehisa Akiyama, Hiroki Shimora
   Takuya Fukushima (2019-)
 All rights reserved.
******************************************************************
******************************************************************
 librcsc 
 Copyright 2000 - 2007. Hidehisa Akiyama.
 Copyright 2007 - 2011. Hidehisa Akiyama and Hiroki Shimora
 Copyright 2011 -  Hidehisa Akiyama, Hiroki Shimora
   Takuya Fukushima (2019-)
 All rights reserved.
******************************************************************
******************************************************************
 librcsc 
 Copyright 2000 - 2007. Hidehisa Akiyama.
 Copyright 2007 - 2011. Hidehisa Akiyama and Hiroki Shimora
 Copyright 2011 -  Hidehisa Akiyama, Hiroki Shimora
   Takuya Fukushima (2019-)
 All rights reserved.
******************************************************************
SPICA325: init ok.  unum: 2 side: l
SPICA325 2: [-1, 0] (v18+) force synch see mode.
A new (v18) player (SPICA325 2) connected.
SPICA325: init ok.  unum: 3 side: l
SPICA325 3: [-1, 0] (v18+) force synch see mode.
A new (v18) player (SPICA325 3) connected.
A new (v18) player (SPICA325 4) connected.
SPICA325: init ok.  unum: 5 side: l
SPICA325 5: [-1, 0] (v18+) force synch see mode.
A new (v18) player (SPICA325 5) connected.
SPICA325: init ok.  unum: 6 side: l
SPICA325 6: [-1, 0] (v18+) force synch see mode.
SPICA325: init ok.  unum: 4 side: l
SPICA325 4: [-1, 0] (v18+) force synch see mode.
******************************************************************
 librcsc 
 Copyright 2000 - 2007. Hidehisa Akiyama.
 Copyright 2007 - 2011. Hidehisa Akiyama and Hiroki Shimora
 Copyright 2011 -  Hidehisa Akiyama, Hiroki Shimora
   Takuya Fukushima (2019-)
 All rights reserved.
******************************************************************
A new (v18) player (SPICA325 6) connected.
SPICA325 coach: [0, 0] updated clang capacity.
A new (v18) player (SPICA325 7) connected.
SPICA325 coach: [0, 0] recv (ok eye on)
SPICA325: init ok.  unum: 7 side: l
SPICA325 7: [-1, 0] (v18+) force synch see mode.
******************************************************************
 librcsc 
 Copyright 2000 - 2007. Hidehisa Akiyama.
 Copyright 2007 - 2011. Hidehisa Akiyama and Hiroki Shimora
 Copyright 2011 -  Hidehisa Akiyama, Hiroki Shimora
   Takuya Fukushima (2019-)
 All rights reserved.
******************************************************************
******************************************************************
 librcsc 
 Copyright 2000 - 2007. Hidehisa Akiyama.
 Copyright 2007 - 2011. Hidehisa Akiyama and Hiroki Shimora
 Copyright 2011 -  Hidehisa Akiyama, Hiroki Shimora
   Takuya Fukushima (2019-)
 All rights reserved.
******************************************************************
*****************************************************************
 This program is based on agent2d created by Hidehisa Akiyama.
 Copyright 2006 - 2011. Hidehisa Akiyama and Hiroki Shimora.
 All rights reserved.
*****************************************************************
*****************************************************************
 This program is based on agent2d created by Hidehisa Akiyama.
 Copyright 2006 - 2011. Hidehisa Akiyama and Hiroki Shimora.
 All rights reserved.
*****************************************************************
*****************************************************************
 This program is based on agent2d created by Hidehisa Akiyama.
 Copyright 2006 - 2011. Hidehisa Akiyama and Hiroki Shimora.
 All rights reserved.
*****************************************************************
A new (v18) player (SPICA325 8) connected.
A new (v18) player (SPICA325 9) connected.
A new (v18) player (SPICA325 10) connected.
SPICA325: init ok.  unum: 8 side: l
SPICA325: init ok.  unum: 9 side: l
SPICA325 8: [-1, 0] (v18+) force synch see mode.
SPICA325 9: [-1, 0] (v18+) force synch see mode.
SPICA325: init ok.  unum: 10 side: l
SPICA325 10: [-1, 0] (v18+) force synch see mode.
******************************************************************
 librcsc 
 Copyright 2000 - 2007. Hidehisa Akiyama.
 Copyright 2007 - 2011. Hidehisa Akiyama and Hiroki Shimora
 Copyright 2011 -  Hidehisa Akiyama, Hiroki Shimora
   Takuya Fukushima (2019-)
 All rights reserved.
******************************************************************
******************************************************************
 librcsc 
 Copyright 2000 - 2007. Hidehisa Akiyama.
 Copyright 2007 - 2011. Hidehisa Akiyama and Hiroki Shimora
 Copyright 2011 -  Hidehisa Akiyama, Hiroki Shimora
   Takuya Fukushima (2019-)
 All rights reserved.
******************************************************************
*****************************************************************
 This program is based on agent2d created by Hidehisa Akiyama.
 Copyright 2006 - 2011. Hidehisa Akiyama and Hiroki Shimora.
 All rights reserved.
*****************************************************************
A new (v18) player (SPICA325 11) connected.
SPICA325: init ok.  unum: 11 side: l
SPICA325 11: [-1, 0] (v18+) force synch see mode.
******************************************************************
 librcsc 
 Copyright 2000 - 2007. Hidehisa Akiyama.
 Copyright 2007 - 2011. Hidehisa Akiyama and Hiroki Shimora
 Copyright 2011 -  Hidehisa Akiyama, Hiroki Shimora
   Takuya Fukushima (2019-)
 All rights reserved.
******************************************************************
*****************************************************************
 This program is based on agent2d created by Hidehisa Akiyama.
 Copyright 2006 - 2011. Hidehisa Akiyama and Hiroki Shimora.
 All rights reserved.
*****************************************************************
SPICA325 5:  KickTable created.
SPICA325 5: [-1, 0] set synch see mode.
******************************************************************
 librcsc 
 Copyright 2000 - 2007. Hidehisa Akiyama.
 Copyright 2007 - 2011. Hidehisa Akiyama and Hiroki Shimora
 Copyright 2011 -  Hidehisa Akiyama, Hiroki Shimora
   Takuya Fukushima (2019-)
 All rights reserved.
******************************************************************
SPICA325 7:  KickTable created.
SPICA325 7: [-1, 0] set synch see mode.
A new (v18) player (CYRUS_VANILLA 2) connected.
CYRUS_VANILLA: init ok.  unum: 2 side: r
CYRUS_VANILLA 2: [-1, 0] (v18+) force synch see mode.
*****************************************************************
 This program is based on agent2d created by Hidehisa Akiyama.
 Copyright 2006 - 2011. Hidehisa Akiyama and Hiroki Shimora.
 All rights reserved.
*****************************************************************
A new (v18) player (CYRUS_VANILLA 3) connected.
CYRUS_VANILLA: init ok.  unum: 3 side: r
CYRUS_VANILLA 3: [-1, 0] (v18+) force synch see mode.
******************************************************************
 librcsc 
 Copyright 2000 - 2007. Hidehisa Akiyama.
 Copyright 2007 - 2011. Hidehisa Akiyama and Hiroki Shimora
 Copyright 2011 -  Hidehisa Akiyama, Hiroki Shimora
   Takuya Fukushima (2019-)
 All rights reserved.
******************************************************************
*****************************************************************
 This program is based on agent2d created by Hidehisa Akiyama.
 Copyright 2006 - 2011. Hidehisa Akiyama and Hiroki Shimora.
 All rights reserved.
*****************************************************************
SPICA325 3:  KickTable created.
SPICA325 3: [-1, 0] set synch see mode.
SPICA325 4:  KickTable created.
SPICA325 4: [-1, 0] set synch see mode.
SPICA325 2:  KickTable created.
SPICA325 2: [-1, 0] set synch see mode.
A new (v18) online coach (CYRUS_VANILLA) connected.
CYRUS_VANILLA coach: [-1, 0] recv (ok eye on)
SPICA325 6:  KickTable created.
SPICA325 6: [-1, 0] set synch see mode.
*****************************************************************
 This program is based on agent2d created by Hidehisa Akiyama.
 Copyright 2006 - 2011. Hidehisa Akiyama and Hiroki Shimora.
 All rights reserved.
*****************************************************************
SPICA325 8:  KickTable created.
SPICA325 8: [-1, 0] set synch see mode.
*****************************************************************
 This program is based on agent2d created by Hidehisa Akiyama.
 Copyright 2006 - 2011. Hidehisa Akiyama and Hiroki Shimora.
 All rights reserved.
*****************************************************************
*****************************************************************
 This program is based on agent2d created by Hidehisa Akiyama.
 Copyright 2006 - 2011. Hidehisa Akiyama and Hiroki Shimora.
 All rights reserved.
*****************************************************************
SPICA325 9:  KickTable created.
SPICA325 9: [-1, 0] set synch see mode.
SPICA325 10:  KickTable created.
SPICA325 10: [-1, 0] set synch see mode.
CYRUS_VANILLA 2:  KickTable created.
CYRUS_VANILLA 2: [-1, 0] set synch see mode.
SPICA325 11:  KickTable created.
SPICA325 11: [-1, 0] set synch see mode.
Read Setting: ./data/settings/Other.json
Read Setting: ./data/settings/Other.json
Read Setting: ./data/settings/Other.json
Read Setting: ./data/settings/Other.json
Read Setting: ./data/settings/Other.json
Read Setting: ./data/settings/Other.json
CYRUS_VANILLA: init ok.  unum: 4 side: r
CYRUS_VANILLA 4: [-1, 0] (v18+) force synch see mode.
A new (v18) player (CYRUS_VANILLA 4) connected.
CYRUS_VANILLA: init ok.  unum: 5 side: r
CYRUS_VANILLA 5: [-1, 0] (v18+) force synch see mode.
A new (v18) player (CYRUS_VANILLA 5) connected.
CYRUS_VANILLA: init ok.  unum: 6 side: r
CYRUS_VANILLA 6: [-1, 0] (v18+) force synch see mode.
A new (v18) player (CYRUS_VANILLA 6) connected.
*****************************************************************
 This program is based on agent2d created by Hidehisa Akiyama.
 Copyright 2006 - 2011. Hidehisa Akiyama and Hiroki Shimora.
 All rights reserved.
*****************************************************************
A new (v18) player (CYRUS_VANILLA 7) connected.
*****************************************************************
 This program is based on agent2d created by Hidehisa Akiyama.
 Copyright 2006 - 2011. Hidehisa Akiyama and Hiroki Shimora.
 All rights reserved.
*****************************************************************
*****************************************************************
 This program is based on agent2d created by Hidehisa Akiyama.
 Copyright 2006 - 2011. Hidehisa Akiyama and Hiroki Shimora.
 All rights reserved.
*****************************************************************
CYRUS_VANILLA: init ok.  unum: 7 side: r
CYRUS_VANILLA 7: [-1, 0] (v18+) force synch see mode.
A new (v18) player (CYRUS_VANILLA 8) connected.
A new (v18) player (CYRUS_VANILLA 9) connected.
CYRUS_VANILLA: init ok.  unum: 8 side: r
CYRUS_VANILLA 3:  KickTable created.
CYRUS_VANILLA 8: [-1, 0] (v18+) force synch see mode.
CYRUS_VANILLA 3: [-1, 0] set synch see mode.
CYRUS_VANILLA: init ok.  unum: 9 side: r
CYRUS_VANILLA 9: [-1, 0] (v18+) force synch see mode.
*****************************************************************
 This program is based on agent2d created by Hidehisa Akiyama.
 Copyright 2006 - 2011. Hidehisa Akiyama and Hiroki Shimora.
 All rights reserved.
*****************************************************************
*****************************************************************
 This program is based on agent2d created by Hidehisa Akiyama.
 Copyright 2006 - 2011. Hidehisa Akiyama and Hiroki Shimora.
 All rights reserved.
*****************************************************************
CYRUS_VANILLA 5:  KickTable created.
CYRUS_VANILLA 5: [-1, 0] set synch see mode.
CYRUS_VANILLA 9:  KickTable created.
CYRUS_VANILLA 9: [-1, 0] set synch see mode.
CYRUS_VANILLA 6:  KickTable created.
CYRUS_VANILLA 6: [-1, 0] set synch see mode.
CYRUS_VANILLA 4:  KickTable created.
CYRUS_VANILLA 4: [-1, 0] set synch see mode.
CYRUS_VANILLA 7:  KickTable created.
CYRUS_VANILLA 7: [-1, 0] set synch see mode.
CYRUS_VANILLA 8:  KickTable created.
CYRUS_VANILLA 8: [-1, 0] set synch see mode.
Read Setting: ./data/settings/Other.json
Read Setting: ./data/settings/Other.json
Read Setting: ./data/settings/Other.json
Read Setting: ./data/settings/Other.json
A new (v18) player (CYRUS_VANILLA 10) connected.
A new (v18) player (CYRUS_VANILLA 11) connected.
CYRUS_VANILLA: init ok.  unum: 11 side: r
CYRUS_VANILLA: init ok.  unum: CYRUS_VANILLA10  side: 11: [r-1
, 0] (v18+) force synch see mode.
CYRUS_VANILLA 10: [-1, 0] (v18+) force synch see mode.
CYRUS_VANILLA 11:  KickTable created.
CYRUS_VANILLA 11: [-1, 0] set synch see mode.
CYRUS_VANILLA 10:  KickTable created.
CYRUS_VANILLA 10: [-1, 0] set synch see mode.
id speed step inc  power  stam  karea
 0 1.000   6  45.0 100.0  55.0  1.085
 1 0.796   4  45.7 100.0  54.3  1.162
 2 0.773   5  51.6 100.0  48.4  1.155
 3 0.906   5  43.8 100.0  56.2  1.150
 4 0.946   7  46.6 100.0  53.4  1.060
 5 0.901   4  40.7 100.0  59.3  0.998
 6 0.788   6  48.2 100.0  51.8  0.992
 7 0.876   6  49.6 100.0  50.4  1.114
 8 0.821   5  44.6 100.0  55.4  1.073
 9 0.849   5  47.0 100.0  53.0  1.077
 10 0.785   6  48.0 100.0  52.0  1.069
 11 0.910   5  44.4 100.0  55.6  1.059
 12 0.783   5  47.1 100.0  52.9  1.005
 13 1.038   7  41.4 100.0  58.6  1.095
 14 0.929   5  45.3 100.0  54.7  1.090
 15 0.917   6  45.0 100.0  55.0  1.146
 16 0.972   6  48.8 100.0  51.2  1.030
 17 0.927   7  46.5 100.0  53.5  1.028
$$$$$$$$$$$$$$$$$$$$$$$$isother
SPICA325 coach: change player 1 to type 0
SPICA325 coach: change player 9 to type 13
SPICA325 coach: change player 2 to type 16
SPICA325 coach: change player 11 to type 4
SPICA325 coach: change player 4 to type 14
SPICA325 coach: change player 10 to type 15
SPICA325 coach: change player 3 to type 17
SPICA325 coach: change player 5 to type 5
SPICA325 coach: change player 7 to type 11
SPICA325 coach: change player 8 to type 3
SPICA325 coach: change player 6 to type 7
id speed step inc  power  stam  karea
 0 1.000   6  45.0 100.0  55.0  1.085
 1 0.796   4  45.7 100.0  54.3  1.162
 2 0.773   5  51.6 100.0  48.4  1.155
 3 0.906   5  43.8 100.0  56.2  1.150
 4 0.946   7  46.6 100.0  53.4  1.060
 5 0.901   4  40.7 100.0  59.3  0.998
 6 0.788   6  48.2 100.0  51.8  0.992
 7 0.876   6  49.6 100.0  50.4  1.114
 8 0.821   5  44.6 100.0  55.4  1.073
 9 0.849   5  47.0 100.0  53.0  1.077
 10 0.785   6  48.0 100.0  52.0  1.069
 11 0.910   5  44.4 100.0  55.6  1.059
 12 0.783   5  47.1 100.0  52.9  1.005
 13 1.038   7  41.4 100.0  58.6  1.095
 14 0.929   5  45.3 100.0  54.7  1.090
 15 0.917   6  45.0 100.0  55.0  1.146
 16 0.972   6  48.8 100.0  51.2  1.030
 17 0.927   7  46.5 100.0  53.5  1.028
$$$$$$$$$$$$$$$$$$$$$$$$isother
CYRUS_VANILLA coach: change player 1 to type 0
CYRUS_VANILLA coach: change player 9 to type 13
CYRUS_VANILLA coach: change player 2 to type 16
CYRUS_VANILLA coach: change player 11 to type 4
CYRUS_VANILLA coach: change player 4 to type 14
CYRUS_VANILLA coach: change player 10 to type 15
CYRUS_VANILLA coach: change player 3 to type 17
CYRUS_VANILLA coach: change player 5 to type 5
CYRUS_VANILLA coach: change player 7 to type 11
CYRUS_VANILLA coach: change player 8 to type 3
CYRUS_VANILLA coach: change player 6 to type 7
Read Setting: ./data/settings/Other.json
Read Setting: ./data/settings/Other.json
Read Setting: ./data/settings/Other.json
Read Setting: ./data/settings/Other.json
Read Setting: ./data/settings/Other.json
Read Setting: ./data/settings/Other.json
Read Setting: ./data/settings/Other.json
Read Setting: ./data/settings/Other.json
Read Setting: ./data/settings/Other.json
Read Setting: ./data/settings/Other.json
Waiting to kick off
Kick_off_left
SPICA325 coach: [94, 0] no player type for opponent 3. restart analysis.
CYRUS_VANILLA coach: [94, 0] no player type for opponent 2. restart analysis.
CYRUS_VANILLA coach: [95, 0] no player type for opponent 2. restart analysis.
CYRUS_VANILLA coach: [95, 0] no player type for opponent 6. restart analysis.
SPICA325 coach: [95, 0] no player type for opponent 4. restart analysis.
SPICA325 coach: [95, 0] no player type for opponent 5. restart analysis.
SPICA325 coach: [96, 0] no player type for opponent 10. restart analysis.
SPICA325 coach: [96, 0] no player type for opponent 11. restart analysis.
CYRUS_VANILLA coach: [96, 0] no player type for opponent 6. restart analysis.
SPICA325 coach: [97, 0] no player type for opponent 11. restart analysis.
SPICA325 coach: [97, 0] no player type for opponent 9. restart analysis.
SPICA325 coach: [97, 0] no player type for opponent 7. restart analysis.
SPICA325 coach: [97, 0] no player type for opponent 3. restart analysis.
SPICA325 coach: [99, 0] no player type for opponent 10. restart analysis.
SPICA325 coach: [99, 0] no player type for opponent 11. restart analysis.
SPICA325 coach: [99, 0] determined opponent 5 type = 5
SPICA325 coach: [100, 0] no player type for opponent 8. restart analysis.
SPICA325 coach: [100, 0] no player type for opponent 2. restart analysis.
SPICA325 coach: [100, 0] no player type for opponent 10. restart analysis.
SPICA325 coach: [100, 0] no player type for opponent 11. restart analysis.
SPICA325 coach: [100, 0] no player type for opponent 7. restart analysis.
CYRUS_VANILLA coach: [100, 0] determined opponent 5 type = 5
CYRUS_VANILLA coach: [101, 0] no player type for opponent 9. restart analysis.
CYRUS_VANILLA coach: [101, 0] no player type for opponent 3. restart analysis.
SPICA325 coach: [101, 0] no player type for opponent 11. restart analysis.
SPICA325 coach: [101, 0] no player type for opponent 7. restart analysis.
SPICA325 coach: [102, 0] no player type for opponent 9. restart analysis.
CYRUS_VANILLA coach: [102, 0] determined opponent 7 type = 11
CYRUS_VANILLA coach: [102, 0] determined opponent 8 type = 3
SPICA325 coach: [104, 0] determined opponent 4 type = 14
SPICA325 coach: [104, 0] no player type for opponent 6. restart analysis.
SPICA325 coach: [104, 0] no player type for opponent 10. restart analysis.
SPICA325 coach: [104, 0] no player type for opponent 7. restart analysis.
SPICA325 coach: [105, 0] no player type for opponent 8. restart analysis.
SPICA325 coach: [105, 0] no player type for opponent 10. restart analysis.
SPICA325 coach: [105, 0] no player type for opponent 3. restart analysis.
SPICA325 coach: [106, 0] no player type for opponent 2. restart analysis.
SPICA325 coach: [107, 0] no player type for opponent 2. restart analysis.
SPICA325 coach: [107, 0] no player type for opponent 3. restart analysis.
CYRUS_VANILLA coach: [107, 0] no player type for opponent 11. restart analysis.
SPICA325 coach: [108, 0] no player type for opponent 10. restart analysis.
SPICA325 coach: [108, 0] determined opponent 1 type = 0
SPICA325 coach: [109, 0] no player type for opponent 11. restart analysis.
SPICA325 coach: [109, 0] no player type for opponent 7. restart analysis.
CYRUS_VANILLA coach: [110, 0] no player type for opponent 11. restart analysis.
CYRUS_VANILLA coach: [110, 0] no player type for opponent 3. restart analysis.
SPICA325 coach: [110, 0] no player type for opponent 8. restart analysis.
SPICA325 coach: [111, 0] no player type for opponent 10. restart analysis.
CYRUS_VANILLA coach: [111, 0] determined opponent 9 type = 13
CYRUS_VANILLA coach: [111, 0] no player type for opponent 11. restart analysis.
SPICA325 coach: [113, 0] no player type for opponent 8. restart analysis.
SPICA325 coach: [113, 0] no player type for opponent 3. restart analysis.
CYRUS_VANILLA coach: [114, 0] no player type for opponent 10. restart analysis.
CYRUS_VANILLA coach: [114, 0] no player type for opponent 3. restart analysis.
CYRUS_VANILLA coach: [114, 0] no player type for opponent 6. restart analysis.
SPICA325 coach: [114, 0] no player type for opponent 2. restart analysis.
CYRUS_VANILLA coach: [115, 0] no player type for opponent 11. restart analysis.
CYRUS_VANILLA coach: [115, 0] no player type for opponent 3. restart analysis.
SPICA325 coach: [115, 0] no player type for opponent 8. restart analysis.
CYRUS_VANILLA coach: [116, 0] no player type for opponent 6. restart analysis.
SPICA325 coach: [117, 0] no player type for opponent 8. restart analysis.
CYRUS_VANILLA coach: [117, 0] no player type for opponent 3. restart analysis.
SPICA325 coach: [118, 0] determined opponent 9 type = 13
CYRUS_VANILLA coach: [118, 0] no player type for opponent 6. restart analysis.
SPICA325 coach: [119, 0] no player type for opponent 6. restart analysis.
CYRUS_VANILLA coach: [119, 0] no player type for opponent 10. restart analysis.
CYRUS_VANILLA coach: [119, 0] no player type for opponent 3. restart analysis.
CYRUS_VANILLA coach: [119, 0] no player type for opponent 6. restart analysis.
CYRUS_VANILLA coach: [120, 0] no player type for opponent 11. restart analysis.
CYRUS_VANILLA coach: [120, 0] no player type for opponent 3. restart analysis.
SPICA325 coach: [120, 0] no player type for opponent 6. restart analysis.
SPICA325 coach: [120, 0] determined opponent 11 type = 4
SPICA325 coach: [120, 0] no player type for opponent 7. restart analysis.
CYRUS_VANILLA coach: [121, 0] no player type for opponent 6. restart analysis.
CYRUS_VANILLA coach: [121, 0] no player type for opponent 10. restart analysis.
CYRUS_VANILLA coach: [122, 0] no player type for opponent 3. restart analysis.
CYRUS_VANILLA coach: [122, 0] no player type for opponent 10. restart analysis.
SPICA325 coach: [122, 0] no player type for opponent 6. restart analysis.
SPICA325 coach: [123, 0] no player type for opponent 10. restart analysis.
CYRUS_VANILLA coach: [124, 0] no player type for opponent 3. restart analysis.
SPICA325 coach: [126, 0] no player type for opponent 7. restart analysis.
SPICA325 coach: [127, 0] no player type for opponent 2. restart analysis.
SPICA325 coach: [128, 0] no player type for opponent 7. restart analysis.
CYRUS_VANILLA coach: [128, 0] no player type for opponent 10. restart analysis.
SPICA325 coach: [129, 0] no player type for opponent 7. restart analysis.
SPICA325 coach: [129, 0] no player type for opponent 10. restart analysis.
SPICA325 coach: [130, 0] no player type for opponent 8. restart analysis.
CYRUS_VANILLA coach: [130, 0] no player type for opponent 11. restart analysis.
SPICA325 coach: [131, 0] no player type for opponent 7. restart analysis.
SPICA325 coach: [132, 0] no player type for opponent 3. restart analysis.
SPICA325 coach: [133, 0] determined opponent 2 type = 16
SPICA325 coach: [133, 0] no player type for opponent 3. restart analysis.
SPICA325 coach: [135, 0] no player type for opponent 10. restart analysis.
SPICA325 coach: [136, 0] no player type for opponent 10. restart analysis.
SPICA325 coach: [138, 0] no player type for opponent 6. restart analysis.
CYRUS_VANILLA coach: [138, 0] no player type for opponent 6. restart analysis.
CYRUS_VANILLA coach: [138, 0] determined opponent 2 type = 16
CYRUS_VANILLA coach: [139, 0] determined opponent 3 type = 17
CYRUS_VANILLA coach: [143, 0] determined opponent 10 type = 15
SPICA325 coach: [143, 0] no player type for opponent 10. restart analysis.
CYRUS_VANILLA coach: [145, 0] no player type for opponent 11. restart analysis.
SPICA325 coach: [148, 0] no player type for opponent 10. restart analysis.
CYRUS_VANILLA coach: [149, 0] no player type for opponent 11. restart analysis.
SPICA325 coach: [150, 0] no player type for opponent 10. restart analysis.
SPICA325 coach: [151, 0] no player type for opponent 3. restart analysis.
SPICA325 coach: [151, 0] no player type for opponent 10. restart analysis.
SPICA325 coach: [152, 0] no player type for opponent 7. restart analysis.
CYRUS_VANILLA coach: [153, 0] determined opponent 6 type = 7
SPICA325 coach: [154, 0] no player type for opponent 6. restart analysis.
CYRUS_VANILLA coach: [156, 0] determined opponent 11 type = 4
SPICA325 coach: [159, 0] determined opponent 3 type = 17
SPICA325 coach: [160, 0] no player type for opponent 7. restart analysis.
CYRUS_VANILLA coach: [161, 0] determined opponent 4 type = 14
CYRUS_VANILLA coach: [161, 0] determined opponent 1 type = 0
SPICA325 coach: [163, 0] no player type for opponent 7. restart analysis.
SPICA325 coach: [165, 0] no player type for opponent 6. restart analysis.
SPICA325 coach: [166, 0] no player type for opponent 10. restart analysis.
SPICA325 coach: [167, 0] no player type for opponent 10. restart analysis.
SPICA325 coach: [167, 0] determined opponent 7 type = 11
SPICA325 coach: [167, 0] determined opponent 8 type = 3
SPICA325 coach: [168, 0] no player type for opponent 6. restart analysis.
SPICA325 coach: [179, 0] no player type for opponent 10. restart analysis.
SPICA325 coach: [179, 0] no player type for opponent 6. restart analysis.
SPICA325 coach: [196, 0] no player type for opponent 10. restart analysis.
SPICA325 coach: [196, 0] no player type for opponent 6. restart analysis.
SPICA325 coach: [201, 0] no player type for opponent 6. restart analysis.
layerSize: 3
SPICA325 coach: [203, 0] no player type for opponent 6. restart analysis.
SPICA325 coach: [206, 0] no player type for opponent 6. restart analysis.
SPICA325 coach: [207, 0] no player type for opponent 10. restart analysis.
SPICA325 coach: [213, 0] no player type for opponent 6. restart analysis.
SPICA325 coach: [213, 0] no player type for opponent 10. restart analysis.
SPICA325 coach: [215, 0] no player type for opponent 10. restart analysis.
SPICA325 coach: [230, 0] no player type for opponent 6. restart analysis.
SPICA325 coach: [232, 0] no player type for opponent 6. restart analysis.
SPICA325 coach: [233, 0] no player type for opponent 10. restart analysis.
SPICA325 coach: [233, 0] no player type for opponent 6. restart analysis.
SPICA325 coach: [242, 0] no player type for opponent 10. restart analysis.
SPICA325 coach: [257, 0] no player type for opponent 6. restart analysis.
SPICA325 coach: [261, 0] no player type for opponent 6. restart analysis.
SPICA325 coach: [262, 0] no player type for opponent 6. restart analysis.
SPICA325 coach: [264, 0] no player type for opponent 10. restart analysis.
SPICA325 coach: [267, 0] no player type for opponent 10. restart analysis.
SPICA325 coach: [274, 0] no player type for opponent 10. restart analysis.
SPICA325 10: [288, 0] lost kick by foul at [288, 0] sense=1 internal=2
SPICA325 coach: [289, 0] no player type for opponent 6. restart analysis.
SPICA325 coach: [301, 0] updated clang capacity.
CYRUS_VANILLA coach: [301, 0] updated clang capacity.
SPICA325 coach: [302, 0] no player type for opponent 10. restart analysis.
SPICA325 coach: [303, 0] no player type for opponent 10. restart analysis.
SPICA325 coach: [303, 0] no player type for opponent 6. restart analysis.
SPICA325 coach: [314, 0] no player type for opponent 6. restart analysis.
SPICA325 coach: [321, 0] no player type for opponent 6. restart analysis.
SPICA325 coach: [326, 0] no player type for opponent 6. restart analysis.
SPICA325 coach: [334, 0] no player type for opponent 10. restart analysis.
SPICA325 coach: [338, 0] no player type for opponent 10. restart analysis.
SPICA325 coach: [343, 0] no player type for opponent 6. restart analysis.
SPICA325 coach: [344, 0] no player type for opponent 10. restart analysis.
SPICA325 coach: [346, 0] no player type for opponent 6. restart analysis.
SPICA325 coach: [347, 0] no player type for opponent 10. restart analysis.
SPICA325 coach: [348, 0] no player type for opponent 6. restart analysis.
SPICA325 coach: [355, 0] no player type for opponent 6. restart analysis.
SPICA325 coach: [356, 0] no player type for opponent 10. restart analysis.
SPICA325 coach: [361, 0] no player type for opponent 6. restart analysis.
SPICA325 coach: [365, 0] no player type for opponent 6. restart analysis.
SPICA325 coach: [368, 0] no player type for opponent 6. restart analysis.
SPICA325 coach: [369, 0] no player type for opponent 6. restart analysis.
SPICA325 coach: [369, 0] no player type for opponent 10. restart analysis.
SPICA325 coach: [370, 0] no player type for opponent 6. restart analysis.
SPICA325 coach: [370, 0] no player type for opponent 10. restart analysis.
SPICA325 coach: [371, 0] no player type for opponent 10. restart analysis.
SPICA325 coach: [374, 0] no player type for opponent 6. restart analysis.
SPICA325 coach: [376, 0] no player type for opponent 6. restart analysis.
SPICA325 coach: [378, 0] no player type for opponent 6. restart analysis.
SPICA325 coach: [380, 0] no player type for opponent 10. restart analysis.
SPICA325 coach: [385, 0] no player type for opponent 10. restart analysis.
SPICA325 coach: [390, 0] no player type for opponent 6. restart analysis.
SPICA325 coach: [395, 0] no player type for opponent 10. restart analysis.
SPICA325 coach: [399, 0] no player type for opponent 10. restart analysis.
SPICA325 coach: [403, 0] no player type for opponent 10. restart analysis.
SPICA325 coach: [404, 0] no player type for opponent 6. restart analysis.
SPICA325 coach: [404, 0] no player type for opponent 10. restart analysis.
SPICA325 coach: [405, 0] no player type for opponent 6. restart analysis.
SPICA325 coach: [405, 0] no player type for opponent 10. restart analysis.
SPICA325 coach: [406, 0] no player type for opponent 10. restart analysis.
SPICA325 coach: [418, 0] no player type for opponent 6. restart analysis.
SPICA325 coach: [419, 0] no player type for opponent 6. restart analysis.
SPICA325 coach: [421, 0] no player type for opponent 6. restart analysis.
SPICA325 coach: [422, 0] no player type for opponent 6. restart analysis.
SPICA325 coach: [428, 0] no player type for opponent 10. restart analysis.
SPICA325 coach: [431, 0] no player type for opponent 6. restart analysis.
SPICA325 coach: [432, 0] no player type for opponent 10. restart analysis.
SPICA325 coach: [432, 0] no player type for opponent 6. restart analysis.
SPICA325 coach: [433, 0] no player type for opponent 6. restart analysis.
SPICA325 coach: [437, 0] no player type for opponent 10. restart analysis.
SPICA325 coach: [438, 0] no player type for opponent 10. restart analysis.
SPICA325 coach: [439, 0] no player type for opponent 10. restart analysis.
SPICA325 coach: [483, 0] no player type for opponent 6. restart analysis.
SPICA325 coach: [485, 0] no player type for opponent 6. restart analysis.
SPICA325 coach: [506, 0] no player type for opponent 10. restart analysis.
SPICA325 coach: [507, 0] no player type for opponent 10. restart analysis.
SPICA325 coach: [509, 0] no player type for opponent 10. restart analysis.
SPICA325 coach: [518, 0] no player type for opponent 6. restart analysis.
SPICA325 coach: [519, 0] no player type for opponent 10. restart analysis.
SPICA325 coach: [519, 0] no player type for opponent 6. restart analysis.
SPICA325 coach: [520, 0] no player type for opponent 10. restart analysis.
SPICA325 coach: [522, 0] no player type for opponent 10. restart analysis.
SPICA325 coach: [523, 0] no player type for opponent 10. restart analysis.
SPICA325 coach: [524, 0] no player type for opponent 6. restart analysis.
SPICA325 2: [524, 0] lost kick? at [524, 0] sense=5 internal=6
SPICA325 coach: [525, 0] no player type for opponent 10. restart analysis.
SPICA325 coach: [525, 0] no player type for opponent 6. restart analysis.
SPICA325 coach: [526, 0] no player type for opponent 10. restart analysis.
SPICA325 coach: [526, 0] no player type for opponent 6. restart analysis.
SPICA325 coach: [527, 0] no player type for opponent 10. restart analysis.
SPICA325 coach: [528, 0] no player type for opponent 10. restart analysis.
SPICA325 coach: [528, 0] no player type for opponent 6. restart analysis.
SPICA325 coach: [530, 0] no player type for opponent 6. restart analysis.
SPICA325 coach: [531, 0] no player type for opponent 6. restart analysis.
SPICA325 coach: [538, 0] no player type for opponent 10. restart analysis.
SPICA325 coach: [541, 0] no player type for opponent 10. restart analysis.
SPICA325 coach: [544, 0] no player type for opponent 10. restart analysis.
SPICA325 coach: [545, 0] no player type for opponent 10. restart analysis.
SPICA325 coach: [546, 0] no player type for opponent 10. restart analysis.
SPICA325 coach: [547, 0] no player type for opponent 10. restart analysis.
SPICA325 coach: [548, 0] no player type for opponent 6. restart analysis.
SPICA325 coach: [549, 0] no player type for opponent 10. restart analysis.
SPICA325 coach: [564, 0] no player type for opponent 10. restart analysis.
SPICA325 coach: [566, 0] no player type for opponent 6. restart analysis.
SPICA325 coach: [566, 0] no player type for opponent 10. restart analysis.
SPICA325 coach: [567, 0] no player type for opponent 6. restart analysis.
SPICA325 coach: [570, 0] no player type for opponent 10. restart analysis.
SPICA325 coach: [574, 0] no player type for opponent 10. restart analysis.
SPICA325 coach: [575, 0] no player type for opponent 6. restart analysis.
SPICA325 coach: [579, 0] no player type for opponent 6. restart analysis.
SPICA325 coach: [586, 0] no player type for opponent 10. restart analysis.
SPICA325 coach: [587, 0] no player type for opponent 10. restart analysis.
SPICA325 coach: [589, 0] no player type for opponent 10. restart analysis.
SPICA325 coach: [597, 0] no player type for opponent 10. restart analysis.
layerSize: 3
CYRUS_VANILLA coach: [601, 0] updated clang capacity.
SPICA325 coach: [601, 0] updated clang capacity.
SPICA325 coach: [610, 0] no player type for opponent 6. restart analysis.
SPICA325 coach: [611, 0] no player type for opponent 6. restart analysis.
SPICA325 coach: [620, 0] no player type for opponent 6. restart analysis.
SPICA325 coach: [622, 0] no player type for opponent 6. restart analysis.
SPICA325 coach: [636, 0] no player type for opponent 6. restart analysis.
SPICA325 coach: [638, 0] no player type for opponent 6. restart analysis.
SPICA325 coach: [641, 0] no player type for opponent 6. restart analysis.
SPICA325 coach: [644, 0] no player type for opponent 6. restart analysis.
SPICA325 coach: [649, 0] no player type for opponent 6. restart analysis.
SPICA325 coach: [652, 0] no player type for opponent 6. restart analysis.
SPICA325 coach: [654, 0] no player type for opponent 6. restart analysis.
SPICA325 coach: [657, 0] no player type for opponent 6. restart analysis.
SPICA325 coach: [658, 0] no player type for opponent 6. restart analysis.
SPICA325 coach: [659, 0] no player type for opponent 10. restart analysis.
SPICA325 coach: [662, 0] no player type for opponent 6. restart analysis.
SPICA325 coach: [663, 0] no player type for opponent 10. restart analysis.
SPICA325 coach: [667, 0] no player type for opponent 10. restart analysis.
SPICA325 coach: [668, 0] no player type for opponent 6. restart analysis.
SPICA325 coach: [673, 0] no player type for opponent 10. restart analysis.
SPICA325 coach: [673, 0] no player type for opponent 6. restart analysis.
SPICA325 coach: [674, 0] no player type for opponent 10. restart analysis.
SPICA325 coach: [675, 0] no player type for opponent 10. restart analysis.
SPICA325 coach: [677, 0] no player type for opponent 10. restart analysis.
SPICA325 coach: [690, 0] no player type for opponent 6. restart analysis.
CYRUS_VANILLA coach: [691, 0] sent freeform (player_types (1 0)(2 16)(3 17)(4 14)(5 5)(6 7)(7 11)(8 3)(9 13)(10 15)(11 4))
CYRUS_VANILLA coach: [691, 0] freeform 1 / 128
SPICA325 coach: [691, 0] no player type for opponent 6. restart analysis.
SPICA325 coach: [691, 0] sent freeform (player_types (1 0)(2 16)(3 17)(4 14)(5 5)(6 -1)(7 11)(8 3)(9 13)(10 -1)(11 4))
SPICA325 coach: [691, 0] freeform 1 / 128
SPICA325 coach: [695, 0] no player type for opponent 6. restart analysis.
SPICA325 coach: [695, 0] no player type for opponent 10. restart analysis.
SPICA325 coach: [697, 0] no player type for opponent 6. restart analysis.
SPICA325 coach: [698, 0] no player type for opponent 6. restart analysis.
SPICA325 coach: [706, 0] no player type for opponent 6. restart analysis.
SPICA325 coach: [724, 0] no player type for opponent 10. restart analysis.
SPICA325 coach: [726, 0] no player type for opponent 10. restart analysis.
SPICA325 coach: [732, 0] no player type for opponent 10. restart analysis.
SPICA325 coach: [734, 0] no player type for opponent 6. restart analysis.
SPICA325 coach: [735, 0] no player type for opponent 6. restart analysis.
SPICA325 coach: [736, 0] no player type for opponent 6. restart analysis.
SPICA325 coach: [739, 0] no player type for opponent 6. restart analysis.
SPICA325 coach: [745, 0] no player type for opponent 10. restart analysis.
SPICA325 coach: [746, 0] no player type for opponent 6. restart analysis.
SPICA325 coach: [755, 0] no player type for opponent 10. restart analysis.
SPICA325 coach: [758, 0] no player type for opponent 10. restart analysis.
SPICA325 coach: [764, 0] no player type for opponent 6. restart analysis.
SPICA325 coach: [767, 0] no player type for opponent 6. restart analysis.
SPICA325 11: [769, 0]  WARNING. no turn_neck.
SPICA325 11: [771, 0]  WARNING. no turn_neck.
SPICA325 coach: [772, 0] no player type for opponent 6. restart analysis.
SPICA325 coach: [773, 0] no player type for opponent 6. restart analysis.
SPICA325 coach: [788, 0] no player type for opponent 6. restart analysis.
SPICA325 coach: [792, 0] no player type for opponent 6. restart analysis.
SPICA325 coach: [799, 0] no player type for opponent 6. restart analysis.
SPICA325 coach: [807, 0] no player type for opponent 6. restart analysis.
SPICA325 coach: [808, 0] no player type for opponent 6. restart analysis.
SPICA325 10: [815, 0] lost kick? at [815, 0] sense=17 internal=18
SPICA325 coach: [817, 0] no player type for opponent 6. restart analysis.
SPICA325 coach: [818, 0] no player type for opponent 6. restart analysis.
SPICA325 coach: [844, 0] no player type for opponent 6. restart analysis.
SPICA325 coach: [858, 0] no player type for opponent 10. restart analysis.
SPICA325 coach: [864, 0] no player type for opponent 10. restart analysis.
SPICA325 coach: [866, 0] no player type for opponent 10. restart analysis.
SPICA325 coach: [868, 0] no player type for opponent 10. restart analysis.
SPICA325 coach: [874, 0] no player type for opponent 10. restart analysis.
SPICA325 coach: [875, 0] no player type for opponent 10. restart analysis.
SPICA325 coach: [883, 0] no player type for opponent 10. restart analysis.
SPICA325 coach: [884, 0] no player type for opponent 10. restart analysis.
SPICA325 coach: [887, 0] no player type for opponent 10. restart analysis.
SPICA325 coach: [901, 0] updated clang capacity.
CYRUS_VANILLA coach: [901, 0] updated clang capacity.
SPICA325 coach: [916, 0] determined opponent 10 type = 15
SPICA325 coach: [968, 0] no player type for opponent 6. restart analysis.
SPICA325 coach: [973, 0] no player type for opponent 6. restart analysis.
SPICA325 coach: [982, 0] no player type for opponent 6. restart analysis.
SPICA325 coach: [986, 0] no player type for opponent 6. restart analysis.
SPICA325 coach: [988, 0] no player type for opponent 6. restart analysis.
SPICA325 coach: [989, 0] no player type for opponent 6. restart analysis.
SPICA325 coach: [1019, 0] no player type for opponent 6. restart analysis.
SPICA325 coach: [1023, 1] sent freeform (player_types (1 0)(2 16)(3 17)(4 14)(5 5)(6 -1)(7 11)(8 3)(9 13)(10 15)(11 4))
SPICA325 coach: [1023, 1] freeform 2 / 128
CYRUS_VANILLA 9: [1130, 0] lost kick by foul at [1130, 0] sense=38 internal=39
SPICA325 coach: [1177, 0] no player type for opponent 6. restart analysis.
CYRUS_VANILLA coach: [1201, 0] updated clang capacity.
SPICA325 coach: [1201, 0] updated clang capacity.
SPICA325 coach: [1203, 0] no player type for opponent 6. restart analysis.
SPICA325 coach: [1204, 0] no player type for opponent 6. restart analysis.
SPICA325 coach: [1210, 0] no player type for opponent 6. restart analysis.
SPICA325 coach: [1211, 0] no player type for opponent 6. restart analysis.
SPICA325 coach: [1218, 0] no player type for opponent 6. restart analysis.
CYRUS_VANILLA 9: [1226, 0] lost kick by foul at [1226, 0] sense=48 internal=49
SPICA325 coach: [1263, 0] no player type for opponent 6. restart analysis.
SPICA325 coach: [1287, 0] no player type for opponent 6. restart analysis.
SPICA325 coach: [1289, 0] no player type for opponent 6. restart analysis.
SPICA325 coach: [1291, 0] no player type for opponent 6. restart analysis.
SPICA325 coach: [1305, 0] no player type for opponent 6. restart analysis.
SPICA325 coach: [1319, 0] no player type for opponent 6. restart analysis.
SPICA325 coach: [1321, 0] no player type for opponent 6. restart analysis.
SPICA325 coach: [1331, 0] no player type for opponent 6. restart analysis.
SPICA325 coach: [1366, 0] no player type for opponent 6. restart analysis.
SPICA325 coach: [1369, 0] no player type for opponent 6. restart analysis.
SPICA325 coach: [1372, 0] no player type for opponent 6. restart analysis.
SPICA325 coach: [1374, 0] no player type for opponent 6. restart analysis.
SPICA325 coach: [1385, 0] no player type for opponent 6. restart analysis.
SPICA325 coach: [1391, 0] no player type for opponent 6. restart analysis.
SPICA325 coach: [1394, 0] no player type for opponent 6. restart analysis.
SPICA325 coach: [1395, 0] no player type for opponent 6. restart analysis.
SPICA325 coach: [1398, 0] no player type for opponent 6. restart analysis.
SPICA325 coach: [1400, 0] no player type for opponent 6. restart analysis.
SPICA325 coach: [1407, 0] no player type for opponent 6. restart analysis.
SPICA325 coach: [1420, 0] determined opponent 6 type = 7
CYRUS_VANILLA 9: [1454, 0] lost kick by foul at [1454, 0] sense=68 internal=69
SPICA325 coach: [1454, 1] sent freeform (player_types (1 0)(2 16)(3 17)(4 14)(5 5)(6 7)(7 11)(8 3)(9 13)(10 15)(11 4))
SPICA325 coach: [1454, 1] freeform 3 / 128
SPICA325 coach: [1501, 0] updated clang capacity.
CYRUS_VANILLA coach: [1501, 0] updated clang capacity.
CYRUS_VANILLA 8: [1750, 0] lost kick by foul at [1750, 0] sense=9 internal=10
CYRUS_VANILLA coach: [1801, 0] updated clang capacity.
SPICA325 coach: [1801, 0] updated clang capacity.
CYRUS_VANILLA coach: [2101, 0] updated clang capacity.
SPICA325 coach: [2101, 0] updated clang capacity.
CYRUS_VANILLA coach: [2401, 0] updated clang capacity.
SPICA325 coach: [2401, 0] updated clang capacity.
CYRUS_VANILLA 9: [2626, 0]  WARNING. no turn_neck.
CYRUS_VANILLA coach: [2701, 0] updated clang capacity.
SPICA325 coach: [2701, 0] updated clang capacity.
Waiting to kick off
Kick_off_right
CYRUS_VANILLA coach: [3001, 0] updated clang capacity.
SPICA325 coach: [3001, 0] updated clang capacity.
SPICA325 coach: [3301, 0] updated clang capacity.
CYRUS_VANILLA coach: [3301, 0] updated clang capacity.
CYRUS_VANILLA 10: [3362, 0] lost kick by foul at [3362, 0] sense=30 internal=31
CYRUS_VANILLA 4: [3395, 0] lost kick by foul at [3395, 0] sense=5 internal=6
SPICA325 coach: [3601, 0] updated clang capacity.
CYRUS_VANILLA coach: [3601, 0] updated clang capacity.
SPICA325 11: [3628, 0] lost kick by foul at [3628, 0] sense=56 internal=57
SPICA325 4: [3757, 0]  WARNING. no turn_neck.
SPICA325 4: [3758, 0]  WARNING. no turn_neck.
CYRUS_VANILLA coach: [3901, 0] updated clang capacity.
SPICA325 coach: [3901, 0] updated clang capacity.
SPICA325 9: [3934, 0] lost kick by foul at [3934, 0] sense=58 internal=59
SPICA325 coach: [4201, 0] updated clang capacity.
CYRUS_VANILLA coach: [4201, 0] updated clang capacity.
CYRUS_VANILLA 11: [4290, 0] lost kick? at [4290, 0] sense=80 internal=81
9 [4318, 0] no ball position cache.
9 [4318, 0] no ball position cache.
9 [4318, 0] Interecet Self cache is empty!
9 [4319, 0] no ball position cache.
9 [4319, 0] no ball position cache.
9 [4319, 0] Interecet Self cache is empty!
2 [4496, 0] no ball position cache.
2 [4496, 0] no ball position cache.
2 [4496, 0] Interecet Self cache is empty!
CYRUS_VANILLA coach: [4501, 0] updated clang capacity.
SPICA325 coach: [4501, 0] updated clang capacity.
SPICA325CYRUS_VANILLA coach: [ coach: [4801, 48010, ]0 updated clang capacity.] updated clang capacity.

CYRUS_VANILLA 8: [4906, 0] lost kick by foul at [4906, 0] sense=33 internal=34
SPICA325 coach: [5101, 0] updated clang capacity.
CYRUS_VANILLA coach: [5101, 0] updated clang capacity.
SPICA325 7: [5198, 0]  WARNING. no turn_neck.
SPICA325 7: [5199, 0]  WARNING. no turn_neck.
SPICA325 coach: [5401, 0] updated clang capacity.
CYRUS_VANILLA coach: [5401, 0] updated clang capacity.
CYRUS_VANILLA 9: [5662, 0] lost kick by foul at [5662, 0] sense=204 internal=205
SPICA325 coach: change player 4 to type 9
CYRUS_VANILLA coach: change player 8 to type 9
SPICA325 coach: change player 6 to type 8
SPICA325 coach: [5701, 0] updated clang capacity.
CYRUS_VANILLA coach: [5701, 0] updated clang capacity.
SPICA325 coach: [5745, 0] determined opponent 8 type = 9
SPICA325 coach: [5745, 0] sent freeform (player_types (1 0)(2 16)(3 17)(4 14)(5 5)(6 7)(7 11)(8 9)(9 13)(10 15)(11 4))
SPICA325 coach: [5745, 0] freeform 4 / 128
CYRUS_VANILLA coach: [5767, 0] no player type for opponent 4. restart analysis.
CYRUS_VANILLA coach: [5789, 0] no player type for opponent 6. restart analysis.
CYRUS_VANILLA coach: [5802, 0] determined opponent 6 type = 8
CYRUS_VANILLA coach: [5827, 0] no player type for opponent 4. restart analysis.
CYRUS_VANILLA coach: [5830, 0] no player type for opponent 4. restart analysis.
CYRUS_VANILLA coach: [5842, 1] sent freeform (player_types (1 0)(2 16)(3 17)(4 -1)(5 5)(6 8)(7 11)(8 3)(9 13)(10 15)(11 4))
CYRUS_VANILLA coach: [5842, 1] freeform 2 / 128
CYRUS_VANILLA coach: change player 6 to type 8
SPICA325 coach: change player 11 to type 1
SPICA325 coach: [5940, 0] no player type for opponent 6. restart analysis.
CYRUS_VANILLA coach: [5954, 0] no player type for opponent 11. restart analysis.
SPICA325 coach: [5960, 0] no player type for opponent 6. restart analysis.
SPICA325 coach: [5966, 0] no player type for opponent 6. restart analysis.
CYRUS_VANILLA coach: [5966, 0] no player type for opponent 11. restart analysis.
SPICA325 coach: [5967, 0] no player type for opponent 6. restart analysis.
SPICA325 3: [5973, 0]  WARNING. no turn_neck.
SPICA325 3: [5974, 0]  WARNING. no turn_neck.
SPICA325 3: [5975, 0]  WARNING. no turn_neck.
SPICA325 coach: [5984, 0] determined opponent 6 type = 8
CYRUS_VANILLA coach: [5993, 0] no player type for opponent 11. restart analysis.
CYRUS_VANILLA coach: [5999, 0] no player type for opponent 4. restart analysis.
SPICA325 8: finished.
CYRUS_VANILLA 1: finished.
SPICA325 3: finished.
CYRUS_VANILLA 10: finished.
CYRUS_VANILLA coach: finished.
SPICA325 coach: finished.
SPICA325 4: finished.
CYRUS_VANILLA 3: finished.
SPICA325 10: finished.
Waiting after end of match
remoteclient.cpp: 149: Error sending to socket: Bad file descriptor
msg = [(think)]
remoteclient.cpp: 149: Error sending to socket: Bad file descriptor
msg = [(think)]
SPICA325 9: finished.
SPICA325 2: finished.
SPICA325 7: finished.
CYRUS_VANILLA 4: finished.
CYRUS_VANILLA 11: finished.
CYRUS_VANILLA 8: finished.
CYRUS_VANILLA 2: finished.
SPICA325 5: finished.
CYRUS_VANILLA 7: finished.
CYRUS_VANILLA 9: finished.
SPICA325 1: finished.
SPICA325 6: finished.
CYRUS_VANILLA 5: finished.
CYRUS_VANILLA 6: finished.
SPICA325 11: finished.
A player disconnected : (SPICA325 7)
A player disconnected : (SPICA325 11)
A player disconnected : (SPICA325 5)
A player disconnected : (SPICA325 2)
A player disconnected : (SPICA325 4)
A player disconnected : (CYRUS_VANILLA 4)
A player disconnected : (SPICA325 9)
A player disconnected : (CYRUS_VANILLA 2)
A player disconnected : (CYRUS_VANILLA 11)
A player disconnected : (SPICA325 8)
A player disconnected : (CYRUS_VANILLA 8)
A player disconnected : (SPICA325 10)
An online coach disconnected : (CYRUS_VANILLA)
An online coach disconnected : (SPICA325)
A player disconnected : (CYRUS_VANILLA 10)
A player disconnected : (SPICA325 3)
A player disconnected : (CYRUS_VANILLA 3)
A player disconnected : (CYRUS_VANILLA 1)
A player disconnected : (CYRUS_VANILLA 9)
A player disconnected : (CYRUS_VANILLA 7)
A player disconnected : (SPICA325 6)
A player disconnected : (CYRUS_VANILLA 6)
A player disconnected : (CYRUS_VANILLA 5)
A player disconnected : (SPICA325 1)
Killing 22730
Killing 22743

Game Over. Exiting...

Saving Results:
	CSVSaver: saving...
	CSVSaver: ...disabled
	STDOutSaver: saving...

Game Results:
	2026-06-27 08:19:07
	'SPICA325' vs 'CYRUS_VANILLA'
	Score: 0 - 1
 
	STDOutSaver: ...saved

Saving Results Complete
