rcssserver-19.0.0

Copyright (C) 1995, 1996, 1997, 1998, 1999 Electrotechnical Laboratory.
2000 - RoboCup Soccer Simulator Maintenance Group.

Simulator Random Seed: 1782549906
CSVSaver: Ready
STDOutSaver: Ready
Using simulator's random seed as Hetero Player Seed: 1782549906
******************************************************************
 HELIOS base
 Created by Hidehisa Akiyama and Hiroki Shimora
 Copyright 2000-2007.  Hidehisa Akiyama
 Copyright 2007-2011.  Hidehisa Akiyama and Hiroki Shimora
 All rights reserved.
******************************************************************
PING localhost (127.0.0.1) 56(84) bytes of data.
64 bytes from localhost (127.0.0.1): icmp_seq=1 ttl=64 time=0.034 ms

--- localhost ping statistics ---
1 packets transmitted, 1 received, 0% packet loss, time 0ms
rtt min/avg/max/mdev = 0.034/0.034/0.034/0.000 ms
******************************************************************
 librcsc 
 Copyright 2000 - 2007. Hidehisa Akiyama.
 Copyright 2007 - 2011. Hidehisa Akiyama and Hiroki Shimora
 Copyright 2011 -  Hidehisa Akiyama, Hiroki Shimora
   Takuya Fukushima (2019-)
 All rights reserved.
******************************************************************
*****************************************************************
 This program is based on agent2d created by Hidehisa Akiyama.
 Copyright 2006 - 2011. Hidehisa Akiyama and Hiroki Shimora.
 All rights reserved.
*****************************************************************
SPICA325: init ok.  unum: 1 side: l
SPICA325 1: [-1, 0] (v18+) force synch see mode.
wind factor: rand: 0.000000, vector: (0.000000, 0.000000)

Hit CTRL-C to exit
Starting "/bin/sh -c scripts/team_launchers/spica325_left.sh"
Waiting for players to connect
A new (v18) player (SPICA325 1) connected.
******************************************************************
 HELIOS base
 Created by Hidehisa Akiyama and Hiroki Shimora
 Copyright 2000-2007.  Hidehisa Akiyama
 Copyright 2007-2011.  Hidehisa Akiyama and Hiroki Shimora
 All rights reserved.
******************************************************************
PING localhost (127.0.0.1) 56(84) bytes of data.
64 bytes from localhost (127.0.0.1): icmp_seq=1 ttl=64 time=0.065 ms

--- localhost ping statistics ---
1 packets transmitted, 1 received, 0% packet loss, time 0ms
rtt min/avg/max/mdev = 0.065/0.065/0.065/0.000 ms
******************************************************************
 librcsc 
 Copyright 2000 - 2007. Hidehisa Akiyama.
 Copyright 2007 - 2011. Hidehisa Akiyama and Hiroki Shimora
 Copyright 2011 -  Hidehisa Akiyama, Hiroki Shimora
   Takuya Fukushima (2019-)
 All rights reserved.
******************************************************************
SPICA325 1:  KickTable created.
SPICA325 1: [-1, 0] set synch see mode.
*****************************************************************
 This program is based on agent2d created by Hidehisa Akiyama.
 Copyright 2006 - 2011. Hidehisa Akiyama and Hiroki Shimora.
 All rights reserved.
*****************************************************************
CYRUS_VANILLA: init ok.  unum: 1 side: r
CYRUS_VANILLA 1: [-1, 0] (v18+) force synch see mode.
Starting "/bin/sh -c scripts/team_launchers/cyrus_vanilla_right.sh"
A new (v18) player (CYRUS_VANILLA 1) connected.
CYRUS_VANILLA 1:  KickTable created.
CYRUS_VANILLA 1: [-1, 0] set synch see mode.
Read Setting: ./data/settings/Other.json
Read Setting: ./data/settings/Other.json
******************************************************************
 librcsc 
 Copyright 2000 - 2007. Hidehisa Akiyama.
 Copyright 2007 - 2011. Hidehisa Akiyama and Hiroki Shimora
 Copyright 2011 -  Hidehisa Akiyama, Hiroki Shimora
   Takuya Fukushima (2019-)
 All rights reserved.
******************************************************************
******************************************************************
 librcsc 
 Copyright 2000 - 2007. Hidehisa Akiyama.
 Copyright 2007 - 2011. Hidehisa Akiyama and Hiroki Shimora
 Copyright 2011 -  Hidehisa Akiyama, Hiroki Shimora
   Takuya Fukushima (2019-)
 All rights reserved.
******************************************************************
******************************************************************
 librcsc 
 Copyright 2000 - 2007. Hidehisa Akiyama.
 Copyright 2007 - 2011. Hidehisa Akiyama and Hiroki Shimora
 Copyright 2011 -  Hidehisa Akiyama, Hiroki Shimora
   Takuya Fukushima (2019-)
 All rights reserved.
******************************************************************
******************************************************************
 librcsc 
 Copyright 2000 - 2007. Hidehisa Akiyama.
 Copyright 2007 - 2011. Hidehisa Akiyama and Hiroki Shimora
 Copyright 2011 -  Hidehisa Akiyama, Hiroki Shimora
   Takuya Fukushima (2019-)
 All rights reserved.
******************************************************************
******************************************************************
 librcsc 
 Copyright 2000 - 2007. Hidehisa Akiyama.
 Copyright 2007 - 2011. Hidehisa Akiyama and Hiroki Shimora
 Copyright 2011 -  Hidehisa Akiyama, Hiroki Shimora
   Takuya Fukushima (2019-)
 All rights reserved.
******************************************************************
******************************************************************
 librcsc 
 Copyright 2000 - 2007. Hidehisa Akiyama.
 Copyright 2007 - 2011. Hidehisa Akiyama and Hiroki Shimora
 Copyright 2011 -  Hidehisa Akiyama, Hiroki Shimora
   Takuya Fukushima (2019-)
 All rights reserved.
******************************************************************
******************************************************************
 librcsc 
 Copyright 2000 - 2007. Hidehisa Akiyama.
 Copyright 2007 - 2011. Hidehisa Akiyama and Hiroki Shimora
 Copyright 2011 -  Hidehisa Akiyama, Hiroki Shimora
   Takuya Fukushima (2019-)
 All rights reserved.
******************************************************************
******************************************************************
 librcsc 
 Copyright 2000 - 2007. Hidehisa Akiyama.
 Copyright 2007 - 2011. Hidehisa Akiyama and Hiroki Shimora
 Copyright 2011 -  Hidehisa Akiyama, Hiroki Shimora
   Takuya Fukushima (2019-)
 All rights reserved.
******************************************************************
*****************************************************************
 This program is based on agent2d created by Hidehisa Akiyama.
 Copyright 2006 - 2011. Hidehisa Akiyama and Hiroki Shimora.
 All rights reserved.
*****************************************************************
******************************************************************
 librcsc 
 Copyright 2000 - 2007. Hidehisa Akiyama.
 Copyright 2007 - 2011. Hidehisa Akiyama and Hiroki Shimora
 Copyright 2011 -  Hidehisa Akiyama, Hiroki Shimora
   Takuya Fukushima (2019-)
 All rights reserved.
******************************************************************
******************************************************************
 librcsc 
 Copyright 2000 - 2007. Hidehisa Akiyama.
 Copyright 2007 - 2011. Hidehisa Akiyama and Hiroki Shimora
 Copyright 2011 -  Hidehisa Akiyama, Hiroki Shimora
   Takuya Fukushima (2019-)
 All rights reserved.
******************************************************************
*****************************************************************
 This program is based on agent2d created by Hidehisa Akiyama.
 Copyright 2006 - 2011. Hidehisa Akiyama and Hiroki Shimora.
 All rights reserved.
*****************************************************************
A new (v18) player (SPICA325 2) connected.
A new (v18) player (SPICA325 3) connected.
SPICA325SPICA325: init ok.  unum: : init ok.  unum: 3 side: 2 side: l
l
SPICA325 3: SPICA325[ -12, : 0][ (v18+) force synch see mode.
-1, 0] (v18+) force synch see mode.
******************************************************************
 librcsc 
 Copyright 2000 - 2007. Hidehisa Akiyama.
 Copyright 2007 - 2011. Hidehisa Akiyama and Hiroki Shimora
 Copyright 2011 -  Hidehisa Akiyama, Hiroki Shimora
   Takuya Fukushima (2019-)
 All rights reserved.
******************************************************************
*****************************************************************
 This program is based on agent2d created by Hidehisa Akiyama.
 Copyright 2006 - 2011. Hidehisa Akiyama and Hiroki Shimora.
 All rights reserved.
*****************************************************************
*****************************************************************
 This program is based on agent2d created by Hidehisa Akiyama.
 Copyright 2006 - 2011. Hidehisa Akiyama and Hiroki Shimora.
 All rights reserved.
*****************************************************************
*****************************************************************
 This program is based on agent2d created by Hidehisa Akiyama.
 Copyright 2006 - 2011. Hidehisa Akiyama and Hiroki Shimora.
 All rights reserved.
*****************************************************************
******************************************************************
 librcsc 
 Copyright 2000 - 2007. Hidehisa Akiyama.
 Copyright 2007 - 2011. Hidehisa Akiyama and Hiroki Shimora
 Copyright 2011 -  Hidehisa Akiyama, Hiroki Shimora
   Takuya Fukushima (2019-)
 All rights reserved.
******************************************************************
*****************************************************************
 This program is based on agent2d created by Hidehisa Akiyama.
 Copyright 2006 - 2011. Hidehisa Akiyama and Hiroki Shimora.
 All rights reserved.
*****************************************************************
******************************************************************
 librcsc 
 Copyright 2000 - 2007. Hidehisa Akiyama.
 Copyright 2007 - 2011. Hidehisa Akiyama and Hiroki Shimora
 Copyright 2011 -  Hidehisa Akiyama, Hiroki Shimora
   Takuya Fukushima (2019-)
 All rights reserved.
******************************************************************
******************************************************************
 librcsc 
 Copyright 2000 - 2007. Hidehisa Akiyama.
 Copyright 2007 - 2011. Hidehisa Akiyama and Hiroki Shimora
 Copyright 2011 -  Hidehisa Akiyama, Hiroki Shimora
   Takuya Fukushima (2019-)
 All rights reserved.
******************************************************************
SPICA325: init ok.  unum: 4 side: l
SPICA325 4: [-1, 0] (v18+) force synch see mode.
A new (v18) player (SPICA325 4) connected.
A new (v18) player (SPICA325 5) connected.
A new (v18) player (SPICA325 6) connected.
A new (v18) online coach (SPICA325) connected.
SPICA325: init ok.  unum: 6 side: l
SPICA325 6: [-1, 0] (v18+) force synch see mode.
SPICA325: init ok.  unum: 5 side: l
SPICA325 5: [-1, 0] (v18+) force synch see mode.
SPICA325 coach: [-1, 0] recv (ok eye on)
******************************************************************
 librcsc 
 Copyright 2000 - 2007. Hidehisa Akiyama.
 Copyright 2007 - 2011. Hidehisa Akiyama and Hiroki Shimora
 Copyright 2011 -  Hidehisa Akiyama, Hiroki Shimora
   Takuya Fukushima (2019-)
 All rights reserved.
******************************************************************
*****************************************************************
 This program is based on agent2d created by Hidehisa Akiyama.
 Copyright 2006 - 2011. Hidehisa Akiyama and Hiroki Shimora.
 All rights reserved.
*****************************************************************
A new (v18) player (SPICA325 7) connected.
SPICA325: init ok.  unum: 7 side: l
SPICA325 7: [-1, 0] (v18+) force synch see mode.
SPICA325 2:  KickTable created.
SPICA325 2: [-1, 0] set synch see mode.
SPICA325 3:  KickTable created.
******************************************************************
 librcsc 
 Copyright 2000 - 2007. Hidehisa Akiyama.
 Copyright 2007 - 2011. Hidehisa Akiyama and Hiroki Shimora
 Copyright 2011 -  Hidehisa Akiyama, Hiroki Shimora
   Takuya Fukushima (2019-)
 All rights reserved.
******************************************************************
*****************************************************************
 This program is based on agent2d created by Hidehisa Akiyama.
 Copyright 2006 - 2011. Hidehisa Akiyama and Hiroki Shimora.
 All rights reserved.
*****************************************************************
A new (v18) player (SPICA325 8) connected.
*****************************************************************
 This program is based on agent2d created by Hidehisa Akiyama.
 Copyright 2006 - 2011. Hidehisa Akiyama and Hiroki Shimora.
 All rights reserved.
*****************************************************************
SPICA325 3: [-1, 0] set synch see mode.
SPICA325: init ok.  unum: 8 side: l
SPICA325 8: [-1, 0] (v18+) force synch see mode.
A new (v18) player (SPICA325 9) connected.
SPICA325: init ok.  unum: 9 side: l
SPICA325 9: [-1, 0] (v18+) force synch see mode.
******************************************************************
 librcsc 
 Copyright 2000 - 2007. Hidehisa Akiyama.
 Copyright 2007 - 2011. Hidehisa Akiyama and Hiroki Shimora
 Copyright 2011 -  Hidehisa Akiyama, Hiroki Shimora
   Takuya Fukushima (2019-)
 All rights reserved.
******************************************************************
******************************************************************
 librcsc 
 Copyright 2000 - 2007. Hidehisa Akiyama.
 Copyright 2007 - 2011. Hidehisa Akiyama and Hiroki Shimora
 Copyright 2011 -  Hidehisa Akiyama, Hiroki Shimora
   Takuya Fukushima (2019-)
 All rights reserved.
******************************************************************
*****************************************************************
 This program is based on agent2d created by Hidehisa Akiyama.
 Copyright 2006 - 2011. Hidehisa Akiyama and Hiroki Shimora.
 All rights reserved.
*****************************************************************
*****************************************************************
 This program is based on agent2d created by Hidehisa Akiyama.
 Copyright 2006 - 2011. Hidehisa Akiyama and Hiroki Shimora.
 All rights reserved.
*****************************************************************
******************************************************************
 librcsc 
 Copyright 2000 - 2007. Hidehisa Akiyama.
 Copyright 2007 - 2011. Hidehisa Akiyama and Hiroki Shimora
 Copyright 2011 -  Hidehisa Akiyama, Hiroki Shimora
   Takuya Fukushima (2019-)
 All rights reserved.
******************************************************************
SPICA325 4:  KickTable created.
Read Setting: ./data/settings/Other.json
SPICA325 4: [-1, 0] set synch see mode.
Read Setting: ./data/settings/Other.json
A new (v18) player (SPICA325 10) connected.
SPICA325: init ok.  unum: 11 side: l
SPICA325 11: [-1, 0] (v18+) force synch see mode.
A new (v18) player (SPICA325 11) connected.
SPICA325: init ok.  unum: 10 side: l
SPICA325 10: [-1, 0] (v18+) force synch see mode.
******************************************************************
 librcsc 
 Copyright 2000 - 2007. Hidehisa Akiyama.
 Copyright 2007 - 2011. Hidehisa Akiyama and Hiroki Shimora
 Copyright 2011 -  Hidehisa Akiyama, Hiroki Shimora
   Takuya Fukushima (2019-)
 All rights reserved.
******************************************************************
SPICA325 7:  KickTable created.
******************************************************************
 librcsc 
 Copyright 2000 - 2007. Hidehisa Akiyama.
 Copyright 2007 - 2011. Hidehisa Akiyama and Hiroki Shimora
 Copyright 2011 -  Hidehisa Akiyama, Hiroki Shimora
   Takuya Fukushima (2019-)
 All rights reserved.
******************************************************************
SPICA325 7: [-1, 0] set synch see mode.
SPICA325 6:  KickTable created.
SPICA325 6: [-1, 0] set synch see mode.
SPICA325 5:  KickTable created.
SPICA325 5: [-1, 0] set synch see mode.
******************************************************************
 librcsc 
 Copyright 2000 - 2007. Hidehisa Akiyama.
 Copyright 2007 - 2011. Hidehisa Akiyama and Hiroki Shimora
 Copyright 2011 -  Hidehisa Akiyama, Hiroki Shimora
   Takuya Fukushima (2019-)
 All rights reserved.
******************************************************************
*****************************************************************
 This program is based on agent2d created by Hidehisa Akiyama.
 Copyright 2006 - 2011. Hidehisa Akiyama and Hiroki Shimora.
 All rights reserved.
*****************************************************************
A new (v18) online coach (CYRUS_VANILLA) connected.
*****************************************************************
 This program is based on agent2d created by Hidehisa Akiyama.
 Copyright 2006 - 2011. Hidehisa Akiyama and Hiroki Shimora.
 All rights reserved.
*****************************************************************
CYRUS_VANILLA: init ok.  unum: 2 side: r
CYRUS_VANILLA 2: [-1, 0] (v18+) force synch see mode.
A new (v18) player (CYRUS_VANILLA 2) connected.
CYRUS_VANILLA coach: [-1, 0] recv (ok eye on)
SPICA325 9:  KickTable created.
SPICA325 9: [-1, 0] set synch see mode.
*****************************************************************
 This program is based on agent2d created by Hidehisa Akiyama.
 Copyright 2006 - 2011. Hidehisa Akiyama and Hiroki Shimora.
 All rights reserved.
*****************************************************************
A new (v18) player (CYRUS_VANILLA 3) connected.
CYRUS_VANILLA: init ok.  unum: 3 side: r
CYRUS_VANILLA 3: [-1, 0] (v18+) force synch see mode.
SPICA325 10:  KickTable created.
SPICA325 10: [-1, 0] set synch see mode.
CYRUS_VANILLA 2:  KickTable created.
CYRUS_VANILLA 2: [-1, 0] set synch see mode.
SPICA325 11:  KickTable created.
SPICA325 11: [-1, 0] set synch see mode.
*****************************************************************
 This program is based on agent2d created by Hidehisa Akiyama.
 Copyright 2006 - 2011. Hidehisa Akiyama and Hiroki Shimora.
 All rights reserved.
*****************************************************************
CYRUS_VANILLA: init ok.  unum: 4 side: r
CYRUS_VANILLA 4: [-1, 0] (v18+) force synch see mode.
A new (v18) player (CYRUS_VANILLA 4) connected.
SPICA325 8:  KickTable created.
SPICA325 8: [-1, 0] set synch see mode.
*****************************************************************
 This program is based on agent2d created by Hidehisa Akiyama.
 Copyright 2006 - 2011. Hidehisa Akiyama and Hiroki Shimora.
 All rights reserved.
*****************************************************************
A new (v18) player (CYRUS_VANILLA 5) connected.
CYRUS_VANILLA: init ok.  unum: 5 side: r
CYRUS_VANILLA 5: [-1, 0] (v18+) force synch see mode.
*****************************************************************
 This program is based on agent2d created by Hidehisa Akiyama.
 Copyright 2006 - 2011. Hidehisa Akiyama and Hiroki Shimora.
 All rights reserved.
*****************************************************************
CYRUS_VANILLA: init ok.  unum: 6 side: r
CYRUS_VANILLA 6: [-1, 0] (v18+) force synch see mode.
A new (v18) player (CYRUS_VANILLA 6) connected.
*****************************************************************
 This program is based on agent2d created by Hidehisa Akiyama.
 Copyright 2006 - 2011. Hidehisa Akiyama and Hiroki Shimora.
 All rights reserved.
*****************************************************************
*****************************************************************
 This program is based on agent2d created by Hidehisa Akiyama.
 Copyright 2006 - 2011. Hidehisa Akiyama and Hiroki Shimora.
 All rights reserved.
*****************************************************************
CYRUS_VANILLA 4:  KickTable created.
CYRUS_VANILLA 4: [-1, 0] set synch see mode.
*****************************************************************
 This program is based on agent2d created by Hidehisa Akiyama.
 Copyright 2006 - 2011. Hidehisa Akiyama and Hiroki Shimora.
 All rights reserved.
*****************************************************************
CYRUS_VANILLA 6:  KickTable created.
CYRUS_VANILLA 6: [-1, 0] set synch see mode.
*****************************************************************
 This program is based on agent2d created by Hidehisa Akiyama.
 Copyright 2006 - 2011. Hidehisa Akiyama and Hiroki Shimora.
 All rights reserved.
*****************************************************************
CYRUS_VANILLA 3:  KickTable created.
CYRUS_VANILLA 5:  KickTable created.
CYRUS_VANILLA 3: [-1, 0] set synch see mode.
CYRUS_VANILLA 5: [-1, 0] set synch see mode.
*****************************************************************
 This program is based on agent2d created by Hidehisa Akiyama.
 Copyright 2006 - 2011. Hidehisa Akiyama and Hiroki Shimora.
 All rights reserved.
*****************************************************************
Read Setting: ./data/settings/Other.json
Read Setting: ./data/settings/Other.json
Read Setting: ./data/settings/Other.json
Read Setting: ./data/settings/Other.json
Read Setting: ./data/settings/Other.json
Read Setting: ./data/settings/Other.json
CYRUS_VANILLA: init ok.  unum: 7 side: r
CYRUS_VANILLA 7: [-1, 0] (v18+) force synch see mode.
A new (v18) player (CYRUS_VANILLA 7) connected.
A new (v18) player (CYRUS_VANILLA 8) connected.
A new (v18) player (CYRUS_VANILLA 9) connected.
A new (v18) player (CYRUS_VANILLA 10) connected.
A new (v18) player (CYRUS_VANILLA 11) connected.
CYRUS_VANILLA: init ok.  unum: 9 side: r
CYRUS_VANILLA 9: [-1, 0] (v18+) force synch see mode.
CYRUS_VANILLA: init ok.  unum: 10CYRUS_VANILLA side: : rinit ok.  unum: 
8 side: r
CYRUS_VANILLACYRUS_VANILLA  108: : [[-1-1, , 00]] (v18+) force synch see mode. (v18+) force synch see mode.

CYRUS_VANILLA: init ok.  unum: 11 side: r
CYRUS_VANILLA 11: [-1, 0] (v18+) force synch see mode.
CYRUS_VANILLA 8:  KickTable created.
CYRUS_VANILLA 8: [-1, 0] set synch see mode.
CYRUS_VANILLA 7:  KickTable created.
CYRUS_VANILLA 7: [-1, 0] set synch see mode.
CYRUS_VANILLA 10:  KickTable created.
CYRUS_VANILLA 10: [-1, 0] set synch see mode.
CYRUS_VANILLA 11:  KickTable created.
CYRUS_VANILLA 11: [-1, 0] set synch see mode.
CYRUS_VANILLA 9:  KickTable created.
CYRUS_VANILLA 9: [-1, 0] set synch see mode.
Read Setting: ./data/settings/Other.json
Read Setting: ./data/settings/Other.json
id speed step inc  power  stam  karea
 0 1.000   6  45.0 100.0  55.0  1.085
 1 0.901   5  41.8 100.0  58.2  1.123
 2 1.045   6  40.5 100.0  59.5  1.114
 3 0.979   6  46.5 100.0  53.5  1.154
 4 0.801   6  49.6 100.0  50.4  1.147
 5 0.938   6  47.9 100.0  52.1  1.150
 6 1.008   6  45.0 100.0  55.0  1.009
 7 0.943   6  43.0 100.0  57.0  1.114
 8 0.928   6  45.9 100.0  54.1  1.047
 9 0.943   6  42.1 100.0  57.9  1.014
 10 0.879   5  43.0 100.0  57.0  1.146
 11 0.785   4  41.5 100.0  58.5  1.110
 12 0.779   5  49.2 100.0  50.8  1.067
 13 0.907   6  46.8 100.0  53.2  1.041
 14 0.778   4  46.1 100.0  53.9  1.142
 15 0.865   6  46.3 100.0  53.7  1.101
 16 0.782   4  48.1 100.0  51.9  1.077
 17 0.751   6  51.8 100.0  48.2  1.065
$$$$$$$$$$$$$$$$$$$$$$$$isother
SPICA325 coach: change player 1 to type 0
SPICA325 coach: change player 9 to type 2
SPICA325 coach: change player 2 to type 6
SPICA325 coach: change player 11 to type 3
SPICA325 coach: change player 4 to type 5
SPICA325 coach: change player 10 to type 7
SPICA325 coach: change player 3 to type 9
SPICA325 coach: change player 5 to type 8
SPICA325 coach: change player 7 to type 1
SPICA325 coach: change player 8 to type 13
SPICA325 coach: change player 6 to type 10
Read Setting: ./data/settings/Other.json
Read Setting: ./data/settings/Other.json
Read Setting: ./data/settings/Other.json
Read Setting: ./data/settings/Other.json
id speed step inc  power  stam  karea
 0 1.000   6  45.0 100.0  55.0  1.085
 1 0.901   5  41.8 100.0  58.2  1.123
 2 1.045   6  40.5 100.0  59.5  1.114
 3 0.979   6  46.5 100.0  53.5  1.154
 4 0.801   6  49.6 100.0  50.4  1.147
 5 0.938   6  47.9 100.0  52.1  1.150
 6 1.008   6  45.0 100.0  55.0  1.009
 7 0.943   6  43.0 100.0  57.0  1.114
 8 0.928   6  45.9 100.0  54.1  1.047
 9 0.943   6  42.1 100.0  57.9  1.014
 10 0.879   5  43.0 100.0  57.0  1.146
 11 0.785   4  41.5 100.0  58.5  1.110
 12 0.779   5  49.2 100.0  50.8  1.067
 13 0.907   6  46.8 100.0  53.2  1.041
 14 0.778   4  46.1 100.0  53.9  1.142
 15 0.865   6  46.3 100.0  53.7  1.101
 16 0.782   4  48.1 100.0  51.9  1.077
 17 0.751   6  51.8 100.0  48.2  1.065
$$$$$$$$$$$$$$$$$$$$$$$$isother
CYRUS_VANILLA coach: change player 1 to type 0
CYRUS_VANILLA coach: change player 9 to type 2
CYRUS_VANILLA coach: change player 2 to type 6
CYRUS_VANILLA coach: change player 11 to type 3
CYRUS_VANILLA coach: change player 4 to type 5
CYRUS_VANILLA coach: change player 10 to type 7
CYRUS_VANILLA coach: change player 3 to type 9
CYRUS_VANILLA coach: change player 5 to type 8
CYRUS_VANILLA coach: change player 7 to type 1
CYRUS_VANILLA coach: change player 8 to type 13
CYRUS_VANILLA coach: change player 6 to type 10
Read Setting: ./data/settings/Other.json
Read Setting: ./data/settings/Other.json
Read Setting: ./data/settings/Other.json
Read Setting: ./data/settings/Other.json
Read Setting: ./data/settings/Other.json
Read Setting: ./data/settings/Other.json
Waiting to kick off
Kick_off_left
SPICA325 coach: [94, 0] no player type for opponent 10. restart analysis.
SPICA325 coach: [96, 0] no player type for opponent 4. restart analysis.
CYRUS_VANILLA coach: [96, 0] no player type for opponent 11. restart analysis.
SPICA325 coach: [96, 0] no player type for opponent 10. restart analysis.
CYRUS_VANILLA coach: [96, 0] no player type for opponent 9. restart analysis.
SPICA325 coach: [96, 0] no player type for opponent 11. restart analysis.
SPICA325 coach: [96, 0] no player type for opponent 6. restart analysis.
SPICA325 coach: [96, 0] no player type for opponent 5. restart analysis.
SPICA325 coach: [96, 0] no player type for opponent 9. restart analysis.
SPICA325 coach: [96, 0] no player type for opponent 7. restart analysis.
SPICA325 coach: [97, 0] no player type for opponent 7. restart analysis.
SPICA325 coach: [98, 0] no player type for opponent 10. restart analysis.
SPICA325 coach: [98, 0] no player type for opponent 9. restart analysis.
SPICA325 coach: [99, 0] no player type for opponent 8. restart analysis.
SPICA325 coach: [99, 0] no player type for opponent 10. restart analysis.
SPICA325 coach: [99, 0] no player type for opponent 11. restart analysis.
SPICA325 coach: [99, 0] no player type for opponent 9. restart analysis.
CYRUS_VANILLA coach: [100, 0] no player type for opponent 8. restart analysis.
CYRUS_VANILLA coach: [101, 0] determined opponent 6 type = 10
SPICA325 coach: [101, 0] no player type for opponent 8. restart analysis.
SPICA325 coach: [102, 0] no player type for opponent 4. restart analysis.
SPICA325 coach: [102, 0] no player type for opponent 2. restart analysis.
SPICA325 coach: [102, 0] no player type for opponent 11. restart analysis.
SPICA325 coach: [102, 0] no player type for opponent 3. restart analysis.
CYRUS_VANILLA coach: [102, 0] no player type for opponent 10. restart analysis.
CYRUS_VANILLA coach: [103, 0] no player type for opponent 10. restart analysis.
SPICA325 coach: [103, 0] no player type for opponent 2. restart analysis.
SPICA325 coach: [103, 0] no player type for opponent 10. restart analysis.
SPICA325 coach: [103, 0] no player type for opponent 9. restart analysis.
SPICA325 coach: [103, 0] no player type for opponent 7. restart analysis.
SPICA325 coach: [104, 0] no player type for opponent 11. restart analysis.
CYRUS_VANILLA coach: [105, 0] determined opponent 9 type = 2
CYRUS_VANILLA coach: [105, 0] no player type for opponent 3. restart analysis.
CYRUS_VANILLA coach: [105, 0] no player type for opponent 10. restart analysis.
SPICA325 coach: [106, 0] no player type for opponent 11. restart analysis.
SPICA325 coach: [106, 0] no player type for opponent 6. restart analysis.
CYRUS_VANILLA coach: [106, 0] determined opponent 11 type = 3
CYRUS_VANILLA coach: [106, 0] no player type for opponent 3. restart analysis.
CYRUS_VANILLA coach: [106, 0] no player type for opponent 10. restart analysis.
CYRUS_VANILLA coach: [106, 0] no player type for opponent 8. restart analysis.
CYRUS_VANILLA coach: [107, 0] no player type for opponent 3. restart analysis.
CYRUS_VANILLA coach: [108, 0] determined opponent 7 type = 1
SPICA325 coach: [108, 0] no player type for opponent 6. restart analysis.
SPICA325 coach: [108, 0] no player type for opponent 9. restart analysis.
SPICA325 coach: [109, 0] no player type for opponent 6. restart analysis.
CYRUS_VANILLA coach: [109, 0] no player type for opponent 5. restart analysis.
SPICA325 coach: [110, 0] no player type for opponent 8. restart analysis.
SPICA325 coach: [110, 0] no player type for opponent 10. restart analysis.
SPICA325 coach: [110, 0] no player type for opponent 9. restart analysis.
SPICA325 coach: [111, 0] no player type for opponent 8. restart analysis.
SPICA325 coach: [111, 0] no player type for opponent 5. restart analysis.
CYRUS_VANILLA coach: [111, 0] no player type for opponent 5. restart analysis.
CYRUS_VANILLA coach: [111, 0] no player type for opponent 10. restart analysis.
CYRUS_VANILLA coach: [112, 0] no player type for opponent 10. restart analysis.
SPICA325 coach: [113, 0] no player type for opponent 8. restart analysis.
CYRUS_VANILLA coach: [113, 0] no player type for opponent 10. restart analysis.
SPICA325 coach: [114, 0] no player type for opponent 8. restart analysis.
SPICA325 coach: [114, 0] no player type for opponent 10. restart analysis.
SPICA325 coach: [114, 0] no player type for opponent 11. restart analysis.
SPICA325 coach: [115, 0] no player type for opponent 6. restart analysis.
SPICA325 coach: [115, 0] no player type for opponent 11. restart analysis.
SPICA325 coach: [116, 0] no player type for opponent 8. restart analysis.
CYRUS_VANILLA coach: [116, 0] no player type for opponent 10. restart analysis.
SPICA325 coach: [117, 0] no player type for opponent 10. restart analysis.
SPICA325 coach: [117, 0] no player type for opponent 8. restart analysis.
SPICA325 coach: [118, 0] no player type for opponent 9. restart analysis.
SPICA325 coach: [118, 0] no player type for opponent 8. restart analysis.
CYRUS_VANILLA coach: [119, 0] determined opponent 5 type = 8
SPICA325 coach: [119, 0] no player type for opponent 10. restart analysis.
SPICA325 coach: [119, 0] no player type for opponent 9. restart analysis.
SPICA325 coach: [120, 0] no player type for opponent 10. restart analysis.
SPICA325 coach: [121, 0] no player type for opponent 6. restart analysis.
SPICA325 coach: [121, 0] no player type for opponent 10. restart analysis.
SPICA325 coach: [122, 0] no player type for opponent 4. restart analysis.
SPICA325 coach: [122, 0] determined opponent 2 type = 6
SPICA325 coach: [122, 0] no player type for opponent 11. restart analysis.
SPICA325 coach: [123, 0] no player type for opponent 11. restart analysis.
SPICA325 coach: [124, 0] no player type for opponent 10. restart analysis.
SPICA325 coach: [124, 0] no player type for opponent 5. restart analysis.
SPICA325 coach: [126, 0] no player type for opponent 5. restart analysis.
SPICA325 coach: [127, 0] no player type for opponent 10. restart analysis.
SPICA325 coach: [127, 0] no player type for opponent 5. restart analysis.
CYRUS_VANILLA coach: [127, 0] no player type for opponent 3. restart analysis.
CYRUS_VANILLA coach: [129, 0] no player type for opponent 10. restart analysis.
CYRUS_VANILLA coach: [129, 0] no player type for opponent 8. restart analysis.
SPICA325 coach: [129, 0] no player type for opponent 8. restart analysis.
SPICA325 coach: [129, 0] determined opponent 6 type = 10
SPICA325 coach: [129, 0] no player type for opponent 11. restart analysis.
SPICA325 coach: [129, 0] no player type for opponent 5. restart analysis.
SPICA325 coach: [130, 0] no player type for opponent 8. restart analysis.
SPICA325 coach: [130, 0] no player type for opponent 11. restart analysis.
SPICA325 coach: [130, 0] no player type for opponent 3. restart analysis.
SPICA325 coach: [131, 0] no player type for opponent 8. restart analysis.
SPICA325 coach: [132, 0] no player type for opponent 4. restart analysis.
SPICA325 coach: [132, 0] no player type for opponent 7. restart analysis.
SPICA325 coach: [133, 0] no player type for opponent 4. restart analysis.
CYRUS_VANILLA coach: [134, 0] no player type for opponent 10. restart analysis.
SPICA325 coach: [135, 0] determined opponent 5 type = 8
SPICA325 coach: [137, 0] no player type for opponent 4. restart analysis.
SPICA325 coach: [138, 0] no player type for opponent 8. restart analysis.
SPICA325 coach: [140, 0] no player type for opponent 11. restart analysis.
CYRUS_VANILLA coach: [140, 0] no player type for opponent 3. restart analysis.
SPICA325 coach: [141, 0] no player type for opponent 11. restart analysis.
CYRUS_VANILLA coach: [141, 0] no player type for opponent 10. restart analysis.
CYRUS_VANILLA coach: [142, 0] no player type for opponent 3. restart analysis.
SPICA325 coach: [142, 0] determined opponent 7 type = 1
CYRUS_VANILLA coach: [145, 0] no player type for opponent 8. restart analysis.
CYRUS_VANILLA coach: [147, 0] no player type for opponent 8. restart analysis.
SPICA325 coach: [148, 0] no player type for opponent 10. restart analysis.
SPICA325 coach: [148, 0] no player type for opponent 11. restart analysis.
CYRUS_VANILLA coach: [148, 0] no player type for opponent 8. restart analysis.
CYRUS_VANILLA coach: [149, 0] no player type for opponent 8. restart analysis.
CYRUS_VANILLA coach: [150, 0] no player type for opponent 8. restart analysis.
CYRUS_VANILLA coach: [152, 0] determined opponent 8 type = 13
SPICA325 coach: [153, 0] no player type for opponent 10. restart analysis.
CYRUS_VANILLA coach: [153, 0] no player type for opponent 3. restart analysis.
SPICA325 coach: [154, 0] no player type for opponent 11. restart analysis.
SPICA325 coach: [156, 0] no player type for opponent 11. restart analysis.
CYRUS_VANILLA coach: [157, 0] determined opponent 2 type = 6
CYRUS_VANILLA coach: [157, 0] no player type for opponent 10. restart analysis.
SPICA325 coach: [159, 0] determined opponent 11 type = 3
SPICA325 coach: [159, 0] determined opponent 8 type = 13
CYRUS_VANILLA coach: [160, 0] no player type for opponent 1. restart analysis.
CYRUS_VANILLA coach: [163, 0] no player type for opponent 1. restart analysis.
CYRUS_VANILLA coach: [164, 0] determined opponent 10 type = 7
SPICA325 coach: [170, 0] no player type for opponent 9. restart analysis.
SPICA325 coach: [172, 0] no player type for opponent 10. restart analysis.
SPICA325 coach: [173, 0] no player type for opponent 10. restart analysis.
SPICA325 7: [175, 0] lost kick? at [175, 0] sense=8 internal=9
CYRUS_VANILLA coach: [185, 0] determined opponent 3 type = 9
SPICA325 coach: [189, 0] no player type for opponent 9. restart analysis.
SPICA325 coach: [192, 0] no player type for opponent 10. restart analysis.
SPICA325 coach: [193, 0] no player type for opponent 3. restart analysis.
SPICA325 coach: [194, 0] no player type for opponent 9. restart analysis.
SPICA325 coach: [197, 0] no player type for opponent 3. restart analysis.
SPICA325 coach: [198, 0] no player type for opponent 9. restart analysis.
SPICA325 coach: [198, 0] no player type for opponent 10. restart analysis.
SPICA325 coach: [199, 0] no player type for opponent 10. restart analysis.
SPICA325 coach: [201, 0] no player type for opponent 9. restart analysis.
SPICA325 coach: [201, 0] no player type for opponent 4. restart analysis.
SPICA325 coach: [208, 0] no player type for opponent 3. restart analysis.
SPICA325 coach: [210, 0] no player type for opponent 3. restart analysis.
CYRUS_VANILLA coach: [211, 0] determined opponent 4 type = 5
SPICA325 coach: [211, 0] determined opponent 9 type = 2
SPICA325 coach: [211, 0] determined opponent 4 type = 5
SPICA325 coach: [211, 0] determined opponent 1 type = 0
SPICA325 coach: [212, 0] no player type for opponent 3. restart analysis.
SPICA325 coach: [221, 0] no player type for opponent 10. restart analysis.
SPICA325 coach: [225, 0] no player type for opponent 10. restart analysis.
SPICA325 coach: [227, 0] no player type for opponent 10. restart analysis.
SPICA325 coach: [230, 0] no player type for opponent 10. restart analysis.
CYRUS_VANILLA 2: [231, 0] lost kick? at [231, 0] sense=0 internal=1
SPICA325 coach: [232, 0] no player type for opponent 10. restart analysis.
SPICA325 coach: [233, 0] no player type for opponent 10. restart analysis.
SPICA325 coach: [234, 0] no player type for opponent 10. restart analysis.
SPICA325 coach: [236, 0] no player type for opponent 10. restart analysis.
SPICA325 coach: [240, 0] no player type for opponent 3. restart analysis.
SPICA325 coach: [242, 0] no player type for opponent 3. restart analysis.
SPICA325 coach: [244, 0] no player type for opponent 3. restart analysis.
SPICA325 coach: [246, 0] no player type for opponent 3. restart analysis.
SPICA325 coach: [248, 0] no player type for opponent 10. restart analysis.
SPICA325 coach: [249, 0] no player type for opponent 10. restart analysis.
SPICA325 coach: [255, 0] no player type for opponent 10. restart analysis.
SPICA325 coach: [256, 0] no player type for opponent 3. restart analysis.
CYRUS_VANILLA coach: [258, 0] no player type for opponent 1. restart analysis.
SPICA325 coach: [261, 0] no player type for opponent 3. restart analysis.
SPICA325 coach: [263, 0] no player type for opponent 10. restart analysis.
SPICA325 coach: [265, 0] no player type for opponent 3. restart analysis.
SPICA325 coach: [267, 0] no player type for opponent 10. restart analysis.
SPICA325 coach: [268, 0] no player type for opponent 10. restart analysis.
SPICA325 coach: [268, 0] no player type for opponent 3. restart analysis.
SPICA325 coach: [272, 0] no player type for opponent 10. restart analysis.
SPICA325 coach: [274, 0] no player type for opponent 10. restart analysis.
SPICA325 coach: [277, 0] no player type for opponent 3. restart analysis.
SPICA325 coach: [279, 0] no player type for opponent 3. restart analysis.
SPICA325 coach: [280, 0] no player type for opponent 3. restart analysis.
SPICA325 coach: [283, 0] no player type for opponent 10. restart analysis.
SPICA325 coach: [283, 0] no player type for opponent 3. restart analysis.
SPICA325 coach: [286, 0] no player type for opponent 3. restart analysis.
SPICA325 coach: [289, 0] no player type for opponent 10. restart analysis.
SPICA325 coach: [291, 0] no player type for opponent 10. restart analysis.
SPICA325 coach: [293, 0] no player type for opponent 3. restart analysis.
SPICA325 coach: [299, 0] determined opponent 3 type = 9
SPICA325 coach: [301, 0] updated clang capacity.
CYRUS_VANILLA coach: [301, 0] updated clang capacity.
SPICA325 coach: [322, 0] no player type for opponent 10. restart analysis.
SPICA325 coach: [324, 0] no player type for opponent 10. restart analysis.
SPICA325 coach: [330, 0] no player type for opponent 10. restart analysis.
CYRUS_VANILLA coach: [337, 0] no player type for opponent 1. restart analysis.
CYRUS_VANILLA coach: [341, 0] no player type for opponent 1. restart analysis.
layerSize: 3
SPICA325 coach: [342, 0] no player type for opponent 10. restart analysis.
CYRUS_VANILLA coach: [345, 0] determined opponent 1 type = 0
SPICA325 coach: [353, 0] no player type for opponent 10. restart analysis.
SPICA325 coach: [359, 0] no player type for opponent 10. restart analysis.
SPICA325 coach: [361, 0] no player type for opponent 10. restart analysis.
SPICA325 coach: [363, 0] no player type for opponent 10. restart analysis.
SPICA325 coach: [370, 0] no player type for opponent 10. restart analysis.
CYRUS_VANILLA 11: [393, 0] lost kick by foul at [393, 0] sense=18 internal=19
SPICA325 coach: [424, 0] no player type for opponent 10. restart analysis.
SPICA325 coach: [463, 0] no player type for opponent 10. restart analysis.
SPICA325 coach: [471, 0] no player type for opponent 10. restart analysis.
SPICA325 coach: [472, 0] no player type for opponent 10. restart analysis.
SPICA325 coach: [499, 0] no player type for opponent 10. restart analysis.
SPICA325 coach: [502, 0] no player type for opponent 10. restart analysis.
SPICA325 coach: [505, 0] no player type for opponent 10. restart analysis.
SPICA325 coach: [515, 0] no player type for opponent 10. restart analysis.
SPICA325 coach: [543, 0] no player type for opponent 10. restart analysis.
SPICA325 coach: [546, 0] no player type for opponent 10. restart analysis.
SPICA325 coach: [547, 0] no player type for opponent 10. restart analysis.
SPICA325 coach: [548, 0] no player type for opponent 10. restart analysis.
SPICA325 coach: [551, 0] no player type for opponent 10. restart analysis.
SPICA325 coach: [581, 0] no player type for opponent 10. restart analysis.
SPICA325 coach: [592, 0] no player type for opponent 10. restart analysis.
SPICA325 coach: [593, 0] no player type for opponent 10. restart analysis.
SPICA325 coach: [594, 0] no player type for opponent 10. restart analysis.
CYRUS_VANILLA coach: [601, 0] updated clang capacity.
SPICA325 coach: [601, 0] updated clang capacity.
SPICA325 coach: [625, 0] no player type for opponent 10. restart analysis.
CYRUS_VANILLA 9: [634, 0]  WARNING. no turn_neck.
CYRUS_VANILLA coach: [691, 0] sent freeform (player_types (1 0)(2 6)(3 9)(4 5)(5 8)(6 10)(7 1)(8 13)(9 2)(10 7)(11 3))
SPICA325 coach: [691, 0] sent freeform (player_types (1 0)(2 6)(3 9)(4 5)(5 8)(6 10)(7 1)(8 13)(9 2)(10 -1)(11 3))
CYRUS_VANILLA coach: [691, SPICA3250 coach: ][ freeform 6911,  / 0128]
 freeform 1 / 128
10 [705, 0] no ball position cache.
10 [705, 0] no ball position cache.
10 [705, 0] Interecet Self cache is empty!
SPICA325 coach: [726, 0] determined opponent 10 type = 7
SPICA325 10: [780, 0] lost kick? at [780, 0] sense=3 internal=4
CYRUS_VANILLA 11: [834, 0] lost kick by foul at [834, 0] sense=46 internal=47
SPICA325 coach: [834, 1] sent freeform (player_types (1 0)(2 6)(3 9)(4 5)(5 8)(6 10)(7 1)(8 13)(9 2)(10 7)(11 3))
SPICA325 coach: [834, 1] freeform 2 / 128
CYRUS_VANILLA coach: [901, 0] updated clang capacity.
SPICA325 coach: [901, 0] updated clang capacity.
CYRUS_VANILLA 11: [987, 0] lost kick? at [987, 0] sense=49 internal=50
layerSize: 3
CYRUS_VANILLA coach: [1201, 0] updated clang capacity.
SPICA325 coach: [1201, 0] updated clang capacity.
CYRUS_VANILLA 11: [1265, 0] lost kick by foul at [1265, 0] sense=49 internal=50
CYRUS_VANILLA 7: [1308, 0] lost kick? at [1308, 0] sense=28 internal=29
CYRUS_VANILLA 11: [1340, 0] lost kick by foul at [1340, 0] sense=56 internal=57
SPICA325 9: [1500, 0] lost kick by foul at [1500, 0] sense=46 internal=47
CYRUS_VANILLA coach: [1501, 0] updated clang capacity.
SPICA325 coach: [1501, 0] updated clang capacity.
CYRUS_VANILLA coach: [1801, 0] updated clang capacity.
SPICA325 coach: [1801, 0] updated clang capacity.
CYRUS_VANILLA 10: [1858, 0]  WARNING. no turn_neck.
CYRUS_VANILLA coach: [2101, 0] updated clang capacity.
SPICA325 coach: [2101, 0] updated clang capacity.
SPICA325 coach: [2401, 0] updated clang capacity.
CYRUS_VANILLA coach: [2401, 0] updated clang capacity.
CYRUS_VANILLA 11: [2468, 0]  WARNING. no turn_neck.
SPICA325 3: [2643, 0] lost kick? at [2643, 0] sense=17 internal=18
CYRUS_VANILLA coach: [2701, 0] updated clang capacity.
SPICA325 coach: [2701, 0] updated clang capacity.
SPICA325 9: [2888, 0]  WARNING. no turn_neck.
SPICA325 9: [2923, 0] lost kick by foul at [2923, 0] sense=70 internal=71
Waiting to kick off
Kick_off_right
CYRUS_VANILLA coach: [3001, 0] updated clang capacity.
SPICA325 coach: [3001, 0] updated clang capacity.
CYRUS_VANILLA coach: [3301, 0] updated clang capacity.
SPICA325 coach: [3301, 0] updated clang capacity.
SPICA325 10: [3326, 0] lost kick by foul at [3326, 0] sense=17 internal=18
SPICA325 coach: [3601, 0] updated clang capacity.
CYRUS_VANILLA coach: [3601, 0] updated clang capacity.
CYRUS_VANILLA 11: [3804, 0] lost kick by foul at [3804, 0] sense=89 internal=90
SPICA325 coach: [3901, 0] updated clang capacity.
CYRUS_VANILLA coach: [3901, 0] updated clang capacity.
SPICA325 coach: [4201, 0] updated clang capacity.CYRUS_VANILLA
 coach: [4201, 0] updated clang capacity.
CYRUS_VANILLA 3: [4484, 0]  WARNING. no turn_neck.
SPICA325 coach: [4501, 0] updated clang capacity.
CYRUS_VANILLA coach: [4501, 0] updated clang capacity.
CYRUS_VANILLA 11: [4712, 0] lost kick by foul at [4712, 0] sense=111 internal=112
SPICA325 coach: [4801, 0] updated clang capacity.
CYRUS_VANILLA coach: [4801, 0] updated clang capacity.
CYRUS_VANILLA 11: [5057, 0] lost kick by foul at [5057, 0] sense=136 internal=137
CYRUS_VANILLA coach: [5101, 0] updated clang capacity.
SPICA325 coach: [5101, 0] updated clang capacity.
SPICA325 2: [5115, 0] lost kick? at [5115, 0] sense=11 internal=12
SPICA325 coach: [5401, 0] updated clang capacity.
CYRUS_VANILLA coach: [5401, 0] updated clang capacity.
CYRUS_VANILLA 4: [5595, 0] lost kick by foul at [5595, 0] sense=28 internal=29
SPICA325 coach: change player 4 to type 15
CYRUS_VANILLA coach: [5701, 0] updated clang capacity.
SPICA325 coach: [5701, 0] updated clang capacity.
CYRUS_VANILLA coach: [5703, 0] no player type for opponent 4. restart analysis.
CYRUS_VANILLA coach: [5706, 0] no player type for opponent 4. restart analysis.
CYRUS_VANILLA coach: [5711, 0] no player type for opponent 4. restart analysis.
CYRUS_VANILLA 2: [5718, 0]  WARNING. no turn_neck.
CYRUS_VANILLA 2: [5719, 0]  WARNING. no turn_neck.
CYRUS_VANILLA coach: [5742, 0] no player type for opponent 4. restart analysis.
CYRUS_VANILLA coach: [5743, 0] no player type for opponent 4. restart analysis.
CYRUS_VANILLA coach: [5750, 0] no player type for opponent 4. restart analysis.
CYRUS_VANILLA coach: [5751, 0] no player type for opponent 4. restart analysis.
CYRUS_VANILLA coach: [5752, 0] no player type for opponent 4. restart analysis.
CYRUS_VANILLA coach: [5760, 0] no player type for opponent 4. restart analysis.
CYRUS_VANILLA coach: [5761, 0] no player type for opponent 4. restart analysis.
CYRUS_VANILLA coach: [5762, 0] no player type for opponent 4. restart analysis.
CYRUS_VANILLA coach: [5775, 0] no player type for opponent 4. restart analysis.
CYRUS_VANILLA coach: [5776, 0] no player type for opponent 4. restart analysis.
CYRUS_VANILLA coach: [5777, 0] no player type for opponent 4. restart analysis.
CYRUS_VANILLA coach: [5778, 0] no player type for opponent 4. restart analysis.
CYRUS_VANILLA coach: [5780, 0] no player type for opponent 4. restart analysis.
9 [5780, 0] no ball position cache.
9 [5780, 0] no ball position cache.
9 [5780, 0] Interecet Self cache is empty!
CYRUS_VANILLA coach: [5781, 0] no player type for opponent 4. restart analysis.
CYRUS_VANILLA coach: [5785, 0] no player type for opponent 4. restart analysis.
CYRUS_VANILLA coach: [5786, 0] no player type for opponent 4. restart analysis.
CYRUS_VANILLA coach: [5809, 0] no player type for opponent 4. restart analysis.
CYRUS_VANILLA coach: [5816, 0] no player type for opponent 4. restart analysis.
CYRUS_VANILLA coach: [5821, 0] no player type for opponent 4. restart analysis.
CYRUS_VANILLA coach: [5823, 0] no player type for opponent 4. restart analysis.
CYRUS_VANILLA coach: [5928, 0] no player type for opponent 4. restart analysis.
CYRUS_VANILLA coach: [5955, 0] no player type for opponent 4. restart analysis.
CYRUS_VANILLA coach: [5956, 0] no player type for opponent 4. restart analysis.
CYRUS_VANILLA coach: [5959, 0] no player type for opponent 4. restart analysis.
CYRUS_VANILLA coach: [5973, 0] no player type for opponent 4. restart analysis.
CYRUS_VANILLA coach: [5982, 0] no player type for opponent 4. restart analysis.
7 [5996, 0] no ball position cache.
7 [5996, 0] no ball position cache.
7 [5996, 0] Interecet Self cache is empty!
CYRUS_VANILLA coach: [5997, 0] no player type for opponent 4. restart analysis.
CYRUS_VANILLA 4: finished.
CYRUS_VANILLA 2: finished.
SPICA325 5: finished.
CYRUS_VANILLA 3: finished.
SPICA325 10: finished.
CYRUS_VANILLA 5: finished.
CYRUS_VANILLA 1: finished.
SPICA325 1: finished.
SPICA325 7: finished.
SPICA325 11: finished.
SPICA325 2: finished.
SPICA325 3: finished.
CYRUS_VANILLA coach: [6000, 0] new freeform allowed 256
CYRUS_VANILLA coach: finished.
SPICA325 coach: [6000, 0] new freeform allowed 256
SPICA325 coach: finished.
CYRUS_VANILLA 10: finished.
CYRUS_VANILLA 9: finished.
CYRUS_VANILLA 11: finished.
SPICA325 4: finished.
SPICA325 8: finished.
SPICA325 9: finished.
CYRUS_VANILLA 7: finished.
CYRUS_VANILLA 8: finished.
SPICA325 6: finished.
CYRUS_VANILLA 6: finished.
Waiting after end of match
A player disconnected : (CYRUS_VANILLA 5)
A player disconnected : (CYRUS_VANILLA 3)
A player disconnected : (CYRUS_VANILLA 2)
A player disconnected : (SPICA325 9)
A player disconnected : (CYRUS_VANILLA 4)
A player disconnected : (SPICA325 5)
A player disconnected : (SPICA325 10)
A player disconnected : (CYRUS_VANILLA 6)
A player disconnected : (CYRUS_VANILLA 1)
A player disconnected : (SPICA325 7)
A player disconnected : (SPICA325 1)
A player disconnected : (SPICA325 3)
A player disconnected : (SPICA325 2)
A player disconnected : (SPICA325 11)
A player disconnected : (CYRUS_VANILLA 8)
A player disconnected : (CYRUS_VANILLA 11)
A player disconnected : (SPICA325 4)
A player disconnected : (CYRUS_VANILLA 9)
A player disconnected : (SPICA325 6)
A player disconnected : (CYRUS_VANILLA 7)
A player disconnected : (SPICA325 8)
A player disconnected : (CYRUS_VANILLA 10)
An online coach disconnected : (CYRUS_VANILLA)
An online coach disconnected : (SPICA325)
Killing 6472
Killing 6485

Game Over. Exiting...

Saving Results:
	CSVSaver: saving...
	CSVSaver: ...disabled
	STDOutSaver: saving...

Game Results:
	2026-06-27 08:45:06
	'SPICA325' vs 'CYRUS_VANILLA'
	Score: 0 - 2
 
	STDOutSaver: ...saved

Saving Results Complete
