rcssserver-19.0.0

Copyright (C) 1995, 1996, 1997, 1998, 1999 Electrotechnical Laboratory.
2000 - RoboCup Soccer Simulator Maintenance Group.

Simulator Random Seed: 1782547528
CSVSaver: Ready
STDOutSaver: Ready
Using simulator's random seed as Hetero Player Seed: 1782547528
******************************************************************
 HELIOS base
 Created by Hidehisa Akiyama and Hiroki Shimora
 Copyright 2000-2007.  Hidehisa Akiyama
 Copyright 2007-2011.  Hidehisa Akiyama and Hiroki Shimora
 All rights reserved.
******************************************************************
PING localhost (127.0.0.1) 56(84) bytes of data.
64 bytes from localhost (127.0.0.1): icmp_seq=1 ttl=64 time=0.039 ms

--- localhost ping statistics ---
1 packets transmitted, 1 received, 0% packet loss, time 0ms
rtt min/avg/max/mdev = 0.039/0.039/0.039/0.000 ms
******************************************************************
 librcsc 
 Copyright 2000 - 2007. Hidehisa Akiyama.
 Copyright 2007 - 2011. Hidehisa Akiyama and Hiroki Shimora
 Copyright 2011 -  Hidehisa Akiyama, Hiroki Shimora
   Takuya Fukushima (2019-)
 All rights reserved.
******************************************************************
*****************************************************************
 This program is based on agent2d created by Hidehisa Akiyama.
 Copyright 2006 - 2011. Hidehisa Akiyama and Hiroki Shimora.
 All rights reserved.
*****************************************************************
SPICA325: init ok.  unum: 1 side: l
SPICA325 1: [-1, 0] (v18+) force synch see mode.
wind factor: rand: 0.000000, vector: (0.000000, 0.000000)

Hit CTRL-C to exit
Starting "/bin/sh -c scripts/team_launchers/spica325_left.sh"
Waiting for players to connect
A new (v18) player (SPICA325 1) connected.
******************************************************************
 HELIOS base
 Created by Hidehisa Akiyama and Hiroki Shimora
 Copyright 2000-2007.  Hidehisa Akiyama
 Copyright 2007-2011.  Hidehisa Akiyama and Hiroki Shimora
 All rights reserved.
******************************************************************
PING localhost (127.0.0.1) 56(84) bytes of data.
64 bytes from localhost (127.0.0.1): icmp_seq=1 ttl=64 time=0.029 ms

--- localhost ping statistics ---
1 packets transmitted, 1 received, 0% packet loss, time 0ms
rtt min/avg/max/mdev = 0.029/0.029/0.029/0.000 ms
******************************************************************
 librcsc 
 Copyright 2000 - 2007. Hidehisa Akiyama.
 Copyright 2007 - 2011. Hidehisa Akiyama and Hiroki Shimora
 Copyright 2011 -  Hidehisa Akiyama, Hiroki Shimora
   Takuya Fukushima (2019-)
 All rights reserved.
******************************************************************
SPICA325 1:  KickTable created.
SPICA325 1: [-1, 0] set synch see mode.
*****************************************************************
 This program is based on agent2d created by Hidehisa Akiyama.
 Copyright 2006 - 2011. Hidehisa Akiyama and Hiroki Shimora.
 All rights reserved.
*****************************************************************
CYRUS_VANILLA: init ok.  unum: 1 side: r
CYRUS_VANILLA 1: [-1, 0] (v18+) force synch see mode.
Starting "/bin/sh -c scripts/team_launchers/cyrus_vanilla_right.sh"
A new (v18) player (CYRUS_VANILLA 1) connected.
CYRUS_VANILLA 1:  KickTable created.
CYRUS_VANILLA 1: [-1, 0] set synch see mode.
Read Setting: ./data/settings/Other.json
Read Setting: ./data/settings/Other.json
******************************************************************
 librcsc 
 Copyright 2000 - 2007. Hidehisa Akiyama.
 Copyright 2007 - 2011. Hidehisa Akiyama and Hiroki Shimora
 Copyright 2011 -  Hidehisa Akiyama, Hiroki Shimora
   Takuya Fukushima (2019-)
 All rights reserved.
******************************************************************
******************************************************************
 librcsc 
 Copyright 2000 - 2007. Hidehisa Akiyama.
 Copyright 2007 - 2011. Hidehisa Akiyama and Hiroki Shimora
 Copyright 2011 -  Hidehisa Akiyama, Hiroki Shimora
   Takuya Fukushima (2019-)
 All rights reserved.
******************************************************************
******************************************************************
 librcsc 
 Copyright 2000 - 2007. Hidehisa Akiyama.
 Copyright 2007 - 2011. Hidehisa Akiyama and Hiroki Shimora
 Copyright 2011 -  Hidehisa Akiyama, Hiroki Shimora
   Takuya Fukushima (2019-)
 All rights reserved.
******************************************************************
******************************************************************
 librcsc 
 Copyright 2000 - 2007. Hidehisa Akiyama.
 Copyright 2007 - 2011. Hidehisa Akiyama and Hiroki Shimora
 Copyright 2011 -  Hidehisa Akiyama, Hiroki Shimora
   Takuya Fukushima (2019-)
 All rights reserved.
******************************************************************
******************************************************************
 librcsc 
 Copyright 2000 - 2007. Hidehisa Akiyama.
 Copyright 2007 - 2011. Hidehisa Akiyama and Hiroki Shimora
 Copyright 2011 -  Hidehisa Akiyama, Hiroki Shimora
   Takuya Fukushima (2019-)
 All rights reserved.
******************************************************************
******************************************************************
 librcsc 
 Copyright 2000 - 2007. Hidehisa Akiyama.
 Copyright 2007 - 2011. Hidehisa Akiyama and Hiroki Shimora
 Copyright 2011 -  Hidehisa Akiyama, Hiroki Shimora
   Takuya Fukushima (2019-)
 All rights reserved.
******************************************************************
******************************************************************
 librcsc 
 Copyright 2000 - 2007. Hidehisa Akiyama.
 Copyright 2007 - 2011. Hidehisa Akiyama and Hiroki Shimora
 Copyright 2011 -  Hidehisa Akiyama, Hiroki Shimora
   Takuya Fukushima (2019-)
 All rights reserved.
******************************************************************
******************************************************************
 librcsc 
 Copyright 2000 - 2007. Hidehisa Akiyama.
 Copyright 2007 - 2011. Hidehisa Akiyama and Hiroki Shimora
 Copyright 2011 -  Hidehisa Akiyama, Hiroki Shimora
   Takuya Fukushima (2019-)
 All rights reserved.
******************************************************************
******************************************************************
 librcsc 
 Copyright 2000 - 2007. Hidehisa Akiyama.
 Copyright 2007 - 2011. Hidehisa Akiyama and Hiroki Shimora
 Copyright 2011 -  Hidehisa Akiyama, Hiroki Shimora
   Takuya Fukushima (2019-)
 All rights reserved.
******************************************************************
******************************************************************
 librcsc 
 Copyright 2000 - 2007. Hidehisa Akiyama.
 Copyright 2007 - 2011. Hidehisa Akiyama and Hiroki Shimora
 Copyright 2011 -  Hidehisa Akiyama, Hiroki Shimora
   Takuya Fukushima (2019-)
 All rights reserved.
******************************************************************
*****************************************************************
 This program is based on agent2d created by Hidehisa Akiyama.
 Copyright 2006 - 2011. Hidehisa Akiyama and Hiroki Shimora.
 All rights reserved.
*****************************************************************
A new (v18) player (SPICA325 2) connected.
******************************************************************
 librcsc 
 Copyright 2000 - 2007. Hidehisa Akiyama.
 Copyright 2007 - 2011. Hidehisa Akiyama and Hiroki Shimora
 Copyright 2011 -  Hidehisa Akiyama, Hiroki Shimora
   Takuya Fukushima (2019-)
 All rights reserved.
******************************************************************
*****************************************************************
 This program is based on agent2d created by Hidehisa Akiyama.
 Copyright 2006 - 2011. Hidehisa Akiyama and Hiroki Shimora.
 All rights reserved.
*****************************************************************
SPICA325: init ok.  unum: 2 side: l
SPICA325 2: [-1, 0] (v18+) force synch see mode.
*****************************************************************
 This program is based on agent2d created by Hidehisa Akiyama.
 Copyright 2006 - 2011. Hidehisa Akiyama and Hiroki Shimora.
 All rights reserved.
*****************************************************************
*****************************************************************
 This program is based on agent2d created by Hidehisa Akiyama.
 Copyright 2006 - 2011. Hidehisa Akiyama and Hiroki Shimora.
 All rights reserved.
*****************************************************************
******************************************************************
 librcsc 
 Copyright 2000 - 2007. Hidehisa Akiyama.
 Copyright 2007 - 2011. Hidehisa Akiyama and Hiroki Shimora
 Copyright 2011 -  Hidehisa Akiyama, Hiroki Shimora
   Takuya Fukushima (2019-)
 All rights reserved.
******************************************************************
******************************************************************
 librcsc 
 Copyright 2000 - 2007. Hidehisa Akiyama.
 Copyright 2007 - 2011. Hidehisa Akiyama and Hiroki Shimora
 Copyright 2011 -  Hidehisa Akiyama, Hiroki Shimora
   Takuya Fukushima (2019-)
 All rights reserved.
******************************************************************
*****************************************************************
 This program is based on agent2d created by Hidehisa Akiyama.
 Copyright 2006 - 2011. Hidehisa Akiyama and Hiroki Shimora.
 All rights reserved.
*****************************************************************
SPICA325: init ok.  unum: 3 side: l
SPICA325 3: [-1, 0] (v18+) force synch see mode.
A new (v18) player (SPICA325 3) connected.
A new (v18) player (SPICA325 4) connected.
A new (v18) player (SPICA325 5) connected.
A new (v18) online coach (SPICA325) connected.
SPICA325SPICA325: init ok.  unum: : init ok.  unum: 45 side:  side: ll

SPICA325 5: [-1, 0] (v18+) force synch see mode.
SPICA325 4: [-1, 0] (v18+) force synch see mode.
*****************************************************************
 This program is based on agent2d created by Hidehisa Akiyama.
 Copyright 2006 - 2011. Hidehisa Akiyama and Hiroki Shimora.
 All rights reserved.
*****************************************************************
A new (v18) player (SPICA325 6) connected.
SPICA325 coach: [0, 0] recv (ok eye on)
SPICA325: init ok.  unum: 6 side: l
SPICA325 6: [-1, 0] (v18+) force synch see mode.
*****************************************************************
 This program is based on agent2d created by Hidehisa Akiyama.
 Copyright 2006 - 2011. Hidehisa Akiyama and Hiroki Shimora.
 All rights reserved.
*****************************************************************
******************************************************************
 librcsc 
 Copyright 2000 - 2007. Hidehisa Akiyama.
 Copyright 2007 - 2011. Hidehisa Akiyama and Hiroki Shimora
 Copyright 2011 -  Hidehisa Akiyama, Hiroki Shimora
   Takuya Fukushima (2019-)
 All rights reserved.
******************************************************************
A new (v18) player (SPICA325 7) connected.
SPICA325: init ok.  unum: 7 side: l
SPICA325 7: [-1, 0] (v18+) force synch see mode.
******************************************************************
 librcsc 
 Copyright 2000 - 2007. Hidehisa Akiyama.
 Copyright 2007 - 2011. Hidehisa Akiyama and Hiroki Shimora
 Copyright 2011 -  Hidehisa Akiyama, Hiroki Shimora
   Takuya Fukushima (2019-)
 All rights reserved.
******************************************************************
*****************************************************************
 This program is based on agent2d created by Hidehisa Akiyama.
 Copyright 2006 - 2011. Hidehisa Akiyama and Hiroki Shimora.
 All rights reserved.
*****************************************************************
SPICA325 2SPICA325: init ok.  unum: 8 side: l
SPICA325 8: [-1, 0] (v18+) force synch see mode.
A new (v18) player (SPICA325 8) connected.
:  KickTable created.
SPICA325 2: [-1, 0] set synch see mode.
*****************************************************************
 This program is based on agent2d created by Hidehisa Akiyama.
 Copyright 2006 - 2011. Hidehisa Akiyama and Hiroki Shimora.
 All rights reserved.
*****************************************************************
******************************************************************
 librcsc 
 Copyright 2000 - 2007. Hidehisa Akiyama.
 Copyright 2007 - 2011. Hidehisa Akiyama and Hiroki Shimora
 Copyright 2011 -  Hidehisa Akiyama, Hiroki Shimora
   Takuya Fukushima (2019-)
 All rights reserved.
******************************************************************
******************************************************************
 librcsc 
 Copyright 2000 - 2007. Hidehisa Akiyama.
 Copyright 2007 - 2011. Hidehisa Akiyama and Hiroki Shimora
 Copyright 2011 -  Hidehisa Akiyama, Hiroki Shimora
   Takuya Fukushima (2019-)
 All rights reserved.
******************************************************************
*****************************************************************
 This program is based on agent2d created by Hidehisa Akiyama.
 Copyright 2006 - 2011. Hidehisa Akiyama and Hiroki Shimora.
 All rights reserved.
*****************************************************************
*****************************************************************
 This program is based on agent2d created by Hidehisa Akiyama.
 Copyright 2006 - 2011. Hidehisa Akiyama and Hiroki Shimora.
 All rights reserved.
*****************************************************************
Read Setting: ./data/settings/Other.json
SPICA325: init ok.  unum: 9 side: l
SPICA325 9: [-1, 0] (v18+) force synch see mode.
A new (v18) player (SPICA325 9) connected.
A new (v18) player (SPICA325 10) connected.
A new (v18) player (SPICA325 11) connected.
SPICA325: init ok.  unum: 11 side: l
SPICA325 11: [-1, 0] (v18+) force synch see mode.
SPICA325: init ok.  unum: 10 side: l
SPICA325 10: [-1, 0] (v18+) force synch see mode.
******************************************************************
 librcsc 
 Copyright 2000 - 2007. Hidehisa Akiyama.
 Copyright 2007 - 2011. Hidehisa Akiyama and Hiroki Shimora
 Copyright 2011 -  Hidehisa Akiyama, Hiroki Shimora
   Takuya Fukushima (2019-)
 All rights reserved.
******************************************************************
SPICA325 3:  KickTable created.
SPICA325 3: [-1, 0] set synch see mode.
SPICA325 4:  KickTable created.
SPICA325 4: [-1, 0] set synch see mode.
SPICA325 7:  KickTable created.
SPICA325 6:  KickTable created.
******************************************************************
 librcsc 
 Copyright 2000 - 2007. Hidehisa Akiyama.
 Copyright 2007 - 2011. Hidehisa Akiyama and Hiroki Shimora
 Copyright 2011 -  Hidehisa Akiyama, Hiroki Shimora
   Takuya Fukushima (2019-)
 All rights reserved.
******************************************************************
******************************************************************
 librcsc 
 Copyright 2000 - 2007. Hidehisa Akiyama.
 Copyright 2007 - 2011. Hidehisa Akiyama and Hiroki Shimora
 Copyright 2011 -  Hidehisa Akiyama, Hiroki Shimora
   Takuya Fukushima (2019-)
 All rights reserved.
******************************************************************
*****************************************************************
 This program is based on agent2d created by Hidehisa Akiyama.
 Copyright 2006 - 2011. Hidehisa Akiyama and Hiroki Shimora.
 All rights reserved.
*****************************************************************
SPICA325 5:  KickTable created.
SPICA325 5: [-1, 0] set synch see mode.
******************************************************************
 librcsc 
 Copyright 2000 - 2007. Hidehisa Akiyama.
 Copyright 2007 - 2011. Hidehisa Akiyama and Hiroki Shimora
 Copyright 2011 -  Hidehisa Akiyama, Hiroki Shimora
   Takuya Fukushima (2019-)
 All rights reserved.
******************************************************************
*****************************************************************
 This program is based on agent2d created by Hidehisa Akiyama.
 Copyright 2006 - 2011. Hidehisa Akiyama and Hiroki Shimora.
 All rights reserved.
*****************************************************************
******************************************************************
 librcsc 
 Copyright 2000 - 2007. Hidehisa Akiyama.
 Copyright 2007 - 2011. Hidehisa Akiyama and Hiroki Shimora
 Copyright 2011 -  Hidehisa Akiyama, Hiroki Shimora
   Takuya Fukushima (2019-)
 All rights reserved.
******************************************************************
SPICA325 7: [-1, 0] set synch see mode.
A new (v18) player (CYRUS_VANILLA 2) connected.
A new (v18) online coach (CYRUS_VANILLA) connected.
SPICA325 6: [-1, 0] set synch see mode.
CYRUS_VANILLA: init ok.  unum: 2 side: r
CYRUS_VANILLA 2: [-1, 0] (v18+) force synch see mode.
CYRUS_VANILLA coach: [-1, 0] recv (ok eye on)
*****************************************************************
 This program is based on agent2d created by Hidehisa Akiyama.
 Copyright 2006 - 2011. Hidehisa Akiyama and Hiroki Shimora.
 All rights reserved.
*****************************************************************
SPICA325 8:  KickTable created.
SPICA325 8: [-1, 0] set synch see mode.
A new (v18) player (CYRUS_VANILLA 3) connected.
*****************************************************************
 This program is based on agent2d created by Hidehisa Akiyama.
 Copyright 2006 - 2011. Hidehisa Akiyama and Hiroki Shimora.
 All rights reserved.
*****************************************************************
CYRUS_VANILLA: init ok.  unum: 3 side: r
CYRUS_VANILLA 3: [-1, 0] (v18+) force synch see mode.
SPICA325 9:  KickTable created.
SPICA325 9: [-1, 0] set synch see mode.
*****************************************************************
 This program is based on agent2d created by Hidehisa Akiyama.
 Copyright 2006 - 2011. Hidehisa Akiyama and Hiroki Shimora.
 All rights reserved.
*****************************************************************
SPICA325 10:  KickTable created.
SPICA325 10: [-1, 0] set synch see mode.
*****************************************************************
 This program is based on agent2d created by Hidehisa Akiyama.
 Copyright 2006 - 2011. Hidehisa Akiyama and Hiroki Shimora.
 All rights reserved.
*****************************************************************
CYRUS_VANILLA 2:  KickTable created.
SPICA325 11:  KickTable created.
CYRUS_VANILLA 2: [-1, 0] set synch see mode.
SPICA325 11: [-1, 0] set synch see mode.
*****************************************************************
 This program is based on agent2d created by Hidehisa Akiyama.
 Copyright 2006 - 2011. Hidehisa Akiyama and Hiroki Shimora.
 All rights reserved.
*****************************************************************
Read Setting: ./data/settings/Other.json
Read Setting: ./data/settings/Other.json
*****************************************************************
 This program is based on agent2d created by Hidehisa Akiyama.
 Copyright 2006 - 2011. Hidehisa Akiyama and Hiroki Shimora.
 All rights reserved.
*****************************************************************
Read Setting: ./data/settings/Other.json
Read Setting: ./data/settings/Other.json
Read Setting: ./data/settings/Other.json
Read Setting: ./data/settings/Other.json
A new (v18) player (CYRUS_VANILLA 4) connected.
A new (v18) player (CYRUS_VANILLA 5) connected.
CYRUS_VANILLA: init ok.  unum: 6 side: r
CYRUS_VANILLA 6: [-1, 0] (v18+) force synch see mode.
A new (v18) player (CYRUS_VANILLA 6) connected.
CYRUS_VANILLA: init ok.  unum: 7 side: r
CYRUS_VANILLA 7: [-1, 0] (v18+) force synch see mode.
A new (v18) player (CYRUS_VANILLA 7) connected.
A new (v18) player (CYRUS_VANILLA 8) connected.
CYRUS_VANILLA: init ok.  unum: 5 side: r
CYRUS_VANILLA 5: [-1, 0] (v18+) force synch see mode.
CYRUS_VANILLA: init ok.  unum: 8 side: r
CYRUS_VANILLA 8: [-1, 0] (v18+) force synch see mode.
CYRUS_VANILLA: init ok.  unum: 4 side: r
CYRUS_VANILLA 4: [-1, 0] (v18+) force synch see mode.
*****************************************************************
 This program is based on agent2d created by Hidehisa Akiyama.
 Copyright 2006 - 2011. Hidehisa Akiyama and Hiroki Shimora.
 All rights reserved.
*****************************************************************
*****************************************************************
 This program is based on agent2d created by Hidehisa Akiyama.
 Copyright 2006 - 2011. Hidehisa Akiyama and Hiroki Shimora.
 All rights reserved.
*****************************************************************
CYRUS_VANILLA: init ok.  unum: 9 side: r
CYRUS_VANILLA 9: [-1, 0] (v18+) force synch see mode.
A new (v18) player (CYRUS_VANILLA 9) connected.
CYRUS_VANILLA: init ok.  unum: 10 side: r
CYRUS_VANILLA 10: [-1, 0] (v18+) force synch see mode.
A new (v18) player (CYRUS_VANILLA 10) connected.
CYRUS_VANILLA 3:  KickTable created.
CYRUS_VANILLA 3: [-1, 0] set synch see mode.
*****************************************************************
 This program is based on agent2d created by Hidehisa Akiyama.
 Copyright 2006 - 2011. Hidehisa Akiyama and Hiroki Shimora.
 All rights reserved.
*****************************************************************
CYRUS_VANILLA 7:  KickTable created.
CYRUS_VANILLA 7: [-1, 0] set synch see mode.
CYRUS_VANILLA 5:  KickTable created.
CYRUS_VANILLA 4:  KickTable created.
CYRUS_VANILLA 5: [-1, 0] set synch see mode.
CYRUS_VANILLA 4: [-1, 0] set synch see mode.
CYRUS_VANILLA 6:  KickTable created.
CYRUS_VANILLA 6: [-1, 0] set synch see mode.
CYRUS_VANILLA 8:  KickTable created.
CYRUS_VANILLA 8: [-1, 0] set synch see mode.
CYRUS_VANILLA 9:  KickTable created.
CYRUS_VANILLA 9: [-1, 0] set synch see mode.
CYRUS_VANILLA 10:  KickTable created.
CYRUS_VANILLA 10: [-1, 0] set synch see mode.
Read Setting: ./data/settings/Other.json
Read Setting: ./data/settings/Other.json
Read Setting: ./data/settings/Other.json
A new (v18) player (CYRUS_VANILLA 11) connected.
CYRUS_VANILLA: init ok.  unum: 11 side: r
CYRUS_VANILLA 11: [-1, 0] (v18+) force synch see mode.
CYRUS_VANILLA 11:  KickTable created.
CYRUS_VANILLA 11: [-1, 0] set synch see mode.
id speed step inc  power  stam  karea
 0 1.000   6  45.0 100.0  55.0  1.085
 1 1.011   5  41.2 100.0  58.8  1.114
 2 0.861   6  50.5 100.0  49.5  1.112
 3 0.985   6  43.7 100.0  56.3  1.117
 4 0.956   5  46.1 100.0  53.9  1.138
 5 0.776   6  51.6 100.0  48.4  1.164
 6 0.953   7  48.5 100.0  51.5  1.165
 7 0.904   5  42.8 100.0  57.2  1.112
 8 1.041   6  42.9 100.0  57.1  1.053
 9 0.985   5  42.0 100.0  58.0  1.050
 10 0.792   5  48.1 100.0  51.9  1.146
 11 0.890   6  45.4 100.0  54.6  1.021
 12 0.818   4  43.7 100.0  56.3  1.160
 13 0.898   6  46.6 100.0  53.4  1.160
 14 0.888   7  48.4 100.0  51.6  1.105
 15 1.043   7  44.0 100.0  56.0  1.168
 16 0.975   6  42.6 100.0  57.4  1.023
 17 0.949   5  41.4 100.0  58.6  0.991
$$$$$$$$$$$$$$$$$$$$$$$$isother
SPICA325 coach: change player 1 to type 0
SPICA325 coach: change player 9 to type 8
SPICA325 coach: change player 2 to type 15
SPICA325 coach: change player 11 to type 1
SPICA325 coach: change player 4 to type 9
SPICA325 coach: change player 10 to type 3
SPICA325 coach: change player 3 to type 16
SPICA325 coach: change player 5 to type 4
SPICA325 coach: change player 7 to type 17
SPICA325 coach: change player 8 to type 6
SPICA325 coach: change player 6 to type 7
id speed step inc  power  stam  karea
 0 1.000   6  45.0 100.0  55.0  1.085
 1 1.011   5  41.2 100.0  58.8  1.114
 2 0.861   6  50.5 100.0  49.5  1.112
 3 0.985   6  43.7 100.0  56.3  1.117
 4 0.956   5  46.1 100.0  53.9  1.138
 5 0.776   6  51.6 100.0  48.4  1.164
 6 0.953   7  48.5 100.0  51.5  1.165
 7 0.904   5  42.8 100.0  57.2  1.112
 8 1.041   6  42.9 100.0  57.1  1.053
 9 0.985   5  42.0 100.0  58.0  1.050
 10 0.792   5  48.1 100.0  51.9  1.146
 11 0.890   6  45.4 100.0  54.6  1.021
 12 0.818   4  43.7 100.0  56.3  1.160
 13 0.898   6  46.6 100.0  53.4  1.160
 14 0.888   7  48.4 100.0  51.6  1.105
 15 1.043   7  44.0 100.0  56.0  1.168
 16 0.975   6  42.6 100.0  57.4  1.023
 17 0.949   5  41.4 100.0  58.6  0.991
$$$$$$$$$$$$$$$$$$$$$$$$isother
CYRUS_VANILLA coach: change player 1 to type 0
CYRUS_VANILLA coach: change player 9 to type 8
CYRUS_VANILLA coach: change player 2 to type 15
CYRUS_VANILLA coach: change player 11 to type 1
CYRUS_VANILLA coach: change player 4 to type 9
CYRUS_VANILLA coach: change player 10 to type 3
CYRUS_VANILLA coach: change player 3 to type 16
CYRUS_VANILLA coach: change player 5 to type 4
CYRUS_VANILLA coach: change player 7 to type 17
CYRUS_VANILLA coach: change player 8 to type 6
CYRUS_VANILLA coach: change player 6 to type 7
Read Setting: ./data/settings/Other.json
Read Setting: ./data/settings/Other.json
Read Setting: ./data/settings/Other.json
Read Setting: ./data/settings/Other.json
Read Setting: ./data/settings/Other.json
Read Setting: ./data/settings/Other.json
Read Setting: ./data/settings/Other.json
Read Setting: ./data/settings/Other.json
Read Setting: ./data/settings/Other.json
Read Setting: ./data/settings/Other.json
Waiting to kick off
Kick_off_left
SPICA325 coach: [94, 0] no player type for opponent 2. restart analysis.
SPICA325 coach: [95, 0] no player type for opponent 4. restart analysis.
CYRUS_VANILLA coach: [95, 0] no player type for opponent 5. restart analysis.
SPICA325 coach: [96, 0] no player type for opponent 4. restart analysis.
SPICA325 coach: [96, 0] no player type for opponent 10. restart analysis.
SPICA325 coach: [96, 0] no player type for opponent 5. restart analysis.
SPICA325 coach: [96, 0] no player type for opponent 7. restart analysis.
CYRUS_VANILLA coach: [96, 0] no player type for opponent 10. restart analysis.
SPICA325 coach: [97, 0] no player type for opponent 10. restart analysis.
SPICA325 coach: [97, 0] no player type for opponent 11. restart analysis.
SPICA325 coach: [97, 0] no player type for opponent 7. restart analysis.
SPICA325 coach: [98, 0] no player type for opponent 8. restart analysis.
SPICA325 coach: [98, 0] no player type for opponent 11. restart analysis.
SPICA325 coach: [99, 0] no player type for opponent 9. restart analysis.
CYRUS_VANILLA coach: [99, 0] no player type for opponent 9. restart analysis.
CYRUS_VANILLA coach: [99, 0] no player type for opponent 10. restart analysis.
CYRUS_VANILLA coach: [99, 0] no player type for opponent 8. restart analysis.
CYRUS_VANILLA coach: [100, 0] no player type for opponent 6. restart analysis.
CYRUS_VANILLA coach: [100, 0] no player type for opponent 8. restart analysis.
SPICA325 coach: [101, 0] no player type for opponent 8. restart analysis.
SPICA325 coach: [101, 0] no player type for opponent 10. restart analysis.
SPICA325 coach: [101, 0] no player type for opponent 11. restart analysis.
CYRUS_VANILLA coach: [101, 0] no player type for opponent 5. restart analysis.
SPICA325 coach: [102, 0] no player type for opponent 10. restart analysis.
SPICA325 coach: [102, 0] no player type for opponent 2. restart analysis.
SPICA325 coach: [102, 0] no player type for opponent 5. restart analysis.
CYRUS_VANILLA coach: [102, 0] determined opponent 11 type = 1
CYRUS_VANILLA coach: [102, 0] no player type for opponent 10. restart analysis.
SPICA325 coach: [103, 0] no player type for opponent 4. restart analysis.
SPICA325 coach: [103, 0] no player type for opponent 10. restart analysis.
SPICA325 coach: [103, 0] no player type for opponent 11. restart analysis.
SPICA325 coach: [103, 0] no player type for opponent 5. restart analysis.
CYRUS_VANILLA coach: [103, 0] no player type for opponent 5. restart analysis.
SPICA325 coach: [104, 0] no player type for opponent 11. restart analysis.
CYRUS_VANILLA coach: [104, 0] no player type for opponent 10. restart analysis.
CYRUS_VANILLA coach: [104, 0] no player type for opponent 6. restart analysis.
SPICA325 coach: [105, 0] no player type for opponent 11. restart analysis.
SPICA325 coach: [106, 0] no player type for opponent 10. restart analysis.
CYRUS_VANILLA coach: [106, 0] no player type for opponent 10. restart analysis.
SPICA325 coach: [107, 0] no player type for opponent 11. restart analysis.
SPICA325 coach: [108, 0] no player type for opponent 4. restart analysis.
SPICA325 coach: [108, 0] no player type for opponent 3. restart analysis.
CYRUS_VANILLA coach: [108, 0] no player type for opponent 10. restart analysis.
CYRUS_VANILLA coach: [108, 0] no player type for opponent 6. restart analysis.
CYRUS_VANILLA coach: [109, 0] no player type for opponent 10. restart analysis.
SPICA325 coach: [110, 0] no player type for opponent 4. restart analysis.
CYRUS_VANILLA coach: [110, 0] no player type for opponent 10. restart analysis.
CYRUS_VANILLA coach: [110, 0] no player type for opponent 2. restart analysis.
CYRUS_VANILLA coach: [111, 0] no player type for opponent 2. restart analysis.
SPICA325 coach: [111, 0] no player type for opponent 8. restart analysis.
SPICA325 coach: [111, 0] no player type for opponent 10. restart analysis.
SPICA325 coach: [111, 0] no player type for opponent 2. restart analysis.
SPICA325 coach: [111, 0] no player type for opponent 11. restart analysis.
CYRUS_VANILLA coach: [112, 0] determined opponent 10 type = 3
CYRUS_VANILLA coach: [112, 0] no player type for opponent 8. restart analysis.
SPICA325 coach: [112, 0] no player type for opponent 8. restart analysis.
SPICA325 coach: [112, 0] no player type for opponent 2. restart analysis.
SPICA325 coach: [113, 0] no player type for opponent 8. restart analysis.
SPICA325 coach: [113, 0] no player type for opponent 10. restart analysis.
SPICA325 coach: [113, 0] no player type for opponent 6. restart analysis.
SPICA325 coach: [113, 0] no player type for opponent 11. restart analysis.
CYRUS_VANILLA coach: [113, 0] no player type for opponent 5. restart analysis.
CYRUS_VANILLA coach: [113, 0] no player type for opponent 6. restart analysis.
CYRUS_VANILLA coach: [115, 0] no player type for opponent 9. restart analysis.
CYRUS_VANILLA coach: [116, 0] no player type for opponent 2. restart analysis.
SPICA325 coach: [116, 0] no player type for opponent 10. restart analysis.
SPICA325 coach: [116, 0] determined opponent 8 type = 6
CYRUS_VANILLA coach: [117, 0] no player type for opponent 7. restart analysis.
CYRUS_VANILLA coach: [118, 0] no player type for opponent 8. restart analysis.
CYRUS_VANILLA coach: [119, 0] no player type for opponent 3. restart analysis.
CYRUS_VANILLA coach: [119, 0] no player type for opponent 8. restart analysis.
SPICA325 coach: [119, 0] no player type for opponent 6. restart analysis.
SPICA325 coach: [119, 0] no player type for opponent 9. restart analysis.
CYRUS_VANILLA coach: [120, 0] no player type for opponent 8. restart analysis.
SPICA325 coach: [120, 0] no player type for opponent 10. restart analysis.
SPICA325 coach: [121, 0] no player type for opponent 10. restart analysis.
SPICA325 coach: [121, 0] determined opponent 4 type = 9
SPICA325 coach: [121, 0] no player type for opponent 11. restart analysis.
SPICA325 coach: [121, 0] no player type for opponent 9. restart analysis.
SPICA325 coach: [121, 0] no player type for opponent 5. restart analysis.
SPICA325 coach: [122, 0] no player type for opponent 10. restart analysis.
SPICA325 coach: [122, 0] determined opponent 2 type = 15
CYRUS_VANILLA coach: [122, 0] no player type for opponent 3. restart analysis.
CYRUS_VANILLA coach: [122, 0] no player type for opponent 6. restart analysis.
CYRUS_VANILLA coach: [122, 0] no player type for opponent 8. restart analysis.
CYRUS_VANILLA coach: [123, 0] no player type for opponent 3. restart analysis.
CYRUS_VANILLA coach: [123, 0] no player type for opponent 9. restart analysis.
SPICA325 coach: [123, 0] no player type for opponent 9. restart analysis.
CYRUS_VANILLA coach: [124, 0] no player type for opponent 3. restart analysis.
SPICA325 coach: [127, 0] determined opponent 9 type = 8
CYRUS_VANILLA coach: [130, 0] no player type for opponent 4. restart analysis.
CYRUS_VANILLA coach: [131, 0] determined opponent 3 type = 16
CYRUS_VANILLA coach: [133, 0] no player type for opponent 5. restart analysis.
CYRUS_VANILLA coach: [134, 0] no player type for opponent 5. restart analysis.
CYRUS_VANILLA coach: [134, 0] determined opponent 7 type = 17
CYRUS_VANILLA coach: [134, 0] no player type for opponent 9. restart analysis.
SPICA325 coach: [135, 0] no player type for opponent 10. restart analysis.
CYRUS_VANILLA coach: [135, 0] determined opponent 6 type = 7
CYRUS_VANILLA coach: [136, 0] no player type for opponent 9. restart analysis.
CYRUS_VANILLA coach: [137, 0] no player type for opponent 8. restart analysis.
SPICA325 coach: [138, 0] no player type for opponent 7. restart analysis.
SPICA325 coach: [138, 0] no player type for opponent 10. restart analysis.
SPICA325 coach: [139, 0] no player type for opponent 11. restart analysis.
SPICA325 coach: [140, 0] no player type for opponent 7. restart analysis.
CYRUS_VANILLA coach: [140, 0] no player type for opponent 8. restart analysis.
CYRUS_VANILLA coach: [140, 0] no player type for opponent 9. restart analysis.
SPICA325 coach: [141, 0] no player type for opponent 10. restart analysis.
SPICA325 coach: [141, 0] no player type for opponent 11. restart analysis.
SPICA325 coach: [141, 0] no player type for opponent 7. restart analysis.
SPICA325 coach: [142, 0] no player type for opponent 7. restart analysis.
CYRUS_VANILLA coach: [143, 0] no player type for opponent 8. restart analysis.
CYRUS_VANILLA coach: [144, 0] no player type for opponent 2. restart analysis.
SPICA325 coach: [145, 0] no player type for opponent 10. restart analysis.
CYRUS_VANILLA coach: [145, 0] no player type for opponent 2. restart analysis.
CYRUS_VANILLA coach: [146, 0] no player type for opponent 8. restart analysis.
SPICA325 coach: [147, 0] no player type for opponent 11. restart analysis.
CYRUS_VANILLA coach: [147, 0] determined opponent 8 type = 6
CYRUS_VANILLA coach: [149, 0] no player type for opponent 9. restart analysis.
SPICA325 coach: [150, 0] no player type for opponent 11. restart analysis.
SPICA325 coach: [151, 0] no player type for opponent 7. restart analysis.
SPICA325 coach: [151, 0] no player type for opponent 11. restart analysis.
SPICA325 coach: [153, 0] no player type for opponent 11. restart analysis.
SPICA325 coach: [153, 0] no player type for opponent 5. restart analysis.
SPICA325 coach: [154, 0] no player type for opponent 7. restart analysis.
CYRUS_VANILLA coach: [154, 0] determined opponent 4 type = 9
CYRUS_VANILLA coach: [154, 0] determined opponent 1 type = 0
SPICA325 coach: [157, 0] no player type for opponent 10. restart analysis.
SPICA325 coach: [158, 0] no player type for opponent 10. restart analysis.
CYRUS_VANILLA coach: [158, 0] determined opponent 2 type = 15
SPICA325 coach: [159, 0] no player type for opponent 6. restart analysis.
CYRUS_VANILLA coach: [160, 0] determined opponent 9 type = 8
SPICA325 coach: [162, 0] no player type for opponent 7. restart analysis.
SPICA325 coach: [168, 0] no player type for opponent 10. restart analysis.
SPICA325 coach: [168, 0] no player type for opponent 6. restart analysis.
SPICA325 coach: [169, 0] no player type for opponent 11. restart analysis.
SPICA325 coach: [170, 0] no player type for opponent 10. restart analysis.
CYRUS_VANILLA coach: [170, 0] no player type for opponent 5. restart analysis.
SPICA325 coach: [171, 0] no player type for opponent 10. restart analysis.
SPICA325 coach: [172, 0] no player type for opponent 3. restart analysis.
CYRUS_VANILLA coach: [172, 0] no player type for opponent 5. restart analysis.
CYRUS_VANILLA coach: [173, 0] no player type for opponent 5. restart analysis.
SPICA325 coach: [174, 0] no player type for opponent 11. restart analysis.
SPICA325 coach: [175, 0] no player type for opponent 7. restart analysis.
SPICA325 coach: [175, 0] no player type for opponent 11. restart analysis.
CYRUS_VANILLA coach: [176, 0] no player type for opponent 5. restart analysis.
CYRUS_VANILLA coach: [177, 0] no player type for opponent 5. restart analysis.
SPICA325 coach: [178, 0] no player type for opponent 11. restart analysis.
SPICA325 coach: [179, 0] no player type for opponent 5. restart analysis.
SPICA325 coach: [179, 0] no player type for opponent 6. restart analysis.
SPICA325 coach: [181, 0] no player type for opponent 5. restart analysis.
SPICA325 coach: [184, 0] no player type for opponent 11. restart analysis.
SPICA325 coach: [184, 0] no player type for opponent 7. restart analysis.
SPICA325 coach: [187, 0] no player type for opponent 7. restart analysis.
SPICA325 coach: [188, 0] no player type for opponent 3. restart analysis.
SPICA325 coach: [192, 0] no player type for opponent 6. restart analysis.
SPICA325 coach: [192, 0] determined opponent 11 type = 1
SPICA325 coach: [192, 0] no player type for opponent 5. restart analysis.
CYRUS_VANILLA coach: [193, 0] no player type for opponent 5. restart analysis.
SPICA325 coach: [194, 0] no player type for opponent 10. restart analysis.
SPICA325 coach: [195, 0] no player type for opponent 6. restart analysis.
SPICA325 coach: [196, 0] no player type for opponent 6. restart analysis.
SPICA325 coach: [197, 0] no player type for opponent 6. restart analysis.
SPICA325 coach: [198, 0] no player type for opponent 6. restart analysis.
SPICA325 coach: [199, 0] no player type for opponent 6. restart analysis.
SPICA325 coach: [200, 0] no player type for opponent 5. restart analysis.
SPICA325 coach: [200, 0] no player type for opponent 3. restart analysis.
SPICA325 coach: [201, 0] no player type for opponent 10. restart analysis.
SPICA325 coach: [203, 0] no player type for opponent 10. restart analysis.
SPICA325 coach: [203, 0] no player type for opponent 5. restart analysis.
CYRUS_VANILLA coach: [209, 0] no player type for opponent 5. restart analysis.
SPICA325 coach: [212, 0] determined opponent 10 type = 3
CYRUS_VANILLA coach: [212, 0] no player type for opponent 5. restart analysis.
SPICA325 coach: [215, 0] no player type for opponent 7. restart analysis.
CYRUS_VANILLA coach: [215, 0] no player type for opponent 5. restart analysis.
CYRUS_VANILLA coach: [216, 0] no player type for opponent 5. restart analysis.
SPICA325 coach: [218, 0] no player type for opponent 7. restart analysis.
CYRUS_VANILLA coach: [218, 0] no player type for opponent 5. restart analysis.
SPICA325 coach: [227, 0] no player type for opponent 7. restart analysis.
SPICA325 coach: [235, 0] no player type for opponent 3. restart analysis.
SPICA325 coach: [237, 0] determined opponent 1 type = 0
SPICA325 coach: [238, 0] determined opponent 6 type = 7
SPICA325 8: [239, 0]  WARNING. no turn_neck.
SPICA325 coach: [243, 0] no player type for opponent 7. restart analysis.
SPICA325 coach: [243, 0] determined opponent 5 type = 4
SPICA325 coach: [244, 0] no player type for opponent 7. restart analysis.
SPICA325 coach: [245, 0] no player type for opponent 7. restart analysis.
CYRUS_VANILLA coach: [245, 0] no player type for opponent 5. restart analysis.
SPICA325 coach: [247, 0] no player type for opponent 3. restart analysis.
CYRUS_VANILLA coach: [248, 0] no player type for opponent 5. restart analysis.
SPICA325 coach: [254, 0] no player type for opponent 3. restart analysis.
CYRUS_VANILLA coach: [258, 0] no player type for opponent 5. restart analysis.
SPICA325 coach: [259, 0] no player type for opponent 3. restart analysis.
SPICA325 coach: [260, 0] determined opponent 7 type = 17
CYRUS_VANILLA coach: [262, 0] no player type for opponent 5. restart analysis.
CYRUS_VANILLA coach: [264, 0] no player type for opponent 5. restart analysis.
CYRUS_VANILLA coach: [279, 0] no player type for opponent 5. restart analysis.
SPICA325 coach: [289, 0] no player type for opponent 3. restart analysis.
SPICA325 coach: [292, 0] no player type for opponent 3. restart analysis.
SPICA325 coach: [293, 0] no player type for opponent 3. restart analysis.
CYRUS_VANILLA coach: [295, 0] no player type for opponent 5. restart analysis.
CYRUS_VANILLA coach: [301, 0] updated clang capacity.
SPICA325 coach: [301, 0] updated clang capacity.
CYRUS_VANILLA 7: [302, 0] lost kick by foul at [302, 0] sense=0 internal=1
CYRUS_VANILLA coach: [302, 1] sent freeform (player_types (1 0)(2 15)(3 16)(4 9)(5 -1)(6 7)(7 17)(8 6)(9 8)(10 3)(11 1))
CYRUS_VANILLA coach: [302, 1] freeform 1 / 128
SPICA325 coach: [302, 1] sent freeform (player_types (1 0)(2 15)(3 -1)(4 9)(5 4)(6 7)(7 17)(8 6)(9 8)(10 3)(11 1))
SPICA325 coach: [302, 1] freeform 1 / 128
CYRUS_VANILLA coach: [408, 0] no player type for opponent 5. restart analysis.
CYRUS_VANILLA coach: [410, 0] no player type for opponent 5. restart analysis.
SPICA325 coach: [410, 0] no player type for opponent 3. restart analysis.
SPICA325 coach: [414, 0] no player type for opponent 3. restart analysis.
SPICA325 coach: [415, 0] no player type for opponent 3. restart analysis.
CYRUS_VANILLA coach: [415, 0] no player type for opponent 5. restart analysis.
CYRUS_VANILLA coach: [420, 0] no player type for opponent 5. restart analysis.
SPICA325 coach: [422, 0] no player type for opponent 3. restart analysis.
CYRUS_VANILLA coach: [448, 0] no player type for opponent 5. restart analysis.
SPICA325 coach: [449, 0] no player type for opponent 3. restart analysis.
SPICA325 coach: [456, 0] no player type for opponent 3. restart analysis.
CYRUS_VANILLA coach: [462, 0] no player type for opponent 5. restart analysis.
CYRUS_VANILLA coach: [464, 0] no player type for opponent 5. restart analysis.
CYRUS_VANILLA coach: [470, 0] no player type for opponent 5. restart analysis.
CYRUS_VANILLA coach: [479, 0] no player type for opponent 5. restart analysis.
SPICA325 coach: [490, 0] no player type for opponent 3. restart analysis.
SPICA325 coach: [498, 0] no player type for opponent 3. restart analysis.
CYRUS_VANILLA coach: [500, 0] no player type for opponent 5. restart analysis.
CYRUS_VANILLA coach: [503, 0] no player type for opponent 5. restart analysis.
SPICA325 coach: [504, 0] no player type for opponent 3. restart analysis.
CYRUS_VANILLA coach: [504, 0] no player type for opponent 5. restart analysis.
CYRUS_VANILLA coach: [505, 0] no player type for opponent 5. restart analysis.
CYRUS_VANILLA coach: [506, 0] no player type for opponent 5. restart analysis.
SPICA325 coach: [508, 0] no player type for opponent 3. restart analysis.
CYRUS_VANILLA coach: [511, 0] no player type for opponent 5. restart analysis.
CYRUS_VANILLA coach: [514, 0] no player type for opponent 5. restart analysis.
CYRUS_VANILLA coach: [516, 0] no player type for opponent 5. restart analysis.
CYRUS_VANILLA coach: [520, 0] no player type for opponent 5. restart analysis.
SPICA325 coach: [528, 0] determined opponent 3 type = 16
CYRUS_VANILLA coach: [532, 0] no player type for opponent 5. restart analysis.
CYRUS_VANILLA coach: [538, 0] no player type for opponent 5. restart analysis.
5 [547, 0] no ball position cache.
5 [547, 0] no ball position cache.
5 [547, 0] Interecet Self cache is empty!
CYRUS_VANILLA coach: [554, 0] no player type for opponent 5. restart analysis.
CYRUS_VANILLA coach: [557, 0] no player type for opponent 5. restart analysis.
layerSize: 3
CYRUS_VANILLA coach: [583, 0] no player type for opponent 5. restart analysis.
SPICA325 9: [588, 0] lost kick by foul at [588, 0] sense=15 internal=16
SPICA325 coach: [588, 1] sent freeform (player_types (1 0)(2 15)(3 16)(4 9)(5 4)(6 7)(7 17)(8 6)(9 8)(10 3)(11 1))
SPICA325 coach: [588, 1] freeform 2 / 128
CYRUS_VANILLA coach: [601, 0] updated clang capacity.
SPICA325 coach: [601, 0] updated clang capacity.
CYRUS_VANILLA coach: [688, 0] no player type for opponent 5. restart analysis.
CYRUS_VANILLA coach: [690, 0] no player type for opponent 5. restart analysis.
CYRUS_VANILLA coach: [711, 0] no player type for opponent 5. restart analysis.
CYRUS_VANILLA coach: [721, 0] no player type for opponent 5. restart analysis.
CYRUS_VANILLA coach: [725, 0] no player type for opponent 5. restart analysis.
CYRUS_VANILLA coach: [726, 0] no player type for opponent 5. restart analysis.
CYRUS_VANILLA coach: [735, 0] no player type for opponent 5. restart analysis.
CYRUS_VANILLA 11: [739, 0]  WARNING. no turn_neck.
CYRUS_VANILLA coach: [772, 0] no player type for opponent 5. restart analysis.
CYRUS_VANILLA coach: [774, 0] no player type for opponent 5. restart analysis.
CYRUS_VANILLA coach: [778, 0] no player type for opponent 5. restart analysis.
CYRUS_VANILLA coach: [801, 0] no player type for opponent 5. restart analysis.
CYRUS_VANILLA coach: [811, 0] no player type for opponent 5. restart analysis.
CYRUS_VANILLA coach: [812, 0] no player type for opponent 5. restart analysis.
CYRUS_VANILLA coach: [821, 0] no player type for opponent 5. restart analysis.
CYRUS_VANILLA coach: [822, 0] no player type for opponent 5. restart analysis.
CYRUS_VANILLA coach: [828, 0] no player type for opponent 5. restart analysis.
CYRUS_VANILLA coach: [867, 0] no player type for opponent 5. restart analysis.
SPICA325 coach: [901, 0] updated clang capacity.
CYRUS_VANILLA coach: [901, 0] updated clang capacity.
CYRUS_VANILLA coach: [983, 0] no player type for opponent 5. restart analysis.
CYRUS_VANILLA coach: [987, 0] no player type for opponent 5. restart analysis.
CYRUS_VANILLA 5: [1001, 0] lost kick? at [1001, 0] sense=15 internal=16
CYRUS_VANILLA coach: [1040, 0] no player type for opponent 5. restart analysis.
CYRUS_VANILLA coach: [1062, 0] no player type for opponent 5. restart analysis.
CYRUS_VANILLA coach: [1063, 0] no player type for opponent 5. restart analysis.
CYRUS_VANILLA coach: [1092, 0] no player type for opponent 5. restart analysis.
CYRUS_VANILLA coach: [1095, 0] no player type for opponent 5. restart analysis.
CYRUS_VANILLA coach: [1106, 0] no player type for opponent 5. restart analysis.
CYRUS_VANILLA coach: [1111, 0] no player type for opponent 5. restart analysis.
CYRUS_VANILLA coach: [1114, 0] no player type for opponent 5. restart analysis.
CYRUS_VANILLA coach: [1116, 0] no player type for opponent 5. restart analysis.
CYRUS_VANILLA coach: [1117, 0] no player type for opponent 5. restart analysis.
CYRUS_VANILLA coach: [1121, 0] no player type for opponent 5. restart analysis.
CYRUS_VANILLA coach: [1122, 0] no player type for opponent 5. restart analysis.
CYRUS_VANILLA coach: [1123, 0] no player type for opponent 5. restart analysis.
CYRUS_VANILLA coach: [1129, 0] no player type for opponent 5. restart analysis.
CYRUS_VANILLA coach: [1134, 0] no player type for opponent 5. restart analysis.
CYRUS_VANILLA coach: [1144, 0] no player type for opponent 5. restart analysis.
CYRUS_VANILLA coach: [1149, 0] no player type for opponent 5. restart analysis.
CYRUS_VANILLA coach: [1160, 0] no player type for opponent 5. restart analysis.
CYRUS_VANILLA coach: [1174, 0] no player type for opponent 5. restart analysis.
SPICA325 coach: [1201, 0] updated clang capacity.
CYRUS_VANILLA coach: [1201, 0] updated clang capacity.
layerSize: 3
CYRUS_VANILLA coach: [1232, 0] no player type for opponent 5. restart analysis.
CYRUS_VANILLA coach: [1234, 0] no player type for opponent 5. restart analysis.
CYRUS_VANILLA coach: [1235, 0] no player type for opponent 5. restart analysis.
CYRUS_VANILLA coach: [1236, 0] no player type for opponent 5. restart analysis.
CYRUS_VANILLA coach: [1244, 0] no player type for opponent 5. restart analysis.
CYRUS_VANILLA coach: [1247, 0] no player type for opponent 5. restart analysis.
CYRUS_VANILLA coach: [1250, 0] no player type for opponent 5. restart analysis.
CYRUS_VANILLA coach: [1263, 0] no player type for opponent 5. restart analysis.
SPICA325 6: [1280, 0]  WARNING. no body command.
SPICA325 6: [1282, 0]  WARNING. no body command.
SPICA325 6: [1283, 0]  WARNING. no body command.
CYRUS_VANILLA coach: [1288, 0] no player type for opponent 5. restart analysis.
CYRUS_VANILLA coach: [1291, 0] no player type for opponent 5. restart analysis.
CYRUS_VANILLA coach: [1292, 0] no player type for opponent 5. restart analysis.
CYRUS_VANILLA 7: [1296, 0] lost kick by foul at [1296, 0] sense=39 internal=40
CYRUS_VANILLA coach: [1298, 0] no player type for opponent 5. restart analysis.
CYRUS_VANILLA coach: [1301, 0] no player type for opponent 5. restart analysis.
CYRUS_VANILLA coach: [1360, 0] no player type for opponent 5. restart analysis.
CYRUS_VANILLA coach: [1413, 0] no player type for opponent 5. restart analysis.
CYRUS_VANILLA coach: [1423, 0] no player type for opponent 5. restart analysis.
CYRUS_VANILLA coach: [1439, 0] no player type for opponent 5. restart analysis.
CYRUS_VANILLA coach: [1440, 0] no player type for opponent 5. restart analysis.
CYRUS_VANILLA coach: [1442, 0] no player type for opponent 5. restart analysis.
CYRUS_VANILLA coach: [1470, 0] no player type for opponent 5. restart analysis.
CYRUS_VANILLA coach: [1471, 0] no player type for opponent 5. restart analysis.
CYRUS_VANILLA coach: [1476, 0] no player type for opponent 5. restart analysis.
CYRUS_VANILLA coach: [1478, 0] no player type for opponent 5. restart analysis.
CYRUS_VANILLA coach: [1479, 0] no player type for opponent 5. restart analysis.
SPICA325 coach: [1501, 0] updated clang capacity.
CYRUS_VANILLA coach: [1501, 0] updated clang capacity.
CYRUS_VANILLA coach: [1503, 0] determined opponent 5 type = 4
CYRUS_VANILLA coach: [1571, 0] sent freeform (player_types (1 0)(2 15)(3 16)(4 9)(5 4)(6 7)(7 17)(8 6)(9 8)(10 3)(11 1))
CYRUS_VANILLA coach: [1571, 0] freeform 2 / 128
CYRUS_VANILLA coach: [1801, 0] updated clang capacity.
SPICA325 coach: [1801, 0] updated clang capacity.
SPICA325 3: [2005, 0]  WARNING. no turn_neck.
SPICA325 3: [2006, 0]  WARNING. no turn_neck.
CYRUS_VANILLA 8: [2094, 0]  WARNING. no body command.
CYRUS_VANILLA coach: [2101, 0] updated clang capacity.
SPICA325 coach: [2101, 0] updated clang capacity.
CYRUS_VANILLA 6: [2178, 0]  WARNING. no turn_neck.
CYRUS_VANILLA 6: [2179, 0]  WARNING. no turn_neck.
CYRUS_VANILLA coach: [2401, 0] updated clang capacity.
SPICA325 coach: [2401, 0] updated clang capacity.
SPICA325 10: [2646, 0]  WARNING. no turn_neck.
SPICA325 10: [2647, 0]  WARNING. no turn_neck.
SPICA325 coach: [2701, 0] updated clang capacity.
CYRUS_VANILLA coach: [2701, 0] updated clang capacity.
SPICA325 7: [2996, 0]  WARNING. no turn_neck.
SPICA325 7: [2997, 0]  WARNING. no turn_neck.
Waiting to kick off
Kick_off_right
CYRUS_VANILLA coach: [3001, 0] updated clang capacity.
SPICA325 coach: [3001, 0] updated clang capacity.
CYRUS_VANILLA 7: [3126, 0]  WARNING. no turn_neck.
SPICA325 coach: [3301, 0] updated clang capacity.
CYRUS_VANILLA coach: [3301, 0] updated clang capacity.
CYRUS_VANILLA 8: [3580, 0]  WARNING. no body command.
CYRUS_VANILLA 8: [3581, 0]  WARNING. no body command.
SPICA325 coach: [3601, 0] updated clang capacity.
CYRUS_VANILLA coach: [3601, 0] updated clang capacity.
CYRUS_VANILLA 7: [3834, 0]  WARNING. no turn_neck.
CYRUS_VANILLA 7: [3835, 0]  WARNING. no turn_neck.
SPICA325 coach: [3901, 0] updated clang capacity.
CYRUS_VANILLA coach: [3901, 0] updated clang capacity.
SPICA325 6: [4184, 0]  WARNING. no turn_neck.
SPICA325 coach: [4201, 0] updated clang capacity.
CYRUS_VANILLA coach: [4201, 0] updated clang capacity.
SPICA325 9: [4220, 0]  WARNING. no turn_neck.
CYRUS_VANILLA coach: [4501, 0] updated clang capacity.
SPICA325 coach: [4501, 0] updated clang capacity.
SPICA325 coach: [4801, 0] updated clang capacity.
CYRUS_VANILLA coach: [4801, 0] updated clang capacity.
CYRUS_VANILLA 11: [4827, 0] lost kick by foul at [4827, 0] sense=99 internal=100
SPICA325 coach: [5101, 0] updated clang capacity.
CYRUS_VANILLA coach: [5101, 0] updated clang capacity.
CYRUS_VANILLA coach: [5401, 0] updated clang capacity.
SPICA325 coach: [5401, 0] updated clang capacity.
CYRUS_VANILLA 4: [5691, 0] lost kick by foul at [5691, 0] sense=37 internal=38
SPICA325 coach: [5701, 0] updated clang capacity.
CYRUS_VANILLA coach: [5701, 0] updated clang capacity.
SPICA325 coach: finished.
SPICA325 1: finished.
CYRUS_VANILLA 10: finished.
SPICA325 4: finished.
SPICA325 11: finished.
SPICA325 6: finished.
SPICA325 10: finished.
Waiting after end of match
remoteclient.cpp: 149: Error sending to socket: Bad file descriptor
msg = [(think)]
remoteclient.cpp: 149: Error sending to socket: Bad file descriptor
msg = [(think)]
remoteclient.cpp: 149: Error sending to socket: Bad file descriptor
msg = [(think)]
CYRUS_VANILLA 5: finished.
CYRUS_VANILLA coach: [6000, 0] new freeform allowed 256
CYRUS_VANILLA coach: finished.
CYRUS_VANILLA 6: finished.
CYRUS_VANILLA 9: finished.
SPICA325 2: finished.
CYRUS_VANILLA 11: finished.
CYRUS_VANILLA 3: finished.
CYRUS_VANILLA 1: finished.
SPICA325 3: finished.
SPICA325 8: finished.
CYRUS_VANILLA 8: finished.
SPICA325 7: finished.
CYRUS_VANILLA 2: finished.
SPICA325 5: finished.
CYRUS_VANILLA 4: finished.
SPICA325 9: finished.
CYRUS_VANILLA 7: finished.
A player disconnected : (SPICA325 10)
A player disconnected : (CYRUS_VANILLA 5)
An online coach disconnected : (SPICA325)
A player disconnected : (SPICA325 6)
A player disconnected : (SPICA325 4)
A player disconnected : (CYRUS_VANILLA 10)
A player disconnected : (SPICA325 11)
A player disconnected : (SPICA325 1)
A player disconnected : (CYRUS_VANILLA 6)
A player disconnected : (CYRUS_VANILLA 9)
A player disconnected : (SPICA325 2)
An online coach disconnected : (CYRUS_VANILLA)
A player disconnected : (CYRUS_VANILLA 11)
A player disconnected : (CYRUS_VANILLA 3)
A player disconnected : (CYRUS_VANILLA 1)
A player disconnected : (SPICA325 3)
A player disconnected : (CYRUS_VANILLA 8)
A player disconnected : (SPICA325 8)
A player disconnected : (CYRUS_VANILLA 7)
A player disconnected : (CYRUS_VANILLA 4)
A player disconnected : (CYRUS_VANILLA 2)
A player disconnected : (SPICA325 5)
A player disconnected : (SPICA325 7)
A player disconnected : (SPICA325 9)
Killing 12571
Killing 12584

Game Over. Exiting...

Saving Results:
	CSVSaver: saving...
	CSVSaver: ...disabled
	STDOutSaver: saving...

Game Results:
	2026-06-27 08:05:28
	'SPICA325' vs 'CYRUS_VANILLA'
	Score: 0 - 0
 
	STDOutSaver: ...saved

Saving Results Complete
