rcssserver-19.0.0

Copyright (C) 1995, 1996, 1997, 1998, 1999 Electrotechnical Laboratory.
2000 - RoboCup Soccer Simulator Maintenance Group.

Simulator Random Seed: 1782550780
CSVSaver: Ready
STDOutSaver: Ready
Using simulator's random seed as Hetero Player Seed: 1782550780
******************************************************************
 HELIOS base
 Created by Hidehisa Akiyama and Hiroki Shimora
 Copyright 2000-2007.  Hidehisa Akiyama
 Copyright 2007-2011.  Hidehisa Akiyama and Hiroki Shimora
 All rights reserved.
******************************************************************
PING localhost (127.0.0.1) 56(84) bytes of data.
64 bytes from localhost (127.0.0.1): icmp_seq=1 ttl=64 time=0.032 ms

--- localhost ping statistics ---
1 packets transmitted, 1 received, 0% packet loss, time 0ms
rtt min/avg/max/mdev = 0.032/0.032/0.032/0.000 ms
******************************************************************
 librcsc 
 Copyright 2000 - 2007. Hidehisa Akiyama.
 Copyright 2007 - 2011. Hidehisa Akiyama and Hiroki Shimora
 Copyright 2011 -  Hidehisa Akiyama, Hiroki Shimora
   Takuya Fukushima (2019-)
 All rights reserved.
******************************************************************
*****************************************************************
 This program is based on agent2d created by Hidehisa Akiyama.
 Copyright 2006 - 2011. Hidehisa Akiyama and Hiroki Shimora.
 All rights reserved.
*****************************************************************
SPICA325: init ok.  unum: 1 side: l
wind factor: rand: 0.000000, vector: (0.000000, 0.000000)

Hit CTRL-C to exit
Starting "/bin/sh -c scripts/team_launchers/spica325_left.sh"
Waiting for players to connect
A new (v18) player (SPICA325 1) connected.
SPICA325 1: [-1, 0] (v18+) force synch see mode.
******************************************************************
 HELIOS base
 Created by Hidehisa Akiyama and Hiroki Shimora
 Copyright 2000-2007.  Hidehisa Akiyama
 Copyright 2007-2011.  Hidehisa Akiyama and Hiroki Shimora
 All rights reserved.
******************************************************************
PING localhost (127.0.0.1) 56(84) bytes of data.
64 bytes from localhost (127.0.0.1): icmp_seq=1 ttl=64 time=0.027 ms

--- localhost ping statistics ---
1 packets transmitted, 1 received, 0% packet loss, time 0ms
rtt min/avg/max/mdev = 0.027/0.027/0.027/0.000 ms
******************************************************************
 librcsc 
 Copyright 2000 - 2007. Hidehisa Akiyama.
 Copyright 2007 - 2011. Hidehisa Akiyama and Hiroki Shimora
 Copyright 2011 -  Hidehisa Akiyama, Hiroki Shimora
   Takuya Fukushima (2019-)
 All rights reserved.
******************************************************************
SPICA325 1:  KickTable created.
SPICA325 1: [-1, 0] set synch see mode.
*****************************************************************
 This program is based on agent2d created by Hidehisa Akiyama.
 Copyright 2006 - 2011. Hidehisa Akiyama and Hiroki Shimora.
 All rights reserved.
*****************************************************************
CYRUS_VANILLA: init ok.  unum: 1 side: r
CYRUS_VANILLA 1: [-1, 0] (v18+) force synch see mode.
Starting "/bin/sh -c scripts/team_launchers/cyrus_vanilla_right.sh"
A new (v18) player (CYRUS_VANILLA 1) connected.
CYRUS_VANILLA 1:  KickTable created.
CYRUS_VANILLA 1: [-1, 0] set synch see mode.
Read Setting: ./data/settings/Other.json
Read Setting: ./data/settings/Other.json
******************************************************************
 librcsc 
 Copyright 2000 - 2007. Hidehisa Akiyama.
 Copyright 2007 - 2011. Hidehisa Akiyama and Hiroki Shimora
 Copyright 2011 -  Hidehisa Akiyama, Hiroki Shimora
   Takuya Fukushima (2019-)
 All rights reserved.
******************************************************************
******************************************************************
 librcsc 
 Copyright 2000 - 2007. Hidehisa Akiyama.
 Copyright 2007 - 2011. Hidehisa Akiyama and Hiroki Shimora
 Copyright 2011 -  Hidehisa Akiyama, Hiroki Shimora
   Takuya Fukushima (2019-)
 All rights reserved.
******************************************************************
******************************************************************
 librcsc 
 Copyright 2000 - 2007. Hidehisa Akiyama.
 Copyright 2007 - 2011. Hidehisa Akiyama and Hiroki Shimora
 Copyright 2011 -  Hidehisa Akiyama, Hiroki Shimora
   Takuya Fukushima (2019-)
 All rights reserved.
******************************************************************
******************************************************************
 librcsc 
 Copyright 2000 - 2007. Hidehisa Akiyama.
 Copyright 2007 - 2011. Hidehisa Akiyama and Hiroki Shimora
 Copyright 2011 -  Hidehisa Akiyama, Hiroki Shimora
   Takuya Fukushima (2019-)
 All rights reserved.
******************************************************************
******************************************************************
 librcsc 
 Copyright 2000 - 2007. Hidehisa Akiyama.
 Copyright 2007 - 2011. Hidehisa Akiyama and Hiroki Shimora
 Copyright 2011 -  Hidehisa Akiyama, Hiroki Shimora
   Takuya Fukushima (2019-)
 All rights reserved.
******************************************************************
******************************************************************
 librcsc 
 Copyright 2000 - 2007. Hidehisa Akiyama.
 Copyright 2007 - 2011. Hidehisa Akiyama and Hiroki Shimora
 Copyright 2011 -  Hidehisa Akiyama, Hiroki Shimora
   Takuya Fukushima (2019-)
 All rights reserved.
******************************************************************
******************************************************************
 librcsc 
 Copyright 2000 - 2007. Hidehisa Akiyama.
 Copyright 2007 - 2011. Hidehisa Akiyama and Hiroki Shimora
 Copyright 2011 -  Hidehisa Akiyama, Hiroki Shimora
   Takuya Fukushima (2019-)
 All rights reserved.
******************************************************************
******************************************************************
 librcsc 
 Copyright 2000 - 2007. Hidehisa Akiyama.
 Copyright 2007 - 2011. Hidehisa Akiyama and Hiroki Shimora
 Copyright 2011 -  Hidehisa Akiyama, Hiroki Shimora
   Takuya Fukushima (2019-)
 All rights reserved.
******************************************************************
******************************************************************
 librcsc 
 Copyright 2000 - 2007. Hidehisa Akiyama.
 Copyright 2007 - 2011. Hidehisa Akiyama and Hiroki Shimora
 Copyright 2011 -  Hidehisa Akiyama, Hiroki Shimora
   Takuya Fukushima (2019-)
 All rights reserved.
******************************************************************
*****************************************************************
 This program is based on agent2d created by Hidehisa Akiyama.
 Copyright 2006 - 2011. Hidehisa Akiyama and Hiroki Shimora.
 All rights reserved.
*****************************************************************
******************************************************************
 librcsc 
 Copyright 2000 - 2007. Hidehisa Akiyama.
 Copyright 2007 - 2011. Hidehisa Akiyama and Hiroki Shimora
 Copyright 2011 -  Hidehisa Akiyama, Hiroki Shimora
   Takuya Fukushima (2019-)
 All rights reserved.
******************************************************************
*****************************************************************
 This program is based on agent2d created by Hidehisa Akiyama.
 Copyright 2006 - 2011. Hidehisa Akiyama and Hiroki Shimora.
 All rights reserved.
*****************************************************************
SPICA325: init ok.  unum: 2 side: l
SPICA325 2: [-1, 0] (v18+) force synch see mode.
A new (v18) player (SPICA325 2) connected.
A new (v18) player (SPICA325 3) connected.
SPICA325: init ok.  unum: 3 side: l
SPICA325 3: [-1, 0] (v18+) force synch see mode.
******************************************************************
 librcsc 
 Copyright 2000 - 2007. Hidehisa Akiyama.
 Copyright 2007 - 2011. Hidehisa Akiyama and Hiroki Shimora
 Copyright 2011 -  Hidehisa Akiyama, Hiroki Shimora
   Takuya Fukushima (2019-)
 All rights reserved.
******************************************************************
*****************************************************************
 This program is based on agent2d created by Hidehisa Akiyama.
 Copyright 2006 - 2011. Hidehisa Akiyama and Hiroki Shimora.
 All rights reserved.
*****************************************************************
******************************************************************
 librcsc 
 Copyright 2000 - 2007. Hidehisa Akiyama.
 Copyright 2007 - 2011. Hidehisa Akiyama and Hiroki Shimora
 Copyright 2011 -  Hidehisa Akiyama, Hiroki Shimora
   Takuya Fukushima (2019-)
 All rights reserved.
******************************************************************
*****************************************************************
 This program is based on agent2d created by Hidehisa Akiyama.
 Copyright 2006 - 2011. Hidehisa Akiyama and Hiroki Shimora.
 All rights reserved.
*****************************************************************
*****************************************************************
 This program is based on agent2d created by Hidehisa Akiyama.
 Copyright 2006 - 2011. Hidehisa Akiyama and Hiroki Shimora.
 All rights reserved.
*****************************************************************
******************************************************************
 librcsc 
 Copyright 2000 - 2007. Hidehisa Akiyama.
 Copyright 2007 - 2011. Hidehisa Akiyama and Hiroki Shimora
 Copyright 2011 -  Hidehisa Akiyama, Hiroki Shimora
   Takuya Fukushima (2019-)
 All rights reserved.
******************************************************************
A new (v18) player (SPICA325 4) connected.
A new (v18) player (SPICA325 5) connected.
A new (v18) online coach (SPICA325) connected.
*****************************************************************
 This program is based on agent2d created by Hidehisa Akiyama.
 Copyright 2006 - 2011. Hidehisa Akiyama and Hiroki Shimora.
 All rights reserved.
*****************************************************************
A new (v18) player (SPICA325 6) connected.
SPICA325: init ok.  unum: 4 side: l
SPICA325 4: [-1, 0] (v18+) force synch see mode.
SPICA325: init ok.  unum: 5 side: l
SPICA325 5: [-1, 0] (v18+) force synch see mode.
SPICA325 coach: [0, 0] recv (ok eye on)
SPICA325: init ok.  unum: 6 side: l
SPICA325 6: [-1, 0] (v18+) force synch see mode.
*****************************************************************
 This program is based on agent2d created by Hidehisa Akiyama.
 Copyright 2006 - 2011. Hidehisa Akiyama and Hiroki Shimora.
 All rights reserved.
*****************************************************************
*****************************************************************
 This program is based on agent2d created by Hidehisa Akiyama.
 Copyright 2006 - 2011. Hidehisa Akiyama and Hiroki Shimora.
 All rights reserved.
*****************************************************************
A new (v18) player (SPICA325 7) connected.
SPICA325: init ok.  unum: 8 side: l
SPICA325 8: [-1, 0] (v18+) force synch see mode.
A new (v18) player (SPICA325 8) connected.
SPICA325: init ok.  unum: 7 side: l
SPICA325 3:  KickTable created.
SPICA325 7: [-1, 0] (v18+) force synch see mode.
SPICA325 3: [-1, 0] set synch see mode.
******************************************************************
 librcsc 
 Copyright 2000 - 2007. Hidehisa Akiyama.
 Copyright 2007 - 2011. Hidehisa Akiyama and Hiroki Shimora
 Copyright 2011 -  Hidehisa Akiyama, Hiroki Shimora
   Takuya Fukushima (2019-)
 All rights reserved.
******************************************************************
******************************************************************
 librcsc 
 Copyright 2000 - 2007. Hidehisa Akiyama.
 Copyright 2007 - 2011. Hidehisa Akiyama and Hiroki Shimora
 Copyright 2011 -  Hidehisa Akiyama, Hiroki Shimora
   Takuya Fukushima (2019-)
 All rights reserved.
******************************************************************
*****************************************************************
 This program is based on agent2d created by Hidehisa Akiyama.
 Copyright 2006 - 2011. Hidehisa Akiyama and Hiroki Shimora.
 All rights reserved.
*****************************************************************
A new (v18) player (SPICA325 9) connected.
******************************************************************
 librcsc 
 Copyright 2000 - 2007. Hidehisa Akiyama.
 Copyright 2007 - 2011. Hidehisa Akiyama and Hiroki Shimora
 Copyright 2011 -  Hidehisa Akiyama, Hiroki Shimora
   Takuya Fukushima (2019-)
 All rights reserved.
******************************************************************
SPICA325 2:  KickTable created.
SPICA325 2: [-1, 0] set synch see mode.
SPICA325: init ok.  unum: 9 side: l
SPICA325 9: [-1, 0] (v18+) force synch see mode.
*****************************************************************
 This program is based on agent2d created by Hidehisa Akiyama.
 Copyright 2006 - 2011. Hidehisa Akiyama and Hiroki Shimora.
 All rights reserved.
*****************************************************************
******************************************************************
 librcsc 
 Copyright 2000 - 2007. Hidehisa Akiyama.
 Copyright 2007 - 2011. Hidehisa Akiyama and Hiroki Shimora
 Copyright 2011 -  Hidehisa Akiyama, Hiroki Shimora
   Takuya Fukushima (2019-)
 All rights reserved.
******************************************************************
******************************************************************
 librcsc 
 Copyright 2000 - 2007. Hidehisa Akiyama.
 Copyright 2007 - 2011. Hidehisa Akiyama and Hiroki Shimora
 Copyright 2011 -  Hidehisa Akiyama, Hiroki Shimora
   Takuya Fukushima (2019-)
 All rights reserved.
******************************************************************
******************************************************************
 librcsc 
 Copyright 2000 - 2007. Hidehisa Akiyama.
 Copyright 2007 - 2011. Hidehisa Akiyama and Hiroki Shimora
 Copyright 2011 -  Hidehisa Akiyama, Hiroki Shimora
   Takuya Fukushima (2019-)
 All rights reserved.
******************************************************************
Read Setting: ./data/settings/Other.json
Read Setting: ./data/settings/Other.json
SPICA325: init ok.  unum: 10 side: l
SPICA325 10: [-1, 0] (v18+) force synch see mode.
A new (v18) player (SPICA325 10) connected.
SPICA325 5:  KickTable created.
SPICA325 5: [-1, 0] set synch see mode.
*****************************************************************
 This program is based on agent2d created by Hidehisa Akiyama.
 Copyright 2006 - 2011. Hidehisa Akiyama and Hiroki Shimora.
 All rights reserved.
*****************************************************************
A new (v18) player (CYRUS_VANILLA 2) connected.
******************************************************************
 librcsc 
 Copyright 2000 - 2007. Hidehisa Akiyama.
 Copyright 2007 - 2011. Hidehisa Akiyama and Hiroki Shimora
 Copyright 2011 -  Hidehisa Akiyama, Hiroki Shimora
   Takuya Fukushima (2019-)
 All rights reserved.
******************************************************************
SPICA325 CYRUS_VANILLA: init ok.  unum: 2 side: r
CYRUS_VANILLA 2: [-1, 0] (v18+) force synch see mode.
4:  KickTable created.
SPICA325 6:  KickTable created.
SPICA325 4: [-1, 0] set synch see mode.
SPICA325 6: [-1, 0] set synch see mode.
*****************************************************************
 This program is based on agent2d created by Hidehisa Akiyama.
 Copyright 2006 - 2011. Hidehisa Akiyama and Hiroki Shimora.
 All rights reserved.
*****************************************************************
A new (v18) player (SPICA325 11) connected.
SPICA325: init ok.  unum: 11 side: l
SPICA325 11: [-1, 0] (v18+) force synch see mode.
******************************************************************
 librcsc 
 Copyright 2000 - 2007. Hidehisa Akiyama.
 Copyright 2007 - 2011. Hidehisa Akiyama and Hiroki Shimora
 Copyright 2011 -  Hidehisa Akiyama, Hiroki Shimora
   Takuya Fukushima (2019-)
 All rights reserved.
******************************************************************
SPICA325 7:  KickTable created.
SPICA325 7: [-1, 0] set synch see mode.
SPICA325 8:  KickTable created.
******************************************************************
 librcsc 
 Copyright 2000 - 2007. Hidehisa Akiyama.
 Copyright 2007 - 2011. Hidehisa Akiyama and Hiroki Shimora
 Copyright 2011 -  Hidehisa Akiyama, Hiroki Shimora
   Takuya Fukushima (2019-)
 All rights reserved.
******************************************************************
*****************************************************************
 This program is based on agent2d created by Hidehisa Akiyama.
 Copyright 2006 - 2011. Hidehisa Akiyama and Hiroki Shimora.
 All rights reserved.
*****************************************************************
A new (v18) online coach (CYRUS_VANILLA) connected.
SPICA325 9:  KickTable created.
SPICA325 9: [-1, 0] set synch see mode.
*****************************************************************
 This program is based on agent2d created by Hidehisa Akiyama.
 Copyright 2006 - 2011. Hidehisa Akiyama and Hiroki Shimora.
 All rights reserved.
*****************************************************************
SPICA325 8: [-1, 0] set synch see mode.
A new (v18) player (CYRUS_VANILLA 3) connected.
CYRUS_VANILLA coach: [-1, 0] recv (ok eye on)
CYRUS_VANILLA: init ok.  unum: 3 side: r
CYRUS_VANILLA 3: [-1, 0] (v18+) force synch see mode.
*****************************************************************
 This program is based on agent2d created by Hidehisa Akiyama.
 Copyright 2006 - 2011. Hidehisa Akiyama and Hiroki Shimora.
 All rights reserved.
*****************************************************************
*****************************************************************
 This program is based on agent2d created by Hidehisa Akiyama.
 Copyright 2006 - 2011. Hidehisa Akiyama and Hiroki Shimora.
 All rights reserved.
*****************************************************************
CYRUS_VANILLA 2:  KickTable created.
CYRUS_VANILLA 2: [-1, 0] set synch see mode.
*****************************************************************
 This program is based on agent2d created by Hidehisa Akiyama.
 Copyright 2006 - 2011. Hidehisa Akiyama and Hiroki Shimora.
 All rights reserved.
*****************************************************************
SPICA325 10:  KickTable created.
SPICA325 10: [-1, 0] set synch see mode.
SPICA325 11:  KickTable created.
SPICA325 11: [-1, 0] set synch see mode.
*****************************************************************
 This program is based on agent2d created by Hidehisa Akiyama.
 Copyright 2006 - 2011. Hidehisa Akiyama and Hiroki Shimora.
 All rights reserved.
*****************************************************************
*****************************************************************
 This program is based on agent2d created by Hidehisa Akiyama.
 Copyright 2006 - 2011. Hidehisa Akiyama and Hiroki Shimora.
 All rights reserved.
*****************************************************************
*****************************************************************
 This program is based on agent2d created by Hidehisa Akiyama.
 Copyright 2006 - 2011. Hidehisa Akiyama and Hiroki Shimora.
 All rights reserved.
*****************************************************************
Read Setting: ./data/settings/Other.json
Read Setting: ./data/settings/Other.json
Read Setting: ./data/settings/Other.json
Read Setting: ./data/settings/Other.json
Read Setting: ./data/settings/Other.json
CYRUS_VANILLA: init ok.  unum: 4 side: r
CYRUS_VANILLA 4: [-1, 0] (v18+) force synch see mode.
A new (v18) player (CYRUS_VANILLA 4) connected.
CYRUS_VANILLA: init ok.  unum: 5 side: r
CYRUS_VANILLA 5: [-1, 0] (v18+) force synch see mode.
A new (v18) player (CYRUS_VANILLA 5) connected.
A new (v18) player (CYRUS_VANILLA 6) connected.
CYRUS_VANILLA: init ok.  unum: 7 side: r
CYRUS_VANILLA 7: [-1, 0] (v18+) force synch see mode.
A new (v18) player (CYRUS_VANILLA 7) connected.
A new (v18) player (CYRUS_VANILLA 8) connected.
A new (v18) player (CYRUS_VANILLA 9) connected.
Read Setting: ./data/settings/Other.json
CYRUS_VANILLA: init ok.  unum: 8 side: r
CYRUS_VANILLA 8: [-1, 0] (v18+) force synch see mode.
CYRUS_VANILLA: init ok.  unum: 9 side: r
CYRUS_VANILLA: init ok.  unum: 6 side: r
CYRUS_VANILLA 9: [-1, 0] (v18+) force synch see mode.
CYRUS_VANILLA 6: [-1, 0] (v18+) force synch see mode.
*****************************************************************
 This program is based on agent2d created by Hidehisa Akiyama.
 Copyright 2006 - 2011. Hidehisa Akiyama and Hiroki Shimora.
 All rights reserved.
*****************************************************************
A new (v18) player (CYRUS_VANILLA 10) connected.
CYRUS_VANILLA: init ok.  unum: 10 side: r
CYRUS_VANILLA 10: [-1, 0] (v18+) force synch see mode.
*****************************************************************
 This program is based on agent2d created by Hidehisa Akiyama.
 Copyright 2006 - 2011. Hidehisa Akiyama and Hiroki Shimora.
 All rights reserved.
*****************************************************************
CYRUS_VANILLA: init ok.  unum: 11 side: r
CYRUS_VANILLA 11: [-1, 0] (v18+) force synch see mode.
A new (v18) player (CYRUS_VANILLA 11) connected.
CYRUS_VANILLA 3:  KickTable created.
CYRUS_VANILLA 3: [-1, 0] set synch see mode.
CYRUS_VANILLA 8:  KickTable created.
CYRUS_VANILLA 8: [-1, 0] set synch see mode.
CYRUS_VANILLA 7:  KickTable created.
CYRUS_VANILLA 4:  KickTable created.
CYRUS_VANILLA 4: [-1, 0] set synch see mode.
CYRUS_VANILLA 9:  KickTable created.
CYRUS_VANILLA 9: [-1, 0] set synch see mode.
CYRUS_VANILLA 7: [-1, 0] set synch see mode.
CYRUS_VANILLA 6:  KickTable created.
CYRUS_VANILLA 6: [-1, 0] set synch see mode.
CYRUS_VANILLA 5:  KickTable created.
CYRUS_VANILLA 5: [-1, 0] set synch see mode.
CYRUS_VANILLA 11:  KickTable created.
CYRUS_VANILLA 11: [-1, 0] set synch see mode.
CYRUS_VANILLA 10:  KickTable created.
CYRUS_VANILLA 10: [-1, 0] set synch see mode.
Read Setting: ./data/settings/Other.json
Read Setting: ./data/settings/Other.json
id speed step inc  power  stam  karea
 0 1.000   6  45.0 100.0  55.0  1.085
 1 0.982   6  46.9 100.0  53.1  1.091
 2 0.933   6  47.6 100.0  52.4  1.083
 3 0.792   5  50.0 100.0  50.0  1.057
 4 0.770   4  48.0 100.0  52.0  1.060
 5 0.986   5  40.3 100.0  59.7  1.018
 6 0.954   6  49.6 100.0  50.4  1.120
 7 0.810   5  47.2 100.0  52.8  0.986
 8 0.986   6  42.1 100.0  57.9  1.038
 9 0.974   6  46.4 100.0  53.6  1.176
 10 0.864   4  45.5 100.0  54.5  1.074
 11 0.764   7  52.0 100.0  48.0  1.082
 12 1.021   6  43.9 100.0  56.1  1.006
 13 0.923   5  42.5 100.0  57.5  1.150
 14 0.949   5  43.0 100.0  57.0  1.001
 15 0.818   5  40.6 100.0  59.4  0.986
 16 0.919   7  50.6 100.0  49.4  1.116
 17 0.917   5  42.9 100.0  57.1  1.050
$$$$$$$$$$$$$$$$$$$$$$$$isother
SPICA325 coach: change player 1 to type 0
SPICA325 coach: change player 9 to type 12
SPICA325 coach: change player 2 to type 5
SPICA325 coach: change player 11 to type 1
SPICA325 coach: change player 4 to type 8
SPICA325 coach: change player 10 to type 9
SPICA325 coach: change player 3 to type 14
SPICA325 coach: change player 5 to type 6
SPICA325 coach: change player 7 to type 2
SPICA325 coach: change player 8 to type 17
SPICA325 coach: change player 6 to type 13
id speed step inc  power  stam  karea
 0 1.000   6  45.0 100.0  55.0  1.085
 1 0.982   6  46.9 100.0  53.1  1.091
 2 0.933   6  47.6 100.0  52.4  1.083
 3 0.792   5  50.0 100.0  50.0  1.057
 4 0.770   4  48.0 100.0  52.0  1.060
 5 0.986   5  40.3 100.0  59.7  1.018
 6 0.954   6  49.6 100.0  50.4  1.120
 7 0.810   5  47.2 100.0  52.8  0.986
 8 0.986   6  42.1 100.0  57.9  1.038
 9 0.974   6  46.4 100.0  53.6  1.176
 10 0.864   4  45.5 100.0  54.5  1.074
 11 0.764   7  52.0 100.0  48.0  1.082
 12 1.021   6  43.9 100.0  56.1  1.006
 13 0.923   5  42.5 100.0  57.5  1.150
 14 0.949   5  43.0 100.0  57.0  1.001
 15 0.818   5  40.6 100.0  59.4  0.986
 16 0.919   7  50.6 100.0  49.4  1.116
 17 0.917   5  42.9 100.0  57.1  1.050
$$$$$$$$$$$$$$$$$$$$$$$$isother
CYRUS_VANILLA coach: change player 1 to type 0
CYRUS_VANILLA coach: change player 9 to type 12
CYRUS_VANILLA coach: change player 2 to type 5
CYRUS_VANILLA coach: change player 11 to type 1
CYRUS_VANILLA coach: change player 4 to type 8
CYRUS_VANILLA coach: change player 10 to type 9
CYRUS_VANILLA coach: change player 3 to type 14
CYRUS_VANILLA coach: change player 5 to type 6
CYRUS_VANILLA coach: change player 7 to type 2
CYRUS_VANILLA coach: change player 8 to type 17
CYRUS_VANILLA coach: change player 6 to type 13
Read Setting: ./data/settings/Other.json
Read Setting: ./data/settings/Other.json
Read Setting: ./data/settings/Other.json
Read Setting: ./data/settings/Other.json
Read Setting: ./data/settings/Other.json
Read Setting: ./data/settings/Other.json
Read Setting: ./data/settings/Other.json
Read Setting: ./data/settings/Other.json
Read Setting: ./data/settings/Other.json
Read Setting: ./data/settings/Other.json
Waiting to kick off
Kick_off_left
SPICA325 coach: [94, 0] no player type for opponent 8. restart analysis.
SPICA325 coach: [94, 0] no player type for opponent 2. restart analysis.
SPICA325 coach: [94, 0] no player type for opponent 11. restart analysis.
SPICA325 coach: [94, 0] no player type for opponent 7. restart analysis.
CYRUS_VANILLA coach: [94, 0] no player type for opponent 11. restart analysis.
SPICA325 coach: [95, 0] no player type for opponent 10. restart analysis.
SPICA325 coach: [95, 0] no player type for opponent 2. restart analysis.
CYRUS_VANILLA coach: [96, 0] determined opponent 6 type = 13
SPICA325 coach: [96, 0] no player type for opponent 10. restart analysis.
SPICA325 coach: [96, 0] no player type for opponent 11. restart analysis.
SPICA325 coach: [96, 0] no player type for opponent 7. restart analysis.
SPICA325 coach: [96, 0] no player type for opponent 3. restart analysis.
SPICA325 coach: [97, 0] no player type for opponent 11. restart analysis.
SPICA325 coach: [97, 0] no player type for opponent 10. restart analysis.
CYRUS_VANILLA coach: [98, 0] determined opponent 5 type = 6
CYRUS_VANILLA coach: [98, 0] no player type for opponent 11. restart analysis.
SPICA325 coach: [98, 0] no player type for opponent 5. restart analysis.
SPICA325 coach: [98, 0] no player type for opponent 4. restart analysis.
SPICA325 coach: [99, 0] no player type for opponent 8. restart analysis.
SPICA325 coach: [99, 0] no player type for opponent 10. restart analysis.
SPICA325 coach: [99, 0] no player type for opponent 5. restart analysis.
SPICA325 coach: [100, 0] no player type for opponent 10. restart analysis.
CYRUS_VANILLA coach: [100, 0] no player type for opponent 11. restart analysis.
CYRUS_VANILLA coach: [101, 0] no player type for opponent 11. restart analysis.
CYRUS_VANILLA coach: [101, 0] no player type for opponent 8. restart analysis.
SPICA325 coach: [101, 0] no player type for opponent 6. restart analysis.
SPICA325 coach: [101, 0] no player type for opponent 7. restart analysis.
CYRUS_VANILLA coach: [102, 0] no player type for opponent 11. restart analysis.
CYRUS_VANILLA coach: [102, 0] no player type for opponent 8. restart analysis.
SPICA325 coach: [102, 0] determined opponent 2 type = 5
SPICA325 coach: [102, 0] no player type for opponent 6. restart analysis.
SPICA325 coach: [103, 0] no player type for opponent 8. restart analysis.
SPICA325 coach: [103, 0] no player type for opponent 11. restart analysis.
SPICA325 coach: [103, 0] no player type for opponent 3. restart analysis.
SPICA325 coach: [104, 0] no player type for opponent 10. restart analysis.
CYRUS_VANILLA coach: [104, 0] no player type for opponent 8. restart analysis.
SPICA325 coach: [105, 0] determined opponent 5 type = 6
SPICA325 coach: [105, 0] no player type for opponent 9. restart analysis.
SPICA325 coach: [106, 0] no player type for opponent 10. restart analysis.
SPICA325 coach: [106, 0] no player type for opponent 1. restart analysis.
CYRUS_VANILLA coach: [106, 0] determined opponent 9 type = 12
CYRUS_VANILLA coach: [107, 0] determined opponent 7 type = 2
SPICA325 coach: [107, 0] no player type for opponent 6. restart analysis.
SPICA325 coach: [107, 0] no player type for opponent 11. restart analysis.
SPICA325 coach: [108, 0] no player type for opponent 8. restart analysis.
SPICA325 coach: [108, 0] no player type for opponent 10. restart analysis.
SPICA325 coach: [109, 0] no player type for opponent 4. restart analysis.
SPICA325 coach: [109, 0] no player type for opponent 10. restart analysis.
SPICA325 coach: [109, 0] no player type for opponent 11. restart analysis.
SPICA325 coach: [109, 0] no player type for opponent 9. restart analysis.
CYRUS_VANILLA coach: [109, 0] no player type for opponent 10. restart analysis.
SPICA325 coach: [110, 0] no player type for opponent 8. restart analysis.
SPICA325 coach: [110, 0] determined opponent 3 type = 14
SPICA325 coach: [110, 0] no player type for opponent 9. restart analysis.
SPICA325 coach: [111, 0] no player type for opponent 6. restart analysis.
SPICA325 coach: [111, 0] no player type for opponent 10. restart analysis.
SPICA325 coach: [111, 0] no player type for opponent 7. restart analysis.
CYRUS_VANILLA coach: [112, 0] no player type for opponent 10. restart analysis.
CYRUS_VANILLA coach: [112, 0] no player type for opponent 3. restart analysis.
SPICA325 coach: [113, 0] no player type for opponent 6. restart analysis.
CYRUS_VANILLA coach: [114, 0] no player type for opponent 3. restart analysis.
SPICA325 coach: [114, 0] no player type for opponent 8. restart analysis.
SPICA325 coach: [115, 0] no player type for opponent 4. restart analysis.
SPICA325 coach: [116, 0] no player type for opponent 11. restart analysis.
CYRUS_VANILLA coach: [117, 0] no player type for opponent 10. restart analysis.
CYRUS_VANILLA coach: [117, 0] no player type for opponent 8. restart analysis.
SPICA325 coach: [117, 0] no player type for opponent 8. restart analysis.
SPICA325 coach: [117, 0] no player type for opponent 6. restart analysis.
SPICA325 coach: [117, 0] no player type for opponent 7. restart analysis.
SPICA325 coach: [118, 0] no player type for opponent 10. restart analysis.
CYRUS_VANILLA coach: [118, 0] no player type for opponent 3. restart analysis.
CYRUS_VANILLA coach: [118, 0] no player type for opponent 10. restart analysis.
SPICA325 coach: [119, 0] no player type for opponent 6. restart analysis.
CYRUS_VANILLA coach: [120, 0] no player type for opponent 3. restart analysis.
SPICA325 coach: [120, 0] no player type for opponent 6. restart analysis.
SPICA325 coach: [120, 0] no player type for opponent 7. restart analysis.
SPICA325 coach: [121, 0] no player type for opponent 6. restart analysis.
CYRUS_VANILLA coach: [121, 0] no player type for opponent 3. restart analysis.
SPICA325 coach: [122, 0] no player type for opponent 6. restart analysis.
SPICA325 coach: [122, 0] no player type for opponent 10. restart analysis.
SPICA325 coach: [123, 0] no player type for opponent 6. restart analysis.
SPICA325 coach: [124, 0] no player type for opponent 11. restart analysis.
CYRUS_VANILLA coach: [125, 0] determined opponent 2 type = 5
SPICA325 coach: [125, 0] no player type for opponent 10. restart analysis.
SPICA325 coach: [126, 0] no player type for opponent 7. restart analysis.
SPICA325 coach: [127, 0] no player type for opponent 9. restart analysis.
SPICA325 coach: [128, 0] no player type for opponent 10. restart analysis.
SPICA325 coach: [129, 0] no player type for opponent 4. restart analysis.
SPICA325 coach: [129, 0] no player type for opponent 10. restart analysis.
SPICA325 coach: [129, 0] no player type for opponent 6. restart analysis.
CYRUS_VANILLA coach: [129, 0] no player type for opponent 8. restart analysis.
SPICA325 coach: [131, 0] no player type for opponent 6. restart analysis.
SPICA325 coach: [132, 0] determined opponent 4 type = 8
SPICA325 coach: [132, 0] no player type for opponent 9. restart analysis.
SPICA325 coach: [134, 0] no player type for opponent 10. restart analysis.
CYRUS_VANILLA coach: [135, 0] no player type for opponent 10. restart analysis.
SPICA325 coach: [136, 0] no player type for opponent 11. restart analysis.
SPICA325 coach: [137, 0] no player type for opponent 10. restart analysis.
SPICA325 coach: [138, 0] no player type for opponent 11. restart analysis.
SPICA325 coach: [138, 0] no player type for opponent 7. restart analysis.
CYRUS_VANILLA coach: [138, 0] no player type for opponent 10. restart analysis.
SPICA325 coach: [142, 0] no player type for opponent 8. restart analysis.
SPICA325 coach: [143, 0] no player type for opponent 8. restart analysis.
SPICA325 coach: [144, 0] determined opponent 6 type = 13
SPICA325 coach: [146, 0] no player type for opponent 10. restart analysis.
SPICA325 coach: [147, 0] no player type for opponent 8. restart analysis.
CYRUS_VANILLA coach: [147, 0] no player type for opponent 11. restart analysis.
CYRUS_VANILLA coach: [148, 0] determined opponent 3 type = 14
CYRUS_VANILLA coach: [150, 0] no player type for opponent 10. restart analysis.
SPICA325 coach: [151, 0] no player type for opponent 8. restart analysis.
SPICA325 5: [152, 0]  WARNING. no turn_neck.
SPICA325 coach: [153, 0] no player type for opponent 10. restart analysis.
SPICA325 5: [153, 0]  WARNING. no turn_neck.
SPICA325 coach: [155, 0] no player type for opponent 7. restart analysis.
SPICA325 coach: [157, 0] no player type for opponent 7. restart analysis.
CYRUS_VANILLA coach: [158, 0] no player type for opponent 8. restart analysis.
SPICA325 coach: [159, 0] no player type for opponent 10. restart analysis.
SPICA325 coach: [159, 0] no player type for opponent 7. restart analysis.
CYRUS_VANILLA coach: [161, 0] no player type for opponent 8. restart analysis.
SPICA325 coach: [162, 0] no player type for opponent 7. restart analysis.
CYRUS_VANILLA coach: [163, 0] no player type for opponent 11. restart analysis.
SPICA325 coach: [164, 0] no player type for opponent 10. restart analysis.
CYRUS_VANILLA coach: [164, 0] no player type for opponent 8. restart analysis.
CYRUS_VANILLA coach: [165, 0] no player type for opponent 11. restart analysis.
CYRUS_VANILLA coach: [165, 0] no player type for opponent 10. restart analysis.
CYRUS_VANILLA coach: [166, 0] no player type for opponent 11. restart analysis.
CYRUS_VANILLA coach: [166, 0] no player type for opponent 8. restart analysis.
CYRUS_VANILLA coach: [167, 0] no player type for opponent 8. restart analysis.
CYRUS_VANILLA coach: [167, 0] no player type for opponent 11. restart analysis.
SPICA325 coach: [167, 0] no player type for opponent 7. restart analysis.
CYRUS_VANILLA coach: [168, 0] no player type for opponent 11. restart analysis.
SPICA325 coach: [169, 0] no player type for opponent 7. restart analysis.
SPICA325 coach: [169, 0] no player type for opponent 10. restart analysis.
CYRUS_VANILLA coach: [169, 0] no player type for opponent 8. restart analysis.
CYRUS_VANILLA coach: [169, 0] no player type for opponent 10. restart analysis.
CYRUS_VANILLA coach: [169, 0] no player type for opponent 11. restart analysis.
SPICA325 coach: [171, 0] no player type for opponent 7. restart analysis.
CYRUS_VANILLA coach: [172, 0] no player type for opponent 10. restart analysis.
SPICA325 coach: [172, 0] no player type for opponent 11. restart analysis.
SPICA325 coach: [172, 0] no player type for opponent 10. restart analysis.
CYRUS_VANILLA coach: [173, 0] no player type for opponent 11. restart analysis.
SPICA325 coach: [173, 0] no player type for opponent 7. restart analysis.
CYRUS_VANILLA coach: [174, 0] no player type for opponent 11. restart analysis.
SPICA325 coach: [175, 0] no player type for opponent 10. restart analysis.
CYRUS_VANILLA coach: [175, 0] no player type for opponent 10. restart analysis.
SPICA325 coach: [176, 0] no player type for opponent 9. restart analysis.
CYRUS_VANILLA coach: [176, 0] no player type for opponent 11. restart analysis.
SPICA325 coach: [177, 0] no player type for opponent 8. restart analysis.
SPICA325 coach: [177, 0] no player type for opponent 11. restart analysis.
SPICA325 coach: [177, 0] no player type for opponent 9. restart analysis.
SPICA325 coach: [179, 0] no player type for opponent 8. restart analysis.
SPICA325 coach: [181, 0] no player type for opponent 11. restart analysis.
SPICA325 coach: [184, 0] no player type for opponent 10. restart analysis.
CYRUS_VANILLA coach: [185, 0] no player type for opponent 8. restart analysis.
SPICA325 coach: [185, 0] no player type for opponent 11. restart analysis.
SPICA325 coach: [185, 0] no player type for opponent 7. restart analysis.
SPICA325 coach: [185, 0] no player type for opponent 9. restart analysis.
CYRUS_VANILLA coach: [186, 0] determined opponent 11 type = 1
CYRUS_VANILLA coach: [186, 0] determined opponent 10 type = 9
SPICA325 coach: [186, 0] no player type for opponent 8. restart analysis.
SPICA325 coach: [186, 0] no player type for opponent 11. restart analysis.
SPICA325 coach: [187, 0] no player type for opponent 8. restart analysis.
SPICA325 coach: [187, 0] no player type for opponent 11. restart analysis.
SPICA325 coach: [187, 0] no player type for opponent 7. restart analysis.
layerSize: 3
SPICA325 coach: [191, 0] no player type for opponent 8. restart analysis.
SPICA325 coach: [193, 0] no player type for opponent 9. restart analysis.
SPICA325 coach: [194, 0] no player type for opponent 1. restart analysis.
SPICA325 coach: [195, 0] no player type for opponent 10. restart analysis.
SPICA325 coach: [198, 0] no player type for opponent 7. restart analysis.
SPICA325 coach: [199, 0] no player type for opponent 7. restart analysis.
SPICA325 coach: [201, 0] no player type for opponent 8. restart analysis.
SPICA325 coach: [203, 0] no player type for opponent 11. restart analysis.
SPICA325 coach: [204, 0] no player type for opponent 10. restart analysis.
SPICA325 coach: [207, 0] no player type for opponent 11. restart analysis.
SPICA325 coach: [208, 0] no player type for opponent 7. restart analysis.
SPICA325 coach: [209, 0] no player type for opponent 10. restart analysis.
SPICA325 coach: [210, 0] no player type for opponent 8. restart analysis.
SPICA325 coach: [213, 0] no player type for opponent 10. restart analysis.
SPICA325 coach: [218, 0] no player type for opponent 11. restart analysis.
CYRUS_VANILLA coach: [223, 0] determined opponent 4 type = 8
CYRUS_VANILLA coach: [223, 0] determined opponent 1 type = 0
SPICA325 coach: [224, 0] determined opponent 9 type = 12
SPICA325 coach: [225, 0] determined opponent 7 type = 2
SPICA325 coach: [228, 0] no player type for opponent 11. restart analysis.
CYRUS_VANILLA coach: [228, 0] no player type for opponent 8. restart analysis.
SPICA325 coach: [229, 0] no player type for opponent 11. restart analysis.
CYRUS_VANILLA coach: [230, 0] no player type for opponent 8. restart analysis.
SPICA325 coach: [231, 0] no player type for opponent 10. restart analysis.
SPICA325 coach: [235, 0] no player type for opponent 11. restart analysis.
SPICA325 coach: [238, 0] no player type for opponent 10. restart analysis.
SPICA325 coach: [242, 0] no player type for opponent 11. restart analysis.
SPICA325 coach: [242, 0] no player type for opponent 10. restart analysis.
SPICA325 coach: [243, 0] no player type for opponent 8. restart analysis.
SPICA325 coach: [244, 0] no player type for opponent 10. restart analysis.
SPICA325 coach: [246, 0] no player type for opponent 10. restart analysis.
SPICA325 coach: [247, 0] no player type for opponent 8. restart analysis.
SPICA325 coach: [251, 0] no player type for opponent 10. restart analysis.
SPICA325 coach: [252, 0] no player type for opponent 10. restart analysis.
SPICA325 coach: [253, 0] no player type for opponent 11. restart analysis.
SPICA325 coach: [253, 0] no player type for opponent 10. restart analysis.
SPICA325 coach: [253, 0] no player type for opponent 1. restart analysis.
CYRUS_VANILLA coach: [253, 0] no player type for opponent 8. restart analysis.
CYRUS_VANILLA coach: [254, 0] no player type for opponent 8. restart analysis.
SPICA325 coach: [254, 0] no player type for opponent 10. restart analysis.
SPICA325 coach: [254, 0] no player type for opponent 8. restart analysis.
CYRUS_VANILLA coach: [255, 0] no player type for opponent 8. restart analysis.
CYRUS_VANILLA coach: [260, 0] no player type for opponent 8. restart analysis.
SPICA325 coach: [261, 0] no player type for opponent 8. restart analysis.
SPICA325 coach: [262, 0] no player type for opponent 10. restart analysis.
SPICA325 coach: [265, 0] no player type for opponent 8. restart analysis.
SPICA325 coach: [266, 0] no player type for opponent 8. restart analysis.
CYRUS_VANILLA coach: [270, 0] no player type for opponent 8. restart analysis.
SPICA325 coach: [272, 0] no player type for opponent 10. restart analysis.
CYRUS_VANILLA coach: [272, 0] no player type for opponent 8. restart analysis.
SPICA325 coach: [274, 0] no player type for opponent 10. restart analysis.
SPICA325 coach: [275, 0] no player type for opponent 11. restart analysis.
SPICA325 coach: [278, 0] no player type for opponent 11. restart analysis.
SPICA325 coach: [278, 0] no player type for opponent 10. restart analysis.
SPICA325 coach: [279, 0] no player type for opponent 11. restart analysis.
SPICA325 coach: [286, 0] no player type for opponent 11. restart analysis.
SPICA325 coach: [286, 0] no player type for opponent 10. restart analysis.
SPICA325 coach: [288, 0] no player type for opponent 11. restart analysis.
SPICA325 coach: [290, 0] no player type for opponent 11. restart analysis.
SPICA325 coach: [293, 0] no player type for opponent 10. restart analysis.
CYRUS_VANILLA coach: [293, 0] no player type for opponent 8. restart analysis.
SPICA325 coach: [294, 0] no player type for opponent 10. restart analysis.
CYRUS_VANILLA coach: [294, 0] no player type for opponent 8. restart analysis.
SPICA325 coach: [295, 0] no player type for opponent 10. restart analysis.
SPICA325 coach: [296, 0] no player type for opponent 10. restart analysis.
CYRUS_VANILLA coach: [297, 0] no player type for opponent 8. restart analysis.
CYRUS_VANILLA coach: [298, 0] no player type for opponent 8. restart analysis.
CYRUS_VANILLA coach: [301, 0] updated clang capacity.
SPICA325 coach: [301, 0] updated clang capacity.
SPICA325 coach: [303, 0] no player type for opponent 10. restart analysis.
CYRUS_VANILLA coach: [306, 0] no player type for opponent 8. restart analysis.
CYRUS_VANILLA coach: [309, 0] no player type for opponent 8. restart analysis.
SPICA325 coach: [313, 0] no player type for opponent 11. restart analysis.
SPICA325 coach: [314, 0] no player type for opponent 11. restart analysis.
SPICA325 coach: [316, 0] no player type for opponent 11. restart analysis.
SPICA325 coach: [317, 0] no player type for opponent 8. restart analysis.
SPICA325 coach: [318, 0] no player type for opponent 11. restart analysis.
SPICA325 coach: [319, 0] no player type for opponent 11. restart analysis.
SPICA325 coach: [321, 0] no player type for opponent 11. restart analysis.
SPICA325 coach: [329, 0] no player type for opponent 8. restart analysis.
SPICA325 coach: [332, 0] no player type for opponent 8. restart analysis.
SPICA325 coach: [335, 0] no player type for opponent 8. restart analysis.
SPICA325 coach: [339, 0] no player type for opponent 10. restart analysis.
SPICA325 coach: [341, 0] no player type for opponent 8. restart analysis.
SPICA325 coach: [342, 0] no player type for opponent 8. restart analysis.
SPICA325 coach: [346, 0] no player type for opponent 11. restart analysis.
SPICA325 coach: [350, 0] no player type for opponent 8. restart analysis.
SPICA325 coach: [356, 0] no player type for opponent 10. restart analysis.
CYRUS_VANILLA coach: [357, 0] no player type for opponent 8. restart analysis.
SPICA325 coach: [365, 0] no player type for opponent 11. restart analysis.
SPICA325 coach: [366, 0] no player type for opponent 11. restart analysis.
SPICA325 coach: [369, 0] no player type for opponent 11. restart analysis.
SPICA325 coach: [371, 0] no player type for opponent 10. restart analysis.
SPICA325 coach: [376, 0] no player type for opponent 8. restart analysis.
SPICA325 coach: [380, 0] no player type for opponent 11. restart analysis.
SPICA325 coach: [381, 0] no player type for opponent 11. restart analysis.
CYRUS_VANILLA coach: [385, 0] no player type for opponent 8. restart analysis.
SPICA325 coach: [386, 0] no player type for opponent 11. restart analysis.
SPICA325 coach: [387, 0] no player type for opponent 10. restart analysis.
SPICA325 coach: [388, 0] no player type for opponent 11. restart analysis.
SPICA325 coach: [391, 0] no player type for opponent 10. restart analysis.
SPICA325 coach: [393, 0] no player type for opponent 10. restart analysis.
SPICA325 coach: [394, 0] no player type for opponent 10. restart analysis.
SPICA325 coach: [395, 0] no player type for opponent 10. restart analysis.
SPICA325 coach: [397, 0] no player type for opponent 11. restart analysis.
SPICA325 coach: [399, 0] no player type for opponent 11. restart analysis.
SPICA325 coach: [399, 0] no player type for opponent 10. restart analysis.
SPICA325 coach: [400, 0] no player type for opponent 11. restart analysis.
SPICA325 coach: [401, 0] no player type for opponent 11. restart analysis.
SPICA325 coach: [401, 0] no player type for opponent 10. restart analysis.
SPICA325 coach: [403, 0] no player type for opponent 11. restart analysis.
SPICA325 coach: [405, 0] no player type for opponent 11. restart analysis.
SPICA325 coach: [406, 0] no player type for opponent 11. restart analysis.
CYRUS_VANILLA coach: [413, 0] no player type for opponent 8. restart analysis.
SPICA325 coach: [419, 0] no player type for opponent 8. restart analysis.
SPICA325 coach: [428, 0] no player type for opponent 10. restart analysis.
SPICA325 coach: [432, 0] no player type for opponent 8. restart analysis.
CYRUS_VANILLA coach: [432, 0] no player type for opponent 8. restart analysis.
SPICA325 coach: [433, 0] no player type for opponent 10. restart analysis.
SPICA325 coach: [434, 0] no player type for opponent 8. restart analysis.
SPICA325 coach: [436, 0] no player type for opponent 10. restart analysis.
SPICA325 coach: [437, 0] no player type for opponent 10. restart analysis.
CYRUS_VANILLA coach: [440, 0] no player type for opponent 8. restart analysis.
SPICA325 coach: [441, 0] no player type for opponent 10. restart analysis.
CYRUS_VANILLA coach: [448, 0] no player type for opponent 8. restart analysis.
layerSize: 3
SPICA325 coach: [453, 0] no player type for opponent 11. restart analysis.
SPICA325 coach: [458, 0] no player type for opponent 8. restart analysis.
SPICA325 coach: [460, 0] no player type for opponent 8. restart analysis.
SPICA325 coach: [467, 0] no player type for opponent 11. restart analysis.
SPICA325 coach: [469, 0] no player type for opponent 11. restart analysis.
SPICA325 coach: [471, 0] no player type for opponent 10. restart analysis.
SPICA325 coach: [472, 0] no player type for opponent 10. restart analysis.
SPICA325 coach: [478, 0] no player type for opponent 10. restart analysis.
SPICA325 coach: [479, 0] no player type for opponent 10. restart analysis.
SPICA325 coach: [482, 0] determined opponent 10 type = 9
SPICA325 coach: [485, 0] determined opponent 11 type = 1
CYRUS_VANILLA coach: [488, 0] no player type for opponent 8. restart analysis.
SPICA325 coach: [490, 0] no player type for opponent 8. restart analysis.
SPICA325 coach: [493, 0] no player type for opponent 8. restart analysis.
SPICA325 coach: [512, 0] no player type for opponent 8. restart analysis.
SPICA325 coach: [514, 0] no player type for opponent 8. restart analysis.
SPICA325 coach: [525, 0] no player type for opponent 8. restart analysis.
CYRUS_VANILLA coach: [548, 0] no player type for opponent 8. restart analysis.
SPICA325 coach: [553, 0] no player type for opponent 8. restart analysis.
SPICA325 coach: [555, 0] sent freeform (player_types (1 -1)(2 5)(3 14)(4 8)(5 6)(6 13)(7 2)(8 -1)(9 12)(10 9)(11 1))
SPICA325 coach: [555, 0] freeform 1 / 128
CYRUS_VANILLA coach: [555, 0] sent freeform (player_types (1 0)(2 5)(3 14)(4 8)(5 6)(6 13)(7 2)(8 -1)(9 12)(10 9)(11 1))
CYRUS_VANILLA coach: [555, 0] freeform 1 / 128
CYRUS_VANILLA coach: [601, 0] updated clang capacity.
SPICA325 coach: [601, 0] updated clang capacity.
SPICA325 coach: [630, 0] no player type for opponent 8. restart analysis.
CYRUS_VANILLA 11: [630, 0] lost kick by foul at [630, 0] sense=17 internal=18
SPICA325 coach: [634, 0] no player type for opponent 8. restart analysis.
CYRUS_VANILLA coach: [644, 0] no player type for opponent 8. restart analysis.
CYRUS_VANILLA coach: [649, 0] no player type for opponent 8. restart analysis.
CYRUS_VANILLA coach: [650, 0] no player type for opponent 8. restart analysis.
SPICA325 coach: [658, 0] no player type for opponent 8. restart analysis.
SPICA325 coach: [672, 0] no player type for opponent 8. restart analysis.
CYRUS_VANILLA coach: [683, 0] no player type for opponent 8. restart analysis.
CYRUS_VANILLA coach: [685, 0] no player type for opponent 8. restart analysis.
SPICA325 coach: [691, 0] no player type for opponent 8. restart analysis.
CYRUS_VANILLA coach: [691, 0] no player type for opponent 8. restart analysis.
CYRUS_VANILLA coach: [693, 0] no player type for opponent 8. restart analysis.
CYRUS_VANILLA coach: [697, 0] no player type for opponent 8. restart analysis.
SPICA325 coach: [710, 0] no player type for opponent 8. restart analysis.
SPICA325 coach: [711, 0] no player type for opponent 1. restart analysis.
CYRUS_VANILLA coach: [723, 0] determined opponent 8 type = 17
SPICA325 coach: [733, 0] no player type for opponent 8. restart analysis.
SPICA325 coach: [743, 0] no player type for opponent 8. restart analysis.
SPICA325 coach: [747, 0] no player type for opponent 8. restart analysis.
SPICA325 coach: [748, 0] no player type for opponent 8. restart analysis.
SPICA325 coach: [750, 0] no player type for opponent 8. restart analysis.
SPICA325 coach: [751, 0] no player type for opponent 8. restart analysis.
SPICA325 coach: [756, 0] no player type for opponent 8. restart analysis.
SPICA325 coach: [759, 0] no player type for opponent 8. restart analysis.
SPICA325 coach: [764, 0] no player type for opponent 8. restart analysis.
SPICA325 coach: [792, 0] no player type for opponent 8. restart analysis.
SPICA325 coach: [795, 0] no player type for opponent 8. restart analysis.
SPICA325 coach: [827, 0] no player type for opponent 8. restart analysis.
SPICA325 coach: [846, 0] no player type for opponent 8. restart analysis.
SPICA325 coach: [848, 0] no player type for opponent 8. restart analysis.
SPICA325 coach: [850, 0] no player type for opponent 8. restart analysis.
SPICA325 coach: [860, 0] no player type for opponent 8. restart analysis.
SPICA325 coach: [862, 0] no player type for opponent 8. restart analysis.
SPICA325 coach: [863, 0] no player type for opponent 8. restart analysis.
SPICA325 coach: [864, 0] no player type for opponent 8. restart analysis.
SPICA325 coach: [865, 0] no player type for opponent 8. restart analysis.
SPICA325 coach: [867, 0] no player type for opponent 8. restart analysis.
SPICA325 coach: [874, 0] no player type for opponent 8. restart analysis.
CYRUS_VANILLA coach: [901, 0] updated clang capacity.
SPICA325 coach: [901, 0] updated clang capacity.
SPICA325 coach: [930, 0] no player type for opponent 8. restart analysis.
SPICA325 coach: [933, 0] no player type for opponent 8. restart analysis.
SPICA325 coach: [981, 0] determined opponent 1 type = 0
SPICA325 coach: [998, 0] no player type for opponent 8. restart analysis.
SPICA325 coach: [1007, 0] no player type for opponent 8. restart analysis.
SPICA325 coach: [1008, 0] no player type for opponent 8. restart analysis.
SPICA325 coach: [1024, 0] no player type for opponent 8. restart analysis.
SPICA325 coach: [1053, 0] no player type for opponent 8. restart analysis.
SPICA325 coach: [1069, 0] no player type for opponent 8. restart analysis.
SPICA325 coach: [1072, 0] no player type for opponent 8. restart analysis.
SPICA325 coach: [1084, 0] no player type for opponent 8. restart analysis.
CYRUS_VANILLA 11: [1129, 0] over dash power range: 136.124
SPICA325 coach: [1201, 0] updated clang capacity.
CYRUS_VANILLA coach: [1201, 0] updated clang capacity.
SPICA325 coach: [1222, 0] no player type for opponent 8. restart analysis.
SPICA325 coach: [1226, 0] sent freeform (player_types (1 0)(2 5)(3 14)(4 8)(5 6)(6 13)(7 2)(8 -1)(9 12)(10 9)(11 1))
SPICA325 coach: [1226, 0] freeform 2 / 128
CYRUS_VANILLA coach: [1226, 0] sent freeform (player_types (1 0)(2 5)(3 14)(4 8)(5 6)(6 13)(7 2)(8 17)(9 12)(10 9)(11 1))
CYRUS_VANILLA coach: [1226, 0] freeform 2 / 128
SPICA325 coach: [1248, 0] no player type for opponent 8. restart analysis.
SPICA325 coach: [1266, 0] no player type for opponent 8. restart analysis.
SPICA325 coach: [1273, 0] no player type for opponent 8. restart analysis.
SPICA325 coach: [1274, 0] no player type for opponent 8. restart analysis.
SPICA325 coach: [1329, 0] no player type for opponent 8. restart analysis.
SPICA325 coach: [1337, 0] no player type for opponent 8. restart analysis.
SPICA325 coach: [1348, 0] no player type for opponent 8. restart analysis.
SPICA325 coach: [1357, 0] no player type for opponent 8. restart analysis.
SPICA325 coach: [1382, 0] no player type for opponent 8. restart analysis.
SPICA325 9: [1411, 0] lost kick by foul at [1411, 0] sense=40 internal=41
SPICA325 coach: [1414, 0] no player type for opponent 8. restart analysis.
CYRUS_VANILLA coach: [1501, 0] updated clang capacity.
SPICA325 coach: [1501, 0] updated clang capacity.
SPICA325 coach: [1518, 0] no player type for opponent 8. restart analysis.
SPICA325 6: [1523, 0] lost kick by foul at [1523, 0] sense=9 internal=10
SPICA325 coach: [1560, 0] no player type for opponent 8. restart analysis.
SPICA325 coach: [1574, 0] no player type for opponent 8. restart analysis.
SPICA325 coach: [1578, 0] no player type for opponent 8. restart analysis.
SPICA325 coach: [1579, 0] no player type for opponent 8. restart analysis.
SPICA325 coach: [1587, 0] no player type for opponent 8. restart analysis.
SPICA325 coach: [1590, 0] no player type for opponent 8. restart analysis.
SPICA325 coach: [1599, 0] no player type for opponent 8. restart analysis.
SPICA325 coach: [1620, 0] no player type for opponent 8. restart analysis.
SPICA325 coach: [1622, 0] no player type for opponent 8. restart analysis.
SPICA325 coach: [1624, 0] no player type for opponent 8. restart analysis.
SPICA325 coach: [1654, 0] no player type for opponent 8. restart analysis.
SPICA325 coach: [1669, 0] no player type for opponent 8. restart analysis.
SPICA325 coach: [1703, 0] no player type for opponent 8. restart analysis.
SPICA325 coach: [1712, 0] no player type for opponent 8. restart analysis.
SPICA325 coach: [1740, 0] no player type for opponent 8. restart analysis.
CYRUS_VANILLA coach: [1801, 0] updated clang capacity.
SPICA325 coach: [1801, 0] updated clang capacity.
SPICA325 coach: [1835, 0] no player type for opponent 8. restart analysis.
SPICA325 coach: [1838, 0] no player type for opponent 8. restart analysis.
SPICA325 coach: [1840, 0] no player type for opponent 8. restart analysis.
SPICA325 coach: [1844, 0] no player type for opponent 8. restart analysis.
SPICA325 coach: [1845, 0] no player type for opponent 8. restart analysis.
SPICA325 9: [1845, 0]  WARNING. no body command.
SPICA325 coach: [1846, 0] no player type for opponent 8. restart analysis.
SPICA325 coach: [1866, 0] no player type for opponent 8. restart analysis.
SPICA325 coach: [1883, 0] no player type for opponent 8. restart analysis.
CYRUS_VANILLA 6: [1883, 0] lost kick by foul at [1883, 0] sense=43 internal=44
SPICA325 coach: [1888, 0] no player type for opponent 8. restart analysis.
SPICA325 coach: [1895, 0] no player type for opponent 8. restart analysis.
SPICA325 coach: [1896, 0] no player type for opponent 8. restart analysis.
SPICA325 coach: [1899, 0] no player type for opponent 8. restart analysis.
SPICA325 coach: [1907, 0] no player type for opponent 8. restart analysis.
SPICA325 coach: [1909, 0] no player type for opponent 8. restart analysis.
SPICA325 coach: [1910, 0] no player type for opponent 8. restart analysis.
SPICA325 coach: [1912, 0] no player type for opponent 8. restart analysis.
SPICA325 coach: [1917, 0] no player type for opponent 8. restart analysis.
SPICA325 coach: [1920, 0] no player type for opponent 8. restart analysis.
SPICA325 coach: [1946, 0] no player type for opponent 8. restart analysis.
SPICA325 7: [1947, 0]  WARNING. no turn_neck.
SPICA325 7: [1948, 0]  WARNING. no turn_neck.
SPICA325 coach: [1949, 0] no player type for opponent 8. restart analysis.
SPICA325 coach: [1955, 0] no player type for opponent 8. restart analysis.
SPICA325 coach: [1956, 0] no player type for opponent 8. restart analysis.
SPICA325 coach: [1987, 0] no player type for opponent 8. restart analysis.
SPICA325 coach: [1989, 0] no player type for opponent 8. restart analysis.
SPICA325 coach: [1990, 0] no player type for opponent 8. restart analysis.
SPICA325 coach: [1992, 0] no player type for opponent 8. restart analysis.
SPICA325 coach: [1993, 0] no player type for opponent 8. restart analysis.
SPICA325 coach: [2000, 0] no player type for opponent 8. restart analysis.
SPICA325 coach: [2003, 0] no player type for opponent 8. restart analysis.
SPICA325 coach: [2025, 0] no player type for opponent 8. restart analysis.
SPICA325 coach: [2032, 0] no player type for opponent 8. restart analysis.
SPICA325 coach: [2048, 0] no player type for opponent 8. restart analysis.
SPICA325 coach: [2055, 0] no player type for opponent 8. restart analysis.
SPICA325 coach: [2061, 0] no player type for opponent 8. restart analysis.
SPICA325 coach: [2066, 0] no player type for opponent 8. restart analysis.
SPICA325 coach: [2067, 0] no player type for opponent 8. restart analysis.
SPICA325 9: [2068, 0] lost kick? at [2068, 0] sense=67 internal=68
CYRUS_VANILLA coach: [2101, 0] updated clang capacity.
SPICA325 coach: [2101, 0] updated clang capacity.
SPICA325 coach: [2125, 0] no player type for opponent 8. restart analysis.
SPICA325 coach: [2127, 0] no player type for opponent 8. restart analysis.
SPICA325 coach: [2136, 0] no player type for opponent 8. restart analysis.
SPICA325 coach: [2144, 0] no player type for opponent 8. restart analysis.
SPICA325 3: [2156, 0]  WARNING. no turn_neck.
SPICA325 3: [2157, 0]  WARNING. no turn_neck.
SPICA325 coach: [2158, 0] no player type for opponent 8. restart analysis.
SPICA325 3: [2158, 0]  WARNING. no turn_neck.
SPICA325 coach: [2175, 0] no player type for opponent 8. restart analysis.
SPICA325 coach: [2219, 0] no player type for opponent 8. restart analysis.
SPICA325 coach: [2247, 0] no player type for opponent 8. restart analysis.
SPICA325 coach: [2249, 0] no player type for opponent 8. restart analysis.
5 [2259, 0] no ball position cache.
5 [2259, 0] no ball position cache.
5 [2259, 0] Interecet Self cache is empty!
8 [2259, 0] no ball position cache.
8 [2259, 0] no ball position cache.
8 [2259, 0] Interecet Self cache is empty!
10 [2259, 0] no ball position cache.
10 [2259, 0] no ball position cache.
10 [2259, 0] Interecet Self cache is empty!
8 [2260, 0] no ball position cache.
8 [2260, 0] no ball position cache.
8 [2260, 0] Interecet Self cache is empty!
5 [2260, 0] no ball position cache.
5 [2260, 0] no ball position cache.
5 [2260, 0] Interecet Self cache is empty!
5 [2261, 0] no ball position cache.
5 [2261, 0] no ball position cache.
5 [2261, 0] Interecet Self cache is empty!
8 [2261, 0] no ball position cache.
8 [2261, 0] no ball position cache.
8 [2261, 0] Interecet Self cache is empty!
5 [2262, 0] no ball position cache.
5 [2262, 0] no ball position cache.
5 [2262, 0] Interecet Self cache is empty!
8 [2262, 0] no ball position cache.
8 [2262, 0] no ball position cache.
8 [2262, 0] Interecet Self cache is empty!
SPICA325 coach: [2381, 0] no player type for opponent 8. restart analysis.
CYRUS_VANILLA coach: [2401, 0] updated clang capacity.
SPICA325 coach: [2401, 0] updated clang capacity.
SPICA325 coach: [2490, 0] no player type for opponent 8. restart analysis.
SPICA325 coach: [2492, 0] no player type for opponent 8. restart analysis.
SPICA325 coach: [2495, 0] no player type for opponent 8. restart analysis.
SPICA325 coach: [2522, 0] no player type for opponent 8. restart analysis.
SPICA325 coach: [2529, 0] no player type for opponent 8. restart analysis.
SPICA325 coach: [2532, 0] no player type for opponent 8. restart analysis.
SPICA325 coach: [2642, 0] no player type for opponent 8. restart analysis.
SPICA325 coach: [2644, 0] no player type for opponent 8. restart analysis.
SPICA325 coach: [2652, 0] no player type for opponent 8. restart analysis.
SPICA325 coach: [2654, 0] no player type for opponent 8. restart analysis.
SPICA325 coach: [2657, 0] no player type for opponent 8. restart analysis.
SPICA325 coach: [2666, 0] no player type for opponent 8. restart analysis.
SPICA325 coach: [2677, 0] no player type for opponent 8. restart analysis.
SPICA325 coach: [2678, 0] no player type for opponent 8. restart analysis.
SPICA325 coach: [2679, 0] no player type for opponent 8. restart analysis.
SPICA325 coach: [2683, 0] no player type for opponent 8. restart analysis.
SPICA325 coach: [2685, 0] no player type for opponent 8. restart analysis.
SPICA325 coach: [2686, 0] no player type for opponent 8. restart analysis.
CYRUS_VANILLA coach: [2701, 0] updated clang capacity.
SPICA325 coach: [2701, 0] updated clang capacity.
SPICA325 coach: [2708, 0] no player type for opponent 8. restart analysis.
SPICA325 coach: [2710, 0] no player type for opponent 8. restart analysis.
SPICA325 coach: [2712, 0] no player type for opponent 8. restart analysis.
SPICA325 coach: [2718, 0] no player type for opponent 8. restart analysis.
SPICA325 coach: [2719, 0] no player type for opponent 8. restart analysis.
SPICA325 coach: [2720, 0] no player type for opponent 8. restart analysis.
SPICA325 coach: [2731, 0] no player type for opponent 8. restart analysis.
SPICA325 coach: [2733, 0] no player type for opponent 8. restart analysis.
SPICA325 coach: [2736, 0] no player type for opponent 8. restart analysis.
SPICA325 coach: [2745, 0] no player type for opponent 8. restart analysis.
SPICA325 coach: [2750, 0] no player type for opponent 8. restart analysis.
SPICA325 coach: [2751, 0] no player type for opponent 8. restart analysis.
SPICA325 coach: [2771, 0] no player type for opponent 8. restart analysis.
SPICA325 coach: [2787, 0] no player type for opponent 8. restart analysis.
SPICA325 coach: [2793, 0] no player type for opponent 8. restart analysis.
SPICA325 coach: [2797, 0] no player type for opponent 8. restart analysis.
SPICA325 coach: [2799, 0] no player type for opponent 8. restart analysis.
SPICA325 coach: [2803, 0] no player type for opponent 8. restart analysis.
SPICA325 coach: [2806, 0] no player type for opponent 8. restart analysis.
SPICA325 coach: [2807, 0] no player type for opponent 8. restart analysis.
SPICA325 coach: [2929, 0] no player type for opponent 8. restart analysis.
Waiting to kick off
Kick_off_right
SPICA325 coach: [3001, 0] updated clang capacity.
CYRUS_VANILLA coach: [3001, 0] updated clang capacity.
SPICA325 coach: [3099, 0] no player type for opponent 8. restart analysis.
SPICA325 coach: [3105, 0] no player type for opponent 8. restart analysis.
SPICA325 coach: [3122, 0] no player type for opponent 8. restart analysis.
SPICA325 coach: [3135, 0] no player type for opponent 8. restart analysis.
SPICA325 coach: [3141, 0] no player type for opponent 8. restart analysis.
SPICA325 coach: [3142, 0] no player type for opponent 8. restart analysis.
SPICA325 coach: [3155, 0] no player type for opponent 8. restart analysis.
SPICA325 coach: [3158, 0] no player type for opponent 8. restart analysis.
SPICA325 coach: [3206, 0] no player type for opponent 8. restart analysis.
SPICA325 coach: [3207, 0] no player type for opponent 8. restart analysis.
SPICA325 coach: [3212, 0] no player type for opponent 8. restart analysis.
SPICA325 coach: [3220, 0] no player type for opponent 8. restart analysis.
SPICA325 coach: [3228, 0] no player type for opponent 8. restart analysis.
SPICA325 coach: [3230, 0] no player type for opponent 8. restart analysis.
SPICA325 coach: [3237, 0] no player type for opponent 8. restart analysis.
SPICA325 coach: [3281, 0] no player type for opponent 8. restart analysis.
CYRUS_VANILLA coach: [3301, 0] updated clang capacity.
SPICA325 coach: [3301, 0] updated clang capacity.
SPICA325 coach: [3350, 0] no player type for opponent 8. restart analysis.
SPICA325 coach: [3364, 0] no player type for opponent 8. restart analysis.
SPICA325 coach: [3377, 0] no player type for opponent 8. restart analysis.
SPICA325 coach: [3378, 0] no player type for opponent 8. restart analysis.
SPICA325 coach: [3379, 0] no player type for opponent 8. restart analysis.
SPICA325 coach: [3390, 0] no player type for opponent 8. restart analysis.
CYRUS_VANILLA 8: [3413, 0] lost kick by foul at [3413, 0] sense=30 internal=31
SPICA325 coach: [3460, 0] no player type for opponent 8. restart analysis.
SPICA325 coach: [3461, 0] no player type for opponent 8. restart analysis.
SPICA325 coach: [3473, 0] no player type for opponent 8. restart analysis.
SPICA325 coach: [3478, 0] no player type for opponent 8. restart analysis.
SPICA325 coach: [3481, 0] no player type for opponent 8. restart analysis.
SPICA325 coach: [3487, 0] no player type for opponent 8. restart analysis.
SPICA325 coach: [3489, 0] no player type for opponent 8. restart analysis.
SPICA325 coach: [3497, 0] no player type for opponent 8. restart analysis.
SPICA325 coach: [3521, 0] no player type for opponent 8. restart analysis.
SPICA325 coach: [3523, 0] no player type for opponent 8. restart analysis.
SPICA325 coach: [3527, 0] no player type for opponent 8. restart analysis.
SPICA325 coach: [3529, 0] no player type for opponent 8. restart analysis.
SPICA325 coach: [3542, 0] no player type for opponent 8. restart analysis.
SPICA325 coach: [3550, 0] no player type for opponent 8. restart analysis.
SPICA325 coach: [3553, 0] no player type for opponent 8. restart analysis.
SPICA325 coach: [3576, 0] no player type for opponent 8. restart analysis.
SPICA325 coach: [3583, 0] no player type for opponent 8. restart analysis.
SPICA325 coach: [3585, 0] no player type for opponent 8. restart analysis.
SPICA325 coach: [3586, 0] no player type for opponent 8. restart analysis.
SPICA325 coach: [3601, 0] updated clang capacity.
CYRUS_VANILLA coach: [3601, 0] updated clang capacity.
SPICA325 coach: [3614, 0] no player type for opponent 8. restart analysis.
SPICA325 coach: [3615, 0] no player type for opponent 8. restart analysis.
SPICA325 coach: [3616, 0] no player type for opponent 8. restart analysis.
SPICA325 coach: [3655, 0] no player type for opponent 8. restart analysis.
SPICA325 coach: [3661, 0] no player type for opponent 8. restart analysis.
SPICA325 coach: [3664, 0] no player type for opponent 8. restart analysis.
SPICA325 coach: [3667, 0] no player type for opponent 8. restart analysis.
SPICA325 coach: [3709, 0] no player type for opponent 8. restart analysis.
SPICA325 coach: [3718, 0] no player type for opponent 8. restart analysis.
SPICA325 coach: [3723, 0] no player type for opponent 8. restart analysis.
SPICA325 coach: [3730, 0] no player type for opponent 8. restart analysis.
SPICA325 coach: [3732, 0] no player type for opponent 8. restart analysis.
SPICA325 coach: [3752, 0] no player type for opponent 8. restart analysis.
SPICA325 coach: [3760, 0] no player type for opponent 8. restart analysis.
SPICA325 coach: [3765, 0] no player type for opponent 8. restart analysis.
SPICA325 coach: [3769, 0] no player type for opponent 8. restart analysis.
SPICA325 coach: [3775, 0] no player type for opponent 8. restart analysis.
SPICA325 10: [3869, 0]  WARNING. no turn_neck.
SPICA325 coach: [3890, 0] no player type for opponent 8. restart analysis.
SPICA325 coach: [3901, 0] updated clang capacity.
CYRUS_VANILLA coach: [3901, 0] updated clang capacity.
SPICA325 coach: [3925, 0] no player type for opponent 8. restart analysis.
SPICA325 coach: [4049, 0] no player type for opponent 8. restart analysis.
SPICA325 coach: [4058, 0] no player type for opponent 8. restart analysis.
SPICA325 coach: [4063, 0] no player type for opponent 8. restart analysis.
SPICA325 coach: [4064, 0] no player type for opponent 8. restart analysis.
SPICA325 coach: [4066, 0] no player type for opponent 8. restart analysis.
SPICA325 coach: [4084, 0] no player type for opponent 8. restart analysis.
SPICA325 coach: [4087, 0] no player type for opponent 8. restart analysis.
CYRUS_VANILLA 5: [4164, 0] lost kick by foul at [4164, 0] sense=46 internal=47
SPICA325 coach: [4176, 0] no player type for opponent 8. restart analysis.
SPICA325 coach: [4197, 0] no player type for opponent 8. restart analysis.
CYRUS_VANILLA coach: [4201, 0] updated clang capacity.
SPICA325 coach: [4201, 0] updated clang capacity.
SPICA325 coach: [4213, 0] no player type for opponent 8. restart analysis.
SPICA325 coach: [4220, 0] no player type for opponent 8. restart analysis.
SPICA325 coach: [4223, 0] no player type for opponent 8. restart analysis.
SPICA325 coach: [4224, 0] no player type for opponent 8. restart analysis.
SPICA325 coach: [4231, 0] no player type for opponent 8. restart analysis.
SPICA325 coach: [4371, 0] no player type for opponent 8. restart analysis.
SPICA325 coach: [4373, 0] no player type for opponent 8. restart analysis.
SPICA325 coach: [4376, 0] no player type for opponent 8. restart analysis.
SPICA325 coach: [4413, 0] no player type for opponent 8. restart analysis.
CYRUS_VANILLA 8: [4438, 0] lost kick by foul at [4438, 0] sense=45 internal=46
SPICA325 coach: [4465, 0] no player type for opponent 8. restart analysis.
SPICA325 coach: [4470, 0] no player type for opponent 8. restart analysis.
SPICA325 coach: [4474, 0] no player type for opponent 8. restart analysis.
SPICA325 coach: [4477, 0] no player type for opponent 8. restart analysis.
SPICA325 coach: [4478, 0] no player type for opponent 8. restart analysis.
SPICA325 coach: [4501, 0] no player type for opponent 8. restart analysis.
CYRUS_VANILLA coach: [4501, 0] updated clang capacity.
SPICA325 coach: [4501, 0] updated clang capacity.
SPICA325 coach: [4519, 0] no player type for opponent 8. restart analysis.
SPICA325 coach: [4525, 0] no player type for opponent 8. restart analysis.
SPICA325 coach: [4526, 0] no player type for opponent 8. restart analysis.
SPICA325 coach: [4531, 0] no player type for opponent 8. restart analysis.
SPICA325 coach: [4532, 0] no player type for opponent 8. restart analysis.
SPICA325 coach: [4536, 0] no player type for opponent 8. restart analysis.
SPICA325 coach: [4540, 0] no player type for opponent 8. restart analysis.
SPICA325 6: [4580, 0]  WARNING. no turn_neck.
SPICA325 6: [4581, 0]  WARNING. no turn_neck.
SPICA325 coach: [4608, 0] no player type for opponent 8. restart analysis.
SPICA325 3: [4631, 0]  WARNING. no turn_neck.
SPICA325 coach: [4640, 0] no player type for opponent 8. restart analysis.
SPICA325 coach: [4643, 0] no player type for opponent 8. restart analysis.
SPICA325 coach: [4644, 0] no player type for opponent 8. restart analysis.
SPICA325 10: [4647, 0] lost kick by foul at [4647, 0] sense=51 internal=52
SPICA325 coach: [4745, 0] no player type for opponent 8. restart analysis.
SPICA325 coach: [4751, 0] no player type for opponent 8. restart analysis.
SPICA325 coach: [4752, 0] no player type for opponent 8. restart analysis.
SPICA325 coach: [4760, 0] no player type for opponent 8. restart analysis.
SPICA325 coach: [4768, 0] no player type for opponent 8. restart analysis.
SPICA325 coach: [4774, 0] no player type for opponent 8. restart analysis.
SPICA325 coach: [4795, 0] determined opponent 8 type = 17
SPICA325 coach: [4801, 0] updated clang capacity.
CYRUS_VANILLA coach: [4801, 0] updated clang capacity.
SPICA325 coach: [5026, 1] sent freeform (player_types (1 0)(2 5)(3 14)(4 8)(5 6)(6 13)(7 2)(8 17)(9 12)(10 9)(11 1))
SPICA325 coach: [5026, 1] freeform 3 / 128
CYRUS_VANILLA coach: [5101, 0] updated clang capacity.
SPICA325 coach: [5101, 0] updated clang capacity.
CYRUS_VANILLA coach: [5401, 0] updated clang capacity.
SPICA325 coach: [5401, 0] updated clang capacity.
SPICA325 coach: [5701, 0] updated clang capacity.
CYRUS_VANILLA coach: [5701, 0] updated clang capacity.
CYRUS_VANILLA 8: [5763, 0] lost kick by foul at [5763, 0] sense=64 internal=65
CYRUS_VANILLA coach: change player 8 to type 16
SPICA325 coach: change player 6 to type 16
SPICA325 coach: change player 4 to type 10
SPICA325 coach: change player 8 to type 7
CYRUS_VANILLA coach: [5865, 0] no player type for opponent 6. restart analysis.
SPICA325 coach: [5867, 0] no player type for opponent 8. restart analysis.
SPICA325 coach: [5868, 0] no player type for opponent 8. restart analysis.
SPICA325 coach: [5869, 0] no player type for opponent 8. restart analysis.
CYRUS_VANILLA coach: [5873, 0] determined opponent 6 type = 16
CYRUS_VANILLA coach: [5882, 0] no player type for opponent 4. restart analysis.
CYRUS_VANILLA coach: [5883, 0] no player type for opponent 8. restart analysis.
CYRUS_VANILLA coach: [5884, 0] no player type for opponent 8. restart analysis.
SPICA325 coach: [5885, 0] no player type for opponent 8. restart analysis.
CYRUS_VANILLA coach: [5885, 0] determined opponent 4 type = 10
SPICA325 coach: [5886, 0] no player type for opponent 8. restart analysis.
CYRUS_VANILLA coach: [5886, 0] no player type for opponent 8. restart analysis.
SPICA325 coach: [5893, 0] determined opponent 8 type = 16
CYRUS_VANILLA 10: [5904, 0] lost kick by foul at [5904, 0] sense=73 internal=74
CYRUS_VANILLA coach: [5912, 0] no player type for opponent 8. restart analysis.
CYRUS_VANILLA coach: [5914, 0] no player type for opponent 8. restart analysis.
CYRUS_VANILLA coach: [5915, 0] no player type for opponent 8. restart analysis.
CYRUS_VANILLA coach: [5918, 0] no player type for opponent 8. restart analysis.
CYRUS_VANILLA coach: [5926, 0] no player type for opponent 8. restart analysis.
CYRUS_VANILLA coach: [5927, 0] no player type for opponent 8. restart analysis.
CYRUS_VANILLA coach: [5929, 0] no player type for opponent 8. restart analysis.
CYRUS_VANILLA coach: [5948, 0] no player type for opponent 8. restart analysis.
SPICA325 10: [5963, 0] over dash power range: 151.504
CYRUS_VANILLA coach: [5970, 0] no player type for opponent 8. restart analysis.
CYRUS_VANILLA coach: [5977, 0] no player type for opponent 8. restart analysis.
CYRUS_VANILLA 1: finished.
CYRUS_VANILLA 11: finished.
CYRUS_VANILLA coach: [6000, 0] new freeform allowed 256
CYRUS_VANILLA coach: finished.
CYRUS_VANILLA 8: finished.
SPICA325 2: finished.
SPICA325 10: finished.
CYRUS_VANILLA 10: finished.
Waiting after end of match
A player disconnected : (SPICA325 2)
A player disconnected : (CYRUS_VANILLA 1)
A player disconnected : (CYRUS_VANILLA 9)
A player disconnected : (SPICA325 10)
A player disconnected : (CYRUS_VANILLA 6)
A player disconnected : (CYRUS_VANILLA 10)
A player disconnected : (CYRUS_VANILLA 5)
A player disconnected : (SPICA325 1)
A player disconnected : (SPICA325 9)
A player disconnected : (CYRUS_VANILLA 3)
A player disconnected : (CYRUS_VANILLA 2)
A player disconnected : (SPICA325 11)
A player disconnected : (SPICA325 8)
A player disconnected : (SPICA325 7)
A player disconnected : (SPICA325 6)
A player disconnected : (CYRUS_VANILLA 11)
A player disconnected : (SPICA325 3)
A player disconnected : (SPICA325 4)
A player disconnected : (SPICA325 5)
A player disconnected : (CYRUS_VANILLA 8)
A player disconnected : (CYRUS_VANILLA 4)
A player disconnected : (CYRUS_VANILLA 7)
An online coach disconnected : (SPICA325)
An online coach disconnected : (CYRUS_VANILLA)
Killing 19289
CYRUS_VANILLA 3: finished.
CYRUS_VANILLA 5: finished.
CYRUS_VANILLA 7: finished.
SPICA325 11: finished.
SPICA325 coach: finished.
SPICA325 3: finished.
SPICA325 4: finished.
CYRUS_VANILLA 2: finished.
SPICA325 1: finished.
SPICA325 6: finished.
CYRUS_VANILLA 6: finished.
SPICA325 9: finished.
SPICA325 7: finished.
CYRUS_VANILLA 4: finished.
CYRUS_VANILLA 9: finished.
SPICA325 8: finished.
SPICA325 5: finished.
Killing 19302

Game Over. Exiting...

Saving Results:
	CSVSaver: saving...
	CSVSaver: ...disabled
	STDOutSaver: saving...

Game Results:
	2026-06-27 08:59:40
	'SPICA325' vs 'CYRUS_VANILLA'
	Score: 0 - 1
 
	STDOutSaver: ...saved

Saving Results Complete
