rcssserver-19.0.0

Copyright (C) 1995, 1996, 1997, 1998, 1999 Electrotechnical Laboratory.
2000 - RoboCup Soccer Simulator Maintenance Group.

Simulator Random Seed: 1782552322
CSVSaver: Ready
STDOutSaver: Ready
Using simulator's random seed as Hetero Player Seed: 1782552322
******************************************************************
 HELIOS base
 Created by Hidehisa Akiyama and Hiroki Shimora
 Copyright 2000-2007.  Hidehisa Akiyama
 Copyright 2007-2011.  Hidehisa Akiyama and Hiroki Shimora
 All rights reserved.
******************************************************************
PING localhost (127.0.0.1) 56(84) bytes of data.
64 bytes from localhost (127.0.0.1): icmp_seq=1 ttl=64 time=0.031 ms

--- localhost ping statistics ---
1 packets transmitted, 1 received, 0% packet loss, time 0ms
rtt min/avg/max/mdev = 0.031/0.031/0.031/0.000 ms
******************************************************************
 librcsc 
 Copyright 2000 - 2007. Hidehisa Akiyama.
 Copyright 2007 - 2011. Hidehisa Akiyama and Hiroki Shimora
 Copyright 2011 -  Hidehisa Akiyama, Hiroki Shimora
   Takuya Fukushima (2019-)
 All rights reserved.
******************************************************************
*****************************************************************
 This program is based on agent2d created by Hidehisa Akiyama.
 Copyright 2006 - 2011. Hidehisa Akiyama and Hiroki Shimora.
 All rights reserved.
*****************************************************************
SPICA325: init ok.  unum: 1 side: l
SPICA325 1: [-1, 0] (v18+) force synch see mode.
wind factor: rand: 0.000000, vector: (0.000000, 0.000000)

Hit CTRL-C to exit
Starting "/bin/sh -c scripts/team_launchers/spica325_left.sh"
Waiting for players to connect
A new (v18) player (SPICA325 1) connected.
******************************************************************
 HELIOS base
 Created by Hidehisa Akiyama and Hiroki Shimora
 Copyright 2000-2007.  Hidehisa Akiyama
 Copyright 2007-2011.  Hidehisa Akiyama and Hiroki Shimora
 All rights reserved.
******************************************************************
PING localhost (127.0.0.1) 56(84) bytes of data.
64 bytes from localhost (127.0.0.1): icmp_seq=1 ttl=64 time=0.034 ms

--- localhost ping statistics ---
1 packets transmitted, 1 received, 0% packet loss, time 0ms
rtt min/avg/max/mdev = 0.034/0.034/0.034/0.000 ms
******************************************************************
 librcsc 
 Copyright 2000 - 2007. Hidehisa Akiyama.
 Copyright 2007 - 2011. Hidehisa Akiyama and Hiroki Shimora
 Copyright 2011 -  Hidehisa Akiyama, Hiroki Shimora
   Takuya Fukushima (2019-)
 All rights reserved.
******************************************************************
SPICA325 1:  KickTable created.
SPICA325 1: [-1, 0] set synch see mode.
*****************************************************************
 This program is based on agent2d created by Hidehisa Akiyama.
 Copyright 2006 - 2011. Hidehisa Akiyama and Hiroki Shimora.
 All rights reserved.
*****************************************************************
CYRUS_VANILLA: init ok.  unum: 1 side: r
CYRUS_VANILLA 1: [-1, 0] (v18+) force synch see mode.
Starting "/bin/sh -c scripts/team_launchers/cyrus_vanilla_right.sh"
A new (v18) player (CYRUS_VANILLA 1) connected.
CYRUS_VANILLA 1:  KickTable created.
CYRUS_VANILLA 1: [-1, 0] set synch see mode.
Read Setting: ./data/settings/Other.json
Read Setting: ./data/settings/Other.json
******************************************************************
 librcsc 
 Copyright 2000 - 2007. Hidehisa Akiyama.
 Copyright 2007 - 2011. Hidehisa Akiyama and Hiroki Shimora
 Copyright 2011 -  Hidehisa Akiyama, Hiroki Shimora
   Takuya Fukushima (2019-)
 All rights reserved.
******************************************************************
******************************************************************
 librcsc 
 Copyright 2000 - 2007. Hidehisa Akiyama.
 Copyright 2007 - 2011. Hidehisa Akiyama and Hiroki Shimora
 Copyright 2011 -  Hidehisa Akiyama, Hiroki Shimora
   Takuya Fukushima (2019-)
 All rights reserved.
******************************************************************
******************************************************************
 librcsc 
 Copyright 2000 - 2007. Hidehisa Akiyama.
 Copyright 2007 - 2011. Hidehisa Akiyama and Hiroki Shimora
 Copyright 2011 -  Hidehisa Akiyama, Hiroki Shimora
   Takuya Fukushima (2019-)
 All rights reserved.
******************************************************************
******************************************************************
 librcsc 
 Copyright 2000 - 2007. Hidehisa Akiyama.
 Copyright 2007 - 2011. Hidehisa Akiyama and Hiroki Shimora
 Copyright 2011 -  Hidehisa Akiyama, Hiroki Shimora
   Takuya Fukushima (2019-)
 All rights reserved.
******************************************************************
******************************************************************
 librcsc 
 Copyright 2000 - 2007. Hidehisa Akiyama.
 Copyright 2007 - 2011. Hidehisa Akiyama and Hiroki Shimora
 Copyright 2011 -  Hidehisa Akiyama, Hiroki Shimora
   Takuya Fukushima (2019-)
 All rights reserved.
******************************************************************
******************************************************************
 librcsc 
 Copyright 2000 - 2007. Hidehisa Akiyama.
 Copyright 2007 - 2011. Hidehisa Akiyama and Hiroki Shimora
 Copyright 2011 -  Hidehisa Akiyama, Hiroki Shimora
   Takuya Fukushima (2019-)
 All rights reserved.
******************************************************************
******************************************************************
 librcsc 
 Copyright 2000 - 2007. Hidehisa Akiyama.
 Copyright 2007 - 2011. Hidehisa Akiyama and Hiroki Shimora
 Copyright 2011 -  Hidehisa Akiyama, Hiroki Shimora
   Takuya Fukushima (2019-)
 All rights reserved.
******************************************************************
******************************************************************
 librcsc 
 Copyright 2000 - 2007. Hidehisa Akiyama.
 Copyright 2007 - 2011. Hidehisa Akiyama and Hiroki Shimora
 Copyright 2011 -  Hidehisa Akiyama, Hiroki Shimora
   Takuya Fukushima (2019-)
 All rights reserved.
******************************************************************
******************************************************************
 librcsc 
 Copyright 2000 - 2007. Hidehisa Akiyama.
 Copyright 2007 - 2011. Hidehisa Akiyama and Hiroki Shimora
 Copyright 2011 -  Hidehisa Akiyama, Hiroki Shimora
   Takuya Fukushima (2019-)
 All rights reserved.
******************************************************************
*****************************************************************
 This program is based on agent2d created by Hidehisa Akiyama.
 Copyright 2006 - 2011. Hidehisa Akiyama and Hiroki Shimora.
 All rights reserved.
*****************************************************************
******************************************************************
 librcsc 
 Copyright 2000 - 2007. Hidehisa Akiyama.
 Copyright 2007 - 2011. Hidehisa Akiyama and Hiroki Shimora
 Copyright 2011 -  Hidehisa Akiyama, Hiroki Shimora
   Takuya Fukushima (2019-)
 All rights reserved.
******************************************************************
******************************************************************
 librcsc 
 Copyright 2000 - 2007. Hidehisa Akiyama.
 Copyright 2007 - 2011. Hidehisa Akiyama and Hiroki Shimora
 Copyright 2011 -  Hidehisa Akiyama, Hiroki Shimora
   Takuya Fukushima (2019-)
 All rights reserved.
******************************************************************
*****************************************************************
 This program is based on agent2d created by Hidehisa Akiyama.
 Copyright 2006 - 2011. Hidehisa Akiyama and Hiroki Shimora.
 All rights reserved.
*****************************************************************
SPICA325: init ok.  unum: 2 side: l
SPICA325 2: [-1, 0] (v18+) force synch see mode.
A new (v18) player (SPICA325 2) connected.
A new (v18) online coach (SPICA325) connected.
*****************************************************************
 This program is based on agent2d created by Hidehisa Akiyama.
 Copyright 2006 - 2011. Hidehisa Akiyama and Hiroki Shimora.
 All rights reserved.
*****************************************************************
*****************************************************************
 This program is based on agent2d created by Hidehisa Akiyama.
 Copyright 2006 - 2011. Hidehisa Akiyama and Hiroki Shimora.
 All rights reserved.
*****************************************************************
******************************************************************
 librcsc 
 Copyright 2000 - 2007. Hidehisa Akiyama.
 Copyright 2007 - 2011. Hidehisa Akiyama and Hiroki Shimora
 Copyright 2011 -  Hidehisa Akiyama, Hiroki Shimora
   Takuya Fukushima (2019-)
 All rights reserved.
******************************************************************
*****************************************************************
 This program is based on agent2d created by Hidehisa Akiyama.
 Copyright 2006 - 2011. Hidehisa Akiyama and Hiroki Shimora.
 All rights reserved.
*****************************************************************
*****************************************************************
 This program is based on agent2d created by Hidehisa Akiyama.
 Copyright 2006 - 2011. Hidehisa Akiyama and Hiroki Shimora.
 All rights reserved.
*****************************************************************
******************************************************************
 librcsc 
 Copyright 2000 - 2007. Hidehisa Akiyama.
 Copyright 2007 - 2011. Hidehisa Akiyama and Hiroki Shimora
 Copyright 2011 -  Hidehisa Akiyama, Hiroki Shimora
   Takuya Fukushima (2019-)
 All rights reserved.
******************************************************************
SPICA325 coach: [0, 0] updated clang capacity.
SPICA325: init ok.  unum: 3 side: l
SPICA325 3: [-1, 0] (v18+) force synch see mode.
A new (v18) player (SPICA325 3) connected.
SPICA325: init ok.  unum: 4 side: l
SPICA325 4: [-1, 0] (v18+) force synch see mode.
SPICA325 2:  KickTable created.
SPICA325 2: [-1, 0] set synch see mode.
A new (v18) player (SPICA325 4) connected.
A new (v18) player (SPICA325 5) connected.
A new (v18) player (SPICA325 6) connected.
SPICA325 coach: [0, 0] recv (ok eye on)
*****************************************************************
 This program is based on agent2d created by Hidehisa Akiyama.
 Copyright 2006 - 2011. Hidehisa Akiyama and Hiroki Shimora.
 All rights reserved.
*****************************************************************
SPICA325: init ok.  unum: 6 side: l
SPICA325 6: [-1, 0] (v18+) force synch see mode.
*****************************************************************
 This program is based on agent2d created by Hidehisa Akiyama.
 Copyright 2006 - 2011. Hidehisa Akiyama and Hiroki Shimora.
 All rights reserved.
*****************************************************************
******************************************************************
 librcsc 
 Copyright 2000 - 2007. Hidehisa Akiyama.
 Copyright 2007 - 2011. Hidehisa Akiyama and Hiroki Shimora
 Copyright 2011 -  Hidehisa Akiyama, Hiroki Shimora
   Takuya Fukushima (2019-)
 All rights reserved.
******************************************************************
******************************************************************
 librcsc 
 Copyright 2000 - 2007. Hidehisa Akiyama.
 Copyright 2007 - 2011. Hidehisa Akiyama and Hiroki Shimora
 Copyright 2011 -  Hidehisa Akiyama, Hiroki Shimora
   Takuya Fukushima (2019-)
 All rights reserved.
******************************************************************
*****************************************************************
 This program is based on agent2d created by Hidehisa Akiyama.
 Copyright 2006 - 2011. Hidehisa Akiyama and Hiroki Shimora.
 All rights reserved.
*****************************************************************
******************************************************************
 librcsc 
 Copyright 2000 - 2007. Hidehisa Akiyama.
 Copyright 2007 - 2011. Hidehisa Akiyama and Hiroki Shimora
 Copyright 2011 -  Hidehisa Akiyama, Hiroki Shimora
   Takuya Fukushima (2019-)
 All rights reserved.
******************************************************************
******************************************************************
 librcsc 
 Copyright 2000 - 2007. Hidehisa Akiyama.
 Copyright 2007 - 2011. Hidehisa Akiyama and Hiroki Shimora
 Copyright 2011 -  Hidehisa Akiyama, Hiroki Shimora
   Takuya Fukushima (2019-)
 All rights reserved.
******************************************************************
SPICA325: init ok.  unum: 5 side: l
SPICA325 5: [-1, 0] (v18+) force synch see mode.
*****************************************************************
 This program is based on agent2d created by Hidehisa Akiyama.
 Copyright 2006 - 2011. Hidehisa Akiyama and Hiroki Shimora.
 All rights reserved.
*****************************************************************
******************************************************************
 librcsc 
 Copyright 2000 - 2007. Hidehisa Akiyama.
 Copyright 2007 - 2011. Hidehisa Akiyama and Hiroki Shimora
 Copyright 2011 -  Hidehisa Akiyama, Hiroki Shimora
   Takuya Fukushima (2019-)
 All rights reserved.
******************************************************************
*****************************************************************
 This program is based on agent2d created by Hidehisa Akiyama.
 Copyright 2006 - 2011. Hidehisa Akiyama and Hiroki Shimora.
 All rights reserved.
*****************************************************************
******************************************************************
 librcsc 
 Copyright 2000 - 2007. Hidehisa Akiyama.
 Copyright 2007 - 2011. Hidehisa Akiyama and Hiroki Shimora
 Copyright 2011 -  Hidehisa Akiyama, Hiroki Shimora
   Takuya Fukushima (2019-)
 All rights reserved.
******************************************************************
Read Setting: ./data/settings/Other.json
SPICA325: init ok.  unum: 7 side: l
SPICA325 7: [-1, 0] (v18+) force synch see mode.
******************************************************************
 librcsc 
 Copyright 2000 - 2007. Hidehisa Akiyama.
 Copyright 2007 - 2011. Hidehisa Akiyama and Hiroki Shimora
 Copyright 2011 -  Hidehisa Akiyama, Hiroki Shimora
   Takuya Fukushima (2019-)
 All rights reserved.
******************************************************************
A new (v18) player (SPICA325 7) connected.
SPICA325: init ok.  unum: 8 side: l
SPICA325 8: [-1, 0] (v18+) force synch see mode.
A new (v18) player (SPICA325 8) connected.
SPICA325: init ok.  unum: 9 side: l
SPICA325 9: [-1, 0] (v18+) force synch see mode.
A new (v18) player (SPICA325 9) connected.
A new (v18) player (SPICA325 10) connected.
A new (v18) player (SPICA325 11) connected.
SPICA325 4:  KickTable created.
SPICA325 4: [-1, 0] set synch see mode.
SPICA325: init ok.  unum: 10 side: l
SPICA325 10: [-1, 0] (v18+) force synch see mode.
SPICA325: init ok.  unum: 11 side: l
SPICA325 11: [-1, 0] (v18+) force synch see mode.
******************************************************************
 librcsc 
 Copyright 2000 - 2007. Hidehisa Akiyama.
 Copyright 2007 - 2011. Hidehisa Akiyama and Hiroki Shimora
 Copyright 2011 -  Hidehisa Akiyama, Hiroki Shimora
   Takuya Fukushima (2019-)
 All rights reserved.
******************************************************************
******************************************************************
 librcsc 
 Copyright 2000 - 2007. Hidehisa Akiyama.
 Copyright 2007 - 2011. Hidehisa Akiyama and Hiroki Shimora
 Copyright 2011 -  Hidehisa Akiyama, Hiroki Shimora
   Takuya Fukushima (2019-)
 All rights reserved.
******************************************************************
*****************************************************************
 This program is based on agent2d created by Hidehisa Akiyama.
 Copyright 2006 - 2011. Hidehisa Akiyama and Hiroki Shimora.
 All rights reserved.
*****************************************************************
A new (v18) online coach (CYRUS_VANILLA) connected.
CYRUS_VANILLA coach: [-1, 0] recv (ok eye on)
SPICA325 6:  KickTable created.
SPICA325 6: [-1, 0] set synch see mode.
CYRUS_VANILLA coach: [0, 0] updated clang capacity.
SPICA325 3:  KickTable created.
SPICA325 3: [-1, 0] set synch see mode.
*****************************************************************
 This program is based on agent2d created by Hidehisa Akiyama.
 Copyright 2006 - 2011. Hidehisa Akiyama and Hiroki Shimora.
 All rights reserved.
*****************************************************************
A new (v18) player (CYRUS_VANILLA 2) connected.
SPICA325 5:  KickTable created.
SPICA325 5: [-1, 0] set synch see mode.
CYRUS_VANILLA: init ok.  unum: 2 side: r
CYRUS_VANILLA 2: [-1, 0] (v18+) force synch see mode.
*****************************************************************
 This program is based on agent2d created by Hidehisa Akiyama.
 Copyright 2006 - 2011. Hidehisa Akiyama and Hiroki Shimora.
 All rights reserved.
*****************************************************************
A new (v18) player (CYRUS_VANILLA 3) connected.
SPICA325 9:  KickTable created.
SPICA325 9: [-1, 0] set synch see mode.
SPICA325 7:  KickTable created.
SPICA325 7: [-1, 0] set synch see mode.
SPICA325 10:  KickTable created.
SPICA325 10: [-1, 0] set synch see mode.
*****************************************************************
 This program is based on agent2d created by Hidehisa Akiyama.
 Copyright 2006 - 2011. Hidehisa Akiyama and Hiroki Shimora.
 All rights reserved.
*****************************************************************
CYRUS_VANILLA: init ok.  unum: 3 side: r
CYRUS_VANILLA 3: [-1, 0] (v18+) force synch see mode.
SPICA325 11:  KickTable created.
*****************************************************************
 This program is based on agent2d created by Hidehisa Akiyama.
 Copyright 2006 - 2011. Hidehisa Akiyama and Hiroki Shimora.
 All rights reserved.
*****************************************************************
SPICA325 11: [-1, 0] set synch see mode.
*****************************************************************
 This program is based on agent2d created by Hidehisa Akiyama.
 Copyright 2006 - 2011. Hidehisa Akiyama and Hiroki Shimora.
 All rights reserved.
*****************************************************************
*****************************************************************
 This program is based on agent2d created by Hidehisa Akiyama.
 Copyright 2006 - 2011. Hidehisa Akiyama and Hiroki Shimora.
 All rights reserved.
*****************************************************************
*****************************************************************
 This program is based on agent2d created by Hidehisa Akiyama.
 Copyright 2006 - 2011. Hidehisa Akiyama and Hiroki Shimora.
 All rights reserved.
*****************************************************************
*****************************************************************
 This program is based on agent2d created by Hidehisa Akiyama.
 Copyright 2006 - 2011. Hidehisa Akiyama and Hiroki Shimora.
 All rights reserved.
*****************************************************************
SPICA325 8:  KickTable created.
SPICA325 8: [-1, 0] set synch see mode.
CYRUS_VANILLA 2:  KickTable created.
CYRUS_VANILLA 2: [-1, 0] set synch see mode.
*****************************************************************
 This program is based on agent2d created by Hidehisa Akiyama.
 Copyright 2006 - 2011. Hidehisa Akiyama and Hiroki Shimora.
 All rights reserved.
*****************************************************************
*****************************************************************
 This program is based on agent2d created by Hidehisa Akiyama.
 Copyright 2006 - 2011. Hidehisa Akiyama and Hiroki Shimora.
 All rights reserved.
*****************************************************************
CYRUS_VANILLA 3:  KickTable created.
CYRUS_VANILLA 3: [-1, 0] set synch see mode.
Read Setting: ./data/settings/Other.json
Read Setting: ./data/settings/Other.json
Read Setting: ./data/settings/Other.json
Read Setting: ./data/settings/Other.json
CYRUS_VANILLA: init ok.  unum: 4 side: r
CYRUS_VANILLA 4: [-1, 0] (v18+) force synch see mode.
A new (v18) player (CYRUS_VANILLA 4) connected.
CYRUS_VANILLA: init ok.  unum: 5 side: r
CYRUS_VANILLA 5: [-1, 0] (v18+) force synch see mode.
A new (v18) player (CYRUS_VANILLA 5) connected.
A new (v18) player (CYRUS_VANILLA 6) connected.
CYRUS_VANILLA: init ok.  unum: 7 side: r
CYRUS_VANILLA 7: [-1, 0] (v18+) force synch see mode.
A new (v18) player (CYRUS_VANILLA 7) connected.
CYRUS_VANILLA: init ok.  unum: 8 side: r
CYRUS_VANILLA 8: [-1, 0] (v18+) force synch see mode.
CYRUS_VANILLA: init ok.  unum: 6 side: r
CYRUS_VANILLA 6: [-1, 0] (v18+) force synch see mode.
A new (v18) player (CYRUS_VANILLA 8) connected.
A new (v18) player (CYRUS_VANILLA 9) connected.
CYRUS_VANILLA: init ok.  unum: 10 side: r
CYRUS_VANILLA 10: [-1, 0] (v18+) force synch see mode.
A new (v18) player (CYRUS_VANILLA 10) connected.
CYRUS_VANILLA: init ok.  unum: 9 side: r
CYRUS_VANILLA 9: [-1, 0] (v18+) force synch see mode.
CYRUS_VANILLA: init ok.  unum: 11 side: r
CYRUS_VANILLA 11: [-1, 0] (v18+) force synch see mode.
A new (v18) player (CYRUS_VANILLA 11) connected.
CYRUS_VANILLA 5:  KickTable created.
CYRUS_VANILLA 5: [-1, 0] set synch see mode.
CYRUS_VANILLA 4:  KickTable created.
CYRUS_VANILLA 11:  KickTable created.
CYRUS_VANILLA 4: [-1, 0] set synch see mode.
CYRUS_VANILLA 11: [-1, 0] set synch see mode.
CYRUS_VANILLA 7:  KickTable created.
CYRUS_VANILLA 7: [-1, 0] set synch see mode.
CYRUS_VANILLA 10:  KickTable created.
CYRUS_VANILLA 10: [-1, 0] set synch see mode.
CYRUS_VANILLA 9:  KickTable created.
CYRUS_VANILLA 9: [-1, 0] set synch see mode.
Read Setting: ./data/settings/Other.json
Read Setting: ./data/settings/Other.json
Read Setting: ./data/settings/Other.json
Read Setting: ./data/settings/Other.json
Read Setting: ./data/settings/Other.json
CYRUS_VANILLA 8:  KickTable created.
CYRUS_VANILLA 8: [-1, 0] set synch see mode.
CYRUS_VANILLA 6:  KickTable created.
CYRUS_VANILLA 6: [-1, 0] set synch see mode.
id speed step inc  power  stam  karea
 0 1.000   6  45.0 100.0  55.0  1.085
 1 0.863   4  40.3 100.0  59.7  1.076
 2 0.815   5  45.6 100.0  54.4  1.070
 3 0.805   5  46.1 100.0  53.9  1.070
 4 0.972   7  50.0 100.0  50.0  1.080
 5 0.924   5  47.6 100.0  52.4  1.160
 6 0.990   7  46.1 100.0  53.9  1.153
 7 0.869   5  46.4 100.0  53.6  1.015
 8 0.863   4  44.5 100.0  55.5  1.142
 9 0.876   6  50.1 100.0  49.9  0.995
 10 0.811   5  50.2 100.0  49.8  1.114
 11 0.873   5  43.8 100.0  56.2  1.171
 12 0.835   6  46.1 100.0  53.9  1.113
 13 0.884   7  51.6 100.0  48.4  1.050
 14 0.798   4  46.4 100.0  53.6  1.067
 15 0.870   5  44.7 100.0  55.3  0.989
 16 0.751   6  50.4 100.0  49.6  1.136
 17 0.799   5  43.8 100.0  56.2  1.185
$$$$$$$$$$$$$$$$$$$$$$$$isother
SPICA325 coach: change player 1 to type 0
SPICA325 coach: change player 9 to type 6
SPICA325 coach: change player 2 to type 4
SPICA325 coach: change player 11 to type 5
SPICA325 coach: change player 4 to type 8
SPICA325 coach: change player 10 to type 1
SPICA325 coach: change player 3 to type 7
SPICA325 coach: change player 5 to type 15
SPICA325 coach: change player 7 to type 13
SPICA325 coach: change player 8 to type 11
SPICA325 coach: change player 6 to type 9
id speed step inc  power  stam  karea
 0 1.000   6  45.0 100.0  55.0  1.085
 1 0.863   4  40.3 100.0  59.7  1.076
 2 0.815   5  45.6 100.0  54.4  1.070
 3 0.805   5  46.1 100.0  53.9  1.070
 4 0.972   7  50.0 100.0  50.0  1.080
 5 0.924   5  47.6 100.0  52.4  1.160
 6 0.990   7  46.1 100.0  53.9  1.153
 7 0.869   5  46.4 100.0  53.6  1.015
 8 0.863   4  44.5 100.0  55.5  1.142
 9 0.876   6  50.1 100.0  49.9  0.995
 10 0.811   5  50.2 100.0  49.8  1.114
 11 0.873   5  43.8 100.0  56.2  1.171
 12 0.835   6  46.1 100.0  53.9  1.113
 13 0.884   7  51.6 100.0  48.4  1.050
 14 0.798   4  46.4 100.0  53.6  1.067
 15 0.870   5  44.7 100.0  55.3  0.989
 16 0.751   6  50.4 100.0  49.6  1.136
 17 0.799   5  43.8 100.0  56.2  1.185
$$$$$$$$$$$$$$$$$$$$$$$$isother
CYRUS_VANILLA coach: change player 1 to type 0
CYRUS_VANILLA coach: change player 9 to type 6
CYRUS_VANILLA coach: change player 2 to type 4
CYRUS_VANILLA coach: change player 11 to type 5
CYRUS_VANILLA coach: change player 4 to type 8
CYRUS_VANILLA coach: change player 10 to type 1
CYRUS_VANILLA coach: change player 3 to type 7
CYRUS_VANILLA coach: change player 5 to type 15
CYRUS_VANILLA coach: change player 7 to type 13
CYRUS_VANILLA coach: change player 8 to type 11
CYRUS_VANILLA coach: change player 6 to type 9
Read Setting: ./data/settings/Other.json
Read Setting: ./data/settings/Other.json
Read Setting: ./data/settings/Other.json
Read Setting: ./data/settings/Other.json
Read Setting: ./data/settings/Other.json
Read Setting: ./data/settings/Other.json
Read Setting: ./data/settings/Other.json
Read Setting: ./data/settings/Other.json
Read Setting: ./data/settings/Other.json
Read Setting: ./data/settings/Other.json
Waiting to kick off
Kick_off_left
SPICA325 coach: [94, 0] no player type for opponent 8. restart analysis.
SPICA325 coach: [94, 0] no player type for opponent 4. restart analysis.
SPICA325 coach: [94, 0] no player type for opponent 7. restart analysis.
SPICA325 coach: [96, 0] no player type for opponent 10. restart analysis.
SPICA325 coach: [96, 0] no player type for opponent 11. restart analysis.
SPICA325 coach: [96, 0] no player type for opponent 6. restart analysis.
SPICA325 coach: [96, 0] no player type for opponent 7. restart analysis.
CYRUS_VANILLA coach: [96, 0] no player type for opponent 9. restart analysis.
CYRUS_VANILLA coach: [98, 0] no player type for opponent 9. restart analysis.
SPICA325 coach: [100, 0] no player type for opponent 4. restart analysis.
CYRUS_VANILLA coach: [100, 0] no player type for opponent 2. restart analysis.
CYRUS_VANILLA coach: [101, 0] no player type for opponent 2. restart analysis.
SPICA325 coach: [102, 0] no player type for opponent 4. restart analysis.
SPICA325 coach: [102, 0] no player type for opponent 6. restart analysis.
SPICA325 coach: [102, 0] no player type for opponent 9. restart analysis.
CYRUS_VANILLA coach: [102, 0] determined opponent 7 type = 13
CYRUS_VANILLA coach: [102, 0] determined opponent 6 type = 9
CYRUS_VANILLA coach: [103, 0] no player type for opponent 9. restart analysis.
SPICA325 coach: [103, 0] no player type for opponent 2. restart analysis.
SPICA325 coach: [103, 0] no player type for opponent 6. restart analysis.
SPICA325 coach: [103, 0] determined opponent 3 type = 7
SPICA325 coach: [104, 0] no player type for opponent 10. restart analysis.
CYRUS_VANILLA coach: [104, 0] no player type for opponent 5. restart analysis.
SPICA325 coach: [104, 0] no player type for opponent 2. restart analysis.
CYRUS_VANILLA coach: [104, 0] no player type for opponent 10. restart analysis.
SPICA325 coach: [104, 0] no player type for opponent 6. restart analysis.
CYRUS_VANILLA coach: [104, 0] no player type for opponent 2. restart analysis.
SPICA325 coach: [104, 0] no player type for opponent 5. restart analysis.
SPICA325 coach: [105, 0] no player type for opponent 4. restart analysis.
SPICA325 coach: [105, 0] no player type for opponent 6. restart analysis.
SPICA325 coach: [105, 0] no player type for opponent 11. restart analysis.
CYRUS_VANILLA coach: [105, 0] no player type for opponent 2. restart analysis.
SPICA325 coach: [106, 0] no player type for opponent 8. restart analysis.
SPICA325 coach: [106, 0] no player type for opponent 6. restart analysis.
SPICA325 coach: [106, 0] no player type for opponent 7. restart analysis.
CYRUS_VANILLA coach: [106, 0] no player type for opponent 10. restart analysis.
CYRUS_VANILLA coach: [106, 0] no player type for opponent 2. restart analysis.
CYRUS_VANILLA coach: [107, 0] no player type for opponent 11. restart analysis.
CYRUS_VANILLA coach: [107, 0] no player type for opponent 5. restart analysis.
CYRUS_VANILLA coach: [107, 0] no player type for opponent 2. restart analysis.
CYRUS_VANILLA coach: [108, 0] no player type for opponent 3. restart analysis.
CYRUS_VANILLA coach: [108, 0] no player type for opponent 2. restart analysis.
CYRUS_VANILLA coach: [109, 0] no player type for opponent 10. restart analysis.
CYRUS_VANILLA coach: [109, 0] no player type for opponent 2. restart analysis.
SPICA325 coach: [110, 0] no player type for opponent 5. restart analysis.
CYRUS_VANILLA coach: [110, 0] no player type for opponent 10. restart analysis.
SPICA325 coach: [112, 0] no player type for opponent 8. restart analysis.
SPICA325 coach: [113, 0] no player type for opponent 2. restart analysis.
CYRUS_VANILLA coach: [113, 0] no player type for opponent 5. restart analysis.
CYRUS_VANILLA coach: [113, 0] no player type for opponent 3. restart analysis.
CYRUS_VANILLA coach: [113, 0] determined opponent 2 type = 4
CYRUS_VANILLA coach: [114, 0] determined opponent 9 type = 6
SPICA325 coach: [114, 0] no player type for opponent 4. restart analysis.
SPICA325 coach: [115, 0] no player type for opponent 6. restart analysis.
SPICA325 coach: [115, 0] no player type for opponent 8. restart analysis.
CYRUS_VANILLA coach: [115, 0] no player type for opponent 11. restart analysis.
CYRUS_VANILLA coach: [116, 0] no player type for opponent 10. restart analysis.
SPICA325 coach: [117, 0] no player type for opponent 9. restart analysis.
SPICA325 coach: [119, 0] no player type for opponent 11. restart analysis.
SPICA325 coach: [120, 0] no player type for opponent 6. restart analysis.
SPICA325 coach: [121, 0] no player type for opponent 11. restart analysis.
SPICA325 coach: [121, 0] no player type for opponent 7. restart analysis.
CYRUS_VANILLA coach: [121, 0] determined opponent 10 type = 1
SPICA325 coach: [122, 0] no player type for opponent 6. restart analysis.
SPICA325 coach: [123, 0] no player type for opponent 4. restart analysis.
SPICA325 coach: [123, 0] no player type for opponent 6. restart analysis.
CYRUS_VANILLA coach: [124, 0] no player type for opponent 8. restart analysis.
SPICA325 coach: [126, 0] determined opponent 8 type = 11
SPICA325 coach: [127, 0] no player type for opponent 6. restart analysis.
SPICA325 coach: [128, 0] no player type for opponent 10. restart analysis.
SPICA325 coach: [128, 0] no player type for opponent 5. restart analysis.
CYRUS_VANILLA coach: [128, 0] no player type for opponent 5. restart analysis.
SPICA325 coach: [129, 0] no player type for opponent 6. restart analysis.
SPICA325 coach: [130, 0] no player type for opponent 4. restart analysis.
SPICA325 coach: [130, 0] no player type for opponent 5. restart analysis.
SPICA325 coach: [132, 0] no player type for opponent 6. restart analysis.
CYRUS_VANILLA coach: [132, 0] no player type for opponent 5. restart analysis.
layerSize: 3
SPICA325 coach: [133, 0] no player type for opponent 4. restart analysis.
SPICA325 coach: [133, 0] no player type for opponent 5. restart analysis.
SPICA325 coach: [134, 0] no player type for opponent 4. restart analysis.
SPICA325 coach: [135, 0] no player type for opponent 2. restart analysis.
SPICA325 coach: [135, 0] no player type for opponent 7. restart analysis.
CYRUS_VANILLA coach: [135, 0] no player type for opponent 5. restart analysis.
SPICA325 coach: [136, 0] no player type for opponent 6. restart analysis.
SPICA325 coach: [136, 0] no player type for opponent 5. restart analysis.
CYRUS_VANILLA coach: [137, 0] no player type for opponent 11. restart analysis.
CYRUS_VANILLA coach: [137, 0] no player type for opponent 5. restart analysis.
SPICA325 coach: [137, 0] no player type for opponent 4. restart analysis.
SPICA325 coach: [138, 0] no player type for opponent 10. restart analysis.
SPICA325 coach: [139, 0] no player type for opponent 11. restart analysis.
CYRUS_VANILLA coach: [140, 0] no player type for opponent 5. restart analysis.
SPICA325 coach: [143, 0] no player type for opponent 10. restart analysis.
SPICA325 coach: [143, 0] no player type for opponent 11. restart analysis.
SPICA325 coach: [143, 0] no player type for opponent 7. restart analysis.
CYRUS_VANILLA coach: [143, 0] no player type for opponent 8. restart analysis.
SPICA325 coach: [144, 0] no player type for opponent 4. restart analysis.
SPICA325 coach: [144, 0] no player type for opponent 2. restart analysis.
SPICA325 coach: [144, 0] no player type for opponent 11. restart analysis.
SPICA325 coach: [144, 0] no player type for opponent 1. restart analysis.
SPICA325 coach: [144, 0] no player type for opponent 7. restart analysis.
SPICA325 coach: [145, 0] no player type for opponent 6. restart analysis.
SPICA325 coach: [145, 0] no player type for opponent 11. restart analysis.
CYRUS_VANILLA coach: [146, 0] no player type for opponent 5. restart analysis.
SPICA325 coach: [147, 0] determined opponent 6 type = 9
SPICA325 coach: [147, 0] no player type for opponent 7. restart analysis.
SPICA325 coach: [149, 0] no player type for opponent 7. restart analysis.
SPICA325 coach: [149, 0] no player type for opponent 5. restart analysis.
SPICA325 coach: [149, 0] no player type for opponent 10. restart analysis.
SPICA325 coach: [151, 0] no player type for opponent 5. restart analysis.
SPICA325 coach: [152, 0] no player type for opponent 9. restart analysis.
SPICA325 coach: [152, 0] no player type for opponent 10. restart analysis.
CYRUS_VANILLA coach: [153, 0] no player type for opponent 8. restart analysis.
SPICA325 coach: [153, 0] no player type for opponent 2. restart analysis.
SPICA325 coach: [154, 0] no player type for opponent 10. restart analysis.
SPICA325 coach: [154, 0] no player type for opponent 2. restart analysis.
SPICA325 coach: [155, 0] no player type for opponent 9. restart analysis.
SPICA325 coach: [155, 0] no player type for opponent 2. restart analysis.
SPICA325 coach: [157, 0] no player type for opponent 9. restart analysis.
SPICA325 coach: [159, 0] no player type for opponent 11. restart analysis.
SPICA325 2: [159, 0]  WARNING. no turn_neck.
SPICA325 coach: [160, 0] no player type for opponent 10. restart analysis.
CYRUS_VANILLA coach: [160, 0] no player type for opponent 8. restart analysis.
SPICA325 coach: [162, 0] no player type for opponent 10. restart analysis.
SPICA325 coach: [162, 0] no player type for opponent 11. restart analysis.
SPICA325 coach: [162, 0] no player type for opponent 4. restart analysis.
CYRUS_VANILLA coach: [163, 0] no player type for opponent 8. restart analysis.
SPICA325 coach: [163, 0] no player type for opponent 10. restart analysis.
CYRUS_VANILLA coach: [164, 0] no player type for opponent 5. restart analysis.
SPICA325 coach: [165, 0] no player type for opponent 11. restart analysis.
SPICA325 coach: [165, 0] no player type for opponent 4. restart analysis.
CYRUS_VANILLA coach: [165, 0] no player type for opponent 5. restart analysis.
CYRUS_VANILLA coach: [165, 0] no player type for opponent 11. restart analysis.
CYRUS_VANILLA coach: [165, 0] no player type for opponent 8. restart analysis.
SPICA325 coach: [166, 0] no player type for opponent 4. restart analysis.
SPICA325 coach: [166, 0] no player type for opponent 9. restart analysis.
SPICA325 coach: [167, 0] no player type for opponent 11. restart analysis.
SPICA325 coach: [167, 0] no player type for opponent 2. restart analysis.
SPICA325 coach: [167, 0] no player type for opponent 7. restart analysis.
SPICA325 coach: [168, 0] no player type for opponent 11. restart analysis.
SPICA325 coach: [169, 0] no player type for opponent 2. restart analysis.
CYRUS_VANILLA coach: [169, 0] determined opponent 11 type = 5
CYRUS_VANILLA coach: [169, 0] determined opponent 1 type = 0
SPICA325 coach: [170, 0] no player type for opponent 11. restart analysis.
SPICA325 coach: [170, 0] no player type for opponent 2. restart analysis.
SPICA325 coach: [170, 0] no player type for opponent 7. restart analysis.
SPICA325 coach: [171, 0] no player type for opponent 2. restart analysis.
CYRUS_VANILLA coach: [171, 0] no player type for opponent 8. restart analysis.
CYRUS_VANILLA coach: [173, 0] determined opponent 5 type = 15
CYRUS_VANILLA coach: [176, 0] determined opponent 8 type = 11
CYRUS_VANILLA coach: [176, 0] determined opponent 4 type = 8
SPICA325 coach: [179, 0] no player type for opponent 10. restart analysis.
SPICA325 coach: [180, 0] no player type for opponent 4. restart analysis.
SPICA325 coach: [180, 0] no player type for opponent 11. restart analysis.
SPICA325 coach: [180, 0] no player type for opponent 7. restart analysis.
CYRUS_VANILLA coach: [181, 0] determined opponent 3 type = 7
SPICA325 coach: [181, 0] determined opponent 4 type = 8
SPICA325 coach: [181, 0] determined opponent 10 type = 1
SPICA325 coach: [181, 0] no player type for opponent 5. restart analysis.
SPICA325 coach: [182, 0] no player type for opponent 7. restart analysis.
SPICA325 coach: [183, 0] no player type for opponent 5. restart analysis.
SPICA325 coach: [185, 0] no player type for opponent 7. restart analysis.
SPICA325 coach: [186, 0] no player type for opponent 11. restart analysis.
SPICA325 coach: [189, 0] no player type for opponent 2. restart analysis.
SPICA325 coach: [190, 0] no player type for opponent 9. restart analysis.
SPICA325 coach: [191, 0] no player type for opponent 2. restart analysis.
SPICA325 coach: [193, 0] no player type for opponent 2. restart analysis.
SPICA325 coach: [194, 0] no player type for opponent 7. restart analysis.
SPICA325 coach: [200, 0] no player type for opponent 2. restart analysis.
SPICA325 coach: [204, 0] determined opponent 7 type = 13
SPICA325 coach: [205, 0] no player type for opponent 1. restart analysis.
SPICA325 coach: [207, 0] no player type for opponent 5. restart analysis.
SPICA325 coach: [210, 0] no player type for opponent 5. restart analysis.
SPICA325 coach: [216, 0] no player type for opponent 2. restart analysis.
SPICA325 coach: [216, 0] no player type for opponent 9. restart analysis.
SPICA325 coach: [218, 0] no player type for opponent 2. restart analysis.
SPICA325 coach: [219, 0] no player type for opponent 11. restart analysis.
SPICA325 coach: [222, 0] no player type for opponent 2. restart analysis.
SPICA325 coach: [223, 0] no player type for opponent 11. restart analysis.
SPICA325 coach: [228, 0] determined opponent 11 type = 5
SPICA325 coach: [236, 0] no player type for opponent 5. restart analysis.
SPICA325 coach: [236, 0] no player type for opponent 9. restart analysis.
SPICA325 coach: [237, 0] no player type for opponent 9. restart analysis.
SPICA325 coach: [238, 0] no player type for opponent 5. restart analysis.
SPICA325 coach: [240, 0] no player type for opponent 5. restart analysis.
SPICA325 coach: [241, 0] no player type for opponent 9. restart analysis.
SPICA325 coach: [245, 0] no player type for opponent 2. restart analysis.
SPICA325 coach: [255, 0] no player type for opponent 1. restart analysis.
SPICA325 coach: [260, 0] no player type for opponent 9. restart analysis.
SPICA325 coach: [263, 0] no player type for opponent 2. restart analysis.
SPICA325 coach: [264, 0] no player type for opponent 2. restart analysis.
SPICA325 coach: [266, 0] sent freeform (player_types (1 -1)(2 -1)(3 7)(4 8)(5 -1)(6 9)(7 13)(8 11)(9 -1)(10 1)(11 5))
SPICA325 coach: [266, 0] freeform 1 / 128
SPICA325 9: [266, 0] lost kick by foul at [266, 0] sense=12 internal=13
CYRUS_VANILLA coach: [266, 1] sent freeform (player_types (1 0)(2 4)(3 7)(4 8)(5 15)(6 9)(7 13)(8 11)(9 6)(10 1)(11 5))
CYRUS_VANILLA coach: [266, 1] freeform 1 / 128
SPICA325 coach: [301, 0] updated clang capacity.
CYRUS_VANILLA coach: [301, 0] updated clang capacity.
SPICA325 coach: [365, 0] no player type for opponent 2. restart analysis.
SPICA325 coach: [366, 0] no player type for opponent 2. restart analysis.
SPICA325 coach: [367, 0] no player type for opponent 2. restart analysis.
SPICA325 coach: [368, 0] no player type for opponent 2. restart analysis.
SPICA325 coach: [369, 0] no player type for opponent 2. restart analysis.
SPICA325 coach: [371, 0] no player type for opponent 5. restart analysis.
SPICA325 coach: [375, 0] no player type for opponent 2. restart analysis.
SPICA325 coach: [378, 0] no player type for opponent 2. restart analysis.
SPICA325 coach: [381, 0] no player type for opponent 2. restart analysis.
SPICA325 coach: [386, 0] no player type for opponent 9. restart analysis.
SPICA325 coach: [387, 0] no player type for opponent 9. restart analysis.
SPICA325 coach: [389, 0] no player type for opponent 9. restart analysis.
SPICA325 coach: [390, 0] no player type for opponent 2. restart analysis.
SPICA325 coach: [391, 0] determined opponent 1 type = 0
SPICA325 coach: [392, 0] no player type for opponent 2. restart analysis.
SPICA325 coach: [393, 0] no player type for opponent 2. restart analysis.
SPICA325 coach: [394, 0] no player type for opponent 2. restart analysis.
SPICA325 coach: [395, 0] no player type for opponent 2. restart analysis.
SPICA325 coach: [410, 0] no player type for opponent 5. restart analysis.
SPICA325 coach: [417, 0] no player type for opponent 9. restart analysis.
SPICA325 coach: [423, 0] no player type for opponent 9. restart analysis.
SPICA325 coach: [424, 0] no player type for opponent 9. restart analysis.
SPICA325 coach: [426, 0] no player type for opponent 9. restart analysis.
SPICA325 coach: [427, 0] no player type for opponent 9. restart analysis.
SPICA325 coach: [442, 0] no player type for opponent 2. restart analysis.
SPICA325 coach: [443, 0] no player type for opponent 2. restart analysis.
SPICA325 coach: [443, 0] no player type for opponent 5. restart analysis.
SPICA325 coach: [444, 0] no player type for opponent 9. restart analysis.
SPICA325 coach: [445, 0] no player type for opponent 2. restart analysis.
SPICA325 coach: [445, 0] no player type for opponent 5. restart analysis.
SPICA325 coach: [446, 0] no player type for opponent 9. restart analysis.
SPICA325 coach: [447, 0] no player type for opponent 5. restart analysis.
SPICA325 coach: [448, 0] no player type for opponent 5. restart analysis.
SPICA325 coach: [452, 1] sent freeform (player_types (1 0)(2 -1)(3 7)(4 8)(5 -1)(6 9)(7 13)(8 11)(9 -1)(10 1)(11 5))
SPICA325 coach: [452, 1] freeform 2 / 128
SPICA325 coach: [496, 0] no player type for opponent 5. restart analysis.
SPICA325 coach: [496, 0] no player type for opponent 2. restart analysis.
SPICA325 coach: [498, 0] no player type for opponent 5. restart analysis.
SPICA325 coach: [499, 0] no player type for opponent 5. restart analysis.
SPICA325 coach: [500, 0] no player type for opponent 5. restart analysis.
SPICA325 coach: [503, 0] no player type for opponent 9. restart analysis.
SPICA325 coach: [507, 0] no player type for opponent 2. restart analysis.
SPICA325 coach: [507, 0] no player type for opponent 9. restart analysis.
SPICA325 coach: [509, 0] no player type for opponent 2. restart analysis.
SPICA325 coach: [513, 0] no player type for opponent 5. restart analysis.
SPICA325 coach: [550, 0] no player type for opponent 5. restart analysis.
SPICA325 coach: [551, 0] no player type for opponent 9. restart analysis.
SPICA325 coach: [552, 0] no player type for opponent 9. restart analysis.
SPICA325 coach: [552, 0] determined opponent 2 type = 4
SPICA325 coach: [556, 0] no player type for opponent 5. restart analysis.
SPICA325 coach: [558, 0] no player type for opponent 5. restart analysis.
SPICA325 coach: [560, 0] determined opponent 9 type = 6
SPICA325 coach: [566, 0] no player type for opponent 5. restart analysis.
CYRUS_VANILLA coach: [601, 0] updated clang capacity.
SPICA325 coach: [601, 0] updated clang capacity.
SPICA325 coach: [602, 0] no player type for opponent 5. restart analysis.
SPICA325 coach: [606, 0] no player type for opponent 5. restart analysis.
SPICA325 coach: [607, 0] no player type for opponent 5. restart analysis.
SPICA325 coach: [615, 0] no player type for opponent 5. restart analysis.
layerSize: 3
SPICA325 coach: [631, 0] no player type for opponent 5. restart analysis.
SPICA325 coach: [633, 0] no player type for opponent 5. restart analysis.
SPICA325 coach: [636, 0] no player type for opponent 5. restart analysis.
SPICA325 coach: [643, 0] no player type for opponent 5. restart analysis.
SPICA325 coach: [644, 0] no player type for opponent 5. restart analysis.
SPICA325 coach: [645, 0] no player type for opponent 5. restart analysis.
SPICA325 coach: [651, 0] no player type for opponent 5. restart analysis.
SPICA325 coach: [658, 0] no player type for opponent 5. restart analysis.
SPICA325 coach: [660, 0] no player type for opponent 5. restart analysis.
SPICA325 coach: [661, 0] no player type for opponent 5. restart analysis.
SPICA325 coach: [672, 0] no player type for opponent 5. restart analysis.
SPICA325 coach: [696, 0] no player type for opponent 5. restart analysis.
SPICA325 coach: [700, 0] no player type for opponent 5. restart analysis.
SPICA325 coach: [703, 0] no player type for opponent 5. restart analysis.
SPICA325 coach: [706, 0] no player type for opponent 5. restart analysis.
SPICA325 coach: [709, 0] no player type for opponent 5. restart analysis.
SPICA325 coach: [718, 0] no player type for opponent 5. restart analysis.
SPICA325 coach: [721, 0] no player type for opponent 5. restart analysis.
SPICA325 coach: [722, 0] no player type for opponent 5. restart analysis.
SPICA325 coach: [731, 0] no player type for opponent 5. restart analysis.
SPICA325 coach: [732, 0] no player type for opponent 5. restart analysis.
SPICA325 coach: [779, 0] no player type for opponent 5. restart analysis.
SPICA325 coach: [785, 0] no player type for opponent 5. restart analysis.
SPICA325 coach: [792, 0] no player type for opponent 5. restart analysis.
SPICA325 coach: [797, 0] no player type for opponent 5. restart analysis.
SPICA325 coach: [798, 0] no player type for opponent 5. restart analysis.
SPICA325 coach: [807, 0] no player type for opponent 5. restart analysis.
SPICA325 coach: [810, 0] no player type for opponent 5. restart analysis.
SPICA325 coach: [813, 0] no player type for opponent 5. restart analysis.
SPICA325 coach: [818, 0] no player type for opponent 5. restart analysis.
SPICA325 coach: [819, 0] no player type for opponent 5. restart analysis.
SPICA325 coach: [820, 0] no player type for opponent 5. restart analysis.
SPICA325 coach: [822, 0] sent freeform (player_types (1 0)(2 4)(3 7)(4 8)(5 -1)(6 9)(7 13)(8 11)(9 6)(10 1)(11 5))
SPICA325 coach: [822, 0] freeform 3 / 128
CYRUS_VANILLA 1: [837, 0]  attentionto. try to attention to itself 
CYRUS_VANILLA 1: [838, 0]  attentionto. try to attention to itself 
CYRUS_VANILLA 1: [839, 0]  attentionto. try to attention to itself 
SPICA325 coach: [847, 0] no player type for opponent 5. restart analysis.
SPICA325 coach: [872, 0] no player type for opponent 5. restart analysis.
SPICA325 coach: [895, 0] no player type for opponent 5. restart analysis.
CYRUS_VANILLA coach: [901, 0] updated clang capacity.
SPICA325 coach: [901, 0] updated clang capacity.
SPICA325 coach: [1027, 0] no player type for opponent 5. restart analysis.
SPICA325 coach: [1029, 0] no player type for opponent 5. restart analysis.
SPICA325 coach: [1032, 0] no player type for opponent 5. restart analysis.
SPICA325 coach: [1057, 0] no player type for opponent 5. restart analysis.
SPICA325 coach: [1074, 0] no player type for opponent 5. restart analysis.
SPICA325 coach: [1096, 0] no player type for opponent 5. restart analysis.
SPICA325 coach: [1098, 0] no player type for opponent 5. restart analysis.
SPICA325 coach: [1113, 0] no player type for opponent 5. restart analysis.
SPICA325 coach: [1117, 0] no player type for opponent 5. restart analysis.
SPICA325 coach: [1121, 0] no player type for opponent 5. restart analysis.
SPICA325 coach: [1129, 0] no player type for opponent 5. restart analysis.
SPICA325 coach: [1130, 0] no player type for opponent 5. restart analysis.
SPICA325 coach: [1143, 0] no player type for opponent 5. restart analysis.
SPICA325 coach: [1149, 0] no player type for opponent 5. restart analysis.
SPICA325 coach: [1151, 0] no player type for opponent 5. restart analysis.
SPICA325 coach: [1152, 0] no player type for opponent 5. restart analysis.
SPICA325 coach: [1153, 0] no player type for opponent 5. restart analysis.
SPICA325 coach: [1169, 0] no player type for opponent 5. restart analysis.
SPICA325 coach: [1171, 0] no player type for opponent 5. restart analysis.
SPICA325 coach: [1172, 0] no player type for opponent 5. restart analysis.
SPICA325 coach: [1173, 0] no player type for opponent 5. restart analysis.
SPICA325 coach: [1175, 0] no player type for opponent 5. restart analysis.
SPICA325 coach: [1178, 0] no player type for opponent 5. restart analysis.
SPICA325 coach: [1201, 0] updated clang capacity.
CYRUS_VANILLA coach: [1201, 0] updated clang capacity.
SPICA325 coach: [1202, 0] no player type for opponent 5. restart analysis.
SPICA325 coach: [1205, 0] no player type for opponent 5. restart analysis.
SPICA325 coach: [1206, 0] no player type for opponent 5. restart analysis.
CYRUS_VANILLA 3: [1211, 0]  WARNING. no turn_neck.
CYRUS_VANILLA 3: [1212, 0]  WARNING. no turn_neck.
CYRUS_VANILLA 3: [1213, 0]  WARNING. no turn_neck.
SPICA325 coach: [1215, 0] no player type for opponent 5. restart analysis.
SPICA325 coach: [1221, 0] no player type for opponent 5. restart analysis.
SPICA325 coach: [1236, 0] no player type for opponent 5. restart analysis.
SPICA325 coach: [1248, 0] no player type for opponent 5. restart analysis.
SPICA325 coach: [1251, 0] no player type for opponent 5. restart analysis.
SPICA325 coach: [1255, 0] no player type for opponent 5. restart analysis.
SPICA325 8: [1276, 0]  WARNING. no body command.
SPICA325 coach: [1352, 0] no player type for opponent 5. restart analysis.
CYRUS_VANILLA 7: [1353, 0]  WARNING. no turn_neck.
CYRUS_VANILLA 7: [1354, 0]  WARNING. no turn_neck.
SPICA325 coach: [1373, 0] no player type for opponent 5. restart analysis.
SPICA325 coach: [1378, 0] no player type for opponent 5. restart analysis.
SPICA325 coach: [1382, 0] no player type for opponent 5. restart analysis.
SPICA325 coach: [1387, 0] no player type for opponent 5. restart analysis.
CYRUS_VANILLA 9: [1393, 0] lost kick? at [1393, 0] sense=63 internal=64
SPICA325 coach: [1394, 0] no player type for opponent 5. restart analysis.
SPICA325 coach: [1402, 0] no player type for opponent 5. restart analysis.
SPICA325 coach: [1415, 0] no player type for opponent 5. restart analysis.
SPICA325 coach: [1417, 0] no player type for opponent 5. restart analysis.
SPICA325 coach: [1418, 0] no player type for opponent 5. restart analysis.
SPICA325 coach: [1419, 0] no player type for opponent 5. restart analysis.
CYRUS_VANILLASPICA325 coach: [ coach: [1501, 15010, ]0 updated clang capacity.] updated clang capacity.

SPICA325 coach: [1535, 0] no player type for opponent 5. restart analysis.
SPICA325 coach: [1538, 0] no player type for opponent 5. restart analysis.
SPICA325 coach: [1539, 0] no player type for opponent 5. restart analysis.
SPICA325 7: [1547, 0]  WARNING. no turn_neck.
SPICA325 7: [1548, 0]  WARNING. no turn_neck.
SPICA325 coach: [1571, 0] no player type for opponent 5. restart analysis.
SPICA325 coach: [1604, 0] no player type for opponent 5. restart analysis.
SPICA325 coach: [1605, 0] no player type for opponent 5. restart analysis.
SPICA325 coach: [1611, 0] no player type for opponent 5. restart analysis.
SPICA325 coach: [1714, 0] no player type for opponent 5. restart analysis.
SPICA325 coach: [1722, 0] no player type for opponent 5. restart analysis.
SPICA325 coach: [1723, 0] no player type for opponent 5. restart analysis.
SPICA325 coach: [1725, 0] no player type for opponent 5. restart analysis.
SPICA325 coach: [1743, 0] no player type for opponent 5. restart analysis.
SPICA325 coach: [1744, 0] no player type for opponent 5. restart analysis.
SPICA325 coach: [1746, 0] no player type for opponent 5. restart analysis.
SPICA325 coach: [1758, 0] no player type for opponent 5. restart analysis.
SPICA325 coach: [1761, 0] no player type for opponent 5. restart analysis.
SPICA325 coach: [1777, 0] no player type for opponent 5. restart analysis.
SPICA325 coach: [1792, 0] no player type for opponent 5. restart analysis.
SPICA325 coach: [1801, 0] no player type for opponent 5. restart analysis.
CYRUS_VANILLA coach: [1801, 0] updated clang capacity.
SPICA325 coach: [1801, 0] updated clang capacity.
SPICA325 coach: [1803, 0] no player type for opponent 5. restart analysis.
SPICA325 coach: [1804, 0] no player type for opponent 5. restart analysis.
SPICA325 coach: [1807, 0] no player type for opponent 5. restart analysis.
SPICA325 coach: [1808, 0] no player type for opponent 5. restart analysis.
SPICA325 coach: [1810, 0] no player type for opponent 5. restart analysis.
SPICA325 coach: [1813, 0] no player type for opponent 5. restart analysis.
SPICA325 coach: [1822, 0] no player type for opponent 5. restart analysis.
SPICA325 coach: [1824, 0] no player type for opponent 5. restart analysis.
SPICA325 coach: [1825, 0] no player type for opponent 5. restart analysis.
SPICA325 coach: [1826, 0] no player type for opponent 5. restart analysis.
SPICA325 coach: [1827, 0] no player type for opponent 5. restart analysis.
SPICA325 coach: [1843, 0] no player type for opponent 5. restart analysis.
SPICA325 coach: [1844, 0] no player type for opponent 5. restart analysis.
SPICA325 coach: [1846, 0] no player type for opponent 5. restart analysis.
SPICA325 coach: [1849, 0] no player type for opponent 5. restart analysis.
SPICA325 coach: [1855, 0] no player type for opponent 5. restart analysis.
SPICA325 coach: [1858, 0] no player type for opponent 5. restart analysis.
SPICA325 coach: [1860, 0] no player type for opponent 5. restart analysis.
SPICA325 coach: [1864, 0] no player type for opponent 5. restart analysis.
SPICA325 6: [1866, 0]  WARNING. no body command.
SPICA325 coach: [1867, 0] no player type for opponent 5. restart analysis.
SPICA325 coach: [1880, 0] no player type for opponent 5. restart analysis.
SPICA325 coach: [1895, 0] no player type for opponent 5. restart analysis.
SPICA325 coach: [1902, 0] no player type for opponent 5. restart analysis.
SPICA325 coach: [1905, 0] no player type for opponent 5. restart analysis.
SPICA325 coach: [1907, 0] no player type for opponent 5. restart analysis.
SPICA325 coach: [1911, 0] no player type for opponent 5. restart analysis.
SPICA325 coach: [1916, 0] no player type for opponent 5. restart analysis.
SPICA325 coach: [1926, 0] no player type for opponent 5. restart analysis.
SPICA325 coach: [1928, 0] no player type for opponent 5. restart analysis.
SPICA325 coach: [1929, 0] no player type for opponent 5. restart analysis.
SPICA325 coach: [1977, 0] no player type for opponent 5. restart analysis.
SPICA325 coach: [1993, 0] no player type for opponent 5. restart analysis.
SPICA325 coach: [2016, 0] no player type for opponent 5. restart analysis.
SPICA325 coach: [2018, 0] no player type for opponent 5. restart analysis.
SPICA325 coach: [2030, 0] no player type for opponent 5. restart analysis.
SPICA325 coach: [2066, 0] no player type for opponent 5. restart analysis.
SPICA325 coach: [2067, 0] no player type for opponent 5. restart analysis.
SPICA325 coach: [2101, 0] updated clang capacity.
CYRUS_VANILLA coach: [2101, 0] updated clang capacity.
SPICA325 coach: [2192, 0] no player type for opponent 5. restart analysis.
SPICA325 coach: [2195, 0] no player type for opponent 5. restart analysis.
SPICA325 coach: [2198, 0] no player type for opponent 5. restart analysis.
SPICA325 coach: [2202, 0] no player type for opponent 5. restart analysis.
SPICA325 coach: [2207, 0] no player type for opponent 5. restart analysis.
SPICA325 coach: [2215, 0] no player type for opponent 5. restart analysis.
SPICA325 coach: [2219, 0] no player type for opponent 5. restart analysis.
SPICA325 coach: [2220, 0] no player type for opponent 5. restart analysis.
SPICA325 coach: [2237, 0] no player type for opponent 5. restart analysis.
SPICA325 coach: [2338, 0] no player type for opponent 5. restart analysis.
SPICA325 coach: [2340, 0] no player type for opponent 5. restart analysis.
SPICA325 coach: [2343, 0] no player type for opponent 5. restart analysis.
CYRUS_VANILLA coach: [2401, 0] updated clang capacity.
SPICA325 coach: [2401, 0] updated clang capacity.
SPICA325 coach: [2431, 0] no player type for opponent 5. restart analysis.
SPICA325 coach: [2434, 0] no player type for opponent 5. restart analysis.
SPICA325 coach: [2437, 0] no player type for opponent 5. restart analysis.
SPICA325 coach: [2446, 0] no player type for opponent 5. restart analysis.
SPICA325 coach: [2449, 0] no player type for opponent 5. restart analysis.
SPICA325 coach: [2469, 0] no player type for opponent 5. restart analysis.
SPICA325 coach: [2522, 0] no player type for opponent 5. restart analysis.
SPICA325 coach: [2523, 0] no player type for opponent 5. restart analysis.
SPICA325 coach: [2531, 0] no player type for opponent 5. restart analysis.
SPICA325 coach: [2566, 0] no player type for opponent 5. restart analysis.
SPICA325 coach: [2579, 0] no player type for opponent 5. restart analysis.
SPICA325 coach: [2580, 0] no player type for opponent 5. restart analysis.
SPICA325 coach: [2583, 0] no player type for opponent 5. restart analysis.
SPICA325 coach: [2586, 0] no player type for opponent 5. restart analysis.
SPICA325 coach: [2601, 0] no player type for opponent 5. restart analysis.
SPICA325 coach: [2604, 0] no player type for opponent 5. restart analysis.
SPICA325 coach: [2610, 0] no player type for opponent 5. restart analysis.
SPICA325 coach: [2629, 0] no player type for opponent 5. restart analysis.
SPICA325 coach: [2632, 0] no player type for opponent 5. restart analysis.
SPICA325 coach: [2636, 0] no player type for opponent 5. restart analysis.
SPICA325 coach: [2643, 0] no player type for opponent 5. restart analysis.
SPICA325 coach: [2645, 0] no player type for opponent 5. restart analysis.
SPICA325 coach: [2646, 0] no player type for opponent 5. restart analysis.
SPICA325 coach: [2648, 0] no player type for opponent 5. restart analysis.
SPICA325 coach: [2690, 0] no player type for opponent 5. restart analysis.
SPICA325 coach: [2691, 0] no player type for opponent 5. restart analysis.
CYRUS_VANILLA coach: [2701, 0] updated clang capacity.
SPICA325 coach: [2701, 0] updated clang capacity.
SPICA325 coach: [2770, 0] no player type for opponent 5. restart analysis.
SPICA325 coach: [2775, 0] no player type for opponent 5. restart analysis.
SPICA325 coach: [2782, 0] no player type for opponent 5. restart analysis.
SPICA325 coach: [2791, 0] no player type for opponent 5. restart analysis.
SPICA325 coach: [2794, 0] no player type for opponent 5. restart analysis.
SPICA325 coach: [2824, 0] no player type for opponent 5. restart analysis.
SPICA325 coach: [2838, 0] no player type for opponent 5. restart analysis.
SPICA325 coach: [2844, 0] no player type for opponent 5. restart analysis.
SPICA325 coach: [2848, 0] no player type for opponent 5. restart analysis.
SPICA325 coach: [2867, 0] no player type for opponent 5. restart analysis.
SPICA325 coach: [2891, 0] no player type for opponent 5. restart analysis.
SPICA325 coach: [2892, 0] no player type for opponent 5. restart analysis.
SPICA325 coach: [2894, 0] no player type for opponent 5. restart analysis.
SPICA325 coach: [2896, 0] no player type for opponent 5. restart analysis.
SPICA325 coach: [2897, 0] no player type for opponent 5. restart analysis.
SPICA325 coach: [2997, 0] no player type for opponent 5. restart analysis.
SPICA325 11: [2998, 0] lost kick by foul at [2998, 0] sense=35 internal=36
Waiting to kick off
Kick_off_right
CYRUS_VANILLA coach: [3001, 0] updated clang capacity.
SPICA325 coach: [3001, 0] updated clang capacity.
SPICA325 coach: [3110, 0] no player type for opponent 5. restart analysis.
SPICA325 coach: [3114, 0] no player type for opponent 5. restart analysis.
SPICA325 coach: [3119, 0] no player type for opponent 5. restart analysis.
SPICA325 coach: [3126, 0] no player type for opponent 5. restart analysis.
SPICA325 coach: [3128, 0] no player type for opponent 5. restart analysis.
SPICA325 coach: [3139, 0] no player type for opponent 5. restart analysis.
SPICA325 coach: [3146, 0] no player type for opponent 5. restart analysis.
SPICA325 coach: [3212, 0] no player type for opponent 5. restart analysis.
SPICA325 coach: [3234, 0] no player type for opponent 5. restart analysis.
SPICA325 coach: [3301, 0] updated clang capacity.
CYRUS_VANILLA coach: [3301, 0] updated clang capacity.
SPICA325 coach: [3312, 0] no player type for opponent 5. restart analysis.
SPICA325 coach: [3313, 0] no player type for opponent 5. restart analysis.
SPICA325 coach: [3329, 0] no player type for opponent 5. restart analysis.
SPICA325 coach: [3348, 0] no player type for opponent 5. restart analysis.
SPICA325 coach: [3349, 0] no player type for opponent 5. restart analysis.
SPICA325 coach: [3353, 0] no player type for opponent 5. restart analysis.
SPICA325 coach: [3354, 0] no player type for opponent 5. restart analysis.
SPICA325 coach: [3366, 0] no player type for opponent 5. restart analysis.
SPICA325 coach: [3370, 0] no player type for opponent 5. restart analysis.
SPICA325 coach: [3373, 0] no player type for opponent 5. restart analysis.
SPICA325 coach: [3386, 0] no player type for opponent 5. restart analysis.
SPICA325 coach: [3414, 0] no player type for opponent 5. restart analysis.
SPICA325 coach: [3417, 0] no player type for opponent 5. restart analysis.
SPICA325 coach: [3454, 0] no player type for opponent 5. restart analysis.
SPICA325 coach: [3457, 0] no player type for opponent 5. restart analysis.
SPICA325 coach: [3460, 0] no player type for opponent 5. restart analysis.
SPICA325 coach: [3484, 0] no player type for opponent 5. restart analysis.
SPICA325 coach: [3486, 0] no player type for opponent 5. restart analysis.
SPICA325 coach: [3489, 0] no player type for opponent 5. restart analysis.
SPICA325 coach: [3498, 0] no player type for opponent 5. restart analysis.
SPICA325 coach: [3501, 0] no player type for opponent 5. restart analysis.
SPICA325 coach: [3503, 0] no player type for opponent 5. restart analysis.
SPICA325 coach: [3504, 0] no player type for opponent 5. restart analysis.
SPICA325 coach: [3506, 0] no player type for opponent 5. restart analysis.
SPICA325 coach: [3507, 0] no player type for opponent 5. restart analysis.
SPICA325 coach: [3508, 0] no player type for opponent 5. restart analysis.
SPICA325 coach: [3543, 0] no player type for opponent 5. restart analysis.
SPICA325 coach: [3568, 0] no player type for opponent 5. restart analysis.
SPICA325 coach: [3586, 0] no player type for opponent 5. restart analysis.
SPICA325 coach: [3597, 0] no player type for opponent 5. restart analysis.
SPICA325 coach: [3599, 0] no player type for opponent 5. restart analysis.
SPICA325 coach: [3601, 0] no player type for opponent 5. restart analysis.
CYRUS_VANILLA coach: [3601, 0] updated clang capacity.
SPICA325 coach: [3601, 0] updated clang capacity.
SPICA325 coach: [3617, 0] no player type for opponent 5. restart analysis.
SPICA325 coach: [3619, 0] no player type for opponent 5. restart analysis.
SPICA325 4: [3619, 0] lost kick by foul at [3619, 0] sense=2 internal=3
SPICA325 coach: [3620, 0] no player type for opponent 5. restart analysis.
SPICA325 coach: [3639, 0] no player type for opponent 5. restart analysis.
SPICA325 coach: [3676, 0] no player type for opponent 5. restart analysis.
SPICA325 coach: [3680, 0] no player type for opponent 5. restart analysis.
SPICA325 coach: [3703, 0] no player type for opponent 5. restart analysis.
SPICA325 coach: [3754, 0] no player type for opponent 5. restart analysis.
SPICA325 coach: [3777, 0] no player type for opponent 5. restart analysis.
SPICA325 coach: [3780, 0] no player type for opponent 5. restart analysis.
SPICA325 coach: [3787, 0] no player type for opponent 5. restart analysis.
CYRUS_VANILLA 10: [3790, 0]  WARNING. no turn_neck.
CYRUS_VANILLA 6: [3795, 0]  WARNING. no turn_neck.
SPICA325 coach: [3815, 0] no player type for opponent 5. restart analysis.
SPICA325 coach: [3817, 0] no player type for opponent 5. restart analysis.
SPICA325 coach: [3820, 0] no player type for opponent 5. restart analysis.
SPICA325 coach: [3821, 0] no player type for opponent 5. restart analysis.
SPICA325 coach: [3822, 0] no player type for opponent 5. restart analysis.
SPICA325 coach: [3832, 0] no player type for opponent 5. restart analysis.
CYRUS_VANILLA 6: [3860, 0] lost kick by foul at [3860, 0] sense=57 internal=58
SPICA325 coach: [3901, 0] updated clang capacity.
CYRUS_VANILLA coach: [3901, 0] updated clang capacity.
CYRUS_VANILLA 5: [3976, 0]  WARNING. no turn_neck.
CYRUS_VANILLA 5: [3977, 0]  WARNING. no turn_neck.
CYRUS_VANILLA 5: [3978, 0]  WARNING. no turn_neck.
CYRUS_VANILLA 5: [3979, 0]  WARNING. no turn_neck.
CYRUS_VANILLA 5: [3980, 0]  WARNING. no turn_neck.
9 [4006, 0] no ball position cache.
9 [4006, 0] no ball position cache.
9 [4006, 0] Interecet Self cache is empty!
9 [4007, 0] no ball position cache.
9 [4007, 0] no ball position cache.
9 [4007, 0] Interecet Self cache is empty!
SPICA325 coach: [4013, 0] no player type for opponent 5. restart analysis.
SPICA325 coach: [4030, 0] no player type for opponent 5. restart analysis.
SPICA325 coach: [4045, 0] no player type for opponent 5. restart analysis.
SPICA325 coach: [4076, 0] no player type for opponent 5. restart analysis.
SPICA325 coach: [4102, 0] no player type for opponent 5. restart analysis.
SPICA325 coach: [4123, 0] no player type for opponent 5. restart analysis.
SPICA325 coach: [4125, 0] no player type for opponent 5. restart analysis.
SPICA325 coach: [4133, 0] no player type for opponent 5. restart analysis.
SPICA325 coach: [4135, 0] no player type for opponent 5. restart analysis.
SPICA325 coach: [4137, 0] no player type for opponent 5. restart analysis.
SPICA325 coach: [4138, 0] no player type for opponent 5. restart analysis.
SPICA325 coach: [4145, 0] no player type for opponent 5. restart analysis.
SPICA325 coach: [4161, 0] no player type for opponent 5. restart analysis.
SPICA325 coach: [4188, 0] no player type for opponent 5. restart analysis.
SPICA325 coach: [4194, 0] no player type for opponent 5. restart analysis.
SPICA325 coach: [4198, 0] no player type for opponent 5. restart analysis.
SPICA325 coach: [4201, 0] updated clang capacity.
CYRUS_VANILLA coach: [4201, 0] updated clang capacity.
SPICA325 coach: [4241, 0] no player type for opponent 5. restart analysis.
SPICA325 coach: [4244, 0] no player type for opponent 5. restart analysis.
SPICA325 coach: [4248, 0] no player type for opponent 5. restart analysis.
SPICA325 coach: [4256, 0] no player type for opponent 5. restart analysis.
SPICA325 coach: [4259, 0] no player type for opponent 5. restart analysis.
SPICA325 coach: [4275, 0] no player type for opponent 5. restart analysis.
SPICA325 coach: [4276, 0] no player type for opponent 5. restart analysis.
SPICA325 coach: [4316, 0] no player type for opponent 5. restart analysis.
SPICA325 coach: [4330, 0] no player type for opponent 5. restart analysis.
SPICA325 coach: [4332, 0] no player type for opponent 5. restart analysis.
SPICA325 coach: [4341, 0] no player type for opponent 5. restart analysis.
SPICA325 8: [4344, 0] lost kick by foul at [4344, 0] sense=18 internal=19
SPICA325 coach: [4493, 0] no player type for opponent 5. restart analysis.
SPICA325 coach: [4494, 0] no player type for opponent 5. restart analysis.
CYRUS_VANILLA coach: [4501, 0] updated clang capacity.
SPICA325 coach: [4501, 0] updated clang capacity.
SPICA325 coach: [4513, 0] no player type for opponent 5. restart analysis.
SPICA325 coach: [4517, 0] no player type for opponent 5. restart analysis.
SPICA325 coach: [4526, 0] no player type for opponent 5. restart analysis.
SPICA325 coach: [4546, 0] no player type for opponent 5. restart analysis.
SPICA325 coach: [4550, 0] no player type for opponent 5. restart analysis.
SPICA325 coach: [4554, 0] no player type for opponent 5. restart analysis.
SPICA325 coach: [4559, 0] no player type for opponent 5. restart analysis.
SPICA325 coach: [4581, 0] no player type for opponent 5. restart analysis.
SPICA325 coach: [4586, 0] no player type for opponent 5. restart analysis.
SPICA325 coach: [4595, 0] no player type for opponent 5. restart analysis.
SPICA325 coach: [4618, 0] no player type for opponent 5. restart analysis.
SPICA325 coach: [4646, 0] no player type for opponent 5. restart analysis.
SPICA325 coach: [4679, 0] no player type for opponent 5. restart analysis.
SPICA325 coach: [4684, 0] no player type for opponent 5. restart analysis.
SPICA325 coach: [4765, 0] no player type for opponent 5. restart analysis.
SPICA325 coach: [4801, 0] updated clang capacity.
CYRUS_VANILLA coach: [4801, 0] updated clang capacity.
SPICA325 coach: [4838, 0] no player type for opponent 5. restart analysis.
SPICA325 coach: [4845, 0] no player type for opponent 5. restart analysis.
11 [4860, 0] no ball position cache.
11 [4860, 0] no ball position cache.
11 [4860, 0] Interecet Self cache is empty!
SPICA325 coach: [4916, 0] no player type for opponent 5. restart analysis.
SPICA325 coach: [4997, 0] no player type for opponent 5. restart analysis.
SPICA325 coach: [5000, 0] no player type for opponent 5. restart analysis.
SPICA325 coach: [5008, 0] no player type for opponent 5. restart analysis.
CYRUS_VANILLA 8: [5045, 0]  WARNING. no turn_neck.
SPICA325 3: [5051, 0]  WARNING. no body command.
SPICA325 coach: [5052, 0] no player type for opponent 5. restart analysis.
SPICA325 coach: [5053, 0] no player type for opponent 5. restart analysis.
CYRUS_VANILLA coach: [5101, 0] updated clang capacity.
SPICA325 coach: [5101, 0] updated clang capacity.
SPICA325 coach: [5177, 0] no player type for opponent 5. restart analysis.
SPICA325 coach: [5180, 0] no player type for opponent 5. restart analysis.
SPICA325 coach: [5232, 0] no player type for opponent 5. restart analysis.
SPICA325 coach: [5236, 0] no player type for opponent 5. restart analysis.
SPICA325 coach: [5249, 0] no player type for opponent 5. restart analysis.
SPICA325 coach: [5251, 0] no player type for opponent 5. restart analysis.
SPICA325 coach: [5281, 0] no player type for opponent 5. restart analysis.
SPICA325 coach: [5283, 0] no player type for opponent 5. restart analysis.
SPICA325 coach: [5302, 0] no player type for opponent 5. restart analysis.
SPICA325 coach: [5343, 0] no player type for opponent 5. restart analysis.
SPICA325 coach: [5344, 0] no player type for opponent 5. restart analysis.
CYRUS_VANILLA 7: [5352, 0]  WARNING. no turn_neck.
CYRUS_VANILLA 7: [5353, 0]  WARNING. no turn_neck.
SPICA325 coach: [5354, 0] no player type for opponent 5. restart analysis.
SPICA325 coach: [5357, 0] no player type for opponent 5. restart analysis.
CYRUS_VANILLA 7: [5357, 0]  WARNING. no turn_neck.
SPICA325 coach: [5362, 0] no player type for opponent 5. restart analysis.
SPICA325 coach: [5380, 0] no player type for opponent 5. restart analysis.
SPICA325 coach: [5381, 0] no player type for opponent 5. restart analysis.
SPICA325 coach: [5383, 0] no player type for opponent 5. restart analysis.
SPICA325 11: [5389, 0]  WARNING. no turn_neck.
SPICA325 coach: [5393, 0] no player type for opponent 5. restart analysis.
SPICA325 coach: [5394, 0] no player type for opponent 5. restart analysis.
SPICA325 coach: [5395, 0] no player type for opponent 5. restart analysis.
CYRUS_VANILLA coach: [5401, 0] updated clang capacity.
SPICA325 coach: [5401, 0] no player type for opponent 5. restart analysis.
SPICA325 coach: [5401, 0] updated clang capacity.
SPICA325 coach: [5410, 0] no player type for opponent 5. restart analysis.
SPICA325 coach: [5426, 0] no player type for opponent 5. restart analysis.
SPICA325 coach: [5435, 0] no player type for opponent 5. restart analysis.
SPICA325 coach: [5442, 0] no player type for opponent 5. restart analysis.
SPICA325 coach: [5470, 0] no player type for opponent 5. restart analysis.
SPICA325 coach: [5474, 0] no player type for opponent 5. restart analysis.
SPICA325 coach: [5487, 0] no player type for opponent 5. restart analysis.
SPICA325 coach: change player 4 to type 12
CYRUS_VANILLA coach: change player 8 to type 12
SPICA325 coach: [5533, 0] no player type for opponent 8. restart analysis.
SPICA325 coach: [5534, 0] no player type for opponent 8. restart analysis.
SPICA325 coach: [5537, 0] no player type for opponent 8. restart analysis.
SPICA325 coach: [5611, 0] determined opponent 8 type = 12
SPICA325 coach: [5613, 0] no player type for opponent 5. restart analysis.
SPICA325 coach: [5644, 0] no player type for opponent 5. restart analysis.
SPICA325 coach: [5646, 0] no player type for opponent 5. restart analysis.
CYRUS_VANILLA coach: [5654, 0] determined opponent 4 type = 12
SPICA325 coach: [5658, 0] no player type for opponent 5. restart analysis.
SPICA325 coach: [5701, 0] updated clang capacity.
CYRUS_VANILLA coach: [5701, 0] updated clang capacity.
SPICA325 coach: [5702, 0] no player type for opponent 5. restart analysis.
SPICA325 coach: [5709, 0] no player type for opponent 5. restart analysis.
SPICA325 coach: [5718, 0] no player type for opponent 5. restart analysis.
SPICA325 coach: [5729, 0] no player type for opponent 5. restart analysis.
SPICA325 coach: [5733, 0] no player type for opponent 5. restart analysis.
SPICA325 coach: [5738, 0] no player type for opponent 5. restart analysis.
SPICA325 coach: [5744, 0] no player type for opponent 5. restart analysis.
CYRUS_VANILLA 11: [5744, 0] lost kick by foul at [5744, 0] sense=96 internal=97
SPICA325 coach: [5745, 0] no player type for opponent 5. restart analysis.
SPICA325 coach: [5748, 0] no player type for opponent 5. restart analysis.
SPICA325 coach: [5751, 0] no player type for opponent 5. restart analysis.
SPICA325 coach: [5757, 0] no player type for opponent 5. restart analysis.
SPICA325 coach: [5769, 0] no player type for opponent 5. restart analysis.
SPICA325 coach: [5777, 0] no player type for opponent 5. restart analysis.
SPICA325 coach: [5783, 0] no player type for opponent 5. restart analysis.
SPICA325 9: [5797, 0] lost kick by foul at [5797, 0] sense=119 internal=120
SPICA325 coach: [5797, 1] sent freeform (player_types (1 0)(2 4)(3 7)(4 8)(5 -1)(6 9)(7 13)(8 12)(9 6)(10 1)(11 5))
SPICA325 coach: [5797, 1] freeform 4 / 128
CYRUS_VANILLA coach: [5797, 1] sent freeform (player_types (1 0)(2 4)(3 7)(4 12)(5 15)(6 9)(7 13)(8 11)(9 6)(10 1)(11 5))
CYRUS_VANILLA coach: [5797, 1] freeform 2 / 128
SPICA325 coach: change player 6 to type 10
CYRUS_VANILLA coach: [5822, 0] determined opponent 6 type = 10
CYRUS_VANILLA coach: [5822, 0] sent freeform (player_types (1 0)(2 4)(3 7)(4 12)(5 15)(6 10)(7 13)(8 11)(9 6)(10 1)(11 5))
CYRUS_VANILLA coach: [5822, 0] freeform 3 / 128
CYRUS_VANILLA coach: change player 7 to type 10
SPICA325 coach: [5910, 0] no player type for opponent 7. restart analysis.
SPICA325 coach: [5911, 0] no player type for opponent 7. restart analysis.
SPICA325 coach: [5914, 0] no player type for opponent 5. restart analysis.
SPICA325 coach: [5916, 0] no player type for opponent 5. restart analysis.
SPICA325 coach: [5917, 0] no player type for opponent 7. restart analysis.
SPICA325 coach: [5918, 0] no player type for opponent 7. restart analysis.
SPICA325 coach: [5920, 0] no player type for opponent 7. restart analysis.
SPICA325 coach: [5923, 0] no player type for opponent 5. restart analysis.
SPICA325 coach: [5925, 0] no player type for opponent 7. restart analysis.
SPICA325 coach: [5926, 0] no player type for opponent 7. restart analysis.
SPICA325 coach: [5926, 0] no player type for opponent 5. restart analysis.
SPICA325 coach: [5928, 0] no player type for opponent 7. restart analysis.
SPICA325 coach: [5935, 0] no player type for opponent 7. restart analysis.
SPICA325 coach: [5937, 0] no player type for opponent 7. restart analysis.
SPICA325 coach: [5940, 0] no player type for opponent 5. restart analysis.
SPICA325 coach: [5944, 0] determined opponent 7 type = 10
SPICA325 coach: [5955, 0] no player type for opponent 5. restart analysis.
SPICA325 coach: [5990, 0] no player type for opponent 5. restart analysis.
SPICA325 coach: [5991, 0] no player type for opponent 5. restart analysis.
SPICA325 coach: [5994, 0] no player type for opponent 5. restart analysis.
CYRUS_VANILLA coach: finished.
CYRUS_VANILLA 4: finished.
CYRUS_VANILLA 3: finished.
SPICA325 7: finished.
SPICA325 3: finished.
SPICA325 10: finished.
SPICA325 11: finished.
Waiting after end of match
remoteclient.cpp: 149: Error sending to socket: Bad file descriptor
msg = [(think)]
remoteclient.cpp: 149: Error sending to socket: Bad file descriptor
msg = [(think)]
SPICA325 coach: [6000, 0] no player type for opponent 5. restart analysis.
SPICA325 coach: [6000, 0] new freeform allowed 256
SPICA325 coach: finished.
CYRUS_VANILLA 9: finished.
CYRUS_VANILLA 5: finished.
SPICA325 1: finished.
SPICA325 9: finished.
CYRUS_VANILLA 8: finished.
SPICA325 8: finished.
SPICA325 4: finished.
CYRUS_VANILLA 11: finished.
CYRUS_VANILLA 1: finished.
SPICA325 2: finished.
CYRUS_VANILLA 10: finished.
SPICA325 6: finished.
SPICA325 5: finished.
CYRUS_VANILLA 2: finished.
CYRUS_VANILLA 7: finished.
CYRUS_VANILLA 6: finished.
A player disconnected : (SPICA325 3)
A player disconnected : (SPICA325 10)
A player disconnected : (SPICA325 11)
An online coach disconnected : (SPICA325)
An online coach disconnected : (CYRUS_VANILLA)
A player disconnected : (SPICA325 7)
A player disconnected : (CYRUS_VANILLA 4)
A player disconnected : (CYRUS_VANILLA 3)
A player disconnected : (CYRUS_VANILLA 9)
A player disconnected : (SPICA325 9)
A player disconnected : (SPICA325 8)
A player disconnected : (CYRUS_VANILLA 5)
A player disconnected : (SPICA325 1)
A player disconnected : (SPICA325 4)
A player disconnected : (CYRUS_VANILLA 8)
A player disconnected : (CYRUS_VANILLA 1)
A player disconnected : (CYRUS_VANILLA 11)
A player disconnected : (SPICA325 2)
A player disconnected : (CYRUS_VANILLA 10)
A player disconnected : (SPICA325 6)
A player disconnected : (CYRUS_VANILLA 6)
A player disconnected : (SPICA325 5)
A player disconnected : (CYRUS_VANILLA 7)
A player disconnected : (CYRUS_VANILLA 2)
Killing 9898
Killing 9911

Game Over. Exiting...

Saving Results:
	CSVSaver: saving...
	CSVSaver: ...disabled
	STDOutSaver: saving...

Game Results:
	2026-06-27 09:25:22
	'SPICA325' vs 'CYRUS_VANILLA'
	Score: 0 - 2
 
	STDOutSaver: ...saved

Saving Results Complete
