rcssserver-19.0.0

Copyright (C) 1995, 1996, 1997, 1998, 1999 Electrotechnical Laboratory.
2000 - RoboCup Soccer Simulator Maintenance Group.

Simulator Random Seed: 1782550072
CSVSaver: Ready
STDOutSaver: Ready
Using simulator's random seed as Hetero Player Seed: 1782550072
******************************************************************
 HELIOS base
 Created by Hidehisa Akiyama and Hiroki Shimora
 Copyright 2000-2007.  Hidehisa Akiyama
 Copyright 2007-2011.  Hidehisa Akiyama and Hiroki Shimora
 All rights reserved.
******************************************************************
PING localhost (127.0.0.1) 56(84) bytes of data.
64 bytes from localhost (127.0.0.1): icmp_seq=1 ttl=64 time=0.023 ms

--- localhost ping statistics ---
1 packets transmitted, 1 received, 0% packet loss, time 0ms
rtt min/avg/max/mdev = 0.023/0.023/0.023/0.000 ms
******************************************************************
 librcsc 
 Copyright 2000 - 2007. Hidehisa Akiyama.
 Copyright 2007 - 2011. Hidehisa Akiyama and Hiroki Shimora
 Copyright 2011 -  Hidehisa Akiyama, Hiroki Shimora
   Takuya Fukushima (2019-)
 All rights reserved.
******************************************************************
*****************************************************************
 This program is based on agent2d created by Hidehisa Akiyama.
 Copyright 2006 - 2011. Hidehisa Akiyama and Hiroki Shimora.
 All rights reserved.
*****************************************************************
SPICA325: init ok.  unum: 1 side: l
SPICA325 1: [-1, 0] (v18+) force synch see mode.
wind factor: rand: 0.000000, vector: (0.000000, 0.000000)

Hit CTRL-C to exit
Starting "/bin/sh -c scripts/team_launchers/spica325_left.sh"
Waiting for players to connect
A new (v18) player (SPICA325 1) connected.
******************************************************************
 HELIOS base
 Created by Hidehisa Akiyama and Hiroki Shimora
 Copyright 2000-2007.  Hidehisa Akiyama
 Copyright 2007-2011.  Hidehisa Akiyama and Hiroki Shimora
 All rights reserved.
******************************************************************
PING localhost (127.0.0.1) 56(84) bytes of data.
64 bytes from localhost (127.0.0.1): icmp_seq=1 ttl=64 time=0.025 ms

--- localhost ping statistics ---
1 packets transmitted, 1 received, 0% packet loss, time 0ms
rtt min/avg/max/mdev = 0.025/0.025/0.025/0.000 ms
******************************************************************
 librcsc 
 Copyright 2000 - 2007. Hidehisa Akiyama.
 Copyright 2007 - 2011. Hidehisa Akiyama and Hiroki Shimora
 Copyright 2011 -  Hidehisa Akiyama, Hiroki Shimora
   Takuya Fukushima (2019-)
 All rights reserved.
******************************************************************
SPICA325 1:  KickTable created.
SPICA325 1: [-1, 0] set synch see mode.
*****************************************************************
 This program is based on agent2d created by Hidehisa Akiyama.
 Copyright 2006 - 2011. Hidehisa Akiyama and Hiroki Shimora.
 All rights reserved.
*****************************************************************
CYRUS_VANILLA: init ok.  unum: 1 side: r
CYRUS_VANILLA 1: [-1, 0] (v18+) force synch see mode.
Starting "/bin/sh -c scripts/team_launchers/cyrus_vanilla_right.sh"
A new (v18) player (CYRUS_VANILLA 1) connected.
CYRUS_VANILLA 1:  KickTable created.
CYRUS_VANILLA 1: [-1, 0] set synch see mode.
Read Setting: ./data/settings/Other.json
Read Setting: ./data/settings/Other.json
******************************************************************
 librcsc 
 Copyright 2000 - 2007. Hidehisa Akiyama.
 Copyright 2007 - 2011. Hidehisa Akiyama and Hiroki Shimora
 Copyright 2011 -  Hidehisa Akiyama, Hiroki Shimora
   Takuya Fukushima (2019-)
 All rights reserved.
******************************************************************
******************************************************************
 librcsc 
 Copyright 2000 - 2007. Hidehisa Akiyama.
 Copyright 2007 - 2011. Hidehisa Akiyama and Hiroki Shimora
 Copyright 2011 -  Hidehisa Akiyama, Hiroki Shimora
   Takuya Fukushima (2019-)
 All rights reserved.
******************************************************************
******************************************************************
 librcsc 
 Copyright 2000 - 2007. Hidehisa Akiyama.
 Copyright 2007 - 2011. Hidehisa Akiyama and Hiroki Shimora
 Copyright 2011 -  Hidehisa Akiyama, Hiroki Shimora
   Takuya Fukushima (2019-)
 All rights reserved.
******************************************************************
******************************************************************
 librcsc 
 Copyright 2000 - 2007. Hidehisa Akiyama.
 Copyright 2007 - 2011. Hidehisa Akiyama and Hiroki Shimora
 Copyright 2011 -  Hidehisa Akiyama, Hiroki Shimora
   Takuya Fukushima (2019-)
 All rights reserved.
******************************************************************
******************************************************************
 librcsc 
 Copyright 2000 - 2007. Hidehisa Akiyama.
 Copyright 2007 - 2011. Hidehisa Akiyama and Hiroki Shimora
 Copyright 2011 -  Hidehisa Akiyama, Hiroki Shimora
   Takuya Fukushima (2019-)
 All rights reserved.
******************************************************************
******************************************************************
 librcsc 
 Copyright 2000 - 2007. Hidehisa Akiyama.
 Copyright 2007 - 2011. Hidehisa Akiyama and Hiroki Shimora
 Copyright 2011 -  Hidehisa Akiyama, Hiroki Shimora
   Takuya Fukushima (2019-)
 All rights reserved.
******************************************************************
******************************************************************
 librcsc 
 Copyright 2000 - 2007. Hidehisa Akiyama.
 Copyright 2007 - 2011. Hidehisa Akiyama and Hiroki Shimora
 Copyright 2011 -  Hidehisa Akiyama, Hiroki Shimora
   Takuya Fukushima (2019-)
 All rights reserved.
******************************************************************
******************************************************************
 librcsc 
 Copyright 2000 - 2007. Hidehisa Akiyama.
 Copyright 2007 - 2011. Hidehisa Akiyama and Hiroki Shimora
 Copyright 2011 -  Hidehisa Akiyama, Hiroki Shimora
   Takuya Fukushima (2019-)
 All rights reserved.
******************************************************************
*****************************************************************
 This program is based on agent2d created by Hidehisa Akiyama.
 Copyright 2006 - 2011. Hidehisa Akiyama and Hiroki Shimora.
 All rights reserved.
*****************************************************************
******************************************************************
 librcsc 
 Copyright 2000 - 2007. Hidehisa Akiyama.
 Copyright 2007 - 2011. Hidehisa Akiyama and Hiroki Shimora
 Copyright 2011 -  Hidehisa Akiyama, Hiroki Shimora
   Takuya Fukushima (2019-)
 All rights reserved.
******************************************************************
A new (v18) player (SPICA325 2) connected.
SPICA325: init ok.  unum: 2 side: l
SPICA325 2: [-1, 0] (v18+) force synch see mode.
******************************************************************
 librcsc 
 Copyright 2000 - 2007. Hidehisa Akiyama.
 Copyright 2007 - 2011. Hidehisa Akiyama and Hiroki Shimora
 Copyright 2011 -  Hidehisa Akiyama, Hiroki Shimora
   Takuya Fukushima (2019-)
 All rights reserved.
******************************************************************
*****************************************************************
 This program is based on agent2d created by Hidehisa Akiyama.
 Copyright 2006 - 2011. Hidehisa Akiyama and Hiroki Shimora.
 All rights reserved.
*****************************************************************
******************************************************************
 librcsc 
 Copyright 2000 - 2007. Hidehisa Akiyama.
 Copyright 2007 - 2011. Hidehisa Akiyama and Hiroki Shimora
 Copyright 2011 -  Hidehisa Akiyama, Hiroki Shimora
   Takuya Fukushima (2019-)
 All rights reserved.
******************************************************************
*****************************************************************
 This program is based on agent2d created by Hidehisa Akiyama.
 Copyright 2006 - 2011. Hidehisa Akiyama and Hiroki Shimora.
 All rights reserved.
*****************************************************************
*****************************************************************
 This program is based on agent2d created by Hidehisa Akiyama.
 Copyright 2006 - 2011. Hidehisa Akiyama and Hiroki Shimora.
 All rights reserved.
*****************************************************************
******************************************************************
 librcsc 
 Copyright 2000 - 2007. Hidehisa Akiyama.
 Copyright 2007 - 2011. Hidehisa Akiyama and Hiroki Shimora
 Copyright 2011 -  Hidehisa Akiyama, Hiroki Shimora
   Takuya Fukushima (2019-)
 All rights reserved.
******************************************************************
*****************************************************************
 This program is based on agent2d created by Hidehisa Akiyama.
 Copyright 2006 - 2011. Hidehisa Akiyama and Hiroki Shimora.
 All rights reserved.
*****************************************************************
*****************************************************************
 This program is based on agent2d created by Hidehisa Akiyama.
 Copyright 2006 - 2011. Hidehisa Akiyama and Hiroki Shimora.
 All rights reserved.
*****************************************************************
******************************************************************
 librcsc 
 Copyright 2000 - 2007. Hidehisa Akiyama.
 Copyright 2007 - 2011. Hidehisa Akiyama and Hiroki Shimora
 Copyright 2011 -  Hidehisa Akiyama, Hiroki Shimora
   Takuya Fukushima (2019-)
 All rights reserved.
******************************************************************
******************************************************************
 librcsc 
 Copyright 2000 - 2007. Hidehisa Akiyama.
 Copyright 2007 - 2011. Hidehisa Akiyama and Hiroki Shimora
 Copyright 2011 -  Hidehisa Akiyama, Hiroki Shimora
   Takuya Fukushima (2019-)
 All rights reserved.
******************************************************************
SPICA325: init ok.  unum: 3 side: l
SPICA325 3: [-1, 0] (v18+) force synch see mode.
A new (v18) player (SPICA325 3) connected.
A new (v18) player (SPICA325 4) connected.
SPICA325: init ok.  unum: 4 side: l
SPICA325 4: [-1, 0] (v18+) force synch see mode.
A new (v18) player (SPICA325 5) connected.
A new (v18) player (SPICA325 6) connected.
SPICA325: init ok.  unum: 5 side: l
A new (v18) online coach (SPICA325) connected.
SPICA325 5: [-1, 0] (v18+) force synch see mode.
SPICA325: init ok.  unum: 6 side: l
SPICA325 6: [-1, 0] (v18+) force synch see mode.
******************************************************************
 librcsc 
 Copyright 2000 - 2007. Hidehisa Akiyama.
 Copyright 2007 - 2011. Hidehisa Akiyama and Hiroki Shimora
 Copyright 2011 -  Hidehisa Akiyama, Hiroki Shimora
   Takuya Fukushima (2019-)
 All rights reserved.
******************************************************************
SPICA325 coach: [-1, 0] recv (ok eye on)
*****************************************************************
 This program is based on agent2d created by Hidehisa Akiyama.
 Copyright 2006 - 2011. Hidehisa Akiyama and Hiroki Shimora.
 All rights reserved.
*****************************************************************
A new (v18) player (SPICA325 7) connected.
SPICA325 2:  KickTable created.
SPICA325 2: [-1, 0] set synch see mode.
******************************************************************
 librcsc 
 Copyright 2000 - 2007. Hidehisa Akiyama.
 Copyright 2007 - 2011. Hidehisa Akiyama and Hiroki Shimora
 Copyright 2011 -  Hidehisa Akiyama, Hiroki Shimora
   Takuya Fukushima (2019-)
 All rights reserved.
******************************************************************
SPICA325: init ok.  unum: 7 side: l
SPICA325 7: [-1, 0] (v18+) force synch see mode.
*****************************************************************
 This program is based on agent2d created by Hidehisa Akiyama.
 Copyright 2006 - 2011. Hidehisa Akiyama and Hiroki Shimora.
 All rights reserved.
*****************************************************************
******************************************************************
 librcsc 
 Copyright 2000 - 2007. Hidehisa Akiyama.
 Copyright 2007 - 2011. Hidehisa Akiyama and Hiroki Shimora
 Copyright 2011 -  Hidehisa Akiyama, Hiroki Shimora
   Takuya Fukushima (2019-)
 All rights reserved.
******************************************************************
******************************************************************
 librcsc 
 Copyright 2000 - 2007. Hidehisa Akiyama.
 Copyright 2007 - 2011. Hidehisa Akiyama and Hiroki Shimora
 Copyright 2011 -  Hidehisa Akiyama, Hiroki Shimora
   Takuya Fukushima (2019-)
 All rights reserved.
******************************************************************
*****************************************************************
 This program is based on agent2d created by Hidehisa Akiyama.
 Copyright 2006 - 2011. Hidehisa Akiyama and Hiroki Shimora.
 All rights reserved.
*****************************************************************
*****************************************************************
 This program is based on agent2d created by Hidehisa Akiyama.
 Copyright 2006 - 2011. Hidehisa Akiyama and Hiroki Shimora.
 All rights reserved.
*****************************************************************
Read Setting: ./data/settings/Other.json
A new (v18) player (SPICA325 8) connected.
A new (v18) player (SPICA325 9) connected.
A new (v18) player (SPICA325 10) connected.
SPICA325: init ok.  unum: 8 side: l
SPICA325 8: [-1, 0] (v18+) force synch see mode.
SPICA325: init ok.  unum: 9 side: l
SPICA325 9: [-1, 0] (v18+) force synch see mode.
SPICA325: init ok.  unum: 10 side: l
SPICA325 10: [-1, 0] (v18+) force synch see mode.
******************************************************************
 librcsc 
 Copyright 2000 - 2007. Hidehisa Akiyama.
 Copyright 2007 - 2011. Hidehisa Akiyama and Hiroki Shimora
 Copyright 2011 -  Hidehisa Akiyama, Hiroki Shimora
   Takuya Fukushima (2019-)
 All rights reserved.
******************************************************************
SPICA325 3:  KickTable created.
SPICA325 3: [-1, 0] set synch see mode.
SPICA325 6:  KickTable created.
SPICA325 6: [-1, 0] set synch see mode.
*****************************************************************
 This program is based on agent2d created by Hidehisa Akiyama.
 Copyright 2006 - 2011. Hidehisa Akiyama and Hiroki Shimora.
 All rights reserved.
*****************************************************************
******************************************************************
 librcsc 
 Copyright 2000 - 2007. Hidehisa Akiyama.
 Copyright 2007 - 2011. Hidehisa Akiyama and Hiroki Shimora
 Copyright 2011 -  Hidehisa Akiyama, Hiroki Shimora
   Takuya Fukushima (2019-)
 All rights reserved.
******************************************************************
A new (v18) player (CYRUS_VANILLA 2) connected.
*****************************************************************
 This program is based on agent2d created by Hidehisa Akiyama.
 Copyright 2006 - 2011. Hidehisa Akiyama and Hiroki Shimora.
 All rights reserved.
*****************************************************************
CYRUS_VANILLA: init ok.  unum: 2 side: r
CYRUS_VANILLA 2: [-1, 0] (v18+) force synch see mode.
SPICA325 7:  KickTable created.
SPICA325 5:  KickTable created.
SPICA325 5: [-1, 0] set synch see mode.
SPICA325 4:  KickTable created.
SPICA325 4: [-1, 0] set synch see mode.
A new (v18) player (SPICA325 11) connected.
SPICA325: init ok.  unum: 11 side: l
SPICA325 7: [-1, 0] set synch see mode.
SPICA325 11: [-1, 0] (v18+) force synch see mode.
*****************************************************************
 This program is based on agent2d created by Hidehisa Akiyama.
 Copyright 2006 - 2011. Hidehisa Akiyama and Hiroki Shimora.
 All rights reserved.
*****************************************************************
A new (v18) player (CYRUS_VANILLA 3) connected.
******************************************************************
 librcsc 
 Copyright 2000 - 2007. Hidehisa Akiyama.
 Copyright 2007 - 2011. Hidehisa Akiyama and Hiroki Shimora
 Copyright 2011 -  Hidehisa Akiyama, Hiroki Shimora
   Takuya Fukushima (2019-)
 All rights reserved.
******************************************************************
CYRUS_VANILLA: init ok.  unum: 3 side: r
CYRUS_VANILLA 3: [-1, 0] (v18+) force synch see mode.
*****************************************************************
 This program is based on agent2d created by Hidehisa Akiyama.
 Copyright 2006 - 2011. Hidehisa Akiyama and Hiroki Shimora.
 All rights reserved.
*****************************************************************
******************************************************************
 librcsc 
 Copyright 2000 - 2007. Hidehisa Akiyama.
 Copyright 2007 - 2011. Hidehisa Akiyama and Hiroki Shimora
 Copyright 2011 -  Hidehisa Akiyama, Hiroki Shimora
   Takuya Fukushima (2019-)
 All rights reserved.
******************************************************************
*****************************************************************
 This program is based on agent2d created by Hidehisa Akiyama.
 Copyright 2006 - 2011. Hidehisa Akiyama and Hiroki Shimora.
 All rights reserved.
*****************************************************************
*****************************************************************
 This program is based on agent2d created by Hidehisa Akiyama.
 Copyright 2006 - 2011. Hidehisa Akiyama and Hiroki Shimora.
 All rights reserved.
*****************************************************************
*****************************************************************
 This program is based on agent2d created by Hidehisa Akiyama.
 Copyright 2006 - 2011. Hidehisa Akiyama and Hiroki Shimora.
 All rights reserved.
*****************************************************************
SPICA325 10:  KickTable created.
SPICA325 10: [-1, 0] set synch see mode.
Read Setting: ./data/settings/Other.json
Read Setting: ./data/settings/Other.json
Read Setting: ./data/settings/Other.json
Read Setting: ./data/settings/Other.json
CYRUS_VANILLA: init ok.  unum: 4 side: r
Read Setting: ./data/settings/Other.json
CYRUS_VANILLA 4: [-1, 0] (v18+) force synch see mode.
A new (v18) player (CYRUS_VANILLA 4) connected.
A new (v18) player (CYRUS_VANILLA 5) connected.
A new (v18) player (CYRUS_VANILLA 6) connected.
A new (v18) online coach (CYRUS_VANILLA) connected.
CYRUS_VANILLA: init ok.  unum: 5 side: r
CYRUS_VANILLA 5: [-1, 0] (v18+) force synch see mode.
SPICA325 9:  KickTable created.
SPICA325 9: [-1, 0] set synch see mode.
CYRUS_VANILLA: init ok.  unum: 6 side: r
CYRUS_VANILLA 6: [-1, 0] (v18+) force synch see mode.
CYRUS_VANILLA coach: [-1, 0] recv (ok eye on)
*****************************************************************
 This program is based on agent2d created by Hidehisa Akiyama.
 Copyright 2006 - 2011. Hidehisa Akiyama and Hiroki Shimora.
 All rights reserved.
*****************************************************************
A new (v18) player (CYRUS_VANILLA 7) connected.
CYRUS_VANILLA: init ok.  unum: 7 side: r
CYRUS_VANILLA 7: [-1, 0] (v18+) force synch see mode.
CYRUS_VANILLA 3:  KickTable created.
CYRUS_VANILLA 2:  KickTable created.
CYRUS_VANILLA 3: [-1, 0] set synch see mode.
CYRUS_VANILLA 2: [-1, 0] set synch see mode.
*****************************************************************
 This program is based on agent2d created by Hidehisa Akiyama.
 Copyright 2006 - 2011. Hidehisa Akiyama and Hiroki Shimora.
 All rights reserved.
*****************************************************************
A new (v18) player (CYRUS_VANILLA 8) connected.
SPICA325 8:  KickTable created.
SPICA325 8: [-1, 0] set synch see mode.
CYRUS_VANILLA: init ok.  unum: 8 side: r
CYRUS_VANILLA 8: [-1, 0] (v18+) force synch see mode.
*****************************************************************
 This program is based on agent2d created by Hidehisa Akiyama.
 Copyright 2006 - 2011. Hidehisa Akiyama and Hiroki Shimora.
 All rights reserved.
*****************************************************************
CYRUS_VANILLA: init ok.  unum: 9 side: r
CYRUS_VANILLA 9: [-1, 0] (v18+) force synch see mode.
A new (v18) player (CYRUS_VANILLA 9) connected.
*****************************************************************
 This program is based on agent2d created by Hidehisa Akiyama.
 Copyright 2006 - 2011. Hidehisa Akiyama and Hiroki Shimora.
 All rights reserved.
*****************************************************************
A new (v18) player (CYRUS_VANILLA 10) connected.
CYRUS_VANILLA: init ok.  unum: 10 side: r
CYRUS_VANILLA 10: [-1, 0] (v18+) force synch see mode.
*****************************************************************
 This program is based on agent2d created by Hidehisa Akiyama.
 Copyright 2006 - 2011. Hidehisa Akiyama and Hiroki Shimora.
 All rights reserved.
*****************************************************************
CYRUS_VANILLA: init ok.  unum: 11 side: r
CYRUS_VANILLA 11: [-1, 0] (v18+) force synch see mode.
A new (v18) player (CYRUS_VANILLA 11) connected.
CYRUS_VANILLA 6:  KickTable created.
CYRUS_VANILLA 4:  KickTable created.
CYRUS_VANILLA 4: [-1, 0] set synch see mode.
CYRUS_VANILLA 6: [-1, 0] set synch see mode.
SPICA325 11:  KickTable created.
SPICA325 11: [-1, 0] set synch see mode.
CYRUS_VANILLA 7:  KickTable created.
CYRUS_VANILLA 7: [-1, 0] set synch see mode.
CYRUS_VANILLA 9:  KickTable created.
CYRUS_VANILLA 9: [-1, 0] set synch see mode.
CYRUS_VANILLA 5:  KickTable created.
CYRUS_VANILLA 11:  KickTable created.
CYRUS_VANILLA 5: [-1, 0] set synch see mode.
CYRUS_VANILLA 11: [-1, 0] set synch see mode.
CYRUS_VANILLA 10:  KickTable created.
CYRUS_VANILLA 10: [-1, 0] set synch see mode.
CYRUS_VANILLA 8:  KickTable created.
CYRUS_VANILLA 8: [-1, 0] set synch see mode.
Read Setting: ./data/settings/Other.json
Read Setting: ./data/settings/Other.json
Read Setting: ./data/settings/Other.json
Read Setting: ./data/settings/Other.json
id speed step inc  power  stam  karea
 0 1.000   6  45.0 100.0  55.0  1.085
 1 0.991   5  44.6 100.0  55.4  1.041
 2 0.932   6  47.2 100.0  52.8  1.119
 3 0.855   4  44.7 100.0  55.3  1.168
 4 0.752   5  51.4 100.0  48.6  1.036
 5 0.832   5  49.6 100.0  50.4  1.119
 6 0.863   5  48.2 100.0  51.8  1.024
 7 0.823   6  48.9 100.0  51.1  1.015
 8 0.861   5  43.4 100.0  56.6  1.161
 9 0.936   5  41.7 100.0  58.3  1.005
 10 0.792   4  48.6 100.0  51.4  1.101
 11 0.809   5  46.4 100.0  53.6  1.141
 12 1.047   7  47.5 100.0  52.5  0.986
 13 0.873   5  43.2 100.0  56.8  1.118
 14 0.768   4  43.0 100.0  57.0  1.071
 15 0.835   5  46.9 100.0  53.1  1.107
 16 0.941   7  50.6 100.0  49.4  1.148
 17 0.917   5  43.4 100.0  56.6  1.109
$$$$$$$$$$$$$$$$$$$$$$$$isother
SPICA325 coach: change player 1 to type 0
SPICA325 coach: change player 9 to type 12
SPICA325 coach: change player 2 to type 1
SPICA325 coach: change player 11 to type 9
SPICA325 coach: change player 4 to type 2
SPICA325 coach: change player 10 to type 16
SPICA325 coach: change player 3 to type 17
SPICA325 coach: change player 5 to type 13
SPICA325 coach: change player 7 to type 3
SPICA325 coach: change player 8 to type 6
SPICA325 coach: change player 6 to type 8
Read Setting: ./data/settings/Other.json
Read Setting: ./data/settings/Other.json
id speed step inc  power  stam  karea
 0 1.000   6  45.0 100.0  55.0  1.085
 1 0.991   5  44.6 100.0  55.4  1.041
 2 0.932   6  47.2 100.0  52.8  1.119
 3 0.855   4  44.7 100.0  55.3  1.168
 4 0.752   5  51.4 100.0  48.6  1.036
 5 0.832   5  49.6 100.0  50.4  1.119
 6 0.863   5  48.2 100.0  51.8  1.024
 7 0.823   6  48.9 100.0  51.1  1.015
 8 0.861   5  43.4 100.0  56.6  1.161
 9 0.936   5  41.7 100.0  58.3  1.005
 10 0.792   4  48.6 100.0  51.4  1.101
 11 0.809   5  46.4 100.0  53.6  1.141
 12 1.047   7  47.5 100.0  52.5  0.986
 13 0.873   5  43.2 100.0  56.8  1.118
 14 0.768   4  43.0 100.0  57.0  1.071
 15 0.835   5  46.9 100.0  53.1  1.107
 16 0.941   7  50.6 100.0  49.4  1.148
 17 0.917   5  43.4 100.0  56.6  1.109
$$$$$$$$$$$$$$$$$$$$$$$$isother
CYRUS_VANILLA coach: change player 1 to type 0
CYRUS_VANILLA coach: change player 9 to type 12
CYRUS_VANILLA coach: change player 2 to type 1
CYRUS_VANILLA coach: change player 11 to type 9
CYRUS_VANILLA coach: change player 4 to type 2
CYRUS_VANILLA coach: change player 10 to type 16
CYRUS_VANILLA coach: change player 3 to type 17
CYRUS_VANILLA coach: change player 5 to type 13
CYRUS_VANILLA coach: change player 7 to type 3
CYRUS_VANILLA coach: change player 8 to type 6
CYRUS_VANILLA coach: change player 6 to type 8
Read Setting: ./data/settings/Other.json
Read Setting: ./data/settings/Other.json
Read Setting: ./data/settings/Other.json
Read Setting: ./data/settings/Other.json
Read Setting: ./data/settings/Other.json
Read Setting: ./data/settings/Other.json
Read Setting: ./data/settings/Other.json
Read Setting: ./data/settings/Other.json
Waiting to kick off
Kick_off_left
CYRUS_VANILLA coach: [93, 0] no player type for opponent 6. restart analysis.
SPICA325 coach: [95, 0] no player type for opponent 11. restart analysis.
SPICA325 coach: [95, 0] no player type for opponent 9. restart analysis.
CYRUS_VANILLA coach: [95, 0] no player type for opponent 11. restart analysis.
SPICA325 coach: [96, 0] no player type for opponent 6. restart analysis.
CYRUS_VANILLA coach: [96, 0] no player type for opponent 9. restart analysis.
CYRUS_VANILLA coach: [96, 0] no player type for opponent 2. restart analysis.
CYRUS_VANILLA coach: [97, 0] no player type for opponent 5. restart analysis.
SPICA325 coach: [98, 0] no player type for opponent 6. restart analysis.
SPICA325 coach: [98, 0] no player type for opponent 11. restart analysis.
CYRUS_VANILLA coach: [98, 0] no player type for opponent 11. restart analysis.
CYRUS_VANILLA coach: [98, 0] no player type for opponent 7. restart analysis.
CYRUS_VANILLA coach: [98, 0] no player type for opponent 9. restart analysis.
CYRUS_VANILLA coach: [98, 0] no player type for opponent 4. restart analysis.
CYRUS_VANILLA coach: [99, 0] no player type for opponent 4. restart analysis.
CYRUS_VANILLA coach: [100, 0] no player type for opponent 4. restart analysis.
SPICA325 coach: [100, 0] no player type for opponent 6. restart analysis.
SPICA325 coach: [101, 0] determined opponent 4 type = 2
SPICA325 coach: [101, 0] no player type for opponent 5. restart analysis.
SPICA325 coach: [102, 0] no player type for opponent 10. restart analysis.
SPICA325 coach: [102, 0] no player type for opponent 11. restart analysis.
SPICA325 coach: [102, 0] no player type for opponent 3. restart analysis.
CYRUS_VANILLA coach: [103, 0] no player type for opponent 11. restart analysis.
CYRUS_VANILLA coach: [103, 0] no player type for opponent 1. restart analysis.
SPICA325 coach: [104, 0] determined opponent 5 type = 13
SPICA325 coach: [106, 0] no player type for opponent 6. restart analysis.
SPICA325 coach: [106, 0] no player type for opponent 11. restart analysis.
SPICA325 coach: [106, 0] no player type for opponent 9. restart analysis.
CYRUS_VANILLA coach: [106, 0] no player type for opponent 2. restart analysis.
SPICA325 coach: [107, 0] no player type for opponent 8. restart analysis.
SPICA325 coach: [107, 0] no player type for opponent 11. restart analysis.
SPICA325 coach: [107, 0] no player type for opponent 7. restart analysis.
SPICA325 coach: [108, 0] no player type for opponent 9. restart analysis.
SPICA325 coach: [108, 0] no player type for opponent 7. restart analysis.
CYRUS_VANILLA coach: [108, 0] no player type for opponent 11. restart analysis.
CYRUS_VANILLA coach: [108, 0] no player type for opponent 6. restart analysis.
CYRUS_VANILLA coach: [108, 0] no player type for opponent 2. restart analysis.
SPICA325 coach: [109, 0] no player type for opponent 7. restart analysis.
CYRUS_VANILLA coach: [109, 0] no player type for opponent 9. restart analysis.
CYRUS_VANILLA coach: [109, 0] no player type for opponent 3. restart analysis.
CYRUS_VANILLA coach: [109, 0] no player type for opponent 5. restart analysis.
CYRUS_VANILLA coach: [109, 0] no player type for opponent 8. restart analysis.
CYRUS_VANILLA coach: [110, 0] no player type for opponent 2. restart analysis.
SPICA325 coach: [110, 0] no player type for opponent 8. restart analysis.
SPICA325 coach: [110, 0] no player type for opponent 10. restart analysis.
CYRUS_VANILLA coach: [111, 0] no player type for opponent 11. restart analysis.
SPICA325 coach: [111, 0] no player type for opponent 8. restart analysis.
SPICA325 coach: [112, 0] no player type for opponent 10. restart analysis.
CYRUS_VANILLA coach: [112, 0] no player type for opponent 10. restart analysis.
SPICA325 coach: [113, 0] no player type for opponent 10. restart analysis.
CYRUS_VANILLA coach: [113, 0] determined opponent 7 type = 3
SPICA325 coach: [114, 0] no player type for opponent 10. restart analysis.
SPICA325 coach: [115, 0] no player type for opponent 10. restart analysis.
CYRUS_VANILLA coach: [115, 0] no player type for opponent 6. restart analysis.
CYRUS_VANILLA coach: [115, 0] determined opponent 9 type = 12
CYRUS_VANILLA coach: [115, 0] determined opponent 11 type = 9
SPICA325 coach: [116, 0] no player type for opponent 10. restart analysis.
SPICA325 coach: [116, 0] no player type for opponent 7. restart analysis.
SPICA325 coach: [117, 0] no player type for opponent 11. restart analysis.
SPICA325 coach: [117, 0] no player type for opponent 8. restart analysis.
SPICA325 coach: [118, 0] no player type for opponent 6. restart analysis.
SPICA325 coach: [118, 0] no player type for opponent 2. restart analysis.
SPICA325 coach: [118, 0] no player type for opponent 8. restart analysis.
CYRUS_VANILLA coach: [119, 0] no player type for opponent 10. restart analysis.
SPICA325 coach: [119, 0] no player type for opponent 11. restart analysis.
SPICA325 coach: [119, 0] no player type for opponent 3. restart analysis.
SPICA325 coach: [119, 0] no player type for opponent 6. restart analysis.
SPICA325 coach: [119, 0] no player type for opponent 10. restart analysis.
SPICA325 coach: [121, 0] no player type for opponent 8. restart analysis.
SPICA325 coach: [121, 0] no player type for opponent 10. restart analysis.
SPICA325 coach: [123, 0] no player type for opponent 8. restart analysis.
SPICA325 coach: [123, 0] no player type for opponent 10. restart analysis.
SPICA325 coach: [123, 0] no player type for opponent 2. restart analysis.
SPICA325 coach: [123, 0] no player type for opponent 11. restart analysis.
SPICA325 coach: [124, 0] no player type for opponent 8. restart analysis.
SPICA325 coach: [124, 0] no player type for opponent 10. restart analysis.
SPICA325 coach: [125, 0] no player type for opponent 11. restart analysis.
CYRUS_VANILLA coach: [125, 0] determined opponent 8 type = 6
CYRUS_VANILLA coach: [127, 0] determined opponent 3 type = 17
SPICA325 coach: [128, 0] no player type for opponent 3. restart analysis.
CYRUS_VANILLA coach: [128, 0] no player type for opponent 10. restart analysis.
SPICA325 coach: [129, 0] no player type for opponent 8. restart analysis.
CYRUS_VANILLA coach: [131, 0] no player type for opponent 10. restart analysis.
SPICA325 coach: [133, 0] no player type for opponent 3. restart analysis.
SPICA325 coach: [134, 0] no player type for opponent 10. restart analysis.
SPICA325 coach: [134, 0] no player type for opponent 11. restart analysis.
SPICA325 coach: [134, 0] no player type for opponent 2. restart analysis.
SPICA325 coach: [135, 0] no player type for opponent 3. restart analysis.
SPICA325 coach: [136, 0] no player type for opponent 10. restart analysis.
SPICA325 coach: [136, 0] no player type for opponent 7. restart analysis.
CYRUS_VANILLA coach: [136, 0] no player type for opponent 1. restart analysis.
SPICA325 coach: [137, 0] no player type for opponent 10. restart analysis.
SPICA325 coach: [137, 0] no player type for opponent 11. restart analysis.
SPICA325 coach: [137, 0] no player type for opponent 9. restart analysis.
SPICA325 coach: [139, 0] no player type for opponent 10. restart analysis.
SPICA325 coach: [142, 0] no player type for opponent 7. restart analysis.
SPICA325 coach: [142, 0] no player type for opponent 9. restart analysis.
CYRUS_VANILLA coach: [142, 0] no player type for opponent 10. restart analysis.
SPICA325 coach: [143, 0] no player type for opponent 7. restart analysis.
SPICA325 coach: [144, 0] no player type for opponent 7. restart analysis.
SPICA325 coach: [144, 0] no player type for opponent 2. restart analysis.
CYRUS_VANILLA coach: [144, 0] no player type for opponent 6. restart analysis.
SPICA325 coach: [145, 0] no player type for opponent 3. restart analysis.
SPICA325 coach: [146, 0] no player type for opponent 7. restart analysis.
SPICA325 coach: [146, 0] no player type for opponent 11. restart analysis.
SPICA325 coach: [146, 0] no player type for opponent 10. restart analysis.
SPICA325 coach: [146, 0] no player type for opponent 2. restart analysis.
SPICA325 coach: [147, 0] no player type for opponent 9. restart analysis.
SPICA325 coach: [148, 0] no player type for opponent 7. restart analysis.
SPICA325 coach: [148, 0] no player type for opponent 9. restart analysis.
CYRUS_VANILLA coach: [148, 0] determined opponent 2 type = 1
CYRUS_VANILLA coach: [148, 0] no player type for opponent 10. restart analysis.
SPICA325 coach: [149, 0] no player type for opponent 11. restart analysis.
SPICA325 coach: [149, 0] no player type for opponent 10. restart analysis.
SPICA325 coach: [150, 0] no player type for opponent 2. restart analysis.
SPICA325 coach: [151, 0] determined opponent 9 type = 12
SPICA325 coach: [151, 0] no player type for opponent 11. restart analysis.
SPICA325 coach: [151, 0] no player type for opponent 6. restart analysis.
SPICA325 coach: [151, 0] no player type for opponent 2. restart analysis.
CYRUS_VANILLA coach: [151, 0] determined opponent 1 type = 0
CYRUS_VANILLA coach: [151, 0] no player type for opponent 10. restart analysis.
CYRUS_VANILLA coach: [151, 0] determined opponent 6 type = 8
SPICA325 coach: [154, 0] no player type for opponent 10. restart analysis.
CYRUS_VANILLA coach: [154, 0] no player type for opponent 5. restart analysis.
CYRUS_VANILLA coach: [155, 0] no player type for opponent 5. restart analysis.
SPICA325 coach: [156, 0] no player type for opponent 10. restart analysis.
SPICA325 coach: [156, 0] no player type for opponent 11. restart analysis.
SPICA325 coach: [156, 0] no player type for opponent 2. restart analysis.
SPICA325 coach: [157, 0] no player type for opponent 11. restart analysis.
SPICA325 coach: [157, 0] no player type for opponent 2. restart analysis.
CYRUS_VANILLA coach: [157, 0] determined opponent 4 type = 2
SPICA325 coach: [158, 0] no player type for opponent 11. restart analysis.
SPICA325 coach: [158, 0] no player type for opponent 6. restart analysis.
SPICA325 coach: [158, 0] determined opponent 7 type = 3
SPICA325 coach: [159, 0] no player type for opponent 2. restart analysis.
SPICA325 coach: [160, 0] no player type for opponent 11. restart analysis.
CYRUS_VANILLA coach: [160, 0] no player type for opponent 5. restart analysis.
SPICA325 coach: [161, 0] no player type for opponent 2. restart analysis.
SPICA325 coach: [163, 0] no player type for opponent 2. restart analysis.
SPICA325 coach: [166, 0] no player type for opponent 8. restart analysis.
SPICA325 coach: [167, 0] determined opponent 11 type = 9
SPICA325 coach: [168, 0] no player type for opponent 8. restart analysis.
SPICA325 coach: [173, 0] no player type for opponent 6. restart analysis.
SPICA325 coach: [174, 0] no player type for opponent 6. restart analysis.
SPICA325 coach: [175, 0] no player type for opponent 2. restart analysis.
SPICA325 coach: [175, 0] no player type for opponent 6. restart analysis.
SPICA325 coach: [175, 0] no player type for opponent 10. restart analysis.
CYRUS_VANILLA coach: [176, 0] no player type for opponent 5. restart analysis.
SPICA325 coach: [177, 0] no player type for opponent 2. restart analysis.
SPICA325 coach: [178, 0] no player type for opponent 8. restart analysis.
SPICA325 coach: [178, 0] no player type for opponent 2. restart analysis.
SPICA325 coach: [179, 0] no player type for opponent 6. restart analysis.
SPICA325 coach: [179, 0] no player type for opponent 3. restart analysis.
SPICA325 coach: [179, 0] no player type for opponent 8. restart analysis.
CYRUS_VANILLA coach: [179, 0] no player type for opponent 5. restart analysis.
CYRUS_VANILLA coach: [181, 0] no player type for opponent 10. restart analysis.
SPICA325 coach: [183, 0] no player type for opponent 8. restart analysis.
SPICA325 coach: [184, 0] no player type for opponent 10. restart analysis.
CYRUS_VANILLA coach: [185, 0] no player type for opponent 5. restart analysis.
SPICA325 coach: [185, 0] no player type for opponent 8. restart analysis.
CYRUS_VANILLA coach: [186, 0] no player type for opponent 10. restart analysis.
SPICA325 coach: [187, 0] no player type for opponent 8. restart analysis.
SPICA325 coach: [187, 0] no player type for opponent 10. restart analysis.
CYRUS_VANILLA coach: [188, 0] determined opponent 5 type = 13
SPICA325 coach: [188, 0] no player type for opponent 8. restart analysis.
SPICA325 coach: [188, 0] no player type for opponent 10. restart analysis.
SPICA325 coach: [189, 0] no player type for opponent 10. restart analysis.
SPICA325 coach: [191, 0] no player type for opponent 8. restart analysis.
SPICA325 coach: [195, 0] no player type for opponent 2. restart analysis.
SPICA325 coach: [195, 0] no player type for opponent 6. restart analysis.
SPICA325 coach: [196, 0] no player type for opponent 8. restart analysis.
SPICA325 coach: [196, 0] no player type for opponent 2. restart analysis.
SPICA325 coach: [197, 0] no player type for opponent 2. restart analysis.
SPICA325 coach: [199, 0] no player type for opponent 8. restart analysis.
SPICA325 coach: [199, 0] no player type for opponent 10. restart analysis.
SPICA325 coach: [200, 0] no player type for opponent 10. restart analysis.
SPICA325 coach: [202, 0] no player type for opponent 8. restart analysis.
SPICA325 coach: [202, 0] no player type for opponent 10. restart analysis.
SPICA325 coach: [203, 0] no player type for opponent 6. restart analysis.
CYRUS_VANILLA coach: [203, 0] no player type for opponent 10. restart analysis.
CYRUS_VANILLA coach: [204, 0] no player type for opponent 10. restart analysis.
SPICA325 coach: [208, 0] no player type for opponent 2. restart analysis.
SPICA325 coach: [208, 0] no player type for opponent 8. restart analysis.
SPICA325 coach: [208, 0] no player type for opponent 6. restart analysis.
CYRUS_VANILLA coach: [209, 0] no player type for opponent 10. restart analysis.
SPICA325 coach: [209, 0] no player type for opponent 3. restart analysis.
SPICA325 coach: [210, 0] no player type for opponent 2. restart analysis.
SPICA325 coach: [210, 0] no player type for opponent 6. restart analysis.
SPICA325 coach: [210, 0] no player type for opponent 10. restart analysis.
SPICA325 coach: [211, 0] no player type for opponent 10. restart analysis.
SPICA325 coach: [212, 0] no player type for opponent 8. restart analysis.
SPICA325 coach: [212, 0] no player type for opponent 6. restart analysis.
SPICA325 coach: [212, 0] no player type for opponent 10. restart analysis.
SPICA325 coach: [213, 0] no player type for opponent 10. restart analysis.
SPICA325 coach: [213, 0] determined opponent 1 type = 0
SPICA325 coach: [214, 0] no player type for opponent 6. restart analysis.
SPICA325 coach: [215, 0] no player type for opponent 2. restart analysis.
SPICA325 coach: [215, 0] no player type for opponent 10. restart analysis.
SPICA325 coach: [216, 0] no player type for opponent 8. restart analysis.
CYRUS_VANILLA coach: [216, 0] no player type for opponent 10. restart analysis.
SPICA325 coach: [217, 0] no player type for opponent 2. restart analysis.
SPICA325 coach: [217, 0] no player type for opponent 10. restart analysis.
SPICA325 coach: [219, 0] no player type for opponent 6. restart analysis.
SPICA325 coach: [219, 0] no player type for opponent 3. restart analysis.
SPICA325 coach: [220, 0] no player type for opponent 6. restart analysis.
SPICA325 coach: [220, 0] no player type for opponent 10. restart analysis.
CYRUS_VANILLA coach: [220, 0] no player type for opponent 10. restart analysis.
SPICA325 coach: [221, 0] no player type for opponent 3. restart analysis.
CYRUS_VANILLA coach: [221, 0] no player type for opponent 10. restart analysis.
CYRUS_VANILLA coach: [222, 0] no player type for opponent 10. restart analysis.
SPICA325 coach: [225, 0] no player type for opponent 3. restart analysis.
SPICA325 coach: [227, 0] no player type for opponent 2. restart analysis.
SPICA325 coach: [227, 0] no player type for opponent 6. restart analysis.
CYRUS_VANILLA coach: [227, 0] no player type for opponent 10. restart analysis.
SPICA325 coach: [228, 0] no player type for opponent 8. restart analysis.
CYRUS_VANILLA coach: [228, 0] no player type for opponent 10. restart analysis.
SPICA325 coach: [231, 0] no player type for opponent 6. restart analysis.
SPICA325 coach: [232, 0] no player type for opponent 10. restart analysis.
SPICA325 coach: [232, 0] no player type for opponent 6. restart analysis.
CYRUS_VANILLA coach: [235, 0] no player type for opponent 10. restart analysis.
SPICA325 coach: [235, 0] no player type for opponent 2. restart analysis.
CYRUS_VANILLA coach: [236, 0] no player type for opponent 10. restart analysis.
SPICA325 coach: [237, 0] no player type for opponent 8. restart analysis.
CYRUS_VANILLA coach: [237, 0] no player type for opponent 10. restart analysis.
CYRUS_VANILLA coach: [238, 0] no player type for opponent 10. restart analysis.
SPICA325 coach: [242, 0] no player type for opponent 10. restart analysis.
CYRUS_VANILLA coach: [243, 0] no player type for opponent 10. restart analysis.
SPICA325 coach: [243, 0] no player type for opponent 8. restart analysis.
SPICA325 coach: [244, 0] no player type for opponent 10. restart analysis.
SPICA325 coach: [244, 0] no player type for opponent 8. restart analysis.
SPICA325 coach: [244, 0] no player type for opponent 2. restart analysis.
CYRUS_VANILLA coach: [244, 0] no player type for opponent 10. restart analysis.
SPICA325 coach: [246, 0] no player type for opponent 2. restart analysis.
SPICA325 coach: [247, 0] no player type for opponent 6. restart analysis.
SPICA325 coach: [250, 0] no player type for opponent 10. restart analysis.
SPICA325 coach: [250, 0] no player type for opponent 2. restart analysis.
SPICA325 coach: [251, 0] no player type for opponent 10. restart analysis.
CYRUS_VANILLA coach: [251, 0] no player type for opponent 10. restart analysis.
SPICA325 coach: [252, 0] no player type for opponent 8. restart analysis.
SPICA325 coach: [252, 0] no player type for opponent 2. restart analysis.
SPICA325 coach: [255, 0] determined opponent 3 type = 17
SPICA325 coach: [262, 0] no player type for opponent 6. restart analysis.
SPICA325 coach: [265, 0] determined opponent 2 type = 1
CYRUS_VANILLA coach: [265, 0] no player type for opponent 10. restart analysis.
CYRUS_VANILLA coach: [266, 0] no player type for opponent 10. restart analysis.
CYRUS_VANILLA coach: [269, 0] no player type for opponent 10. restart analysis.
SPICA325 coach: [270, 0] no player type for opponent 10. restart analysis.
layerSize: 3
SPICA325 coach: [273, 0] no player type for opponent 10. restart analysis.
SPICA325 coach: [278, 0] no player type for opponent 8. restart analysis.
SPICA325 coach: [280, 0] no player type for opponent 10. restart analysis.
SPICA325 coach: [281, 0] no player type for opponent 8. restart analysis.
SPICA325 coach: [282, 0] no player type for opponent 10. restart analysis.
SPICA325 coach: [282, 0] no player type for opponent 8. restart analysis.
SPICA325 coach: [283, 0] no player type for opponent 10. restart analysis.
SPICA325 coach: [284, 0] no player type for opponent 10. restart analysis.
SPICA325 coach: [284, 0] no player type for opponent 8. restart analysis.
SPICA325 coach: [285, 0] no player type for opponent 10. restart analysis.
SPICA325 coach: [292, 0] no player type for opponent 10. restart analysis.
SPICA325 coach: [295, 0] no player type for opponent 10. restart analysis.
CYRUS_VANILLA coach: [296, 0] no player type for opponent 10. restart analysis.
SPICA325 coach: [298, 0] no player type for opponent 6. restart analysis.
SPICA325 coach: [301, 0] no player type for opponent 8. restart analysis.
SPICA325 coach: [301, 0] updated clang capacity.
CYRUS_VANILLA coach: [301, 0] updated clang capacity.
SPICA325 coach: [303, 0] no player type for opponent 6. restart analysis.
SPICA325 coach: [309, 0] no player type for opponent 6. restart analysis.
CYRUS_VANILLA coach: [311, 0] no player type for opponent 10. restart analysis.
CYRUS_VANILLA coach: [312, 0] no player type for opponent 10. restart analysis.
CYRUS_VANILLA coach: [313, 0] no player type for opponent 10. restart analysis.
CYRUS_VANILLA coach: [315, 0] no player type for opponent 10. restart analysis.
SPICA325 coach: [316, 0] no player type for opponent 8. restart analysis.
SPICA325 coach: [317, 0] no player type for opponent 10. restart analysis.
SPICA325 coach: [319, 0] no player type for opponent 6. restart analysis.
CYRUS_VANILLA coach: [321, 0] determined opponent 10 type = 16
SPICA325 coach: [322, 0] no player type for opponent 10. restart analysis.
SPICA325 coach: [328, 0] no player type for opponent 6. restart analysis.
SPICA325 coach: [330, 0] no player type for opponent 6. restart analysis.
SPICA325 coach: [332, 0] no player type for opponent 6. restart analysis.
SPICA325 coach: [344, 0] no player type for opponent 10. restart analysis.
SPICA325 coach: [359, 0] no player type for opponent 10. restart analysis.
SPICA325 coach: [361, 0] no player type for opponent 10. restart analysis.
SPICA325 coach: [363, 0] no player type for opponent 10. restart analysis.
SPICA325 coach: [363, 0] no player type for opponent 8. restart analysis.
SPICA325 coach: [366, 0] no player type for opponent 10. restart analysis.
SPICA325 coach: [369, 0] determined opponent 10 type = 16
SPICA325 coach: [377, 0] no player type for opponent 6. restart analysis.
SPICA325 coach: [383, 0] no player type for opponent 8. restart analysis.
SPICA325 coach: [384, 0] no player type for opponent 8. restart analysis.
SPICA325 coach: [384, 0] no player type for opponent 6. restart analysis.
SPICA325 coach: [385, 0] no player type for opponent 8. restart analysis.
SPICA325 coach: [391, 0] no player type for opponent 8. restart analysis.
SPICA325 coach: [394, 0] no player type for opponent 6. restart analysis.
SPICA325 coach: [396, 0] no player type for opponent 6. restart analysis.
SPICA325 coach: [406, 0] no player type for opponent 6. restart analysis.
SPICA325 coach: [415, 0] no player type for opponent 8. restart analysis.
SPICA325 coach: [416, 0] no player type for opponent 6. restart analysis.
SPICA325 coach: [420, 0] no player type for opponent 8. restart analysis.
SPICA325 coach: [422, 0] no player type for opponent 8. restart analysis.
SPICA325 coach: [426, 0] no player type for opponent 8. restart analysis.
SPICA325 coach: [429, 0] no player type for opponent 8. restart analysis.
SPICA325 coach: [430, 0] no player type for opponent 6. restart analysis.
SPICA325 coach: [432, 0] no player type for opponent 6. restart analysis.
SPICA325 coach: [433, 0] no player type for opponent 6. restart analysis.
SPICA325 coach: [517, 0] no player type for opponent 8. restart analysis.
SPICA325 coach: [528, 0] no player type for opponent 8. restart analysis.
SPICA325 coach: [532, 0] no player type for opponent 6. restart analysis.
SPICA325 coach: [537, 0] no player type for opponent 8. restart analysis.
SPICA325 coach: [551, 0] no player type for opponent 8. restart analysis.
SPICA325 coach: [551, 0] no player type for opponent 6. restart analysis.
SPICA325 coach: [555, 0] no player type for opponent 6. restart analysis.
SPICA325 coach: [566, 0] no player type for opponent 8. restart analysis.
SPICA325 coach: [568, 0] no player type for opponent 8. restart analysis.
SPICA325 coach: [575, 0] no player type for opponent 8. restart analysis.
SPICA325 coach: [576, 0] no player type for opponent 8. restart analysis.
SPICA325 coach: [577, 0] no player type for opponent 8. restart analysis.
SPICA325 coach: [579, 0] no player type for opponent 8. restart analysis.
SPICA325 coach: [580, 0] no player type for opponent 8. restart analysis.
SPICA325 coach: [586, 0] no player type for opponent 8. restart analysis.
SPICA325 coach: [593, 0] no player type for opponent 6. restart analysis.
SPICA325 coach: [595, 0] no player type for opponent 8. restart analysis.
SPICA325 coach: [596, 0] no player type for opponent 8. restart analysis.
SPICA325 coach: [597, 0] no player type for opponent 6. restart analysis.
SPICA325 coach: [598, 0] no player type for opponent 8. restart analysis.
SPICA325 coach: [599, 0] no player type for opponent 6. restart analysis.
SPICA325 coach: [601, 0] no player type for opponent 6. restart analysis.
CYRUS_VANILLA coach: [601, 0] updated clang capacity.
SPICA325 coach: [601, 0] updated clang capacity.
SPICA325 coach: [605, 0] no player type for opponent 8. restart analysis.
SPICA325 coach: [607, 0] no player type for opponent 6. restart analysis.
SPICA325 coach: [608, 0] no player type for opponent 8. restart analysis.
SPICA325 coach: [617, 0] no player type for opponent 6. restart analysis.
SPICA325 coach: [618, 0] no player type for opponent 6. restart analysis.
SPICA325 coach: [621, 0] no player type for opponent 6. restart analysis.
SPICA325 coach: [633, 0] no player type for opponent 6. restart analysis.
SPICA325 coach: [639, 0] no player type for opponent 6. restart analysis.
SPICA325 coach: [660, 0] no player type for opponent 8. restart analysis.
SPICA325 coach: [664, 0] no player type for opponent 6. restart analysis.
SPICA325 coach: [682, 0] no player type for opponent 6. restart analysis.
SPICA325 coach: [683, 0] no player type for opponent 6. restart analysis.
CYRUS_VANILLA coach: [691, 0] sent freeform (player_types (1 0)(2 1)(3 17)(4 2)(5 13)(6 8)(7 3)(8 6)(9 12)(10 16)(11 9))
CYRUS_VANILLA coach: [691, 0] freeform 1 / 128
SPICA325 coach: [691, 0] sent freeform (player_types (1 0)(2 1)(3 17)(4 2)(5 13)(6 -1)(7 3)(8 -1)(9 12)(10 16)(11 9))
SPICA325 coach: [691, 0] freeform 1 / 128
SPICA325 coach: [715, 0] no player type for opponent 6. restart analysis.
SPICA325 coach: [716, 0] no player type for opponent 6. restart analysis.
SPICA325 coach: [732, 0] no player type for opponent 8. restart analysis.
SPICA325 coach: [748, 0] no player type for opponent 6. restart analysis.
SPICA325 coach: [752, 0] no player type for opponent 8. restart analysis.
SPICA325 coach: [754, 0] no player type for opponent 8. restart analysis.
SPICA325 coach: [764, 0] no player type for opponent 8. restart analysis.
SPICA325 coach: [768, 0] no player type for opponent 6. restart analysis.
SPICA325 coach: [770, 0] no player type for opponent 8. restart analysis.
SPICA325 coach: [771, 0] no player type for opponent 8. restart analysis.
SPICA325 coach: [781, 0] no player type for opponent 6. restart analysis.
SPICA325 coach: [782, 0] no player type for opponent 6. restart analysis.
SPICA325 coach: [783, 0] no player type for opponent 6. restart analysis.
SPICA325 coach: [791, 0] no player type for opponent 6. restart analysis.
SPICA325 coach: [792, 0] no player type for opponent 6. restart analysis.
SPICA325 coach: [793, 0] no player type for opponent 6. restart analysis.
SPICA325 coach: [794, 0] no player type for opponent 6. restart analysis.
SPICA325 coach: [794, 0] no player type for opponent 8. restart analysis.
SPICA325 coach: [795, 0] no player type for opponent 6. restart analysis.
SPICA325 coach: [797, 0] no player type for opponent 6. restart analysis.
CYRUS_VANILLA coach: [901, 0] updated clang capacity.
SPICA325 coach: [901, 0] updated clang capacity.
SPICA325 coach: [927, 0] no player type for opponent 8. restart analysis.
SPICA325 coach: [928, 0] no player type for opponent 6. restart analysis.
SPICA325 coach: [932, 0] no player type for opponent 6. restart analysis.
layerSize: 3
SPICA325 coach: [935, 0] no player type for opponent 6. restart analysis.
SPICA325 coach: [941, 0] no player type for opponent 6. restart analysis.
SPICA325 coach: [944, 0] no player type for opponent 6. restart analysis.
SPICA325 coach: [950, 0] no player type for opponent 6. restart analysis.
SPICA325 coach: [953, 0] no player type for opponent 6. restart analysis.
SPICA325 coach: [955, 0] no player type for opponent 6. restart analysis.
SPICA325 coach: [959, 0] no player type for opponent 8. restart analysis.
SPICA325 coach: [960, 0] no player type for opponent 6. restart analysis.
SPICA325 coach: [961, 0] no player type for opponent 6. restart analysis.
SPICA325 coach: [962, 0] no player type for opponent 6. restart analysis.
SPICA325 coach: [962, 0] no player type for opponent 8. restart analysis.
SPICA325 coach: [963, 0] no player type for opponent 8. restart analysis.
SPICA325 coach: [963, 0] no player type for opponent 6. restart analysis.
SPICA325 coach: [964, 0] no player type for opponent 6. restart analysis.
SPICA325 coach: [964, 0] no player type for opponent 8. restart analysis.
SPICA325 coach: [965, 0] no player type for opponent 8. restart analysis.
SPICA325 coach: [965, 0] no player type for opponent 6. restart analysis.
SPICA325 coach: [967, 0] no player type for opponent 6. restart analysis.
SPICA325 coach: [970, 0] no player type for opponent 6. restart analysis.
SPICA325 coach: [971, 0] no player type for opponent 6. restart analysis.
SPICA325 coach: [973, 0] no player type for opponent 8. restart analysis.
SPICA325 coach: [985, 0] no player type for opponent 8. restart analysis.
SPICA325 coach: [989, 0] no player type for opponent 8. restart analysis.
SPICA325 coach: [993, 0] no player type for opponent 8. restart analysis.
SPICA325 coach: [1001, 0] no player type for opponent 8. restart analysis.
SPICA325 coach: [1096, 0] no player type for opponent 8. restart analysis.
SPICA325 coach: [1106, 0] no player type for opponent 6. restart analysis.
SPICA325 coach: [1109, 0] no player type for opponent 6. restart analysis.
SPICA325 coach: [1115, 0] no player type for opponent 6. restart analysis.
SPICA325 coach: [1116, 0] no player type for opponent 8. restart analysis.
SPICA325 coach: [1120, 0] no player type for opponent 6. restart analysis.
SPICA325 coach: [1124, 0] no player type for opponent 8. restart analysis.
SPICA325 coach: [1129, 0] no player type for opponent 8. restart analysis.
SPICA325 coach: [1142, 0] no player type for opponent 6. restart analysis.
SPICA325 coach: [1144, 0] no player type for opponent 6. restart analysis.
SPICA325 coach: [1146, 0] no player type for opponent 8. restart analysis.
SPICA325 coach: [1149, 0] no player type for opponent 6. restart analysis.
SPICA325 coach: [1150, 0] no player type for opponent 6. restart analysis.
SPICA325 coach: [1150, 0] no player type for opponent 8. restart analysis.
SPICA325 coach: [1156, 0] no player type for opponent 8. restart analysis.
SPICA325 coach: [1161, 0] no player type for opponent 8. restart analysis.
SPICA325 coach: [1165, 0] no player type for opponent 8. restart analysis.
SPICA325 coach: [1198, 0] no player type for opponent 8. restart analysis.
SPICA325 coach: [1200, 0] no player type for opponent 6. restart analysis.
SPICA325 coach: [1201, 0] updated clang capacity.
CYRUS_VANILLA coach: [1201, 0] updated clang capacity.
SPICA325 coach: [1202, 0] no player type for opponent 6. restart analysis.
SPICA325 coach: [1204, 0] no player type for opponent 6. restart analysis.
SPICA325 coach: [1214, 0] no player type for opponent 6. restart analysis.
CYRUS_VANILLA 11: [1218, 0] lost kick by foul at [1218, 0] sense=21 internal=22
SPICA325 coach: [1328, 0] no player type for opponent 8. restart analysis.
SPICA325 coach: [1336, 0] no player type for opponent 6. restart analysis.
SPICA325 coach: [1339, 0] no player type for opponent 6. restart analysis.
SPICA325 coach: [1341, 0] no player type for opponent 8. restart analysis.
SPICA325 coach: [1353, 0] no player type for opponent 8. restart analysis.
SPICA325 coach: [1356, 0] no player type for opponent 6. restart analysis.
SPICA325 coach: [1357, 0] no player type for opponent 6. restart analysis.
SPICA325 coach: [1358, 0] no player type for opponent 8. restart analysis.
SPICA325 coach: [1359, 0] no player type for opponent 6. restart analysis.
SPICA325 coach: [1360, 0] no player type for opponent 6. restart analysis.
SPICA325 coach: [1362, 0] no player type for opponent 6. restart analysis.
SPICA325 coach: [1367, 0] no player type for opponent 6. restart analysis.
SPICA325 coach: [1387, 0] no player type for opponent 6. restart analysis.
SPICA325 coach: [1396, 0] no player type for opponent 6. restart analysis.
SPICA325 coach: [1417, 0] no player type for opponent 6. restart analysis.
SPICA325 coach: [1420, 0] no player type for opponent 6. restart analysis.
SPICA325 coach: [1426, 0] no player type for opponent 6. restart analysis.
SPICA325 coach: [1435, 0] no player type for opponent 8. restart analysis.
SPICA325 coach: [1438, 0] no player type for opponent 8. restart analysis.
SPICA325 coach: [1440, 0] no player type for opponent 6. restart analysis.
SPICA325 coach: [1456, 0] no player type for opponent 8. restart analysis.
SPICA325 coach: [1463, 0] no player type for opponent 8. restart analysis.
SPICA325 coach: [1466, 0] no player type for opponent 6. restart analysis.
SPICA325 coach: [1469, 0] no player type for opponent 6. restart analysis.
SPICA325 coach: [1469, 0] no player type for opponent 8. restart analysis.
SPICA325 coach: [1470, 0] no player type for opponent 6. restart analysis.
SPICA325 coach: [1475, 0] no player type for opponent 6. restart analysis.
SPICA325 coach: [1480, 0] no player type for opponent 6. restart analysis.
SPICA325 coach: [1481, 0] no player type for opponent 6. restart analysis.
SPICA325 coach: [1485, 0] determined opponent 6 type = 8
SPICA325 coach: [1485, 0] no player type for opponent 8. restart analysis.
SPICA325 coach: [1487, 0] no player type for opponent 8. restart analysis.
SPICA325 coach: [1491, 0] no player type for opponent 8. restart analysis.
SPICA325 coach: [1491, 1] sent freeform (player_types (1 0)(2 1)(3 17)(4 2)(5 13)(6 8)(7 3)(8 -1)(9 12)(10 16)(11 9))
SPICA325 coach: [1491, 1] freeform 2 / 128
SPICA325 coach: [1501, 0] updated clang capacity.
CYRUS_VANILLA coach: [1501, 0] updated clang capacity.
SPICA325 coach: [1551, 0] determined opponent 8 type = 6
SPICA325 coach: [1551, 0] sent freeform (player_types (1 0)(2 1)(3 17)(4 2)(5 13)(6 8)(7 3)(8 6)(9 12)(10 16)(11 9))
SPICA325 coach: [1551, 0] freeform 3 / 128
CYRUS_VANILLA 9: [1597, 0] lost kick by foul at [1597, 0] sense=24 internal=25
SPICA325 10: [1654, 0]  WARNING. no turn_neck.
SPICA325 10: [1701, 0]  WARNING. no turn_neck.
SPICA325 10: [1702, 0]  WARNING. no turn_neck.
SPICA325 3: [1726, 0]  WARNING. no turn_neck.
SPICA325 3: [1727, 0]  WARNING. no turn_neck.
SPICA325 6: [1794, 0] lost kick by foul at [1794, 0] sense=5 internal=6
CYRUS_VANILLA coach: [1801, 0] updated clang capacity.
SPICA325 coach: [1801, 0] updated clang capacity.
CYRUS_VANILLA 6: [1885, 0]  WARNING. no body command.
SPICA325 8: [1925, 0] lost kick by foul at [1925, 0] sense=15 internal=16
CYRUS_VANILLA coach: [2101, 0] updated clang capacity.
SPICA325 coach: [2101, 0] updated clang capacity.
CYRUS_VANILLA 5: [2155, 0] lost kick? at [2155, 0] sense=22 internal=23
CYRUS_VANILLA coach: [2401, 0] updated clang capacity.
SPICA325 coach: [2401, 0] updated clang capacity.
CYRUS_VANILLA 6: [2557, 0]  WARNING. no turn_neck.
CYRUS_VANILLA 6: [2558, 0]  WARNING. no turn_neck.
CYRUS_VANILLA 6: [2559, 0]  WARNING. no turn_neck.
CYRUS_VANILLA 11: [2610, 0] lost kick by foul at [2610, 0] sense=31 internal=32
SPICA325 coach: [2701, 0] updated clang capacity.
CYRUS_VANILLA coach: [2701, 0] updated clang capacity.
SPICA325 11: [2761, 0]  WARNING. no turn_neck.
Waiting to kick off
Kick_off_right
SPICA325 coach: [3001, 0] updated clang capacity.
CYRUS_VANILLA coach: [3001, 0] updated clang capacity.
11 [3183, 0] no ball position cache.
11 [3183, 0] no ball position cache.
11 [3183, 0] Interecet Self cache is empty!
11 [3184, 0] no ball position cache.
11 [3184, 0] no ball position cache.
11 [3184, 0] Interecet Self cache is empty!
CYRUS_VANILLA 10: [3230, 0] lost kick? at [3230, 0] sense=39 internal=40
SPICA325 coach: [3301, 0] updated clang capacity.
CYRUS_VANILLA coach: [3301, 0] updated clang capacity.
SPICA325 3: [3378, 0]  WARNING. no turn_neck.
SPICA325 3: [3379, 0]  WARNING. no turn_neck.
SPICA325 3: [3380, 0]  WARNING. no turn_neck.
SPICA325 3: [3381, 0]  WARNING. no turn_neck.
SPICA325 6: [3463, 0] lost kick by foul at [3463, 0] sense=23 internal=24
SPICA325 coach: [3601, 0] updated clang capacity.
CYRUS_VANILLA coach: [3601, 0] updated clang capacity.
CYRUS_VANILLA 9: [3604, 0]  WARNING. no turn_neck.
CYRUS_VANILLA 9: [3605, 0]  WARNING. no turn_neck.
CYRUS_VANILLA 9: [3606, 0]  WARNING. no turn_neck.
CYRUS_VANILLA 9: [3607, 0]  WARNING. no turn_neck.
CYRUS_VANILLA 9: [3608, 0]  WARNING. no turn_neck.
CYRUS_VANILLA 9: [3609, 0]  WARNING. no turn_neck.
CYRUS_VANILLA 8: [3670, 0] lost kick by foul at [3670, 0] sense=39 internal=40
CYRUS_VANILLA 5: [3765, 0] lost kick by foul at [3765, 0] sense=53 internal=54
SPICA325 coach: [3901, 0] updated clang capacity.
CYRUS_VANILLA coach: [3901, 0] updated clang capacity.
SPICA325 7: [4040, 0]  WARNING. no body command.
SPICA325 7: [4041, 0]  WARNING. no body command.
CYRUS_VANILLA 8: [4057, 0] lost kick by foul at [4057, 0] sense=47 internal=48
CYRUS_VANILLA coach: [4201, 0] updated clang capacity.
SPICA325 coach: [4201, 0] updated clang capacity.
SPICA325 coach: [4501, 0] updated clang capacity.
CYRUS_VANILLA coach: [4501, 0] updated clang capacity.
CYRUS_VANILLA coach: [4801, 0] updated clang capacity.
SPICA325 coach: [4801, 0] updated clang capacity.
SPICA325 4: [5055, 0]  WARNING. no body command.
SPICA325 coach: [5101, 0] updated clang capacity.
CYRUS_VANILLA coach: [5101, 0] updated clang capacity.
SPICA325 coach: [5401, 0] updated clang capacity.
CYRUS_VANILLA coach: [5401, 0] updated clang capacity.
CYRUS_VANILLA 4: [5423, 0]  WARNING. no body command.
CYRUS_VANILLA coach: [5701, 0] updated clang capacity.
SPICA325 coach: [5701, 0] updated clang capacity.
CYRUS_VANILLA coach: change player 10 to type 5
SPICA325 coach: [5846, 0] no player type for opponent 10. restart analysis.
SPICA325 coach: [5859, 0] no player type for opponent 10. restart analysis.
SPICA325 coach: [5891, 0] determined opponent 10 type = 5
SPICA325 coach: [5906, 0] sent freeform (player_types (1 0)(2 1)(3 17)(4 2)(5 13)(6 8)(7 3)(8 6)(9 12)(10 5)(11 9))
SPICA325 coach: [5906, 0] freeform 4 / 128
SPICA325 2: [5906, 0] lost kick by foul at [5906, 0] sense=48 internal=49
SPICA325 coach: change player 10 to type 5
CYRUS_VANILLA 3: finished.
SPICA325 7: finished.
CYRUS_VANILLA 10: finished.
CYRUS_VANILLA 6: finished.
CYRUS_VANILLA 2: finished.
CYRUS_VANILLA 4: finished.
Waiting after end of match
remoteclient.cpp: 149: Error sending to socket: Bad file descriptor
msg = [(think)]
remoteclient.cpp: 149: Error sending to socket: Bad file descriptor
msg = [(think)]
CYRUS_VANILLA coach: [6000, 0] new freeform allowed 256
CYRUS_VANILLA coach: finished.
CYRUS_VANILLA 11: finished.
CYRUS_VANILLA 5: finished.
CYRUS_VANILLA 9: finished.
SPICA325 10: finished.
CYRUS_VANILLA 7: finished.
SPICA325 4: finished.
SPICA325 9: finished.
SPICA325 coach: [6000, 0] new freeform allowed 256
SPICA325 coach: finished.
SPICA325 1: finished.
SPICA325 3: finished.
SPICA325 6: finished.
SPICA325 5: finished.
SPICA325 8: finished.
CYRUS_VANILLA 8: finished.
SPICA325 11: finished.
CYRUS_VANILLA 1: finished.
SPICA325 2: finished.
A player disconnected : (CYRUS_VANILLA 2)
A player disconnected : (CYRUS_VANILLA 4)
A player disconnected : (CYRUS_VANILLA 6)
A player disconnected : (SPICA325 9)
An online coach disconnected : (CYRUS_VANILLA)
A player disconnected : (SPICA325 7)
A player disconnected : (CYRUS_VANILLA 10)
A player disconnected : (CYRUS_VANILLA 3)
A player disconnected : (CYRUS_VANILLA 11)
A player disconnected : (SPICA325 10)
A player disconnected : (SPICA325 4)
A player disconnected : (CYRUS_VANILLA 5)
A player disconnected : (CYRUS_VANILLA 7)
A player disconnected : (CYRUS_VANILLA 9)
A player disconnected : (SPICA325 1)
An online coach disconnected : (SPICA325)
A player disconnected : (SPICA325 3)
A player disconnected : (SPICA325 6)
A player disconnected : (SPICA325 8)
A player disconnected : (SPICA325 5)
A player disconnected : (CYRUS_VANILLA 8)
A player disconnected : (SPICA325 11)
A player disconnected : (CYRUS_VANILLA 1)
A player disconnected : (SPICA325 2)
Killing 8158
Killing 8171

Game Over. Exiting...

Saving Results:
	CSVSaver: saving...
	CSVSaver: ...disabled
	STDOutSaver: saving...

Game Results:
	2026-06-27 08:47:52
	'SPICA325' vs 'CYRUS_VANILLA'
	Score: 1 - 1
 
	STDOutSaver: ...saved

Saving Results Complete
