rcssserver-19.0.0

Copyright (C) 1995, 1996, 1997, 1998, 1999 Electrotechnical Laboratory.
2000 - RoboCup Soccer Simulator Maintenance Group.

Simulator Random Seed: 1782549567
CSVSaver: Ready
STDOutSaver: Ready
Using simulator's random seed as Hetero Player Seed: 1782549567
******************************************************************
 HELIOS base
 Created by Hidehisa Akiyama and Hiroki Shimora
 Copyright 2000-2007.  Hidehisa Akiyama
 Copyright 2007-2011.  Hidehisa Akiyama and Hiroki Shimora
 All rights reserved.
******************************************************************
PING localhost (127.0.0.1) 56(84) bytes of data.
64 bytes from localhost (127.0.0.1): icmp_seq=1 ttl=64 time=0.043 ms

--- localhost ping statistics ---
1 packets transmitted, 1 received, 0% packet loss, time 0ms
rtt min/avg/max/mdev = 0.043/0.043/0.043/0.000 ms
******************************************************************
 librcsc 
 Copyright 2000 - 2007. Hidehisa Akiyama.
 Copyright 2007 - 2011. Hidehisa Akiyama and Hiroki Shimora
 Copyright 2011 -  Hidehisa Akiyama, Hiroki Shimora
   Takuya Fukushima (2019-)
 All rights reserved.
******************************************************************
*****************************************************************
 This program is based on agent2d created by Hidehisa Akiyama.
 Copyright 2006 - 2011. Hidehisa Akiyama and Hiroki Shimora.
 All rights reserved.
*****************************************************************
SPICA325: init ok.  unum: 1 side: l
SPICA325 1: [-1, 0] (v18+) force synch see mode.
wind factor: rand: 0.000000, vector: (0.000000, 0.000000)

Hit CTRL-C to exit
Starting "/bin/sh -c scripts/team_launchers/spica325_left.sh"
Waiting for players to connect
A new (v18) player (SPICA325 1) connected.
******************************************************************
 HELIOS base
 Created by Hidehisa Akiyama and Hiroki Shimora
 Copyright 2000-2007.  Hidehisa Akiyama
 Copyright 2007-2011.  Hidehisa Akiyama and Hiroki Shimora
 All rights reserved.
******************************************************************
PING localhost (127.0.0.1) 56(84) bytes of data.
64 bytes from localhost (127.0.0.1): icmp_seq=1 ttl=64 time=0.017 ms

--- localhost ping statistics ---
1 packets transmitted, 1 received, 0% packet loss, time 0ms
rtt min/avg/max/mdev = 0.017/0.017/0.017/0.000 ms
******************************************************************
 librcsc 
 Copyright 2000 - 2007. Hidehisa Akiyama.
 Copyright 2007 - 2011. Hidehisa Akiyama and Hiroki Shimora
 Copyright 2011 -  Hidehisa Akiyama, Hiroki Shimora
   Takuya Fukushima (2019-)
 All rights reserved.
******************************************************************
SPICA325 1:  KickTable created.
SPICA325 1: [-1, 0] set synch see mode.
*****************************************************************
 This program is based on agent2d created by Hidehisa Akiyama.
 Copyright 2006 - 2011. Hidehisa Akiyama and Hiroki Shimora.
 All rights reserved.
*****************************************************************
CYRUS_VANILLA: init ok.  unum: 1 side: r
CYRUS_VANILLA 1: [-1, 0] (v18+) force synch see mode.
Starting "/bin/sh -c scripts/team_launchers/cyrus_vanilla_right.sh"
A new (v18) player (CYRUS_VANILLA 1) connected.
CYRUS_VANILLA 1:  KickTable created.
CYRUS_VANILLA 1: [-1, 0] set synch see mode.
Read Setting: ./data/settings/Other.json
Read Setting: ./data/settings/Other.json
******************************************************************
 librcsc 
 Copyright 2000 - 2007. Hidehisa Akiyama.
 Copyright 2007 - 2011. Hidehisa Akiyama and Hiroki Shimora
 Copyright 2011 -  Hidehisa Akiyama, Hiroki Shimora
   Takuya Fukushima (2019-)
 All rights reserved.
******************************************************************
******************************************************************
 librcsc 
 Copyright 2000 - 2007. Hidehisa Akiyama.
 Copyright 2007 - 2011. Hidehisa Akiyama and Hiroki Shimora
 Copyright 2011 -  Hidehisa Akiyama, Hiroki Shimora
   Takuya Fukushima (2019-)
 All rights reserved.
******************************************************************
******************************************************************
 librcsc 
 Copyright 2000 - 2007. Hidehisa Akiyama.
 Copyright 2007 - 2011. Hidehisa Akiyama and Hiroki Shimora
 Copyright 2011 -  Hidehisa Akiyama, Hiroki Shimora
   Takuya Fukushima (2019-)
 All rights reserved.
******************************************************************
******************************************************************
 librcsc 
 Copyright 2000 - 2007. Hidehisa Akiyama.
 Copyright 2007 - 2011. Hidehisa Akiyama and Hiroki Shimora
 Copyright 2011 -  Hidehisa Akiyama, Hiroki Shimora
   Takuya Fukushima (2019-)
 All rights reserved.
******************************************************************
******************************************************************
 librcsc 
 Copyright 2000 - 2007. Hidehisa Akiyama.
 Copyright 2007 - 2011. Hidehisa Akiyama and Hiroki Shimora
 Copyright 2011 -  Hidehisa Akiyama, Hiroki Shimora
   Takuya Fukushima (2019-)
 All rights reserved.
******************************************************************
******************************************************************
 librcsc 
 Copyright 2000 - 2007. Hidehisa Akiyama.
 Copyright 2007 - 2011. Hidehisa Akiyama and Hiroki Shimora
 Copyright 2011 -  Hidehisa Akiyama, Hiroki Shimora
   Takuya Fukushima (2019-)
 All rights reserved.
******************************************************************
******************************************************************
 librcsc 
 Copyright 2000 - 2007. Hidehisa Akiyama.
 Copyright 2007 - 2011. Hidehisa Akiyama and Hiroki Shimora
 Copyright 2011 -  Hidehisa Akiyama, Hiroki Shimora
   Takuya Fukushima (2019-)
 All rights reserved.
******************************************************************
******************************************************************
 librcsc 
 Copyright 2000 - 2007. Hidehisa Akiyama.
 Copyright 2007 - 2011. Hidehisa Akiyama and Hiroki Shimora
 Copyright 2011 -  Hidehisa Akiyama, Hiroki Shimora
   Takuya Fukushima (2019-)
 All rights reserved.
******************************************************************
******************************************************************
 librcsc 
 Copyright 2000 - 2007. Hidehisa Akiyama.
 Copyright 2007 - 2011. Hidehisa Akiyama and Hiroki Shimora
 Copyright 2011 -  Hidehisa Akiyama, Hiroki Shimora
   Takuya Fukushima (2019-)
 All rights reserved.
******************************************************************
******************************************************************
 librcsc 
 Copyright 2000 - 2007. Hidehisa Akiyama.
 Copyright 2007 - 2011. Hidehisa Akiyama and Hiroki Shimora
 Copyright 2011 -  Hidehisa Akiyama, Hiroki Shimora
   Takuya Fukushima (2019-)
 All rights reserved.
******************************************************************
*****************************************************************
 This program is based on agent2d created by Hidehisa Akiyama.
 Copyright 2006 - 2011. Hidehisa Akiyama and Hiroki Shimora.
 All rights reserved.
*****************************************************************
*****************************************************************
 This program is based on agent2d created by Hidehisa Akiyama.
 Copyright 2006 - 2011. Hidehisa Akiyama and Hiroki Shimora.
 All rights reserved.
*****************************************************************
******************************************************************
 librcsc 
 Copyright 2000 - 2007. Hidehisa Akiyama.
 Copyright 2007 - 2011. Hidehisa Akiyama and Hiroki Shimora
 Copyright 2011 -  Hidehisa Akiyama, Hiroki Shimora
   Takuya Fukushima (2019-)
 All rights reserved.
******************************************************************
*****************************************************************
 This program is based on agent2d created by Hidehisa Akiyama.
 Copyright 2006 - 2011. Hidehisa Akiyama and Hiroki Shimora.
 All rights reserved.
*****************************************************************
A new (v18) player (SPICA325 2) connected.
SPICA325: init ok.  unum: 3 side: l
SPICA325 3: [-1, 0] (v18+) force synch see mode.
A new (v18) player (SPICA325 3) connected.
A new (v18) online coach (SPICA325) connected.
SPICA325: init ok.  unum: 2 side: l
SPICA325 2: [-1, 0] (v18+) force synch see mode.
*****************************************************************
 This program is based on agent2d created by Hidehisa Akiyama.
 Copyright 2006 - 2011. Hidehisa Akiyama and Hiroki Shimora.
 All rights reserved.
*****************************************************************
******************************************************************
 librcsc 
 Copyright 2000 - 2007. Hidehisa Akiyama.
 Copyright 2007 - 2011. Hidehisa Akiyama and Hiroki Shimora
 Copyright 2011 -  Hidehisa Akiyama, Hiroki Shimora
   Takuya Fukushima (2019-)
 All rights reserved.
******************************************************************
******************************************************************
 librcsc 
 Copyright 2000 - 2007. Hidehisa Akiyama.
 Copyright 2007 - 2011. Hidehisa Akiyama and Hiroki Shimora
 Copyright 2011 -  Hidehisa Akiyama, Hiroki Shimora
   Takuya Fukushima (2019-)
 All rights reserved.
******************************************************************
SPICA325 coach: [0, 0] updated clang capacity.
A new (v18) player (SPICA325 4) connected.
SPICA325 coach: [0, 0] recv (ok eye on)
SPICA325: init ok.  unum: 4 side: l
*****************************************************************
 This program is based on agent2d created by Hidehisa Akiyama.
 Copyright 2006 - 2011. Hidehisa Akiyama and Hiroki Shimora.
 All rights reserved.
*****************************************************************
SPICA325 4: [-1, 0] (v18+) force synch see mode.
A new (v18) player (SPICA325 5) connected.
*****************************************************************
 This program is based on agent2d created by Hidehisa Akiyama.
 Copyright 2006 - 2011. Hidehisa Akiyama and Hiroki Shimora.
 All rights reserved.
*****************************************************************
A new (v18) player (SPICA325 6) connected.
SPICA325: init ok.  unum: 5 side: l
SPICA325 5: [-1, 0] (v18+) force synch see mode.
SPICA325: init ok.  unum: 6 side: l
SPICA325 6: [-1, 0] (v18+) force synch see mode.
*****************************************************************
 This program is based on agent2d created by Hidehisa Akiyama.
 Copyright 2006 - 2011. Hidehisa Akiyama and Hiroki Shimora.
 All rights reserved.
*****************************************************************
A new (v18) player (SPICA325 7) connected.
SPICA325: init ok.  unum: 7 side: l
SPICA325 7: [-1, 0] (v18+) force synch see mode.
SPICA325 2:  KickTable created.
SPICA325 2: [-1, 0] set synch see mode.
*****************************************************************
 This program is based on agent2d created by Hidehisa Akiyama.
 Copyright 2006 - 2011. Hidehisa Akiyama and Hiroki Shimora.
 All rights reserved.
*****************************************************************
******************************************************************
 librcsc 
 Copyright 2000 - 2007. Hidehisa Akiyama.
 Copyright 2007 - 2011. Hidehisa Akiyama and Hiroki Shimora
 Copyright 2011 -  Hidehisa Akiyama, Hiroki Shimora
   Takuya Fukushima (2019-)
 All rights reserved.
******************************************************************
SPICA325 3:  KickTable created.
SPICA325 3: [-1, 0] set synch see mode.
SPICA325: init ok.  unum: 8 side: l
SPICA325 8: [-1, 0] (v18+) force synch see mode.
A new (v18) player (SPICA325 8) connected.
*****************************************************************
 This program is based on agent2d created by Hidehisa Akiyama.
 Copyright 2006 - 2011. Hidehisa Akiyama and Hiroki Shimora.
 All rights reserved.
*****************************************************************
A new (v18) player (SPICA325 9) connected.
******************************************************************
 librcsc 
 Copyright 2000 - 2007. Hidehisa Akiyama.
 Copyright 2007 - 2011. Hidehisa Akiyama and Hiroki Shimora
 Copyright 2011 -  Hidehisa Akiyama, Hiroki Shimora
   Takuya Fukushima (2019-)
 All rights reserved.
******************************************************************
*****************************************************************
 This program is based on agent2d created by Hidehisa Akiyama.
 Copyright 2006 - 2011. Hidehisa Akiyama and Hiroki Shimora.
 All rights reserved.
*****************************************************************
SPICA325: init ok.  unum: 9 side: l
SPICA325 9: [-1, 0] (v18+) force synch see mode.
******************************************************************
 librcsc 
 Copyright 2000 - 2007. Hidehisa Akiyama.
 Copyright 2007 - 2011. Hidehisa Akiyama and Hiroki Shimora
 Copyright 2011 -  Hidehisa Akiyama, Hiroki Shimora
   Takuya Fukushima (2019-)
 All rights reserved.
******************************************************************
*****************************************************************
 This program is based on agent2d created by Hidehisa Akiyama.
 Copyright 2006 - 2011. Hidehisa Akiyama and Hiroki Shimora.
 All rights reserved.
*****************************************************************
Read Setting: ./data/settings/Other.json
Read Setting: ./data/settings/Other.json
*****************************************************************
 This program is based on agent2d created by Hidehisa Akiyama.
 Copyright 2006 - 2011. Hidehisa Akiyama and Hiroki Shimora.
 All rights reserved.
*****************************************************************
SPICA325 6:  KickTable created.
******************************************************************
 librcsc 
 Copyright 2000 - 2007. Hidehisa Akiyama.
 Copyright 2007 - 2011. Hidehisa Akiyama and Hiroki Shimora
 Copyright 2011 -  Hidehisa Akiyama, Hiroki Shimora
   Takuya Fukushima (2019-)
 All rights reserved.
******************************************************************
SPICA325 6: [-1, 0] set synch see mode.
SPICA325: init ok.  unum: 10 side: l
SPICA325 10: [-1, 0] (v18+) force synch see mode.
A new (v18) player (SPICA325 10) connected.
CYRUS_VANILLA: init ok.  unum: 2 side: r
CYRUS_VANILLA 2: [-1, 0] (v18+) force synch see mode.
A new (v18) player (CYRUS_VANILLA 2) connected.
A new (v18) player (SPICA325 11) connected.
SPICA325: init ok.  unum: 11 side: l
SPICA325 11: [-1, 0] (v18+) force synch see mode.
SPICA325 5:  KickTable created.
SPICA325 5: [-1, 0] set synch see mode.
******************************************************************
 librcsc 
 Copyright 2000 - 2007. Hidehisa Akiyama.
 Copyright 2007 - 2011. Hidehisa Akiyama and Hiroki Shimora
 Copyright 2011 -  Hidehisa Akiyama, Hiroki Shimora
   Takuya Fukushima (2019-)
 All rights reserved.
******************************************************************
SPICA325 4:  KickTable created.
*****************************************************************
 This program is based on agent2d created by Hidehisa Akiyama.
 Copyright 2006 - 2011. Hidehisa Akiyama and Hiroki Shimora.
 All rights reserved.
*****************************************************************
A new (v18) player (CYRUS_VANILLA 3) connected.
SPICA325 8:  KickTable created.
SPICA325 8: [-1, 0] set synch see mode.
******************************************************************
 librcsc 
 Copyright 2000 - 2007. Hidehisa Akiyama.
 Copyright 2007 - 2011. Hidehisa Akiyama and Hiroki Shimora
 Copyright 2011 -  Hidehisa Akiyama, Hiroki Shimora
   Takuya Fukushima (2019-)
 All rights reserved.
******************************************************************
SPICA325 4: [-1, 0] set synch see mode.
CYRUS_VANILLA: init ok.  unum: 3 side: r
CYRUS_VANILLA 3: [-1, 0] (v18+) force synch see mode.
******************************************************************
 librcsc 
 Copyright 2000 - 2007. Hidehisa Akiyama.
 Copyright 2007 - 2011. Hidehisa Akiyama and Hiroki Shimora
 Copyright 2011 -  Hidehisa Akiyama, Hiroki Shimora
   Takuya Fukushima (2019-)
 All rights reserved.
******************************************************************
*****************************************************************
 This program is based on agent2d created by Hidehisa Akiyama.
 Copyright 2006 - 2011. Hidehisa Akiyama and Hiroki Shimora.
 All rights reserved.
*****************************************************************
A new (v18) player (CYRUS_VANILLA 4) connected.
*****************************************************************
 This program is based on agent2d created by Hidehisa Akiyama.
 Copyright 2006 - 2011. Hidehisa Akiyama and Hiroki Shimora.
 All rights reserved.
*****************************************************************
CYRUS_VANILLASPICA325:  init ok.  unum: 7: 4 KickTable created. side: 
r
CYRUS_VANILLA 4: [-1, 0] (v18+) force synch see mode.
SPICA325 7: [-1, 0] set synch see mode.
CYRUS_VANILLA: init ok.  unum: 5 side: r
CYRUS_VANILLA 5: [-1, 0] (v18+) force synch see mode.
A new (v18) player (CYRUS_VANILLA 5) connected.
******************************************************************
 librcsc 
 Copyright 2000 - 2007. Hidehisa Akiyama.
 Copyright 2007 - 2011. Hidehisa Akiyama and Hiroki Shimora
 Copyright 2011 -  Hidehisa Akiyama, Hiroki Shimora
   Takuya Fukushima (2019-)
 All rights reserved.
******************************************************************
SPICA325 9:  KickTable created.
******************************************************************
 librcsc 
 Copyright 2000 - 2007. Hidehisa Akiyama.
 Copyright 2007 - 2011. Hidehisa Akiyama and Hiroki Shimora
 Copyright 2011 -  Hidehisa Akiyama, Hiroki Shimora
   Takuya Fukushima (2019-)
 All rights reserved.
******************************************************************
*****************************************************************
 This program is based on agent2d created by Hidehisa Akiyama.
 Copyright 2006 - 2011. Hidehisa Akiyama and Hiroki Shimora.
 All rights reserved.
*****************************************************************
SPICA325 9: [-1, 0] set synch see mode.
A new (v18) online coach (CYRUS_VANILLA) connected.
SPICA325 11:  KickTable created.
SPICA325 11: [-1, 0] set synch see mode.
CYRUS_VANILLA 2:  KickTable created.
CYRUS_VANILLA 2: [-1, 0] set synch see mode.
SPICA325 10:  KickTable created.
*****************************************************************
 This program is based on agent2d created by Hidehisa Akiyama.
 Copyright 2006 - 2011. Hidehisa Akiyama and Hiroki Shimora.
 All rights reserved.
*****************************************************************
SPICA325 10: [-1, 0] set synch see mode.
Read Setting: ./data/settings/Other.json
Read Setting: ./data/settings/Other.json
Read Setting: ./data/settings/Other.json
Read Setting: ./data/settings/Other.json
Read Setting: ./data/settings/Other.json
Read Setting: ./data/settings/Other.json
A new (v18) player (CYRUS_VANILLA 6) connected.
CYRUS_VANILLA coach: [-1, 0] recv (ok eye on)
CYRUS_VANILLA: init ok.  unum: 6 side: r
CYRUS_VANILLA 6: [-1, 0] (v18+) force synch see mode.
CYRUS_VANILLA 3:  KickTable created.
CYRUS_VANILLA 3: [-1, 0] set synch see mode.
*****************************************************************
 This program is based on agent2d created by Hidehisa Akiyama.
 Copyright 2006 - 2011. Hidehisa Akiyama and Hiroki Shimora.
 All rights reserved.
*****************************************************************
A new (v18) player (CYRUS_VANILLA 7) connected.
CYRUS_VANILLA: init ok.  unum: 7 side: r
CYRUS_VANILLA 7: [-1, 0] (v18+) force synch see mode.
*****************************************************************
 This program is based on agent2d created by Hidehisa Akiyama.
 Copyright 2006 - 2011. Hidehisa Akiyama and Hiroki Shimora.
 All rights reserved.
*****************************************************************
A new (v18) player (CYRUS_VANILLA 8) connected.
CYRUS_VANILLA 4:  KickTable created.
CYRUS_VANILLA 4: [-1, 0] set synch see mode.
CYRUS_VANILLA: init ok.  unum: 8 side: r
CYRUS_VANILLA 8: [-1, 0] (v18+) force synch see mode.
*****************************************************************
 This program is based on agent2d created by Hidehisa Akiyama.
 Copyright 2006 - 2011. Hidehisa Akiyama and Hiroki Shimora.
 All rights reserved.
*****************************************************************
A new (v18) player (CYRUS_VANILLA 9) connected.
CYRUS_VANILLA: init ok.  unum: 9 side: r
CYRUS_VANILLA 9: [-1, 0] (v18+) force synch see mode.
*****************************************************************
 This program is based on agent2d created by Hidehisa Akiyama.
 Copyright 2006 - 2011. Hidehisa Akiyama and Hiroki Shimora.
 All rights reserved.
*****************************************************************
CYRUS_VANILLA: init ok.  unum: 10 side: r
A new (v18) player (CYRUS_VANILLA 10) connected.
CYRUS_VANILLA 10: [-1, 0] (v18+) force synch see mode.
CYRUS_VANILLA 5:  KickTable created.
CYRUS_VANILLA 5: [-1, 0] set synch see mode.
*****************************************************************
 This program is based on agent2d created by Hidehisa Akiyama.
 Copyright 2006 - 2011. Hidehisa Akiyama and Hiroki Shimora.
 All rights reserved.
*****************************************************************
CYRUS_VANILLA 7:  KickTable created.
CYRUS_VANILLA 7: [-1, 0] set synch see mode.
CYRUS_VANILLA 9:  KickTable created.
CYRUS_VANILLA 9: [-1, 0] set synch see mode.
CYRUS_VANILLA 6:  KickTable created.
CYRUS_VANILLA 6: [-1, 0] set synch see mode.
CYRUS_VANILLA 8:  KickTable created.
CYRUS_VANILLA 10:  KickTable created.
CYRUS_VANILLA 8: [-1, 0] set synch see mode.
CYRUS_VANILLA 10: [-1, 0] set synch see mode.
Read Setting: ./data/settings/Other.json
Read Setting: ./data/settings/Other.json
CYRUS_VANILLA: init ok.  unum: 11 side: r
CYRUS_VANILLA 11: [-1, 0] (v18+) force synch see mode.
A new (v18) player (CYRUS_VANILLA 11) connected.
CYRUS_VANILLA 11:  KickTable created.
CYRUS_VANILLA 11: [-1, 0] set synch see mode.
id speed step inc  power  stam  karea
 0 1.000   6  45.0 100.0  55.0  1.085
 1 0.930   5  41.3 100.0  58.7  0.997
 2 0.913   6  49.7 100.0  50.3  1.051
 3 0.853   5  45.7 100.0  54.3  1.017
 4 0.836   5  50.1 100.0  49.9  1.045
 5 0.858   4  42.9 100.0  57.1  1.137
 6 0.881   6  47.0 100.0  53.0  1.029
 7 0.830   5  45.6 100.0  54.4  0.989
 8 0.796   5  47.2 100.0  52.8  0.997
 9 0.857   5  45.3 100.0  54.7  1.136
 10 0.783   4  47.1 100.0  52.9  1.104
 11 0.961   6  44.2 100.0  55.8  1.009
 12 0.776   5  45.3 100.0  54.7  1.019
 13 0.988   7  45.2 100.0  54.8  0.997
 14 0.894   5  40.9 100.0  59.1  0.990
 15 1.001   6  40.7 100.0  59.3  1.128
 16 0.830   5  40.8 100.0  59.2  1.097
 17 0.829   6  47.2 100.0  52.8  1.133
$$$$$$$$$$$$$$$$$$$$$$$$isother
SPICA325 coach: change player 1 to type 0
SPICA325 coach: change player 9 to type 15
SPICA325 coach: change player 2 to type 13
SPICA325 coach: change player 11 to type 11
SPICA325 coach: change player 4 to type 1
SPICA325 coach: change player 10 to type 2
SPICA325 coach: change player 3 to type 14
SPICA325 coach: change player 5 to type 6
SPICA325 coach: change player 7 to type 5
SPICA325 coach: change player 8 to type 3
SPICA325 coach: change player 6 to type 9
Read Setting: ./data/settings/Other.json
Read Setting: ./data/settings/Other.json
Read Setting: ./data/settings/Other.json
Read Setting: ./data/settings/Other.json
id speed step inc  power  stam  karea
 0 1.000   6  45.0 100.0  55.0  1.085
 1 0.930   5  41.3 100.0  58.7  0.997
 2 0.913   6  49.7 100.0  50.3  1.051
 3 0.853   5  45.7 100.0  54.3  1.017
 4 0.836   5  50.1 100.0  49.9  1.045
 5 0.858   4  42.9 100.0  57.1  1.137
 6 0.881   6  47.0 100.0  53.0  1.029
 7 0.830   5  45.6 100.0  54.4  0.989
 8 0.796   5  47.2 100.0  52.8  0.997
 9 0.857   5  45.3 100.0  54.7  1.136
 10 0.783   4  47.1 100.0  52.9  1.104
 11 0.961   6  44.2 100.0  55.8  1.009
 12 0.776   5  45.3 100.0  54.7  1.019
 13 0.988   7  45.2 100.0  54.8  0.997
 14 0.894   5  40.9 100.0  59.1  0.990
 15 1.001   6  40.7 100.0  59.3  1.128
 16 0.830   5  40.8 100.0  59.2  1.097
 17 0.829   6  47.2 100.0  52.8  1.133
$$$$$$$$$$$$$$$$$$$$$$$$isother
CYRUS_VANILLA coach: change player 1 to type 0
CYRUS_VANILLA coach: change player 9 to type 15
CYRUS_VANILLA coach: change player 2 to type 13
CYRUS_VANILLA coach: change player 11 to type 11
CYRUS_VANILLA coach: change player 4 to type 1
CYRUS_VANILLA coach: change player 10 to type 2
CYRUS_VANILLA coach: change player 3 to type 14
CYRUS_VANILLA coach: change player 5 to type 6
CYRUS_VANILLA coach: change player 7 to type 5
CYRUS_VANILLA coach: change player 8 to type 3
CYRUS_VANILLA coach: change player 6 to type 9
Read Setting: ./data/settings/Other.json
Read Setting: ./data/settings/Other.json
Read Setting: ./data/settings/Other.json
Read Setting: ./data/settings/Other.json
Read Setting: ./data/settings/Other.json
Read Setting: ./data/settings/Other.json
Waiting to kick off
Kick_off_left
CYRUS_VANILLA coach: [93, 0] no player type for opponent 6. restart analysis.
SPICA325 coach: [94, 0] no player type for opponent 10. restart analysis.
SPICA325 coach: [95, 0] determined opponent 2 type = 13
SPICA325 coach: [95, 0] no player type for opponent 11. restart analysis.
CYRUS_VANILLA coach: [95, 0] no player type for opponent 6. restart analysis.
CYRUS_VANILLA coach: [95, 0] no player type for opponent 9. restart analysis.
SPICA325 coach: [96, 0] no player type for opponent 4. restart analysis.
SPICA325 coach: [96, 0] determined opponent 8 type = 3
SPICA325 coach: [96, 0] no player type for opponent 6. restart analysis.
SPICA325 coach: [96, 0] no player type for opponent 5. restart analysis.
CYRUS_VANILLA coach: [96, 0] no player type for opponent 9. restart analysis.
CYRUS_VANILLA coach: [96, 0] no player type for opponent 10. restart analysis.
CYRUS_VANILLA coach: [96, 0] determined opponent 2 type = 13
SPICA325 coach: [97, 0] no player type for opponent 10. restart analysis.
SPICA325 coach: [97, 0] no player type for opponent 11. restart analysis.
SPICA325 coach: [97, 0] no player type for opponent 9. restart analysis.
SPICA325 coach: [97, 0] no player type for opponent 7. restart analysis.
SPICA325 coach: [97, 0] no player type for opponent 3. restart analysis.
SPICA325 coach: [98, 0] no player type for opponent 11. restart analysis.
CYRUS_VANILLA coach: [98, 0] no player type for opponent 9. restart analysis.
SPICA325 coach: [99, 0] no player type for opponent 9. restart analysis.
SPICA325 coach: [99, 0] no player type for opponent 7. restart analysis.
CYRUS_VANILLA coach: [99, 0] no player type for opponent 9. restart analysis.
CYRUS_VANILLA coach: [100, 0] no player type for opponent 9. restart analysis.
CYRUS_VANILLA coach: [100, 0] no player type for opponent 10. restart analysis.
SPICA325 coach: [101, 0] no player type for opponent 4. restart analysis.
SPICA325 coach: [101, 0] no player type for opponent 11. restart analysis.
CYRUS_VANILLA coach: [101, 0] no player type for opponent 6. restart analysis.
SPICA325 coach: [102, 0] no player type for opponent 4. restart analysis.
SPICA325 coach: [102, 0] no player type for opponent 5. restart analysis.
CYRUS_VANILLA coach: [102, 0] determined opponent 7 type = 5
CYRUS_VANILLA coach: [103, 0] no player type for opponent 5. restart analysis.
CYRUS_VANILLA coach: [103, 0] no player type for opponent 6. restart analysis.
SPICA325 coach: [103, 0] no player type for opponent 4. restart analysis.
SPICA325 coach: [103, 0] no player type for opponent 10. restart analysis.
SPICA325 coach: [103, 0] no player type for opponent 11. restart analysis.
CYRUS_VANILLA coach: [104, 0] no player type for opponent 5. restart analysis.
CYRUS_VANILLA coach: [104, 0] no player type for opponent 6. restart analysis.
SPICA325 coach: [105, 0] no player type for opponent 10. restart analysis.
CYRUS_VANILLA coach: [105, 0] no player type for opponent 3. restart analysis.
CYRUS_VANILLA coach: [106, 0] no player type for opponent 4. restart analysis.
SPICA325 coach: [106, 0] no player type for opponent 6. restart analysis.
CYRUS_VANILLA coach: [107, 0] no player type for opponent 3. restart analysis.
SPICA325 coach: [107, 0] no player type for opponent 10. restart analysis.
SPICA325 coach: [108, 0] no player type for opponent 6. restart analysis.
SPICA325 coach: [108, 0] no player type for opponent 9. restart analysis.
SPICA325 coach: [109, 0] no player type for opponent 11. restart analysis.
SPICA325 coach: [109, 0] no player type for opponent 7. restart analysis.
CYRUS_VANILLA coach: [110, 0] no player type for opponent 5. restart analysis.
CYRUS_VANILLA coach: [110, 0] no player type for opponent 3. restart analysis.
CYRUS_VANILLA coach: [110, 0] no player type for opponent 8. restart analysis.
SPICA325 coach: [110, 0] no player type for opponent 4. restart analysis.
SPICA325 coach: [110, 0] no player type for opponent 10. restart analysis.
SPICA325 coach: [110, 0] no player type for opponent 11. restart analysis.
CYRUS_VANILLA coach: [111, 0] no player type for opponent 6. restart analysis.
SPICA325 coach: [111, 0] no player type for opponent 4. restart analysis.
SPICA325 coach: [111, 0] no player type for opponent 10. restart analysis.
CYRUS_VANILLA coach: [112, 0] no player type for opponent 11. restart analysis.
CYRUS_VANILLA coach: [112, 0] no player type for opponent 10. restart analysis.
CYRUS_VANILLA coach: [112, 0] no player type for opponent 3. restart analysis.
SPICA325 coach: [112, 0] no player type for opponent 4. restart analysis.
CYRUS_VANILLA coach: [113, 0] no player type for opponent 3. restart analysis.
SPICA325 coach: [114, 0] no player type for opponent 10. restart analysis.
SPICA325 coach: [114, 0] no player type for opponent 6. restart analysis.
SPICA325 coach: [114, 0] no player type for opponent 1. restart analysis.
CYRUS_VANILLA coach: [115, 0] no player type for opponent 5. restart analysis.
SPICA325 coach: [115, 0] no player type for opponent 10. restart analysis.
SPICA325 coach: [115, 0] no player type for opponent 3. restart analysis.
SPICA325 coach: [116, 0] no player type for opponent 4. restart analysis.
SPICA325 coach: [116, 0] no player type for opponent 1. restart analysis.
SPICA325 coach: [116, 0] no player type for opponent 9. restart analysis.
SPICA325 coach: [117, 0] no player type for opponent 10. restart analysis.
SPICA325 coach: [117, 0] no player type for opponent 6. restart analysis.
SPICA325 coach: [117, 0] no player type for opponent 11. restart analysis.
SPICA325 coach: [117, 0] no player type for opponent 7. restart analysis.
CYRUS_VANILLA coach: [117, 0] no player type for opponent 6. restart analysis.
CYRUS_VANILLA coach: [117, 0] no player type for opponent 3. restart analysis.
CYRUS_VANILLA coach: [117, 0] no player type for opponent 8. restart analysis.
SPICA325 coach: [118, 0] no player type for opponent 10. restart analysis.
SPICA325 coach: [119, 0] no player type for opponent 10. restart analysis.
SPICA325 coach: [120, 0] no player type for opponent 6. restart analysis.
CYRUS_VANILLA coach: [120, 0] no player type for opponent 10. restart analysis.
CYRUS_VANILLA coach: [120, 0] no player type for opponent 6. restart analysis.
SPICA325 coach: [121, 0] no player type for opponent 6. restart analysis.
SPICA325 coach: [121, 0] no player type for opponent 3. restart analysis.
CYRUS_VANILLA coach: [121, 0] no player type for opponent 11. restart analysis.
layerSize: 3
SPICA325 coach: [122, 0] no player type for opponent 1. restart analysis.
CYRUS_VANILLA coach: [123, 0] no player type for opponent 8. restart analysis.
CYRUS_VANILLA coach: [124, 0] no player type for opponent 4. restart analysis.
SPICA325 coach: [124, 0] no player type for opponent 4. restart analysis.
CYRUS_VANILLA coach: [126, 0] no player type for opponent 10. restart analysis.
SPICA325 coach: [126, 0] no player type for opponent 10. restart analysis.
SPICA325 coach: [127, 0] no player type for opponent 5. restart analysis.
CYRUS_VANILLA coach: [128, 0] no player type for opponent 10. restart analysis.
CYRUS_VANILLA coach: [128, 0] no player type for opponent 5. restart analysis.
SPICA325 coach: [128, 0] no player type for opponent 1. restart analysis.
SPICA325 coach: [129, 0] no player type for opponent 11. restart analysis.
SPICA325 coach: [131, 0] no player type for opponent 6. restart analysis.
SPICA325 coach: [131, 0] no player type for opponent 11. restart analysis.
CYRUS_VANILLA coach: [131, 0] no player type for opponent 11. restart analysis.
SPICA325 coach: [132, 0] no player type for opponent 10. restart analysis.
SPICA325 coach: [134, 0] no player type for opponent 6. restart analysis.
SPICA325 coach: [134, 0] no player type for opponent 5. restart analysis.
CYRUS_VANILLA coach: [134, 0] no player type for opponent 3. restart analysis.
SPICA325 coach: [136, 0] determined opponent 7 type = 5
SPICA325 coach: [136, 0] no player type for opponent 4. restart analysis.
SPICA325 coach: [136, 0] no player type for opponent 3. restart analysis.
CYRUS_VANILLA coach: [136, 0] no player type for opponent 10. restart analysis.
CYRUS_VANILLA coach: [138, 0] no player type for opponent 9. restart analysis.
SPICA325 coach: [140, 0] no player type for opponent 11. restart analysis.
CYRUS_VANILLA coach: [140, 0] no player type for opponent 6. restart analysis.
CYRUS_VANILLA coach: [140, 0] no player type for opponent 8. restart analysis.
CYRUS_VANILLA coach: [141, 0] no player type for opponent 9. restart analysis.
CYRUS_VANILLA coach: [142, 0] no player type for opponent 10. restart analysis.
CYRUS_VANILLA coach: [143, 0] no player type for opponent 3. restart analysis.
SPICA325 coach: [143, 0] no player type for opponent 10. restart analysis.
SPICA325 coach: [143, 0] no player type for opponent 3. restart analysis.
SPICA325 coach: [144, 0] no player type for opponent 10. restart analysis.
SPICA325 coach: [144, 0] no player type for opponent 11. restart analysis.
CYRUS_VANILLA coach: [144, 0] no player type for opponent 8. restart analysis.
CYRUS_VANILLA coach: [145, 0] no player type for opponent 10. restart analysis.
CYRUS_VANILLA coach: [145, 0] no player type for opponent 8. restart analysis.
SPICA325 coach: [145, 0] no player type for opponent 4. restart analysis.
CYRUS_VANILLA coach: [146, 0] no player type for opponent 8. restart analysis.
SPICA325 coach: [147, 0] determined opponent 10 type = 2
CYRUS_VANILLA coach: [147, 0] no player type for opponent 5. restart analysis.
SPICA325 coach: [148, 0] no player type for opponent 5. restart analysis.
CYRUS_VANILLA coach: [148, 0] no player type for opponent 5. restart analysis.
CYRUS_VANILLA coach: [149, 0] determined opponent 8 type = 3
SPICA325 coach: [149, 0] determined opponent 1 type = 0
CYRUS_VANILLA coach: [151, 0] no player type for opponent 9. restart analysis.
CYRUS_VANILLA coach: [151, 0] no player type for opponent 10. restart analysis.
CYRUS_VANILLA coach: [152, 0] no player type for opponent 10. restart analysis.
CYRUS_VANILLA coach: [153, 0] determined opponent 5 type = 6
CYRUS_VANILLA coach: [154, 0] no player type for opponent 9. restart analysis.
CYRUS_VANILLA coach: [154, 0] no player type for opponent 4. restart analysis.
CYRUS_VANILLA coach: [156, 0] no player type for opponent 9. restart analysis.
SPICA325 coach: [157, 0] determined opponent 5 type = 6
CYRUS_VANILLA coach: [157, 0] determined opponent 10 type = 2
CYRUS_VANILLA coach: [160, 0] no player type for opponent 6. restart analysis.
CYRUS_VANILLA coach: [161, 0] no player type for opponent 6. restart analysis.
CYRUS_VANILLA coach: [162, 0] no player type for opponent 6. restart analysis.
SPICA325 coach: [162, 0] no player type for opponent 6. restart analysis.
SPICA325 coach: [163, 0] no player type for opponent 4. restart analysis.
CYRUS_VANILLA coach: [163, 0] no player type for opponent 11. restart analysis.
SPICA325 coach: [164, 0] no player type for opponent 11. restart analysis.
SPICA325 coach: [164, 0] no player type for opponent 4. restart analysis.
SPICA325 coach: [165, 0] no player type for opponent 6. restart analysis.
SPICA325 coach: [166, 0] no player type for opponent 11. restart analysis.
SPICA325 coach: [168, 0] no player type for opponent 11. restart analysis.
CYRUS_VANILLA coach: [170, 0] no player type for opponent 11. restart analysis.
CYRUS_VANILLA coach: [171, 0] determined opponent 9 type = 15
SPICA325 coach: [172, 0] determined opponent 3 type = 14
SPICA325 coach: [176, 0] determined opponent 6 type = 9
CYRUS_VANILLA coach: [179, 0] no player type for opponent 6. restart analysis.
CYRUS_VANILLA coach: [181, 0] no player type for opponent 6. restart analysis.
CYRUS_VANILLA coach: [187, 0] no player type for opponent 6. restart analysis.
CYRUS_VANILLA coach: [190, 0] no player type for opponent 6. restart analysis.
CYRUS_VANILLA coach: [190, 0] determined opponent 11 type = 11
CYRUS_VANILLA coach: [190, 0] determined opponent 1 type = 0
CYRUS_VANILLA coach: [191, 0] no player type for opponent 6. restart analysis.
CYRUS_VANILLA coach: [196, 0] no player type for opponent 6. restart analysis.
CYRUS_VANILLA coach: [198, 0] no player type for opponent 6. restart analysis.
SPICA325 coach: [198, 0] no player type for opponent 11. restart analysis.
CYRUS_VANILLA coach: [199, 0] no player type for opponent 6. restart analysis.
CYRUS_VANILLA coach: [199, 0] no player type for opponent 3. restart analysis.
SPICA325 coach: [204, 0] no player type for opponent 11. restart analysis.
CYRUS_VANILLA coach: [204, 0] determined opponent 4 type = 1
SPICA325 coach: [212, 0] no player type for opponent 11. restart analysis.
SPICA325 coach: [214, 0] no player type for opponent 11. restart analysis.
SPICA325 coach: [215, 0] no player type for opponent 11. restart analysis.
SPICA325 coach: [216, 0] no player type for opponent 11. restart analysis.
CYRUS_VANILLA coach: [223, 0] no player type for opponent 6. restart analysis.
CYRUS_VANILLA coach: [227, 0] no player type for opponent 6. restart analysis.
SPICA325 coach: [231, 0] no player type for opponent 4. restart analysis.
SPICA325 coach: [233, 0] no player type for opponent 9. restart analysis.
SPICA325 coach: [235, 0] no player type for opponent 9. restart analysis.
SPICA325 coach: [236, 0] no player type for opponent 11. restart analysis.
CYRUS_VANILLA coach: [245, 0] no player type for opponent 6. restart analysis.
SPICA325 coach: [250, 0] no player type for opponent 11. restart analysis.
CYRUS_VANILLA coach: [251, 0] no player type for opponent 6. restart analysis.
CYRUS_VANILLA coach: [253, 0] no player type for opponent 3. restart analysis.
CYRUS_VANILLA coach: [260, 0] no player type for opponent 3. restart analysis.
SPICA325 coach: [263, 0] no player type for opponent 11. restart analysis.
SPICA325 coach: [272, 0] no player type for opponent 4. restart analysis.
CYRUS_VANILLA coach: [277, 0] no player type for opponent 6. restart analysis.
CYRUS_VANILLA coach: [279, 0] no player type for opponent 6. restart analysis.
CYRUS_VANILLA coach: [282, 0] no player type for opponent 6. restart analysis.
SPICA325 coach: [286, 0] no player type for opponent 11. restart analysis.
SPICA325 coach: [288, 0] no player type for opponent 11. restart analysis.
SPICA325 coach: [289, 0] determined opponent 4 type = 1
SPICA325 coach: [289, 0] no player type for opponent 9. restart analysis.
CYRUS_VANILLA coach: [289, 0] no player type for opponent 6. restart analysis.
CYRUS_VANILLA coach: [297, 0] no player type for opponent 6. restart analysis.
CYRUS_VANILLA coach: [301, 0] no player type for opponent 3. restart analysis.
SPICA325 coach: [301, 0] updated clang capacity.
CYRUS_VANILLA coach: [301, 0] updated clang capacity.
SPICA325 coach: [304, 0] no player type for opponent 11. restart analysis.
SPICA325 coach: [307, 0] no player type for opponent 11. restart analysis.
CYRUS_VANILLA coach: [313, 0] no player type for opponent 6. restart analysis.
SPICA325 coach: [316, 0] no player type for opponent 11. restart analysis.
SPICA325 coach: [322, 0] no player type for opponent 9. restart analysis.
CYRUS_VANILLA coach: [323, 0] no player type for opponent 3. restart analysis.
CYRUS_VANILLA coach: [325, 0] no player type for opponent 3. restart analysis.
SPICA325 coach: [326, 0] no player type for opponent 11. restart analysis.
CYRUS_VANILLA coach: [326, 0] no player type for opponent 6. restart analysis.
CYRUS_VANILLA coach: [328, 0] no player type for opponent 3. restart analysis.
SPICA325 coach: [328, 0] no player type for opponent 11. restart analysis.
SPICA325 coach: [330, 0] no player type for opponent 11. restart analysis.
CYRUS_VANILLA coach: [333, 0] no player type for opponent 6. restart analysis.
CYRUS_VANILLA coach: [335, 0] no player type for opponent 6. restart analysis.
SPICA325 coach: [335, 0] no player type for opponent 9. restart analysis.
CYRUS_VANILLA coach: [336, 0] no player type for opponent 3. restart analysis.
CYRUS_VANILLA coach: [348, 0] no player type for opponent 6. restart analysis.
SPICA325 coach: [349, 0] no player type for opponent 9. restart analysis.
CYRUS_VANILLA coach: [352, 0] no player type for opponent 6. restart analysis.
SPICA325 coach: [353, 0] no player type for opponent 11. restart analysis.
SPICA325 coach: [357, 0] no player type for opponent 11. restart analysis.
SPICA325 coach: [358, 0] no player type for opponent 11. restart analysis.
SPICA325 coach: [359, 0] no player type for opponent 11. restart analysis.
SPICA325 coach: [360, 0] no player type for opponent 11. restart analysis.
SPICA325 coach: [361, 0] no player type for opponent 11. restart analysis.
CYRUS_VANILLA coach: [369, 0] no player type for opponent 3. restart analysis.
CYRUS_VANILLA coach: [371, 0] no player type for opponent 3. restart analysis.
CYRUS_VANILLA coach: [372, 0] no player type for opponent 3. restart analysis.
SPICA325 coach: [379, 0] no player type for opponent 11. restart analysis.
SPICA325 coach: [382, 0] no player type for opponent 11. restart analysis.
CYRUS_VANILLA coach: [385, 0] no player type for opponent 6. restart analysis.
CYRUS_VANILLA coach: [385, 0] no player type for opponent 3. restart analysis.
SPICA325 coach: [386, 0] no player type for opponent 9. restart analysis.
CYRUS_VANILLA coach: [392, 0] no player type for opponent 3. restart analysis.
CYRUS_VANILLA coach: [393, 0] no player type for opponent 3. restart analysis.
CYRUS_VANILLA coach: [395, 0] no player type for opponent 6. restart analysis.
CYRUS_VANILLA coach: [395, 0] no player type for opponent 3. restart analysis.
CYRUS_VANILLA coach: [396, 0] no player type for opponent 3. restart analysis.
SPICA325 coach: [399, 0] no player type for opponent 9. restart analysis.
CYRUS_VANILLA coach: [410, 0] no player type for opponent 3. restart analysis.
CYRUS_VANILLA coach: [414, 0] no player type for opponent 3. restart analysis.
CYRUS_VANILLA coach: [415, 0] no player type for opponent 6. restart analysis.
SPICA325 coach: [418, 0] no player type for opponent 9. restart analysis.
SPICA325 coach: [423, 0] no player type for opponent 9. restart analysis.
CYRUS_VANILLA coach: [431, 0] no player type for opponent 6. restart analysis.
CYRUS_VANILLA coach: [438, 0] no player type for opponent 6. restart analysis.
CYRUS_VANILLA coach: [439, 0] no player type for opponent 3. restart analysis.
CYRUS_VANILLA coach: [446, 0] no player type for opponent 3. restart analysis.
CYRUS_VANILLA coach: [448, 0] no player type for opponent 6. restart analysis.
CYRUS_VANILLA coach: [450, 0] no player type for opponent 6. restart analysis.
layerSize: 3
SPICA325 coach: [456, 0] no player type for opponent 9. restart analysis.
CYRUS_VANILLA coach: [456, 0] no player type for opponent 6. restart analysis.
CYRUS_VANILLA coach: [456, 0] no player type for opponent 3. restart analysis.
SPICA325 coach: [470, 0] no player type for opponent 9. restart analysis.
SPICA325 coach: [471, 0] no player type for opponent 9. restart analysis.
SPICA325 coach: [472, 0] no player type for opponent 9. restart analysis.
SPICA325 coach: [473, 0] no player type for opponent 9. restart analysis.
CYRUS_VANILLA coach: [477, 0] no player type for opponent 3. restart analysis.
CYRUS_VANILLA coach: [480, 0] no player type for opponent 3. restart analysis.
SPICA325 coach: [484, 0] no player type for opponent 11. restart analysis.
SPICA325 coach: [487, 0] no player type for opponent 11. restart analysis.
CYRUS_VANILLA coach: [487, 0] no player type for opponent 3. restart analysis.
SPICA325 coach: [489, 0] no player type for opponent 11. restart analysis.
CYRUS_VANILLA coach: [490, 0] no player type for opponent 3. restart analysis.
CYRUS_VANILLA coach: [498, 0] no player type for opponent 3. restart analysis.
SPICA325 coach: [500, 0] no player type for opponent 9. restart analysis.
CYRUS_VANILLA coach: [502, 0] no player type for opponent 6. restart analysis.
SPICA325 coach: [503, 0] no player type for opponent 9. restart analysis.
SPICA325 coach: [504, 0] no player type for opponent 9. restart analysis.
SPICA325 coach: [507, 0] no player type for opponent 9. restart analysis.
SPICA325 coach: [515, 0] no player type for opponent 11. restart analysis.
SPICA325 coach: [518, 0] no player type for opponent 11. restart analysis.
CYRUS_VANILLA coach: [519, 0] no player type for opponent 6. restart analysis.
SPICA325 coach: [523, 0] no player type for opponent 9. restart analysis.
CYRUS_VANILLA coach: [524, 0] no player type for opponent 6. restart analysis.
CYRUS_VANILLA coach: [531, 0] determined opponent 3 type = 14
CYRUS_VANILLA coach: [544, 0] no player type for opponent 6. restart analysis.
SPICA325 coach: [544, 0] no player type for opponent 9. restart analysis.
SPICA325 coach: [545, 0] no player type for opponent 9. restart analysis.
SPICA325 coach: [546, 0] no player type for opponent 9. restart analysis.
SPICA325 coach: [549, 0] no player type for opponent 9. restart analysis.
SPICA325 coach: [574, 0] no player type for opponent 9. restart analysis.
SPICA325 coach: [575, 0] no player type for opponent 9. restart analysis.
CYRUS_VANILLA coach: [576, 0] no player type for opponent 6. restart analysis.
CYRUS_VANILLA coach: [578, 0] no player type for opponent 6. restart analysis.
CYRUS_VANILLA coach: [579, 0] no player type for opponent 6. restart analysis.
CYRUS_VANILLA coach: [580, 0] no player type for opponent 6. restart analysis.
CYRUS_VANILLA coach: [582, 0] no player type for opponent 6. restart analysis.
SPICA325 coach: [585, 0] no player type for opponent 11. restart analysis.
CYRUS_VANILLA coach: [593, 0] no player type for opponent 6. restart analysis.
SPICA325 coach: [595, 0] no player type for opponent 11. restart analysis.
CYRUS_VANILLA coach: [597, 0] no player type for opponent 6. restart analysis.
SPICA325 coach: [598, 0] no player type for opponent 9. restart analysis.
CYRUS_VANILLA coach: [599, 0] no player type for opponent 6. restart analysis.
CYRUS_VANILLA coach: [601, 0] no player type for opponent 6. restart analysis.
SPICA325 coach: [601, 0] updated clang capacity.
CYRUS_VANILLA coach: [601, 0] updated clang capacity.
CYRUS_VANILLA coach: [608, 0] no player type for opponent 6. restart analysis.
CYRUS_VANILLA coach: [609, 0] no player type for opponent 6. restart analysis.
SPICA325 coach: [613, 0] no player type for opponent 9. restart analysis.
CYRUS_VANILLA coach: [615, 0] no player type for opponent 6. restart analysis.
SPICA325 coach: [616, 0] no player type for opponent 9. restart analysis.
CYRUS_VANILLA coach: [618, 0] no player type for opponent 6. restart analysis.
SPICA325 coach: [631, 0] no player type for opponent 9. restart analysis.
SPICA325 coach: [632, 0] no player type for opponent 9. restart analysis.
SPICA325 coach: [640, 0] no player type for opponent 11. restart analysis.
SPICA325 coach: [643, 0] no player type for opponent 11. restart analysis.
SPICA325 coach: [644, 0] no player type for opponent 11. restart analysis.
SPICA325 coach: [644, 0] no player type for opponent 9. restart analysis.
CYRUS_VANILLA coach: [645, 0] no player type for opponent 6. restart analysis.
SPICA325 coach: [647, 0] no player type for opponent 11. restart analysis.
SPICA325 coach: [647, 0] no player type for opponent 9. restart analysis.
SPICA325 coach: [649, 0] no player type for opponent 11. restart analysis.
SPICA325 coach: [657, 0] no player type for opponent 9. restart analysis.
SPICA325 coach: [658, 0] no player type for opponent 11. restart analysis.
SPICA325 coach: [661, 0] no player type for opponent 9. restart analysis.
SPICA325 coach: [663, 0] no player type for opponent 9. restart analysis.
SPICA325 coach: [664, 0] no player type for opponent 9. restart analysis.
SPICA325 coach: [667, 0] no player type for opponent 11. restart analysis.
CYRUS_VANILLA coach: [668, 0] no player type for opponent 6. restart analysis.
SPICA325 coach: [691, 0] no player type for opponent 11. restart analysis.
SPICA325 coach: [691, 0] sent freeform (player_types (1 0)(2 13)(3 14)(4 1)(5 6)(6 9)(7 5)(8 3)(9 -1)(10 2)(11 -1))
SPICA325 coach: [691, 0] freeform 1 / 128
CYRUS_VANILLA coach: [691, 0] sent freeform (player_types (1 0)(2 13)(3 14)(4 1)(5 6)(6 -1)(7 5)(8 3)(9 15)(10 2)(11 11))
CYRUS_VANILLA coach: [691, 0] freeform 1 / 128
SPICA325 coach: [692, 0] no player type for opponent 11. restart analysis.
CYRUS_VANILLA coach: [693, 0] no player type for opponent 6. restart analysis.
SPICA325 coach: [694, 0] no player type for opponent 9. restart analysis.
SPICA325 coach: [696, 0] no player type for opponent 9. restart analysis.
CYRUS_VANILLA coach: [696, 0] no player type for opponent 6. restart analysis.
SPICA325 coach: [709, 0] no player type for opponent 9. restart analysis.
SPICA325 coach: [734, 0] no player type for opponent 11. restart analysis.
CYRUS_VANILLA coach: [734, 0] no player type for opponent 6. restart analysis.
CYRUS_VANILLA coach: [736, 0] no player type for opponent 6. restart analysis.
CYRUS_VANILLA coach: [766, 0] no player type for opponent 6. restart analysis.
CYRUS_VANILLA coach: [768, 0] no player type for opponent 6. restart analysis.
CYRUS_VANILLA coach: [769, 0] no player type for opponent 6. restart analysis.
SPICA325 coach: [770, 0] no player type for opponent 11. restart analysis.
CYRUS_VANILLA coach: [770, 0] no player type for opponent 6. restart analysis.
CYRUS_VANILLA coach: [772, 0] no player type for opponent 6. restart analysis.
CYRUS_VANILLA coach: [775, 0] no player type for opponent 6. restart analysis.
CYRUS_VANILLA coach: [780, 0] no player type for opponent 6. restart analysis.
CYRUS_VANILLA coach: [781, 0] no player type for opponent 6. restart analysis.
CYRUS_VANILLA coach: [795, 0] no player type for opponent 6. restart analysis.
SPICA325 coach: [797, 0] no player type for opponent 11. restart analysis.
CYRUS_VANILLA coach: [798, 0] no player type for opponent 6. restart analysis.
CYRUS_VANILLA coach: [802, 0] no player type for opponent 6. restart analysis.
SPICA325 coach: [803, 0] no player type for opponent 11. restart analysis.
SPICA325 coach: [807, 0] no player type for opponent 9. restart analysis.
SPICA325 coach: [808, 0] no player type for opponent 11. restart analysis.
SPICA325 coach: [810, 0] no player type for opponent 9. restart analysis.
CYRUS_VANILLA coach: [812, 0] no player type for opponent 6. restart analysis.
SPICA325 coach: [822, 0] no player type for opponent 11. restart analysis.
SPICA325 coach: [822, 0] no player type for opponent 9. restart analysis.
SPICA325 coach: [825, 0] no player type for opponent 9. restart analysis.
SPICA325 coach: [826, 0] no player type for opponent 11. restart analysis.
SPICA325 coach: [826, 0] no player type for opponent 9. restart analysis.
CYRUS_VANILLA coach: [827, 0] no player type for opponent 6. restart analysis.
SPICA325 coach: [827, 0] no player type for opponent 11. restart analysis.
SPICA325 coach: [827, 0] no player type for opponent 9. restart analysis.
SPICA325 coach: [830, 0] no player type for opponent 9. restart analysis.
SPICA325 coach: [901, 0] updated clang capacity.
CYRUS_VANILLA coach: [901, 0] updated clang capacity.
SPICA325 coach: [928, 0] determined opponent 9 type = 15
CYRUS_VANILLA coach: [928, 0] no player type for opponent 6. restart analysis.
SPICA325 coach: [930, 0] no player type for opponent 11. restart analysis.
SPICA325 coach: [931, 0] no player type for opponent 11. restart analysis.
SPICA325 coach: [932, 0] no player type for opponent 11. restart analysis.
SPICA325 coach: [933, 0] no player type for opponent 11. restart analysis.
SPICA325 coach: [935, 0] no player type for opponent 11. restart analysis.
CYRUS_VANILLA coach: [935, 0] no player type for opponent 6. restart analysis.
CYRUS_VANILLA coach: [936, 0] no player type for opponent 6. restart analysis.
CYRUS_VANILLA coach: [947, 0] no player type for opponent 6. restart analysis.
SPICA325 coach: [948, 0] no player type for opponent 11. restart analysis.
CYRUS_VANILLA coach: [960, 0] no player type for opponent 6. restart analysis.
CYRUS_VANILLA coach: [961, 0] no player type for opponent 6. restart analysis.
CYRUS_VANILLA coach: [965, 0] no player type for opponent 6. restart analysis.
CYRUS_VANILLA coach: [966, 0] no player type for opponent 6. restart analysis.
CYRUS_VANILLA coach: [967, 0] no player type for opponent 6. restart analysis.
CYRUS_VANILLA coach: [968, 0] no player type for opponent 6. restart analysis.
CYRUS_VANILLA coach: [970, 0] no player type for opponent 6. restart analysis.
CYRUS_VANILLA coach: [974, 0] no player type for opponent 6. restart analysis.
CYRUS_VANILLA coach: [978, 0] no player type for opponent 6. restart analysis.
SPICA325 coach: [984, 0] no player type for opponent 11. restart analysis.
CYRUS_VANILLA coach: [984, 0] no player type for opponent 6. restart analysis.
CYRUS_VANILLA coach: [990, 0] no player type for opponent 6. restart analysis.
SPICA325 9: [992, 0] lost kick by foul at [992, 0] sense=28 internal=29
SPICA325 coach: [992, 1] sent freeform (player_types (1 0)(2 13)(3 14)(4 1)(5 6)(6 9)(7 5)(8 3)(9 15)(10 2)(11 -1))
SPICA325 coach: [992, 1] freeform 2 / 128
SPICA325 coach: [1091, 0] no player type for opponent 11. restart analysis.
SPICA325 coach: [1101, 0] no player type for opponent 11. restart analysis.
SPICA325 coach: [1104, 0] no player type for opponent 11. restart analysis.
SPICA325 coach: [1108, 0] no player type for opponent 11. restart analysis.
SPICA325 9: [1112, 0] lost kick by foul at [1112, 0] sense=28 internal=29
SPICA325 coach: [1113, 0] no player type for opponent 11. restart analysis.
SPICA325 coach: [1201, 0] updated clang capacity.
CYRUS_VANILLA coach: [1201, 0] updated clang capacity.
SPICA325 coach: [1223, 0] no player type for opponent 11. restart analysis.
CYRUS_VANILLA coach: [1224, 0] no player type for opponent 6. restart analysis.
CYRUS_VANILLA coach: [1225, 0] no player type for opponent 6. restart analysis.
SPICA325 coach: [1231, 0] no player type for opponent 11. restart analysis.
SPICA325 9: [1234, 0] lost kick by foul at [1234, 0] sense=29 internal=30
SPICA325 coach: [1338, 0] no player type for opponent 11. restart analysis.
SPICA325 coach: [1340, 0] no player type for opponent 11. restart analysis.
SPICA325 coach: [1342, 0] no player type for opponent 11. restart analysis.
SPICA325 coach: [1345, 0] no player type for opponent 11. restart analysis.
SPICA325 coach: [1348, 0] no player type for opponent 11. restart analysis.
SPICA325 coach: [1349, 0] no player type for opponent 11. restart analysis.
CYRUS_VANILLA coach: [1352, 0] no player type for opponent 6. restart analysis.
SPICA325 coach: [1354, 0] no player type for opponent 11. restart analysis.
CYRUS_VANILLA coach: [1355, 0] no player type for opponent 6. restart analysis.
SPICA325 coach: [1356, 0] no player type for opponent 11. restart analysis.
CYRUS_VANILLA coach: [1367, 0] no player type for opponent 6. restart analysis.
CYRUS_VANILLA coach: [1370, 0] no player type for opponent 6. restart analysis.
CYRUS_VANILLA coach: [1375, 0] no player type for opponent 6. restart analysis.
CYRUS_VANILLA coach: [1377, 0] no player type for opponent 6. restart analysis.
SPICA325 coach: [1380, 0] no player type for opponent 11. restart analysis.
CYRUS_VANILLA coach: [1393, 0] no player type for opponent 6. restart analysis.
SPICA325 coach: [1395, 0] no player type for opponent 11. restart analysis.
SPICA325 coach: [1475, 0] no player type for opponent 11. restart analysis.
CYRUS_VANILLA coach: [1478, 0] no player type for opponent 6. restart analysis.
SPICA325 coach: [1478, 0] no player type for opponent 11. restart analysis.
CYRUS_VANILLA coach: [1490, 0] no player type for opponent 6. restart analysis.
CYRUS_VANILLA coach: [1495, 0] no player type for opponent 6. restart analysis.
CYRUS_VANILLA coach: [1496, 0] no player type for opponent 6. restart analysis.
CYRUS_VANILLA coach: [1501, 0] updated clang capacity.
SPICA325 coach: [1501, 0] updated clang capacity.
SPICA325 coach: [1505, 0] no player type for opponent 11. restart analysis.
SPICA325 coach: [1507, 0] no player type for opponent 11. restart analysis.
SPICA325 coach: [1510, 0] no player type for opponent 11. restart analysis.
SPICA325 coach: [1512, 0] no player type for opponent 11. restart analysis.
CYRUS_VANILLA coach: [1515, 0] no player type for opponent 6. restart analysis.
CYRUS_VANILLA coach: [1517, 0] no player type for opponent 6. restart analysis.
SPICA325 coach: [1522, 0] determined opponent 11 type = 11
CYRUS_VANILLA coach: [1522, 0] no player type for opponent 6. restart analysis.
CYRUS_VANILLA coach: [1527, 0] no player type for opponent 6. restart analysis.
CYRUS_VANILLA coach: [1533, 0] no player type for opponent 6. restart analysis.
CYRUS_VANILLA coach: [1567, 0] no player type for opponent 6. restart analysis.
CYRUS_VANILLA coach: [1570, 0] no player type for opponent 6. restart analysis.
CYRUS_VANILLA coach: [1573, 0] no player type for opponent 6. restart analysis.
CYRUS_VANILLA coach: [1576, 0] no player type for opponent 6. restart analysis.
CYRUS_VANILLA coach: [1578, 0] no player type for opponent 6. restart analysis.
CYRUS_VANILLA coach: [1624, 0] no player type for opponent 6. restart analysis.
CYRUS_VANILLA coach: [1625, 0] no player type for opponent 6. restart analysis.
CYRUS_VANILLA coach: [1626, 0] no player type for opponent 6. restart analysis.
CYRUS_VANILLA coach: [1637, 0] no player type for opponent 6. restart analysis.
CYRUS_VANILLA coach: [1638, 0] no player type for opponent 6. restart analysis.
CYRUS_VANILLA coach: [1644, 0] no player type for opponent 6. restart analysis.
CYRUS_VANILLA coach: [1653, 0] no player type for opponent 6. restart analysis.
CYRUS_VANILLA coach: [1669, 0] no player type for opponent 6. restart analysis.
CYRUS_VANILLA coach: [1670, 0] no player type for opponent 6. restart analysis.
CYRUS_VANILLA coach: [1679, 0] no player type for opponent 6. restart analysis.
CYRUS_VANILLA coach: [1692, 0] no player type for opponent 6. restart analysis.
CYRUS_VANILLA coach: [1696, 0] no player type for opponent 6. restart analysis.
CYRUS_VANILLA coach: [1715, 0] no player type for opponent 6. restart analysis.
CYRUS_VANILLA coach: [1717, 0] no player type for opponent 6. restart analysis.
CYRUS_VANILLA coach: [1785, 0] no player type for opponent 6. restart analysis.
CYRUS_VANILLA coach: [1786, 0] no player type for opponent 6. restart analysis.
CYRUS_VANILLA coach: [1790, 0] no player type for opponent 6. restart analysis.
CYRUS_VANILLA coach: [1794, 0] no player type for opponent 6. restart analysis.
CYRUS_VANILLA coach: [1795, 0] no player type for opponent 6. restart analysis.
CYRUS_VANILLA coach: [1799, 0] no player type for opponent 6. restart analysis.
CYRUS_VANILLA coach: [1801, 0] updated clang capacity.
SPICA325 coach: [1801, 0] updated clang capacity.
CYRUS_VANILLA coach: [1813, 0] no player type for opponent 6. restart analysis.
CYRUS_VANILLA coach: [1816, 0] no player type for opponent 6. restart analysis.
CYRUS_VANILLA coach: [1818, 0] no player type for opponent 6. restart analysis.
CYRUS_VANILLA coach: [1819, 0] no player type for opponent 6. restart analysis.
3 [1823, 0] no ball position cache.
3 [1823, 0] no ball position cache.
3 [1823, 0] Interecet Self cache is empty!
CYRUS_VANILLA coach: [1824, 0] no player type for opponent 6. restart analysis.
CYRUS_VANILLA coach: [1831, 0] no player type for opponent 6. restart analysis.
CYRUS_VANILLA coach: [1832, 0] no player type for opponent 6. restart analysis.
CYRUS_VANILLA coach: [1835, 0] no player type for opponent 6. restart analysis.
CYRUS_VANILLA coach: [1842, 0] no player type for opponent 6. restart analysis.
CYRUS_VANILLA coach: [1846, 0] no player type for opponent 6. restart analysis.
SPICA325 11: [1848, 0] lost kick? at [1848, 0] sense=28 internal=29
CYRUS_VANILLA coach: [1884, 0] no player type for opponent 6. restart analysis.
CYRUS_VANILLA coach: [1886, 0] no player type for opponent 6. restart analysis.
CYRUS_VANILLA coach: [1898, 0] no player type for opponent 6. restart analysis.
SPICA325 coach: [1951, 0] sent freeform (player_types (1 0)(2 13)(3 14)(4 1)(5 6)(6 9)(7 5)(8 3)(9 15)(10 2)(11 11))
SPICA325 coach: [1951, 0] freeform 3 / 128
CYRUS_VANILLA coach: [2053, 0] no player type for opponent 6. restart analysis.
CYRUS_VANILLA coach: [2061, 0] no player type for opponent 6. restart analysis.
CYRUS_VANILLA coach: [2063, 0] no player type for opponent 6. restart analysis.
CYRUS_VANILLA coach: [2089, 0] no player type for opponent 6. restart analysis.
CYRUS_VANILLA coach: [2090, 0] no player type for opponent 6. restart analysis.
CYRUS_VANILLA coach: [2099, 0] no player type for opponent 6. restart analysis.
CYRUS_VANILLA coach: [2101, 0] updated clang capacity.
SPICA325 coach: [2101, 0] updated clang capacity.
CYRUS_VANILLA coach: [2121, 0] no player type for opponent 6. restart analysis.
CYRUS_VANILLA 8: [2123, 0] lost kick by foul at [2123, 0] sense=21 internal=22
CYRUS_VANILLA coach: [2201, 0] no player type for opponent 6. restart analysis.
CYRUS_VANILLA coach: [2203, 0] no player type for opponent 6. restart analysis.
CYRUS_VANILLA coach: [2204, 0] no player type for opponent 6. restart analysis.
CYRUS_VANILLA coach: [2211, 0] no player type for opponent 6. restart analysis.
CYRUS_VANILLA coach: [2213, 0] no player type for opponent 6. restart analysis.
CYRUS_VANILLA coach: [2218, 0] no player type for opponent 6. restart analysis.
CYRUS_VANILLA coach: [2223, 0] no player type for opponent 6. restart analysis.
CYRUS_VANILLA coach: [2226, 0] no player type for opponent 6. restart analysis.
CYRUS_VANILLA coach: [2233, 0] no player type for opponent 6. restart analysis.
CYRUS_VANILLA coach: [2238, 0] no player type for opponent 6. restart analysis.
CYRUS_VANILLA coach: [2240, 0] no player type for opponent 6. restart analysis.
CYRUS_VANILLA coach: [2262, 0] no player type for opponent 6. restart analysis.
CYRUS_VANILLA coach: [2268, 0] no player type for opponent 6. restart analysis.
CYRUS_VANILLA coach: [2269, 0] no player type for opponent 6. restart analysis.
CYRUS_VANILLA coach: [2274, 0] no player type for opponent 6. restart analysis.
CYRUS_VANILLA coach: [2277, 0] no player type for opponent 6. restart analysis.
CYRUS_VANILLA 11: [2283, 0]  WARNING. no turn_neck.
CYRUS_VANILLA 11: [2284, 0]  WARNING. no turn_neck.
CYRUS_VANILLA 11: [2285, 0]  WARNING. no turn_neck.
CYRUS_VANILLA 11: [2286, 0]  WARNING. no turn_neck.
CYRUS_VANILLA 11: [2287, 0]  WARNING. no turn_neck.
CYRUS_VANILLA 11: [2288, 0]  WARNING. no turn_neck.
CYRUS_VANILLA coach: [2291, 0] no player type for opponent 6. restart analysis.
CYRUS_VANILLA coach: [2293, 0] no player type for opponent 6. restart analysis.
CYRUS_VANILLA coach: [2326, 0] no player type for opponent 6. restart analysis.
SPICA325 coach: [2401, 0] updated clang capacity.
CYRUS_VANILLA coach: [2401, 0] updated clang capacity.
CYRUS_VANILLA coach: [2402, 0] no player type for opponent 6. restart analysis.
CYRUS_VANILLA coach: [2408, 0] no player type for opponent 6. restart analysis.
CYRUS_VANILLA coach: [2409, 0] no player type for opponent 6. restart analysis.
CYRUS_VANILLA coach: [2527, 0] no player type for opponent 6. restart analysis.
CYRUS_VANILLA coach: [2549, 0] no player type for opponent 6. restart analysis.
CYRUS_VANILLA coach: [2551, 0] no player type for opponent 6. restart analysis.
CYRUS_VANILLA coach: [2661, 0] no player type for opponent 6. restart analysis.
CYRUS_VANILLA coach: [2662, 0] no player type for opponent 6. restart analysis.
CYRUS_VANILLA coach: [2665, 0] no player type for opponent 6. restart analysis.
CYRUS_VANILLA coach: [2668, 0] no player type for opponent 6. restart analysis.
CYRUS_VANILLA coach: [2669, 0] no player type for opponent 6. restart analysis.
CYRUS_VANILLA coach: [2672, 0] no player type for opponent 6. restart analysis.
CYRUS_VANILLA coach: [2673, 0] no player type for opponent 6. restart analysis.
CYRUS_VANILLA coach: [2678, 0] no player type for opponent 6. restart analysis.
CYRUS_VANILLA coach: [2686, 0] no player type for opponent 6. restart analysis.
CYRUS_VANILLA coach: [2691, 0] no player type for opponent 6. restart analysis.
CYRUS_VANILLA coach: [2695, 0] no player type for opponent 6. restart analysis.
CYRUS_VANILLA coach: [2696, 0] no player type for opponent 6. restart analysis.
CYRUS_VANILLA coach: [2697, 0] no player type for opponent 6. restart analysis.
CYRUS_VANILLA coach: [2698, 0] no player type for opponent 6. restart analysis.
CYRUS_VANILLA coach: [2699, 0] no player type for opponent 6. restart analysis.
SPICA325 coach: [2701, 0] updated clang capacity.
CYRUS_VANILLA coach: [2701, 0] updated clang capacity.
CYRUS_VANILLA coach: [2704, 0] no player type for opponent 6. restart analysis.
CYRUS_VANILLA coach: [2714, 0] no player type for opponent 6. restart analysis.
CYRUS_VANILLA coach: [2716, 0] no player type for opponent 6. restart analysis.
CYRUS_VANILLA coach: [2724, 0] no player type for opponent 6. restart analysis.
CYRUS_VANILLA coach: [2725, 0] no player type for opponent 6. restart analysis.
CYRUS_VANILLA coach: [2738, 0] no player type for opponent 6. restart analysis.
CYRUS_VANILLA coach: [2741, 0] no player type for opponent 6. restart analysis.
CYRUS_VANILLA coach: [2742, 0] no player type for opponent 6. restart analysis.
CYRUS_VANILLA coach: [2763, 0] no player type for opponent 6. restart analysis.
CYRUS_VANILLA coach: [2771, 0] no player type for opponent 6. restart analysis.
CYRUS_VANILLA coach: [2772, 0] no player type for opponent 6. restart analysis.
CYRUS_VANILLA coach: [2774, 0] no player type for opponent 6. restart analysis.
CYRUS_VANILLA coach: [2784, 0] no player type for opponent 6. restart analysis.
CYRUS_VANILLA coach: [2786, 0] no player type for opponent 6. restart analysis.
CYRUS_VANILLA coach: [2791, 0] no player type for opponent 6. restart analysis.
CYRUS_VANILLA coach: [2800, 0] no player type for opponent 6. restart analysis.
CYRUS_VANILLA coach: [2802, 0] no player type for opponent 6. restart analysis.
CYRUS_VANILLA coach: [2807, 0] no player type for opponent 6. restart analysis.
CYRUS_VANILLA coach: [2813, 0] no player type for opponent 6. restart analysis.
CYRUS_VANILLA coach: [2814, 0] no player type for opponent 6. restart analysis.
CYRUS_VANILLA coach: [2824, 0] no player type for opponent 6. restart analysis.
CYRUS_VANILLA coach: [2827, 0] no player type for opponent 6. restart analysis.
CYRUS_VANILLA coach: [2829, 0] no player type for opponent 6. restart analysis.
CYRUS_VANILLA coach: [2830, 0] no player type for opponent 6. restart analysis.
CYRUS_VANILLA coach: [2840, 0] no player type for opponent 6. restart analysis.
CYRUS_VANILLA coach: [2841, 0] no player type for opponent 6. restart analysis.
CYRUS_VANILLA coach: [2842, 0] no player type for opponent 6. restart analysis.
CYRUS_VANILLA coach: [2846, 0] no player type for opponent 6. restart analysis.
CYRUS_VANILLA coach: [2848, 0] no player type for opponent 6. restart analysis.
CYRUS_VANILLA coach: [2849, 0] no player type for opponent 6. restart analysis.
CYRUS_VANILLA coach: [2860, 0] no player type for opponent 6. restart analysis.
CYRUS_VANILLA coach: [2884, 0] no player type for opponent 6. restart analysis.
CYRUS_VANILLA coach: [2893, 0] no player type for opponent 6. restart analysis.
CYRUS_VANILLA coach: [2897, 0] no player type for opponent 6. restart analysis.
CYRUS_VANILLA coach: [2899, 0] no player type for opponent 6. restart analysis.
CYRUS_VANILLA coach: [2904, 0] no player type for opponent 6. restart analysis.
CYRUS_VANILLA coach: [2905, 0] no player type for opponent 6. restart analysis.
CYRUS_VANILLA coach: [2906, 0] no player type for opponent 6. restart analysis.
CYRUS_VANILLA coach: [2907, 0] no player type for opponent 6. restart analysis.
CYRUS_VANILLA coach: [2915, 0] no player type for opponent 6. restart analysis.
CYRUS_VANILLA coach: [2916, 0] no player type for opponent 6. restart analysis.
CYRUS_VANILLA coach: [2917, 0] no player type for opponent 6. restart analysis.
CYRUS_VANILLA coach: [2918, 0] no player type for opponent 6. restart analysis.
CYRUS_VANILLA coach: [2920, 0] no player type for opponent 6. restart analysis.
CYRUS_VANILLA coach: [2921, 0] no player type for opponent 6. restart analysis.
CYRUS_VANILLA coach: [2930, 0] no player type for opponent 6. restart analysis.
CYRUS_VANILLA coach: [2940, 0] no player type for opponent 6. restart analysis.
CYRUS_VANILLA 9: [2974, 0] lost kick by foul at [2974, 0] sense=91 internal=92
Waiting to kick off
Kick_off_right
CYRUS_VANILLA coach: [3001, 0] updated clang capacity.
SPICA325 coach: [3001, 0] updated clang capacity.
CYRUS_VANILLA coach: [3095, 0] no player type for opponent 6. restart analysis.
CYRUS_VANILLA coach: [3116, 0] no player type for opponent 6. restart analysis.
CYRUS_VANILLA coach: [3128, 0] no player type for opponent 6. restart analysis.
CYRUS_VANILLA coach: [3139, 0] no player type for opponent 6. restart analysis.
CYRUS_VANILLA coach: [3154, 0] no player type for opponent 6. restart analysis.
CYRUS_VANILLA coach: [3225, 0] no player type for opponent 6. restart analysis.
CYRUS_VANILLA coach: [3228, 0] no player type for opponent 6. restart analysis.
CYRUS_VANILLA coach: [3259, 0] no player type for opponent 6. restart analysis.
CYRUS_VANILLA coach: [3261, 0] no player type for opponent 6. restart analysis.
CYRUS_VANILLA coach: [3262, 0] no player type for opponent 6. restart analysis.
CYRUS_VANILLA coach: [3263, 0] no player type for opponent 6. restart analysis.
CYRUS_VANILLA coach: [3273, 0] no player type for opponent 6. restart analysis.
CYRUS_VANILLA coach: [3276, 0] no player type for opponent 6. restart analysis.
CYRUS_VANILLA coach: [3278, 0] no player type for opponent 6. restart analysis.
CYRUS_VANILLA coach: [3279, 0] no player type for opponent 6. restart analysis.
CYRUS_VANILLA coach: [3282, 0] no player type for opponent 6. restart analysis.
SPICA325 coach: [3301, 0] updated clang capacity.
CYRUS_VANILLA coach: [3301, 0] updated clang capacity.
CYRUS_VANILLA coach: [3307, 0] no player type for opponent 6. restart analysis.
CYRUS_VANILLA coach: [3308, 0] no player type for opponent 6. restart analysis.
CYRUS_VANILLA coach: [3311, 0] no player type for opponent 6. restart analysis.
CYRUS_VANILLA coach: [3314, 0] no player type for opponent 6. restart analysis.
CYRUS_VANILLA coach: [3316, 0] no player type for opponent 6. restart analysis.
CYRUS_VANILLA coach: [3319, 0] no player type for opponent 6. restart analysis.
CYRUS_VANILLA coach: [3323, 0] no player type for opponent 6. restart analysis.
CYRUS_VANILLA coach: [3326, 0] determined opponent 6 type = 9
CYRUS_VANILLA 6: [3383, 0]  WARNING. no body command.
CYRUS_VANILLA 11: [3450, 0]  WARNING. no turn_neck.
CYRUS_VANILLA coach: [3601, 0] updated clang capacity.
SPICA325 coach: [3601, 0] updated clang capacity.
CYRUS_VANILLA coach: [3785, 1] sent freeform (player_types (1 0)(2 13)(3 14)(4 1)(5 6)(6 9)(7 5)(8 3)(9 15)(10 2)(11 11))
CYRUS_VANILLA coach: [3785, 1] freeform 2 / 128
CYRUS_VANILLA coach: [3901, 0] updated clang capacity.
SPICA325 coach: [3901, 0] updated clang capacity.
SPICA325 coach: [4201, 0] updated clang capacity.
CYRUS_VANILLA coach: [4201, 0] updated clang capacity.
SPICA325 10: [4281, 0] lost kick by foul at [4281, 0] sense=48 internal=49
SPICA325 coach: [4501, 0] updated clang capacity.
CYRUS_VANILLA coach: [4501, 0] updated clang capacity.
CYRUS_VANILLA 10: [4630, 0]  WARNING. no body command.
CYRUS_VANILLA coach: [4801, 0] updated clang capacity.
SPICA325 coach: [4801, 0] updated clang capacity.
CYRUS_VANILLA 9: [4846, 0] lost kick by foul at [4846, 0] sense=182 internal=183
SPICA325 11: [5009, 0] lost kick by foul at [5009, 0] sense=73 internal=74
CYRUS_VANILLA coach: [5101, 0] updated clang capacity.
SPICA325 coach: [5101, 0] updated clang capacity.
9 [5255, 0] no ball position cache.
9 [5255, 0] no ball position cache.
9 [5255, 0] Interecet Self cache is empty!
SPICA325 coach: [5401, 0] updated clang capacity.
CYRUS_VANILLA coach: [5401, 0] updated clang capacity.
CYRUS_VANILLA coach: [5701, 0] updated clang capacity.
SPICA325 coach: [5701, 0] updated clang capacity.
SPICA325 coach: change player 4 to type 4
CYRUS_VANILLA coach: [5900, 0] no player type for opponent 4. restart analysis.
CYRUS_VANILLA coach: [5901, 0] no player type for opponent 4. restart analysis.
SPICA325 coach: change player 8 to type 7
CYRUS_VANILLA coach: [5998, 0] no player type for opponent 4. restart analysis.
CYRUS_VANILLA coach: finished.
CYRUS_VANILLA 4: finished.
SPICA325 9: finished.
CYRUS_VANILLA 9: finished.
SPICA325 1: finished.
SPICA325 3: finished.
CYRUS_VANILLA 5: finished.
Waiting after end of match
remoteclient.cpp: 149: Error sending to socket: Bad file descriptor
msg = [(think)]
remoteclient.cpp: 149: Error sending to socket: Bad file descriptor
msg = [(think)]
remoteclient.cpp: 149: Error sending to socket: Bad file descriptor
msg = [(think)]
CYRUS_VANILLA 8: finished.
SPICA325 4: finished.
SPICA325 7: finished.
CYRUS_VANILLA 1: finished.
SPICA325 6: finished.
CYRUS_VANILLA 11: finished.
CYRUS_VANILLA 3: finished.
CYRUS_VANILLA 7: [6000, 0]  WARNING. no turn_neck.
CYRUS_VANILLA 7: finished.
CYRUS_VANILLA 2: finished.
SPICA325 5: finished.
SPICA325 2: finished.
CYRUS_VANILLA 6: finished.
SPICA325 11: finished.
CYRUS_VANILLA 10: finished.
SPICA325 coach: [6000, 0] new freeform allowed 256
SPICA325 coach: finished.
SPICA325 10: finished.
SPICA325 8: finished.
A player disconnected : (SPICA325 3)
A player disconnected : (CYRUS_VANILLA 8)
A player disconnected : (CYRUS_VANILLA 5)
An online coach disconnected : (CYRUS_VANILLA)
A player disconnected : (CYRUS_VANILLA 4)
A player disconnected : (SPICA325 1)
A player disconnected : (CYRUS_VANILLA 9)
A player disconnected : (SPICA325 9)
A player disconnected : (SPICA325 4)
A player disconnected : (SPICA325 7)
A player disconnected : (CYRUS_VANILLA 7)
A player disconnected : (CYRUS_VANILLA 11)
A player disconnected : (CYRUS_VANILLA 3)
A player disconnected : (CYRUS_VANILLA 1)
A player disconnected : (SPICA325 6)
A player disconnected : (CYRUS_VANILLA 2)
A player disconnected : (SPICA325 5)
A player disconnected : (SPICA325 2)
A player disconnected : (SPICA325 11)
A player disconnected : (CYRUS_VANILLA 10)
A player disconnected : (CYRUS_VANILLA 6)
An online coach disconnected : (SPICA325)
A player disconnected : (SPICA325 10)
A player disconnected : (SPICA325 8)
Killing 2749
Killing 2762

Game Over. Exiting...

Saving Results:
	CSVSaver: saving...
	CSVSaver: ...disabled
	STDOutSaver: saving...

Game Results:
	2026-06-27 08:39:27
	'SPICA325' vs 'CYRUS_VANILLA'
	Score: 0 - 2
 
	STDOutSaver: ...saved

Saving Results Complete
