rcssserver-19.0.0

Copyright (C) 1995, 1996, 1997, 1998, 1999 Electrotechnical Laboratory.
2000 - RoboCup Soccer Simulator Maintenance Group.

Simulator Random Seed: 1782552783
CSVSaver: Ready
STDOutSaver: Ready
Using simulator's random seed as Hetero Player Seed: 1782552783
******************************************************************
 HELIOS base
 Created by Hidehisa Akiyama and Hiroki Shimora
 Copyright 2000-2007.  Hidehisa Akiyama
 Copyright 2007-2011.  Hidehisa Akiyama and Hiroki Shimora
 All rights reserved.
******************************************************************
PING localhost (127.0.0.1) 56(84) bytes of data.
64 bytes from localhost (127.0.0.1): icmp_seq=1 ttl=64 time=0.100 ms

--- localhost ping statistics ---
1 packets transmitted, 1 received, 0% packet loss, time 0ms
rtt min/avg/max/mdev = 0.100/0.100/0.100/0.000 ms
******************************************************************
 librcsc 
 Copyright 2000 - 2007. Hidehisa Akiyama.
 Copyright 2007 - 2011. Hidehisa Akiyama and Hiroki Shimora
 Copyright 2011 -  Hidehisa Akiyama, Hiroki Shimora
   Takuya Fukushima (2019-)
 All rights reserved.
******************************************************************
*****************************************************************
 This program is based on agent2d created by Hidehisa Akiyama.
 Copyright 2006 - 2011. Hidehisa Akiyama and Hiroki Shimora.
 All rights reserved.
*****************************************************************
SPICA325: init ok.  unum: 1 side: l
SPICA325 1: [-1, 0] (v18+) force synch see mode.
wind factor: rand: 0.000000, vector: (0.000000, 0.000000)

Hit CTRL-C to exit
Starting "/bin/sh -c scripts/team_launchers/spica325_left.sh"
Waiting for players to connect
A new (v18) player (SPICA325 1) connected.
******************************************************************
 HELIOS base
 Created by Hidehisa Akiyama and Hiroki Shimora
 Copyright 2000-2007.  Hidehisa Akiyama
 Copyright 2007-2011.  Hidehisa Akiyama and Hiroki Shimora
 All rights reserved.
******************************************************************
PING localhost (127.0.0.1) 56(84) bytes of data.
64 bytes from localhost (127.0.0.1): icmp_seq=1 ttl=64 time=0.025 ms

--- localhost ping statistics ---
1 packets transmitted, 1 received, 0% packet loss, time 0ms
rtt min/avg/max/mdev = 0.025/0.025/0.025/0.000 ms
******************************************************************
 librcsc 
 Copyright 2000 - 2007. Hidehisa Akiyama.
 Copyright 2007 - 2011. Hidehisa Akiyama and Hiroki Shimora
 Copyright 2011 -  Hidehisa Akiyama, Hiroki Shimora
   Takuya Fukushima (2019-)
 All rights reserved.
******************************************************************
SPICA325 1:  KickTable created.
SPICA325 1: [-1, 0] set synch see mode.
*****************************************************************
 This program is based on agent2d created by Hidehisa Akiyama.
 Copyright 2006 - 2011. Hidehisa Akiyama and Hiroki Shimora.
 All rights reserved.
*****************************************************************
CYRUS_VANILLA: init ok.  unum: 1 side: r
CYRUS_VANILLA 1: [-1, 0] (v18+) force synch see mode.
Starting "/bin/sh -c scripts/team_launchers/cyrus_vanilla_right.sh"
A new (v18) player (CYRUS_VANILLA 1) connected.
CYRUS_VANILLA 1:  KickTable created.
CYRUS_VANILLA 1: [-1, 0] set synch see mode.
Read Setting: ./data/settings/Other.json
Read Setting: ./data/settings/Other.json
******************************************************************
 librcsc 
 Copyright 2000 - 2007. Hidehisa Akiyama.
 Copyright 2007 - 2011. Hidehisa Akiyama and Hiroki Shimora
 Copyright 2011 -  Hidehisa Akiyama, Hiroki Shimora
   Takuya Fukushima (2019-)
 All rights reserved.
******************************************************************
******************************************************************
 librcsc 
 Copyright 2000 - 2007. Hidehisa Akiyama.
 Copyright 2007 - 2011. Hidehisa Akiyama and Hiroki Shimora
 Copyright 2011 -  Hidehisa Akiyama, Hiroki Shimora
   Takuya Fukushima (2019-)
 All rights reserved.
******************************************************************
******************************************************************
 librcsc 
 Copyright 2000 - 2007. Hidehisa Akiyama.
 Copyright 2007 - 2011. Hidehisa Akiyama and Hiroki Shimora
 Copyright 2011 -  Hidehisa Akiyama, Hiroki Shimora
   Takuya Fukushima (2019-)
 All rights reserved.
******************************************************************
******************************************************************
 librcsc 
 Copyright 2000 - 2007. Hidehisa Akiyama.
 Copyright 2007 - 2011. Hidehisa Akiyama and Hiroki Shimora
 Copyright 2011 -  Hidehisa Akiyama, Hiroki Shimora
   Takuya Fukushima (2019-)
 All rights reserved.
******************************************************************
******************************************************************
 librcsc 
 Copyright 2000 - 2007. Hidehisa Akiyama.
 Copyright 2007 - 2011. Hidehisa Akiyama and Hiroki Shimora
 Copyright 2011 -  Hidehisa Akiyama, Hiroki Shimora
   Takuya Fukushima (2019-)
 All rights reserved.
******************************************************************
******************************************************************
 librcsc 
 Copyright 2000 - 2007. Hidehisa Akiyama.
 Copyright 2007 - 2011. Hidehisa Akiyama and Hiroki Shimora
 Copyright 2011 -  Hidehisa Akiyama, Hiroki Shimora
   Takuya Fukushima (2019-)
 All rights reserved.
******************************************************************
******************************************************************
 librcsc 
 Copyright 2000 - 2007. Hidehisa Akiyama.
 Copyright 2007 - 2011. Hidehisa Akiyama and Hiroki Shimora
 Copyright 2011 -  Hidehisa Akiyama, Hiroki Shimora
   Takuya Fukushima (2019-)
 All rights reserved.
******************************************************************
******************************************************************
 librcsc 
 Copyright 2000 - 2007. Hidehisa Akiyama.
 Copyright 2007 - 2011. Hidehisa Akiyama and Hiroki Shimora
 Copyright 2011 -  Hidehisa Akiyama, Hiroki Shimora
   Takuya Fukushima (2019-)
 All rights reserved.
******************************************************************
******************************************************************
 librcsc 
 Copyright 2000 - 2007. Hidehisa Akiyama.
 Copyright 2007 - 2011. Hidehisa Akiyama and Hiroki Shimora
 Copyright 2011 -  Hidehisa Akiyama, Hiroki Shimora
   Takuya Fukushima (2019-)
 All rights reserved.
******************************************************************
*****************************************************************
 This program is based on agent2d created by Hidehisa Akiyama.
 Copyright 2006 - 2011. Hidehisa Akiyama and Hiroki Shimora.
 All rights reserved.
*****************************************************************
******************************************************************
 librcsc 
 Copyright 2000 - 2007. Hidehisa Akiyama.
 Copyright 2007 - 2011. Hidehisa Akiyama and Hiroki Shimora
 Copyright 2011 -  Hidehisa Akiyama, Hiroki Shimora
   Takuya Fukushima (2019-)
 All rights reserved.
******************************************************************
*****************************************************************
 This program is based on agent2d created by Hidehisa Akiyama.
 Copyright 2006 - 2011. Hidehisa Akiyama and Hiroki Shimora.
 All rights reserved.
*****************************************************************
******************************************************************
 librcsc 
 Copyright 2000 - 2007. Hidehisa Akiyama.
 Copyright 2007 - 2011. Hidehisa Akiyama and Hiroki Shimora
 Copyright 2011 -  Hidehisa Akiyama, Hiroki Shimora
   Takuya Fukushima (2019-)
 All rights reserved.
******************************************************************
*****************************************************************
 This program is based on agent2d created by Hidehisa Akiyama.
 Copyright 2006 - 2011. Hidehisa Akiyama and Hiroki Shimora.
 All rights reserved.
*****************************************************************
*****************************************************************
 This program is based on agent2d created by Hidehisa Akiyama.
 Copyright 2006 - 2011. Hidehisa Akiyama and Hiroki Shimora.
 All rights reserved.
*****************************************************************
SPICA325: init ok.  unum: 2 side: l
SPICA325 2: [-1, 0] (v18+) force synch see mode.
A new (v18) player (SPICA325 2) connected.
A new (v18) player (SPICA325 3) connected.
SPICA325: init ok.  unum: 4 side: l
SPICA325 4: [-1, 0] (v18+) force synch see mode.
A new (v18) player (SPICA325 4) connected.
A new (v18) online coach (SPICA325) connected.
SPICA325: init ok.  unum: 3 side: l
SPICA325 3: [-1, 0] (v18+) force synch see mode.
SPICA325 coach: [-1, 0] recv (ok eye on)
******************************************************************
 librcsc 
 Copyright 2000 - 2007. Hidehisa Akiyama.
 Copyright 2007 - 2011. Hidehisa Akiyama and Hiroki Shimora
 Copyright 2011 -  Hidehisa Akiyama, Hiroki Shimora
   Takuya Fukushima (2019-)
 All rights reserved.
******************************************************************
******************************************************************
 librcsc 
 Copyright 2000 - 2007. Hidehisa Akiyama.
 Copyright 2007 - 2011. Hidehisa Akiyama and Hiroki Shimora
 Copyright 2011 -  Hidehisa Akiyama, Hiroki Shimora
   Takuya Fukushima (2019-)
 All rights reserved.
******************************************************************
*****************************************************************
 This program is based on agent2d created by Hidehisa Akiyama.
 Copyright 2006 - 2011. Hidehisa Akiyama and Hiroki Shimora.
 All rights reserved.
*****************************************************************
*****************************************************************
 This program is based on agent2d created by Hidehisa Akiyama.
 Copyright 2006 - 2011. Hidehisa Akiyama and Hiroki Shimora.
 All rights reserved.
*****************************************************************
******************************************************************
 librcsc 
 Copyright 2000 - 2007. Hidehisa Akiyama.
 Copyright 2007 - 2011. Hidehisa Akiyama and Hiroki Shimora
 Copyright 2011 -  Hidehisa Akiyama, Hiroki Shimora
   Takuya Fukushima (2019-)
 All rights reserved.
******************************************************************
A new (v18) player (SPICA325 5) connected.
SPICA325: init ok.  unum: 6 side: l
SPICA325 6: [-1, 0] (v18+) force synch see mode.
A new (v18) player (SPICA325 6) connected.
SPICA325: init ok.  unum: 5 side: l
SPICA325 5: [-1, 0] (v18+) force synch see mode.
******************************************************************
 librcsc 
 Copyright 2000 - 2007. Hidehisa Akiyama.
 Copyright 2007 - 2011. Hidehisa Akiyama and Hiroki Shimora
 Copyright 2011 -  Hidehisa Akiyama, Hiroki Shimora
   Takuya Fukushima (2019-)
 All rights reserved.
******************************************************************
*****************************************************************
 This program is based on agent2d created by Hidehisa Akiyama.
 Copyright 2006 - 2011. Hidehisa Akiyama and Hiroki Shimora.
 All rights reserved.
*****************************************************************
A new (v18) player (SPICA325 7) connected.
*****************************************************************
 This program is based on agent2d created by Hidehisa Akiyama.
 Copyright 2006 - 2011. Hidehisa Akiyama and Hiroki Shimora.
 All rights reserved.
*****************************************************************
A new (v18) player (SPICA325 8) connected.
SPICA325: init ok.  unum: 8 side: l
SPICA325 8: [-1, 0] (v18+) force synch see mode.
SPICA325: init ok.  unum: 7 side: l
SPICA325 7: [-1, 0] (v18+) force synch see mode.
******************************************************************
 librcsc 
 Copyright 2000 - 2007. Hidehisa Akiyama.
 Copyright 2007 - 2011. Hidehisa Akiyama and Hiroki Shimora
 Copyright 2011 -  Hidehisa Akiyama, Hiroki Shimora
   Takuya Fukushima (2019-)
 All rights reserved.
******************************************************************
SPICA325 3:  KickTable created.
******************************************************************
 librcsc 
 Copyright 2000 - 2007. Hidehisa Akiyama.
 Copyright 2007 - 2011. Hidehisa Akiyama and Hiroki Shimora
 Copyright 2011 -  Hidehisa Akiyama, Hiroki Shimora
   Takuya Fukushima (2019-)
 All rights reserved.
******************************************************************
*****************************************************************
 This program is based on agent2d created by Hidehisa Akiyama.
 Copyright 2006 - 2011. Hidehisa Akiyama and Hiroki Shimora.
 All rights reserved.
*****************************************************************
SPICA325 2:  KickTable created.
SPICA325 2: [-1, 0] set synch see mode.
A new (v18) player (SPICA325 9) connected.
SPICA325 3: [-1, 0] set synch see mode.
SPICA325: init ok.  unum: 9 side: l
SPICA325 9: [-1, 0] (v18+) force synch see mode.
SPICA325 4:  KickTable created.
SPICA325 4: [-1, 0] set synch see mode.
*****************************************************************
 This program is based on agent2d created by Hidehisa Akiyama.
 Copyright 2006 - 2011. Hidehisa Akiyama and Hiroki Shimora.
 All rights reserved.
*****************************************************************
******************************************************************
 librcsc 
 Copyright 2000 - 2007. Hidehisa Akiyama.
 Copyright 2007 - 2011. Hidehisa Akiyama and Hiroki Shimora
 Copyright 2011 -  Hidehisa Akiyama, Hiroki Shimora
   Takuya Fukushima (2019-)
 All rights reserved.
******************************************************************
******************************************************************
 librcsc 
 Copyright 2000 - 2007. Hidehisa Akiyama.
 Copyright 2007 - 2011. Hidehisa Akiyama and Hiroki Shimora
 Copyright 2011 -  Hidehisa Akiyama, Hiroki Shimora
   Takuya Fukushima (2019-)
 All rights reserved.
******************************************************************
*****************************************************************
 This program is based on agent2d created by Hidehisa Akiyama.
 Copyright 2006 - 2011. Hidehisa Akiyama and Hiroki Shimora.
 All rights reserved.
*****************************************************************
******************************************************************
 librcsc 
 Copyright 2000 - 2007. Hidehisa Akiyama.
 Copyright 2007 - 2011. Hidehisa Akiyama and Hiroki Shimora
 Copyright 2011 -  Hidehisa Akiyama, Hiroki Shimora
   Takuya Fukushima (2019-)
 All rights reserved.
******************************************************************
Read Setting: ./data/settings/Other.json
Read Setting: ./data/settings/Other.json
Read Setting: ./data/settings/Other.json
A new (v18) player (SPICA325 10) connected.
A new (v18) player (CYRUS_VANILLA 2) connected.
CYRUS_VANILLA: init ok.  unum: 2 side: r
CYRUS_VANILLA 2: [-1, 0] (v18+) force synch see mode.
*****************************************************************
 This program is based on agent2d created by Hidehisa Akiyama.
 Copyright 2006 - 2011. Hidehisa Akiyama and Hiroki Shimora.
 All rights reserved.
*****************************************************************
SPICA325: init ok.  unum: 10 side: l
SPICA325 10: [-1, 0] (v18+) force synch see mode.
A new (v18) player (SPICA325 11) connected.
******************************************************************
 librcsc 
 Copyright 2000 - 2007. Hidehisa Akiyama.
 Copyright 2007 - 2011. Hidehisa Akiyama and Hiroki Shimora
 Copyright 2011 -  Hidehisa Akiyama, Hiroki Shimora
   Takuya Fukushima (2019-)
 All rights reserved.
******************************************************************
SPICA325 6:  KickTable created.
SPICA325 6: [-1, 0] set synch see mode.
SPICA325: init ok.  unum: 11 side: l
SPICA325 11: [-1, 0] (v18+) force synch see mode.
******************************************************************
 librcsc 
 Copyright 2000 - 2007. Hidehisa Akiyama.
 Copyright 2007 - 2011. Hidehisa Akiyama and Hiroki Shimora
 Copyright 2011 -  Hidehisa Akiyama, Hiroki Shimora
   Takuya Fukushima (2019-)
 All rights reserved.
******************************************************************
*****************************************************************
 This program is based on agent2d created by Hidehisa Akiyama.
 Copyright 2006 - 2011. Hidehisa Akiyama and Hiroki Shimora.
 All rights reserved.
*****************************************************************
A new (v18) online coach (CYRUS_VANILLA) connected.
SPICA325 7:  KickTable created.
SPICA325 7: [-1, 0] set synch see mode.
CYRUS_VANILLA coach: [-1, 0] recv (ok eye on)
SPICA325 8:  KickTable created.
SPICA325 8: [-1, 0] set synch see mode.
SPICA325 5:  KickTable created.
SPICA325 5: [-1, 0] set synch see mode.
*****************************************************************
 This program is based on agent2d created by Hidehisa Akiyama.
 Copyright 2006 - 2011. Hidehisa Akiyama and Hiroki Shimora.
 All rights reserved.
*****************************************************************
A new (v18) player (CYRUS_VANILLA 3) connected.
CYRUS_VANILLA: init ok.  unum: 3 side: r
CYRUS_VANILLA 3: [-1, 0] (v18+) force synch see mode.
*****************************************************************
 This program is based on agent2d created by Hidehisa Akiyama.
 Copyright 2006 - 2011. Hidehisa Akiyama and Hiroki Shimora.
 All rights reserved.
*****************************************************************
A new (v18) player (CYRUS_VANILLA 4) connected.
CYRUS_VANILLA: init ok.  unum: 4 side: r
CYRUS_VANILLA 4: [-1, 0] (v18+) force synch see mode.
*****************************************************************
 This program is based on agent2d created by Hidehisa Akiyama.
 Copyright 2006 - 2011. Hidehisa Akiyama and Hiroki Shimora.
 All rights reserved.
*****************************************************************
A new (v18) player (CYRUS_VANILLA 5) connected.
*****************************************************************
 This program is based on agent2d created by Hidehisa Akiyama.
 Copyright 2006 - 2011. Hidehisa Akiyama and Hiroki Shimora.
 All rights reserved.
*****************************************************************
CYRUS_VANILLA: init ok.  unum: 5 side: r
CYRUS_VANILLA 5: [-1, 0] (v18+) force synch see mode.
*****************************************************************
 This program is based on agent2d created by Hidehisa Akiyama.
 Copyright 2006 - 2011. Hidehisa Akiyama and Hiroki Shimora.
 All rights reserved.
*****************************************************************
A new (v18) player (CYRUS_VANILLA 6) connected.
A new (v18) player (CYRUS_VANILLA 7) connected.
SPICA325 9:  KickTable created.
SPICA325 9: [-1, 0] set synch see mode.
CYRUS_VANILLA: init ok.  unum: 6 side: r
CYRUS_VANILLA 6: [-1, 0] (v18+) force synch see mode.
SPICA325 11:  KickTable created.
SPICA325 11: [-1, 0] set synch see mode.
CYRUS_VANILLA: init ok.  unum: 7 side: r
CYRUS_VANILLA 7: [-1, 0] (v18+) force synch see mode.
SPICA325 10:  KickTable created.
*****************************************************************
 This program is based on agent2d created by Hidehisa Akiyama.
 Copyright 2006 - 2011. Hidehisa Akiyama and Hiroki Shimora.
 All rights reserved.
*****************************************************************
SPICA325 10: [-1, 0] set synch see mode.
CYRUS_VANILLA 3:  KickTable created.
CYRUS_VANILLA 3: [-1, 0] set synch see mode.
CYRUS_VANILLA 2:  KickTable created.
CYRUS_VANILLA 2: [-1, 0] set synch see mode.
*****************************************************************
 This program is based on agent2d created by Hidehisa Akiyama.
 Copyright 2006 - 2011. Hidehisa Akiyama and Hiroki Shimora.
 All rights reserved.
*****************************************************************
CYRUS_VANILLA 7:  KickTable created.
*****************************************************************
 This program is based on agent2d created by Hidehisa Akiyama.
 Copyright 2006 - 2011. Hidehisa Akiyama and Hiroki Shimora.
 All rights reserved.
*****************************************************************
CYRUS_VANILLA 7: [-1, 0] set synch see mode.
Read Setting: ./data/settings/Other.json
Read Setting: ./data/settings/Other.json
Read Setting: ./data/settings/Other.json
Read Setting: ./data/settings/Other.json
Read Setting: ./data/settings/Other.json
CYRUS_VANILLA 4:  KickTable created.
CYRUS_VANILLA 4: [-1, 0] set synch see mode.
CYRUS_VANILLA: init ok.  unum: 8 side: r
CYRUS_VANILLA 8: [-1, 0] (v18+) force synch see mode.
A new (v18) player (CYRUS_VANILLA 8) connected.
A new (v18) player (CYRUS_VANILLA 9) connected.
*****************************************************************
 This program is based on agent2d created by Hidehisa Akiyama.
 Copyright 2006 - 2011. Hidehisa Akiyama and Hiroki Shimora.
 All rights reserved.
*****************************************************************
A new (v18) player (CYRUS_VANILLA 10) connected.
CYRUS_VANILLA: init ok.  unum: 10 side: r
CYRUS_VANILLA 10: [-1, 0] (v18+) force synch see mode.
A new (v18) player (CYRUS_VANILLA 11) connected.
CYRUS_VANILLA 6:  KickTable created.
CYRUS_VANILLA 5:  KickTable created.
CYRUS_VANILLA 6: [-1, 0] set synch see mode.
CYRUS_VANILLA 5: [-1, 0] set synch see mode.
CYRUS_VANILLA: init ok.  unum: 9 side: r
CYRUS_VANILLA 9: [-1, 0] (v18+) force synch see mode.
CYRUS_VANILLA: init ok.  unum: 11 side: r
CYRUS_VANILLA 11: [-1, 0] (v18+) force synch see mode.
CYRUS_VANILLA 8:  KickTable created.
CYRUS_VANILLA 8: [-1, 0] set synch see mode.
CYRUS_VANILLA 9:  KickTable created.
CYRUS_VANILLA 9: [-1, 0] set synch see mode.
CYRUS_VANILLA 10:  KickTable created.
CYRUS_VANILLA 10: [-1, 0] set synch see mode.
CYRUS_VANILLA 11:  KickTable created.
CYRUS_VANILLA 11: [-1, 0] set synch see mode.
Read Setting: ./data/settings/Other.json
Read Setting: ./data/settings/Other.json
id speed step inc  power  stam  karea
 0 1.000   6  45.0 100.0  55.0  1.085
 1 0.797   5  49.3 100.0  50.7  1.086
 2 0.840   5  41.5 100.0  58.5  1.068
 3 0.888   5  45.3 100.0  54.7  1.172
 4 0.894   5  44.1 100.0  55.9  1.123
 5 0.888   5  42.4 100.0  57.6  1.063
 6 0.878   5  46.9 100.0  53.1  1.021
 7 0.836   5  46.9 100.0  53.1  1.030
 8 0.880   4  45.0 100.0  55.0  1.183
 9 0.762   4  48.5 100.0  51.5  1.003
 10 0.791   4  45.0 100.0  55.0  1.100
 11 0.834   6  51.6 100.0  48.4  1.151
 12 1.008   6  46.5 100.0  53.5  1.078
 13 0.827   4  41.1 100.0  58.9  1.121
 14 0.986   6  42.4 100.0  57.6  1.090
 15 0.959   6  44.8 100.0  55.2  1.106
 16 0.752   5  49.2 100.0  50.8  1.098
 17 0.794   5  44.5 100.0  55.5  1.134
$$$$$$$$$$$$$$$$$$$$$$$$isother
SPICA325 coach: change player 1 to type 0
SPICA325 coach: change player 9 to type 12
SPICA325 coach: change player 2 to type 14
SPICA325 coach: change player 11 to type 15
SPICA325 coach: change player 4 to type 8
SPICA325 coach: change player 10 to type 3
SPICA325 coach: change player 3 to type 4
SPICA325 coach: change player 5 to type 5
SPICA325 coach: change player 7 to type 6
SPICA325 coach: change player 8 to type 13
SPICA325 coach: change player 6 to type 7
id speed step inc  power  stam  karea
 0 1.000   6  45.0 100.0  55.0  1.085
 1 0.797   5  49.3 100.0  50.7  1.086
 2 0.840   5  41.5 100.0  58.5  1.068
 3 0.888   5  45.3 100.0  54.7  1.172
 4 0.894   5  44.1 100.0  55.9  1.123
 5 0.888   5  42.4 100.0  57.6  1.063
 6 0.878   5  46.9 100.0  53.1  1.021
 7 0.836   5  46.9 100.0  53.1  1.030
 8 0.880   4  45.0 100.0  55.0  1.183
 9 0.762   4  48.5 100.0  51.5  1.003
 10 0.791   4  45.0 100.0  55.0  1.100
 11 0.834   6  51.6 100.0  48.4  1.151
 12 1.008   6  46.5 100.0  53.5  1.078
 13 0.827   4  41.1 100.0  58.9  1.121
 14 0.986   6  42.4 100.0  57.6  1.090
 15 0.959   6  44.8 100.0  55.2  1.106
 16 0.752   5  49.2 100.0  50.8  1.098
 17 0.794   5  44.5 100.0  55.5  1.134
$$$$$$$$$$$$$$$$$$$$$$$$isother
CYRUS_VANILLA coach: change player 1 to type 0
CYRUS_VANILLA coach: change player 9 to type 12
CYRUS_VANILLA coach: change player 2 to type 14
CYRUS_VANILLA coach: change player 11 to type 15
CYRUS_VANILLA coach: change player 4 to type 8
CYRUS_VANILLA coach: change player 10 to type 3
CYRUS_VANILLA coach: change player 3 to type 4
CYRUS_VANILLA coach: change player 5 to type 5
CYRUS_VANILLA coach: change player 7 to type 6
CYRUS_VANILLA coach: change player 8 to type 13
CYRUS_VANILLA coach: change player 6 to type 7
Read Setting: ./data/settings/Other.json
Read Setting: ./data/settings/Other.json
Read Setting: ./data/settings/Other.json
Read Setting: ./data/settings/Other.json
Read Setting: ./data/settings/Other.json
Read Setting: ./data/settings/Other.json
Read Setting: ./data/settings/Other.json
Read Setting: ./data/settings/Other.json
Read Setting: ./data/settings/Other.json
Read Setting: ./data/settings/Other.json
Waiting to kick off
Kick_off_left
CYRUS_VANILLA coach: [93, 0] no player type for opponent 9. restart analysis.
SPICA325 coach: [94, 0] no player type for opponent 7. restart analysis.
SPICA325 coach: [94, 0] no player type for opponent 3. restart analysis.
SPICA325 coach: [94, 0] no player type for opponent 2. restart analysis.
SPICA325 coach: [94, 0] no player type for opponent 4. restart analysis.
CYRUS_VANILLA coach: [94, 0] no player type for opponent 9. restart analysis.
SPICA325 coach: [95, 0] no player type for opponent 6. restart analysis.
SPICA325 coach: [96, 0] no player type for opponent 8. restart analysis.
SPICA325 coach: [96, 0] no player type for opponent 10. restart analysis.
SPICA325 coach: [96, 0] no player type for opponent 6. restart analysis.
CYRUS_VANILLA coach: [96, 0] no player type for opponent 9. restart analysis.
CYRUS_VANILLA coach: [97, 0] no player type for opponent 9. restart analysis.
SPICA325 coach: [97, 0] no player type for opponent 10. restart analysis.
SPICA325 coach: [97, 0] no player type for opponent 11. restart analysis.
SPICA325 coach: [97, 0] no player type for opponent 9. restart analysis.
SPICA325 coach: [97, 0] no player type for opponent 7. restart analysis.
SPICA325 coach: [98, 0] no player type for opponent 2. restart analysis.
SPICA325 coach: [99, 0] no player type for opponent 8. restart analysis.
SPICA325 coach: [99, 0] no player type for opponent 10. restart analysis.
SPICA325 coach: [99, 0] no player type for opponent 9. restart analysis.
SPICA325 coach: [99, 0] no player type for opponent 7. restart analysis.
SPICA325 coach: [99, 0] no player type for opponent 3. restart analysis.
CYRUS_VANILLA coach: [99, 0] no player type for opponent 11. restart analysis.
CYRUS_VANILLA coach: [99, 0] no player type for opponent 7. restart analysis.
CYRUS_VANILLA coach: [100, 0] no player type for opponent 8. restart analysis.
SPICA325 coach: [100, 0] no player type for opponent 8. restart analysis.
SPICA325 coach: [100, 0] no player type for opponent 11. restart analysis.
SPICA325 coach: [100, 0] no player type for opponent 5. restart analysis.
SPICA325 coach: [101, 0] no player type for opponent 9. restart analysis.
SPICA325 coach: [101, 0] no player type for opponent 5. restart analysis.
SPICA325 coach: [102, 0] no player type for opponent 6. restart analysis.
SPICA325 coach: [102, 0] no player type for opponent 9. restart analysis.
SPICA325 coach: [102, 0] no player type for opponent 3. restart analysis.
CYRUS_VANILLA coach: [102, 0] no player type for opponent 10. restart analysis.
CYRUS_VANILLA coach: [103, 0] no player type for opponent 5. restart analysis.
CYRUS_VANILLA coach: [103, 0] no player type for opponent 6. restart analysis.
SPICA325 coach: [104, 0] no player type for opponent 3. restart analysis.
CYRUS_VANILLA coach: [104, 0] no player type for opponent 11. restart analysis.
CYRUS_VANILLA coach: [104, 0] no player type for opponent 5. restart analysis.
SPICA325 coach: [105, 0] no player type for opponent 4. restart analysis.
CYRUS_VANILLA coach: [105, 0] no player type for opponent 10. restart analysis.
CYRUS_VANILLA coach: [105, 0] no player type for opponent 2. restart analysis.
CYRUS_VANILLA coach: [106, 0] no player type for opponent 9. restart analysis.
CYRUS_VANILLA coach: [107, 0] no player type for opponent 11. restart analysis.
CYRUS_VANILLA coach: [107, 0] no player type for opponent 3. restart analysis.
CYRUS_VANILLA coach: [107, 0] no player type for opponent 2. restart analysis.
SPICA325 coach: [107, 0] no player type for opponent 4. restart analysis.
SPICA325 coach: [107, 0] no player type for opponent 6. restart analysis.
SPICA325 coach: [107, 0] no player type for opponent 5. restart analysis.
SPICA325 coach: [107, 0] no player type for opponent 11. restart analysis.
SPICA325 coach: [107, 0] determined opponent 9 type = 12
SPICA325 coach: [108, 0] no player type for opponent 8. restart analysis.
SPICA325 coach: [108, 0] no player type for opponent 10. restart analysis.
CYRUS_VANILLA coach: [108, 0] no player type for opponent 6. restart analysis.
SPICA325 coach: [109, 0] no player type for opponent 6. restart analysis.
SPICA325 coach: [110, 0] no player type for opponent 5. restart analysis.
SPICA325 coach: [110, 0] no player type for opponent 7. restart analysis.
CYRUS_VANILLA coach: [110, 0] no player type for opponent 3. restart analysis.
CYRUS_VANILLA coach: [110, 0] no player type for opponent 8. restart analysis.
SPICA325 coach: [111, 0] no player type for opponent 6. restart analysis.
SPICA325 coach: [111, 0] no player type for opponent 7. restart analysis.
CYRUS_VANILLA coach: [111, 0] determined opponent 9 type = 12
CYRUS_VANILLA coach: [111, 0] no player type for opponent 6. restart analysis.
SPICA325 coach: [112, 0] no player type for opponent 4. restart analysis.
SPICA325 coach: [112, 0] no player type for opponent 7. restart analysis.
CYRUS_VANILLA coach: [112, 0] no player type for opponent 3. restart analysis.
CYRUS_VANILLA coach: [113, 0] no player type for opponent 3. restart analysis.
SPICA325 coach: [113, 0] no player type for opponent 8. restart analysis.
SPICA325 coach: [114, 0] no player type for opponent 6. restart analysis.
SPICA325 coach: [114, 0] no player type for opponent 5. restart analysis.
CYRUS_VANILLA coach: [114, 0] no player type for opponent 11. restart analysis.
CYRUS_VANILLA coach: [114, 0] no player type for opponent 10. restart analysis.
CYRUS_VANILLA coach: [114, 0] no player type for opponent 6. restart analysis.
SPICA325 coach: [115, 0] no player type for opponent 4. restart analysis.
SPICA325 coach: [115, 0] no player type for opponent 8. restart analysis.
SPICA325 coach: [115, 0] no player type for opponent 6. restart analysis.
SPICA325 coach: [115, 0] no player type for opponent 3. restart analysis.
CYRUS_VANILLA coach: [115, 0] no player type for opponent 10. restart analysis.
CYRUS_VANILLA coach: [115, 0] no player type for opponent 5. restart analysis.
CYRUS_VANILLA coach: [115, 0] no player type for opponent 3. restart analysis.
SPICA325 coach: [116, 0] no player type for opponent 2. restart analysis.
CYRUS_VANILLA coach: [116, 0] no player type for opponent 11. restart analysis.
CYRUS_VANILLA coach: [116, 0] no player type for opponent 3. restart analysis.
CYRUS_VANILLA coach: [117, 0] no player type for opponent 11. restart analysis.
SPICA325 coach: [117, 0] no player type for opponent 7. restart analysis.
CYRUS_VANILLA coach: [118, 0] no player type for opponent 11. restart analysis.
CYRUS_VANILLA coach: [118, 0] no player type for opponent 6. restart analysis.
SPICA325 coach: [119, 0] no player type for opponent 10. restart analysis.
CYRUS_VANILLA coach: [119, 0] no player type for opponent 3. restart analysis.
CYRUS_VANILLA coach: [119, 0] no player type for opponent 10. restart analysis.
CYRUS_VANILLA coach: [120, 0] no player type for opponent 11. restart analysis.
CYRUS_VANILLA coach: [120, 0] no player type for opponent 3. restart analysis.
CYRUS_VANILLA coach: [120, 0] no player type for opponent 10. restart analysis.
SPICA325 coach: [120, 0] no player type for opponent 8. restart analysis.
SPICA325 coach: [120, 0] no player type for opponent 6. restart analysis.
SPICA325 coach: [121, 0] no player type for opponent 8. restart analysis.
SPICA325 coach: [121, 0] no player type for opponent 10. restart analysis.
SPICA325 coach: [121, 0] no player type for opponent 2. restart analysis.
CYRUS_VANILLA coach: [121, 0] no player type for opponent 6. restart analysis.
CYRUS_VANILLA coach: [122, 0] no player type for opponent 5. restart analysis.
SPICA325 coach: [122, 0] no player type for opponent 11. restart analysis.
SPICA325 coach: [123, 0] no player type for opponent 11. restart analysis.
SPICA325 coach: [123, 0] no player type for opponent 4. restart analysis.
SPICA325 coach: [124, 0] no player type for opponent 8. restart analysis.
SPICA325 coach: [124, 0] no player type for opponent 6. restart analysis.
SPICA325 7: [124, 0]  WARNING. no turn_neck.
CYRUS_VANILLA coach: [124, 0] no player type for opponent 6. restart analysis.
SPICA325 7: [125, 0]  WARNING. no turn_neck.
SPICA325 coach: [125, 0] no player type for opponent 8. restart analysis.
SPICA325 coach: [126, 0] no player type for opponent 8. restart analysis.
SPICA325 coach: [126, 0] no player type for opponent 7. restart analysis.
SPICA325 7: [126, 0]  WARNING. no turn_neck.
SPICA325 coach: [127, 0] no player type for opponent 6. restart analysis.
CYRUS_VANILLA coach: [127, 0] determined opponent 11 type = 15
CYRUS_VANILLA coach: [127, 0] determined opponent 5 type = 5
SPICA325 coach: [128, 0] determined opponent 2 type = 14
SPICA325 coach: [130, 0] determined opponent 1 type = 0
SPICA325 coach: [132, 0] determined opponent 8 type = 13
CYRUS_VANILLA coach: [132, 0] no player type for opponent 6. restart analysis.
SPICA325 coach: [133, 0] no player type for opponent 10. restart analysis.
SPICA325 coach: [133, 0] no player type for opponent 11. restart analysis.
CYRUS_VANILLA coach: [133, 0] no player type for opponent 10. restart analysis.
CYRUS_VANILLA coach: [135, 0] no player type for opponent 10. restart analysis.
CYRUS_VANILLA coach: [136, 0] no player type for opponent 10. restart analysis.
SPICA325 coach: [136, 0] no player type for opponent 11. restart analysis.
SPICA325 coach: [136, 0] no player type for opponent 10. restart analysis.
CYRUS_VANILLA coach: [137, 0] determined opponent 2 type = 14
SPICA325 coach: [139, 0] no player type for opponent 10. restart analysis.
SPICA325 coach: [139, 0] no player type for opponent 11. restart analysis.
SPICA325 coach: [140, 0] no player type for opponent 11. restart analysis.
SPICA325 coach: [140, 0] no player type for opponent 7. restart analysis.
SPICA325 coach: [141, 0] no player type for opponent 11. restart analysis.
SPICA325 coach: [141, 0] no player type for opponent 10. restart analysis.
CYRUS_VANILLA coach: [145, 0] no player type for opponent 6. restart analysis.
SPICA325 coach: [146, 0] no player type for opponent 7. restart analysis.
CYRUS_VANILLA coach: [146, 0] no player type for opponent 6. restart analysis.
CYRUS_VANILLA coach: [146, 0] no player type for opponent 8. restart analysis.
SPICA325 coach: [147, 0] no player type for opponent 11. restart analysis.
SPICA325 coach: [148, 0] no player type for opponent 4. restart analysis.
SPICA325 coach: [148, 0] no player type for opponent 7. restart analysis.
CYRUS_VANILLA coach: [149, 0] no player type for opponent 8. restart analysis.
SPICA325 coach: [149, 0] no player type for opponent 11. restart analysis.
SPICA325 coach: [150, 0] no player type for opponent 7. restart analysis.
SPICA325 coach: [150, 0] no player type for opponent 10. restart analysis.
CYRUS_VANILLA coach: [151, 0] no player type for opponent 8. restart analysis.
SPICA325 coach: [152, 0] no player type for opponent 11. restart analysis.
CYRUS_VANILLA coach: [152, 0] no player type for opponent 8. restart analysis.
CYRUS_VANILLA coach: [152, 0] no player type for opponent 10. restart analysis.
SPICA325 coach: [153, 0] no player type for opponent 10. restart analysis.
CYRUS_VANILLA coach: [153, 0] no player type for opponent 10. restart analysis.
CYRUS_VANILLA coach: [153, 0] no player type for opponent 7. restart analysis.
SPICA325 coach: [154, 0] no player type for opponent 3. restart analysis.
CYRUS_VANILLA coach: [154, 0] no player type for opponent 7. restart analysis.
SPICA325 coach: [155, 0] no player type for opponent 10. restart analysis.
CYRUS_VANILLA coach: [156, 0] no player type for opponent 8. restart analysis.
CYRUS_VANILLA coach: [156, 0] no player type for opponent 3. restart analysis.
CYRUS_VANILLA coach: [156, 0] no player type for opponent 10. restart analysis.
SPICA325 coach: [156, 0] no player type for opponent 7. restart analysis.
SPICA325 coach: [157, 0] no player type for opponent 7. restart analysis.
SPICA325 coach: [157, 0] no player type for opponent 11. restart analysis.
CYRUS_VANILLA coach: [157, 0] no player type for opponent 8. restart analysis.
CYRUS_VANILLA coach: [157, 0] no player type for opponent 10. restart analysis.
CYRUS_VANILLA coach: [157, 0] no player type for opponent 7. restart analysis.
SPICA325 coach: [161, 0] no player type for opponent 5. restart analysis.
SPICA325 coach: [162, 0] no player type for opponent 6. restart analysis.
CYRUS_VANILLA coach: [162, 0] determined opponent 8 type = 13
SPICA325 coach: [164, 0] no player type for opponent 6. restart analysis.
SPICA325 coach: [164, 0] no player type for opponent 4. restart analysis.
CYRUS_VANILLA coach: [165, 0] no player type for opponent 4. restart analysis.
CYRUS_VANILLA coach: [166, 0] no player type for opponent 7. restart analysis.
CYRUS_VANILLA coach: [167, 0] no player type for opponent 10. restart analysis.
CYRUS_VANILLA coach: [168, 0] no player type for opponent 6. restart analysis.
SPICA325 coach: [168, 0] no player type for opponent 4. restart analysis.
SPICA325 coach: [169, 0] no player type for opponent 11. restart analysis.
SPICA325 coach: [169, 0] no player type for opponent 10. restart analysis.
SPICA325 coach: [170, 0] no player type for opponent 7. restart analysis.
SPICA325 coach: [170, 0] no player type for opponent 3. restart analysis.
CYRUS_VANILLA coach: [170, 0] no player type for opponent 7. restart analysis.
CYRUS_VANILLA coach: [171, 0] no player type for opponent 10. restart analysis.
CYRUS_VANILLA coach: [172, 0] no player type for opponent 7. restart analysis.
CYRUS_VANILLA coach: [172, 0] determined opponent 1 type = 0
CYRUS_VANILLA coach: [172, 0] no player type for opponent 6. restart analysis.
SPICA325 coach: [172, 0] no player type for opponent 11. restart analysis.
SPICA325 coach: [172, 0] no player type for opponent 6. restart analysis.
SPICA325 coach: [172, 0] no player type for opponent 7. restart analysis.
SPICA325 coach: [173, 0] no player type for opponent 11. restart analysis.
CYRUS_VANILLA coach: [174, 0] no player type for opponent 3. restart analysis.
SPICA325 coach: [175, 0] determined opponent 4 type = 8
SPICA325 coach: [177, 0] no player type for opponent 5. restart analysis.
SPICA325 coach: [178, 0] no player type for opponent 11. restart analysis.
SPICA325 coach: [178, 0] no player type for opponent 3. restart analysis.
CYRUS_VANILLA coach: [180, 0] no player type for opponent 10. restart analysis.
SPICA325 coach: [180, 0] no player type for opponent 6. restart analysis.
SPICA325 coach: [182, 0] no player type for opponent 6. restart analysis.
SPICA325 coach: [182, 0] no player type for opponent 3. restart analysis.
CYRUS_VANILLA coach: [182, 0] no player type for opponent 7. restart analysis.
CYRUS_VANILLA coach: [183, 0] no player type for opponent 10. restart analysis.
SPICA325 coach: [183, 0] no player type for opponent 6. restart analysis.
SPICA325 coach: [183, 0] no player type for opponent 10. restart analysis.
SPICA325 coach: [184, 0] no player type for opponent 10. restart analysis.
SPICA325 coach: [185, 0] no player type for opponent 6. restart analysis.
CYRUS_VANILLA coach: [185, 0] no player type for opponent 6. restart analysis.
SPICA325 coach: [186, 0] no player type for opponent 6. restart analysis.
SPICA325 coach: [188, 0] no player type for opponent 6. restart analysis.
SPICA325 coach: [188, 0] no player type for opponent 5. restart analysis.
SPICA325 coach: [190, 0] no player type for opponent 5. restart analysis.
CYRUS_VANILLA coach: [190, 0] no player type for opponent 6. restart analysis.
CYRUS_VANILLA coach: [191, 0] no player type for opponent 10. restart analysis.
SPICA325 coach: [193, 0] no player type for opponent 6. restart analysis.
SPICA325 coach: [193, 0] no player type for opponent 3. restart analysis.
SPICA325 7: [194, 0] lost kick by foul at [194, 0] sense=5 internal=6
CYRUS_VANILLA coach: [194, 1] sent freeform (player_types (1 0)(2 14)(3 -1)(4 -1)(5 5)(6 -1)(7 -1)(8 13)(9 12)(10 -1)(11 15))
CYRUS_VANILLA coach: [194, 1] freeform 1 / 128
SPICA325 coach: [194, 1] sent freeform (player_types (1 0)(2 14)(3 -1)(4 8)(5 -1)(6 -1)(7 -1)(8 13)(9 12)(10 -1)(11 -1))
SPICA325 coach: [194, 1] freeform 1 / 128
SPICA325 coach: [220, 0] no player type for opponent 11. restart analysis.
CYRUS_VANILLA coach: [221, 0] no player type for opponent 3. restart analysis.
SPICA325 coach: [222, 0] no player type for opponent 10. restart analysis.
SPICA325 coach: [223, 0] determined opponent 11 type = 15
CYRUS_VANILLA coach: [224, 0] no player type for opponent 3. restart analysis.
SPICA325 coach: [227, 0] no player type for opponent 10. restart analysis.
SPICA325 coach: [230, 0] determined opponent 5 type = 5
CYRUS_VANILLA coach: [230, 0] no player type for opponent 3. restart analysis.
SPICA325 coach: [236, 0] no player type for opponent 7. restart analysis.
SPICA325 coach: [238, 0] no player type for opponent 10. restart analysis.
SPICA325 coach: [240, 0] no player type for opponent 10. restart analysis.
CYRUS_VANILLA coach: [240, 0] no player type for opponent 7. restart analysis.
CYRUS_VANILLA coach: [241, 0] no player type for opponent 7. restart analysis.
CYRUS_VANILLA coach: [242, 0] no player type for opponent 3. restart analysis.
CYRUS_VANILLA coach: [242, 0] no player type for opponent 7. restart analysis.
SPICA325 coach: [242, 0] no player type for opponent 10. restart analysis.
CYRUS_VANILLA coach: [245, 0] no player type for opponent 7. restart analysis.
SPICA325 coach: [247, 0] no player type for opponent 6. restart analysis.
SPICA325 coach: [249, 0] no player type for opponent 3. restart analysis.
CYRUS_VANILLA coach: [249, 0] no player type for opponent 10. restart analysis.
SPICA325 coach: [251, 0] no player type for opponent 6. restart analysis.
CYRUS_VANILLA coach: [254, 0] no player type for opponent 10. restart analysis.
SPICA325 coach: [254, 0] no player type for opponent 10. restart analysis.
SPICA325 coach: [255, 0] no player type for opponent 10. restart analysis.
CYRUS_VANILLA coach: [255, 0] no player type for opponent 10. restart analysis.
SPICA325 coach: [257, 0] no player type for opponent 10. restart analysis.
SPICA325 coach: [259, 0] no player type for opponent 6. restart analysis.
SPICA325 coach: [260, 0] no player type for opponent 7. restart analysis.
SPICA325 coach: [260, 0] no player type for opponent 10. restart analysis.
SPICA325 coach: [262, 0] no player type for opponent 6. restart analysis.
SPICA325 coach: [263, 0] no player type for opponent 3. restart analysis.
SPICA325 coach: [266, 0] no player type for opponent 6. restart analysis.
CYRUS_VANILLA coach: [272, 0] no player type for opponent 6. restart analysis.
CYRUS_VANILLA coach: [272, 0] no player type for opponent 10. restart analysis.
SPICA325 coach: [273, 0] no player type for opponent 7. restart analysis.
CYRUS_VANILLA coach: [273, 0] no player type for opponent 6. restart analysis.
SPICA325 coach: [274, 0] no player type for opponent 10. restart analysis.
SPICA325 coach: [275, 0] no player type for opponent 6. restart analysis.
CYRUS_VANILLA coach: [275, 0] no player type for opponent 6. restart analysis.
SPICA325 coach: [276, 0] no player type for opponent 6. restart analysis.
CYRUS_VANILLA coach: [278, 0] no player type for opponent 6. restart analysis.
SPICA325 coach: [279, 0] no player type for opponent 3. restart analysis.
CYRUS_VANILLA coach: [279, 0] no player type for opponent 10. restart analysis.
CYRUS_VANILLA coach: [281, 0] no player type for opponent 6. restart analysis.
SPICA325 coach: [281, 0] no player type for opponent 7. restart analysis.
CYRUS_VANILLA coach: [284, 0] no player type for opponent 6. restart analysis.
CYRUS_VANILLA coach: [285, 0] no player type for opponent 6. restart analysis.
SPICA325 coach: [286, 0] no player type for opponent 10. restart analysis.
SPICA325 coach: [287, 0] no player type for opponent 10. restart analysis.
CYRUS_VANILLA coach: [287, 0] no player type for opponent 6. restart analysis.
CYRUS_VANILLA coach: [290, 0] no player type for opponent 6. restart analysis.
SPICA325 coach: [291, 0] no player type for opponent 7. restart analysis.
CYRUS_VANILLA coach: [291, 0] no player type for opponent 6. restart analysis.
SPICA325 coach: [292, 0] no player type for opponent 7. restart analysis.
CYRUS_VANILLA coach: [293, 0] no player type for opponent 6. restart analysis.
CYRUS_VANILLA coach: [295, 0] no player type for opponent 7. restart analysis.
CYRUS_VANILLA coach: [296, 0] no player type for opponent 6. restart analysis.
SPICA325 coach: [298, 0] no player type for opponent 10. restart analysis.
CYRUS_VANILLA coach: [299, 0] no player type for opponent 6. restart analysis.
SPICA325 coach: [300, 0] no player type for opponent 6. restart analysis.
SPICA325 coach: [301, 0] updated clang capacity.
CYRUS_VANILLA coach: [301, 0] updated clang capacity.
SPICA325 coach: [302, 0] no player type for opponent 7. restart analysis.
SPICA325 coach: [302, 0] no player type for opponent 6. restart analysis.
CYRUS_VANILLA coach: [302, 0] no player type for opponent 3. restart analysis.
CYRUS_VANILLA coach: [304, 0] no player type for opponent 7. restart analysis.
CYRUS_VANILLA coach: [304, 0] no player type for opponent 3. restart analysis.
CYRUS_VANILLA coach: [305, 0] no player type for opponent 3. restart analysis.
CYRUS_VANILLA coach: [306, 0] no player type for opponent 7. restart analysis.
CYRUS_VANILLA coach: [307, 0] no player type for opponent 6. restart analysis.
CYRUS_VANILLA coach: [309, 0] no player type for opponent 10. restart analysis.
layerSize: 3
SPICA325 coach: [309, 0] no player type for opponent 3. restart analysis.
CYRUS_VANILLA coach: [312, 0] no player type for opponent 6. restart analysis.
CYRUS_VANILLA coach: [312, 0] no player type for opponent 7. restart analysis.
CYRUS_VANILLA coach: [315, 0] no player type for opponent 6. restart analysis.
CYRUS_VANILLA coach: [315, 0] no player type for opponent 7. restart analysis.
SPICA325 coach: [315, 0] no player type for opponent 10. restart analysis.
SPICA325 coach: [315, 0] no player type for opponent 7. restart analysis.
CYRUS_VANILLA coach: [316, 0] no player type for opponent 3. restart analysis.
SPICA325 coach: [316, 0] no player type for opponent 7. restart analysis.
SPICA325 coach: [316, 0] no player type for opponent 10. restart analysis.
SPICA325 coach: [317, 0] no player type for opponent 7. restart analysis.
CYRUS_VANILLA coach: [317, 0] no player type for opponent 6. restart analysis.
SPICA325 coach: [318, 0] no player type for opponent 3. restart analysis.
SPICA325 coach: [318, 0] no player type for opponent 7. restart analysis.
CYRUS_VANILLA coach: [319, 0] no player type for opponent 3. restart analysis.
SPICA325 coach: [320, 0] no player type for opponent 6. restart analysis.
CYRUS_VANILLA coach: [322, 0] no player type for opponent 3. restart analysis.
CYRUS_VANILLA coach: [322, 0] no player type for opponent 4. restart analysis.
SPICA325 coach: [323, 0] no player type for opponent 10. restart analysis.
SPICA325 coach: [323, 0] no player type for opponent 7. restart analysis.
SPICA325 coach: [324, 0] no player type for opponent 6. restart analysis.
CYRUS_VANILLA coach: [326, 0] no player type for opponent 10. restart analysis.
SPICA325 coach: [326, 0] no player type for opponent 6. restart analysis.
SPICA325 coach: [328, 0] no player type for opponent 6. restart analysis.
CYRUS_VANILLA coach: [329, 0] no player type for opponent 10. restart analysis.
SPICA325 coach: [329, 0] no player type for opponent 7. restart analysis.
CYRUS_VANILLA coach: [330, 0] no player type for opponent 10. restart analysis.
SPICA325 coach: [332, 0] no player type for opponent 6. restart analysis.
SPICA325 coach: [336, 0] no player type for opponent 6. restart analysis.
SPICA325 coach: [337, 0] no player type for opponent 7. restart analysis.
CYRUS_VANILLA coach: [338, 0] no player type for opponent 10. restart analysis.
SPICA325 coach: [340, 0] no player type for opponent 3. restart analysis.
SPICA325 coach: [342, 0] no player type for opponent 6. restart analysis.
SPICA325 coach: [343, 0] no player type for opponent 6. restart analysis.
CYRUS_VANILLA coach: [344, 0] no player type for opponent 7. restart analysis.
SPICA325 coach: [346, 0] no player type for opponent 7. restart analysis.
SPICA325 coach: [347, 0] no player type for opponent 7. restart analysis.
CYRUS_VANILLA coach: [347, 0] no player type for opponent 4. restart analysis.
SPICA325 coach: [348, 0] no player type for opponent 6. restart analysis.
CYRUS_VANILLA coach: [348, 0] no player type for opponent 3. restart analysis.
CYRUS_VANILLA coach: [350, 0] no player type for opponent 6. restart analysis.
SPICA325 coach: [351, 0] no player type for opponent 6. restart analysis.
SPICA325 coach: [351, 0] no player type for opponent 3. restart analysis.
SPICA325 coach: [352, 0] no player type for opponent 10. restart analysis.
SPICA325 coach: [353, 0] no player type for opponent 6. restart analysis.
CYRUS_VANILLA coach: [354, 0] no player type for opponent 3. restart analysis.
SPICA325 coach: [354, 0] no player type for opponent 6. restart analysis.
CYRUS_VANILLA coach: [355, 0] no player type for opponent 6. restart analysis.
CYRUS_VANILLA coach: [356, 0] no player type for opponent 6. restart analysis.
SPICA325 coach: [356, 0] no player type for opponent 6. restart analysis.
CYRUS_VANILLA coach: [357, 0] no player type for opponent 6. restart analysis.
SPICA325 coach: [357, 0] no player type for opponent 10. restart analysis.
SPICA325 coach: [358, 0] no player type for opponent 6. restart analysis.
SPICA325 coach: [360, 0] no player type for opponent 6. restart analysis.
SPICA325 coach: [360, 0] no player type for opponent 10. restart analysis.
SPICA325 coach: [361, 0] no player type for opponent 10. restart analysis.
SPICA325 coach: [362, 0] no player type for opponent 10. restart analysis.
CYRUS_VANILLA coach: [362, 0] no player type for opponent 7. restart analysis.
CYRUS_VANILLA coach: [365, 0] no player type for opponent 10. restart analysis.
CYRUS_VANILLA coach: [370, 0] no player type for opponent 10. restart analysis.
SPICA325 coach: [371, 0] no player type for opponent 10. restart analysis.
SPICA325 coach: [372, 0] no player type for opponent 10. restart analysis.
CYRUS_VANILLA coach: [375, 0] no player type for opponent 6. restart analysis.
CYRUS_VANILLA coach: [381, 0] no player type for opponent 6. restart analysis.
SPICA325 coach: [385, 0] no player type for opponent 10. restart analysis.
CYRUS_VANILLA coach: [388, 0] no player type for opponent 6. restart analysis.
SPICA325 coach: [389, 0] determined opponent 6 type = 7
CYRUS_VANILLA coach: [390, 0] no player type for opponent 6. restart analysis.
CYRUS_VANILLA coach: [392, 0] no player type for opponent 10. restart analysis.
CYRUS_VANILLA coach: [393, 0] no player type for opponent 6. restart analysis.
CYRUS_VANILLA coach: [395, 0] no player type for opponent 7. restart analysis.
CYRUS_VANILLA coach: [396, 0] no player type for opponent 6. restart analysis.
SPICA325 coach: [399, 0] determined opponent 10 type = 3
SPICA325 coach: [399, 0] determined opponent 3 type = 4
SPICA325 coach: [400, 0] determined opponent 7 type = 6
CYRUS_VANILLA coach: [405, 0] no player type for opponent 10. restart analysis.
CYRUS_VANILLA coach: [410, 0] no player type for opponent 6. restart analysis.
CYRUS_VANILLA coach: [416, 0] no player type for opponent 7. restart analysis.
CYRUS_VANILLA coach: [422, 0] determined opponent 4 type = 8
CYRUS_VANILLA coach: [427, 0] no player type for opponent 7. restart analysis.
CYRUS_VANILLA coach: [428, 0] no player type for opponent 10. restart analysis.
CYRUS_VANILLA coach: [428, 0] no player type for opponent 7. restart analysis.
CYRUS_VANILLA coach: [430, 0] no player type for opponent 10. restart analysis.
CYRUS_VANILLA coach: [431, 0] no player type for opponent 6. restart analysis.
CYRUS_VANILLA coach: [432, 0] no player type for opponent 6. restart analysis.
CYRUS_VANILLA coach: [434, 0] no player type for opponent 6. restart analysis.
CYRUS_VANILLA coach: [438, 0] no player type for opponent 7. restart analysis.
CYRUS_VANILLA coach: [459, 0] no player type for opponent 3. restart analysis.
CYRUS_VANILLA coach: [462, 0] no player type for opponent 6. restart analysis.
CYRUS_VANILLA coach: [463, 0] no player type for opponent 10. restart analysis.
CYRUS_VANILLA coach: [479, 0] no player type for opponent 10. restart analysis.
CYRUS_VANILLA coach: [480, 0] no player type for opponent 6. restart analysis.
CYRUS_VANILLA coach: [481, 0] no player type for opponent 7. restart analysis.
CYRUS_VANILLA coach: [484, 0] no player type for opponent 6. restart analysis.
CYRUS_VANILLA coach: [485, 0] no player type for opponent 6. restart analysis.
CYRUS_VANILLA coach: [491, 0] no player type for opponent 6. restart analysis.
CYRUS_VANILLA coach: [501, 0] no player type for opponent 6. restart analysis.
CYRUS_VANILLA coach: [502, 0] no player type for opponent 3. restart analysis.
CYRUS_VANILLA coach: [503, 0] no player type for opponent 6. restart analysis.
CYRUS_VANILLA coach: [504, 0] no player type for opponent 3. restart analysis.
CYRUS_VANILLA coach: [504, 0] no player type for opponent 7. restart analysis.
CYRUS_VANILLA coach: [507, 0] no player type for opponent 3. restart analysis.
CYRUS_VANILLA coach: [515, 0] no player type for opponent 7. restart analysis.
CYRUS_VANILLA coach: [524, 0] no player type for opponent 6. restart analysis.
CYRUS_VANILLA coach: [532, 0] determined opponent 10 type = 3
CYRUS_VANILLA coach: [534, 0] no player type for opponent 3. restart analysis.
CYRUS_VANILLA coach: [537, 0] no player type for opponent 3. restart analysis.
CYRUS_VANILLA coach: [562, 0] no player type for opponent 6. restart analysis.
CYRUS_VANILLA 9: [567, 0]  WARNING. no turn_neck.
CYRUS_VANILLA 9: [568, 0]  WARNING. no turn_neck.
CYRUS_VANILLA 9: [569, 0]  WARNING. no turn_neck.
CYRUS_VANILLA coach: [571, 0] no player type for opponent 6. restart analysis.
CYRUS_VANILLA 9: [574, 0]  WARNING. no turn_neck.
CYRUS_VANILLA coach: [575, 0] no player type for opponent 6. restart analysis.
CYRUS_VANILLA coach: [580, 0] no player type for opponent 6. restart analysis.
CYRUS_VANILLA coach: [580, 0] no player type for opponent 7. restart analysis.
CYRUS_VANILLA coach: [581, 0] no player type for opponent 6. restart analysis.
CYRUS_VANILLA coach: [585, 0] no player type for opponent 6. restart analysis.
CYRUS_VANILLA coach: [588, 0] no player type for opponent 6. restart analysis.
CYRUS_VANILLA coach: [588, 0] no player type for opponent 3. restart analysis.
CYRUS_VANILLA coach: [591, 0] no player type for opponent 6. restart analysis.
CYRUS_VANILLA coach: [593, 0] no player type for opponent 6. restart analysis.
layerSize: 3
CYRUS_VANILLA coach: [599, 0] no player type for opponent 6. restart analysis.
CYRUS_VANILLA coach: [600, 0] no player type for opponent 6. restart analysis.
CYRUS_VANILLA coach: [601, 0] updated clang capacity.
SPICA325 coach: [601, 0] updated clang capacity.
CYRUS_VANILLA 9: [602, 0] lost kick by foul at [602, 0] sense=18 internal=19
CYRUS_VANILLA coach: [602, 1] sent freeform (player_types (1 0)(2 14)(3 -1)(4 8)(5 5)(6 -1)(7 -1)(8 13)(9 12)(10 3)(11 15))
CYRUS_VANILLA coach: [602, 1] freeform 2 / 128
SPICA325 coach: [602, 1] sent freeform (player_types (1 0)(2 14)(3 4)(4 8)(5 5)(6 7)(7 6)(8 13)(9 12)(10 3)(11 15))
SPICA325 coach: [602, 1] freeform 2 / 128
CYRUS_VANILLA coach: [700, 0] no player type for opponent 7. restart analysis.
CYRUS_VANILLA coach: [702, 0] no player type for opponent 6. restart analysis.
CYRUS_VANILLA coach: [722, 0] no player type for opponent 3. restart analysis.
CYRUS_VANILLA coach: [723, 0] determined opponent 7 type = 6
CYRUS_VANILLA coach: [740, 0] no player type for opponent 6. restart analysis.
CYRUS_VANILLA coach: [743, 0] no player type for opponent 3. restart analysis.
CYRUS_VANILLA coach: [752, 1] sent freeform (player_types (1 0)(2 14)(3 -1)(4 8)(5 5)(6 -1)(7 6)(8 13)(9 12)(10 3)(11 15))
CYRUS_VANILLA coach: [752, 1] freeform 3 / 128
CYRUS_VANILLA coach: [847, 0] no player type for opponent 6. restart analysis.
CYRUS_VANILLA coach: [856, 0] no player type for opponent 3. restart analysis.
CYRUS_VANILLA coach: [856, 0] no player type for opponent 6. restart analysis.
CYRUS_VANILLA coach: [857, 0] no player type for opponent 3. restart analysis.
CYRUS_VANILLA coach: [858, 0] no player type for opponent 3. restart analysis.
CYRUS_VANILLA coach: [860, 0] no player type for opponent 3. restart analysis.
CYRUS_VANILLA coach: [862, 0] no player type for opponent 3. restart analysis.
CYRUS_VANILLA coach: [870, 0] no player type for opponent 3. restart analysis.
CYRUS_VANILLA coach: [890, 0] no player type for opponent 6. restart analysis.
CYRUS_VANILLA coach: [893, 0] no player type for opponent 6. restart analysis.
CYRUS_VANILLA coach: [895, 0] no player type for opponent 6. restart analysis.
CYRUS_VANILLA coach: [897, 0] no player type for opponent 6. restart analysis.
SPICA325 coach: [901, 0] updated clang capacity.
CYRUS_VANILLA coach: [901, 0] updated clang capacity.
CYRUS_VANILLA coach: [915, 0] no player type for opponent 6. restart analysis.
CYRUS_VANILLA 7: [917, 0]  WARNING. no body command.
CYRUS_VANILLA coach: [917, 0] no player type for opponent 6. restart analysis.
CYRUS_VANILLA 7: [918, 0]  WARNING. no body command.
CYRUS_VANILLA coach: [922, 0] no player type for opponent 3. restart analysis.
CYRUS_VANILLA coach: [924, 0] no player type for opponent 3. restart analysis.
CYRUS_VANILLA coach: [925, 0] no player type for opponent 6. restart analysis.
CYRUS_VANILLA coach: [949, 0] no player type for opponent 6. restart analysis.
CYRUS_VANILLA coach: [962, 0] no player type for opponent 6. restart analysis.
CYRUS_VANILLA coach: [964, 0] no player type for opponent 6. restart analysis.
CYRUS_VANILLA coach: [971, 0] no player type for opponent 6. restart analysis.
CYRUS_VANILLA 4: [971, 0]  WARNING. no turn_neck.
CYRUS_VANILLA coach: [980, 0] determined opponent 6 type = 7
CYRUS_VANILLA coach: [982, 0] no player type for opponent 3. restart analysis.
CYRUS_VANILLA coach: [983, 0] no player type for opponent 3. restart analysis.
CYRUS_VANILLA coach: [987, 0] no player type for opponent 3. restart analysis.
CYRUS_VANILLA 9: [988, 0]  WARNING. no turn_neck.
CYRUS_VANILLA coach: [1004, 0] no player type for opponent 3. restart analysis.
CYRUS_VANILLA coach: [1016, 0] no player type for opponent 3. restart analysis.
CYRUS_VANILLA coach: [1028, 0] no player type for opponent 3. restart analysis.
SPICA325 7: [1031, 0] lost kick? at [1031, 0] sense=25 internal=26
CYRUS_VANILLA coach: [1064, 0] no player type for opponent 3. restart analysis.
CYRUS_VANILLA coach: [1081, 0] no player type for opponent 3. restart analysis.
CYRUS_VANILLA coach: [1095, 0] no player type for opponent 3. restart analysis.
SPICA325 9: [1119, 0]  WARNING. no turn_neck.
CYRUS_VANILLA coach: [1168, 0] no player type for opponent 3. restart analysis.
CYRUS_VANILLA coach: [1200, 0] no player type for opponent 3. restart analysis.
CYRUS_VANILLA coach: [1201, 0] no player type for opponent 3. restart analysis.
CYRUS_VANILLA coach: [1201, 0] updated clang capacity.
SPICA325 coach: [1201, 0] updated clang capacity.
CYRUS_VANILLA coach: [1203, 0] no player type for opponent 3. restart analysis.
SPICA325 10: [1274, 0] lost kick by foul at [1274, 0] sense=16 internal=17
CYRUS_VANILLA coach: [1278, 0] no player type for opponent 3. restart analysis.
CYRUS_VANILLA coach: [1280, 0] no player type for opponent 3. restart analysis.
CYRUS_VANILLA coach: [1281, 0] no player type for opponent 3. restart analysis.
CYRUS_VANILLA coach: [1294, 0] no player type for opponent 3. restart analysis.
CYRUS_VANILLA coach: [1309, 0] no player type for opponent 3. restart analysis.
CYRUS_VANILLA 11: [1345, 0]  WARNING. no turn_neck.
CYRUS_VANILLA 11: [1346, 0]  WARNING. no turn_neck.
CYRUS_VANILLA 11: [1367, 0]  WARNING. no turn_neck.
CYRUS_VANILLA 11: [1368, 0]  WARNING. no turn_neck.
CYRUS_VANILLA coach: [1377, 0] no player type for opponent 3. restart analysis.
CYRUS_VANILLA coach: [1390, 0] no player type for opponent 3. restart analysis.
CYRUS_VANILLA coach: [1421, 0] determined opponent 3 type = 4
CYRUS_VANILLA coach: [1443, 0] sent freeform (player_types (1 0)(2 14)(3 4)(4 8)(5 5)(6 7)(7 6)(8 13)(9 12)(10 3)(11 15))
CYRUS_VANILLA coach: [1443, 0] freeform 4 / 128
CYRUS_VANILLA coach: [1501, 0] updated clang capacity.
SPICA325 coach: [1501, 0] updated clang capacity.
CYRUS_VANILLA coach: [1801, 0] updated clang capacity.
SPICA325 coach: [1801, 0] updated clang capacity.
CYRUS_VANILLA 3: [2029, 0]  WARNING. no turn_neck.
CYRUS_VANILLA coach: [2101, 0] updated clang capacity.
SPICA325 coach: [2101, 0] updated clang capacity.
SPICA325 7: [2139, 0] lost kick by foul at [2139, 0] sense=63 internal=64
SPICA325 3: [2268, 0]  WARNING. no turn_neck.
SPICA325 3: [2269, 0]  WARNING. no turn_neck.
SPICA325 2: [2285, 0]  WARNING. no turn_neck.
SPICA325 2: [2286, 0]  WARNING. no turn_neck.
SPICA325 coach: [2401, 0] updated clang capacity.
CYRUS_VANILLA coach: [2401, 0] updated clang capacity.
SPICA325 11: [2444, 0]  WARNING. no turn_neck.
SPICA325 11: [2445, 0]  WARNING. no turn_neck.
SPICA325 9: [2458, 0] lost kick by foul at [2458, 0] sense=88 internal=89
CYRUS_VANILLA coach: [2701, 0] updated clang capacity.
SPICA325 coach: [2701, 0] updated clang capacity.
9 [2811, 0] no ball position cache.
9 [2811, 0] no ball position cache.
9 [2811, 0] Interecet Self cache is empty!
SPICA325 2: [2840, 0]  WARNING. no body command.
SPICA325 10: [2969, 0]  WARNING. no turn_neck.
Waiting to kick off
Kick_off_right
SPICA325 coach: [3001, 0] updated clang capacity.
CYRUS_VANILLA coach: [3001, 0] updated clang capacity.
CYRUS_VANILLA 7: [3124, 0]  WARNING. no turn_neck.
CYRUS_VANILLA 7: [3125, 0]  WARNING. no turn_neck.
SPICA325 coach: [3301, 0] updated clang capacity.
CYRUS_VANILLA coach: [3301, 0] updated clang capacity.
SPICA325 10: [3558, 0]  WARNING. no turn_neck.
SPICA325 10: [3559, 0]  WARNING. no turn_neck.
2 [3575, 6] no ball position cache.
2 [3575, 6] no ball position cache.
2 [3575, 6] Interecet Self cache is empty!
2 [3575, 7] no ball position cache.
2 [3575, 7] no ball position cache.
2 [3575, 7] Interecet Self cache is empty!
2 [3575, 8] no ball position cache.
2 [3575, 8] no ball position cache.
2 [3575, 8] Interecet Self cache is empty!
2 [3575, 9] no ball position cache.
2 [3575, 9] no ball position cache.
2 [3575, 9] Interecet Self cache is empty!
2 [3575, 10] no ball position cache.
2 [3575, 10] no ball position cache.
2 [3575, 10] Interecet Self cache is empty!
2 [3575, 11] no ball position cache.
2 [3575, 11] no ball position cache.
2 [3575, 11] Interecet Self cache is empty!
2 [3575, 12] no ball position cache.
2 [3575, 12] no ball position cache.
2 [3575, 12] Interecet Self cache is empty!
2 [3575, 13] no ball position cache.
2 [3575, 13] no ball position cache.
2 [3575, 13] Interecet Self cache is empty!
2 [3575, 14] no ball position cache.
2 [3575, 14] no ball position cache.
2 [3575, 14] Interecet Self cache is empty!
2 [3575, 15] no ball position cache.
2 [3575, 15] no ball position cache.
2 [3575, 15] Interecet Self cache is empty!
2 [3575, 16] no ball position cache.
2 [3575, 16] no ball position cache.
2 [3575, 16] Interecet Self cache is empty!
2 [3575, 17] no ball position cache.
2 [3575, 17] no ball position cache.
2 [3575, 17] Interecet Self cache is empty!
2 [3575, 24] no ball position cache.
2 [3575, 24] no ball position cache.
2 [3575, 24] Interecet Self cache is empty!
2 [3575, 25] no ball position cache.
2 [3575, 25] no ball position cache.
2 [3575, 25] Interecet Self cache is empty!
2 [3575, 26] no ball position cache.
2 [3575, 26] no ball position cache.
2 [3575, 26] Interecet Self cache is empty!
2 [3575, 27] no ball position cache.
2 [3575, 27] no ball position cache.
2 [3575, 27] Interecet Self cache is empty!
2 [3575, 28] no ball position cache.
2 [3575, 28] no ball position cache.
2 [3575, 28] Interecet Self cache is empty!
2 [3575, 29] no ball position cache.
2 [3575, 29] no ball position cache.
2 [3575, 29] Interecet Self cache is empty!
2 [3575, 36] no ball position cache.
2 [3575, 36] no ball position cache.
2 [3575, 36] Interecet Self cache is empty!
2 [3575, 37] no ball position cache.
2 [3575, 37] no ball position cache.
2 [3575, 37] Interecet Self cache is empty!
2 [3575, 38] no ball position cache.
2 [3575, 38] no ball position cache.
2 [3575, 38] Interecet Self cache is empty!
2 [3575, 39] no ball position cache.
2 [3575, 39] no ball position cache.
2 [3575, 39] Interecet Self cache is empty!
2 [3575, 40] no ball position cache.
2 [3575, 40] no ball position cache.
2 [3575, 40] Interecet Self cache is empty!
2 [3575, 41] no ball position cache.
2 [3575, 41] no ball position cache.
2 [3575, 41] Interecet Self cache is empty!
2 [3575, 42] no ball position cache.
2 [3575, 42] no ball position cache.
2 [3575, 42] Interecet Self cache is empty!
2 [3575, 43] no ball position cache.
2 [3575, 43] no ball position cache.
2 [3575, 43] Interecet Self cache is empty!
2 [3575, 44] no ball position cache.
2 [3575, 44] no ball position cache.
2 [3575, 44] Interecet Self cache is empty!
2 [3575, 45] no ball position cache.
2 [3575, 45] no ball position cache.
2 [3575, 45] Interecet Self cache is empty!
2 [3575, 46] no ball position cache.
2 [3575, 46] no ball position cache.
2 [3575, 46] Interecet Self cache is empty!
2 [3575, 47] no ball position cache.
2 [3575, 47] no ball position cache.
2 [3575, 47] Interecet Self cache is empty!
2 [3575, 48] no ball position cache.
2 [3575, 48] no ball position cache.
2 [3575, 48] Interecet Self cache is empty!
2 [3575, 49] no ball position cache.
2 [3575, 49] no ball position cache.
2 [3575, 49] Interecet Self cache is empty!
2 [3575, 50] no ball position cache.
2 [3575, 50] no ball position cache.
2 [3575, 50] Interecet Self cache is empty!
SPICA325 coach: [3601, 0] updated clang capacity.
CYRUS_VANILLA coach: [3601, 0] updated clang capacity.
CYRUS_VANILLA 2: [3761, 0]  WARNING. no turn_neck.
SPICA325 8: [3826, 0] lost kick by foul at [3826, 0] sense=23 internal=24
SPICA325 coach: [3901, 0] updated clang capacity.
CYRUS_VANILLA coach: [3901, 0] updated clang capacity.
CYRUS_VANILLA 7: [3907, 0] lost kick by foul at [3907, 0] sense=60 internal=61
SPICA325 coach: [4201, 0] updated clang capacity.
CYRUS_VANILLA coach: [4201, 0] updated clang capacity.
SPICA325 9: [4342, 0]  WARNING. no turn_neck.
SPICA325 9: [4343, 0]  WARNING. no turn_neck.
SPICA325 9: [4346, 0]  WARNING. no turn_neck.
SPICA325 9: [4486, 0] lost kick by foul at [4486, 0] sense=146 internal=147
CYRUS_VANILLA coach: [4501, 0] updated clang capacity.
SPICA325 coach: [4501, 0] updated clang capacity.
9 [4756, 0] no ball position cache.
9 [4756, 0] no ball position cache.
9 [4756, 0] Interecet Self cache is empty!
CYRUS_VANILLA coach: [4801, 0] updated clang capacity.
SPICA325 coach: [4801, 0] updated clang capacity.
CYRUS_VANILLA 9: [4965, 0]  WARNING. no turn_neck.
CYRUS_VANILLA 4: [5059, 0] lost kick by foul at [5059, 0] sense=12 internal=13
CYRUS_VANILLA coach: [5101, 0] updated clang capacity.
SPICA325 coach: [5101, 0] updated clang capacity.
CYRUS_VANILLA 7: [5360, 0]  WARNING. no turn_neck.
CYRUS_VANILLA 7: [5361, 0]  WARNING. no turn_neck.
CYRUS_VANILLA 7: [5362, 0]  WARNING. no turn_neck.
SPICA325 coach: [5401, 0] updated clang capacity.
CYRUS_VANILLA coach: [5401, 0] updated clang capacity.
CYRUS_VANILLA 9: [5640, 0]  WARNING. no turn_neck.
CYRUS_VANILLA 11: [5646, 0]  WARNING. no turn_neck.
CYRUS_VANILLA 3: [5676, 0]  WARNING. no turn_neck.
CYRUS_VANILLA 3: [5677, 0]  WARNING. no turn_neck.
SPICA325 coach: [5701, 0] updated clang capacity.
CYRUS_VANILLA coach: [5701, 0] updated clang capacity.
SPICA325 10: [5879, 0]  WARNING. no turn_neck.
CYRUS_VANILLA 8: finished.
SPICA325 7: finished.
CYRUS_VANILLA 7: finished.
SPICA325 9: finished.
CYRUS_VANILLA 9: finished.
SPICA325 11: finished.
CYRUS_VANILLA 10: finished.
SPICA325 1: finished.
SPICA325 coach: [6000, 0] new freeform allowed 256
SPICA325 coach: finished.
SPICA325 3: finished.
SPICA325 4: finished.
SPICA325 5: finished.
CYRUS_VANILLA 2: finished.
SPICA325 8: finished.
CYRUS_VANILLA 1: finished.
SPICA325 6: finished.
CYRUS_VANILLA 11: finished.
CYRUS_VANILLA 3: finished.
SPICA325 10: finished.
CYRUS_VANILLA 5: finished.
Waiting after end of match
A player disconnected : (CYRUS_VANILLA 1)
A player disconnected : (SPICA325 1)
A player disconnected : (SPICA325 2)
A player disconnected : (CYRUS_VANILLA 7)
A player disconnected : (CYRUS_VANILLA 6)
A player disconnected : (CYRUS_VANILLA 3)
A player disconnected : (CYRUS_VANILLA 4)
A player disconnected : (SPICA325 5)
A player disconnected : (CYRUS_VANILLA 9)
A player disconnected : (CYRUS_VANILLA 8)
A player disconnected : (SPICA325 7)
A player disconnected : (CYRUS_VANILLA 5)
A player disconnected : (SPICA325 9)
A player disconnected : (SPICA325 10)
An online coach disconnected : (CYRUS_VANILLA)
A player disconnected : (SPICA325 8)
A player disconnected : (CYRUS_VANILLA 10)
A player disconnected : (SPICA325 4)
A player disconnected : (SPICA325 11)
A player disconnected : (CYRUS_VANILLA 2)
A player disconnected : (SPICA325 3)
An online coach disconnected : (SPICA325)
A player disconnected : (SPICA325 6)
A player disconnected : (CYRUS_VANILLA 11)
Killing 16670
CYRUS_VANILLA 4: finished.
CYRUS_VANILLA coach: finished.
CYRUS_VANILLA 6: finished.
SPICA325 2: finished.
Killing 16683

Game Over. Exiting...

Saving Results:
	CSVSaver: saving...
	CSVSaver: ...disabled
	STDOutSaver: saving...

Game Results:
	2026-06-27 09:33:03
	'SPICA325' vs 'CYRUS_VANILLA'
	Score: 2 - 1
 
	STDOutSaver: ...saved

Saving Results Complete
