rcssserver-19.0.0

Copyright (C) 1995, 1996, 1997, 1998, 1999 Electrotechnical Laboratory.
2000 - RoboCup Soccer Simulator Maintenance Group.

Simulator Random Seed: 1782550405
CSVSaver: Ready
STDOutSaver: Ready
Using simulator's random seed as Hetero Player Seed: 1782550405
******************************************************************
 HELIOS base
 Created by Hidehisa Akiyama and Hiroki Shimora
 Copyright 2000-2007.  Hidehisa Akiyama
 Copyright 2007-2011.  Hidehisa Akiyama and Hiroki Shimora
 All rights reserved.
******************************************************************
PING localhost (127.0.0.1) 56(84) bytes of data.
64 bytes from localhost (127.0.0.1): icmp_seq=1 ttl=64 time=0.019 ms

--- localhost ping statistics ---
1 packets transmitted, 1 received, 0% packet loss, time 0ms
rtt min/avg/max/mdev = 0.019/0.019/0.019/0.000 ms
******************************************************************
 librcsc 
 Copyright 2000 - 2007. Hidehisa Akiyama.
 Copyright 2007 - 2011. Hidehisa Akiyama and Hiroki Shimora
 Copyright 2011 -  Hidehisa Akiyama, Hiroki Shimora
   Takuya Fukushima (2019-)
 All rights reserved.
******************************************************************
*****************************************************************
 This program is based on agent2d created by Hidehisa Akiyama.
 Copyright 2006 - 2011. Hidehisa Akiyama and Hiroki Shimora.
 All rights reserved.
*****************************************************************
SPICA325: init ok.  unum: 1 side: l
SPICA325 1: [-1, 0] (v18+) force synch see mode.
wind factor: rand: 0.000000, vector: (0.000000, 0.000000)

Hit CTRL-C to exit
Starting "/bin/sh -c scripts/team_launchers/spica325_left.sh"
Waiting for players to connect
A new (v18) player (SPICA325 1) connected.
******************************************************************
 HELIOS base
 Created by Hidehisa Akiyama and Hiroki Shimora
 Copyright 2000-2007.  Hidehisa Akiyama
 Copyright 2007-2011.  Hidehisa Akiyama and Hiroki Shimora
 All rights reserved.
******************************************************************
PING localhost (127.0.0.1) 56(84) bytes of data.
64 bytes from localhost (127.0.0.1): icmp_seq=1 ttl=64 time=0.018 ms

--- localhost ping statistics ---
1 packets transmitted, 1 received, 0% packet loss, time 0ms
rtt min/avg/max/mdev = 0.018/0.018/0.018/0.000 ms
******************************************************************
 librcsc 
 Copyright 2000 - 2007. Hidehisa Akiyama.
 Copyright 2007 - 2011. Hidehisa Akiyama and Hiroki Shimora
 Copyright 2011 -  Hidehisa Akiyama, Hiroki Shimora
   Takuya Fukushima (2019-)
 All rights reserved.
******************************************************************
SPICA325 1:  KickTable created.
SPICA325 1: [-1, 0] set synch see mode.
*****************************************************************
 This program is based on agent2d created by Hidehisa Akiyama.
 Copyright 2006 - 2011. Hidehisa Akiyama and Hiroki Shimora.
 All rights reserved.
*****************************************************************
CYRUS_VANILLA: init ok.  unum: 1 side: r
CYRUS_VANILLA 1: [-1, 0] (v18+) force synch see mode.
Starting "/bin/sh -c scripts/team_launchers/cyrus_vanilla_right.sh"
A new (v18) player (CYRUS_VANILLA 1) connected.
CYRUS_VANILLA 1:  KickTable created.
CYRUS_VANILLA 1: [-1, 0] set synch see mode.
Read Setting: ./data/settings/Other.json
Read Setting: ./data/settings/Other.json
******************************************************************
 librcsc 
 Copyright 2000 - 2007. Hidehisa Akiyama.
 Copyright 2007 - 2011. Hidehisa Akiyama and Hiroki Shimora
 Copyright 2011 -  Hidehisa Akiyama, Hiroki Shimora
   Takuya Fukushima (2019-)
 All rights reserved.
******************************************************************
******************************************************************
 librcsc 
 Copyright 2000 - 2007. Hidehisa Akiyama.
 Copyright 2007 - 2011. Hidehisa Akiyama and Hiroki Shimora
 Copyright 2011 -  Hidehisa Akiyama, Hiroki Shimora
   Takuya Fukushima (2019-)
 All rights reserved.
******************************************************************
******************************************************************
 librcsc 
 Copyright 2000 - 2007. Hidehisa Akiyama.
 Copyright 2007 - 2011. Hidehisa Akiyama and Hiroki Shimora
 Copyright 2011 -  Hidehisa Akiyama, Hiroki Shimora
   Takuya Fukushima (2019-)
 All rights reserved.
******************************************************************
******************************************************************
 librcsc 
 Copyright 2000 - 2007. Hidehisa Akiyama.
 Copyright 2007 - 2011. Hidehisa Akiyama and Hiroki Shimora
 Copyright 2011 -  Hidehisa Akiyama, Hiroki Shimora
   Takuya Fukushima (2019-)
 All rights reserved.
******************************************************************
******************************************************************
 librcsc 
 Copyright 2000 - 2007. Hidehisa Akiyama.
 Copyright 2007 - 2011. Hidehisa Akiyama and Hiroki Shimora
 Copyright 2011 -  Hidehisa Akiyama, Hiroki Shimora
   Takuya Fukushima (2019-)
 All rights reserved.
******************************************************************
******************************************************************
 librcsc 
 Copyright 2000 - 2007. Hidehisa Akiyama.
 Copyright 2007 - 2011. Hidehisa Akiyama and Hiroki Shimora
 Copyright 2011 -  Hidehisa Akiyama, Hiroki Shimora
   Takuya Fukushima (2019-)
 All rights reserved.
******************************************************************
******************************************************************
 librcsc 
 Copyright 2000 - 2007. Hidehisa Akiyama.
 Copyright 2007 - 2011. Hidehisa Akiyama and Hiroki Shimora
 Copyright 2011 -  Hidehisa Akiyama, Hiroki Shimora
   Takuya Fukushima (2019-)
 All rights reserved.
******************************************************************
******************************************************************
 librcsc 
 Copyright 2000 - 2007. Hidehisa Akiyama.
 Copyright 2007 - 2011. Hidehisa Akiyama and Hiroki Shimora
 Copyright 2011 -  Hidehisa Akiyama, Hiroki Shimora
   Takuya Fukushima (2019-)
 All rights reserved.
******************************************************************
******************************************************************
 librcsc 
 Copyright 2000 - 2007. Hidehisa Akiyama.
 Copyright 2007 - 2011. Hidehisa Akiyama and Hiroki Shimora
 Copyright 2011 -  Hidehisa Akiyama, Hiroki Shimora
   Takuya Fukushima (2019-)
 All rights reserved.
******************************************************************
*****************************************************************
 This program is based on agent2d created by Hidehisa Akiyama.
 Copyright 2006 - 2011. Hidehisa Akiyama and Hiroki Shimora.
 All rights reserved.
*****************************************************************
A new (v18) player (SPICA325 2) connected.
SPICA325: init ok.  unum: 2 side: l
SPICA325 2: [-1, 0] (v18+) force synch see mode.
*****************************************************************
 This program is based on agent2d created by Hidehisa Akiyama.
 Copyright 2006 - 2011. Hidehisa Akiyama and Hiroki Shimora.
 All rights reserved.
*****************************************************************
******************************************************************
 librcsc 
 Copyright 2000 - 2007. Hidehisa Akiyama.
 Copyright 2007 - 2011. Hidehisa Akiyama and Hiroki Shimora
 Copyright 2011 -  Hidehisa Akiyama, Hiroki Shimora
   Takuya Fukushima (2019-)
 All rights reserved.
******************************************************************
*****************************************************************
 This program is based on agent2d created by Hidehisa Akiyama.
 Copyright 2006 - 2011. Hidehisa Akiyama and Hiroki Shimora.
 All rights reserved.
*****************************************************************
******************************************************************
 librcsc 
 Copyright 2000 - 2007. Hidehisa Akiyama.
 Copyright 2007 - 2011. Hidehisa Akiyama and Hiroki Shimora
 Copyright 2011 -  Hidehisa Akiyama, Hiroki Shimora
   Takuya Fukushima (2019-)
 All rights reserved.
******************************************************************
*****************************************************************
 This program is based on agent2d created by Hidehisa Akiyama.
 Copyright 2006 - 2011. Hidehisa Akiyama and Hiroki Shimora.
 All rights reserved.
*****************************************************************
*****************************************************************
 This program is based on agent2d created by Hidehisa Akiyama.
 Copyright 2006 - 2011. Hidehisa Akiyama and Hiroki Shimora.
 All rights reserved.
*****************************************************************
******************************************************************
 librcsc 
 Copyright 2000 - 2007. Hidehisa Akiyama.
 Copyright 2007 - 2011. Hidehisa Akiyama and Hiroki Shimora
 Copyright 2011 -  Hidehisa Akiyama, Hiroki Shimora
   Takuya Fukushima (2019-)
 All rights reserved.
******************************************************************
*****************************************************************
 This program is based on agent2d created by Hidehisa Akiyama.
 Copyright 2006 - 2011. Hidehisa Akiyama and Hiroki Shimora.
 All rights reserved.
*****************************************************************
******************************************************************
 librcsc 
 Copyright 2000 - 2007. Hidehisa Akiyama.
 Copyright 2007 - 2011. Hidehisa Akiyama and Hiroki Shimora
 Copyright 2011 -  Hidehisa Akiyama, Hiroki Shimora
   Takuya Fukushima (2019-)
 All rights reserved.
******************************************************************
******************************************************************
 librcsc 
 Copyright 2000 - 2007. Hidehisa Akiyama.
 Copyright 2007 - 2011. Hidehisa Akiyama and Hiroki Shimora
 Copyright 2011 -  Hidehisa Akiyama, Hiroki Shimora
   Takuya Fukushima (2019-)
 All rights reserved.
******************************************************************
*****************************************************************
 This program is based on agent2d created by Hidehisa Akiyama.
 Copyright 2006 - 2011. Hidehisa Akiyama and Hiroki Shimora.
 All rights reserved.
*****************************************************************
*****************************************************************
 This program is based on agent2d created by Hidehisa Akiyama.
 Copyright 2006 - 2011. Hidehisa Akiyama and Hiroki Shimora.
 All rights reserved.
*****************************************************************
SPICA325: init ok.  unum: 3 side: l
SPICA325******************************************************************
 librcsc 
 Copyright 2000 - 2007. Hidehisa Akiyama.
 Copyright 2007 - 2011. Hidehisa Akiyama and Hiroki Shimora
 Copyright 2011 -  Hidehisa Akiyama, Hiroki Shimora
   Takuya Fukushima (2019-)
 All rights reserved.
******************************************************************
 3: [-1, 0] (v18+) force synch see mode.
A new (v18) player (SPICA325 3) connected.
A new (v18) player (SPICA325 4) connected.
SPICA325: init ok.  unum: 5 side: l
SPICA325 5: [-1, 0] (v18+) force synch see mode.
SPICA325: init ok.  unum: 4 side: l
SPICA325 4: [-1, 0] (v18+) force synch see mode.
A new (v18) player (SPICA325 5) connected.
SPICA325: init ok.  unum: 6 side: l
SPICA325 6: [-1, 0] (v18+) force synch see mode.
A new (v18) player (SPICA325 6) connected.
A new (v18) player (SPICA325 7) connected.
A new (v18) player (SPICA325 8) connected.
A new (v18) online coach (SPICA325) connected.
SPICA325: init ok.  unum: 8 side: l
SPICA325 8: [-1, 0] (v18+) force synch see mode.
SPICA325: init ok.  unum: 7 side: l
SPICA325 7: [-1, 0] (v18+) force synch see mode.
******************************************************************
 librcsc 
 Copyright 2000 - 2007. Hidehisa Akiyama.
 Copyright 2007 - 2011. Hidehisa Akiyama and Hiroki Shimora
 Copyright 2011 -  Hidehisa Akiyama, Hiroki Shimora
   Takuya Fukushima (2019-)
 All rights reserved.
******************************************************************
SPICA325 coach: [0, 0] recv (ok eye on)
SPICA325 2:  KickTable created.
SPICA325 2: [-1, 0] set synch see mode.
*****************************************************************
 This program is based on agent2d created by Hidehisa Akiyama.
 Copyright 2006 - 2011. Hidehisa Akiyama and Hiroki Shimora.
 All rights reserved.
*****************************************************************
******************************************************************
 librcsc 
 Copyright 2000 - 2007. Hidehisa Akiyama.
 Copyright 2007 - 2011. Hidehisa Akiyama and Hiroki Shimora
 Copyright 2011 -  Hidehisa Akiyama, Hiroki Shimora
   Takuya Fukushima (2019-)
 All rights reserved.
******************************************************************
******************************************************************
 librcsc 
 Copyright 2000 - 2007. Hidehisa Akiyama.
 Copyright 2007 - 2011. Hidehisa Akiyama and Hiroki Shimora
 Copyright 2011 -  Hidehisa Akiyama, Hiroki Shimora
   Takuya Fukushima (2019-)
 All rights reserved.
******************************************************************
*****************************************************************
 This program is based on agent2d created by Hidehisa Akiyama.
 Copyright 2006 - 2011. Hidehisa Akiyama and Hiroki Shimora.
 All rights reserved.
*****************************************************************
*****************************************************************
 This program is based on agent2d created by Hidehisa Akiyama.
 Copyright 2006 - 2011. Hidehisa Akiyama and Hiroki Shimora.
 All rights reserved.
*****************************************************************
******************************************************************
 librcsc 
 Copyright 2000 - 2007. Hidehisa Akiyama.
 Copyright 2007 - 2011. Hidehisa Akiyama and Hiroki Shimora
 Copyright 2011 -  Hidehisa Akiyama, Hiroki Shimora
   Takuya Fukushima (2019-)
 All rights reserved.
******************************************************************
******************************************************************
 librcsc 
 Copyright 2000 - 2007. Hidehisa Akiyama.
 Copyright 2007 - 2011. Hidehisa Akiyama and Hiroki Shimora
 Copyright 2011 -  Hidehisa Akiyama, Hiroki Shimora
   Takuya Fukushima (2019-)
 All rights reserved.
******************************************************************
A new (v18) player (SPICA325 9) connected.
A new (v18) player (SPICA325 10) connected.
A new (v18) player (SPICA325 11) connected.
Read Setting: ./data/settings/Other.json
SPICA325: init ok.  unum: 9 side: l
SPICA325 9: [-1, 0] (v18+) force synch see mode.
SPICA325: init ok.  unum: SPICA32511 side: : linit ok.  unum: 
10 side: l
SPICA325 10: SPICA325[ -111, : 0][ (v18+) force synch see mode.
-1, 0] (v18+) force synch see mode.
******************************************************************
 librcsc 
 Copyright 2000 - 2007. Hidehisa Akiyama.
 Copyright 2007 - 2011. Hidehisa Akiyama and Hiroki Shimora
 Copyright 2011 -  Hidehisa Akiyama, Hiroki Shimora
   Takuya Fukushima (2019-)
 All rights reserved.
******************************************************************
SPICA325 6:  KickTable created.
SPICA325 3:  KickTable created.
SPICA325 3: [-1, 0] set synch see mode.
*****************************************************************
 This program is based on agent2d created by Hidehisa Akiyama.
 Copyright 2006 - 2011. Hidehisa Akiyama and Hiroki Shimora.
 All rights reserved.
*****************************************************************
******************************************************************
 librcsc 
 Copyright 2000 - 2007. Hidehisa Akiyama.
 Copyright 2007 - 2011. Hidehisa Akiyama and Hiroki Shimora
 Copyright 2011 -  Hidehisa Akiyama, Hiroki Shimora
   Takuya Fukushima (2019-)
 All rights reserved.
******************************************************************
*****************************************************************
 This program is based on agent2d created by Hidehisa Akiyama.
 Copyright 2006 - 2011. Hidehisa Akiyama and Hiroki Shimora.
 All rights reserved.
*****************************************************************
A new (v18) online coach (CYRUS_VANILLA) connected.
SPICA325 7:  KickTable created.
SPICA325 8:  KickTable created.
SPICA325 8: [-1, 0] set synch see mode.
SPICA325 6: [-1, 0] set synch see mode.
CYRUS_VANILLA coach: [-1, 0] recv (ok eye on)
SPICA325 5:  KickTable created.
SPICA325 5: [-1, 0] set synch see mode.
SPICA325 7: [-1, 0] set synch see mode.
A new (v18) player (CYRUS_VANILLA 2) connected.
SPICA325 4:  KickTable created.
SPICA325 4: [-1, 0] set synch see mode.
CYRUS_VANILLA: init ok.  unum: 2 side: r
CYRUS_VANILLA 2: [-1, 0] (v18+) force synch see mode.
*****************************************************************
 This program is based on agent2d created by Hidehisa Akiyama.
 Copyright 2006 - 2011. Hidehisa Akiyama and Hiroki Shimora.
 All rights reserved.
*****************************************************************
*****************************************************************
 This program is based on agent2d created by Hidehisa Akiyama.
 Copyright 2006 - 2011. Hidehisa Akiyama and Hiroki Shimora.
 All rights reserved.
*****************************************************************
*****************************************************************
 This program is based on agent2d created by Hidehisa Akiyama.
 Copyright 2006 - 2011. Hidehisa Akiyama and Hiroki Shimora.
 All rights reserved.
*****************************************************************
*****************************************************************
 This program is based on agent2d created by Hidehisa Akiyama.
 Copyright 2006 - 2011. Hidehisa Akiyama and Hiroki Shimora.
 All rights reserved.
*****************************************************************
SPICA325 10:  KickTable created.
SPICA325 10: [-1, 0] set synch see mode.
*****************************************************************
 This program is based on agent2d created by Hidehisa Akiyama.
 Copyright 2006 - 2011. Hidehisa Akiyama and Hiroki Shimora.
 All rights reserved.
*****************************************************************
*****************************************************************
 This program is based on agent2d created by Hidehisa Akiyama.
 Copyright 2006 - 2011. Hidehisa Akiyama and Hiroki Shimora.
 All rights reserved.
*****************************************************************
*****************************************************************
 This program is based on agent2d created by Hidehisa Akiyama.
 Copyright 2006 - 2011. Hidehisa Akiyama and Hiroki Shimora.
 All rights reserved.
*****************************************************************
SPICA325 11:  KickTable created.
SPICA325 11: [-1, 0] set synch see mode.
SPICA325 9:  KickTable created.
Read Setting: ./data/settings/Other.json
Read Setting: ./data/settings/Other.json
Read Setting: ./data/settings/Other.json
Read Setting: ./data/settings/Other.json
Read Setting: ./data/settings/Other.json
Read Setting: ./data/settings/Other.json
A new (v18) player (CYRUS_VANILLA 3) connected.
A new (v18) player (CYRUS_VANILLA 4) connected.
A new (v18) player (CYRUS_VANILLA 5) connected.
CYRUS_VANILLA: init ok.  unum: 6 side: r
CYRUS_VANILLA 6: [-1, 0] (v18+) force synch see mode.
A new (v18) player (CYRUS_VANILLA 6) connected.
A new (v18) player (CYRUS_VANILLA 7) connected.
CYRUS_VANILLA: init ok.  unum: 3 side: r
CYRUS_VANILLA 3: [-1, 0] (v18+) force synch see mode.
*****************************************************************
 This program is based on agent2d created by Hidehisa Akiyama.
 Copyright 2006 - 2011. Hidehisa Akiyama and Hiroki Shimora.
 All rights reserved.
*****************************************************************
CYRUS_VANILLA: init ok.  unum: 5 side: r
CYRUS_VANILLA: init ok.  unum: 4 side: r
CYRUS_VANILLA 5: [-1, 0] (v18+) force synch see mode.
CYRUS_VANILLA 4: [-1, 0] (v18+) force synch see mode.
CYRUS_VANILLA: init ok.  unum: 7 side: r
CYRUS_VANILLA 7: [-1, 0] (v18+) force synch see mode.
CYRUS_VANILLA: init ok.  unum: 8 side: r
CYRUS_VANILLA 8: [-1, 0] (v18+) force synch see mode.
A new (v18) player (CYRUS_VANILLA 8) connected.
A new (v18) player (CYRUS_VANILLA 9) connected.
A new (v18) player (CYRUS_VANILLA 10) connected.
CYRUS_VANILLA: init ok.  unum: 10 side: r
CYRUS_VANILLA 10: [-1, 0] (v18+) force synch see mode.
CYRUS_VANILLA: init ok.  unum: 9 side: r
CYRUS_VANILLA 9: [-1, 0] (v18+) force synch see mode.
SPICA325 9: [-1, 0] set synch see mode.
*****************************************************************
 This program is based on agent2d created by Hidehisa Akiyama.
 Copyright 2006 - 2011. Hidehisa Akiyama and Hiroki Shimora.
 All rights reserved.
*****************************************************************
CYRUS_VANILLA: init ok.  unum: 11 side: r
CYRUS_VANILLA 11: [-1, 0] (v18+) force synch see mode.
A new (v18) player (CYRUS_VANILLA 11) connected.
CYRUS_VANILLA 2:  KickTable created.
CYRUS_VANILLA 2: [-1, 0] set synch see mode.
CYRUS_VANILLA 6:  KickTable created.
CYRUS_VANILLA 6: [-1, 0] set synch see mode.
CYRUS_VANILLA 4:  KickTable created.
CYRUS_VANILLA 4: [-1, 0] set synch see mode.
CYRUS_VANILLA 10:  KickTable created.
CYRUS_VANILLA 10: [-1, 0] set synch see mode.
CYRUS_VANILLA 5:  KickTable created.
CYRUS_VANILLA 5: [-1, 0] set synch see mode.
CYRUS_VANILLA 9:  KickTable created.
CYRUS_VANILLA 11:  KickTable created.
Read Setting: ./data/settings/Other.json
Read Setting: ./data/settings/Other.json
Read Setting: ./data/settings/Other.json
CYRUS_VANILLA 11: [-1, 0] set synch see mode.
CYRUS_VANILLA 9: [-1, 0] set synch see mode.
CYRUS_VANILLA 8:  KickTable created.
CYRUS_VANILLA 8: [-1, 0] set synch see mode.
CYRUS_VANILLA 3:  KickTable created.
CYRUS_VANILLA 3: [-1, 0] set synch see mode.
CYRUS_VANILLA 7:  KickTable created.
CYRUS_VANILLA 7: [-1, 0] set synch see mode.
id speed step inc  power  stam  karea
 0 1.000   6  45.0 100.0  55.0  1.085
 1 0.960   5  40.5 100.0  59.5  1.045
 2 0.769   4  44.6 100.0  55.4  1.124
 3 0.823   4  41.8 100.0  58.2  1.081
 4 0.928   7  48.7 100.0  51.3  1.175
 5 0.886   6  46.1 100.0  53.9  0.989
 6 0.954   6  43.0 100.0  57.0  0.986
 7 0.847   6  47.7 100.0  52.3  1.162
 8 0.973   5  43.4 100.0  56.6  1.103
 9 0.827   6  45.3 100.0  54.7  1.169
 10 0.753   6  50.9 100.0  49.1  1.135
 11 0.788   6  49.3 100.0  50.7  0.988
 12 0.992   6  40.5 100.0  59.5  0.999
 13 0.778   5  44.8 100.0  55.2  1.134
 14 0.756   5  50.3 100.0  49.7  1.085
 15 1.009   7  46.9 100.0  53.1  1.097
 16 0.827   5  48.2 100.0  51.8  1.063
 17 0.945   6  48.7 100.0  51.3  1.178
$$$$$$$$$$$$$$$$$$$$$$$$isother
SPICA325 coach: change player 1 to type 0
SPICA325 coach: change player 9 to type 15
SPICA325 coach: change player 2 to type 12
SPICA325 coach: change player 11 to type 8
SPICA325 coach: change player 4 to type 1
SPICA325 coach: change player 10 to type 17
SPICA325 coach: change player 3 to type 6
SPICA325 coach: change player 5 to type 4
SPICA325 coach: change player 7 to type 5
SPICA325 coach: change player 8 to type 7
SPICA325 coach: change player 6 to type 3
id speed step inc  power  stam  karea
 0 1.000   6  45.0 100.0  55.0  1.085
 1 0.960   5  40.5 100.0  59.5  1.045
 2 0.769   4  44.6 100.0  55.4  1.124
 3 0.823   4  41.8 100.0  58.2  1.081
 4 0.928   7  48.7 100.0  51.3  1.175
 5 0.886   6  46.1 100.0  53.9  0.989
 6 0.954   6  43.0 100.0  57.0  0.986
 7 0.847   6  47.7 100.0  52.3  1.162
 8 0.973   5  43.4 100.0  56.6  1.103
 9 0.827   6  45.3 100.0  54.7  1.169
 10 0.753   6  50.9 100.0  49.1  1.135
 11 0.788   6  49.3 100.0  50.7  0.988
 12 0.992   6  40.5 100.0  59.5  0.999
 13 0.778   5  44.8 100.0  55.2  1.134
 14 0.756   5  50.3 100.0  49.7  1.085
 15 1.009   7  46.9 100.0  53.1  1.097
 16 0.827   5  48.2 100.0  51.8  1.063
 17 0.945   6  48.7 100.0  51.3  1.178
$$$$$$$$$$$$$$$$$$$$$$$$isother
CYRUS_VANILLA coach: change player 1 to type 0
CYRUS_VANILLA coach: change player 9 to type 15
CYRUS_VANILLA coach: change player 2 to type 12
CYRUS_VANILLA coach: change player 11 to type 8
CYRUS_VANILLA coach: change player 4 to type 1
CYRUS_VANILLA coach: change player 10 to type 17
CYRUS_VANILLA coach: change player 3 to type 6
CYRUS_VANILLA coach: change player 5 to type 4
CYRUS_VANILLA coach: change player 7 to type 5
CYRUS_VANILLA coach: change player 8 to type 7
CYRUS_VANILLA coach: change player 6 to type 3
Read Setting: ./data/settings/Other.json
Read Setting: ./data/settings/Other.json
Read Setting: ./data/settings/Other.json
Read Setting: ./data/settings/Other.json
Read Setting: ./data/settings/Other.json
Read Setting: ./data/settings/Other.json
Read Setting: ./data/settings/Other.json
Read Setting: ./data/settings/Other.json
Read Setting: ./data/settings/Other.json
Read Setting: ./data/settings/Other.json
Waiting to kick off
Kick_off_left
CYRUS_VANILLA coach: [94, 0] no player type for opponent 9. restart analysis.
SPICA325 coach: [95, 0] no player type for opponent 10. restart analysis.
SPICA325 coach: [95, 0] no player type for opponent 7. restart analysis.
SPICA325 coach: [96, 0] no player type for opponent 8. restart analysis.
SPICA325 coach: [96, 0] no player type for opponent 7. restart analysis.
SPICA325 coach: [96, 0] no player type for opponent 3. restart analysis.
SPICA325 coach: [97, 0] no player type for opponent 7. restart analysis.
CYRUS_VANILLA coach: [97, 0] no player type for opponent 11. restart analysis.
CYRUS_VANILLA coach: [98, 0] no player type for opponent 10. restart analysis.
SPICA325 coach: [98, 0] no player type for opponent 8. restart analysis.
SPICA325 coach: [98, 0] no player type for opponent 10. restart analysis.
SPICA325 coach: [98, 0] no player type for opponent 11. restart analysis.
SPICA325 coach: [98, 0] no player type for opponent 6. restart analysis.
SPICA325 coach: [99, 0] no player type for opponent 3. restart analysis.
SPICA325 coach: [100, 0] determined opponent 4 type = 1
SPICA325 coach: [100, 0] determined opponent 5 type = 4
SPICA325 coach: [101, 0] no player type for opponent 10. restart analysis.
SPICA325 coach: [101, 0] no player type for opponent 2. restart analysis.
SPICA325 coach: [101, 0] no player type for opponent 11. restart analysis.
CYRUS_VANILLA coach: [101, 0] determined opponent 9 type = 15
CYRUS_VANILLA coach: [101, 0] determined opponent 5 type = 4
CYRUS_VANILLA coach: [102, 0] no player type for opponent 8. restart analysis.
SPICA325 coach: [102, 0] no player type for opponent 11. restart analysis.
CYRUS_VANILLA coach: [103, 0] no player type for opponent 3. restart analysis.
CYRUS_VANILLA coach: [103, 0] no player type for opponent 8. restart analysis.
SPICA325 coach: [103, 0] no player type for opponent 8. restart analysis.
SPICA325 coach: [103, 0] no player type for opponent 10. restart analysis.
CYRUS_VANILLA coach: [104, 0] no player type for opponent 3. restart analysis.
SPICA325 coach: [104, 0] no player type for opponent 8. restart analysis.
SPICA325 coach: [104, 0] no player type for opponent 11. restart analysis.
SPICA325 coach: [104, 0] no player type for opponent 7. restart analysis.
SPICA325 coach: [105, 0] no player type for opponent 6. restart analysis.
CYRUS_VANILLA coach: [105, 0] no player type for opponent 10. restart analysis.
CYRUS_VANILLA coach: [105, 0] no player type for opponent 8. restart analysis.
CYRUS_VANILLA coach: [106, 0] no player type for opponent 3. restart analysis.
SPICA325 coach: [106, 0] no player type for opponent 11. restart analysis.
SPICA325 coach: [107, 0] no player type for opponent 6. restart analysis.
SPICA325 coach: [107, 0] no player type for opponent 7. restart analysis.
CYRUS_VANILLA coach: [107, 0] no player type for opponent 6. restart analysis.
SPICA325 coach: [108, 0] no player type for opponent 11. restart analysis.
CYRUS_VANILLA coach: [108, 0] no player type for opponent 10. restart analysis.
SPICA325 coach: [109, 0] no player type for opponent 6. restart analysis.
SPICA325 coach: [110, 0] no player type for opponent 11. restart analysis.
SPICA325 coach: [110, 0] no player type for opponent 2. restart analysis.
SPICA325 coach: [110, 0] no player type for opponent 8. restart analysis.
CYRUS_VANILLA coach: [111, 0] no player type for opponent 10. restart analysis.
SPICA325 coach: [111, 0] determined opponent 9 type = 15
SPICA325 coach: [111, 0] no player type for opponent 2. restart analysis.
CYRUS_VANILLA coach: [112, 0] no player type for opponent 8. restart analysis.
SPICA325 coach: [112, 0] no player type for opponent 10. restart analysis.
SPICA325 coach: [112, 0] no player type for opponent 7. restart analysis.
SPICA325 coach: [112, 0] no player type for opponent 6. restart analysis.
SPICA325 coach: [112, 0] no player type for opponent 3. restart analysis.
CYRUS_VANILLA coach: [113, 0] determined opponent 2 type = 12
SPICA325 coach: [113, 0] no player type for opponent 10. restart analysis.
SPICA325 coach: [113, 0] no player type for opponent 2. restart analysis.
SPICA325 coach: [114, 0] no player type for opponent 11. restart analysis.
SPICA325 coach: [114, 0] no player type for opponent 7. restart analysis.
SPICA325 coach: [115, 0] no player type for opponent 10. restart analysis.
SPICA325 coach: [116, 0] no player type for opponent 10. restart analysis.
SPICA325 coach: [116, 0] no player type for opponent 11. restart analysis.
SPICA325 coach: [116, 0] no player type for opponent 7. restart analysis.
CYRUS_VANILLA coach: [116, 0] no player type for opponent 8. restart analysis.
SPICA325 coach: [117, 0] no player type for opponent 11. restart analysis.
SPICA325 coach: [117, 0] determined opponent 2 type = 12
SPICA325 coach: [119, 0] no player type for opponent 10. restart analysis.
SPICA325 coach: [120, 0] no player type for opponent 8. restart analysis.
SPICA325 coach: [120, 0] no player type for opponent 7. restart analysis.
SPICA325 coach: [121, 0] no player type for opponent 8. restart analysis.
SPICA325 coach: [121, 0] no player type for opponent 10. restart analysis.
CYRUS_VANILLA coach: [122, 0] no player type for opponent 7. restart analysis.
SPICA325 coach: [124, 0] no player type for opponent 11. restart analysis.
CYRUS_VANILLA coach: [125, 0] no player type for opponent 7. restart analysis.
CYRUS_VANILLA coach: [125, 0] no player type for opponent 6. restart analysis.
SPICA325 coach: [126, 0] no player type for opponent 8. restart analysis.
SPICA325 coach: [126, 0] determined opponent 6 type = 3
SPICA325 coach: [127, 0] no player type for opponent 8. restart analysis.
CYRUS_VANILLA coach: [127, 0] no player type for opponent 11. restart analysis.
CYRUS_VANILLA coach: [128, 0] no player type for opponent 10. restart analysis.
CYRUS_VANILLA coach: [129, 0] no player type for opponent 11. restart analysis.
CYRUS_VANILLA coach: [129, 0] no player type for opponent 8. restart analysis.
SPICA325 coach: [130, 0] no player type for opponent 10. restart analysis.
SPICA325 coach: [130, 0] determined opponent 11 type = 8
SPICA325 coach: [130, 0] determined opponent 1 type = 0
CYRUS_VANILLA coach: [131, 0] no player type for opponent 10. restart analysis.
SPICA325 coach: [131, 0] no player type for opponent 7. restart analysis.
CYRUS_VANILLA coach: [132, 0] no player type for opponent 11. restart analysis.
SPICA325 coach: [134, 0] no player type for opponent 7. restart analysis.
CYRUS_VANILLA coach: [134, 0] no player type for opponent 10. restart analysis.
SPICA325 coach: [135, 0] no player type for opponent 10. restart analysis.
SPICA325 coach: [136, 0] no player type for opponent 10. restart analysis.
CYRUS_VANILLA coach: [138, 0] determined opponent 4 type = 1
CYRUS_VANILLA coach: [143, 0] no player type for opponent 10. restart analysis.
CYRUS_VANILLA coach: [145, 0] no player type for opponent 11. restart analysis.
CYRUS_VANILLA coach: [145, 0] no player type for opponent 6. restart analysis.
CYRUS_VANILLA coach: [146, 0] no player type for opponent 10. restart analysis.
SPICA325 coach: [151, 0] no player type for opponent 10. restart analysis.
SPICA325 coach: [151, 0] determined opponent 8 type = 7
CYRUS_VANILLA coach: [153, 0] no player type for opponent 10. restart analysis.
CYRUS_VANILLA coach: [154, 0] no player type for opponent 6. restart analysis.
CYRUS_VANILLA coach: [155, 0] no player type for opponent 10. restart analysis.
CYRUS_VANILLA coach: [157, 0] no player type for opponent 11. restart analysis.
CYRUS_VANILLA coach: [157, 0] no player type for opponent 10. restart analysis.
CYRUS_VANILLA coach: [158, 0] no player type for opponent 11. restart analysis.
SPICA325 coach: [162, 0] no player type for opponent 3. restart analysis.
SPICA325 coach: [163, 0] no player type for opponent 7. restart analysis.
SPICA325 coach: [165, 0] no player type for opponent 10. restart analysis.
CYRUS_VANILLA coach: [165, 0] no player type for opponent 10. restart analysis.
CYRUS_VANILLA coach: [166, 0] no player type for opponent 10. restart analysis.
CYRUS_VANILLA coach: [166, 0] determined opponent 8 type = 7
SPICA325 coach: [168, 0] no player type for opponent 10. restart analysis.
CYRUS_VANILLA coach: [170, 0] determined opponent 3 type = 6
CYRUS_VANILLA coach: [170, 0] no player type for opponent 11. restart analysis.
CYRUS_VANILLA coach: [170, 0] determined opponent 10 type = 17
SPICA325 6: [171, 0]  WARNING. no turn_neck.
CYRUS_VANILLA coach: [171, 0] determined opponent 7 type = 5
SPICA325 coach: [171, 0] no player type for opponent 10. restart analysis.
CYRUS_VANILLA coach: [172, 0] no player type for opponent 11. restart analysis.
SPICA325 6: [172, 0]  WARNING. no turn_neck.
SPICA325 coach: [174, 0] no player type for opponent 10. restart analysis.
SPICA325 coach: [174, 0] no player type for opponent 7. restart analysis.
CYRUS_VANILLA coach: [175, 0] determined opponent 11 type = 8
CYRUS_VANILLA coach: [175, 0] determined opponent 1 type = 0
SPICA325 coach: [175, 0] no player type for opponent 7. restart analysis.
SPICA325 coach: [176, 0] no player type for opponent 7. restart analysis.
SPICA325 coach: [178, 0] determined opponent 10 type = 17
SPICA325 coach: [179, 0] no player type for opponent 7. restart analysis.
SPICA325 coach: [180, 0] no player type for opponent 7. restart analysis.
SPICA325 coach: [182, 0] no player type for opponent 7. restart analysis.
SPICA325 coach: [186, 0] no player type for opponent 7. restart analysis.
SPICA325 coach: [188, 0] no player type for opponent 7. restart analysis.
layerSize: 3
CYRUS_VANILLA coach: [198, 0] determined opponent 6 type = 3
SPICA325 coach: [199, 0] no player type for opponent 7. restart analysis.
SPICA325 coach: [202, 0] no player type for opponent 3. restart analysis.
SPICA325 coach: [221, 0] no player type for opponent 7. restart analysis.
SPICA325 coach: [235, 0] no player type for opponent 7. restart analysis.
SPICA325 coach: [243, 0] no player type for opponent 7. restart analysis.
SPICA325 coach: [248, 0] no player type for opponent 7. restart analysis.
SPICA325 coach: [257, 0] no player type for opponent 7. restart analysis.
SPICA325 coach: [270, 0] determined opponent 3 type = 6
SPICA325 coach: [273, 0] no player type for opponent 7. restart analysis.
SPICA325 coach: [273, 0] sent freeform (player_types (1 0)(2 12)(3 6)(4 1)(5 4)(6 3)(7 -1)(8 7)(9 15)(10 17)(11 8))
SPICA325 coach: [273, 0] freeform 1 / 128
CYRUS_VANILLA coach: [273, 1] sent freeform (player_types (1 0)(2 12)(3 6)(4 1)(5 4)(6 3)(7 5)(8 7)(9 15)(10 17)(11 8))
CYRUS_VANILLA coach: [273, 1] freeform 1 / 128
SPICA325 coach: [301, 0] updated clang capacity.
CYRUS_VANILLA coach: [301, 0] updated clang capacity.
SPICA325 coach: [393, 0] no player type for opponent 7. restart analysis.
SPICA325 coach: [396, 0] no player type for opponent 7. restart analysis.
SPICA325 coach: [406, 0] no player type for opponent 7. restart analysis.
SPICA325 coach: [456, 0] determined opponent 7 type = 5
SPICA325 coach: [601, 0] updated clang capacity.
CYRUS_VANILLA coach: [601, 0] updated clang capacity.
layerSize: 3
SPICA325 coach: [674, 0] sent freeform (player_types (1 0)(2 12)(3 6)(4 1)(5 4)(6 3)(7 5)(8 7)(9 15)(10 17)(11 8))
SPICA325 coach: [674, 0] freeform 2 / 128
CYRUS_VANILLA coach: [901, 0] updated clang capacity.
SPICA325 coach: [901, 0] updated clang capacity.
SPICA325 11: [1154, 0] lost kick by foul at [1154, 0] sense=22 internal=23
SPICA325 coach: [1201, 0] updated clang capacity.
CYRUS_VANILLA coach: [1201, 0] updated clang capacity.
SPICA325 coach: [1501, 0] updated clang capacity.
CYRUS_VANILLA coach: [1501, 0] updated clang capacity.
CYRUS_VANILLA 4: [1562, 0] lost kick by foul at [1562, 0] sense=35 internal=36
SPICA325 coach: [1801, 0] updated clang capacity.
CYRUS_VANILLA coach: [1801, 0] updated clang capacity.
SPICA325 coach: [2101, 0] updated clang capacity.
CYRUS_VANILLA coach: [2101, 0] updated clang capacity.
SPICA325 9: [2203, 0] lost kick by foul at [2203, 0] sense=70 internal=71
CYRUS_VANILLA coach: [2401, 0] updated clang capacity.
SPICA325 coach: [2401, 0] updated clang capacity.
CYRUS_VANILLA 10: [2410, 0] over dash power range: 145.91
CYRUS_VANILLA 5: [2568, 0]  WARNING. no turn_neck.
CYRUS_VANILLA 5: [2569, 0]  WARNING. no turn_neck.
CYRUS_VANILLA coach: [2701, 0] updated clang capacity.
SPICA325 coach: [2701, 0] updated clang capacity.
SPICA325 6: [2722, 0]  WARNING. no body command.
CYRUS_VANILLA 5: [2774, 0] lost kick by foul at [2774, 0] sense=33 internal=34
Waiting to kick off
Kick_off_right
SPICA325 coach: [3001, 0] updated clang capacity.
CYRUS_VANILLA coach: [3001, 0] updated clang capacity.
CYRUS_VANILLA 9: [3139, 0] lost kick by foul at [3139, 0] sense=113 internal=114
CYRUS_VANILLA 11: [3208, 0]  WARNING. no turn_neck.
CYRUS_VANILLA 11: [3209, 0]  WARNING. no turn_neck.
CYRUS_VANILLA coach: [3301, 0] updated clang capacity.
SPICA325 coach: [3301, 0] updated clang capacity.
SPICA325 coach: [3601, 0] updated clang capacity.
CYRUS_VANILLA coach: [3601, 0] updated clang capacity.
SPICA325 5: [3847, 0]  WARNING. no turn_neck.
SPICA325 5: [3848, 0]  WARNING. no turn_neck.
CYRUS_VANILLA coach: [3901, 0] updated clang capacity.
SPICA325 coach: [3901, 0] updated clang capacity.
CYRUS_VANILLA 9: [4015, 0] lost kick by foul at [4015, 0] sense=128 internal=129
CYRUS_VANILLA 7: [4017, 0]  WARNING. no turn_neck.
CYRUS_VANILLA 6: [4201, 0]  WARNING. no turn_neck.
CYRUS_VANILLA coach: [4201, 0] updated clang capacity.
SPICA325 coach: [4201, 0] updated clang capacity.
CYRUS_VANILLA 6: [4202, 0]  WARNING. no turn_neck.
SPICA325 4: [4312, 0]  WARNING. no body command.
CYRUS_VANILLA 5: [4338, 0] lost kick by foul at [4338, 0] sense=52 internal=53
CYRUS_VANILLA coach: [4501, 0] updated clang capacity.
SPICA325 coach: [4501, 0] updated clang capacity.
SPICA325 coach: [4801, 0] updated clang capacity.
CYRUS_VANILLA coach: [4801, 0] updated clang capacity.
CYRUS_VANILLA coach: [5101, 0] updated clang capacity.
SPICA325 coach: [5101, 0] updated clang capacity.
CYRUS_VANILLA 2: [5104, 0] lost kick by foul at [5104, 0] sense=38 internal=39
CYRUS_VANILLA 10: [5329, 0]  WARNING. no turn_neck.
CYRUS_VANILLA 10: [5353, 0]  WARNING. no turn_neck.
CYRUS_VANILLA coach: [5401, 0] updated clang capacity.
SPICA325 coach: [5401, 0] updated clang capacity.
CYRUS_VANILLA coach: [5701, 0] updated clang capacity.
SPICA325 coach: [5701, 0] updated clang capacity.
SPICA325 coach: change player 5 to type 16
CYRUS_VANILLA coach: change player 8 to type 16
CYRUS_VANILLA coach: change player 4 to type 9
SPICA325 coach: change player 4 to type 9
SPICA325 coach: change player 6 to type 2
CYRUS_VANILLA coach: [5872, 0] no player type for opponent 5. restart analysis.
CYRUS_VANILLA coach: [5875, 0] no player type for opponent 6. restart analysis.
CYRUS_VANILLA coach: [5875, 0] no player type for opponent 4. restart analysis.
SPICA325 coach: [5876, 0] determined opponent 8 type = 16
CYRUS_VANILLA coach: [5891, 0] no player type for opponent 6. restart analysis.
CYRUS_VANILLA coach: [5894, 0] no player type for opponent 4. restart analysis.
CYRUS_VANILLA coach: [5896, 0] no player type for opponent 4. restart analysis.
CYRUS_VANILLA coach: [5898, 0] no player type for opponent 5. restart analysis.
CYRUS_VANILLA coach: [5899, 0] no player type for opponent 4. restart analysis.
CYRUS_VANILLA coach: [5901, 0] no player type for opponent 4. restart analysis.
CYRUS_VANILLA coach: [5902, 0] no player type for opponent 5. restart analysis.
CYRUS_VANILLA coach: [5905, 0] no player type for opponent 5. restart analysis.
CYRUS_VANILLA coach: [5906, 0] no player type for opponent 5. restart analysis.
CYRUS_VANILLA coach: [5908, 0] no player type for opponent 6. restart analysis.
CYRUS_VANILLA coach: [5910, 0] no player type for opponent 6. restart analysis.
CYRUS_VANILLA coach: [5912, 0] no player type for opponent 4. restart analysis.
CYRUS_VANILLA coach: [5919, 0] no player type for opponent 6. restart analysis.
CYRUS_VANILLA coach: [5925, 0] determined opponent 6 type = 2
CYRUS_VANILLA coach: [5929, 0] determined opponent 5 type = 16
CYRUS_VANILLA coach: [5943, 0] no player type for opponent 4. restart analysis.
CYRUS_VANILLA coach: [5945, 0] no player type for opponent 4. restart analysis.
SPICA325 coach: [5947, 1] sent freeform (player_types (1 0)(2 12)(3 6)(4 -1)(5 4)(6 3)(7 5)(8 16)(9 15)(10 17)(11 8))
SPICA325 coach: [5947, 1] freeform 3 / 128
CYRUS_VANILLA coach: [5947, 1] sent freeform (player_types (1 0)(2 12)(3 6)(4 -1)(5 16)(6 2)(7 5)(8 7)(9 15)(10 17)(11 8))
CYRUS_VANILLA coach: [5947, 1] freeform 2 / 128
CYRUS_VANILLA coach: change player 5 to type 2
SPICA325 8: finished.
SPICA325 9: finished.
CYRUS_VANILLA 7: finished.
SPICA325 coach: [6000, 0] new freeform allowed 256
SPICA325 coach: finished.
CYRUS_VANILLA 2: finished.
CYRUS_VANILLA 3: finished.
CYRUS_VANILLA 1: finished.
CYRUS_VANILLA 8: finished.
CYRUS_VANILLA coach: finished.
SPICA325 1: finished.
CYRUS_VANILLA 9: finished.
CYRUS_VANILLA 4: finished.
Waiting after end of match
A player disconnected : (SPICA325 11)
A player disconnected : (CYRUS_VANILLA 8)
A player disconnected : (SPICA325 8)
A player disconnected : (CYRUS_VANILLA 5)
A player disconnected : (SPICA325 7)
A player disconnected : (SPICA325 6)
A player disconnected : (CYRUS_VANILLA 3)
A player disconnected : (CYRUS_VANILLA 2)
A player disconnected : (CYRUS_VANILLA 1)
A player disconnected : (SPICA325 1)
A player disconnected : (CYRUS_VANILLA 7)
A player disconnected : (CYRUS_VANILLA 9)
A player disconnected : (SPICA325 5)
A player disconnected : (SPICA325 2)
A player disconnected : (CYRUS_VANILLA 4)
A player disconnected : (SPICA325 10)
A player disconnected : (CYRUS_VANILLA 11)
A player disconnected : (SPICA325 3)
A player disconnected : (CYRUS_VANILLA 10)
A player disconnected : (CYRUS_VANILLA 6)
A player disconnected : (SPICA325 4)
A player disconnected : (SPICA325 9)
An online coach disconnected : (SPICA325)
An online coach disconnected : (CYRUS_VANILLA)
Killing 13106
SPICA325 5: finished.
CYRUS_VANILLA 11: finished.
CYRUS_VANILLA 5: finished.
SPICA325 11: finished.
SPICA325 7: finished.
SPICA325 6: finished.
CYRUS_VANILLA 10: finished.
SPICA325 10: finished.
CYRUS_VANILLA 6: finished.
SPICA325 3: finished.
SPICA325 4: finished.
SPICA325 2: finished.
Killing 13119

Game Over. Exiting...

Saving Results:
	CSVSaver: saving...
	CSVSaver: ...disabled
	STDOutSaver: saving...

Game Results:
	2026-06-27 08:53:25
	'SPICA325' vs 'CYRUS_VANILLA'
	Score: 0 - 1
 
	STDOutSaver: ...saved

Saving Results Complete
