rcssserver-19.0.0

Copyright (C) 1995, 1996, 1997, 1998, 1999 Electrotechnical Laboratory.
2000 - RoboCup Soccer Simulator Maintenance Group.

Simulator Random Seed: 1782558255
CSVSaver: Ready
STDOutSaver: Ready
Using simulator's random seed as Hetero Player Seed: 1782558255
******************************************************************
 HELIOS base
 Created by Hidehisa Akiyama and Hiroki Shimora
 Copyright 2000-2007.  Hidehisa Akiyama
 Copyright 2007-2011.  Hidehisa Akiyama and Hiroki Shimora
 All rights reserved.
******************************************************************
PING localhost (127.0.0.1) 56(84) bytes of data.
64 bytes from localhost (127.0.0.1): icmp_seq=1 ttl=64 time=0.028 ms

--- localhost ping statistics ---
1 packets transmitted, 1 received, 0% packet loss, time 0ms
rtt min/avg/max/mdev = 0.028/0.028/0.028/0.000 ms
******************************************************************
 librcsc 
 Copyright 2000 - 2007. Hidehisa Akiyama.
 Copyright 2007 - 2011. Hidehisa Akiyama and Hiroki Shimora
 Copyright 2011 -  Hidehisa Akiyama, Hiroki Shimora
   Takuya Fukushima (2019-)
 All rights reserved.
******************************************************************
*****************************************************************
 This program is based on agent2d created by Hidehisa Akiyama.
 Copyright 2006 - 2011. Hidehisa Akiyama and Hiroki Shimora.
 All rights reserved.
*****************************************************************
SPICA325: init ok.  unum: 1 side: l
SPICA325 1: [-1, 0] (v18+) force synch see mode.
wind factor: rand: 0.000000, vector: (0.000000, 0.000000)

Hit CTRL-C to exit
Starting "/bin/sh -c scripts/team_launchers/spica325_left.sh"
Waiting for players to connect
A new (v18) player (SPICA325 1) connected.
******************************************************************
 HELIOS base
 Created by Hidehisa Akiyama and Hiroki Shimora
 Copyright 2000-2007.  Hidehisa Akiyama
 Copyright 2007-2011.  Hidehisa Akiyama and Hiroki Shimora
 All rights reserved.
******************************************************************
PING localhost (127.0.0.1) 56(84) bytes of data.
64 bytes from localhost (127.0.0.1): icmp_seq=1 ttl=64 time=0.016 ms

--- localhost ping statistics ---
1 packets transmitted, 1 received, 0% packet loss, time 0ms
rtt min/avg/max/mdev = 0.016/0.016/0.016/0.000 ms
******************************************************************
 librcsc 
 Copyright 2000 - 2007. Hidehisa Akiyama.
 Copyright 2007 - 2011. Hidehisa Akiyama and Hiroki Shimora
 Copyright 2011 -  Hidehisa Akiyama, Hiroki Shimora
   Takuya Fukushima (2019-)
 All rights reserved.
******************************************************************
SPICA325 1:  KickTable created.
SPICA325 1: [-1, 0] set synch see mode.
*****************************************************************
 This program is based on agent2d created by Hidehisa Akiyama.
 Copyright 2006 - 2011. Hidehisa Akiyama and Hiroki Shimora.
 All rights reserved.
*****************************************************************
CYRUS_VANILLA: init ok.  unum: 1 side: r
CYRUS_VANILLA 1: [-1, 0] (v18+) force synch see mode.
Starting "/bin/sh -c scripts/team_launchers/cyrus_vanilla_right.sh"
A new (v18) player (CYRUS_VANILLA 1) connected.
CYRUS_VANILLA 1:  KickTable created.
CYRUS_VANILLA 1: [-1, 0] set synch see mode.
Read Setting: ./data/settings/Other.json
Read Setting: ./data/settings/Other.json
******************************************************************
 librcsc 
 Copyright 2000 - 2007. Hidehisa Akiyama.
 Copyright 2007 - 2011. Hidehisa Akiyama and Hiroki Shimora
 Copyright 2011 -  Hidehisa Akiyama, Hiroki Shimora
   Takuya Fukushima (2019-)
 All rights reserved.
******************************************************************
******************************************************************
 librcsc 
 Copyright 2000 - 2007. Hidehisa Akiyama.
 Copyright 2007 - 2011. Hidehisa Akiyama and Hiroki Shimora
 Copyright 2011 -  Hidehisa Akiyama, Hiroki Shimora
   Takuya Fukushima (2019-)
 All rights reserved.
******************************************************************
******************************************************************
 librcsc 
 Copyright 2000 - 2007. Hidehisa Akiyama.
 Copyright 2007 - 2011. Hidehisa Akiyama and Hiroki Shimora
 Copyright 2011 -  Hidehisa Akiyama, Hiroki Shimora
   Takuya Fukushima (2019-)
 All rights reserved.
******************************************************************
******************************************************************
 librcsc 
 Copyright 2000 - 2007. Hidehisa Akiyama.
 Copyright 2007 - 2011. Hidehisa Akiyama and Hiroki Shimora
 Copyright 2011 -  Hidehisa Akiyama, Hiroki Shimora
   Takuya Fukushima (2019-)
 All rights reserved.
******************************************************************
******************************************************************
 librcsc 
 Copyright 2000 - 2007. Hidehisa Akiyama.
 Copyright 2007 - 2011. Hidehisa Akiyama and Hiroki Shimora
 Copyright 2011 -  Hidehisa Akiyama, Hiroki Shimora
   Takuya Fukushima (2019-)
 All rights reserved.
******************************************************************
******************************************************************
 librcsc 
 Copyright 2000 - 2007. Hidehisa Akiyama.
 Copyright 2007 - 2011. Hidehisa Akiyama and Hiroki Shimora
 Copyright 2011 -  Hidehisa Akiyama, Hiroki Shimora
   Takuya Fukushima (2019-)
 All rights reserved.
******************************************************************
******************************************************************
 librcsc 
 Copyright 2000 - 2007. Hidehisa Akiyama.
 Copyright 2007 - 2011. Hidehisa Akiyama and Hiroki Shimora
 Copyright 2011 -  Hidehisa Akiyama, Hiroki Shimora
   Takuya Fukushima (2019-)
 All rights reserved.
******************************************************************
******************************************************************
 librcsc 
 Copyright 2000 - 2007. Hidehisa Akiyama.
 Copyright 2007 - 2011. Hidehisa Akiyama and Hiroki Shimora
 Copyright 2011 -  Hidehisa Akiyama, Hiroki Shimora
   Takuya Fukushima (2019-)
 All rights reserved.
******************************************************************
*****************************************************************
 This program is based on agent2d created by Hidehisa Akiyama.
 Copyright 2006 - 2011. Hidehisa Akiyama and Hiroki Shimora.
 All rights reserved.
*****************************************************************
******************************************************************
 librcsc 
 Copyright 2000 - 2007. Hidehisa Akiyama.
 Copyright 2007 - 2011. Hidehisa Akiyama and Hiroki Shimora
 Copyright 2011 -  Hidehisa Akiyama, Hiroki Shimora
   Takuya Fukushima (2019-)
 All rights reserved.
******************************************************************
SPICA325: init ok.  unum: 2 side: l
SPICA325 2: [-1, 0] (v18+) force synch see mode.
A new (v18) player (SPICA325 2) connected.
******************************************************************
 librcsc 
 Copyright 2000 - 2007. Hidehisa Akiyama.
 Copyright 2007 - 2011. Hidehisa Akiyama and Hiroki Shimora
 Copyright 2011 -  Hidehisa Akiyama, Hiroki Shimora
   Takuya Fukushima (2019-)
 All rights reserved.
******************************************************************
*****************************************************************
 This program is based on agent2d created by Hidehisa Akiyama.
 Copyright 2006 - 2011. Hidehisa Akiyama and Hiroki Shimora.
 All rights reserved.
*****************************************************************
*****************************************************************
 This program is based on agent2d created by Hidehisa Akiyama.
 Copyright 2006 - 2011. Hidehisa Akiyama and Hiroki Shimora.
 All rights reserved.
*****************************************************************
******************************************************************
 librcsc 
 Copyright 2000 - 2007. Hidehisa Akiyama.
 Copyright 2007 - 2011. Hidehisa Akiyama and Hiroki Shimora
 Copyright 2011 -  Hidehisa Akiyama, Hiroki Shimora
   Takuya Fukushima (2019-)
 All rights reserved.
******************************************************************
*****************************************************************
 This program is based on agent2d created by Hidehisa Akiyama.
 Copyright 2006 - 2011. Hidehisa Akiyama and Hiroki Shimora.
 All rights reserved.
*****************************************************************
******************************************************************
 librcsc 
 Copyright 2000 - 2007. Hidehisa Akiyama.
 Copyright 2007 - 2011. Hidehisa Akiyama and Hiroki Shimora
 Copyright 2011 -  Hidehisa Akiyama, Hiroki Shimora
   Takuya Fukushima (2019-)
 All rights reserved.
******************************************************************
*****************************************************************
 This program is based on agent2d created by Hidehisa Akiyama.
 Copyright 2006 - 2011. Hidehisa Akiyama and Hiroki Shimora.
 All rights reserved.
*****************************************************************
*****************************************************************
 This program is based on agent2d created by Hidehisa Akiyama.
 Copyright 2006 - 2011. Hidehisa Akiyama and Hiroki Shimora.
 All rights reserved.
*****************************************************************
*****************************************************************
 This program is based on agent2d created by Hidehisa Akiyama.
 Copyright 2006 - 2011. Hidehisa Akiyama and Hiroki Shimora.
 All rights reserved.
*****************************************************************
A new (v18) player (SPICA325 3) connected.
A new (v18) player (SPICA325 4) connected.
SPICA325: init ok.  unum: 5 side: l
SPICA325 5: [-1, 0] (v18+) force synch see mode.
A new (v18) player (SPICA325 5) connected.
A new (v18) player (SPICA325 6) connected.
SPICA325: init ok.  unum: 7 side: l
SPICA325 7: [-1, 0] (v18+) force synch see mode.
A new (v18) player (SPICA325 7) connected.
A new (v18) online coach (SPICA325) connected.
SPICA325: init ok.  unum: 4 side: l
SPICA325 4: [-1, 0] (v18+) force synch see mode.
SPICA325 2:  KickTable created.
******************************************************************
 librcsc 
 Copyright 2000 - 2007. Hidehisa Akiyama.
 Copyright 2007 - 2011. Hidehisa Akiyama and Hiroki Shimora
 Copyright 2011 -  Hidehisa Akiyama, Hiroki Shimora
   Takuya Fukushima (2019-)
 All rights reserved.
******************************************************************
SPICA325 2: [-1, 0] set synch see mode.
SPICA325: init ok.  unum: 3 side: l
SPICA325: init ok.  unum: 6 side: l
SPICA325 6: [-1, 0] (v18+) force synch see mode.
SPICA325 3: [-1, 0] (v18+) force synch see mode.
SPICA325 coach: [-1, 0] recv (ok eye on)
*****************************************************************
 This program is based on agent2d created by Hidehisa Akiyama.
 Copyright 2006 - 2011. Hidehisa Akiyama and Hiroki Shimora.
 All rights reserved.
*****************************************************************
******************************************************************
 librcsc 
 Copyright 2000 - 2007. Hidehisa Akiyama.
 Copyright 2007 - 2011. Hidehisa Akiyama and Hiroki Shimora
 Copyright 2011 -  Hidehisa Akiyama, Hiroki Shimora
   Takuya Fukushima (2019-)
 All rights reserved.
******************************************************************
SPICA325 7:  KickTable created.
SPICA325 7: [-1, 0] set synch see mode.
******************************************************************
 librcsc 
 Copyright 2000 - 2007. Hidehisa Akiyama.
 Copyright 2007 - 2011. Hidehisa Akiyama and Hiroki Shimora
 Copyright 2011 -  Hidehisa Akiyama, Hiroki Shimora
   Takuya Fukushima (2019-)
 All rights reserved.
******************************************************************
******************************************************************
 librcsc 
 Copyright 2000 - 2007. Hidehisa Akiyama.
 Copyright 2007 - 2011. Hidehisa Akiyama and Hiroki Shimora
 Copyright 2011 -  Hidehisa Akiyama, Hiroki Shimora
   Takuya Fukushima (2019-)
 All rights reserved.
******************************************************************
*****************************************************************
 This program is based on agent2d created by Hidehisa Akiyama.
 Copyright 2006 - 2011. Hidehisa Akiyama and Hiroki Shimora.
 All rights reserved.
*****************************************************************
*****************************************************************
 This program is based on agent2d created by Hidehisa Akiyama.
 Copyright 2006 - 2011. Hidehisa Akiyama and Hiroki Shimora.
 All rights reserved.
*****************************************************************
Read Setting: ./data/settings/Other.json
******************************************************************
 librcsc 
 Copyright 2000 - 2007. Hidehisa Akiyama.
 Copyright 2007 - 2011. Hidehisa Akiyama and Hiroki Shimora
 Copyright 2011 -  Hidehisa Akiyama, Hiroki Shimora
   Takuya Fukushima (2019-)
 All rights reserved.
******************************************************************
SPICA325: init ok.  unum: 8 side: l
SPICA325 8: [-1, 0] (v18+) force synch see mode.
A new (v18) player (SPICA325 8) connected.
SPICA325: init ok.  unum: 9 side: l
SPICA325 9: [-1, 0] (v18+) force synch see mode.
A new (v18) player (SPICA325 9) connected.
A new (v18) player (SPICA325 10) connected.
SPICA325: init ok.  unum: 10 side: l
SPICA325 10: [-1, 0] (v18+) force synch see mode.
******************************************************************
 librcsc 
 Copyright 2000 - 2007. Hidehisa Akiyama.
 Copyright 2007 - 2011. Hidehisa Akiyama and Hiroki Shimora
 Copyright 2011 -  Hidehisa Akiyama, Hiroki Shimora
   Takuya Fukushima (2019-)
 All rights reserved.
******************************************************************
*****************************************************************
 This program is based on agent2d created by Hidehisa Akiyama.
 Copyright 2006 - 2011. Hidehisa Akiyama and Hiroki Shimora.
 All rights reserved.
*****************************************************************
A new (v18) player (SPICA325 11) connected.
SPICA325: init ok.  unum: 11 side: l
SPICA325 11: [-1, 0] (v18+) force synch see mode.
SPICA325 5:  KickTable created.
SPICA325 5: [-1, 0] set synch see mode.
*****************************************************************
 This program is based on agent2d created by Hidehisa Akiyama.
 Copyright 2006 - 2011. Hidehisa Akiyama and Hiroki Shimora.
 All rights reserved.
*****************************************************************
CYRUS_VANILLA: init ok.  unum: 2 side: r
CYRUS_VANILLA 2: [-1, 0] (v18+) force synch see mode.
A new (v18) player (CYRUS_VANILLA 2) connected.
******************************************************************
 librcsc 
 Copyright 2000 - 2007. Hidehisa Akiyama.
 Copyright 2007 - 2011. Hidehisa Akiyama and Hiroki Shimora
 Copyright 2011 -  Hidehisa Akiyama, Hiroki Shimora
   Takuya Fukushima (2019-)
 All rights reserved.
******************************************************************
SPICA325 6:  KickTable created.
SPICA325 6: [-1, 0] set synch see mode.
SPICA325 4:  KickTable created.
SPICA325 4: [-1, 0] set synch see mode.
*****************************************************************
 This program is based on agent2d created by Hidehisa Akiyama.
 Copyright 2006 - 2011. Hidehisa Akiyama and Hiroki Shimora.
 All rights reserved.
*****************************************************************
A new (v18) player (CYRUS_VANILLA 3) connected.
CYRUS_VANILLA: init ok.  unum: 3 side: r
CYRUS_VANILLA 3: [-1, 0] (v18+) force synch see mode.
SPICA325 3:  KickTable created.
SPICA325 3: [-1, 0] set synch see mode.
******************************************************************
 librcsc 
 Copyright 2000 - 2007. Hidehisa Akiyama.
 Copyright 2007 - 2011. Hidehisa Akiyama and Hiroki Shimora
 Copyright 2011 -  Hidehisa Akiyama, Hiroki Shimora
   Takuya Fukushima (2019-)
 All rights reserved.
******************************************************************
******************************************************************
 librcsc 
 Copyright 2000 - 2007. Hidehisa Akiyama.
 Copyright 2007 - 2011. Hidehisa Akiyama and Hiroki Shimora
 Copyright 2011 -  Hidehisa Akiyama, Hiroki Shimora
   Takuya Fukushima (2019-)
 All rights reserved.
******************************************************************
*****************************************************************
 This program is based on agent2d created by Hidehisa Akiyama.
 Copyright 2006 - 2011. Hidehisa Akiyama and Hiroki Shimora.
 All rights reserved.
*****************************************************************
CYRUS_VANILLA 2:  KickTable created.
CYRUS_VANILLA 2: [-1, 0] set synch see mode.
CYRUS_VANILLA 3:  KickTable created.
CYRUS_VANILLA 3: [-1, 0] set synch see mode.
SPICA325 8:  KickTable created.
SPICA325 8: [-1, 0] set synch see mode.
SPICA325 10:  KickTable created.
*****************************************************************
 This program is based on agent2d created by Hidehisa Akiyama.
 Copyright 2006 - 2011. Hidehisa Akiyama and Hiroki Shimora.
 All rights reserved.
*****************************************************************
SPICA325 10: [-1, 0] set synch see mode.
******************************************************************
 librcsc 
 Copyright 2000 - 2007. Hidehisa Akiyama.
 Copyright 2007 - 2011. Hidehisa Akiyama and Hiroki Shimora
 Copyright 2011 -  Hidehisa Akiyama, Hiroki Shimora
   Takuya Fukushima (2019-)
 All rights reserved.
******************************************************************
*****************************************************************
 This program is based on agent2d created by Hidehisa Akiyama.
 Copyright 2006 - 2011. Hidehisa Akiyama and Hiroki Shimora.
 All rights reserved.
*****************************************************************
SPICA325 11:  KickTable created.
SPICA325 9:  KickTable created.
SPICA325 9: [-1, 0] set synch see mode.
SPICA325 11: [-1, 0] set synch see mode.
Read Setting: ./data/settings/Other.json
Read Setting: ./data/settings/Other.json
Read Setting: ./data/settings/Other.json
Read Setting: ./data/settings/Other.json
A new (v18) player (CYRUS_VANILLA 4) connected.
CYRUS_VANILLA: init ok.  unum: 5 side: r
CYRUS_VANILLA 5: [-1, 0] (v18+) force synch see mode.
A new (v18) player (CYRUS_VANILLA 5) connected.
A new (v18) online coach (CYRUS_VANILLA) connected.
CYRUS_VANILLA: init ok.  unum: 4 side: r
CYRUS_VANILLA 4: [-1, 0] (v18+) force synch see mode.
Read Setting: ./data/settings/Other.json
CYRUS_VANILLA coach: [-1, 0] recv (ok eye on)
*****************************************************************
 This program is based on agent2d created by Hidehisa Akiyama.
 Copyright 2006 - 2011. Hidehisa Akiyama and Hiroki Shimora.
 All rights reserved.
*****************************************************************
*****************************************************************
 This program is based on agent2d created by Hidehisa Akiyama.
 Copyright 2006 - 2011. Hidehisa Akiyama and Hiroki Shimora.
 All rights reserved.
*****************************************************************
CYRUS_VANILLA: init ok.  unum: 6 side: r
CYRUS_VANILLA 6: [-1, 0] (v18+) force synch see mode.
A new (v18) player (CYRUS_VANILLA 6) connected.
A new (v18) player (CYRUS_VANILLA 7) connected.
CYRUS_VANILLA: init ok.  unum: 7 side: r
CYRUS_VANILLA 7: [-1, 0] (v18+) force synch see mode.
*****************************************************************
 This program is based on agent2d created by Hidehisa Akiyama.
 Copyright 2006 - 2011. Hidehisa Akiyama and Hiroki Shimora.
 All rights reserved.
*****************************************************************
*****************************************************************
 This program is based on agent2d created by Hidehisa Akiyama.
 Copyright 2006 - 2011. Hidehisa Akiyama and Hiroki Shimora.
 All rights reserved.
*****************************************************************
CYRUS_VANILLA 4:  KickTable created.
CYRUS_VANILLA 4: [-1, 0] set synch see mode.
CYRUS_VANILLA 6:  KickTable created.
CYRUS_VANILLA 6: [-1, 0] set synch see mode.
CYRUS_VANILLA 7:  KickTable created.
CYRUS_VANILLA 7: [-1, 0] set synch see mode.
*****************************************************************
 This program is based on agent2d created by Hidehisa Akiyama.
 Copyright 2006 - 2011. Hidehisa Akiyama and Hiroki Shimora.
 All rights reserved.
*****************************************************************
Read Setting: ./data/settings/Other.json
Read Setting: ./data/settings/Other.json
Read Setting: ./data/settings/Other.json
Read Setting: ./data/settings/Other.json
CYRUS_VANILLA: init ok.  unum: 8 side: r
CYRUS_VANILLA 8: [-1, 0] (v18+) force synch see mode.
A new (v18) player (CYRUS_VANILLA 8) connected.
CYRUS_VANILLA: init ok.  unum: 9 side: r
CYRUS_VANILLA 9: [-1, 0] (v18+) force synch see mode.
A new (v18) player (CYRUS_VANILLA 9) connected.
CYRUS_VANILLA: init ok.  unum: 10 side: r
CYRUS_VANILLA 10: [-1, 0] (v18+) force synch see mode.
A new (v18) player (CYRUS_VANILLA 10) connected.
CYRUS_VANILLA 5:  KickTable created.
CYRUS_VANILLA 5: [-1, 0] set synch see mode.
*****************************************************************
 This program is based on agent2d created by Hidehisa Akiyama.
 Copyright 2006 - 2011. Hidehisa Akiyama and Hiroki Shimora.
 All rights reserved.
*****************************************************************
CYRUS_VANILLA 8:  KickTable created.
CYRUS_VANILLA 8: [-1, 0] set synch see mode.
CYRUS_VANILLA 9:  KickTable created.
CYRUS_VANILLA 9: [-1, 0] set synch see mode.
CYRUS_VANILLA 10:  KickTable created.
CYRUS_VANILLA 10: [-1, 0] set synch see mode.
CYRUS_VANILLA: init ok.  unum: 11 side: r
CYRUS_VANILLA 11: [-1, 0] (v18+) force synch see mode.
A new (v18) player (CYRUS_VANILLA 11) connected.
CYRUS_VANILLA 11:  KickTable created.
CYRUS_VANILLA 11: [-1, 0] set synch see mode.
id speed step inc  power  stam  karea
 0 1.000   6  45.0 100.0  55.0  1.085
 1 0.823   4  40.5 100.0  59.5  1.068
 2 0.873   6  49.0 100.0  51.0  1.183
 3 0.820   5  48.4 100.0  51.6  1.160
 4 0.831   5  51.0 100.0  49.0  1.101
 5 0.785   5  51.3 100.0  48.7  1.161
 6 0.847   5  46.1 100.0  53.9  1.161
 7 0.993   6  40.4 100.0  59.6  1.028
 8 0.869   5  46.0 100.0  54.0  0.997
 9 0.767   5  48.7 100.0  51.3  0.989
 10 1.005   5  41.4 100.0  58.6  1.146
 11 0.994   6  45.7 100.0  54.3  1.077
 12 0.879   5  45.2 100.0  54.8  1.142
 13 0.970   5  45.0 100.0  55.0  1.028
 14 0.924   5  45.4 100.0  54.6  1.176
 15 0.872   6  49.6 100.0  50.4  1.130
 16 1.036   6  42.3 100.0  57.7  1.051
 17 1.016   6  42.0 100.0  58.0  1.008
$$$$$$$$$$$$$$$$$$$$$$$$isother
SPICA325 coach: change player 1 to type 0
SPICA325 coach: change player 9 to type 16
SPICA325 coach: change player 2 to type 17
SPICA325 coach: change player 11 to type 10
SPICA325 coach: change player 4 to type 11
SPICA325 coach: change player 10 to type 7
SPICA325 coach: change player 3 to type 13
SPICA325 coach: change player 5 to type 14
SPICA325 coach: change player 7 to type 8
SPICA325 coach: change player 8 to type 12
SPICA325 coach: change player 6 to type 15
Read Setting: ./data/settings/Other.json
Read Setting: ./data/settings/Other.json
id speed step inc  power  stam  karea
 0 1.000   6  45.0 100.0  55.0  1.085
 1 0.823   4  40.5 100.0  59.5  1.068
 2 0.873   6  49.0 100.0  51.0  1.183
 3 0.820   5  48.4 100.0  51.6  1.160
 4 0.831   5  51.0 100.0  49.0  1.101
 5 0.785   5  51.3 100.0  48.7  1.161
 6 0.847   5  46.1 100.0  53.9  1.161
 7 0.993   6  40.4 100.0  59.6  1.028
 8 0.869   5  46.0 100.0  54.0  0.997
 9 0.767   5  48.7 100.0  51.3  0.989
 10 1.005   5  41.4 100.0  58.6  1.146
 11 0.994   6  45.7 100.0  54.3  1.077
 12 0.879   5  45.2 100.0  54.8  1.142
 13 0.970   5  45.0 100.0  55.0  1.028
 14 0.924   5  45.4 100.0  54.6  1.176
 15 0.872   6  49.6 100.0  50.4  1.130
 16 1.036   6  42.3 100.0  57.7  1.051
 17 1.016   6  42.0 100.0  58.0  1.008
$$$$$$$$$$$$$$$$$$$$$$$$isother
CYRUS_VANILLA coach: change player 1 to type 0
CYRUS_VANILLA coach: change player 9 to type 16
CYRUS_VANILLA coach: change player 2 to type 17
CYRUS_VANILLA coach: change player 11 to type 10
CYRUS_VANILLA coach: change player 4 to type 11
CYRUS_VANILLA coach: change player 10 to type 7
CYRUS_VANILLA coach: change player 3 to type 13
CYRUS_VANILLA coach: change player 5 to type 14
CYRUS_VANILLA coach: change player 7 to type 8
CYRUS_VANILLA coach: change player 8 to type 12
CYRUS_VANILLA coach: change player 6 to type 15
Read Setting: ./data/settings/Other.json
Read Setting: ./data/settings/Other.json
Read Setting: ./data/settings/Other.json
Read Setting: ./data/settings/Other.json
Read Setting: ./data/settings/Other.json
Read Setting: ./data/settings/Other.json
Read Setting: ./data/settings/Other.json
Read Setting: ./data/settings/Other.json
Waiting to kick off
Kick_off_left
SPICA325 coach: [93, 0] determined opponent 11 type = 10
SPICA325 coach: [94, 0] no player type for opponent 7. restart analysis.
SPICA325 coach: [94, 0] no player type for opponent 6. restart analysis.
SPICA325 coach: [95, 0] no player type for opponent 10. restart analysis.
SPICA325 coach: [95, 0] no player type for opponent 6. restart analysis.
CYRUS_VANILLA coach: [97, 0] no player type for opponent 11. restart analysis.
SPICA325 coach: [97, 0] no player type for opponent 10. restart analysis.
SPICA325 coach: [97, 0] no player type for opponent 9. restart analysis.
SPICA325 coach: [97, 0] no player type for opponent 7. restart analysis.
SPICA325 coach: [98, 0] no player type for opponent 10. restart analysis.
SPICA325 coach: [98, 0] no player type for opponent 9. restart analysis.
SPICA325 coach: [99, 0] no player type for opponent 10. restart analysis.
SPICA325 coach: [99, 0] determined opponent 6 type = 15
CYRUS_VANILLA coach: [100, 0] determined opponent 11 type = 10
CYRUS_VANILLA coach: [100, 0] no player type for opponent 8. restart analysis.
SPICA325 coach: [101, 0] no player type for opponent 10. restart analysis.
SPICA325 coach: [101, 0] no player type for opponent 2. restart analysis.
CYRUS_VANILLA coach: [101, 0] no player type for opponent 5. restart analysis.
CYRUS_VANILLA coach: [101, 0] no player type for opponent 8. restart analysis.
SPICA325 coach: [102, 0] determined opponent 4 type = 11
SPICA325 coach: [102, 0] no player type for opponent 9. restart analysis.
SPICA325 coach: [103, 0] no player type for opponent 10. restart analysis.
SPICA325 coach: [104, 0] no player type for opponent 9. restart analysis.
SPICA325 coach: [105, 0] no player type for opponent 2. restart analysis.
CYRUS_VANILLA coach: [105, 0] no player type for opponent 9. restart analysis.
SPICA325 coach: [106, 0] no player type for opponent 1. restart analysis.
CYRUS_VANILLA coach: [106, 0] no player type for opponent 9. restart analysis.
CYRUS_VANILLA coach: [106, 0] no player type for opponent 8. restart analysis.
SPICA325 coach: [107, 0] no player type for opponent 10. restart analysis.
SPICA325 coach: [107, 0] no player type for opponent 3. restart analysis.
CYRUS_VANILLA coach: [107, 0] determined opponent 7 type = 8
CYRUS_VANILLA coach: [107, 0] no player type for opponent 6. restart analysis.
CYRUS_VANILLA coach: [108, 0] no player type for opponent 6. restart analysis.
CYRUS_VANILLA coach: [110, 0] no player type for opponent 5. restart analysis.
CYRUS_VANILLA coach: [110, 0] no player type for opponent 6. restart analysis.
SPICA325 coach: [110, 0] no player type for opponent 3. restart analysis.
SPICA325 coach: [111, 0] no player type for opponent 3. restart analysis.
SPICA325 coach: [112, 0] determined opponent 8 type = 12
SPICA325 coach: [112, 0] no player type for opponent 7. restart analysis.
CYRUS_VANILLA coach: [113, 0] no player type for opponent 6. restart analysis.
SPICA325 coach: [114, 0] no player type for opponent 10. restart analysis.
SPICA325 coach: [114, 0] no player type for opponent 3. restart analysis.
SPICA325 coach: [115, 0] no player type for opponent 10. restart analysis.
SPICA325 coach: [115, 0] no player type for opponent 7. restart analysis.
CYRUS_VANILLA coach: [115, 0] no player type for opponent 6. restart analysis.
CYRUS_VANILLA coach: [116, 0] no player type for opponent 3. restart analysis.
CYRUS_VANILLA coach: [116, 0] no player type for opponent 6. restart analysis.
CYRUS_VANILLA coach: [118, 0] no player type for opponent 6. restart analysis.
SPICA325 coach: [118, 0] no player type for opponent 3. restart analysis.
CYRUS_VANILLA coach: [119, 0] no player type for opponent 10. restart analysis.
CYRUS_VANILLA coach: [119, 0] no player type for opponent 3. restart analysis.
SPICA325 coach: [119, 0] no player type for opponent 2. restart analysis.
SPICA325 coach: [119, 0] no player type for opponent 3. restart analysis.
CYRUS_VANILLA coach: [121, 0] no player type for opponent 9. restart analysis.
CYRUS_VANILLA coach: [121, 0] no player type for opponent 10. restart analysis.
CYRUS_VANILLA coach: [122, 0] no player type for opponent 6. restart analysis.
CYRUS_VANILLA coach: [123, 0] no player type for opponent 10. restart analysis.
CYRUS_VANILLA coach: [123, 0] no player type for opponent 5. restart analysis.
CYRUS_VANILLA coach: [124, 0] no player type for opponent 6. restart analysis.
SPICA325 coach: [124, 0] no player type for opponent 10. restart analysis.
CYRUS_VANILLA coach: [125, 0] no player type for opponent 6. restart analysis.
SPICA325 coach: [126, 0] no player type for opponent 10. restart analysis.
CYRUS_VANILLA coach: [126, 0] no player type for opponent 5. restart analysis.
CYRUS_VANILLA coach: [126, 0] no player type for opponent 6. restart analysis.
SPICA325 coach: [128, 0] no player type for opponent 7. restart analysis.
CYRUS_VANILLA coach: [128, 0] no player type for opponent 5. restart analysis.
CYRUS_VANILLA coach: [130, 0] no player type for opponent 6. restart analysis.
SPICA325 coach: [130, 0] no player type for opponent 7. restart analysis.
SPICA325 coach: [131, 0] no player type for opponent 2. restart analysis.
CYRUS_VANILLA coach: [131, 0] no player type for opponent 9. restart analysis.
CYRUS_VANILLA coach: [131, 0] determined opponent 4 type = 11
SPICA325 coach: [132, 0] no player type for opponent 3. restart analysis.
CYRUS_VANILLA coach: [132, 0] no player type for opponent 6. restart analysis.
CYRUS_VANILLA coach: [133, 0] no player type for opponent 6. restart analysis.
CYRUS_VANILLA coach: [133, 0] no player type for opponent 2. restart analysis.
SPICA325 coach: [133, 0] no player type for opponent 2. restart analysis.
SPICA325 11: [133, 0] lost kick by foul at [133, 0] sense=0 internal=1
SPICA325 coach: [133, 1] sent freeform (player_types (1 -1)(2 -1)(3 -1)(4 11)(5 -1)(6 15)(7 -1)(8 12)(9 -1)(10 -1)(11 10))
SPICA325 coach: [133, 1] freeform 1 / 128
CYRUS_VANILLA coach: [133, 1] sent freeform (player_types (1 -1)(2 -1)(3 -1)(4 11)(5 -1)(6 -1)(7 8)(8 -1)(9 -1)(10 -1)(11 10))
CYRUS_VANILLA coach: [133, 1] freeform 1 / 128
layerSize: 3
CYRUS_VANILLA coach: [164, 0] no player type for opponent 5. restart analysis.
CYRUS_VANILLA coach: [164, 0] no player type for opponent 6. restart analysis.
SPICA325 coach: [165, 0] no player type for opponent 9. restart analysis.
CYRUS_VANILLA coach: [165, 0] no player type for opponent 6. restart analysis.
SPICA325 coach: [166, 0] no player type for opponent 2. restart analysis.
CYRUS_VANILLA coach: [167, 0] no player type for opponent 6. restart analysis.
SPICA325 coach: [167, 0] no player type for opponent 1. restart analysis.
SPICA325 coach: [167, 0] no player type for opponent 2. restart analysis.
SPICA325 coach: [168, 0] no player type for opponent 10. restart analysis.
SPICA325 coach: [168, 0] no player type for opponent 2. restart analysis.
SPICA325 coach: [168, 0] no player type for opponent 3. restart analysis.
SPICA325 coach: [169, 0] no player type for opponent 5. restart analysis.
CYRUS_VANILLA coach: [169, 0] no player type for opponent 10. restart analysis.
SPICA325 coach: [170, 0] no player type for opponent 2. restart analysis.
CYRUS_VANILLA coach: [171, 0] no player type for opponent 10. restart analysis.
CYRUS_VANILLA coach: [171, 0] no player type for opponent 6. restart analysis.
CYRUS_VANILLA coach: [173, 0] no player type for opponent 10. restart analysis.
CYRUS_VANILLA coach: [174, 0] no player type for opponent 8. restart analysis.
CYRUS_VANILLA coach: [174, 0] no player type for opponent 3. restart analysis.
SPICA325 coach: [175, 0] no player type for opponent 5. restart analysis.
CYRUS_VANILLA coach: [175, 0] no player type for opponent 10. restart analysis.
CYRUS_VANILLA coach: [176, 0] no player type for opponent 8. restart analysis.
SPICA325 coach: [177, 0] no player type for opponent 1. restart analysis.
CYRUS_VANILLA coach: [178, 0] no player type for opponent 6. restart analysis.
CYRUS_VANILLA coach: [180, 0] no player type for opponent 5. restart analysis.
SPICA325 coach: [180, 0] no player type for opponent 2. restart analysis.
CYRUS_VANILLA coach: [181, 0] no player type for opponent 9. restart analysis.
SPICA325 coach: [181, 0] no player type for opponent 7. restart analysis.
CYRUS_VANILLA coach: [182, 0] no player type for opponent 5. restart analysis.
CYRUS_VANILLA coach: [183, 0] no player type for opponent 6. restart analysis.
CYRUS_VANILLA coach: [183, 0] no player type for opponent 5. restart analysis.
CYRUS_VANILLA coach: [184, 0] no player type for opponent 8. restart analysis.
CYRUS_VANILLA coach: [186, 0] no player type for opponent 9. restart analysis.
CYRUS_VANILLA coach: [186, 0] no player type for opponent 6. restart analysis.
CYRUS_VANILLA coach: [187, 0] no player type for opponent 10. restart analysis.
CYRUS_VANILLA coach: [187, 0] no player type for opponent 8. restart analysis.
CYRUS_VANILLA coach: [188, 0] no player type for opponent 9. restart analysis.
CYRUS_VANILLA coach: [188, 0] no player type for opponent 6. restart analysis.
CYRUS_VANILLA coach: [188, 0] determined opponent 3 type = 13
SPICA325 coach: [189, 0] no player type for opponent 5. restart analysis.
CYRUS_VANILLA coach: [190, 0] no player type for opponent 6. restart analysis.
CYRUS_VANILLA coach: [191, 0] no player type for opponent 9. restart analysis.
CYRUS_VANILLA coach: [191, 0] no player type for opponent 6. restart analysis.
CYRUS_VANILLA coach: [192, 0] no player type for opponent 9. restart analysis.
SPICA325 coach: [192, 0] no player type for opponent 10. restart analysis.
CYRUS_VANILLA coach: [193, 0] no player type for opponent 9. restart analysis.
CYRUS_VANILLA coach: [194, 0] no player type for opponent 8. restart analysis.
CYRUS_VANILLA coach: [196, 0] no player type for opponent 5. restart analysis.
CYRUS_VANILLA coach: [196, 0] no player type for opponent 8. restart analysis.
CYRUS_VANILLA coach: [198, 0] determined opponent 6 type = 15
SPICA325 coach: [199, 0] no player type for opponent 2. restart analysis.
SPICA325 coach: [202, 0] determined opponent 7 type = 8
SPICA325 coach: [203, 0] no player type for opponent 5. restart analysis.
CYRUS_VANILLA coach: [204, 0] no player type for opponent 8. restart analysis.
CYRUS_VANILLA coach: [205, 0] no player type for opponent 8. restart analysis.
SPICA325 coach: [206, 0] no player type for opponent 3. restart analysis.
CYRUS_VANILLA coach: [207, 0] determined opponent 10 type = 7
SPICA325 coach: [207, 0] no player type for opponent 2. restart analysis.
SPICA325 coach: [208, 0] no player type for opponent 3. restart analysis.
CYRUS_VANILLA coach: [208, 0] determined opponent 2 type = 17
SPICA325 coach: [209, 0] no player type for opponent 3. restart analysis.
SPICA325 coach: [212, 0] no player type for opponent 3. restart analysis.
CYRUS_VANILLA coach: [214, 0] no player type for opponent 8. restart analysis.
CYRUS_VANILLA coach: [214, 0] no player type for opponent 9. restart analysis.
SPICA325 coach: [214, 0] no player type for opponent 5. restart analysis.
CYRUS_VANILLA coach: [215, 0] no player type for opponent 8. restart analysis.
SPICA325 coach: [217, 0] no player type for opponent 3. restart analysis.
SPICA325 coach: [218, 0] no player type for opponent 3. restart analysis.
CYRUS_VANILLA coach: [218, 0] no player type for opponent 5. restart analysis.
CYRUS_VANILLA coach: [221, 0] no player type for opponent 8. restart analysis.
SPICA325 coach: [222, 0] no player type for opponent 3. restart analysis.
CYRUS_VANILLA coach: [222, 0] no player type for opponent 8. restart analysis.
SPICA325 coach: [227, 0] no player type for opponent 3. restart analysis.
CYRUS_VANILLA coach: [227, 0] no player type for opponent 8. restart analysis.
CYRUS_VANILLA coach: [229, 0] no player type for opponent 8. restart analysis.
CYRUS_VANILLA coach: [230, 0] no player type for opponent 8. restart analysis.
CYRUS_VANILLA coach: [232, 0] no player type for opponent 8. restart analysis.
CYRUS_VANILLA coach: [233, 0] no player type for opponent 8. restart analysis.
SPICA325 coach: [234, 0] no player type for opponent 2. restart analysis.
SPICA325 coach: [235, 0] no player type for opponent 2. restart analysis.
CYRUS_VANILLA coach: [236, 0] no player type for opponent 8. restart analysis.
SPICA325 coach: [236, 0] no player type for opponent 10. restart analysis.
CYRUS_VANILLA coach: [242, 0] no player type for opponent 8. restart analysis.
CYRUS_VANILLA coach: [242, 0] no player type for opponent 5. restart analysis.
CYRUS_VANILLA coach: [243, 0] no player type for opponent 8. restart analysis.
CYRUS_VANILLA coach: [243, 0] determined opponent 1 type = 0
SPICA325 coach: [245, 0] no player type for opponent 2. restart analysis.
SPICA325 coach: [247, 0] no player type for opponent 2. restart analysis.
CYRUS_VANILLA coach: [248, 0] no player type for opponent 5. restart analysis.
SPICA325 coach: [249, 0] no player type for opponent 3. restart analysis.
SPICA325 coach: [249, 0] no player type for opponent 2. restart analysis.
SPICA325 coach: [252, 0] no player type for opponent 9. restart analysis.
SPICA325 coach: [254, 0] no player type for opponent 3. restart analysis.
SPICA325 coach: [255, 0] no player type for opponent 3. restart analysis.
CYRUS_VANILLA coach: [256, 0] no player type for opponent 8. restart analysis.
SPICA325 coach: [257, 0] no player type for opponent 3. restart analysis.
SPICA325 coach: [257, 0] no player type for opponent 2. restart analysis.
SPICA325 coach: [258, 0] no player type for opponent 3. restart analysis.
CYRUS_VANILLA coach: [260, 0] no player type for opponent 5. restart analysis.
CYRUS_VANILLA coach: [260, 0] no player type for opponent 8. restart analysis.
SPICA325 coach: [260, 0] no player type for opponent 3. restart analysis.
SPICA325 coach: [260, 0] no player type for opponent 2. restart analysis.
SPICA325 coach: [261, 0] no player type for opponent 3. restart analysis.
SPICA325 coach: [262, 0] no player type for opponent 3. restart analysis.
SPICA325 coach: [263, 0] no player type for opponent 3. restart analysis.
SPICA325 coach: [263, 0] no player type for opponent 2. restart analysis.
SPICA325 coach: [264, 0] determined opponent 9 type = 16
SPICA325 coach: [264, 0] no player type for opponent 3. restart analysis.
SPICA325 coach: [265, 0] no player type for opponent 2. restart analysis.
SPICA325 coach: [266, 0] no player type for opponent 10. restart analysis.
SPICA325 coach: [266, 0] no player type for opponent 2. restart analysis.
SPICA325 coach: [267, 0] no player type for opponent 2. restart analysis.
CYRUS_VANILLA coach: [269, 0] no player type for opponent 5. restart analysis.
CYRUS_VANILLA coach: [269, 0] no player type for opponent 8. restart analysis.
SPICA325 coach: [270, 0] no player type for opponent 3. restart analysis.
SPICA325 coach: [271, 0] no player type for opponent 3. restart analysis.
CYRUS_VANILLA coach: [272, 0] no player type for opponent 8. restart analysis.
SPICA325 coach: [273, 0] no player type for opponent 5. restart analysis.
SPICA325 coach: [274, 0] no player type for opponent 2. restart analysis.
SPICA325 coach: [275, 0] no player type for opponent 2. restart analysis.
SPICA325 coach: [277, 0] no player type for opponent 3. restart analysis.
CYRUS_VANILLA coach: [279, 0] no player type for opponent 5. restart analysis.
SPICA325 coach: [285, 0] no player type for opponent 10. restart analysis.
layerSize: 3
CYRUS_VANILLA coach: [292, 0] no player type for opponent 9. restart analysis.
CYRUS_VANILLA coach: [300, 0] no player type for opponent 8. restart analysis.
CYRUS_VANILLA 9: [300, 0]  WARNING. no turn_neck.
SPICA325 coach: [301, 0] updated clang capacity.
CYRUS_VANILLA coach: [301, 0] updated clang capacity.
CYRUS_VANILLA 9: [301, 0]  WARNING. no turn_neck.
CYRUS_VANILLA coach: [302, 0] no player type for opponent 9. restart analysis.
CYRUS_VANILLA coach: [303, 0] no player type for opponent 8. restart analysis.
SPICA325 coach: [304, 0] no player type for opponent 10. restart analysis.
SPICA325 coach: [306, 0] no player type for opponent 10. restart analysis.
SPICA325 coach: [309, 0] no player type for opponent 10. restart analysis.
SPICA325 coach: [311, 0] no player type for opponent 10. restart analysis.
SPICA325 coach: [312, 0] no player type for opponent 5. restart analysis.
CYRUS_VANILLA coach: [315, 0] no player type for opponent 9. restart analysis.
CYRUS_VANILLA coach: [318, 0] no player type for opponent 8. restart analysis.
CYRUS_VANILLA coach: [318, 0] no player type for opponent 5. restart analysis.
SPICA325 coach: [319, 0] no player type for opponent 5. restart analysis.
SPICA325 coach: [319, 0] no player type for opponent 3. restart analysis.
CYRUS_VANILLA coach: [319, 0] no player type for opponent 5. restart analysis.
SPICA325 coach: [321, 0] no player type for opponent 3. restart analysis.
CYRUS_VANILLA coach: [322, 0] no player type for opponent 8. restart analysis.
CYRUS_VANILLA coach: [322, 0] no player type for opponent 5. restart analysis.
CYRUS_VANILLA coach: [323, 0] no player type for opponent 9. restart analysis.
CYRUS_VANILLA coach: [324, 0] no player type for opponent 9. restart analysis.
SPICA325 coach: [329, 0] no player type for opponent 5. restart analysis.
CYRUS_VANILLA coach: [329, 0] no player type for opponent 8. restart analysis.
CYRUS_VANILLA coach: [331, 0] no player type for opponent 8. restart analysis.
SPICA325 coach: [331, 0] no player type for opponent 3. restart analysis.
SPICA325 coach: [332, 0] no player type for opponent 5. restart analysis.
CYRUS_VANILLA coach: [332, 0] no player type for opponent 8. restart analysis.
SPICA325 coach: [335, 0] no player type for opponent 5. restart analysis.
CYRUS_VANILLA coach: [336, 0] no player type for opponent 5. restart analysis.
SPICA325 coach: [338, 0] no player type for opponent 10. restart analysis.
SPICA325 coach: [338, 0] no player type for opponent 5. restart analysis.
SPICA325 coach: [339, 0] no player type for opponent 10. restart analysis.
SPICA325 coach: [340, 0] no player type for opponent 10. restart analysis.
CYRUS_VANILLA coach: [340, 0] no player type for opponent 5. restart analysis.
SPICA325 coach: [351, 0] no player type for opponent 1. restart analysis.
CYRUS_VANILLA coach: [352, 0] determined opponent 9 type = 16
SPICA325 coach: [356, 0] determined opponent 10 type = 7
CYRUS_VANILLA coach: [372, 0] no player type for opponent 5. restart analysis.
SPICA325 coach: [375, 0] no player type for opponent 3. restart analysis.
CYRUS_VANILLA coach: [375, 0] no player type for opponent 8. restart analysis.
SPICA325 coach: [384, 0] determined opponent 2 type = 17
CYRUS_VANILLA coach: [385, 0] no player type for opponent 5. restart analysis.
CYRUS_VANILLA coach: [387, 0] no player type for opponent 8. restart analysis.
SPICA325 coach: [395, 0] no player type for opponent 3. restart analysis.
CYRUS_VANILLA coach: [399, 0] no player type for opponent 8. restart analysis.
CYRUS_VANILLA coach: [407, 0] no player type for opponent 8. restart analysis.
CYRUS_VANILLA coach: [409, 0] no player type for opponent 5. restart analysis.
CYRUS_VANILLA coach: [422, 0] no player type for opponent 8. restart analysis.
CYRUS_VANILLA coach: [429, 0] no player type for opponent 5. restart analysis.
SPICA325 coach: [441, 0] determined opponent 5 type = 14
SPICA325 8: [442, 0]  WARNING. no body command.
SPICA325 8: [443, 0]  WARNING. no body command.
CYRUS_VANILLA coach: [445, 0] determined opponent 5 type = 14
SPICA325 8: [446, 0]  WARNING. no body command.
CYRUS_VANILLA coach: [464, 0] no player type for opponent 8. restart analysis.
CYRUS_VANILLA coach: [471, 0] no player type for opponent 8. restart analysis.
CYRUS_VANILLA coach: [473, 0] no player type for opponent 8. restart analysis.
CYRUS_VANILLA coach: [483, 0] no player type for opponent 8. restart analysis.
CYRUS_VANILLA 9: [492, 0] lost kick by foul at [492, 0] sense=60 internal=61
SPICA325 coach: [533, 0] no player type for opponent 3. restart analysis.
SPICA325 coach: [538, 0] no player type for opponent 3. restart analysis.
SPICA325 coach: [539, 0] no player type for opponent 3. restart analysis.
SPICA325 coach: [558, 0] no player type for opponent 3. restart analysis.
SPICA325 coach: [559, 0] no player type for opponent 3. restart analysis.
SPICA325 coach: [560, 0] no player type for opponent 3. restart analysis.
SPICA325 coach: [561, 0] no player type for opponent 3. restart analysis.
SPICA325 coach: [562, 0] no player type for opponent 3. restart analysis.
SPICA325 coach: [570, 0] no player type for opponent 3. restart analysis.
SPICA325 coach: [580, 0] no player type for opponent 3. restart analysis.
SPICA325 coach: [582, 0] no player type for opponent 3. restart analysis.
SPICA325 coach: [587, 0] no player type for opponent 3. restart analysis.
SPICA325 coach: [597, 0] no player type for opponent 3. restart analysis.
SPICA325 coach: [601, 0] updated clang capacity.
CYRUS_VANILLA coach: [601, 0] updated clang capacity.
SPICA325 coach: [617, 0] no player type for opponent 3. restart analysis.
SPICA325 coach: [619, 0] no player type for opponent 3. restart analysis.
SPICA325 coach: [621, 0] no player type for opponent 3. restart analysis.
CYRUS_VANILLA coach: [621, 0] no player type for opponent 8. restart analysis.
SPICA325 coach: [631, 0] no player type for opponent 3. restart analysis.
SPICA325 coach: [633, 0] no player type for opponent 3. restart analysis.
CYRUS_VANILLA coach: [635, 0] no player type for opponent 8. restart analysis.
SPICA325 coach: [639, 0] no player type for opponent 3. restart analysis.
SPICA325 coach: [645, 0] no player type for opponent 3. restart analysis.
CYRUS_VANILLA coach: [660, 0] no player type for opponent 8. restart analysis.
SPICA325 coach: [665, 0] no player type for opponent 3. restart analysis.
SPICA325 coach: [666, 0] no player type for opponent 3. restart analysis.
CYRUS_VANILLA coach: [666, 0] no player type for opponent 8. restart analysis.
CYRUS_VANILLA coach: [669, 0] no player type for opponent 8. restart analysis.
SPICA325 coach: [671, 0] determined opponent 1 type = 0
CYRUS_VANILLA coach: [682, 0] no player type for opponent 8. restart analysis.
CYRUS_VANILLA coach: [686, 0] no player type for opponent 8. restart analysis.
CYRUS_VANILLA coach: [687, 0] no player type for opponent 8. restart analysis.
CYRUS_VANILLA coach: [688, 0] no player type for opponent 8. restart analysis.
SPICA325 coach: [692, 0] no player type for opponent 3. restart analysis.
CYRUS_VANILLA coach: [706, 0] no player type for opponent 8. restart analysis.
CYRUS_VANILLA coach: [719, 0] no player type for opponent 8. restart analysis.
CYRUS_VANILLA coach: [721, 0] no player type for opponent 8. restart analysis.
SPICA325 coach: [722, 0] no player type for opponent 3. restart analysis.
CYRUS_VANILLA coach: [722, 0] no player type for opponent 8. restart analysis.
CYRUS_VANILLA coach: [724, 0] no player type for opponent 8. restart analysis.
CYRUS_VANILLA coach: [727, 0] no player type for opponent 8. restart analysis.
SPICA325 coach: [738, 0] no player type for opponent 3. restart analysis.
CYRUS_VANILLA coach: [754, 0] no player type for opponent 8. restart analysis.
SPICA325 coach: [761, 0] sent freeform (player_types (1 0)(2 17)(3 -1)(4 11)(5 14)(6 15)(7 8)(8 12)(9 16)(10 7)(11 10))
SPICA325 coach: [761, 0] freeform 2 / 128
CYRUS_VANILLA coach: [761, 0] sent freeform (player_types (1 0)(2 17)(3 13)(4 11)(5 14)(6 15)(7 8)(8 -1)(9 16)(10 7)(11 10))
CYRUS_VANILLA coach: [761, 0] freeform 2 / 128
SPICA325 coach: [789, 0] no player type for opponent 3. restart analysis.
SPICA325 coach: [810, 0] no player type for opponent 3. restart analysis.
SPICA325 coach: [817, 0] no player type for opponent 3. restart analysis.
CYRUS_VANILLA coach: [833, 0] no player type for opponent 8. restart analysis.
CYRUS_VANILLA coach: [845, 0] no player type for opponent 8. restart analysis.
CYRUS_VANILLA coach: [895, 0] no player type for opponent 8. restart analysis.
SPICA325 coach: [901, 0] updated clang capacity.
CYRUS_VANILLA coach: [901, 0] updated clang capacity.
SPICA325 coach: [903, 0] no player type for opponent 3. restart analysis.
SPICA325 coach: [909, 0] no player type for opponent 3. restart analysis.
SPICA325 coach: [912, 0] no player type for opponent 3. restart analysis.
SPICA325 coach: [918, 0] no player type for opponent 3. restart analysis.
CYRUS_VANILLA coach: [922, 0] no player type for opponent 8. restart analysis.
CYRUS_VANILLA coach: [924, 0] no player type for opponent 8. restart analysis.
CYRUS_VANILLA coach: [925, 0] no player type for opponent 8. restart analysis.
CYRUS_VANILLA coach: [927, 0] no player type for opponent 8. restart analysis.
CYRUS_VANILLA coach: [928, 0] no player type for opponent 8. restart analysis.
CYRUS_VANILLA coach: [951, 0] no player type for opponent 8. restart analysis.
CYRUS_VANILLA coach: [955, 0] no player type for opponent 8. restart analysis.
CYRUS_VANILLA coach: [957, 0] no player type for opponent 8. restart analysis.
CYRUS_VANILLA coach: [975, 0] no player type for opponent 8. restart analysis.
SPICA325 coach: [978, 0] no player type for opponent 3. restart analysis.
SPICA325 coach: [988, 0] no player type for opponent 3. restart analysis.
SPICA325 coach: [990, 0] no player type for opponent 3. restart analysis.
SPICA325 coach: [991, 0] no player type for opponent 3. restart analysis.
CYRUS_VANILLA coach: [991, 0] no player type for opponent 8. restart analysis.
CYRUS_VANILLA coach: [992, 0] no player type for opponent 8. restart analysis.
CYRUS_VANILLA coach: [993, 0] no player type for opponent 8. restart analysis.
CYRUS_VANILLA coach: [1012, 0] no player type for opponent 8. restart analysis.
CYRUS_VANILLA coach: [1020, 0] no player type for opponent 8. restart analysis.
CYRUS_VANILLA coach: [1024, 0] no player type for opponent 8. restart analysis.
SPICA325 coach: [1037, 0] no player type for opponent 3. restart analysis.
SPICA325 coach: [1040, 0] no player type for opponent 3. restart analysis.
CYRUS_VANILLA coach: [1047, 0] no player type for opponent 8. restart analysis.
CYRUS_VANILLA coach: [1048, 0] no player type for opponent 8. restart analysis.
CYRUS_VANILLA coach: [1052, 0] no player type for opponent 8. restart analysis.
CYRUS_VANILLA 11: [1054, 0] lost kick by foul at [1054, 0] sense=13 internal=14
SPICA325 8: [1055, 0]  WARNING. no body command.
SPICA325 coach: [1077, 0] no player type for opponent 3. restart analysis.
SPICA325 coach: [1079, 0] no player type for opponent 3. restart analysis.
CYRUS_VANILLA coach: [1084, 0] no player type for opponent 8. restart analysis.
CYRUS_VANILLA coach: [1097, 0] no player type for opponent 8. restart analysis.
SPICA325 coach: [1104, 0] determined opponent 3 type = 13
SPICA325 4: [1104, 0]  WARNING. no body command.
SPICA325 4: [1105, 0]  WARNING. no body command.
SPICA325 coach: [1201, 0] updated clang capacity.
CYRUS_VANILLA coach: [1201, 0] updated clang capacity.
SPICA325 10: [1233, 0]  WARNING. no turn_neck.
SPICA325 10: [1234, 0]  WARNING. no turn_neck.
CYRUS_VANILLA coach: [1246, 0] no player type for opponent 8. restart analysis.
CYRUS_VANILLA coach: [1262, 0] no player type for opponent 8. restart analysis.
SPICA325 11: [1313, 0] lost kick by foul at [1313, 0] sense=35 internal=36
SPICA325 9: [1313, 0] lost kick by foul at [1313, 0] sense=69 internal=70
CYRUS_VANILLA coach: [1339, 0] no player type for opponent 8. restart analysis.
CYRUS_VANILLA coach: [1347, 0] no player type for opponent 8. restart analysis.
CYRUS_VANILLA coach: [1355, 0] no player type for opponent 8. restart analysis.
CYRUS_VANILLA 11: [1355, 0]  WARNING. no turn_neck.
CYRUS_VANILLA coach: [1359, 0] no player type for opponent 8. restart analysis.
CYRUS_VANILLA coach: [1373, 0] no player type for opponent 8. restart analysis.
CYRUS_VANILLA coach: [1374, 0] no player type for opponent 8. restart analysis.
CYRUS_VANILLA coach: [1376, 0] no player type for opponent 8. restart analysis.
CYRUS_VANILLA coach: [1381, 0] no player type for opponent 8. restart analysis.
CYRUS_VANILLA coach: [1389, 0] no player type for opponent 8. restart analysis.
CYRUS_VANILLA coach: [1390, 0] no player type for opponent 8. restart analysis.
CYRUS_VANILLA coach: [1419, 0] no player type for opponent 8. restart analysis.
CYRUS_VANILLA coach: [1420, 0] no player type for opponent 8. restart analysis.
CYRUS_VANILLA coach: [1421, 0] no player type for opponent 8. restart analysis.
CYRUS_VANILLA coach: [1441, 0] no player type for opponent 8. restart analysis.
CYRUS_VANILLA coach: [1447, 0] no player type for opponent 8. restart analysis.
SPICA325 coach: [1464, 1] sent freeform (player_types (1 0)(2 17)(3 13)(4 11)(5 14)(6 15)(7 8)(8 12)(9 16)(10 7)(11 10))
SPICA325 coach: [1464, 1] freeform 3 / 128
SPICA325 coach: [1501, 0] updated clang capacity.
CYRUS_VANILLA coach: [1501, 0] updated clang capacity.
CYRUS_VANILLA coach: [1569, 0] no player type for opponent 8. restart analysis.
CYRUS_VANILLA coach: [1584, 0] no player type for opponent 8. restart analysis.
CYRUS_VANILLA coach: [1685, 0] no player type for opponent 8. restart analysis.
CYRUS_VANILLA 7: [1692, 0]  WARNING. no turn_neck.
CYRUS_VANILLA coach: [1698, 0] no player type for opponent 8. restart analysis.
CYRUS_VANILLA coach: [1700, 0] no player type for opponent 8. restart analysis.
CYRUS_VANILLA coach: [1704, 0] no player type for opponent 8. restart analysis.
CYRUS_VANILLA coach: [1705, 0] no player type for opponent 8. restart analysis.
CYRUS_VANILLA coach: [1706, 0] no player type for opponent 8. restart analysis.
CYRUS_VANILLA coach: [1710, 0] no player type for opponent 8. restart analysis.
CYRUS_VANILLA coach: [1752, 0] no player type for opponent 8. restart analysis.
CYRUS_VANILLA coach: [1758, 0] no player type for opponent 8. restart analysis.
CYRUS_VANILLA coach: [1766, 0] no player type for opponent 8. restart analysis.
CYRUS_VANILLA coach: [1791, 0] no player type for opponent 8. restart analysis.
CYRUS_VANILLA coach: [1796, 0] no player type for opponent 8. restart analysis.
CYRUS_VANILLA coach: [1799, 0] no player type for opponent 8. restart analysis.
SPICA325 coach: [1801, 0] updated clang capacity.
CYRUS_VANILLA coach: [1801, 0] updated clang capacity.
CYRUS_VANILLA coach: [1810, 0] no player type for opponent 8. restart analysis.
CYRUS_VANILLA coach: [1811, 0] no player type for opponent 8. restart analysis.
CYRUS_VANILLA coach: [1813, 0] no player type for opponent 8. restart analysis.
CYRUS_VANILLA coach: [1824, 0] no player type for opponent 8. restart analysis.
CYRUS_VANILLA coach: [1831, 0] no player type for opponent 8. restart analysis.
CYRUS_VANILLA coach: [1847, 0] no player type for opponent 8. restart analysis.
CYRUS_VANILLA coach: [1849, 0] no player type for opponent 8. restart analysis.
CYRUS_VANILLA coach: [1853, 0] no player type for opponent 8. restart analysis.
CYRUS_VANILLA coach: [1854, 0] no player type for opponent 8. restart analysis.
CYRUS_VANILLA coach: [1914, 0] determined opponent 8 type = 12
SPICA325 coach: [2101, 0] updated clang capacity.
CYRUS_VANILLA coach: [2101, 0] updated clang capacity.
CYRUS_VANILLA 10: [2156, 0] lost kick by foul at [2156, 0] sense=36 internal=37
CYRUS_VANILLA coach: [2156, 1] sent freeform (player_types (1 0)(2 17)(3 13)(4 11)(5 14)(6 15)(7 8)(8 12)(9 16)(10 7)(11 10))
CYRUS_VANILLA coach: [2156, 1] freeform 3 / 128
SPICA325 coach: [2401, 0] updated clang capacity.
CYRUS_VANILLA coach: [2401, 0] updated clang capacity.
9 [2586, 0] no ball position cache.
9 [2586, 0] no ball position cache.
9 [2586, 0] Interecet Self cache is empty!
9 [2587, 0] no ball position cache.
9 [2587, 0] no ball position cache.
9 [2587, 0] Interecet Self cache is empty!
9 [2588, 0] no ball position cache.
9 [2588, 0] no ball position cache.
9 [2588, 0] Interecet Self cache is empty!
SPICA325 11: [2621, 0]  WARNING. no turn_neck.
SPICA325 11: [2625, 0]  WARNING. no turn_neck.
SPICA325 coach: [2701, 0] updated clang capacity.
CYRUS_VANILLA coach: [2701, 0] updated clang capacity.
SPICA325 11: [2952, 0] lost kick by foul at [2952, 0] sense=65 internal=66
Waiting to kick off
Kick_off_right
SPICA325 coach: [3001, 0] updated clang capacity.
CYRUS_VANILLA coach: [3001, 0] updated clang capacity.
CYRUS_VANILLA 7: [3115, 0]  WARNING. no turn_neck.
CYRUS_VANILLA 7: [3116, 0]  WARNING. no turn_neck.
CYRUS_VANILLA coach: [3301, 0] updated clang capacity.
SPICA325 coach: [3301, 0] updated clang capacity.
CYRUS_VANILLA coach: [3601, 0] updated clang capacity.
SPICA325 coach: [3601, 0] updated clang capacity.
SPICA325 7: [3667, 0]  WARNING. no turn_neck.
SPICA325 7: [3668, 0]  WARNING. no turn_neck.
SPICA325 7: [3695, 0]  WARNING. no turn_neck.
SPICA325 7: [3696, 0]  WARNING. no turn_neck.
SPICA325 7: [3714, 0]  WARNING. no turn_neck.
SPICA325 7: [3715, 0]  WARNING. no turn_neck.
SPICA325 7: [3716, 0]  WARNING. no turn_neck.
SPICA325 coach: [3901, 0] updated clang capacity.
CYRUS_VANILLA coach: [3901, 0] updated clang capacity.
CYRUS_VANILLA 9: [4087, 0]  WARNING. no turn_neck.
CYRUS_VANILLA 9: [4088, 0]  WARNING. no turn_neck.
SPICA325 coach: [4201, 0] updated clang capacity.
CYRUS_VANILLA coach: [4201, 0] updated clang capacity.
CYRUS_VANILLA 9: [4203, 0] over dash power range: 135.864
SPICA325 8: [4457, 0] lost kick by foul at [4457, 0] sense=22 internal=23
CYRUS_VANILLASPICA325 coach: [ coach: [4501, 45010, ]0 updated clang capacity.] updated clang capacity.

CYRUS_VANILLA coach: [4801, 0] updated clang capacity.
SPICA325 coach: [4801, 0] updated clang capacity.
SPICA325 6: [5086, 0] lost kick by foul at [5086, 0] sense=41 internal=42
CYRUS_VANILLA coach: [5101, 0] updated clang capacity.
SPICA325 coach: [5101, 0] updated clang capacity.
CYRUS_VANILLA 7: [5397, 0] lost kick by foul at [5397, 0] sense=84 internal=85
CYRUS_VANILLA coach: [5401, 0] updated clang capacity.
SPICA325 coach: [5401, 0] updated clang capacity.
SPICA325 9: [5527, 0]  WARNING. no turn_neck.
SPICA325 coach: [5701, 0] updated clang capacity.
CYRUS_VANILLA coach: [5701, 0] updated clang capacity.
CYRUS_VANILLA 11: finished.
CYRUS_VANILLA 2: finished.
CYRUS_VANILLA 10: finished.
SPICA325 9: finished.
CYRUS_VANILLA 3: finished.
CYRUS_VANILLA coach: [6000, 0] new freeform allowed 256
CYRUS_VANILLA coach: finished.
SPICA325 1: finished.
CYRUS_VANILLA 4: finished.
CYRUS_VANILLA 6: finished.
SPICA325 5: finished.
CYRUS_VANILLA 1: finished.
SPICA325 4: finished.
CYRUS_VANILLA 8: finished.
SPICA325 10: finished.
SPICA325 6: finished.
SPICA325 11: finished.
SPICA325 coach: [6000, 0] new freeform allowed 256
SPICA325 coach: finished.
SPICA325 7: finished.
SPICA325 8: finished.
CYRUS_VANILLA 7: finished.
SPICA325 3: finished.
CYRUS_VANILLA 9: finished.
SPICA325 2: finished.
CYRUS_VANILLA 5: finished.
Waiting after end of match
A player disconnected : (SPICA325 9)
A player disconnected : (CYRUS_VANILLA 3)
A player disconnected : (CYRUS_VANILLA 11)
A player disconnected : (CYRUS_VANILLA 10)
A player disconnected : (CYRUS_VANILLA 2)
A player disconnected : (SPICA325 6)
A player disconnected : (CYRUS_VANILLA 1)
A player disconnected : (SPICA325 4)
A player disconnected : (SPICA325 3)
A player disconnected : (CYRUS_VANILLA 6)
A player disconnected : (SPICA325 10)
A player disconnected : (CYRUS_VANILLA 7)
A player disconnected : (CYRUS_VANILLA 4)
A player disconnected : (SPICA325 11)
A player disconnected : (SPICA325 7)
A player disconnected : (SPICA325 5)
A player disconnected : (SPICA325 8)
A player disconnected : (CYRUS_VANILLA 8)
A player disconnected : (SPICA325 1)
A player disconnected : (CYRUS_VANILLA 9)
An online coach disconnected : (SPICA325)
An online coach disconnected : (CYRUS_VANILLA)
A player disconnected : (SPICA325 2)
A player disconnected : (CYRUS_VANILLA 5)
Killing 19716
Killing 19729

Game Over. Exiting...

Saving Results:
	CSVSaver: saving...
	CSVSaver: ...disabled
	STDOutSaver: saving...

Game Results:
	2026-06-27 11:04:15
	'SPICA325' vs 'CYRUS_VANILLA'
	Score: 0 - 0
 
	STDOutSaver: ...saved

Saving Results Complete
