rcssserver-19.0.0

Copyright (C) 1995, 1996, 1997, 1998, 1999 Electrotechnical Laboratory.
2000 - RoboCup Soccer Simulator Maintenance Group.

Simulator Random Seed: 1782552530
CSVSaver: Ready
STDOutSaver: Ready
Using simulator's random seed as Hetero Player Seed: 1782552530
******************************************************************
 HELIOS base
 Created by Hidehisa Akiyama and Hiroki Shimora
 Copyright 2000-2007.  Hidehisa Akiyama
 Copyright 2007-2011.  Hidehisa Akiyama and Hiroki Shimora
 All rights reserved.
******************************************************************
PING localhost (127.0.0.1) 56(84) bytes of data.
64 bytes from localhost (127.0.0.1): icmp_seq=1 ttl=64 time=0.061 ms

--- localhost ping statistics ---
1 packets transmitted, 1 received, 0% packet loss, time 0ms
rtt min/avg/max/mdev = 0.061/0.061/0.061/0.000 ms
******************************************************************
 librcsc 
 Copyright 2000 - 2007. Hidehisa Akiyama.
 Copyright 2007 - 2011. Hidehisa Akiyama and Hiroki Shimora
 Copyright 2011 -  Hidehisa Akiyama, Hiroki Shimora
   Takuya Fukushima (2019-)
 All rights reserved.
******************************************************************
*****************************************************************
 This program is based on agent2d created by Hidehisa Akiyama.
 Copyright 2006 - 2011. Hidehisa Akiyama and Hiroki Shimora.
 All rights reserved.
*****************************************************************
SPICA325: init ok.  unum: 1 side: l
SPICA325 1: [-1, 0] (v18+) force synch see mode.
wind factor: rand: 0.000000, vector: (0.000000, 0.000000)

Hit CTRL-C to exit
Starting "/bin/sh -c scripts/team_launchers/spica325_left.sh"
Waiting for players to connect
A new (v18) player (SPICA325 1) connected.
******************************************************************
 HELIOS base
 Created by Hidehisa Akiyama and Hiroki Shimora
 Copyright 2000-2007.  Hidehisa Akiyama
 Copyright 2007-2011.  Hidehisa Akiyama and Hiroki Shimora
 All rights reserved.
******************************************************************
PING localhost (127.0.0.1) 56(84) bytes of data.
64 bytes from localhost (127.0.0.1): icmp_seq=1 ttl=64 time=0.019 ms

--- localhost ping statistics ---
1 packets transmitted, 1 received, 0% packet loss, time 0ms
rtt min/avg/max/mdev = 0.019/0.019/0.019/0.000 ms
******************************************************************
 librcsc 
 Copyright 2000 - 2007. Hidehisa Akiyama.
 Copyright 2007 - 2011. Hidehisa Akiyama and Hiroki Shimora
 Copyright 2011 -  Hidehisa Akiyama, Hiroki Shimora
   Takuya Fukushima (2019-)
 All rights reserved.
******************************************************************
SPICA325 1:  KickTable created.
SPICA325 1: [-1, 0] set synch see mode.
*****************************************************************
 This program is based on agent2d created by Hidehisa Akiyama.
 Copyright 2006 - 2011. Hidehisa Akiyama and Hiroki Shimora.
 All rights reserved.
*****************************************************************
CYRUS_VANILLA: init ok.  unum: 1 side: r
CYRUS_VANILLA 1: [-1, 0] (v18+) force synch see mode.
Starting "/bin/sh -c scripts/team_launchers/cyrus_vanilla_right.sh"
A new (v18) player (CYRUS_VANILLA 1) connected.
CYRUS_VANILLA 1:  KickTable created.
CYRUS_VANILLA 1: [-1, 0] set synch see mode.
Read Setting: ./data/settings/Other.json
Read Setting: ./data/settings/Other.json
******************************************************************
 librcsc 
 Copyright 2000 - 2007. Hidehisa Akiyama.
 Copyright 2007 - 2011. Hidehisa Akiyama and Hiroki Shimora
 Copyright 2011 -  Hidehisa Akiyama, Hiroki Shimora
   Takuya Fukushima (2019-)
 All rights reserved.
******************************************************************
******************************************************************
 librcsc 
 Copyright 2000 - 2007. Hidehisa Akiyama.
 Copyright 2007 - 2011. Hidehisa Akiyama and Hiroki Shimora
 Copyright 2011 -  Hidehisa Akiyama, Hiroki Shimora
   Takuya Fukushima (2019-)
 All rights reserved.
******************************************************************
******************************************************************
 librcsc 
 Copyright 2000 - 2007. Hidehisa Akiyama.
 Copyright 2007 - 2011. Hidehisa Akiyama and Hiroki Shimora
 Copyright 2011 -  Hidehisa Akiyama, Hiroki Shimora
   Takuya Fukushima (2019-)
 All rights reserved.
******************************************************************
******************************************************************
 librcsc 
 Copyright 2000 - 2007. Hidehisa Akiyama.
 Copyright 2007 - 2011. Hidehisa Akiyama and Hiroki Shimora
 Copyright 2011 -  Hidehisa Akiyama, Hiroki Shimora
   Takuya Fukushima (2019-)
 All rights reserved.
******************************************************************
******************************************************************
 librcsc 
 Copyright 2000 - 2007. Hidehisa Akiyama.
 Copyright 2007 - 2011. Hidehisa Akiyama and Hiroki Shimora
 Copyright 2011 -  Hidehisa Akiyama, Hiroki Shimora
   Takuya Fukushima (2019-)
 All rights reserved.
******************************************************************
******************************************************************
 librcsc 
 Copyright 2000 - 2007. Hidehisa Akiyama.
 Copyright 2007 - 2011. Hidehisa Akiyama and Hiroki Shimora
 Copyright 2011 -  Hidehisa Akiyama, Hiroki Shimora
   Takuya Fukushima (2019-)
 All rights reserved.
******************************************************************
******************************************************************
 librcsc 
 Copyright 2000 - 2007. Hidehisa Akiyama.
 Copyright 2007 - 2011. Hidehisa Akiyama and Hiroki Shimora
 Copyright 2011 -  Hidehisa Akiyama, Hiroki Shimora
   Takuya Fukushima (2019-)
 All rights reserved.
******************************************************************
******************************************************************
 librcsc 
 Copyright 2000 - 2007. Hidehisa Akiyama.
 Copyright 2007 - 2011. Hidehisa Akiyama and Hiroki Shimora
 Copyright 2011 -  Hidehisa Akiyama, Hiroki Shimora
   Takuya Fukushima (2019-)
 All rights reserved.
******************************************************************
******************************************************************
 librcsc 
 Copyright 2000 - 2007. Hidehisa Akiyama.
 Copyright 2007 - 2011. Hidehisa Akiyama and Hiroki Shimora
 Copyright 2011 -  Hidehisa Akiyama, Hiroki Shimora
   Takuya Fukushima (2019-)
 All rights reserved.
******************************************************************
******************************************************************
 librcsc 
 Copyright 2000 - 2007. Hidehisa Akiyama.
 Copyright 2007 - 2011. Hidehisa Akiyama and Hiroki Shimora
 Copyright 2011 -  Hidehisa Akiyama, Hiroki Shimora
   Takuya Fukushima (2019-)
 All rights reserved.
******************************************************************
*****************************************************************
 This program is based on agent2d created by Hidehisa Akiyama.
 Copyright 2006 - 2011. Hidehisa Akiyama and Hiroki Shimora.
 All rights reserved.
*****************************************************************
*****************************************************************
 This program is based on agent2d created by Hidehisa Akiyama.
 Copyright 2006 - 2011. Hidehisa Akiyama and Hiroki Shimora.
 All rights reserved.
*****************************************************************
*****************************************************************
 This program is based on agent2d created by Hidehisa Akiyama.
 Copyright 2006 - 2011. Hidehisa Akiyama and Hiroki Shimora.
 All rights reserved.
*****************************************************************
******************************************************************
 librcsc 
 Copyright 2000 - 2007. Hidehisa Akiyama.
 Copyright 2007 - 2011. Hidehisa Akiyama and Hiroki Shimora
 Copyright 2011 -  Hidehisa Akiyama, Hiroki Shimora
   Takuya Fukushima (2019-)
 All rights reserved.
******************************************************************
*****************************************************************
 This program is based on agent2d created by Hidehisa Akiyama.
 Copyright 2006 - 2011. Hidehisa Akiyama and Hiroki Shimora.
 All rights reserved.
*****************************************************************
*****************************************************************
 This program is based on agent2d created by Hidehisa Akiyama.
 Copyright 2006 - 2011. Hidehisa Akiyama and Hiroki Shimora.
 All rights reserved.
*****************************************************************
******************************************************************
 librcsc 
 Copyright 2000 - 2007. Hidehisa Akiyama.
 Copyright 2007 - 2011. Hidehisa Akiyama and Hiroki Shimora
 Copyright 2011 -  Hidehisa Akiyama, Hiroki Shimora
   Takuya Fukushima (2019-)
 All rights reserved.
******************************************************************
*****************************************************************
 This program is based on agent2d created by Hidehisa Akiyama.
 Copyright 2006 - 2011. Hidehisa Akiyama and Hiroki Shimora.
 All rights reserved.
*****************************************************************
*****************************************************************
 This program is based on agent2d created by Hidehisa Akiyama.
 Copyright 2006 - 2011. Hidehisa Akiyama and Hiroki Shimora.
 All rights reserved.
*****************************************************************
******************************************************************
 librcsc 
 Copyright 2000 - 2007. Hidehisa Akiyama.
 Copyright 2007 - 2011. Hidehisa Akiyama and Hiroki Shimora
 Copyright 2011 -  Hidehisa Akiyama, Hiroki Shimora
   Takuya Fukushima (2019-)
 All rights reserved.
******************************************************************
******************************************************************
 librcsc 
 Copyright 2000 - 2007. Hidehisa Akiyama.
 Copyright 2007 - 2011. Hidehisa Akiyama and Hiroki Shimora
 Copyright 2011 -  Hidehisa Akiyama, Hiroki Shimora
   Takuya Fukushima (2019-)
 All rights reserved.
******************************************************************
A new (v18) player (SPICA325 2) connected.
A new (v18) player (SPICA325 3) connected.
A new (v18) player (SPICA325 4) connected.
SPICA325: init ok.  unum: 5 side: l
SPICA325 5: [-1, 0] (v18+) force synch see mode.
A new (v18) player (SPICA325 5) connected.
A new (v18) player (SPICA325 6) connected.
SPICA325: init ok.  unum: 7 side: l
SPICA325 7: [-1, 0] (v18+) force synch see mode.
A new (v18) player (SPICA325 7) connected.
A new (v18) online coach (SPICA325) connected.
******************************************************************
 librcsc 
 Copyright 2000 - 2007. Hidehisa Akiyama.
 Copyright 2007 - 2011. Hidehisa Akiyama and Hiroki Shimora
 Copyright 2011 -  Hidehisa Akiyama, Hiroki Shimora
   Takuya Fukushima (2019-)
 All rights reserved.
******************************************************************
SPICA325: init ok.  unum: 4 side: l
SPICA325 4: [-1, 0] (v18+) force synch see mode.
SPICA325: init ok.  unum: 3 side: l
SPICA325: init ok.  unum: 6 side: l
SPICA325 3: [-1, 0] (v18+) force synch see mode.
SPICA325 6: [-1, 0] (v18+) force synch see mode.
SPICA325: init ok.  unum: 2 side: l
SPICA325 2: [-1, 0] (v18+) force synch see mode.
*****************************************************************
 This program is based on agent2d created by Hidehisa Akiyama.
 Copyright 2006 - 2011. Hidehisa Akiyama and Hiroki Shimora.
 All rights reserved.
*****************************************************************
******************************************************************
 librcsc 
 Copyright 2000 - 2007. Hidehisa Akiyama.
 Copyright 2007 - 2011. Hidehisa Akiyama and Hiroki Shimora
 Copyright 2011 -  Hidehisa Akiyama, Hiroki Shimora
   Takuya Fukushima (2019-)
 All rights reserved.
******************************************************************
*****************************************************************
 This program is based on agent2d created by Hidehisa Akiyama.
 Copyright 2006 - 2011. Hidehisa Akiyama and Hiroki Shimora.
 All rights reserved.
*****************************************************************
******************************************************************
 librcsc 
 Copyright 2000 - 2007. Hidehisa Akiyama.
 Copyright 2007 - 2011. Hidehisa Akiyama and Hiroki Shimora
 Copyright 2011 -  Hidehisa Akiyama, Hiroki Shimora
   Takuya Fukushima (2019-)
 All rights reserved.
******************************************************************
SPICA325 coach: [0, 0] updated clang capacity.
******************************************************************
 librcsc 
 Copyright 2000 - 2007. Hidehisa Akiyama.
 Copyright 2007 - 2011. Hidehisa Akiyama and Hiroki Shimora
 Copyright 2011 -  Hidehisa Akiyama, Hiroki Shimora
   Takuya Fukushima (2019-)
 All rights reserved.
******************************************************************
A new (v18) player (SPICA325 8) connected.
A new (v18) player (SPICA325 9) connected.
SPICA325: init ok.  unum: 9 side: l
SPICA325 9: [-1, 0] (v18+) force synch see mode.
*****************************************************************
 This program is based on agent2d created by Hidehisa Akiyama.
 Copyright 2006 - 2011. Hidehisa Akiyama and Hiroki Shimora.
 All rights reserved.
*****************************************************************
SPICA325: init ok.  unum: 8 side: l
SPICA325 8: [-1, 0] (v18+) force synch see mode.
A new (v18) player (SPICA325 10) connected.
SPICA325 coach: [0, 0] recv (ok eye on)
SPICA325: init ok.  unum: 10 side: l
SPICA325 10: [-1, 0] (v18+) force synch see mode.
*****************************************************************
 This program is based on agent2d created by Hidehisa Akiyama.
 Copyright 2006 - 2011. Hidehisa Akiyama and Hiroki Shimora.
 All rights reserved.
*****************************************************************
A new (v18) player (SPICA325 11) connected.
******************************************************************
 librcsc 
 Copyright 2000 - 2007. Hidehisa Akiyama.
 Copyright 2007 - 2011. Hidehisa Akiyama and Hiroki Shimora
 Copyright 2011 -  Hidehisa Akiyama, Hiroki Shimora
   Takuya Fukushima (2019-)
 All rights reserved.
******************************************************************
SPICA325: init ok.  unum: 11 side: l
SPICA325 11: [-1, 0] (v18+) force synch see mode.
******************************************************************
 librcsc 
 Copyright 2000 - 2007. Hidehisa Akiyama.
 Copyright 2007 - 2011. Hidehisa Akiyama and Hiroki Shimora
 Copyright 2011 -  Hidehisa Akiyama, Hiroki Shimora
   Takuya Fukushima (2019-)
 All rights reserved.
******************************************************************
*****************************************************************
 This program is based on agent2d created by Hidehisa Akiyama.
 Copyright 2006 - 2011. Hidehisa Akiyama and Hiroki Shimora.
 All rights reserved.
*****************************************************************
SPICA325 6:  KickTable created.
A new (v18) player (CYRUS_VANILLA 2) connected.
SPICA325 3:  KickTable created.
SPICA325 4:  KickTable created.
SPICA325 4: [-1, 0] set synch see mode.
*****************************************************************
 This program is based on agent2d created by Hidehisa Akiyama.
 Copyright 2006 - 2011. Hidehisa Akiyama and Hiroki Shimora.
 All rights reserved.
*****************************************************************
A new (v18) player (CYRUS_VANILLA 3) connected.
CYRUS_VANILLA: init ok.  unum: 2 side: r
CYRUS_VANILLA 2: [-1, 0] (v18+) force synch see mode.
CYRUS_VANILLA: init ok.  unum: 3 side: r
CYRUS_VANILLA 3: [-1, 0] (v18+) force synch see mode.
SPICA325 3: [-1, 0] set synch see mode.
SPICA325 2:  KickTable created.
SPICA325 7:  KickTable created.
SPICA325 2: [-1, 0] set synch see mode.
SPICA325 7: [-1, 0] set synch see mode.
SPICA325 5:  KickTable created.
******************************************************************
 librcsc 
 Copyright 2000 - 2007. Hidehisa Akiyama.
 Copyright 2007 - 2011. Hidehisa Akiyama and Hiroki Shimora
 Copyright 2011 -  Hidehisa Akiyama, Hiroki Shimora
   Takuya Fukushima (2019-)
 All rights reserved.
******************************************************************
SPICA325 5: [-1, 0] set synch see mode.
SPICA325 6: [-1, 0] set synch see mode.
*****************************************************************
 This program is based on agent2d created by Hidehisa Akiyama.
 Copyright 2006 - 2011. Hidehisa Akiyama and Hiroki Shimora.
 All rights reserved.
*****************************************************************
******************************************************************
 librcsc 
 Copyright 2000 - 2007. Hidehisa Akiyama.
 Copyright 2007 - 2011. Hidehisa Akiyama and Hiroki Shimora
 Copyright 2011 -  Hidehisa Akiyama, Hiroki Shimora
   Takuya Fukushima (2019-)
 All rights reserved.
******************************************************************
*****************************************************************
 This program is based on agent2d created by Hidehisa Akiyama.
 Copyright 2006 - 2011. Hidehisa Akiyama and Hiroki Shimora.
 All rights reserved.
*****************************************************************
SPICA325 11:  KickTable created.
SPICA325 11: [-1, 0] set synch see mode.
SPICA325 8:  KickTable created.
*****************************************************************
 This program is based on agent2d created by Hidehisa Akiyama.
 Copyright 2006 - 2011. Hidehisa Akiyama and Hiroki Shimora.
 All rights reserved.
*****************************************************************
*****************************************************************
 This program is based on agent2d created by Hidehisa Akiyama.
 Copyright 2006 - 2011. Hidehisa Akiyama and Hiroki Shimora.
 All rights reserved.
*****************************************************************
*****************************************************************
 This program is based on agent2d created by Hidehisa Akiyama.
 Copyright 2006 - 2011. Hidehisa Akiyama and Hiroki Shimora.
 All rights reserved.
*****************************************************************
Read Setting: ./data/settings/Other.json
Read Setting: ./data/settings/Other.json
Read Setting: ./data/settings/Other.json
Read Setting: ./data/settings/Other.json
Read Setting: ./data/settings/Other.json
Read Setting: ./data/settings/Other.json
SPICA325 8: [-1, 0] set synch see mode.
A new (v18) player (CYRUS_VANILLA 4) connected.
A new (v18) player (CYRUS_VANILLA 5) connected.
A new (v18) player (CYRUS_VANILLA 6) connected.
A new (v18) player (CYRUS_VANILLA 7) connected.
A new (v18) online coach (CYRUS_VANILLA) connected.
CYRUS_VANILLA: init ok.  unum: 4 side: r
CYRUS_VANILLA 4: [-1, 0] (v18+) force synch see mode.
SPICA325 10:  KickTable created.
CYRUS_VANILLACYRUS_VANILLA: init ok.  unum: : init ok.  unum: 76 side:  side: CYRUS_VANILLArr: 

init ok.  unum: 5 side: r
CYRUS_VANILLACYRUS_VANILLA  67: : [[-1-1, , 00]] (v18+) force synch see mode. (v18+) force synch see mode.

CYRUS_VANILLA 5: [-1, 0] (v18+) force synch see mode.
SPICA325 9:  KickTable created.
SPICA325 9: [-1, 0] set synch see mode.
*****************************************************************
 This program is based on agent2d created by Hidehisa Akiyama.
 Copyright 2006 - 2011. Hidehisa Akiyama and Hiroki Shimora.
 All rights reserved.
*****************************************************************
CYRUS_VANILLA: init ok.  unum: CYRUS_VANILLA coach: [-1, 0] recv (ok eye on)
8 side: r
CYRUS_VANILLA 8: [-1, 0] (v18+) force synch see mode.
A new (v18) player (CYRUS_VANILLA 8) connected.
SPICA325 10: [-1, 0] set synch see mode.
*****************************************************************
 This program is based on agent2d created by Hidehisa Akiyama.
 Copyright 2006 - 2011. Hidehisa Akiyama and Hiroki Shimora.
 All rights reserved.
*****************************************************************
A new (v18) player (CYRUS_VANILLA 9) connected.
CYRUS_VANILLA: init ok.  unum: 9 side: r
CYRUS_VANILLA 9: [-1, 0] (v18+) force synch see mode.
CYRUS_VANILLA 3:  KickTable created.
CYRUS_VANILLA 3: [-1, 0] set synch see mode.
CYRUS_VANILLA 2:  KickTable created.
CYRUS_VANILLA 2: [-1, 0] set synch see mode.
CYRUS_VANILLA 5:  KickTable created.
CYRUS_VANILLA 5: [-1, 0] set synch see mode.
*****************************************************************
 This program is based on agent2d created by Hidehisa Akiyama.
 Copyright 2006 - 2011. Hidehisa Akiyama and Hiroki Shimora.
 All rights reserved.
*****************************************************************
*****************************************************************
 This program is based on agent2d created by Hidehisa Akiyama.
 Copyright 2006 - 2011. Hidehisa Akiyama and Hiroki Shimora.
 All rights reserved.
*****************************************************************
CYRUS_VANILLA 7:  KickTable created.
CYRUS_VANILLA 4:  KickTable created.
CYRUS_VANILLA 4: [-1, 0] set synch see mode.
CYRUS_VANILLA 7: [-1, 0] set synch see mode.
CYRUS_VANILLA 6:  KickTable created.
CYRUS_VANILLA 6: [-1, 0] set synch see mode.
CYRUS_VANILLA 8:  KickTable created.
CYRUS_VANILLA 8: [-1, 0] set synch see mode.
CYRUS_VANILLA 9:  KickTable created.
CYRUS_VANILLA 9: [-1, 0] set synch see mode.
Read Setting: ./data/settings/Other.json
Read Setting: ./data/settings/Other.json
Read Setting: ./data/settings/Other.json
Read Setting: ./data/settings/Other.json
CYRUS_VANILLA: init ok.  unum: 10 side: r
CYRUS_VANILLA 10: [-1, 0] (v18+) force synch see mode.
A new (v18) player (CYRUS_VANILLA 10) connected.
CYRUS_VANILLA: init ok.  unum: 11 side: r
CYRUS_VANILLA 11: [-1, 0] (v18+) force synch see mode.
A new (v18) player (CYRUS_VANILLA 11) connected.
CYRUS_VANILLA 10:  KickTable created.
CYRUS_VANILLA 11:  KickTable created.
CYRUS_VANILLA 10: [-1, 0] set synch see mode.
CYRUS_VANILLA 11: [-1, 0] set synch see mode.
id speed step inc  power  stam  karea
 0 1.000   6  45.0 100.0  55.0  1.085
 1 0.966   6  41.5 100.0  58.5  1.059
 2 1.016   7  47.8 100.0  52.2  1.016
 3 0.844   6  51.5 100.0  48.5  1.071
 4 1.025   6  45.8 100.0  54.2  1.100
 5 0.778   5  46.0 100.0  54.0  1.076
 6 0.841   5  48.6 100.0  51.4  1.029
 7 0.888   6  46.5 100.0  53.5  1.057
 8 0.974   5  41.6 100.0  58.4  1.056
 9 0.965   5  41.1 100.0  58.9  1.055
 10 0.760   6  52.2 100.0  47.8  1.040
 11 1.041   6  43.5 100.0  56.5  1.088
 12 0.801   7  51.2 100.0  48.8  1.176
 13 0.880   7  49.9 100.0  50.1  1.096
 14 0.967   6  45.6 100.0  54.4  1.019
 15 0.791   5  45.9 100.0  54.1  1.125
 16 0.984   7  49.9 100.0  50.1  1.127
 17 1.002   7  45.0 100.0  55.0  1.013
$$$$$$$$$$$$$$$$$$$$$$$$isother
SPICA325 coach: change player 1 to type 0
SPICA325 coach: change player 9 to type 11
SPICA325 coach: change player 2 to type 4
SPICA325 coach: change player 11 to type 2
SPICA325 coach: change player 4 to type 17
SPICA325 coach: change player 10 to type 16
SPICA325 coach: change player 3 to type 8
SPICA325 coach: change player 5 to type 9
SPICA325 coach: change player 7 to type 14
SPICA325 coach: change player 8 to type 1
SPICA325 coach: change player 6 to type 7
Read Setting: ./data/settings/Other.json
Read Setting: ./data/settings/Other.json
id speed step inc  power  stam  karea
 0 1.000   6  45.0 100.0  55.0  1.085
 1 0.966   6  41.5 100.0  58.5  1.059
 2 1.016   7  47.8 100.0  52.2  1.016
 3 0.844   6  51.5 100.0  48.5  1.071
 4 1.025   6  45.8 100.0  54.2  1.100
 5 0.778   5  46.0 100.0  54.0  1.076
 6 0.841   5  48.6 100.0  51.4  1.029
 7 0.888   6  46.5 100.0  53.5  1.057
 8 0.974   5  41.6 100.0  58.4  1.056
 9 0.965   5  41.1 100.0  58.9  1.055
 10 0.760   6  52.2 100.0  47.8  1.040
 11 1.041   6  43.5 100.0  56.5  1.088
 12 0.801   7  51.2 100.0  48.8  1.176
 13 0.880   7  49.9 100.0  50.1  1.096
 14 0.967   6  45.6 100.0  54.4  1.019
 15 0.791   5  45.9 100.0  54.1  1.125
 16 0.984   7  49.9 100.0  50.1  1.127
 17 1.002   7  45.0 100.0  55.0  1.013
$$$$$$$$$$$$$$$$$$$$$$$$isother
CYRUS_VANILLA coach: change player 1 to type 0
CYRUS_VANILLA coach: change player 9 to type 11
CYRUS_VANILLA coach: change player 2 to type 4
CYRUS_VANILLA coach: change player 11 to type 2
CYRUS_VANILLA coach: change player 4 to type 17
CYRUS_VANILLA coach: change player 10 to type 16
CYRUS_VANILLA coach: change player 3 to type 8
CYRUS_VANILLA coach: change player 5 to type 9
CYRUS_VANILLA coach: change player 7 to type 14
CYRUS_VANILLA coach: change player 8 to type 1
CYRUS_VANILLA coach: change player 6 to type 7
Read Setting: ./data/settings/Other.json
Read Setting: ./data/settings/Other.json
Read Setting: ./data/settings/Other.json
Read Setting: ./data/settings/Other.json
Read Setting: ./data/settings/Other.json
Read Setting: ./data/settings/Other.json
Read Setting: ./data/settings/Other.json
Read Setting: ./data/settings/Other.json
Waiting to kick off
Kick_off_left
CYRUS_VANILLA coach: [93, 0] no player type for opponent 10. restart analysis.
CYRUS_VANILLA coach: [93, 0] no player type for opponent 11. restart analysis.
SPICA325 coach: [94, 0] no player type for opponent 10. restart analysis.
CYRUS_VANILLA coach: [95, 0] no player type for opponent 10. restart analysis.
CYRUS_VANILLA coach: [96, 0] no player type for opponent 11. restart analysis.
SPICA325 coach: [96, 0] no player type for opponent 10. restart analysis.
SPICA325 coach: [96, 0] no player type for opponent 4. restart analysis.
SPICA325 coach: [96, 0] no player type for opponent 11. restart analysis.
SPICA325 coach: [96, 0] no player type for opponent 7. restart analysis.
SPICA325 coach: [96, 0] no player type for opponent 3. restart analysis.
SPICA325 coach: [97, 0] no player type for opponent 8. restart analysis.
SPICA325 coach: [97, 0] no player type for opponent 4. restart analysis.
SPICA325 coach: [97, 0] no player type for opponent 2. restart analysis.
SPICA325 coach: [97, 0] no player type for opponent 7. restart analysis.
CYRUS_VANILLA coach: [98, 0] no player type for opponent 9. restart analysis.
SPICA325 coach: [98, 0] no player type for opponent 10. restart analysis.
SPICA325 coach: [98, 0] no player type for opponent 7. restart analysis.
SPICA325 coach: [98, 0] no player type for opponent 3. restart analysis.
CYRUS_VANILLA coach: [99, 0] no player type for opponent 10. restart analysis.
SPICA325 coach: [99, 0] no player type for opponent 9. restart analysis.
CYRUS_VANILLA coach: [101, 0] no player type for opponent 11. restart analysis.
SPICA325 coach: [102, 0] no player type for opponent 4. restart analysis.
SPICA325 coach: [102, 0] no player type for opponent 8. restart analysis.
SPICA325 coach: [102, 0] no player type for opponent 10. restart analysis.
SPICA325 coach: [103, 0] no player type for opponent 4. restart analysis.
SPICA325 coach: [103, 0] no player type for opponent 6. restart analysis.
SPICA325 coach: [103, 0] no player type for opponent 11. restart analysis.
SPICA325 coach: [103, 0] no player type for opponent 7. restart analysis.
SPICA325 coach: [104, 0] no player type for opponent 11. restart analysis.
SPICA325 coach: [104, 0] no player type for opponent 5. restart analysis.
SPICA325 coach: [104, 0] no player type for opponent 7. restart analysis.
CYRUS_VANILLA coach: [104, 0] no player type for opponent 3. restart analysis.
SPICA325 coach: [105, 0] no player type for opponent 4. restart analysis.
SPICA325 coach: [105, 0] no player type for opponent 8. restart analysis.
SPICA325 coach: [105, 0] no player type for opponent 6. restart analysis.
CYRUS_VANILLA coach: [106, 0] no player type for opponent 9. restart analysis.
CYRUS_VANILLA coach: [106, 0] no player type for opponent 7. restart analysis.
SPICA325 coach: [106, 0] no player type for opponent 10. restart analysis.
SPICA325 coach: [106, 0] no player type for opponent 7. restart analysis.
SPICA325 coach: [107, 0] no player type for opponent 4. restart analysis.
SPICA325 coach: [107, 0] no player type for opponent 8. restart analysis.
SPICA325 coach: [107, 0] no player type for opponent 5. restart analysis.
CYRUS_VANILLA coach: [107, 0] no player type for opponent 9. restart analysis.
CYRUS_VANILLA coach: [107, 0] no player type for opponent 6. restart analysis.
SPICA325 coach: [108, 0] no player type for opponent 4. restart analysis.
SPICA325 coach: [108, 0] no player type for opponent 11. restart analysis.
SPICA325 coach: [108, 0] determined opponent 3 type = 8
SPICA325 coach: [109, 0] no player type for opponent 8. restart analysis.
SPICA325 coach: [109, 0] no player type for opponent 2. restart analysis.
SPICA325 coach: [109, 0] no player type for opponent 7. restart analysis.
SPICA325 coach: [110, 0] no player type for opponent 8. restart analysis.
CYRUS_VANILLA coach: [110, 0] no player type for opponent 3. restart analysis.
CYRUS_VANILLA coach: [111, 0] no player type for opponent 11. restart analysis.
CYRUS_VANILLA coach: [111, 0] no player type for opponent 10. restart analysis.
SPICA325 coach: [112, 0] no player type for opponent 2. restart analysis.
CYRUS_VANILLA coach: [112, 0] no player type for opponent 3. restart analysis.
CYRUS_VANILLA coach: [113, 0] no player type for opponent 10. restart analysis.
CYRUS_VANILLA coach: [113, 0] no player type for opponent 6. restart analysis.
SPICA325 coach: [113, 0] no player type for opponent 4. restart analysis.
SPICA325 coach: [113, 0] no player type for opponent 1. restart analysis.
SPICA325 coach: [114, 0] no player type for opponent 4. restart analysis.
SPICA325 coach: [114, 0] no player type for opponent 6. restart analysis.
CYRUS_VANILLA coach: [114, 0] no player type for opponent 5. restart analysis.
CYRUS_VANILLA coach: [115, 0] determined opponent 9 type = 11
CYRUS_VANILLA coach: [115, 0] no player type for opponent 7. restart analysis.
CYRUS_VANILLA coach: [115, 0] no player type for opponent 10. restart analysis.
CYRUS_VANILLA coach: [115, 0] no player type for opponent 5. restart analysis.
CYRUS_VANILLA coach: [115, 0] no player type for opponent 6. restart analysis.
SPICA325 coach: [115, 0] no player type for opponent 4. restart analysis.
SPICA325 coach: [115, 0] no player type for opponent 8. restart analysis.
SPICA325 coach: [116, 0] no player type for opponent 10. restart analysis.
CYRUS_VANILLA coach: [116, 0] no player type for opponent 10. restart analysis.
CYRUS_VANILLA coach: [116, 0] no player type for opponent 3. restart analysis.
CYRUS_VANILLA coach: [116, 0] no player type for opponent 8. restart analysis.
CYRUS_VANILLA coach: [117, 0] no player type for opponent 7. restart analysis.
CYRUS_VANILLA coach: [117, 0] no player type for opponent 10. restart analysis.
SPICA325 coach: [117, 0] no player type for opponent 4. restart analysis.
SPICA325 coach: [117, 0] no player type for opponent 11. restart analysis.
SPICA325 coach: [118, 0] no player type for opponent 4. restart analysis.
SPICA325 coach: [118, 0] no player type for opponent 7. restart analysis.
CYRUS_VANILLA coach: [118, 0] no player type for opponent 5. restart analysis.
CYRUS_VANILLA coach: [119, 0] no player type for opponent 7. restart analysis.
CYRUS_VANILLA coach: [119, 0] no player type for opponent 10. restart analysis.
CYRUS_VANILLA coach: [119, 0] no player type for opponent 3. restart analysis.
CYRUS_VANILLA coach: [120, 0] no player type for opponent 7. restart analysis.
CYRUS_VANILLA coach: [120, 0] no player type for opponent 5. restart analysis.
SPICA325 coach: [120, 0] no player type for opponent 2. restart analysis.
SPICA325 coach: [121, 0] no player type for opponent 4. restart analysis.
SPICA325 coach: [121, 0] no player type for opponent 10. restart analysis.
CYRUS_VANILLA coach: [121, 0] no player type for opponent 7. restart analysis.
CYRUS_VANILLA coach: [121, 0] no player type for opponent 10. restart analysis.
CYRUS_VANILLA coach: [121, 0] no player type for opponent 3. restart analysis.
SPICA325 coach: [122, 0] no player type for opponent 6. restart analysis.
SPICA325 coach: [122, 0] determined opponent 9 type = 11
CYRUS_VANILLA coach: [122, 0] no player type for opponent 10. restart analysis.
CYRUS_VANILLA coach: [122, 0] no player type for opponent 8. restart analysis.
CYRUS_VANILLA coach: [123, 0] no player type for opponent 5. restart analysis.
SPICA325 coach: [123, 0] determined opponent 8 type = 1
SPICA325 coach: [123, 0] no player type for opponent 4. restart analysis.
CYRUS_VANILLA coach: [124, 0] no player type for opponent 11. restart analysis.
CYRUS_VANILLA coach: [124, 0] no player type for opponent 5. restart analysis.
SPICA325 coach: [125, 0] no player type for opponent 11. restart analysis.
SPICA325 coach: [126, 0] no player type for opponent 4. restart analysis.
SPICA325 coach: [126, 0] no player type for opponent 1. restart analysis.
CYRUS_VANILLA coach: [126, 0] no player type for opponent 5. restart analysis.
CYRUS_VANILLA coach: [126, 0] no player type for opponent 10. restart analysis.
CYRUS_VANILLA coach: [127, 0] no player type for opponent 5. restart analysis.
CYRUS_VANILLA coach: [127, 0] no player type for opponent 10. restart analysis.
SPICA325 coach: [127, 0] no player type for opponent 10. restart analysis.
SPICA325 coach: [128, 0] no player type for opponent 6. restart analysis.
CYRUS_VANILLA coach: [128, 0] no player type for opponent 6. restart analysis.
CYRUS_VANILLA coach: [128, 0] no player type for opponent 10. restart analysis.
CYRUS_VANILLA coach: [129, 0] no player type for opponent 8. restart analysis.
SPICA325 coach: [129, 0] no player type for opponent 6. restart analysis.
CYRUS_VANILLA coach: [130, 0] no player type for opponent 11. restart analysis.
CYRUS_VANILLA coach: [131, 0] no player type for opponent 7. restart analysis.
CYRUS_VANILLA coach: [131, 0] no player type for opponent 6. restart analysis.
CYRUS_VANILLA coach: [131, 0] no player type for opponent 3. restart analysis.
SPICA325 coach: [132, 0] determined opponent 5 type = 9
CYRUS_VANILLA coach: [132, 0] no player type for opponent 7. restart analysis.
CYRUS_VANILLA coach: [132, 0] no player type for opponent 6. restart analysis.
SPICA325 coach: [133, 0] no player type for opponent 10. restart analysis.
SPICA325 coach: [133, 0] no player type for opponent 11. restart analysis.
SPICA325 coach: [134, 0] no player type for opponent 4. restart analysis.
CYRUS_VANILLA coach: [134, 0] no player type for opponent 8. restart analysis.
SPICA325 coach: [135, 0] no player type for opponent 10. restart analysis.
CYRUS_VANILLA coach: [135, 0] no player type for opponent 8. restart analysis.
CYRUS_VANILLA coach: [136, 0] no player type for opponent 8. restart analysis.
SPICA325 coach: [136, 0] no player type for opponent 10. restart analysis.
SPICA325 coach: [136, 0] no player type for opponent 4. restart analysis.
SPICA325 coach: [136, 0] no player type for opponent 6. restart analysis.
SPICA325 coach: [137, 0] no player type for opponent 10. restart analysis.
SPICA325 coach: [137, 0] no player type for opponent 4. restart analysis.
SPICA325 coach: [137, 0] no player type for opponent 6. restart analysis.
SPICA325 coach: [137, 0] no player type for opponent 2. restart analysis.
SPICA325 coach: [138, 0] no player type for opponent 10. restart analysis.
SPICA325 coach: [139, 0] no player type for opponent 10. restart analysis.
SPICA325 coach: [139, 0] no player type for opponent 4. restart analysis.
SPICA325 coach: [139, 0] no player type for opponent 6. restart analysis.
CYRUS_VANILLA coach: [139, 0] no player type for opponent 8. restart analysis.
CYRUS_VANILLA coach: [140, 0] no player type for opponent 6. restart analysis.
SPICA325 coach: [141, 0] no player type for opponent 4. restart analysis.
SPICA325 coach: [141, 0] no player type for opponent 10. restart analysis.
CYRUS_VANILLA coach: [142, 0] no player type for opponent 5. restart analysis.
CYRUS_VANILLA coach: [142, 0] no player type for opponent 8. restart analysis.
SPICA325 coach: [142, 0] no player type for opponent 10. restart analysis.
SPICA325 coach: [142, 0] determined opponent 2 type = 4
SPICA325 coach: [142, 0] determined opponent 7 type = 14
CYRUS_VANILLA coach: [143, 0] determined opponent 10 type = 16
CYRUS_VANILLA coach: [143, 0] no player type for opponent 6. restart analysis.
CYRUS_VANILLA coach: [143, 0] no player type for opponent 8. restart analysis.
layerSize: 3
SPICA325 coach: [143, 0] no player type for opponent 10. restart analysis.
SPICA325 coach: [144, 0] no player type for opponent 6. restart analysis.
CYRUS_VANILLA coach: [144, 0] no player type for opponent 11. restart analysis.
CYRUS_VANILLA coach: [145, 0] no player type for opponent 6. restart analysis.
CYRUS_VANILLA coach: [146, 0] no player type for opponent 6. restart analysis.
SPICA325 coach: [147, 0] no player type for opponent 6. restart analysis.
CYRUS_VANILLA coach: [147, 0] no player type for opponent 11. restart analysis.
SPICA325 coach: [149, 0] no player type for opponent 6. restart analysis.
SPICA325 coach: [150, 0] no player type for opponent 11. restart analysis.
SPICA325 coach: [153, 0] no player type for opponent 11. restart analysis.
CYRUS_VANILLA coach: [153, 0] no player type for opponent 5. restart analysis.
SPICA325 coach: [154, 0] no player type for opponent 6. restart analysis.
SPICA325 coach: [155, 0] no player type for opponent 6. restart analysis.
CYRUS_VANILLA coach: [155, 0] no player type for opponent 8. restart analysis.
CYRUS_VANILLA coach: [156, 0] no player type for opponent 5. restart analysis.
CYRUS_VANILLA coach: [157, 0] no player type for opponent 5. restart analysis.
SPICA325 coach: [157, 0] no player type for opponent 11. restart analysis.
CYRUS_VANILLA coach: [158, 0] no player type for opponent 5. restart analysis.
SPICA325 coach: [158, 0] no player type for opponent 10. restart analysis.
CYRUS_VANILLA coach: [159, 0] no player type for opponent 5. restart analysis.
CYRUS_VANILLA coach: [159, 0] no player type for opponent 11. restart analysis.
SPICA325 coach: [159, 0] no player type for opponent 11. restart analysis.
SPICA325 coach: [160, 0] no player type for opponent 10. restart analysis.
CYRUS_VANILLA coach: [160, 0] no player type for opponent 5. restart analysis.
CYRUS_VANILLA coach: [160, 0] no player type for opponent 8. restart analysis.
CYRUS_VANILLA coach: [160, 0] determined opponent 2 type = 4
SPICA325 coach: [161, 0] no player type for opponent 11. restart analysis.
SPICA325 coach: [163, 0] no player type for opponent 6. restart analysis.
SPICA325 coach: [165, 0] no player type for opponent 10. restart analysis.
CYRUS_VANILLA coach: [166, 0] determined opponent 7 type = 14
CYRUS_VANILLA coach: [168, 0] no player type for opponent 5. restart analysis.
CYRUS_VANILLA coach: [169, 0] determined opponent 11 type = 2
SPICA325 coach: [169, 0] no player type for opponent 10. restart analysis.
SPICA325 coach: [169, 0] no player type for opponent 4. restart analysis.
SPICA325 coach: [172, 0] no player type for opponent 10. restart analysis.
SPICA325 coach: [172, 0] no player type for opponent 11. restart analysis.
CYRUS_VANILLA coach: [172, 0] no player type for opponent 5. restart analysis.
SPICA325 coach: [175, 0] determined opponent 11 type = 2
SPICA325 coach: [175, 0] determined opponent 6 type = 7
SPICA325 coach: [179, 0] no player type for opponent 4. restart analysis.
CYRUS_VANILLA coach: [181, 0] no player type for opponent 5. restart analysis.
CYRUS_VANILLA coach: [183, 0] no player type for opponent 3. restart analysis.
CYRUS_VANILLA coach: [183, 0] no player type for opponent 5. restart analysis.
CYRUS_VANILLA coach: [183, 0] determined opponent 4 type = 17
CYRUS_VANILLA coach: [185, 0] determined opponent 8 type = 1
SPICA325 coach: [190, 0] no player type for opponent 10. restart analysis.
SPICA325 coach: [191, 0] no player type for opponent 10. restart analysis.
CYRUS_VANILLA coach: [193, 0] no player type for opponent 5. restart analysis.
SPICA325 coach: [194, 0] no player type for opponent 4. restart analysis.
SPICA325 coach: [198, 0] no player type for opponent 10. restart analysis.
CYRUS_VANILLA coach: [199, 0] no player type for opponent 5. restart analysis.
SPICA325 coach: [201, 0] no player type for opponent 4. restart analysis.
SPICA325 coach: [201, 0] no player type for opponent 10. restart analysis.
CYRUS_VANILLA coach: [202, 0] no player type for opponent 5. restart analysis.
CYRUS_VANILLA coach: [202, 0] no player type for opponent 6. restart analysis.
CYRUS_VANILLA coach: [204, 0] no player type for opponent 6. restart analysis.
SPICA325 coach: [207, 0] no player type for opponent 10. restart analysis.
CYRUS_VANILLA coach: [208, 0] no player type for opponent 6. restart analysis.
SPICA325 coach: [210, 0] determined opponent 1 type = 0
CYRUS_VANILLA coach: [211, 0] no player type for opponent 5. restart analysis.
CYRUS_VANILLA coach: [212, 0] no player type for opponent 5. restart analysis.
CYRUS_VANILLA coach: [213, 0] no player type for opponent 5. restart analysis.
CYRUS_VANILLA coach: [214, 0] no player type for opponent 5. restart analysis.
CYRUS_VANILLA coach: [216, 0] determined opponent 3 type = 8
SPICA325 coach: [216, 0] no player type for opponent 10. restart analysis.
SPICA325 coach: [216, 0] no player type for opponent 4. restart analysis.
SPICA325 coach: [218, 0] no player type for opponent 4. restart analysis.
CYRUS_VANILLA coach: [219, 0] no player type for opponent 6. restart analysis.
CYRUS_VANILLA coach: [220, 0] no player type for opponent 6. restart analysis.
SPICA325 coach: [220, 0] no player type for opponent 4. restart analysis.
SPICA325 coach: [226, 0] no player type for opponent 10. restart analysis.
CYRUS_VANILLA coach: [228, 0] no player type for opponent 6. restart analysis.
CYRUS_VANILLA coach: [234, 0] no player type for opponent 6. restart analysis.
CYRUS_VANILLA coach: [235, 0] no player type for opponent 5. restart analysis.
CYRUS_VANILLA coach: [235, 0] no player type for opponent 6. restart analysis.
CYRUS_VANILLA coach: [236, 0] no player type for opponent 6. restart analysis.
CYRUS_VANILLA coach: [237, 0] no player type for opponent 6. restart analysis.
CYRUS_VANILLA coach: [240, 0] no player type for opponent 6. restart analysis.
CYRUS_VANILLA coach: [242, 0] no player type for opponent 6. restart analysis.
CYRUS_VANILLA coach: [248, 0] no player type for opponent 6. restart analysis.
CYRUS_VANILLA coach: [249, 0] no player type for opponent 6. restart analysis.
CYRUS_VANILLA coach: [250, 0] no player type for opponent 6. restart analysis.
CYRUS_VANILLA coach: [256, 0] no player type for opponent 5. restart analysis.
CYRUS_VANILLA coach: [263, 0] no player type for opponent 5. restart analysis.
CYRUS_VANILLA coach: [264, 0] no player type for opponent 6. restart analysis.
CYRUS_VANILLA coach: [270, 0] no player type for opponent 6. restart analysis.
CYRUS_VANILLA coach: [271, 0] no player type for opponent 6. restart analysis.
CYRUS_VANILLA coach: [274, 0] no player type for opponent 5. restart analysis.
SPICA325 coach: [281, 0] no player type for opponent 4. restart analysis.
CYRUS_VANILLA coach: [282, 0] no player type for opponent 5. restart analysis.
CYRUS_VANILLA coach: [282, 0] no player type for opponent 6. restart analysis.
CYRUS_VANILLA coach: [283, 0] no player type for opponent 5. restart analysis.
CYRUS_VANILLA coach: [283, 0] no player type for opponent 6. restart analysis.
SPICA325 coach: [283, 0] no player type for opponent 4. restart analysis.
CYRUS_VANILLA coach: [285, 0] no player type for opponent 5. restart analysis.
SPICA325 coach: [287, 0] no player type for opponent 10. restart analysis.
CYRUS_VANILLA coach: [291, 0] no player type for opponent 6. restart analysis.
SPICA325 coach: [294, 0] no player type for opponent 4. restart analysis.
SPICA325 coach: [295, 0] no player type for opponent 10. restart analysis.
CYRUS_VANILLA coach: [296, 0] no player type for opponent 6. restart analysis.
SPICA325 coach: [300, 0] determined opponent 10 type = 16
SPICA325 coach: [301, 0] updated clang capacity.
CYRUS_VANILLA coach: [301, 0] updated clang capacity.
CYRUS_VANILLA coach: [308, 0] no player type for opponent 5. restart analysis.
CYRUS_VANILLA coach: [311, 0] no player type for opponent 1. restart analysis.
SPICA325 coach: [311, 0] no player type for opponent 4. restart analysis.
CYRUS_VANILLA coach: [315, 0] no player type for opponent 1. restart analysis.
CYRUS_VANILLA coach: [318, 0] no player type for opponent 5. restart analysis.
CYRUS_VANILLA coach: [319, 0] no player type for opponent 5. restart analysis.
CYRUS_VANILLA coach: [320, 0] no player type for opponent 6. restart analysis.
CYRUS_VANILLA coach: [320, 0] no player type for opponent 5. restart analysis.
CYRUS_VANILLA coach: [321, 0] no player type for opponent 6. restart analysis.
SPICA325 coach: [321, 0] no player type for opponent 4. restart analysis.
SPICA325 coach: [323, 0] no player type for opponent 4. restart analysis.
CYRUS_VANILLA coach: [323, 0] no player type for opponent 1. restart analysis.
SPICA325 coach: [324, 0] no player type for opponent 4. restart analysis.
CYRUS_VANILLA coach: [324, 0] no player type for opponent 5. restart analysis.
CYRUS_VANILLA coach: [327, 0] no player type for opponent 5. restart analysis.
CYRUS_VANILLA coach: [329, 0] no player type for opponent 5. restart analysis.
CYRUS_VANILLA coach: [330, 0] no player type for opponent 5. restart analysis.
CYRUS_VANILLA coach: [332, 0] no player type for opponent 6. restart analysis.
SPICA325 coach: [341, 0] no player type for opponent 4. restart analysis.
CYRUS_VANILLA coach: [341, 0] no player type for opponent 6. restart analysis.
SPICA325 coach: [342, 0] no player type for opponent 4. restart analysis.
CYRUS_VANILLA coach: [342, 0] no player type for opponent 5. restart analysis.
SPICA325 coach: [343, 0] no player type for opponent 4. restart analysis.
CYRUS_VANILLA coach: [343, 0] no player type for opponent 6. restart analysis.
SPICA325 coach: [349, 0] no player type for opponent 4. restart analysis.
SPICA325 coach: [350, 0] no player type for opponent 4. restart analysis.
CYRUS_VANILLA coach: [354, 0] no player type for opponent 6. restart analysis.
CYRUS_VANILLA coach: [354, 0] no player type for opponent 5. restart analysis.
CYRUS_VANILLA coach: [355, 0] no player type for opponent 6. restart analysis.
CYRUS_VANILLA coach: [356, 0] no player type for opponent 6. restart analysis.
CYRUS_VANILLA coach: [356, 0] no player type for opponent 5. restart analysis.
CYRUS_VANILLA coach: [370, 0] determined opponent 5 type = 9
SPICA325 coach: [377, 0] no player type for opponent 4. restart analysis.
CYRUS_VANILLA coach: [382, 0] no player type for opponent 6. restart analysis.
SPICA325 coach: [384, 0] no player type for opponent 4. restart analysis.
SPICA325 coach: [385, 0] no player type for opponent 4. restart analysis.
CYRUS_VANILLA coach: [399, 1] sent freeform (player_types (1 -1)(2 4)(3 8)(4 17)(5 9)(6 -1)(7 14)(8 1)(9 11)(10 16)(11 2))
CYRUS_VANILLA coach: [399, 1] freeform 1 / 128
SPICA325 coach: [399, 1] sent freeform (player_types (1 0)(2 4)(3 8)(4 -1)(5 9)(6 7)(7 14)(8 1)(9 11)(10 16)(11 2))
SPICA325 coach: [399, 1] freeform 1 / 128
SPICA325 coach: [500, 0] no player type for opponent 4. restart analysis.
SPICA325 coach: [503, 0] no player type for opponent 4. restart analysis.
SPICA325 coach: [504, 0] no player type for opponent 4. restart analysis.
SPICA325 coach: [505, 0] no player type for opponent 4. restart analysis.
CYRUS_VANILLA coach: [507, 0] no player type for opponent 6. restart analysis.
SPICA325 coach: [507, 0] no player type for opponent 4. restart analysis.
CYRUS_VANILLA coach: [508, 0] no player type for opponent 6. restart analysis.
CYRUS_VANILLA coach: [510, 0] no player type for opponent 6. restart analysis.
SPICA325 coach: [515, 0] determined opponent 4 type = 17
CYRUS_VANILLA coach: [518, 0] no player type for opponent 6. restart analysis.
SPICA325 9: [523, 0]  WARNING. no turn_neck.
CYRUS_VANILLA coach: [551, 0] no player type for opponent 6. restart analysis.
CYRUS_VANILLA coach: [554, 0] no player type for opponent 6. restart analysis.
CYRUS_VANILLA coach: [555, 0] no player type for opponent 6. restart analysis.
CYRUS_VANILLA coach: [565, 0] no player type for opponent 6. restart analysis.
CYRUS_VANILLA coach: [569, 0] no player type for opponent 6. restart analysis.
SPICA325 3: [580, 0]  WARNING. no turn_neck.
CYRUS_VANILLA coach: [581, 0] no player type for opponent 6. restart analysis.
SPICA325 3: [581, 0]  WARNING. no turn_neck.
CYRUS_VANILLA coach: [583, 0] no player type for opponent 6. restart analysis.
CYRUS_VANILLA coach: [584, 0] no player type for opponent 6. restart analysis.
SPICA325 5: [590, 0] lost kick by foul at [590, 0] sense=10 internal=11
SPICA325 6: [592, 0]  WARNING. no turn_neck.
SPICA325 coach: [601, 0] updated clang capacity.
CYRUS_VANILLA coach: [601, 0] updated clang capacity.
CYRUS_VANILLA coach: [622, 0] no player type for opponent 6. restart analysis.
CYRUS_VANILLA coach: [626, 0] no player type for opponent 6. restart analysis.
CYRUS_VANILLA coach: [633, 0] no player type for opponent 6. restart analysis.
CYRUS_VANILLA coach: [638, 0] no player type for opponent 6. restart analysis.
CYRUS_VANILLA coach: [644, 0] no player type for opponent 6. restart analysis.
SPICA325 coach: [647, 0] sent freeform (player_types (1 0)(2 4)(3 8)(4 17)(5 9)(6 7)(7 14)(8 1)(9 11)(10 16)(11 2))
SPICA325 coach: [647, 0] freeform 2 / 128
SPICA325 11: [647, 0] lost kick by foul at [647, 0] sense=31 internal=32
CYRUS_VANILLA coach: [762, 0] determined opponent 6 type = 7
SPICA325 3: [845, 0]  WARNING. no turn_neck.
CYRUS_VANILLA 2: [854, 0]  WARNING. no body command.
CYRUS_VANILLA coach: [865, 0] sent freeform (player_types (1 -1)(2 4)(3 8)(4 17)(5 9)(6 7)(7 14)(8 1)(9 11)(10 16)(11 2))
CYRUS_VANILLA coach: [865, 0] freeform 2 / 128
CYRUS_VANILLA coach: [901, 0] updated clang capacity.
SPICA325 coach: [901, 0] updated clang capacity.
CYRUS_VANILLA coach: [1012, 0] no player type for opponent 1. restart analysis.
CYRUS_VANILLA 8: [1044, 0] lost kick by foul at [1044, 0] sense=0 internal=1
SPICA325 coach: [1201, 0] updated clang capacity.
CYRUS_VANILLA coach: [1201, 0] updated clang capacity.
SPICA325 2: [1221, 0]  WARNING. no turn_neck.
SPICA325 8: [1233, 0] lost kick by foul at [1233, 0] sense=15 internal=16
SPICA325 6: [1388, 0] lost kick by foul at [1388, 0] sense=19 internal=20
CYRUS_VANILLA 8: [1435, 0]  WARNING. no body command.
CYRUS_VANILLA coach: [1501, 0] updated clang capacity.
SPICA325 coach: [1501, 0] updated clang capacity.
layerSize: 3
CYRUS_VANILLA coach: [1627, 0] no player type for opponent 1. restart analysis.
CYRUS_VANILLA coach: [1640, 0] no player type for opponent 1. restart analysis.
SPICA325 7: [1790, 0] lost kick by foul at [1790, 0] sense=63 internal=64
CYRUS_VANILLA coach: [1801, 0] updated clang capacity.
SPICA325 coach: [1801, 0] updated clang capacity.
CYRUS_VANILLA coach: [2039, 0] no player type for opponent 1. restart analysis.
CYRUS_VANILLA coach: [2045, 0] no player type for opponent 1. restart analysis.
CYRUS_VANILLA coach: [2067, 0] no player type for opponent 1. restart analysis.
CYRUS_VANILLA 9: [2073, 0]  WARNING. no turn_neck.
CYRUS_VANILLA 3: [2083, 0]  WARNING. no turn_neck.
CYRUS_VANILLA 3: [2084, 0]  WARNING. no turn_neck.
CYRUS_VANILLA 3: [2086, 0]  WARNING. no turn_neck.
SPICA325 coach: [2101, 0] updated clang capacity.
CYRUS_VANILLA coach: [2101, 0] updated clang capacity.
CYRUS_VANILLA 6: [2122, 0] lost kick by foul at [2122, 0] sense=10 internal=11
SPICA325 coach: [2401, 0] updated clang capacity.
CYRUS_VANILLA coach: [2401, 0] updated clang capacity.
CYRUS_VANILLA coach: [2541, 0] determined opponent 1 type = 0
CYRUS_VANILLA coach: [2616, 1] sent freeform (player_types (1 0)(2 4)(3 8)(4 17)(5 9)(6 7)(7 14)(8 1)(9 11)(10 16)(11 2))
CYRUS_VANILLA coach: [2616, 1] freeform 3 / 128
CYRUS_VANILLA coach: [2701, 0] updated clang capacity.
SPICA325 coach: [2701, 0] updated clang capacity.
SPICA325 9: [2841, 0] lost kick by foul at [2841, 0] sense=138 internal=139
Waiting to kick off
Kick_off_right
SPICA325 coach: [3001, 0] updated clang capacity.
CYRUS_VANILLA coach: [3001, 0] updated clang capacity.
CYRUS_VANILLA coach: [3301, 0] updated clang capacity.
SPICA325 coach: [3301, 0] updated clang capacity.
SPICA325 coach: [3601, 0] updated clang capacity.
CYRUS_VANILLA coach: [3601, 0] updated clang capacity.
SPICA325 9: [3898, 0]  WARNING. no turn_neck.
SPICA325 9: [3899, 0]  WARNING. no turn_neck.
CYRUS_VANILLA coach: [3901, 0] updated clang capacity.
SPICA325 coach: [3901, 0] updated clang capacity.
SPICA325 11: [4107, 0] lost kick by foul at [4107, 0] sense=62 internal=63
CYRUS_VANILLA coach: [4201, 0] updated clang capacity.
SPICA325 coach: [4201, 0] updated clang capacity.
SPICA325 7: [4215, 0]  WARNING. no turn_neck.
SPICA325 7: [4217, 0]  WARNING. no turn_neck.
SPICA325 11: [4468, 0] lost kick by foul at [4468, 0] sense=71 internal=72
CYRUS_VANILLA coach: [4501, 0] updated clang capacity.
SPICA325 coach: [4501, 0] updated clang capacity.
SPICA325 6: [4521, 0] lost kick by foul at [4521, 0] sense=54 internal=55
SPICA325 coach: [4801, 0] updated clang capacity.
CYRUS_VANILLA coach: [4801, 0] updated clang capacity.
SPICA325 9: [4953, 0]  WARNING. no turn_neck.
SPICA325 coach: [5101, 0] updated clang capacity.
CYRUS_VANILLA coach: [5101, 0] updated clang capacity.
CYRUS_VANILLA 9: [5229, 0]  WARNING. no body command.
SPICA325 5: [5356, 0]  WARNING. no turn_neck.
SPICA325 coach: [5401, 0] updated clang capacity.
CYRUS_VANILLA coach: [5401, 0] updated clang capacity.
SPICA325 9: [5419, 0] lost kick by foul at [5419, 0] sense=217 internal=218
SPICA325 coach: [5701, 0] updated clang capacity.
CYRUS_VANILLA coach: [5701, 0] updated clang capacity.
CYRUS_VANILLA 11: [5986, 0] lost kick? at [5986, 0] sense=41 internal=42
SPICA325 9: finished.
SPICA325 coach: finished.
CYRUS_VANILLA 3: finished.
CYRUS_VANILLA 1: finished.
CYRUS_VANILLA 6: finished.
Waiting after end of match
remoteclient.cpp: 149: Error sending to socket: Bad file descriptor
msg = [(think)]
SPICA325 10: finished.
CYRUS_VANILLA 2: finished.
SPICA325 4: finished.
CYRUS_VANILLA 10: finished.
SPICA325 3: finished.
CYRUS_VANILLA 11: finished.
SPICA325 11: finished.
CYRUS_VANILLA coach: [6000, 0] new freeform allowed 256
CYRUS_VANILLA coach: finished.
SPICA325 5: finished.
CYRUS_VANILLA 8: finished.
SPICA325 7: finished.
SPICA325 6: finished.
SPICA325 8: finished.
CYRUS_VANILLA 7: finished.
SPICA325 2: finished.
CYRUS_VANILLA 5: finished.
CYRUS_VANILLA 4: finished.
CYRUS_VANILLA 9: finished.
A player disconnected : (CYRUS_VANILLA 1)
A player disconnected : (SPICA325 4)
A player disconnected : (CYRUS_VANILLA 6)
A player disconnected : (SPICA325 10)
An online coach disconnected : (SPICA325)
A player disconnected : (CYRUS_VANILLA 3)
A player disconnected : (SPICA325 9)
A player disconnected : (SPICA325 8)
A player disconnected : (SPICA325 5)
A player disconnected : (SPICA325 3)
A player disconnected : (SPICA325 1)
A player disconnected : (CYRUS_VANILLA 11)
A player disconnected : (CYRUS_VANILLA 10)
A player disconnected : (CYRUS_VANILLA 2)
A player disconnected : (CYRUS_VANILLA 8)
A player disconnected : (SPICA325 6)
A player disconnected : (SPICA325 7)
A player disconnected : (SPICA325 11)
An online coach disconnected : (CYRUS_VANILLA)
A player disconnected : (CYRUS_VANILLA 7)
A player disconnected : (SPICA325 2)
A player disconnected : (CYRUS_VANILLA 5)
A player disconnected : (CYRUS_VANILLA 4)
A player disconnected : (CYRUS_VANILLA 9)
Killing 12842
SPICA325 1: finished.
Killing 12855

Game Over. Exiting...

Saving Results:
	CSVSaver: saving...
	CSVSaver: ...disabled
	STDOutSaver: saving...

Game Results:
	2026-06-27 09:28:50
	'SPICA325' vs 'CYRUS_VANILLA'
	Score: 0 - 1
 
	STDOutSaver: ...saved

Saving Results Complete
