rcssserver-19.0.0

Copyright (C) 1995, 1996, 1997, 1998, 1999 Electrotechnical Laboratory.
2000 - RoboCup Soccer Simulator Maintenance Group.

Simulator Random Seed: 1782550685
CSVSaver: Ready
STDOutSaver: Ready
Using simulator's random seed as Hetero Player Seed: 1782550685
******************************************************************
 HELIOS base
 Created by Hidehisa Akiyama and Hiroki Shimora
 Copyright 2000-2007.  Hidehisa Akiyama
 Copyright 2007-2011.  Hidehisa Akiyama and Hiroki Shimora
 All rights reserved.
******************************************************************
PING localhost (127.0.0.1) 56(84) bytes of data.
64 bytes from localhost (127.0.0.1): icmp_seq=1 ttl=64 time=0.035 ms

--- localhost ping statistics ---
1 packets transmitted, 1 received, 0% packet loss, time 0ms
rtt min/avg/max/mdev = 0.035/0.035/0.035/0.000 ms
******************************************************************
 librcsc 
 Copyright 2000 - 2007. Hidehisa Akiyama.
 Copyright 2007 - 2011. Hidehisa Akiyama and Hiroki Shimora
 Copyright 2011 -  Hidehisa Akiyama, Hiroki Shimora
   Takuya Fukushima (2019-)
 All rights reserved.
******************************************************************
*****************************************************************
 This program is based on agent2d created by Hidehisa Akiyama.
 Copyright 2006 - 2011. Hidehisa Akiyama and Hiroki Shimora.
 All rights reserved.
*****************************************************************
SPICA325: init ok.  unum: 1 side: l
SPICA325 1: [-1, 0] (v18+) force synch see mode.
wind factor: rand: 0.000000, vector: (0.000000, 0.000000)

Hit CTRL-C to exit
Starting "/bin/sh -c scripts/team_launchers/spica325_left.sh"
Waiting for players to connect
A new (v18) player (SPICA325 1) connected.
******************************************************************
 HELIOS base
 Created by Hidehisa Akiyama and Hiroki Shimora
 Copyright 2000-2007.  Hidehisa Akiyama
 Copyright 2007-2011.  Hidehisa Akiyama and Hiroki Shimora
 All rights reserved.
******************************************************************
PING localhost (127.0.0.1) 56(84) bytes of data.
64 bytes from localhost (127.0.0.1): icmp_seq=1 ttl=64 time=0.027 ms

--- localhost ping statistics ---
1 packets transmitted, 1 received, 0% packet loss, time 0ms
rtt min/avg/max/mdev = 0.027/0.027/0.027/0.000 ms
******************************************************************
 librcsc 
 Copyright 2000 - 2007. Hidehisa Akiyama.
 Copyright 2007 - 2011. Hidehisa Akiyama and Hiroki Shimora
 Copyright 2011 -  Hidehisa Akiyama, Hiroki Shimora
   Takuya Fukushima (2019-)
 All rights reserved.
******************************************************************
SPICA325 1:  KickTable created.
SPICA325 1: [-1, 0] set synch see mode.
*****************************************************************
 This program is based on agent2d created by Hidehisa Akiyama.
 Copyright 2006 - 2011. Hidehisa Akiyama and Hiroki Shimora.
 All rights reserved.
*****************************************************************
CYRUS_VANILLA: init ok.  unum: 1 side: r
CYRUS_VANILLA 1: [-1, 0] (v18+) force synch see mode.
Starting "/bin/sh -c scripts/team_launchers/cyrus_vanilla_right.sh"
A new (v18) player (CYRUS_VANILLA 1) connected.
CYRUS_VANILLA 1:  KickTable created.
CYRUS_VANILLA 1: [-1, 0] set synch see mode.
Read Setting: ./data/settings/Other.json
Read Setting: ./data/settings/Other.json
******************************************************************
 librcsc 
 Copyright 2000 - 2007. Hidehisa Akiyama.
 Copyright 2007 - 2011. Hidehisa Akiyama and Hiroki Shimora
 Copyright 2011 -  Hidehisa Akiyama, Hiroki Shimora
   Takuya Fukushima (2019-)
 All rights reserved.
******************************************************************
******************************************************************
 librcsc 
 Copyright 2000 - 2007. Hidehisa Akiyama.
 Copyright 2007 - 2011. Hidehisa Akiyama and Hiroki Shimora
 Copyright 2011 -  Hidehisa Akiyama, Hiroki Shimora
   Takuya Fukushima (2019-)
 All rights reserved.
******************************************************************
******************************************************************
 librcsc 
 Copyright 2000 - 2007. Hidehisa Akiyama.
 Copyright 2007 - 2011. Hidehisa Akiyama and Hiroki Shimora
 Copyright 2011 -  Hidehisa Akiyama, Hiroki Shimora
   Takuya Fukushima (2019-)
 All rights reserved.
******************************************************************
******************************************************************
 librcsc 
 Copyright 2000 - 2007. Hidehisa Akiyama.
 Copyright 2007 - 2011. Hidehisa Akiyama and Hiroki Shimora
 Copyright 2011 -  Hidehisa Akiyama, Hiroki Shimora
   Takuya Fukushima (2019-)
 All rights reserved.
******************************************************************
******************************************************************
 librcsc 
 Copyright 2000 - 2007. Hidehisa Akiyama.
 Copyright 2007 - 2011. Hidehisa Akiyama and Hiroki Shimora
 Copyright 2011 -  Hidehisa Akiyama, Hiroki Shimora
   Takuya Fukushima (2019-)
 All rights reserved.
******************************************************************
******************************************************************
 librcsc 
 Copyright 2000 - 2007. Hidehisa Akiyama.
 Copyright 2007 - 2011. Hidehisa Akiyama and Hiroki Shimora
 Copyright 2011 -  Hidehisa Akiyama, Hiroki Shimora
   Takuya Fukushima (2019-)
 All rights reserved.
******************************************************************
******************************************************************
 librcsc 
 Copyright 2000 - 2007. Hidehisa Akiyama.
 Copyright 2007 - 2011. Hidehisa Akiyama and Hiroki Shimora
 Copyright 2011 -  Hidehisa Akiyama, Hiroki Shimora
   Takuya Fukushima (2019-)
 All rights reserved.
******************************************************************
******************************************************************
 librcsc 
 Copyright 2000 - 2007. Hidehisa Akiyama.
 Copyright 2007 - 2011. Hidehisa Akiyama and Hiroki Shimora
 Copyright 2011 -  Hidehisa Akiyama, Hiroki Shimora
   Takuya Fukushima (2019-)
 All rights reserved.
******************************************************************
******************************************************************
 librcsc 
 Copyright 2000 - 2007. Hidehisa Akiyama.
 Copyright 2007 - 2011. Hidehisa Akiyama and Hiroki Shimora
 Copyright 2011 -  Hidehisa Akiyama, Hiroki Shimora
   Takuya Fukushima (2019-)
 All rights reserved.
******************************************************************
*****************************************************************
 This program is based on agent2d created by Hidehisa Akiyama.
 Copyright 2006 - 2011. Hidehisa Akiyama and Hiroki Shimora.
 All rights reserved.
*****************************************************************
******************************************************************
 librcsc 
 Copyright 2000 - 2007. Hidehisa Akiyama.
 Copyright 2007 - 2011. Hidehisa Akiyama and Hiroki Shimora
 Copyright 2011 -  Hidehisa Akiyama, Hiroki Shimora
   Takuya Fukushima (2019-)
 All rights reserved.
******************************************************************
******************************************************************
 librcsc 
 Copyright 2000 - 2007. Hidehisa Akiyama.
 Copyright 2007 - 2011. Hidehisa Akiyama and Hiroki Shimora
 Copyright 2011 -  Hidehisa Akiyama, Hiroki Shimora
   Takuya Fukushima (2019-)
 All rights reserved.
******************************************************************
*****************************************************************
 This program is based on agent2d created by Hidehisa Akiyama.
 Copyright 2006 - 2011. Hidehisa Akiyama and Hiroki Shimora.
 All rights reserved.
*****************************************************************
SPICA325: init ok.  unum: 2 side: l
SPICA325 2: [-1, 0] (v18+) force synch see mode.
A new (v18) player (SPICA325 2) connected.
A new (v18) online coach (SPICA325) connected.
*****************************************************************
 This program is based on agent2d created by Hidehisa Akiyama.
 Copyright 2006 - 2011. Hidehisa Akiyama and Hiroki Shimora.
 All rights reserved.
*****************************************************************
*****************************************************************
 This program is based on agent2d created by Hidehisa Akiyama.
 Copyright 2006 - 2011. Hidehisa Akiyama and Hiroki Shimora.
 All rights reserved.
*****************************************************************
*****************************************************************
 This program is based on agent2d created by Hidehisa Akiyama.
 Copyright 2006 - 2011. Hidehisa Akiyama and Hiroki Shimora.
 All rights reserved.
*****************************************************************
******************************************************************
 librcsc 
 Copyright 2000 - 2007. Hidehisa Akiyama.
 Copyright 2007 - 2011. Hidehisa Akiyama and Hiroki Shimora
 Copyright 2011 -  Hidehisa Akiyama, Hiroki Shimora
   Takuya Fukushima (2019-)
 All rights reserved.
******************************************************************
******************************************************************
 librcsc 
 Copyright 2000 - 2007. Hidehisa Akiyama.
 Copyright 2007 - 2011. Hidehisa Akiyama and Hiroki Shimora
 Copyright 2011 -  Hidehisa Akiyama, Hiroki Shimora
   Takuya Fukushima (2019-)
 All rights reserved.
******************************************************************
*****************************************************************
 This program is based on agent2d created by Hidehisa Akiyama.
 Copyright 2006 - 2011. Hidehisa Akiyama and Hiroki Shimora.
 All rights reserved.
*****************************************************************
A new (v18) player (SPICA325 3) connected.
SPICA325: init ok.  unum: 4 side: l
SPICA325 4: [-1, 0] (v18+) force synch see mode.
A new (v18) player (SPICA325 4) connected.
SPICA325: init ok.  unum: 5 side: l
SPICA325 5: [-1, 0] (v18+) force synch see mode.
A new (v18) player (SPICA325 5) connected.
SPICA325: init ok.  unum: 6 side: l
SPICA325 6: [-1, 0] (v18+) force synch see mode.
A new (v18) player (SPICA325 6) connected.
SPICA325: init ok.  unum: 3 side: l
SPICA325 3: [-1, 0] (v18+) force synch see mode.
SPICA325 coach: [-1, 0] recv (ok eye on)
*****************************************************************
 This program is based on agent2d created by Hidehisa Akiyama.
 Copyright 2006 - 2011. Hidehisa Akiyama and Hiroki Shimora.
 All rights reserved.
*****************************************************************
A new (v18) player (SPICA325 7) connected.
SPICA325 2:  KickTable created.
SPICA325 2: [-1, 0] set synch see mode.
*****************************************************************
 This program is based on agent2d created by Hidehisa Akiyama.
 Copyright 2006 - 2011. Hidehisa Akiyama and Hiroki Shimora.
 All rights reserved.
*****************************************************************
SPICA325: init ok.  unum: 7 side: l
SPICA325 7: [-1, 0] (v18+) force synch see mode.
*****************************************************************
 This program is based on agent2d created by Hidehisa Akiyama.
 Copyright 2006 - 2011. Hidehisa Akiyama and Hiroki Shimora.
 All rights reserved.
*****************************************************************
A new (v18) player (SPICA325 8) connected.
A new (v18) player (SPICA325 9) connected.
SPICA325: init ok.  unum: 8 side: l
SPICA325 8: [-1, 0] (v18+) force synch see mode.
SPICA325: init ok.  unum: 9 side: l
SPICA325 9: [-1, 0] (v18+) force synch see mode.
******************************************************************
 librcsc 
 Copyright 2000 - 2007. Hidehisa Akiyama.
 Copyright 2007 - 2011. Hidehisa Akiyama and Hiroki Shimora
 Copyright 2011 -  Hidehisa Akiyama, Hiroki Shimora
   Takuya Fukushima (2019-)
 All rights reserved.
******************************************************************
******************************************************************
 librcsc 
 Copyright 2000 - 2007. Hidehisa Akiyama.
 Copyright 2007 - 2011. Hidehisa Akiyama and Hiroki Shimora
 Copyright 2011 -  Hidehisa Akiyama, Hiroki Shimora
   Takuya Fukushima (2019-)
 All rights reserved.
******************************************************************
SPICA325 6:  KickTable created.
SPICA325 6: [-1, 0] set synch see mode.
*****************************************************************
 This program is based on agent2d created by Hidehisa Akiyama.
 Copyright 2006 - 2011. Hidehisa Akiyama and Hiroki Shimora.
 All rights reserved.
*****************************************************************
******************************************************************
 librcsc 
 Copyright 2000 - 2007. Hidehisa Akiyama.
 Copyright 2007 - 2011. Hidehisa Akiyama and Hiroki Shimora
 Copyright 2011 -  Hidehisa Akiyama, Hiroki Shimora
   Takuya Fukushima (2019-)
 All rights reserved.
******************************************************************
Read Setting: ./data/settings/Other.json
A new (v18) player (CYRUS_VANILLA 2) connected.
******************************************************************
 librcsc 
 Copyright 2000 - 2007. Hidehisa Akiyama.
 Copyright 2007 - 2011. Hidehisa Akiyama and Hiroki Shimora
 Copyright 2011 -  Hidehisa Akiyama, Hiroki Shimora
   Takuya Fukushima (2019-)
 All rights reserved.
******************************************************************
******************************************************************
 librcsc 
 Copyright 2000 - 2007. Hidehisa Akiyama.
 Copyright 2007 - 2011. Hidehisa Akiyama and Hiroki Shimora
 Copyright 2011 -  Hidehisa Akiyama, Hiroki Shimora
   Takuya Fukushima (2019-)
 All rights reserved.
******************************************************************
CYRUS_VANILLA: init ok.  unum: 2 side: r
CYRUS_VANILLA 2: [-1, 0] (v18+) force synch see mode.
******************************************************************
 librcsc 
 Copyright 2000 - 2007. Hidehisa Akiyama.
 Copyright 2007 - 2011. Hidehisa Akiyama and Hiroki Shimora
 Copyright 2011 -  Hidehisa Akiyama, Hiroki Shimora
   Takuya Fukushima (2019-)
 All rights reserved.
******************************************************************
*****************************************************************
 This program is based on agent2d created by Hidehisa Akiyama.
 Copyright 2006 - 2011. Hidehisa Akiyama and Hiroki Shimora.
 All rights reserved.
*****************************************************************
A new (v18) player (SPICA325 10) connected.
*****************************************************************
 This program is based on agent2d created by Hidehisa Akiyama.
 Copyright 2006 - 2011. Hidehisa Akiyama and Hiroki Shimora.
 All rights reserved.
*****************************************************************
A new (v18) player (CYRUS_VANILLA 3) connected.
CYRUS_VANILLA: init ok.  unum: 3 side: r
CYRUS_VANILLA 3: [-1, 0] (v18+) force synch see mode.
SPICA325: init ok.  unum: 10 side: l
SPICA325 10: [-1, 0] (v18+) force synch see mode.
******************************************************************
 librcsc 
 Copyright 2000 - 2007. Hidehisa Akiyama.
 Copyright 2007 - 2011. Hidehisa Akiyama and Hiroki Shimora
 Copyright 2011 -  Hidehisa Akiyama, Hiroki Shimora
   Takuya Fukushima (2019-)
 All rights reserved.
******************************************************************
*****************************************************************
 This program is based on agent2d created by Hidehisa Akiyama.
 Copyright 2006 - 2011. Hidehisa Akiyama and Hiroki Shimora.
 All rights reserved.
*****************************************************************
******************************************************************
 librcsc 
 Copyright 2000 - 2007. Hidehisa Akiyama.
 Copyright 2007 - 2011. Hidehisa Akiyama and Hiroki Shimora
 Copyright 2011 -  Hidehisa Akiyama, Hiroki Shimora
   Takuya Fukushima (2019-)
 All rights reserved.
******************************************************************
SPICA325 4:  KickTable created.
SPICA325 4: [-1, 0] set synch see mode.
******************************************************************
 librcsc 
 Copyright 2000 - 2007. Hidehisa Akiyama.
 Copyright 2007 - 2011. Hidehisa Akiyama and Hiroki Shimora
 Copyright 2011 -  Hidehisa Akiyama, Hiroki Shimora
   Takuya Fukushima (2019-)
 All rights reserved.
******************************************************************
*****************************************************************
 This program is based on agent2d created by Hidehisa Akiyama.
 Copyright 2006 - 2011. Hidehisa Akiyama and Hiroki Shimora.
 All rights reserved.
*****************************************************************
A new (v18) online coach (CYRUS_VANILLA) connected.
A new (v18) player (SPICA325 11) connected.
SPICA325: init ok.  unum: 11 side: l
SPICA325 11: [-1, 0] (v18+) force synch see mode.
CYRUS_VANILLA coach: [-1, 0] recv (ok eye on)
SPICA325 5:  KickTable created.
SPICA325 5: [-1, 0] set synch see mode.
SPICA325 3:  KickTable created.
SPICA325 3: [-1, 0] set synch see mode.
SPICA325 7:  KickTable created.
SPICA325 7: [-1, 0] set synch see mode.
SPICA325 8:  KickTable created.
SPICA325 8: [-1, 0] set synch see mode.
CYRUS_VANILLA 2:  KickTable created.
CYRUS_VANILLA 2: [-1, 0] set synch see mode.
*****************************************************************
 This program is based on agent2d created by Hidehisa Akiyama.
 Copyright 2006 - 2011. Hidehisa Akiyama and Hiroki Shimora.
 All rights reserved.
*****************************************************************
SPICA325 9:  KickTable created.
CYRUS_VANILLA: init ok.  unum: 4 side: r
CYRUS_VANILLA 4: [-1, 0] (v18+) force synch see mode.
A new (v18) player (CYRUS_VANILLA 4) connected.
SPICA325 9: [-1, 0] set synch see mode.
*****************************************************************
 This program is based on agent2d created by Hidehisa Akiyama.
 Copyright 2006 - 2011. Hidehisa Akiyama and Hiroki Shimora.
 All rights reserved.
*****************************************************************
CYRUS_VANILLA 3:  KickTable created.
*****************************************************************
 This program is based on agent2d created by Hidehisa Akiyama.
 Copyright 2006 - 2011. Hidehisa Akiyama and Hiroki Shimora.
 All rights reserved.
*****************************************************************
CYRUS_VANILLA 3: [-1, 0] set synch see mode.
*****************************************************************
 This program is based on agent2d created by Hidehisa Akiyama.
 Copyright 2006 - 2011. Hidehisa Akiyama and Hiroki Shimora.
 All rights reserved.
*****************************************************************
SPICA325 10:  KickTable created.
SPICA325 10: [-1, 0] set synch see mode.
*****************************************************************
 This program is based on agent2d created by Hidehisa Akiyama.
 Copyright 2006 - 2011. Hidehisa Akiyama and Hiroki Shimora.
 All rights reserved.
*****************************************************************
*****************************************************************
 This program is based on agent2d created by Hidehisa Akiyama.
 Copyright 2006 - 2011. Hidehisa Akiyama and Hiroki Shimora.
 All rights reserved.
*****************************************************************
*****************************************************************
 This program is based on agent2d created by Hidehisa Akiyama.
 Copyright 2006 - 2011. Hidehisa Akiyama and Hiroki Shimora.
 All rights reserved.
*****************************************************************
SPICA325 11:  KickTable created.
SPICA325 11: [-1, 0] set synch see mode.
*****************************************************************
 This program is based on agent2d created by Hidehisa Akiyama.
 Copyright 2006 - 2011. Hidehisa Akiyama and Hiroki Shimora.
 All rights reserved.
*****************************************************************
CYRUS_VANILLA 4:  KickTable created.
CYRUS_VANILLA 4: [-1, 0] set synch see mode.
Read Setting: ./data/settings/Other.json
Read Setting: ./data/settings/Other.json
Read Setting: ./data/settings/Other.json
Read Setting: ./data/settings/Other.json
Read Setting: ./data/settings/Other.json
Read Setting: ./data/settings/Other.json
Read Setting: ./data/settings/Other.json
A new (v18) player (CYRUS_VANILLA 5) connected.
A new (v18) player (CYRUS_VANILLA 6) connected.
CYRUS_VANILLA: init ok.  unum: 7 side: r
CYRUS_VANILLA 7: [-1, 0] (v18+) force synch see mode.
A new (v18) player (CYRUS_VANILLA 7) connected.
CYRUS_VANILLA: init ok.  unum: 8 side: r
CYRUS_VANILLA 8: [-1, 0] (v18+) force synch see mode.
A new (v18) player (CYRUS_VANILLA 8) connected.
A new (v18) player (CYRUS_VANILLA 9) connected.
CYRUS_VANILLA: init ok.  unum: 10 side: r
CYRUS_VANILLA 10: [-1, 0] (v18+) force synch see mode.
A new (v18) player (CYRUS_VANILLA 10) connected.
CYRUS_VANILLA: init ok.  unum: 11 side: r
A new (v18) player (CYRUS_VANILLA 11) connected.
CYRUS_VANILLA: init ok.  unum: 5 side: CYRUS_VANILLAr
 11: [-1, 0] (v18+) force synch see mode.
CYRUS_VANILLA 5: [-1, 0] (v18+) force synch see mode.
CYRUS_VANILLA: init ok.  unum: 6 side: r
CYRUS_VANILLA 6: [-1, 0] (v18+) force synch see mode.
CYRUS_VANILLA: init ok.  unum: 9 side: r
CYRUS_VANILLA 9: [-1, 0] (v18+) force synch see mode.
CYRUS_VANILLA 11:  KickTable created.
CYRUS_VANILLA 10:  KickTable created.
CYRUS_VANILLA 11: [-1, 0] set synch see mode.
CYRUS_VANILLA 10: [-1, 0] set synch see mode.
CYRUS_VANILLA 7:  KickTable created.
CYRUS_VANILLA 7: [-1, 0] set synch see mode.
CYRUS_VANILLA 8:  KickTable created.
CYRUS_VANILLA 8: [-1, 0] set synch see mode.
CYRUS_VANILLA 6:  KickTable created.
CYRUS_VANILLA 6: [-1, 0] set synch see mode.
CYRUS_VANILLA 9:  KickTable created.
Read Setting: ./data/settings/Other.json
Read Setting: ./data/settings/Other.json
CYRUS_VANILLA 9: [-1, 0] set synch see mode.
CYRUS_VANILLA 5:  KickTable created.
CYRUS_VANILLA 5: [-1, 0] set synch see mode.
id speed step inc  power  stam  karea
 0 1.000   6  45.0 100.0  55.0  1.085
 1 0.887   6  48.9 100.0  51.1  0.995
 2 1.021   5  40.3 100.0  59.7  1.113
 3 0.982   6  43.4 100.0  56.6  1.161
 4 0.762   4  49.7 100.0  50.3  1.011
 5 0.859   6  51.0 100.0  49.0  1.134
 6 1.024   7  44.8 100.0  55.2  1.078
 7 0.773   4  47.3 100.0  52.7  1.168
 8 0.900   5  40.7 100.0  59.3  1.021
 9 0.800   6  47.8 100.0  52.2  1.050
 10 0.901   4  44.2 100.0  55.8  1.087
 11 0.785   5  48.0 100.0  52.0  1.033
 12 0.985   7  43.5 100.0  56.5  1.135
 13 0.960   7  50.4 100.0  49.6  1.024
 14 0.999   6  46.0 100.0  54.0  1.034
 15 0.833   4  42.1 100.0  57.9  1.044
 16 0.877   7  48.0 100.0  52.0  1.035
 17 0.805   7  50.8 100.0  49.2  0.994
$$$$$$$$$$$$$$$$$$$$$$$$isother
SPICA325 coach: change player 1 to type 0
SPICA325 coach: change player 9 to type 2
SPICA325 coach: change player 2 to type 6
SPICA325 coach: change player 11 to type 14
SPICA325 coach: change player 4 to type 3
SPICA325 coach: change player 10 to type 12
SPICA325 coach: change player 3 to type 13
SPICA325 coach: change player 5 to type 10
SPICA325 coach: change player 7 to type 8
SPICA325 coach: change player 8 to type 1
SPICA325 coach: change player 6 to type 16
id speed step inc  power  stam  karea
 0 1.000   6  45.0 100.0  55.0  1.085
 1 0.887   6  48.9 100.0  51.1  0.995
 2 1.021   5  40.3 100.0  59.7  1.113
 3 0.982   6  43.4 100.0  56.6  1.161
 4 0.762   4  49.7 100.0  50.3  1.011
 5 0.859   6  51.0 100.0  49.0  1.134
 6 1.024   7  44.8 100.0  55.2  1.078
 7 0.773   4  47.3 100.0  52.7  1.168
 8 0.900   5  40.7 100.0  59.3  1.021
 9 0.800   6  47.8 100.0  52.2  1.050
 10 0.901   4  44.2 100.0  55.8  1.087
 11 0.785   5  48.0 100.0  52.0  1.033
 12 0.985   7  43.5 100.0  56.5  1.135
 13 0.960   7  50.4 100.0  49.6  1.024
 14 0.999   6  46.0 100.0  54.0  1.034
 15 0.833   4  42.1 100.0  57.9  1.044
 16 0.877   7  48.0 100.0  52.0  1.035
 17 0.805   7  50.8 100.0  49.2  0.994
$$$$$$$$$$$$$$$$$$$$$$$$isother
CYRUS_VANILLA coach: change player 1 to type 0
CYRUS_VANILLA coach: change player 9 to type 2
CYRUS_VANILLA coach: change player 2 to type 6
CYRUS_VANILLA coach: change player 11 to type 14
CYRUS_VANILLA coach: change player 4 to type 3
CYRUS_VANILLA coach: change player 10 to type 12
CYRUS_VANILLA coach: change player 3 to type 13
CYRUS_VANILLA coach: change player 5 to type 10
CYRUS_VANILLA coach: change player 7 to type 8
CYRUS_VANILLA coach: change player 8 to type 1
CYRUS_VANILLA coach: change player 6 to type 16
Read Setting: ./data/settings/Other.json
Read Setting: ./data/settings/Other.json
Read Setting: ./data/settings/Other.json
Read Setting: ./data/settings/Other.json
Read Setting: ./data/settings/Other.json
Read Setting: ./data/settings/Other.json
Read Setting: ./data/settings/Other.json
Read Setting: ./data/settings/Other.json
Read Setting: ./data/settings/Other.json
Read Setting: ./data/settings/Other.json
Waiting to kick off
Kick_off_left
CYRUS_VANILLA coach: [93, 0] no player type for opponent 10. restart analysis.
CYRUS_VANILLA coach: [94, 0] determined opponent 9 type = 2
SPICA325 coach: [94, 0] no player type for opponent 3. restart analysis.
CYRUS_VANILLA coach: [95, 0] determined opponent 7 type = 8
SPICA325 coach: [96, 0] no player type for opponent 4. restart analysis.
SPICA325 coach: [96, 0] no player type for opponent 2. restart analysis.
SPICA325 coach: [96, 0] no player type for opponent 10. restart analysis.
SPICA325 coach: [96, 0] no player type for opponent 11. restart analysis.
SPICA325 coach: [96, 0] no player type for opponent 9. restart analysis.
SPICA325 coach: [96, 0] no player type for opponent 7. restart analysis.
SPICA325 coach: [97, 0] no player type for opponent 10. restart analysis.
SPICA325 coach: [97, 0] no player type for opponent 7. restart analysis.
SPICA325 coach: [98, 0] no player type for opponent 8. restart analysis.
SPICA325 coach: [98, 0] determined opponent 6 type = 16
SPICA325 coach: [99, 0] no player type for opponent 11. restart analysis.
SPICA325 coach: [100, 0] no player type for opponent 4. restart analysis.
SPICA325 coach: [100, 0] no player type for opponent 7. restart analysis.
CYRUS_VANILLA coach: [100, 0] no player type for opponent 8. restart analysis.
CYRUS_VANILLA coach: [101, 0] no player type for opponent 3. restart analysis.
SPICA325 coach: [101, 0] no player type for opponent 10. restart analysis.
SPICA325 coach: [102, 0] no player type for opponent 11. restart analysis.
CYRUS_VANILLA coach: [102, 0] determined opponent 11 type = 14
SPICA325 coach: [103, 0] no player type for opponent 10. restart analysis.
SPICA325 coach: [103, 0] no player type for opponent 11. restart analysis.
SPICA325 coach: [103, 0] no player type for opponent 7. restart analysis.
CYRUS_VANILLA coach: [103, 0] determined opponent 5 type = 10
CYRUS_VANILLA coach: [104, 0] no player type for opponent 10. restart analysis.
SPICA325 coach: [105, 0] no player type for opponent 8. restart analysis.
CYRUS_VANILLA coach: [105, 0] no player type for opponent 10. restart analysis.
CYRUS_VANILLA coach: [105, 0] determined opponent 8 type = 1
SPICA325 coach: [106, 0] no player type for opponent 8. restart analysis.
CYRUS_VANILLA coach: [107, 0] no player type for opponent 10. restart analysis.
SPICA325 coach: [107, 0] no player type for opponent 4. restart analysis.
SPICA325 coach: [107, 0] no player type for opponent 10. restart analysis.
SPICA325 coach: [108, 0] no player type for opponent 11. restart analysis.
SPICA325 coach: [108, 0] no player type for opponent 1. restart analysis.
SPICA325 coach: [109, 0] no player type for opponent 10. restart analysis.
SPICA325 coach: [110, 0] no player type for opponent 11. restart analysis.
SPICA325 coach: [110, 0] no player type for opponent 3. restart analysis.
CYRUS_VANILLA coach: [110, 0] no player type for opponent 6. restart analysis.
CYRUS_VANILLA coach: [110, 0] no player type for opponent 2. restart analysis.
SPICA325 coach: [111, 0] no player type for opponent 10. restart analysis.
CYRUS_VANILLA coach: [111, 0] no player type for opponent 10. restart analysis.
SPICA325 coach: [112, 0] no player type for opponent 8. restart analysis.
SPICA325 coach: [112, 0] determined opponent 2 type = 6
SPICA325 coach: [112, 0] no player type for opponent 11. restart analysis.
SPICA325 coach: [112, 0] no player type for opponent 3. restart analysis.
SPICA325 coach: [114, 0] no player type for opponent 8. restart analysis.
SPICA325 coach: [114, 0] no player type for opponent 11. restart analysis.
CYRUS_VANILLA coach: [115, 0] no player type for opponent 6. restart analysis.
CYRUS_VANILLA coach: [116, 0] no player type for opponent 3. restart analysis.
SPICA325 coach: [116, 0] no player type for opponent 4. restart analysis.
SPICA325 coach: [116, 0] no player type for opponent 10. restart analysis.
CYRUS_VANILLA coach: [117, 0] no player type for opponent 3. restart analysis.
SPICA325 11: [117, 0]  WARNING. no turn_neck.
CYRUS_VANILLA coach: [118, 0] no player type for opponent 6. restart analysis.
SPICA325 11: [118, 0]  WARNING. no turn_neck.
SPICA325 coach: [119, 0] no player type for opponent 8. restart analysis.
SPICA325 coach: [119, 0] no player type for opponent 11. restart analysis.
CYRUS_VANILLA coach: [120, 0] no player type for opponent 6. restart analysis.
SPICA325 coach: [120, 0] no player type for opponent 11. restart analysis.
SPICA325 coach: [121, 0] no player type for opponent 10. restart analysis.
SPICA325 coach: [121, 0] no player type for opponent 8. restart analysis.
SPICA325 coach: [121, 0] no player type for opponent 11. restart analysis.
SPICA325 coach: [122, 0] no player type for opponent 8. restart analysis.
SPICA325 coach: [122, 0] no player type for opponent 4. restart analysis.
SPICA325 coach: [122, 0] no player type for opponent 11. restart analysis.
SPICA325 coach: [123, 0] no player type for opponent 10. restart analysis.
SPICA325 coach: [123, 0] no player type for opponent 4. restart analysis.
CYRUS_VANILLA coach: [123, 0] no player type for opponent 6. restart analysis.
CYRUS_VANILLA coach: [124, 0] no player type for opponent 6. restart analysis.
SPICA325 coach: [125, 0] no player type for opponent 8. restart analysis.
SPICA325 coach: [125, 0] no player type for opponent 10. restart analysis.
SPICA325 coach: [125, 0] no player type for opponent 11. restart analysis.
CYRUS_VANILLA coach: [126, 0] no player type for opponent 6. restart analysis.
SPICA325 coach: [126, 0] no player type for opponent 11. restart analysis.
SPICA325 coach: [128, 0] no player type for opponent 11. restart analysis.
SPICA325 coach: [128, 0] determined opponent 7 type = 8
SPICA325 coach: [129, 0] determined opponent 9 type = 2
SPICA325 coach: [131, 0] no player type for opponent 10. restart analysis.
SPICA325 coach: [132, 0] no player type for opponent 11. restart analysis.
SPICA325 coach: [133, 0] no player type for opponent 10. restart analysis.
SPICA325 coach: [133, 0] no player type for opponent 4. restart analysis.
CYRUS_VANILLA coach: [134, 0] no player type for opponent 6. restart analysis.
CYRUS_VANILLA coach: [134, 0] no player type for opponent 10. restart analysis.
SPICA325 coach: [135, 0] no player type for opponent 8. restart analysis.
SPICA325 coach: [135, 0] no player type for opponent 4. restart analysis.
SPICA325 coach: [136, 0] no player type for opponent 11. restart analysis.
SPICA325 coach: [139, 0] no player type for opponent 11. restart analysis.
CYRUS_VANILLA coach: [141, 0] determined opponent 2 type = 6
SPICA325 coach: [141, 0] determined opponent 8 type = 1
SPICA325 coach: [142, 0] no player type for opponent 10. restart analysis.
CYRUS_VANILLA coach: [142, 0] no player type for opponent 10. restart analysis.
CYRUS_VANILLA coach: [143, 0] no player type for opponent 10. restart analysis.
SPICA325 coach: [144, 0] no player type for opponent 10. restart analysis.
SPICA325 coach: [145, 0] determined opponent 11 type = 14
SPICA325 coach: [147, 0] no player type for opponent 5. restart analysis.
SPICA325 coach: [147, 0] no player type for opponent 10. restart analysis.
CYRUS_VANILLA coach: [147, 0] no player type for opponent 3. restart analysis.
SPICA325 coach: [148, 0] no player type for opponent 4. restart analysis.
CYRUS_VANILLA coach: [148, 0] no player type for opponent 3. restart analysis.
CYRUS_VANILLA coach: [149, 0] no player type for opponent 3. restart analysis.
SPICA325 coach: [149, 0] no player type for opponent 5. restart analysis.
SPICA325 coach: [149, 0] no player type for opponent 10. restart analysis.
CYRUS_VANILLA coach: [150, 0] no player type for opponent 10. restart analysis.
CYRUS_VANILLA coach: [150, 0] no player type for opponent 3. restart analysis.
SPICA325 coach: [150, 0] no player type for opponent 5. restart analysis.
SPICA325 coach: [150, 0] no player type for opponent 10. restart analysis.
SPICA325 coach: [151, 0] no player type for opponent 5. restart analysis.
CYRUS_VANILLA coach: [151, 0] no player type for opponent 4. restart analysis.
SPICA325 coach: [153, 0] no player type for opponent 10. restart analysis.
CYRUS_VANILLA coach: [153, 0] no player type for opponent 4. restart analysis.
SPICA325 coach: [155, 0] no player type for opponent 4. restart analysis.
SPICA325 coach: [157, 0] no player type for opponent 4. restart analysis.
CYRUS_VANILLA coach: [157, 0] no player type for opponent 6. restart analysis.
SPICA325 coach: [158, 0] no player type for opponent 5. restart analysis.
CYRUS_VANILLA coach: [158, 0] no player type for opponent 10. restart analysis.
SPICA325 coach: [159, 0] no player type for opponent 10. restart analysis.
SPICA325 coach: [161, 0] no player type for opponent 4. restart analysis.
SPICA325 coach: [162, 0] no player type for opponent 3. restart analysis.
SPICA325 coach: [163, 0] no player type for opponent 4. restart analysis.
CYRUS_VANILLA coach: [164, 0] no player type for opponent 10. restart analysis.
SPICA325 coach: [164, 0] no player type for opponent 5. restart analysis.
CYRUS_VANILLA coach: [165, 0] no player type for opponent 10. restart analysis.
SPICA325 coach: [170, 0] no player type for opponent 5. restart analysis.
SPICA325 coach: [170, 0] no player type for opponent 4. restart analysis.
CYRUS_VANILLA coach: [171, 0] no player type for opponent 3. restart analysis.
CYRUS_VANILLA coach: [171, 0] no player type for opponent 4. restart analysis.
layerSize: 3
SPICA325 coach: [175, 0] no player type for opponent 3. restart analysis.
CYRUS_VANILLA coach: [176, 0] no player type for opponent 6. restart analysis.
SPICA325 coach: [179, 0] no player type for opponent 4. restart analysis.
CYRUS_VANILLA coach: [179, 0] no player type for opponent 6. restart analysis.
CYRUS_VANILLA coach: [180, 0] determined opponent 1 type = 0
CYRUS_VANILLA coach: [180, 0] no player type for opponent 6. restart analysis.
CYRUS_VANILLA coach: [181, 0] no player type for opponent 10. restart analysis.
CYRUS_VANILLA coach: [181, 0] no player type for opponent 6. restart analysis.
SPICA325 coach: [181, 0] no player type for opponent 4. restart analysis.
CYRUS_VANILLA coach: [183, 0] determined opponent 6 type = 16
CYRUS_VANILLA coach: [184, 0] no player type for opponent 3. restart analysis.
SPICA325 coach: [184, 0] no player type for opponent 4. restart analysis.
SPICA325 coach: [185, 0] determined opponent 5 type = 10
SPICA325 coach: [185, 0] no player type for opponent 3. restart analysis.
SPICA325 coach: [186, 0] no player type for opponent 3. restart analysis.
CYRUS_VANILLA coach: [186, 0] no player type for opponent 3. restart analysis.
CYRUS_VANILLA coach: [189, 0] no player type for opponent 3. restart analysis.
CYRUS_VANILLA coach: [192, 0] no player type for opponent 10. restart analysis.
CYRUS_VANILLA coach: [193, 0] no player type for opponent 4. restart analysis.
SPICA325 coach: [195, 0] determined opponent 10 type = 12
SPICA325 coach: [199, 0] no player type for opponent 4. restart analysis.
CYRUS_VANILLA coach: [201, 0] no player type for opponent 10. restart analysis.
SPICA325 coach: [205, 0] no player type for opponent 3. restart analysis.
CYRUS_VANILLA coach: [209, 0] no player type for opponent 3. restart analysis.
CYRUS_VANILLA coach: [210, 0] no player type for opponent 3. restart analysis.
CYRUS_VANILLA coach: [211, 0] no player type for opponent 10. restart analysis.
CYRUS_VANILLA coach: [212, 0] no player type for opponent 10. restart analysis.
CYRUS_VANILLA coach: [218, 0] no player type for opponent 3. restart analysis.
CYRUS_VANILLA coach: [219, 0] no player type for opponent 3. restart analysis.
CYRUS_VANILLA coach: [220, 0] no player type for opponent 3. restart analysis.
CYRUS_VANILLA coach: [220, 0] no player type for opponent 10. restart analysis.
SPICA325 coach: [220, 0] no player type for opponent 4. restart analysis.
CYRUS_VANILLA coach: [223, 0] no player type for opponent 10. restart analysis.
SPICA325 coach: [229, 0] no player type for opponent 4. restart analysis.
SPICA325 coach: [232, 0] no player type for opponent 3. restart analysis.
CYRUS_VANILLA coach: [236, 0] no player type for opponent 4. restart analysis.
CYRUS_VANILLA coach: [237, 0] no player type for opponent 4. restart analysis.
CYRUS_VANILLA coach: [243, 0] determined opponent 4 type = 3
CYRUS_VANILLA coach: [249, 0] no player type for opponent 10. restart analysis.
CYRUS_VANILLA coach: [251, 0] no player type for opponent 10. restart analysis.
SPICA325 coach: [256, 0] no player type for opponent 4. restart analysis.
SPICA325 coach: [264, 0] no player type for opponent 3. restart analysis.
CYRUS_VANILLA coach: [266, 0] no player type for opponent 3. restart analysis.
CYRUS_VANILLA coach: [270, 0] no player type for opponent 10. restart analysis.
SPICA325 coach: [271, 0] determined opponent 4 type = 3
SPICA325 coach: [271, 0] determined opponent 1 type = 0
SPICA325 coach: [275, 0] no player type for opponent 3. restart analysis.
CYRUS_VANILLA coach: [275, 0] no player type for opponent 3. restart analysis.
CYRUS_VANILLA coach: [275, 0] no player type for opponent 10. restart analysis.
CYRUS_VANILLA coach: [276, 0] no player type for opponent 3. restart analysis.
CYRUS_VANILLA coach: [276, 0] no player type for opponent 10. restart analysis.
CYRUS_VANILLA coach: [278, 0] no player type for opponent 10. restart analysis.
CYRUS_VANILLA coach: [279, 0] no player type for opponent 3. restart analysis.
CYRUS_VANILLA coach: [280, 0] no player type for opponent 10. restart analysis.
CYRUS_VANILLA coach: [281, 0] no player type for opponent 3. restart analysis.
CYRUS_VANILLA coach: [288, 0] no player type for opponent 10. restart analysis.
SPICA325 coach: [293, 0] no player type for opponent 3. restart analysis.
CYRUS_VANILLA coach: [293, 0] no player type for opponent 10. restart analysis.
CYRUS_VANILLA coach: [301, 0] updated clang capacity.
SPICA325 coach: [301, 0] updated clang capacity.
CYRUS_VANILLA coach: [303, 0] no player type for opponent 10. restart analysis.
CYRUS_VANILLA coach: [304, 0] no player type for opponent 3. restart analysis.
CYRUS_VANILLA coach: [315, 0] no player type for opponent 3. restart analysis.
CYRUS_VANILLA coach: [319, 0] no player type for opponent 10. restart analysis.
CYRUS_VANILLA coach: [329, 0] no player type for opponent 10. restart analysis.
CYRUS_VANILLA coach: [335, 0] no player type for opponent 10. restart analysis.
CYRUS_VANILLA coach: [341, 0] no player type for opponent 10. restart analysis.
CYRUS_VANILLA coach: [342, 0] no player type for opponent 10. restart analysis.
CYRUS_VANILLA coach: [343, 0] no player type for opponent 10. restart analysis.
CYRUS_VANILLA coach: [344, 0] no player type for opponent 10. restart analysis.
CYRUS_VANILLA coach: [344, 0] no player type for opponent 3. restart analysis.
CYRUS_VANILLA coach: [346, 0] no player type for opponent 10. restart analysis.
CYRUS_VANILLA coach: [348, 0] no player type for opponent 3. restart analysis.
CYRUS_VANILLA coach: [349, 0] no player type for opponent 10. restart analysis.
CYRUS_VANILLA coach: [350, 0] no player type for opponent 10. restart analysis.
SPICA325 coach: [351, 0] no player type for opponent 3. restart analysis.
CYRUS_VANILLA coach: [351, 0] no player type for opponent 10. restart analysis.
CYRUS_VANILLA coach: [351, 0] no player type for opponent 3. restart analysis.
CYRUS_VANILLA coach: [352, 0] no player type for opponent 3. restart analysis.
CYRUS_VANILLA coach: [353, 0] no player type for opponent 3. restart analysis.
CYRUS_VANILLA coach: [359, 0] no player type for opponent 3. restart analysis.
CYRUS_VANILLA coach: [360, 0] no player type for opponent 10. restart analysis.
CYRUS_VANILLA coach: [360, 0] no player type for opponent 3. restart analysis.
CYRUS_VANILLA coach: [361, 0] no player type for opponent 10. restart analysis.
CYRUS_VANILLA coach: [362, 0] no player type for opponent 3. restart analysis.
CYRUS_VANILLA 9: [376, 0] lost kick by foul at [376, 0] sense=3 internal=4
CYRUS_VANILLA coach: [385, 0] no player type for opponent 3. restart analysis.
SPICA325 coach: [388, 0] sent freeform (player_types (1 0)(2 6)(3 -1)(4 3)(5 10)(6 16)(7 8)(8 1)(9 2)(10 12)(11 14))
SPICA325 coach: [388, 0] freeform 1 / 128
CYRUS_VANILLA coach: [388, 0] sent freeform (player_types (1 0)(2 6)(3 -1)(4 3)(5 10)(6 16)(7 8)(8 1)(9 2)(10 -1)(11 14))
CYRUS_VANILLA coach: [388, 0] freeform 1 / 128
SPICA325 11: [388, 0] lost kick by foul at [388, 0] sense=1 internal=2
SPICA325 coach: [487, 0] no player type for opponent 3. restart analysis.
SPICA325 coach: [489, 0] no player type for opponent 3. restart analysis.
SPICA325 coach: [491, 0] no player type for opponent 3. restart analysis.
CYRUS_VANILLA coach: [494, 0] no player type for opponent 10. restart analysis.
SPICA325 coach: [501, 0] no player type for opponent 3. restart analysis.
SPICA325 coach: [502, 0] no player type for opponent 3. restart analysis.
SPICA325 coach: [503, 0] no player type for opponent 3. restart analysis.
SPICA325 coach: [504, 0] no player type for opponent 3. restart analysis.
SPICA325 coach: [518, 0] no player type for opponent 3. restart analysis.
CYRUS_VANILLA coach: [528, 0] no player type for opponent 10. restart analysis.
CYRUS_VANILLA coach: [530, 0] no player type for opponent 10. restart analysis.
CYRUS_VANILLA coach: [531, 0] no player type for opponent 10. restart analysis.
SPICA325 coach: [531, 0] no player type for opponent 3. restart analysis.
SPICA325 coach: [533, 0] no player type for opponent 3. restart analysis.
SPICA325 coach: [534, 0] no player type for opponent 3. restart analysis.
CYRUS_VANILLA coach: [542, 0] no player type for opponent 10. restart analysis.
CYRUS_VANILLA coach: [548, 0] no player type for opponent 10. restart analysis.
CYRUS_VANILLA coach: [554, 0] no player type for opponent 3. restart analysis.
CYRUS_VANILLA coach: [555, 0] no player type for opponent 3. restart analysis.
CYRUS_VANILLA coach: [556, 0] no player type for opponent 3. restart analysis.
CYRUS_VANILLA coach: [562, 0] no player type for opponent 10. restart analysis.
CYRUS_VANILLA coach: [575, 0] no player type for opponent 3. restart analysis.
CYRUS_VANILLA coach: [578, 0] no player type for opponent 10. restart analysis.
CYRUS_VANILLA coach: [579, 0] no player type for opponent 10. restart analysis.
CYRUS_VANILLA coach: [588, 0] no player type for opponent 10. restart analysis.
CYRUS_VANILLA coach: [592, 0] no player type for opponent 3. restart analysis.
SPICA325 coach: [594, 0] no player type for opponent 3. restart analysis.
CYRUS_VANILLA coach: [594, 0] no player type for opponent 10. restart analysis.
SPICA325 coach: [595, 0] no player type for opponent 3. restart analysis.
CYRUS_VANILLA coach: [599, 0] no player type for opponent 10. restart analysis.
CYRUS_VANILLA coach: [601, 0] updated clang capacity.
SPICA325 coach: [601, 0] updated clang capacity.
CYRUS_VANILLA coach: [603, 0] no player type for opponent 10. restart analysis.
SPICA325 coach: [605, 0] no player type for opponent 3. restart analysis.
CYRUS_VANILLA coach: [605, 0] no player type for opponent 3. restart analysis.
CYRUS_VANILLA coach: [607, 0] no player type for opponent 3. restart analysis.
SPICA325 coach: [609, 0] no player type for opponent 3. restart analysis.
SPICA325 10: [614, 0] lost kick by foul at [614, 0] sense=0 internal=1
CYRUS_VANILLA coach: [619, 0] no player type for opponent 3. restart analysis.
CYRUS_VANILLA coach: [620, 0] no player type for opponent 3. restart analysis.
CYRUS_VANILLA coach: [621, 0] no player type for opponent 3. restart analysis.
CYRUS_VANILLA coach: [623, 0] no player type for opponent 10. restart analysis.
CYRUS_VANILLA coach: [625, 0] no player type for opponent 10. restart analysis.
CYRUS_VANILLA coach: [626, 0] no player type for opponent 3. restart analysis.
CYRUS_VANILLA coach: [631, 0] no player type for opponent 10. restart analysis.
SPICA325 coach: [632, 0] no player type for opponent 3. restart analysis.
SPICA325 coach: [633, 0] no player type for opponent 3. restart analysis.
SPICA325 coach: [635, 0] no player type for opponent 3. restart analysis.
CYRUS_VANILLA coach: [640, 0] no player type for opponent 3. restart analysis.
CYRUS_VANILLA coach: [642, 0] no player type for opponent 3. restart analysis.
CYRUS_VANILLA coach: [655, 0] no player type for opponent 3. restart analysis.
CYRUS_VANILLA coach: [657, 0] no player type for opponent 10. restart analysis.
CYRUS_VANILLA coach: [661, 0] no player type for opponent 10. restart analysis.
CYRUS_VANILLA coach: [663, 0] no player type for opponent 10. restart analysis.
CYRUS_VANILLA coach: [666, 0] no player type for opponent 10. restart analysis.
CYRUS_VANILLA coach: [668, 0] no player type for opponent 10. restart analysis.
CYRUS_VANILLA coach: [678, 0] no player type for opponent 10. restart analysis.
CYRUS_VANILLA coach: [685, 0] no player type for opponent 3. restart analysis.
CYRUS_VANILLA coach: [690, 0] no player type for opponent 10. restart analysis.
SPICA325 7: [693, 0] lost kick? at [693, 0] sense=17 internal=18
CYRUS_VANILLA coach: [696, 0] no player type for opponent 10. restart analysis.
CYRUS_VANILLA coach: [697, 0] no player type for opponent 3. restart analysis.
CYRUS_VANILLA coach: [700, 0] no player type for opponent 3. restart analysis.
CYRUS_VANILLA coach: [703, 0] no player type for opponent 3. restart analysis.
CYRUS_VANILLA coach: [704, 0] no player type for opponent 3. restart analysis.
CYRUS_VANILLA coach: [711, 0] no player type for opponent 10. restart analysis.
CYRUS_VANILLA coach: [716, 0] no player type for opponent 10. restart analysis.
CYRUS_VANILLA coach: [719, 0] no player type for opponent 3. restart analysis.
CYRUS_VANILLA coach: [723, 0] no player type for opponent 10. restart analysis.
CYRUS_VANILLA coach: [725, 0] no player type for opponent 3. restart analysis.
CYRUS_VANILLA coach: [728, 0] no player type for opponent 3. restart analysis.
CYRUS_VANILLA coach: [732, 0] no player type for opponent 3. restart analysis.
SPICA325 coach: [734, 0] no player type for opponent 3. restart analysis.
CYRUS_VANILLA coach: [734, 0] no player type for opponent 10. restart analysis.
SPICA325 coach: [735, 0] no player type for opponent 3. restart analysis.
SPICA325 coach: [736, 0] no player type for opponent 3. restart analysis.
CYRUS_VANILLA coach: [736, 0] no player type for opponent 10. restart analysis.
CYRUS_VANILLA coach: [738, 0] no player type for opponent 3. restart analysis.
SPICA325 coach: [739, 0] no player type for opponent 3. restart analysis.
CYRUS_VANILLA coach: [739, 0] no player type for opponent 3. restart analysis.
CYRUS_VANILLA coach: [740, 0] no player type for opponent 3. restart analysis.
SPICA325 coach: [740, 0] no player type for opponent 3. restart analysis.
SPICA325 coach: [746, 0] no player type for opponent 3. restart analysis.
CYRUS_VANILLA coach: [748, 0] no player type for opponent 3. restart analysis.
CYRUS_VANILLA coach: [749, 0] no player type for opponent 3. restart analysis.
SPICA325 coach: [751, 0] no player type for opponent 3. restart analysis.
SPICA325 coach: [752, 0] no player type for opponent 3. restart analysis.
CYRUS_VANILLA coach: [752, 0] no player type for opponent 10. restart analysis.
CYRUS_VANILLA coach: [753, 0] no player type for opponent 3. restart analysis.
SPICA325 coach: [754, 0] no player type for opponent 3. restart analysis.
SPICA325 coach: [755, 0] no player type for opponent 3. restart analysis.
CYRUS_VANILLA coach: [755, 0] no player type for opponent 10. restart analysis.
CYRUS_VANILLA coach: [757, 0] no player type for opponent 10. restart analysis.
SPICA325 coach: [758, 0] no player type for opponent 3. restart analysis.
CYRUS_VANILLA coach: [762, 0] no player type for opponent 3. restart analysis.
CYRUS_VANILLA coach: [766, 0] no player type for opponent 10. restart analysis.
SPICA325 coach: [767, 0] no player type for opponent 3. restart analysis.
CYRUS_VANILLA coach: [769, 0] no player type for opponent 10. restart analysis.
CYRUS_VANILLA coach: [770, 0] no player type for opponent 10. restart analysis.
CYRUS_VANILLA coach: [770, 0] no player type for opponent 3. restart analysis.
CYRUS_VANILLA coach: [772, 0] no player type for opponent 3. restart analysis.
SPICA325 coach: [780, 0] no player type for opponent 3. restart analysis.
CYRUS_VANILLA coach: [782, 0] no player type for opponent 3. restart analysis.
CYRUS_VANILLA coach: [790, 0] no player type for opponent 3. restart analysis.
SPICA325 coach: [822, 0] no player type for opponent 3. restart analysis.
CYRUS_VANILLA coach: [826, 0] determined opponent 10 type = 12
CYRUS_VANILLA coach: [827, 0] determined opponent 3 type = 13
CYRUS_VANILLA 11: [866, 0] lost kick by foul at [866, 0] sense=13 internal=14
SPICA325 coach: [870, 0] no player type for opponent 3. restart analysis.
CYRUS_VANILLA coach: [901, 0] updated clang capacity.
SPICA325 coach: [901, 0] updated clang capacity.
SPICA325 coach: [909, 0] no player type for opponent 3. restart analysis.
SPICA325 coach: [912, 0] no player type for opponent 3. restart analysis.
SPICA325 coach: [915, 0] no player type for opponent 3. restart analysis.
SPICA325 coach: [917, 0] no player type for opponent 3. restart analysis.
SPICA325 coach: [921, 0] no player type for opponent 3. restart analysis.
SPICA325 coach: [922, 0] no player type for opponent 3. restart analysis.
SPICA325 coach: [926, 0] no player type for opponent 3. restart analysis.
SPICA325 coach: [962, 0] no player type for opponent 3. restart analysis.
SPICA325 coach: [964, 0] no player type for opponent 3. restart analysis.
SPICA325 coach: [965, 0] no player type for opponent 3. restart analysis.
SPICA325 coach: [967, 0] no player type for opponent 3. restart analysis.
SPICA325 coach: [969, 0] no player type for opponent 3. restart analysis.
CYRUS_VANILLA 10: [988, 0] lost kick by foul at [988, 0] sense=5 internal=6
CYRUS_VANILLA coach: [988, 1] sent freeform (player_types (1 0)(2 6)(3 13)(4 3)(5 10)(6 16)(7 8)(8 1)(9 2)(10 12)(11 14))
CYRUS_VANILLA coach: [988, 1] freeform 2 / 128
SPICA325 coach: [1088, 0] no player type for opponent 3. restart analysis.
SPICA325 coach: [1090, 0] no player type for opponent 3. restart analysis.
SPICA325 coach: [1105, 0] no player type for opponent 3. restart analysis.
SPICA325 coach: [1107, 0] no player type for opponent 3. restart analysis.
SPICA325 coach: [1108, 0] no player type for opponent 3. restart analysis.
SPICA325 coach: [1124, 0] no player type for opponent 3. restart analysis.
SPICA325 coach: [1163, 0] no player type for opponent 3. restart analysis.
SPICA325 coach: [1166, 0] no player type for opponent 3. restart analysis.
CYRUS_VANILLA coach: [1201, 0] updated clang capacity.
SPICA325 coach: [1201, 0] updated clang capacity.
SPICA325 coach: [1294, 0] no player type for opponent 3. restart analysis.
SPICA325 coach: [1380, 0] no player type for opponent 3. restart analysis.
SPICA325 coach: [1384, 0] no player type for opponent 3. restart analysis.
SPICA325 coach: [1386, 0] no player type for opponent 3. restart analysis.
SPICA325 coach: [1390, 0] no player type for opponent 3. restart analysis.
SPICA325 coach: [1395, 0] no player type for opponent 3. restart analysis.
SPICA325 coach: [1406, 0] no player type for opponent 3. restart analysis.
SPICA325 coach: [1410, 0] no player type for opponent 3. restart analysis.
SPICA325 coach: [1501, 0] updated clang capacity.
CYRUS_VANILLA coach: [1501, 0] updated clang capacity.
SPICA325 coach: [1514, 0] no player type for opponent 3. restart analysis.
SPICA325 coach: [1516, 0] no player type for opponent 3. restart analysis.
SPICA325 coach: [1518, 0] no player type for opponent 3. restart analysis.
SPICA325 coach: [1519, 0] no player type for opponent 3. restart analysis.
SPICA325 coach: [1539, 0] no player type for opponent 3. restart analysis.
SPICA325 coach: [1540, 0] no player type for opponent 3. restart analysis.
SPICA325 coach: [1541, 0] no player type for opponent 3. restart analysis.
SPICA325 coach: [1618, 0] no player type for opponent 3. restart analysis.
SPICA325 coach: [1621, 0] no player type for opponent 3. restart analysis.
SPICA325 coach: [1679, 0] no player type for opponent 3. restart analysis.
SPICA325 coach: [1684, 0] no player type for opponent 3. restart analysis.
SPICA325 coach: [1706, 0] no player type for opponent 3. restart analysis.
SPICA325 coach: [1707, 0] no player type for opponent 3. restart analysis.
SPICA325 coach: [1709, 0] no player type for opponent 3. restart analysis.
SPICA325 coach: [1710, 0] no player type for opponent 3. restart analysis.
SPICA325 coach: [1711, 0] no player type for opponent 3. restart analysis.
SPICA325 coach: [1720, 0] no player type for opponent 3. restart analysis.
SPICA325 coach: [1738, 0] no player type for opponent 3. restart analysis.
SPICA325 coach: [1741, 0] no player type for opponent 3. restart analysis.
SPICA325 coach: [1742, 0] no player type for opponent 3. restart analysis.
SPICA325 coach: [1745, 0] no player type for opponent 3. restart analysis.
SPICA325 coach: [1748, 0] no player type for opponent 3. restart analysis.
SPICA325 coach: [1755, 0] no player type for opponent 3. restart analysis.
SPICA325 coach: [1759, 0] no player type for opponent 3. restart analysis.
SPICA325 coach: [1764, 0] no player type for opponent 3. restart analysis.
SPICA325 coach: [1799, 0] no player type for opponent 3. restart analysis.
SPICA325 coach: [1801, 0] updated clang capacity.
CYRUS_VANILLA coach: [1801, 0] updated clang capacity.
SPICA325 coach: [1821, 0] no player type for opponent 3. restart analysis.
SPICA325 coach: [1828, 0] no player type for opponent 3. restart analysis.
SPICA325 coach: [1833, 0] no player type for opponent 3. restart analysis.
SPICA325 coach: [1846, 0] no player type for opponent 3. restart analysis.
SPICA325 coach: [1857, 0] no player type for opponent 3. restart analysis.
SPICA325 coach: [1870, 0] no player type for opponent 3. restart analysis.
SPICA325 coach: [1871, 0] no player type for opponent 3. restart analysis.
SPICA325 coach: [1883, 0] no player type for opponent 3. restart analysis.
SPICA325 coach: [1887, 0] no player type for opponent 3. restart analysis.
SPICA325 coach: [1889, 0] no player type for opponent 3. restart analysis.
SPICA325 coach: [1897, 0] no player type for opponent 3. restart analysis.
SPICA325 coach: [1902, 0] no player type for opponent 3. restart analysis.
SPICA325 coach: [1903, 0] no player type for opponent 3. restart analysis.
SPICA325 coach: [1905, 0] no player type for opponent 3. restart analysis.
SPICA325 coach: [1909, 0] no player type for opponent 3. restart analysis.
SPICA325 coach: [1923, 0] no player type for opponent 3. restart analysis.
SPICA325 coach: [1928, 0] no player type for opponent 3. restart analysis.
SPICA325 coach: [1930, 0] no player type for opponent 3. restart analysis.
SPICA325 coach: [1938, 0] no player type for opponent 3. restart analysis.
SPICA325 coach: [1942, 0] no player type for opponent 3. restart analysis.
layerSize: 3
SPICA325 coach: [1960, 0] no player type for opponent 3. restart analysis.
SPICA325 coach: [1975, 0] no player type for opponent 3. restart analysis.
SPICA325 coach: [1992, 0] no player type for opponent 3. restart analysis.
SPICA325 coach: [1997, 0] no player type for opponent 3. restart analysis.
SPICA325 9: [2009, 0] lost kick by foul at [2009, 0] sense=45 internal=46
SPICA325 coach: [2020, 0] no player type for opponent 3. restart analysis.
SPICA325 coach: [2023, 0] no player type for opponent 3. restart analysis.
SPICA325 coach: [2033, 0] no player type for opponent 3. restart analysis.
SPICA325 coach: [2039, 0] no player type for opponent 3. restart analysis.
SPICA325 coach: [2046, 0] no player type for opponent 3. restart analysis.
SPICA325 coach: [2049, 0] no player type for opponent 3. restart analysis.
SPICA325 coach: [2055, 0] no player type for opponent 3. restart analysis.
SPICA325 coach: [2056, 0] no player type for opponent 3. restart analysis.
SPICA325 coach: [2058, 0] no player type for opponent 3. restart analysis.
SPICA325 coach: [2059, 0] no player type for opponent 3. restart analysis.
SPICA325 coach: [2060, 0] no player type for opponent 3. restart analysis.
SPICA325 coach: [2067, 0] no player type for opponent 3. restart analysis.
SPICA325 coach: [2070, 0] no player type for opponent 3. restart analysis.
SPICA325 coach: [2077, 0] no player type for opponent 3. restart analysis.
SPICA325 coach: [2081, 0] no player type for opponent 3. restart analysis.
SPICA325 coach: [2086, 0] no player type for opponent 3. restart analysis.
SPICA325 coach: [2097, 0] no player type for opponent 3. restart analysis.
CYRUS_VANILLA coach: [2101, 0] updated clang capacity.
SPICA325 coach: [2101, 0] updated clang capacity.
SPICA325 coach: [2131, 0] no player type for opponent 3. restart analysis.
SPICA325 coach: [2136, 0] no player type for opponent 3. restart analysis.
SPICA325 coach: [2138, 0] no player type for opponent 3. restart analysis.
SPICA325 coach: [2139, 0] no player type for opponent 3. restart analysis.
SPICA325 coach: [2140, 0] no player type for opponent 3. restart analysis.
SPICA325 coach: [2152, 0] no player type for opponent 3. restart analysis.
SPICA325 coach: [2153, 0] no player type for opponent 3. restart analysis.
SPICA325 coach: [2318, 0] no player type for opponent 3. restart analysis.
SPICA325 coach: [2325, 0] determined opponent 3 type = 13
SPICA325 coach: [2327, 0] sent freeform (player_types (1 0)(2 6)(3 13)(4 3)(5 10)(6 16)(7 8)(8 1)(9 2)(10 12)(11 14))
SPICA325 coach: [2327, 0] freeform 2 / 128
CYRUS_VANILLA coach: [2401, 0] updated clang capacity.
SPICA325 coach: [2401, 0] updated clang capacity.
CYRUS_VANILLA coach: [2701, 0] updated clang capacity.
SPICA325 coach: [2701, 0] updated clang capacity.
SPICA325 11: [2862, 0]  WARNING. no body command.
SPICA325 11: [2863, 0]  WARNING. no body command.
SPICA325 11: [2864, 0]  WARNING. no body command.
Waiting to kick off
Kick_off_right
CYRUS_VANILLASPICA325 coach:  coach: [[3001, 30010, ]0 updated clang capacity.]
 updated clang capacity.
SPICA325 coach: [3301, 0] updated clang capacity.
CYRUS_VANILLA coach: [3301, 0] updated clang capacity.
CYRUS_VANILLA coach: [3601, 0] updated clang capacity.
SPICA325 coach: [3601, 0] updated clang capacity.
SPICA325 coach: [3901, 0] updated clang capacity.
CYRUS_VANILLA coach: [3901, 0] updated clang capacity.
CYRUS_VANILLA 9: [3925, 0] lost kick by foul at [3925, 0] sense=135 internal=136
CYRUS_VANILLA coach: [4201, 0] updated clang capacity.
SPICA325 coach: [4201, 0] updated clang capacity.
CYRUS_VANILLA 7: [4255, 0]  WARNING. no turn_neck.
CYRUS_VANILLA 7: [4256, 0]  WARNING. no turn_neck.
7 [4298, 0] no ball position cache.
7 [4298, 0] no ball position cache.
7 [4298, 0] Interecet Self cache is empty!
7 [4299, 0] no ball position cache.
7 [4299, 0] no ball position cache.
7 [4299, 0] Interecet Self cache is empty!
7 [4300, 0] no ball position cache.
7 [4300, 0] no ball position cache.
7 [4300, 0] Interecet Self cache is empty!
7 [4301, 0] no ball position cache.
7 [4301, 0] no ball position cache.
7 [4301, 0] Interecet Self cache is empty!
SPICA325 coach: [4501, 0] updated clang capacity.
CYRUS_VANILLA coach: [4501, 0] updated clang capacity.
SPICA325 coach: [4801, 0] updated clang capacity.
CYRUS_VANILLA coach: [4801, 0] updated clang capacity.
SPICA325 coach: [5101, 0] updated clang capacity.
CYRUS_VANILLA coach: [5101, 0] updated clang capacity.
CYRUS_VANILLA 9: [5348, 0] lost kick by foul at [5348, 0] sense=176 internal=177
SPICA325 coach: [5401, 0] updated clang capacity.
CYRUS_VANILLA coach: [5401, 0] updated clang capacity.
SPICA325 8: [5507, 0]  WARNING. no turn_neck.
SPICA325 8: [5508, 0]  WARNING. no turn_neck.
SPICA325 8: [5509, 0]  WARNING. no turn_neck.
SPICA325 7: [5610, 0] lost kick by foul at [5610, 0] sense=69 internal=70
CYRUS_VANILLA coach: [5701, 0] updated clang capacity.
SPICA325 coach: [5701, 0] updated clang capacity.
CYRUS_VANILLA 1: finished.
CYRUS_VANILLA 8: finished.
SPICA325 10: finished.
SPICA325 8: finished.
SPICA325 coach: [6000, 0] new freeform allowed 256
SPICA325 coach: finished.
CYRUS_VANILLA coach: [6000, 0] new freeform allowed 256
CYRUS_VANILLA coach: finished.
SPICA325 7: finished.
CYRUS_VANILLA 10: finished.
SPICA325 4: finished.
SPICA325 2: finished.
CYRUS_VANILLA 3: finished.
SPICA325 9: finished.
CYRUS_VANILLA 6: finished.
CYRUS_VANILLA 4: finished.
SPICA325 3: finished.
SPICA325 6: finished.
SPICA325 11: finished.
CYRUS_VANILLA 5: finished.
CYRUS_VANILLA 9: finished.
CYRUS_VANILLA 7: finished.
CYRUS_VANILLA 2: finished.
SPICA325 1: finished.
SPICA325 5: finished.
CYRUS_VANILLA 11: finished.
Waiting after end of match
A player disconnected : (SPICA325 10)
A player disconnected : (CYRUS_VANILLA 8)
A player disconnected : (SPICA325 8)
A player disconnected : (CYRUS_VANILLA 1)
An online coach disconnected : (SPICA325)
An online coach disconnected : (CYRUS_VANILLA)
A player disconnected : (SPICA325 7)
A player disconnected : (SPICA325 4)
A player disconnected : (CYRUS_VANILLA 11)
A player disconnected : (CYRUS_VANILLA 10)
A player disconnected : (SPICA325 2)
A player disconnected : (CYRUS_VANILLA 3)
A player disconnected : (SPICA325 9)
A player disconnected : (SPICA325 1)
A player disconnected : (CYRUS_VANILLA 6)
A player disconnected : (SPICA325 11)
A player disconnected : (SPICA325 5)
A player disconnected : (CYRUS_VANILLA 9)
A player disconnected : (SPICA325 3)
A player disconnected : (CYRUS_VANILLA 7)
A player disconnected : (SPICA325 6)
A player disconnected : (CYRUS_VANILLA 5)
A player disconnected : (CYRUS_VANILLA 2)
A player disconnected : (CYRUS_VANILLA 4)
Killing 18014
Killing 18027

Game Over. Exiting...

Saving Results:
	CSVSaver: saving...
	CSVSaver: ...disabled
	STDOutSaver: saving...

Game Results:
	2026-06-27 08:58:05
	'SPICA325' vs 'CYRUS_VANILLA'
	Score: 0 - 1
 
	STDOutSaver: ...saved

Saving Results Complete
