rcssserver-19.0.0

Copyright (C) 1995, 1996, 1997, 1998, 1999 Electrotechnical Laboratory.
2000 - RoboCup Soccer Simulator Maintenance Group.

Simulator Random Seed: 1782552695
CSVSaver: Ready
STDOutSaver: Ready
Using simulator's random seed as Hetero Player Seed: 1782552695
******************************************************************
 HELIOS base
 Created by Hidehisa Akiyama and Hiroki Shimora
 Copyright 2000-2007.  Hidehisa Akiyama
 Copyright 2007-2011.  Hidehisa Akiyama and Hiroki Shimora
 All rights reserved.
******************************************************************
PING localhost (127.0.0.1) 56(84) bytes of data.
64 bytes from localhost (127.0.0.1): icmp_seq=1 ttl=64 time=0.036 ms

--- localhost ping statistics ---
1 packets transmitted, 1 received, 0% packet loss, time 0ms
rtt min/avg/max/mdev = 0.036/0.036/0.036/0.000 ms
******************************************************************
 librcsc 
 Copyright 2000 - 2007. Hidehisa Akiyama.
 Copyright 2007 - 2011. Hidehisa Akiyama and Hiroki Shimora
 Copyright 2011 -  Hidehisa Akiyama, Hiroki Shimora
   Takuya Fukushima (2019-)
 All rights reserved.
******************************************************************
*****************************************************************
 This program is based on agent2d created by Hidehisa Akiyama.
 Copyright 2006 - 2011. Hidehisa Akiyama and Hiroki Shimora.
 All rights reserved.
*****************************************************************
SPICA325: init ok.  unum: 1 side: l
SPICA325 1: [-1, 0] (v18+) force synch see mode.
wind factor: rand: 0.000000, vector: (0.000000, 0.000000)

Hit CTRL-C to exit
Starting "/bin/sh -c scripts/team_launchers/spica325_left.sh"
Waiting for players to connect
A new (v18) player (SPICA325 1) connected.
******************************************************************
 HELIOS base
 Created by Hidehisa Akiyama and Hiroki Shimora
 Copyright 2000-2007.  Hidehisa Akiyama
 Copyright 2007-2011.  Hidehisa Akiyama and Hiroki Shimora
 All rights reserved.
******************************************************************
PING localhost (127.0.0.1) 56(84) bytes of data.
64 bytes from localhost (127.0.0.1): icmp_seq=1 ttl=64 time=0.026 ms

--- localhost ping statistics ---
1 packets transmitted, 1 received, 0% packet loss, time 0ms
rtt min/avg/max/mdev = 0.026/0.026/0.026/0.000 ms
******************************************************************
 librcsc 
 Copyright 2000 - 2007. Hidehisa Akiyama.
 Copyright 2007 - 2011. Hidehisa Akiyama and Hiroki Shimora
 Copyright 2011 -  Hidehisa Akiyama, Hiroki Shimora
   Takuya Fukushima (2019-)
 All rights reserved.
******************************************************************
SPICA325 1:  KickTable created.
SPICA325 1: [-1, 0] set synch see mode.
*****************************************************************
 This program is based on agent2d created by Hidehisa Akiyama.
 Copyright 2006 - 2011. Hidehisa Akiyama and Hiroki Shimora.
 All rights reserved.
*****************************************************************
CYRUS_VANILLA: init ok.  unum: 1 side: r
CYRUS_VANILLA 1: [-1, 0] (v18+) force synch see mode.
Starting "/bin/sh -c scripts/team_launchers/cyrus_vanilla_right.sh"
A new (v18) player (CYRUS_VANILLA 1) connected.
CYRUS_VANILLA 1:  KickTable created.
CYRUS_VANILLA 1: [-1, 0] set synch see mode.
Read Setting: ./data/settings/Other.json
Read Setting: ./data/settings/Other.json
******************************************************************
 librcsc 
 Copyright 2000 - 2007. Hidehisa Akiyama.
 Copyright 2007 - 2011. Hidehisa Akiyama and Hiroki Shimora
 Copyright 2011 -  Hidehisa Akiyama, Hiroki Shimora
   Takuya Fukushima (2019-)
 All rights reserved.
******************************************************************
******************************************************************
 librcsc 
 Copyright 2000 - 2007. Hidehisa Akiyama.
 Copyright 2007 - 2011. Hidehisa Akiyama and Hiroki Shimora
 Copyright 2011 -  Hidehisa Akiyama, Hiroki Shimora
   Takuya Fukushima (2019-)
 All rights reserved.
******************************************************************
******************************************************************
 librcsc 
 Copyright 2000 - 2007. Hidehisa Akiyama.
 Copyright 2007 - 2011. Hidehisa Akiyama and Hiroki Shimora
 Copyright 2011 -  Hidehisa Akiyama, Hiroki Shimora
   Takuya Fukushima (2019-)
 All rights reserved.
******************************************************************
******************************************************************
 librcsc 
 Copyright 2000 - 2007. Hidehisa Akiyama.
 Copyright 2007 - 2011. Hidehisa Akiyama and Hiroki Shimora
 Copyright 2011 -  Hidehisa Akiyama, Hiroki Shimora
   Takuya Fukushima (2019-)
 All rights reserved.
******************************************************************
******************************************************************
 librcsc 
 Copyright 2000 - 2007. Hidehisa Akiyama.
 Copyright 2007 - 2011. Hidehisa Akiyama and Hiroki Shimora
 Copyright 2011 -  Hidehisa Akiyama, Hiroki Shimora
   Takuya Fukushima (2019-)
 All rights reserved.
******************************************************************
******************************************************************
 librcsc 
 Copyright 2000 - 2007. Hidehisa Akiyama.
 Copyright 2007 - 2011. Hidehisa Akiyama and Hiroki Shimora
 Copyright 2011 -  Hidehisa Akiyama, Hiroki Shimora
   Takuya Fukushima (2019-)
 All rights reserved.
******************************************************************
******************************************************************
 librcsc 
 Copyright 2000 - 2007. Hidehisa Akiyama.
 Copyright 2007 - 2011. Hidehisa Akiyama and Hiroki Shimora
 Copyright 2011 -  Hidehisa Akiyama, Hiroki Shimora
   Takuya Fukushima (2019-)
 All rights reserved.
******************************************************************
******************************************************************
 librcsc 
 Copyright 2000 - 2007. Hidehisa Akiyama.
 Copyright 2007 - 2011. Hidehisa Akiyama and Hiroki Shimora
 Copyright 2011 -  Hidehisa Akiyama, Hiroki Shimora
   Takuya Fukushima (2019-)
 All rights reserved.
******************************************************************
******************************************************************
 librcsc 
 Copyright 2000 - 2007. Hidehisa Akiyama.
 Copyright 2007 - 2011. Hidehisa Akiyama and Hiroki Shimora
 Copyright 2011 -  Hidehisa Akiyama, Hiroki Shimora
   Takuya Fukushima (2019-)
 All rights reserved.
******************************************************************
*****************************************************************
 This program is based on agent2d created by Hidehisa Akiyama.
 Copyright 2006 - 2011. Hidehisa Akiyama and Hiroki Shimora.
 All rights reserved.
*****************************************************************
******************************************************************
 librcsc 
 Copyright 2000 - 2007. Hidehisa Akiyama.
 Copyright 2007 - 2011. Hidehisa Akiyama and Hiroki Shimora
 Copyright 2011 -  Hidehisa Akiyama, Hiroki Shimora
   Takuya Fukushima (2019-)
 All rights reserved.
******************************************************************
*****************************************************************
 This program is based on agent2d created by Hidehisa Akiyama.
 Copyright 2006 - 2011. Hidehisa Akiyama and Hiroki Shimora.
 All rights reserved.
*****************************************************************
A new (v18) player (SPICA325 2) connected.
A new (v18) player (SPICA325 3) connected.
SPICA325SPICA325: init ok.  unum: : init ok.  unum: 3 side: 2l side: 
l
SPICA325SPICA325  32: : [[-1-1, , 00]] (v18+) force synch see mode. (v18+) force synch see mode.

******************************************************************
 librcsc 
 Copyright 2000 - 2007. Hidehisa Akiyama.
 Copyright 2007 - 2011. Hidehisa Akiyama and Hiroki Shimora
 Copyright 2011 -  Hidehisa Akiyama, Hiroki Shimora
   Takuya Fukushima (2019-)
 All rights reserved.
******************************************************************
*****************************************************************
 This program is based on agent2d created by Hidehisa Akiyama.
 Copyright 2006 - 2011. Hidehisa Akiyama and Hiroki Shimora.
 All rights reserved.
*****************************************************************
*****************************************************************
 This program is based on agent2d created by Hidehisa Akiyama.
 Copyright 2006 - 2011. Hidehisa Akiyama and Hiroki Shimora.
 All rights reserved.
*****************************************************************
*****************************************************************
 This program is based on agent2d created by Hidehisa Akiyama.
 Copyright 2006 - 2011. Hidehisa Akiyama and Hiroki Shimora.
 All rights reserved.
*****************************************************************
******************************************************************
 librcsc 
 Copyright 2000 - 2007. Hidehisa Akiyama.
 Copyright 2007 - 2011. Hidehisa Akiyama and Hiroki Shimora
 Copyright 2011 -  Hidehisa Akiyama, Hiroki Shimora
   Takuya Fukushima (2019-)
 All rights reserved.
******************************************************************
******************************************************************
 librcsc 
 Copyright 2000 - 2007. Hidehisa Akiyama.
 Copyright 2007 - 2011. Hidehisa Akiyama and Hiroki Shimora
 Copyright 2011 -  Hidehisa Akiyama, Hiroki Shimora
   Takuya Fukushima (2019-)
 All rights reserved.
******************************************************************
*****************************************************************
 This program is based on agent2d created by Hidehisa Akiyama.
 Copyright 2006 - 2011. Hidehisa Akiyama and Hiroki Shimora.
 All rights reserved.
*****************************************************************
A new (v18) player (SPICA325 4) connected.
SPICA325: init ok.  unum: 5 side: l
SPICA325 5: [-1, 0] (v18+) force synch see mode.
SPICA325: init ok.  unum: 4 side: l
SPICA325 4: [-1, 0] (v18+) force synch see mode.
*****************************************************************
 This program is based on agent2d created by Hidehisa Akiyama.
 Copyright 2006 - 2011. Hidehisa Akiyama and Hiroki Shimora.
 All rights reserved.
*****************************************************************
******************************************************************
 librcsc 
 Copyright 2000 - 2007. Hidehisa Akiyama.
 Copyright 2007 - 2011. Hidehisa Akiyama and Hiroki Shimora
 Copyright 2011 -  Hidehisa Akiyama, Hiroki Shimora
   Takuya Fukushima (2019-)
 All rights reserved.
******************************************************************
A new (v18) player (SPICA325 5) connected.
SPICA325 3:  KickTable created.
A new (v18) player (SPICA325 6) connected.
A new (v18) online coach (SPICA325) connected.
SPICA325 3: [-1, 0] set synch see mode.
SPICA325: init ok.  unum: 6 side: l
SPICA325 6: [-1, 0] (v18+) force synch see mode.
A new (v18) player (SPICA325 7) connected.
SPICA325 coach: [-1, 0] recv (ok eye on)
SPICA325: init ok.  unum: 7 side: l
SPICA325 7: [-1, 0] (v18+) force synch see mode.
******************************************************************
 librcsc 
 Copyright 2000 - 2007. Hidehisa Akiyama.
 Copyright 2007 - 2011. Hidehisa Akiyama and Hiroki Shimora
 Copyright 2011 -  Hidehisa Akiyama, Hiroki Shimora
   Takuya Fukushima (2019-)
 All rights reserved.
******************************************************************
SPICA325 2:  KickTable created.
SPICA325 2: [-1, 0] set synch see mode.
*****************************************************************
 This program is based on agent2d created by Hidehisa Akiyama.
 Copyright 2006 - 2011. Hidehisa Akiyama and Hiroki Shimora.
 All rights reserved.
*****************************************************************
******************************************************************
 librcsc 
 Copyright 2000 - 2007. Hidehisa Akiyama.
 Copyright 2007 - 2011. Hidehisa Akiyama and Hiroki Shimora
 Copyright 2011 -  Hidehisa Akiyama, Hiroki Shimora
   Takuya Fukushima (2019-)
 All rights reserved.
******************************************************************
******************************************************************
 librcsc 
 Copyright 2000 - 2007. Hidehisa Akiyama.
 Copyright 2007 - 2011. Hidehisa Akiyama and Hiroki Shimora
 Copyright 2011 -  Hidehisa Akiyama, Hiroki Shimora
   Takuya Fukushima (2019-)
 All rights reserved.
******************************************************************
*****************************************************************
 This program is based on agent2d created by Hidehisa Akiyama.
 Copyright 2006 - 2011. Hidehisa Akiyama and Hiroki Shimora.
 All rights reserved.
*****************************************************************
*****************************************************************
 This program is based on agent2d created by Hidehisa Akiyama.
 Copyright 2006 - 2011. Hidehisa Akiyama and Hiroki Shimora.
 All rights reserved.
*****************************************************************
******************************************************************
 librcsc 
 Copyright 2000 - 2007. Hidehisa Akiyama.
 Copyright 2007 - 2011. Hidehisa Akiyama and Hiroki Shimora
 Copyright 2011 -  Hidehisa Akiyama, Hiroki Shimora
   Takuya Fukushima (2019-)
 All rights reserved.
******************************************************************
******************************************************************
 librcsc 
 Copyright 2000 - 2007. Hidehisa Akiyama.
 Copyright 2007 - 2011. Hidehisa Akiyama and Hiroki Shimora
 Copyright 2011 -  Hidehisa Akiyama, Hiroki Shimora
   Takuya Fukushima (2019-)
 All rights reserved.
******************************************************************
Read Setting: ./data/settings/Other.json
SPICA325: init ok.  unum: 8 side: l
SPICA325 8: [-1, 0] (v18+) force synch see mode.
A new (v18) player (SPICA325 8) connected.
SPICA325: init ok.  unum: 9 side: l
SPICA325 9: [-1, 0] (v18+) force synch see mode.
A new (v18) player (SPICA325 9) connected.
A new (v18) player (SPICA325 10) connected.
Read Setting: ./data/settings/Other.json
SPICA325 5:  KickTable created.
SPICA325 5: [-1, 0] set synch see mode.
SPICA325: init ok.  unum: 10 side: l
SPICA325 10: [-1, 0] (v18+) force synch see mode.
******************************************************************
 librcsc 
 Copyright 2000 - 2007. Hidehisa Akiyama.
 Copyright 2007 - 2011. Hidehisa Akiyama and Hiroki Shimora
 Copyright 2011 -  Hidehisa Akiyama, Hiroki Shimora
   Takuya Fukushima (2019-)
 All rights reserved.
******************************************************************
******************************************************************
 librcsc 
 Copyright 2000 - 2007. Hidehisa Akiyama.
 Copyright 2007 - 2011. Hidehisa Akiyama and Hiroki Shimora
 Copyright 2011 -  Hidehisa Akiyama, Hiroki Shimora
   Takuya Fukushima (2019-)
 All rights reserved.
******************************************************************
*****************************************************************
 This program is based on agent2d created by Hidehisa Akiyama.
 Copyright 2006 - 2011. Hidehisa Akiyama and Hiroki Shimora.
 All rights reserved.
*****************************************************************
A new (v18) player (CYRUS_VANILLA 2) connected.
CYRUS_VANILLA: init ok.  unum: 2 side: r
CYRUS_VANILLA 2: [-1, 0] (v18+) force synch see mode.
SPICA325 4:  KickTable created.
SPICA325 6:  KickTable created.
SPICA325 4: [-1, 0] set synch see mode.
*****************************************************************
 This program is based on agent2d created by Hidehisa Akiyama.
 Copyright 2006 - 2011. Hidehisa Akiyama and Hiroki Shimora.
 All rights reserved.
*****************************************************************
A new (v18) player (SPICA325 11) connected.
SPICA325 6: [-1, 0] set synch see mode.
******************************************************************
 librcsc 
 Copyright 2000 - 2007. Hidehisa Akiyama.
 Copyright 2007 - 2011. Hidehisa Akiyama and Hiroki Shimora
 Copyright 2011 -  Hidehisa Akiyama, Hiroki Shimora
   Takuya Fukushima (2019-)
 All rights reserved.
******************************************************************
*****************************************************************
 This program is based on agent2d created by Hidehisa Akiyama.
 Copyright 2006 - 2011. Hidehisa Akiyama and Hiroki Shimora.
 All rights reserved.
*****************************************************************
SPICA325: init ok.  unum: 11 side: l
SPICA325 11: [-1, 0] (v18+) force synch see mode.
*****************************************************************
 This program is based on agent2d created by Hidehisa Akiyama.
 Copyright 2006 - 2011. Hidehisa Akiyama and Hiroki Shimora.
 All rights reserved.
*****************************************************************
SPICA325 7:  KickTable created.
A new (v18) online coach (CYRUS_VANILLA) connected.
SPICA325 7: [-1, 0] set synch see mode.
*****************************************************************
 This program is based on agent2d created by Hidehisa Akiyama.
 Copyright 2006 - 2011. Hidehisa Akiyama and Hiroki Shimora.
 All rights reserved.
*****************************************************************
*****************************************************************
 This program is based on agent2d created by Hidehisa Akiyama.
 Copyright 2006 - 2011. Hidehisa Akiyama and Hiroki Shimora.
 All rights reserved.
*****************************************************************
*****************************************************************
 This program is based on agent2d created by Hidehisa Akiyama.
 Copyright 2006 - 2011. Hidehisa Akiyama and Hiroki Shimora.
 All rights reserved.
*****************************************************************
SPICA325 9:  KickTable created.
*****************************************************************
 This program is based on agent2d created by Hidehisa Akiyama.
 Copyright 2006 - 2011. Hidehisa Akiyama and Hiroki Shimora.
 All rights reserved.
*****************************************************************
SPICA325 9: [-1, 0] set synch see mode.
SPICA325 11:  KickTable created.
Read Setting: ./data/settings/Other.json
Read Setting: ./data/settings/Other.json
Read Setting: ./data/settings/Other.json
SPICA325 11: [-1, 0] set synch see mode.
Read Setting: ./data/settings/Other.json
CYRUS_VANILLA: init ok.  unum: 3 side: r
CYRUS_VANILLA 3: [-1, 0] (v18+) force synch see mode.
SPICA325 10:  KickTable created.
CYRUS_VANILLA coach: [0, 0] updated clang capacity.
SPICA325 10: [-1, 0] set synch see mode.
A new (v18) player (CYRUS_VANILLA 3) connected.
A new (v18) player (CYRUS_VANILLA 4) connected.
CYRUS_VANILLA: init ok.  unum: 5 side: r
CYRUS_VANILLA 5: [-1, 0] (v18+) force synch see mode.
SPICA325 8:  KickTable created.
SPICA325 8: [-1, 0] set synch see mode.
*****************************************************************
 This program is based on agent2d created by Hidehisa Akiyama.
 Copyright 2006 - 2011. Hidehisa Akiyama and Hiroki Shimora.
 All rights reserved.
*****************************************************************
A new (v18) player (CYRUS_VANILLA 5) connected.
CYRUS_VANILLA: init ok.  unum: 6 side: r
CYRUS_VANILLA 6: [-1, 0] (v18+) force synch see mode.
A new (v18) player (CYRUS_VANILLA 6) connected.
A new (v18) player (CYRUS_VANILLA 7) connected.
CYRUS_VANILLA: init ok.  unum: 8 side: CYRUS_VANILLAr
: init ok.  unum: 7 side: r
CYRUS_VANILLA 8: CYRUS_VANILLA[ 7-1: , [0]-1 (v18+) force synch see mode., 
0] (v18+) force synch see mode.
*****************************************************************
 This program is based on agent2d created by Hidehisa Akiyama.
 Copyright 2006 - 2011. Hidehisa Akiyama and Hiroki Shimora.
 All rights reserved.
*****************************************************************
CYRUS_VANILLA: init ok.  unum: 4 side: r
CYRUS_VANILLA 4: [-1, 0] (v18+) force synch see mode.
A new (v18) player (CYRUS_VANILLA 8) connected.
CYRUS_VANILLA: init ok.  unum: 9 side: r
CYRUS_VANILLA 9: [-1, 0] (v18+) force synch see mode.
A new (v18) player (CYRUS_VANILLA 9) connected.
CYRUS_VANILLA 2:  KickTable created.
CYRUS_VANILLA 2: [-1, 0] set synch see mode.
*****************************************************************
 This program is based on agent2d created by Hidehisa Akiyama.
 Copyright 2006 - 2011. Hidehisa Akiyama and Hiroki Shimora.
 All rights reserved.
*****************************************************************
CYRUS_VANILLA coach: [0, 0] recv (ok eye on)
A new (v18) player (CYRUS_VANILLA 10) connected.
CYRUS_VANILLA: init ok.  unum: 10 side: r
CYRUS_VANILLA 10: [-1, 0] (v18+) force synch see mode.
*****************************************************************
 This program is based on agent2d created by Hidehisa Akiyama.
 Copyright 2006 - 2011. Hidehisa Akiyama and Hiroki Shimora.
 All rights reserved.
*****************************************************************
CYRUS_VANILLA 6:  KickTable created.
CYRUS_VANILLA 6: [-1, 0] set synch see mode.
CYRUS_VANILLA 3:  KickTable created.
CYRUS_VANILLA 3: [-1, 0] set synch see mode.
CYRUS_VANILLA 9:  KickTable created.
CYRUS_VANILLA 9: [-1, 0] set synch see mode.
CYRUS_VANILLA 5:  KickTable created.
CYRUS_VANILLA 5: [-1, 0] set synch see mode.
CYRUS_VANILLA 7:  KickTable created.
CYRUS_VANILLA 7: [-1, 0] set synch see mode.
Read Setting: ./data/settings/Other.json
Read Setting: ./data/settings/Other.json
Read Setting: ./data/settings/Other.json
Read Setting: ./data/settings/Other.json
CYRUS_VANILLA 4:  KickTable created.
CYRUS_VANILLA: init ok.  unum: 11 side: r
CYRUS_VANILLA 11: [-1, 0] (v18+) force synch see mode.
A new (v18) player (CYRUS_VANILLA 11) connected.
CYRUS_VANILLA 4: [-1, 0] set synch see mode.
CYRUS_VANILLA 10:  KickTable created.
CYRUS_VANILLA 10: [-1, 0] set synch see mode.
CYRUS_VANILLA 8:  KickTable created.
CYRUS_VANILLA 8: [-1, 0] set synch see mode.
CYRUS_VANILLA 11:  KickTable created.
CYRUS_VANILLA 11: [-1, 0] set synch see mode.
id speed step inc  power  stam  karea
 0 1.000   6  45.0 100.0  55.0  1.085
 1 0.923   6  46.9 100.0  53.1  1.044
 2 0.798   5  48.0 100.0  52.0  1.038
 3 1.014   6  47.9 100.0  52.1  1.124
 4 0.890   6  48.3 100.0  51.7  0.989
 5 0.824   5  47.1 100.0  52.9  1.055
 6 0.868   5  43.0 100.0  57.0  1.024
 7 0.758   5  49.2 100.0  50.8  1.053
 8 0.896   5  44.1 100.0  55.9  1.027
 9 0.987   7  48.9 100.0  51.1  1.130
 10 0.839   6  46.4 100.0  53.6  1.164
 11 0.790   6  48.1 100.0  51.9  1.104
 12 0.806   5  46.2 100.0  53.8  1.011
 13 0.987   6  47.4 100.0  52.6  1.071
 14 0.953   7  46.1 100.0  53.9  1.088
 15 0.763   4  42.9 100.0  57.1  1.073
 16 0.978   5  41.2 100.0  58.8  1.168
 17 0.924   5  42.5 100.0  57.5  1.167
$$$$$$$$$$$$$$$$$$$$$$$$isother
SPICA325 coach: change player 1 to type 0
SPICA325 coach: change player 9 to type 3
SPICA325 coach: change player 2 to type 16
SPICA325 coach: change player 11 to type 13
SPICA325 coach: change player 4 to type 9
SPICA325 coach: change player 10 to type 14
SPICA325 coach: change player 3 to type 17
SPICA325 coach: change player 5 to type 1
SPICA325 coach: change player 7 to type 8
SPICA325 coach: change player 8 to type 4
SPICA325 coach: change player 6 to type 6
Read Setting: ./data/settings/Other.json
id speed step inc  power  stam  karea
 0 1.000   6  45.0 100.0  55.0  1.085
 1 0.923   6  46.9 100.0  53.1  1.044
 2 0.798   5  48.0 100.0  52.0  1.038
 3 1.014   6  47.9 100.0  52.1  1.124
 4 0.890   6  48.3 100.0  51.7  0.989
 5 0.824   5  47.1 100.0  52.9  1.055
 6 0.868   5  43.0 100.0  57.0  1.024
 7 0.758   5  49.2 100.0  50.8  1.053
 8 0.896   5  44.1 100.0  55.9  1.027
 9 0.987   7  48.9 100.0  51.1  1.130
 10 0.839   6  46.4 100.0  53.6  1.164
 11 0.790   6  48.1 100.0  51.9  1.104
 12 0.806   5  46.2 100.0  53.8  1.011
 13 0.987   6  47.4 100.0  52.6  1.071
 14 0.953   7  46.1 100.0  53.9  1.088
 15 0.763   4  42.9 100.0  57.1  1.073
 16 0.978   5  41.2 100.0  58.8  1.168
 17 0.924   5  42.5 100.0  57.5  1.167
$$$$$$$$$$$$$$$$$$$$$$$$isother
CYRUS_VANILLA coach: change player 1 to type 0
CYRUS_VANILLA coach: change player 9 to type 3
CYRUS_VANILLA coach: change player 2 to type 16
CYRUS_VANILLA coach: change player 11 to type 13
CYRUS_VANILLA coach: change player 4 to type 9
CYRUS_VANILLA coach: change player 10 to type 14
CYRUS_VANILLA coach: change player 3 to type 17
CYRUS_VANILLA coach: change player 5 to type 1
CYRUS_VANILLA coach: change player 7 to type 8
CYRUS_VANILLA coach: change player 8 to type 4
CYRUS_VANILLA coach: change player 6 to type 6
Read Setting: ./data/settings/Other.json
Read Setting: ./data/settings/Other.json
Read Setting: ./data/settings/Other.json
Read Setting: ./data/settings/Other.json
Read Setting: ./data/settings/Other.json
Read Setting: ./data/settings/Other.json
Read Setting: ./data/settings/Other.json
Read Setting: ./data/settings/Other.json
Read Setting: ./data/settings/Other.json
Waiting to kick off
Kick_off_left
SPICA325 coach: [94, 0] no player type for opponent 3. restart analysis.
SPICA325 coach: [95, 0] no player type for opponent 3. restart analysis.
CYRUS_VANILLA coach: [96, 0] no player type for opponent 9. restart analysis.
SPICA325 coach: [96, 0] no player type for opponent 10. restart analysis.
SPICA325 coach: [96, 0] no player type for opponent 2. restart analysis.
SPICA325 coach: [96, 0] no player type for opponent 11. restart analysis.
SPICA325 coach: [97, 0] no player type for opponent 11. restart analysis.
SPICA325 coach: [97, 0] no player type for opponent 7. restart analysis.
SPICA325 coach: [98, 0] no player type for opponent 8. restart analysis.
SPICA325 coach: [98, 0] no player type for opponent 7. restart analysis.
SPICA325 coach: [99, 0] no player type for opponent 8. restart analysis.
SPICA325 coach: [99, 0] no player type for opponent 10. restart analysis.
SPICA325 coach: [99, 0] no player type for opponent 9. restart analysis.
SPICA325 coach: [99, 0] no player type for opponent 7. restart analysis.
SPICA325 coach: [99, 0] no player type for opponent 3. restart analysis.
CYRUS_VANILLA coach: [100, 0] no player type for opponent 10. restart analysis.
CYRUS_VANILLA coach: [100, 0] no player type for opponent 8. restart analysis.
SPICA325 coach: [101, 0] no player type for opponent 2. restart analysis.
SPICA325 coach: [102, 0] no player type for opponent 11. restart analysis.
SPICA325 coach: [102, 0] no player type for opponent 9. restart analysis.
SPICA325 coach: [103, 0] no player type for opponent 7. restart analysis.
CYRUS_VANILLA coach: [103, 0] no player type for opponent 8. restart analysis.
SPICA325 coach: [104, 0] no player type for opponent 8. restart analysis.
SPICA325 coach: [105, 0] no player type for opponent 4. restart analysis.
SPICA325 coach: [105, 0] determined opponent 2 type = 16
SPICA325 coach: [106, 0] no player type for opponent 4. restart analysis.
SPICA325 coach: [106, 0] no player type for opponent 8. restart analysis.
SPICA325 coach: [106, 0] no player type for opponent 11. restart analysis.
SPICA325 coach: [107, 0] no player type for opponent 8. restart analysis.
CYRUS_VANILLA coach: [107, 0] no player type for opponent 3. restart analysis.
CYRUS_VANILLA coach: [107, 0] no player type for opponent 10. restart analysis.
CYRUS_VANILLA coach: [108, 0] no player type for opponent 10. restart analysis.
SPICA325 coach: [108, 0] no player type for opponent 8. restart analysis.
SPICA325 coach: [108, 0] no player type for opponent 6. restart analysis.
SPICA325 coach: [109, 0] no player type for opponent 11. restart analysis.
SPICA325 coach: [109, 0] determined opponent 1 type = 0
SPICA325 coach: [109, 0] no player type for opponent 3. restart analysis.
CYRUS_VANILLA coach: [109, 0] no player type for opponent 9. restart analysis.
CYRUS_VANILLA coach: [109, 0] no player type for opponent 5. restart analysis.
CYRUS_VANILLA coach: [110, 0] no player type for opponent 5. restart analysis.
CYRUS_VANILLA coach: [110, 0] no player type for opponent 2. restart analysis.
SPICA325 coach: [110, 0] no player type for opponent 8. restart analysis.
SPICA325 coach: [110, 0] no player type for opponent 6. restart analysis.
SPICA325 coach: [110, 0] no player type for opponent 11. restart analysis.
SPICA325 coach: [110, 0] no player type for opponent 9. restart analysis.
CYRUS_VANILLA coach: [111, 0] no player type for opponent 5. restart analysis.
SPICA325 coach: [111, 0] no player type for opponent 4. restart analysis.
SPICA325 coach: [111, 0] no player type for opponent 8. restart analysis.
SPICA325 coach: [112, 0] no player type for opponent 8. restart analysis.
SPICA325 coach: [112, 0] no player type for opponent 11. restart analysis.
CYRUS_VANILLA coach: [112, 0] no player type for opponent 2. restart analysis.
SPICA325 coach: [113, 0] no player type for opponent 8. restart analysis.
CYRUS_VANILLA coach: [113, 0] no player type for opponent 10. restart analysis.
CYRUS_VANILLA coach: [113, 0] no player type for opponent 6. restart analysis.
CYRUS_VANILLA coach: [113, 0] no player type for opponent 2. restart analysis.
SPICA325 coach: [114, 0] no player type for opponent 6. restart analysis.
SPICA325 coach: [114, 0] no player type for opponent 9. restart analysis.
SPICA325 coach: [114, 0] no player type for opponent 8. restart analysis.
CYRUS_VANILLA coach: [114, 0] no player type for opponent 8. restart analysis.
SPICA325 coach: [115, 0] no player type for opponent 10. restart analysis.
CYRUS_VANILLA coach: [116, 0] no player type for opponent 6. restart analysis.
SPICA325 coach: [116, 0] no player type for opponent 11. restart analysis.
SPICA325 coach: [117, 0] no player type for opponent 10. restart analysis.
SPICA325 coach: [117, 0] no player type for opponent 11. restart analysis.
SPICA325 coach: [118, 0] no player type for opponent 10. restart analysis.
CYRUS_VANILLA coach: [119, 0] determined opponent 10 type = 14
CYRUS_VANILLA coach: [119, 0] no player type for opponent 6. restart analysis.
SPICA325 coach: [120, 0] no player type for opponent 10. restart analysis.
SPICA325 coach: [120, 0] no player type for opponent 11. restart analysis.
CYRUS_VANILLA coach: [121, 0] no player type for opponent 3. restart analysis.
SPICA325 coach: [122, 0] no player type for opponent 8. restart analysis.
SPICA325 coach: [122, 0] no player type for opponent 10. restart analysis.
CYRUS_VANILLA coach: [122, 0] no player type for opponent 6. restart analysis.
SPICA325 coach: [123, 0] no player type for opponent 4. restart analysis.
SPICA325 coach: [123, 0] no player type for opponent 10. restart analysis.
SPICA325 coach: [123, 0] no player type for opponent 7. restart analysis.
CYRUS_VANILLA coach: [123, 0] no player type for opponent 7. restart analysis.
SPICA325 coach: [124, 0] no player type for opponent 10. restart analysis.
SPICA325 coach: [124, 0] no player type for opponent 6. restart analysis.
SPICA325 coach: [125, 0] no player type for opponent 4. restart analysis.
CYRUS_VANILLA coach: [125, 0] no player type for opponent 7. restart analysis.
CYRUS_VANILLA coach: [125, 0] no player type for opponent 6. restart analysis.
SPICA325 coach: [126, 0] no player type for opponent 4. restart analysis.
SPICA325 coach: [126, 0] no player type for opponent 7. restart analysis.
SPICA325 coach: [127, 0] no player type for opponent 4. restart analysis.
SPICA325 coach: [127, 0] no player type for opponent 8. restart analysis.
SPICA325 coach: [127, 0] no player type for opponent 11. restart analysis.
SPICA325 coach: [127, 0] no player type for opponent 7. restart analysis.
CYRUS_VANILLA coach: [127, 0] no player type for opponent 7. restart analysis.
CYRUS_VANILLA coach: [127, 0] no player type for opponent 6. restart analysis.
CYRUS_VANILLA coach: [127, 0] no player type for opponent 5. restart analysis.
SPICA325 coach: [128, 0] no player type for opponent 7. restart analysis.
CYRUS_VANILLA coach: [128, 0] no player type for opponent 11. restart analysis.
CYRUS_VANILLA coach: [129, 0] no player type for opponent 6. restart analysis.
CYRUS_VANILLA coach: [129, 0] no player type for opponent 5. restart analysis.
CYRUS_VANILLA coach: [129, 0] no player type for opponent 3. restart analysis.
SPICA325 coach: [129, 0] no player type for opponent 11. restart analysis.
CYRUS_VANILLA coach: [130, 0] no player type for opponent 11. restart analysis.
SPICA325 coach: [131, 0] no player type for opponent 10. restart analysis.
CYRUS_VANILLA coach: [131, 0] no player type for opponent 9. restart analysis.
CYRUS_VANILLA coach: [132, 0] no player type for opponent 11. restart analysis.
SPICA325 coach: [133, 0] no player type for opponent 6. restart analysis.
SPICA325 coach: [134, 0] no player type for opponent 10. restart analysis.
SPICA325 coach: [134, 0] no player type for opponent 11. restart analysis.
CYRUS_VANILLA coach: [134, 0] no player type for opponent 11. restart analysis.
CYRUS_VANILLA coach: [134, 0] no player type for opponent 5. restart analysis.
SPICA325 coach: [135, 0] no player type for opponent 6. restart analysis.
CYRUS_VANILLA coach: [135, 0] no player type for opponent 5. restart analysis.
SPICA325 coach: [136, 0] no player type for opponent 10. restart analysis.
SPICA325 coach: [136, 0] determined opponent 3 type = 17
CYRUS_VANILLA coach: [136, 0] no player type for opponent 5. restart analysis.
CYRUS_VANILLA coach: [136, 0] no player type for opponent 8. restart analysis.
SPICA325 coach: [137, 0] no player type for opponent 6. restart analysis.
SPICA325 coach: [137, 0] no player type for opponent 11. restart analysis.
SPICA325 coach: [139, 0] no player type for opponent 10. restart analysis.
SPICA325 coach: [139, 0] determined opponent 5 type = 1
CYRUS_VANILLA coach: [139, 0] no player type for opponent 8. restart analysis.
CYRUS_VANILLA coach: [140, 0] no player type for opponent 8. restart analysis.
CYRUS_VANILLA coach: [142, 0] determined opponent 7 type = 8
CYRUS_VANILLA coach: [142, 0] no player type for opponent 9. restart analysis.
SPICA325 coach: [143, 0] no player type for opponent 6. restart analysis.
SPICA325 coach: [143, 0] no player type for opponent 4. restart analysis.
CYRUS_VANILLA coach: [143, 0] determined opponent 2 type = 16
CYRUS_VANILLA coach: [144, 0] no player type for opponent 9. restart analysis.
SPICA325 coach: [144, 0] no player type for opponent 10. restart analysis.
SPICA325 coach: [145, 0] no player type for opponent 6. restart analysis.
CYRUS_VANILLA coach: [146, 0] no player type for opponent 9. restart analysis.
SPICA325 coach: [146, 0] no player type for opponent 11. restart analysis.
SPICA325 coach: [146, 0] determined opponent 9 type = 3
SPICA325 coach: [146, 0] no player type for opponent 7. restart analysis.
CYRUS_VANILLA coach: [148, 0] no player type for opponent 8. restart analysis.
SPICA325 coach: [148, 0] no player type for opponent 10. restart analysis.
SPICA325 coach: [148, 0] no player type for opponent 6. restart analysis.
SPICA325 coach: [149, 0] no player type for opponent 11. restart analysis.
SPICA325 coach: [150, 0] determined opponent 10 type = 14
SPICA325 coach: [150, 0] determined opponent 4 type = 9
SPICA325 coach: [150, 0] no player type for opponent 8. restart analysis.
CYRUS_VANILLA coach: [150, 0] determined opponent 5 type = 1
CYRUS_VANILLA coach: [153, 0] no player type for opponent 11. restart analysis.
CYRUS_VANILLA coach: [153, 0] no player type for opponent 6. restart analysis.
SPICA325 coach: [155, 0] no player type for opponent 8. restart analysis.
CYRUS_VANILLA coach: [155, 0] no player type for opponent 6. restart analysis.
CYRUS_VANILLA coach: [155, 0] no player type for opponent 8. restart analysis.
CYRUS_VANILLA coach: [156, 0] no player type for opponent 6. restart analysis.
SPICA325 coach: [157, 0] no player type for opponent 8. restart analysis.
CYRUS_VANILLA coach: [157, 0] no player type for opponent 6. restart analysis.
CYRUS_VANILLA coach: [157, 0] determined opponent 11 type = 13
SPICA325 coach: [158, 0] no player type for opponent 7. restart analysis.
CYRUS_VANILLA coach: [158, 0] determined opponent 9 type = 3
CYRUS_VANILLA coach: [161, 0] no player type for opponent 8. restart analysis.
CYRUS_VANILLA coach: [163, 0] no player type for opponent 8. restart analysis.
SPICA325 coach: [163, 0] determined opponent 7 type = 8
CYRUS_VANILLA coach: [164, 0] no player type for opponent 8. restart analysis.
CYRUS_VANILLA coach: [165, 0] determined opponent 3 type = 17
SPICA325 coach: [166, 0] no player type for opponent 11. restart analysis.
CYRUS_VANILLA coach: [166, 0] no player type for opponent 8. restart analysis.
CYRUS_VANILLA coach: [166, 0] determined opponent 1 type = 0
SPICA325 coach: [167, 0] no player type for opponent 11. restart analysis.
SPICA325 coach: [169, 0] no player type for opponent 8. restart analysis.
CYRUS_VANILLA coach: [171, 0] determined opponent 6 type = 6
SPICA325 coach: [171, 0] no player type for opponent 11. restart analysis.
SPICA325 coach: [171, 0] no player type for opponent 8. restart analysis.
SPICA325 coach: [172, 0] no player type for opponent 11. restart analysis.
SPICA325 coach: [174, 0] no player type for opponent 6. restart analysis.
SPICA325 coach: [178, 0] no player type for opponent 11. restart analysis.
SPICA325 coach: [181, 0] no player type for opponent 11. restart analysis.
SPICA325 coach: [181, 0] no player type for opponent 6. restart analysis.
SPICA325 coach: [183, 0] no player type for opponent 8. restart analysis.
SPICA325 coach: [184, 0] no player type for opponent 11. restart analysis.
SPICA325 coach: [185, 0] no player type for opponent 8. restart analysis.
SPICA325 coach: [186, 0] no player type for opponent 8. restart analysis.
SPICA325 coach: [187, 0] no player type for opponent 11. restart analysis.
SPICA325 coach: [188, 0] no player type for opponent 11. restart analysis.
SPICA325 coach: [189, 0] no player type for opponent 6. restart analysis.
SPICA325 coach: [190, 0] no player type for opponent 6. restart analysis.
CYRUS_VANILLA coach: [194, 0] determined opponent 4 type = 9
CYRUS_VANILLA coach: [194, 0] determined opponent 8 type = 4
SPICA325 coach: [198, 0] no player type for opponent 11. restart analysis.
SPICA325 coach: [201, 0] no player type for opponent 6. restart analysis.
SPICA325 coach: [202, 0] no player type for opponent 11. restart analysis.
SPICA325 coach: [209, 0] no player type for opponent 8. restart analysis.
SPICA325 coach: [210, 0] no player type for opponent 8. restart analysis.
SPICA325 coach: [210, 0] no player type for opponent 6. restart analysis.
SPICA325 coach: [212, 0] no player type for opponent 6. restart analysis.
SPICA325 coach: [213, 0] no player type for opponent 8. restart analysis.
SPICA325 coach: [214, 0] no player type for opponent 8. restart analysis.
SPICA325 coach: [215, 0] no player type for opponent 6. restart analysis.
SPICA325 coach: [217, 0] no player type for opponent 6. restart analysis.
SPICA325 coach: [217, 0] no player type for opponent 11. restart analysis.
SPICA325 coach: [218, 0] no player type for opponent 6. restart analysis.
SPICA325 coach: [220, 0] no player type for opponent 11. restart analysis.
SPICA325 coach: [223, 0] no player type for opponent 11. restart analysis.
SPICA325 coach: [224, 0] no player type for opponent 6. restart analysis.
SPICA325 coach: [226, 0] no player type for opponent 6. restart analysis.
SPICA325 coach: [233, 0] no player type for opponent 6. restart analysis.
SPICA325 coach: [237, 0] no player type for opponent 6. restart analysis.
SPICA325 coach: [239, 0] no player type for opponent 6. restart analysis.
SPICA325 coach: [242, 0] no player type for opponent 8. restart analysis.
SPICA325 coach: [242, 0] no player type for opponent 11. restart analysis.
SPICA325 coach: [243, 0] no player type for opponent 8. restart analysis.
SPICA325 coach: [243, 0] no player type for opponent 11. restart analysis.
SPICA325 coach: [244, 0] no player type for opponent 8. restart analysis.
SPICA325 coach: [245, 0] no player type for opponent 6. restart analysis.
SPICA325 coach: [246, 0] no player type for opponent 11. restart analysis.
SPICA325 coach: [246, 0] no player type for opponent 6. restart analysis.
SPICA325 coach: [251, 0] no player type for opponent 11. restart analysis.
SPICA325 coach: [292, 0] no player type for opponent 8. restart analysis.
SPICA325 coach: [294, 0] no player type for opponent 8. restart analysis.
CYRUS_VANILLA coach: [301, 0] updated clang capacity.
SPICA325 coach: [301, 0] updated clang capacity.
SPICA325 coach: [302, 0] no player type for opponent 11. restart analysis.
SPICA325 coach: [306, 0] no player type for opponent 6. restart analysis.
SPICA325 coach: [308, 0] no player type for opponent 6. restart analysis.
SPICA325 coach: [308, 0] no player type for opponent 11. restart analysis.
SPICA325 coach: [309, 0] no player type for opponent 6. restart analysis.
SPICA325 coach: [309, 0] no player type for opponent 11. restart analysis.
SPICA325 coach: [310, 0] no player type for opponent 11. restart analysis.
SPICA325 coach: [311, 0] no player type for opponent 6. restart analysis.
SPICA325 coach: [326, 0] no player type for opponent 8. restart analysis.
SPICA325 coach: [327, 0] no player type for opponent 8. restart analysis.
SPICA325 coach: [329, 0] no player type for opponent 6. restart analysis.
layerSize: 3
SPICA325 coach: [333, 0] no player type for opponent 8. restart analysis.
SPICA325 coach: [334, 0] no player type for opponent 6. restart analysis.
SPICA325 coach: [334, 0] no player type for opponent 11. restart analysis.
SPICA325 coach: [335, 0] no player type for opponent 6. restart analysis.
SPICA325 coach: [335, 0] no player type for opponent 11. restart analysis.
SPICA325 coach: [338, 0] no player type for opponent 8. restart analysis.
SPICA325 coach: [338, 0] no player type for opponent 11. restart analysis.
SPICA325 coach: [339, 0] no player type for opponent 6. restart analysis.
SPICA325 coach: [340, 0] no player type for opponent 11. restart analysis.
SPICA325 coach: [341, 1] sent freeform (player_types (1 0)(2 16)(3 17)(4 9)(5 1)(6 -1)(7 8)(8 -1)(9 3)(10 14)(11 -1))
SPICA325 coach: [341, 1] freeform 1 / 128
CYRUS_VANILLA coach: [341, 1] sent freeform (player_types (1 0)(2 16)(3 17)(4 9)(5 1)(6 6)(7 8)(8 4)(9 3)(10 14)(11 13))
CYRUS_VANILLA coach: [341, 1] freeform 1 / 128
SPICA325 coach: [441, 0] no player type for opponent 8. restart analysis.
SPICA325 coach: [441, 0] no player type for opponent 6. restart analysis.
SPICA325 coach: [446, 0] determined opponent 6 type = 6
SPICA325 coach: [447, 0] no player type for opponent 8. restart analysis.
SPICA325 coach: [447, 0] no player type for opponent 11. restart analysis.
SPICA325 coach: [449, 0] no player type for opponent 8. restart analysis.
SPICA325 coach: [450, 0] no player type for opponent 8. restart analysis.
SPICA325 coach: [452, 0] no player type for opponent 11. restart analysis.
SPICA325 coach: [455, 0] no player type for opponent 11. restart analysis.
SPICA325 coach: [456, 0] no player type for opponent 11. restart analysis.
SPICA325 coach: [458, 0] no player type for opponent 8. restart analysis.
SPICA325 coach: [460, 0] no player type for opponent 11. restart analysis.
SPICA325 coach: [462, 0] no player type for opponent 8. restart analysis.
SPICA325 coach: [463, 0] no player type for opponent 8. restart analysis.
SPICA325 coach: [464, 0] no player type for opponent 11. restart analysis.
SPICA325 coach: [467, 0] no player type for opponent 11. restart analysis.
SPICA325 coach: [475, 0] no player type for opponent 8. restart analysis.
SPICA325 coach: [481, 0] no player type for opponent 8. restart analysis.
SPICA325 coach: [483, 0] no player type for opponent 8. restart analysis.
SPICA325 coach: [487, 0] no player type for opponent 8. restart analysis.
SPICA325 coach: [492, 0] no player type for opponent 11. restart analysis.
SPICA325 coach: [493, 0] no player type for opponent 8. restart analysis.
SPICA325 coach: [502, 0] no player type for opponent 11. restart analysis.
SPICA325 coach: [503, 0] no player type for opponent 8. restart analysis.
SPICA325 coach: [503, 0] no player type for opponent 11. restart analysis.
SPICA325 coach: [504, 0] no player type for opponent 11. restart analysis.
SPICA325 coach: [505, 0] no player type for opponent 11. restart analysis.
SPICA325 coach: [512, 0] no player type for opponent 11. restart analysis.
SPICA325 6: [517, 0] lost kick by foul at [517, 0] sense=8 internal=9
SPICA325 coach: [525, 0] no player type for opponent 11. restart analysis.
SPICA325 coach: [531, 0] no player type for opponent 8. restart analysis.
SPICA325 coach: [543, 0] no player type for opponent 11. restart analysis.
SPICA325 coach: [544, 0] no player type for opponent 11. restart analysis.
SPICA325 coach: [544, 0] no player type for opponent 8. restart analysis.
SPICA325 coach: [545, 0] no player type for opponent 8. restart analysis.
SPICA325 coach: [545, 0] no player type for opponent 11. restart analysis.
SPICA325 coach: [546, 0] no player type for opponent 11. restart analysis.
SPICA325 coach: [550, 0] no player type for opponent 8. restart analysis.
SPICA325 coach: [551, 0] no player type for opponent 8. restart analysis.
SPICA325 coach: [552, 0] determined opponent 11 type = 13
SPICA325 coach: [570, 0] no player type for opponent 8. restart analysis.
SPICA325 coach: [571, 0] no player type for opponent 8. restart analysis.
SPICA325 coach: [576, 0] no player type for opponent 8. restart analysis.
SPICA325 coach: [587, 0] no player type for opponent 8. restart analysis.
SPICA325 coach: [589, 0] no player type for opponent 8. restart analysis.
SPICA325 coach: [590, 0] no player type for opponent 8. restart analysis.
SPICA325 coach: [594, 0] no player type for opponent 8. restart analysis.
SPICA325 coach: [599, 0] no player type for opponent 8. restart analysis.
CYRUS_VANILLA coach: [601, 0] updated clang capacity.
SPICA325 coach: [601, 0] updated clang capacity.
SPICA325 coach: [605, 0] no player type for opponent 8. restart analysis.
SPICA325 coach: [606, 0] no player type for opponent 8. restart analysis.
SPICA325 coach: [608, 0] no player type for opponent 8. restart analysis.
SPICA325 coach: [614, 0] no player type for opponent 8. restart analysis.
SPICA325 coach: [632, 0] no player type for opponent 8. restart analysis.
SPICA325 coach: [635, 0] no player type for opponent 8. restart analysis.
SPICA325 coach: [639, 0] no player type for opponent 8. restart analysis.
SPICA325 coach: [660, 0] no player type for opponent 8. restart analysis.
SPICA325 coach: [735, 0] no player type for opponent 8. restart analysis.
SPICA325 coach: [736, 0] no player type for opponent 8. restart analysis.
SPICA325 coach: [749, 0] no player type for opponent 8. restart analysis.
layerSize: 3
SPICA325 coach: [763, 0] no player type for opponent 8. restart analysis.
SPICA325 coach: [791, 0] no player type for opponent 8. restart analysis.
SPICA325 coach: [796, 0] no player type for opponent 8. restart analysis.
SPICA325 coach: [798, 0] no player type for opponent 8. restart analysis.
SPICA325 coach: [804, 0] no player type for opponent 8. restart analysis.
SPICA325 coach: [807, 0] no player type for opponent 8. restart analysis.
SPICA325 coach: [819, 0] no player type for opponent 8. restart analysis.
SPICA325 coach: [820, 0] no player type for opponent 8. restart analysis.
SPICA325 coach: [821, 0] no player type for opponent 8. restart analysis.
SPICA325 coach: [856, 0] no player type for opponent 8. restart analysis.
SPICA325 coach: [859, 0] no player type for opponent 8. restart analysis.
SPICA325 coach: [861, 0] no player type for opponent 8. restart analysis.
SPICA325 coach: [863, 0] no player type for opponent 8. restart analysis.
SPICA325 coach: [868, 0] no player type for opponent 8. restart analysis.
SPICA325 coach: [873, 0] no player type for opponent 8. restart analysis.
SPICA325 coach: [874, 0] no player type for opponent 8. restart analysis.
SPICA325 coach: [876, 0] no player type for opponent 8. restart analysis.
SPICA325 coach: [878, 0] no player type for opponent 8. restart analysis.
SPICA325 11: [886, 0] lost kick by foul at [886, 0] sense=30 internal=31
SPICA325 coach: [886, 1] sent freeform (player_types (1 0)(2 16)(3 17)(4 9)(5 1)(6 6)(7 8)(8 -1)(9 3)(10 14)(11 13))
SPICA325 coach: [886, 1] freeform 2 / 128
CYRUS_VANILLA coach: [901, 0] updated clang capacity.
SPICA325 coach: [901, 0] updated clang capacity.
SPICA325 coach: [988, 0] no player type for opponent 8. restart analysis.
SPICA325 coach: [989, 0] no player type for opponent 8. restart analysis.
SPICA325 coach: [991, 0] no player type for opponent 8. restart analysis.
SPICA325 coach: [999, 0] no player type for opponent 8. restart analysis.
SPICA325 coach: [1001, 0] no player type for opponent 8. restart analysis.
SPICA325 coach: [1022, 0] no player type for opponent 8. restart analysis.
SPICA325 coach: [1023, 0] no player type for opponent 8. restart analysis.
SPICA325 coach: [1034, 0] no player type for opponent 8. restart analysis.
SPICA325 coach: [1058, 0] no player type for opponent 8. restart analysis.
SPICA325 coach: [1061, 0] no player type for opponent 8. restart analysis.
SPICA325 coach: [1062, 0] no player type for opponent 8. restart analysis.
SPICA325 coach: [1063, 0] no player type for opponent 8. restart analysis.
SPICA325 coach: [1065, 0] no player type for opponent 8. restart analysis.
SPICA325 coach: [1071, 0] no player type for opponent 8. restart analysis.
SPICA325 coach: [1074, 0] no player type for opponent 8. restart analysis.
SPICA325 coach: [1083, 0] no player type for opponent 8. restart analysis.
SPICA325 coach: [1086, 0] no player type for opponent 8. restart analysis.
SPICA325 11: [1087, 0]  WARNING. no turn_neck.
SPICA325 coach: [1088, 0] no player type for opponent 8. restart analysis.
SPICA325 coach: [1089, 0] no player type for opponent 8. restart analysis.
SPICA325 coach: [1095, 0] no player type for opponent 8. restart analysis.
SPICA325 coach: [1096, 0] no player type for opponent 8. restart analysis.
SPICA325 coach: [1097, 0] no player type for opponent 8. restart analysis.
SPICA325 coach: [1115, 0] determined opponent 8 type = 4
CYRUS_VANILLA coach: [1201, 0] updated clang capacity.
SPICA325 coach: [1201, 0] updated clang capacity.
CYRUS_VANILLA 7: [1476, 0] over dash power range: 113.001
SPICA325 coach: [1501, 0] updated clang capacity.
CYRUS_VANILLA coach: [1501, 0] updated clang capacity.
SPICA325 coach: [1506, 1] sent freeform (player_types (1 0)(2 16)(3 17)(4 9)(5 1)(6 6)(7 8)(8 4)(9 3)(10 14)(11 13))
SPICA325 coach: [1506, 1] freeform 3 / 128
SPICA325 6: [1763, 0] lost kick? at [1763, 0] sense=17 internal=18
SPICA325 coach: [1801, 0] updated clang capacity.
CYRUS_VANILLA coach: [1801, 0] updated clang capacity.
SPICA325 coach: [2101, 0] updated clang capacity.
CYRUS_VANILLA coach: [2101, 0] updated clang capacity.
CYRUS_VANILLA coach: [2401, 0] updated clang capacity.
SPICA325 coach: [2401, 0] updated clang capacity.
SPICA325 11: [2519, 0] lost kick by foul at [2519, 0] sense=50 internal=51
CYRUS_VANILLA coach: [2701, 0] updated clang capacity.
SPICA325 coach: [2701, 0] updated clang capacity.
Waiting to kick off
Kick_off_right
SPICA325 coach: [3001, 0] updated clang capacity.
CYRUS_VANILLA coach: [3001, 0] updated clang capacity.
CYRUS_VANILLA 7: [3126, 0]  WARNING. no turn_neck.
/home/user/PJ_RoboCup-Soccer-Simulation-2D-2027/robocup-spica-2027/externals/src/cyrus-team-v3-snapshot/src/basic_actions/body_smart_kick.cpp: 67 not ball kickable!
SPICA325 1: [3284, 0]  WARNING. no body command.
SPICA325 coach: [3301, 0] updated clang capacity.
CYRUS_VANILLA coach: [3301, 0] updated clang capacity.
CYRUS_VANILLA 7: [3536, 0] lost kick by foul at [3536, 0] sense=24 internal=25
SPICA325 coach: [3601, 0] updated clang capacity.
CYRUS_VANILLA coach: [3601, 0] updated clang capacity.
CYRUS_VANILLA 9: [3806, 0] over dash power range: 116.3
SPICA325 coach: [3901, 0] updated clang capacity.
CYRUS_VANILLA coach: [3901, 0] updated clang capacity.
CYRUS_VANILLA 5: [3991, 0]  WARNING. no turn_neck.
SPICA325 coach: [4201, 0] updated clang capacity.
CYRUS_VANILLA coach: [4201, 0] updated clang capacity.
CYRUS_VANILLA 7: [4371, 0]  WARNING. no turn_neck.
CYRUS_VANILLA 7: [4372, 0]  WARNING. no turn_neck.
SPICA325 coach: [4501, 0] updated clang capacity.
CYRUS_VANILLA coach: [4501, 0] updated clang capacity.
SPICA325 9: [4581, 0]  WARNING. no turn_neck.
SPICA325 9: [4582, 0]  WARNING. no turn_neck.
SPICA325 coach: [4801, 0] updated clang capacity.
CYRUS_VANILLA coach: [4801, 0] updated clang capacity.
SPICA325 coach: [5101, 0] updated clang capacity.
CYRUS_VANILLA coach: [5101, 0] updated clang capacity.
CYRUS_VANILLA 10: [5247, 0] lost kick by foul at [5247, 0] sense=50 internal=51
SPICA325 coach: [5401, 0] updated clang capacity.
CYRUS_VANILLA coach: [5401, 0] updated clang capacity.
CYRUS_VANILLA 11: [5471, 0] lost kick by foul at [5471, 0] sense=123 internal=124
SPICA325 coach: change player 4 to type 10
SPICA325 coach: change player 5 to type 5
CYRUS_VANILLA coach: [5541, 0] no player type for opponent 5. restart analysis.
CYRUS_VANILLA coach: [5556, 0] determined opponent 5 type = 5
CYRUS_VANILLA coach: [5556, 0] sent freeform (player_types (1 0)(2 16)(3 17)(4 -1)(5 5)(6 6)(7 8)(8 4)(9 3)(10 14)(11 13))
CYRUS_VANILLA coach: [5556, 0] freeform 2 / 128
CYRUS_VANILLA coach: [5590, 0] no player type for opponent 4. restart analysis.
CYRUS_VANILLA coach: [5591, 0] no player type for opponent 4. restart analysis.
CYRUS_VANILLA coach: [5600, 0] no player type for opponent 4. restart analysis.
CYRUS_VANILLA coach: [5615, 0] no player type for opponent 4. restart analysis.
CYRUS_VANILLA coach: [5620, 0] no player type for opponent 4. restart analysis.
CYRUS_VANILLA coach: [5626, 0] no player type for opponent 4. restart analysis.
CYRUS_VANILLA coach: [5627, 0] no player type for opponent 4. restart analysis.
CYRUS_VANILLA coach: [5628, 0] no player type for opponent 4. restart analysis.
CYRUS_VANILLA coach: [5630, 0] no player type for opponent 4. restart analysis.
CYRUS_VANILLA coach: [5638, 0] no player type for opponent 4. restart analysis.
CYRUS_VANILLA coach: [5639, 0] no player type for opponent 4. restart analysis.
CYRUS_VANILLA coach: [5641, 0] no player type for opponent 4. restart analysis.
CYRUS_VANILLA coach: [5642, 0] no player type for opponent 4. restart analysis.
CYRUS_VANILLA coach: [5646, 0] no player type for opponent 4. restart analysis.
CYRUS_VANILLA coach: [5647, 0] no player type for opponent 4. restart analysis.
CYRUS_VANILLA coach: [5652, 0] no player type for opponent 4. restart analysis.
CYRUS_VANILLA coach: [5653, 0] no player type for opponent 4. restart analysis.
CYRUS_VANILLA coach: [5667, 0] no player type for opponent 4. restart analysis.
CYRUS_VANILLA coach: [5670, 0] no player type for opponent 4. restart analysis.
CYRUS_VANILLA coach: [5673, 0] no player type for opponent 4. restart analysis.
CYRUS_VANILLASPICA325 coach: [ coach: [5701, 57010, ]0 updated clang capacity.] updated clang capacity.

CYRUS_VANILLA coach: [5713, 0] no player type for opponent 4. restart analysis.
CYRUS_VANILLA coach: [5715, 0] no player type for opponent 4. restart analysis.
CYRUS_VANILLA coach: [5717, 0] no player type for opponent 4. restart analysis.
CYRUS_VANILLA coach: [5718, 0] no player type for opponent 4. restart analysis.
CYRUS_VANILLA coach: [5729, 0] no player type for opponent 4. restart analysis.
CYRUS_VANILLA coach: [5742, 0] no player type for opponent 4. restart analysis.
CYRUS_VANILLA coach: [5756, 0] no player type for opponent 4. restart analysis.
CYRUS_VANILLA coach: [5762, 0] no player type for opponent 4. restart analysis.
CYRUS_VANILLA coach: [5763, 0] no player type for opponent 4. restart analysis.
CYRUS_VANILLA coach: [5778, 0] no player type for opponent 4. restart analysis.
SPICA325 10: [5783, 0]  WARNING. no body command.
CYRUS_VANILLA coach: [5784, 0] no player type for opponent 4. restart analysis.
CYRUS_VANILLA coach: [5800, 0] no player type for opponent 4. restart analysis.
CYRUS_VANILLA coach: [5806, 0] no player type for opponent 4. restart analysis.
CYRUS_VANILLA coach: [5824, 0] no player type for opponent 4. restart analysis.
CYRUS_VANILLA coach: [5828, 0] no player type for opponent 4. restart analysis.
CYRUS_VANILLA coach: [5833, 0] no player type for opponent 4. restart analysis.
CYRUS_VANILLA coach: [5836, 0] no player type for opponent 4. restart analysis.
CYRUS_VANILLA coach: [5845, 0] no player type for opponent 4. restart analysis.
CYRUS_VANILLA coach: [5847, 0] no player type for opponent 4. restart analysis.
CYRUS_VANILLA coach: [5849, 0] no player type for opponent 4. restart analysis.
CYRUS_VANILLA 8: [5868, 0] lost kick by foul at [5868, 0] sense=31 internal=32
CYRUS_VANILLA coach: [5955, 0] no player type for opponent 4. restart analysis.
CYRUS_VANILLA coach: [5966, 0] no player type for opponent 4. restart analysis.
SPICA325 10: finished.
SPICA325 6: finished.
CYRUS_VANILLA coach: finished.
SPICA325 3: finished.
SPICA325 coach: [6000, 0] new freeform allowed 256
SPICA325 coach: finished.
SPICA325 11: finished.
CYRUS_VANILLA 11: finished.
SPICA325 1: finished.
CYRUS_VANILLA 10: finished.
CYRUS_VANILLA 2: finished.
CYRUS_VANILLA 4: finished.
SPICA325 9: finished.
CYRUS_VANILLA 7: finished.
CYRUS_VANILLA 8: finished.
CYRUS_VANILLA 5: finished.
CYRUS_VANILLA 9: finished.
SPICA325 5: finished.
CYRUS_VANILLA 6: finished.
CYRUS_VANILLA 3: finished.
CYRUS_VANILLA 1: finished.
SPICA325 4: finished.
SPICA325 8: finished.
SPICA325 2: finished.
SPICA325 7: finished.
Waiting after end of match
A player disconnected : (SPICA325 6)
A player disconnected : (SPICA325 10)
An online coach disconnected : (CYRUS_VANILLA)
A player disconnected : (SPICA325 3)
A player disconnected : (SPICA325 9)
A player disconnected : (SPICA325 1)
A player disconnected : (CYRUS_VANILLA 9)
A player disconnected : (CYRUS_VANILLA 3)
A player disconnected : (SPICA325 5)
A player disconnected : (CYRUS_VANILLA 4)
A player disconnected : (CYRUS_VANILLA 8)
A player disconnected : (SPICA325 7)
A player disconnected : (CYRUS_VANILLA 1)
A player disconnected : (CYRUS_VANILLA 6)
A player disconnected : (SPICA325 11)
A player disconnected : (CYRUS_VANILLA 10)
A player disconnected : (CYRUS_VANILLA 5)
A player disconnected : (CYRUS_VANILLA 7)
A player disconnected : (CYRUS_VANILLA 2)
A player disconnected : (CYRUS_VANILLA 11)
An online coach disconnected : (SPICA325)
A player disconnected : (SPICA325 4)
A player disconnected : (SPICA325 8)
A player disconnected : (SPICA325 2)
Killing 15394
Killing 15407

Game Over. Exiting...

Saving Results:
	CSVSaver: saving...
	CSVSaver: ...disabled
	STDOutSaver: saving...

Game Results:
	2026-06-27 09:31:35
	'SPICA325' vs 'CYRUS_VANILLA'
	Score: 0 - 0
 
	STDOutSaver: ...saved

Saving Results Complete
