rcssserver-19.0.0

Copyright (C) 1995, 1996, 1997, 1998, 1999 Electrotechnical Laboratory.
2000 - RoboCup Soccer Simulator Maintenance Group.

Simulator Random Seed: 1782557921
CSVSaver: Ready
STDOutSaver: Ready
Using simulator's random seed as Hetero Player Seed: 1782557921
******************************************************************
 HELIOS base
 Created by Hidehisa Akiyama and Hiroki Shimora
 Copyright 2000-2007.  Hidehisa Akiyama
 Copyright 2007-2011.  Hidehisa Akiyama and Hiroki Shimora
 All rights reserved.
******************************************************************
PING localhost (127.0.0.1) 56(84) bytes of data.
64 bytes from localhost (127.0.0.1): icmp_seq=1 ttl=64 time=0.028 ms

--- localhost ping statistics ---
1 packets transmitted, 1 received, 0% packet loss, time 0ms
rtt min/avg/max/mdev = 0.028/0.028/0.028/0.000 ms
******************************************************************
 librcsc 
 Copyright 2000 - 2007. Hidehisa Akiyama.
 Copyright 2007 - 2011. Hidehisa Akiyama and Hiroki Shimora
 Copyright 2011 -  Hidehisa Akiyama, Hiroki Shimora
   Takuya Fukushima (2019-)
 All rights reserved.
******************************************************************
*****************************************************************
 This program is based on agent2d created by Hidehisa Akiyama.
 Copyright 2006 - 2011. Hidehisa Akiyama and Hiroki Shimora.
 All rights reserved.
*****************************************************************
SPICA325: init ok.  unum: 1 side: l
SPICA325 1: [-1, 0] (v18+) force synch see mode.
wind factor: rand: 0.000000, vector: (0.000000, 0.000000)

Hit CTRL-C to exit
Starting "/bin/sh -c scripts/team_launchers/spica325_left.sh"
Waiting for players to connect
A new (v18) player (SPICA325 1) connected.
******************************************************************
 HELIOS base
 Created by Hidehisa Akiyama and Hiroki Shimora
 Copyright 2000-2007.  Hidehisa Akiyama
 Copyright 2007-2011.  Hidehisa Akiyama and Hiroki Shimora
 All rights reserved.
******************************************************************
PING localhost (127.0.0.1) 56(84) bytes of data.
64 bytes from localhost (127.0.0.1): icmp_seq=1 ttl=64 time=0.019 ms

--- localhost ping statistics ---
1 packets transmitted, 1 received, 0% packet loss, time 0ms
rtt min/avg/max/mdev = 0.019/0.019/0.019/0.000 ms
******************************************************************
 librcsc 
 Copyright 2000 - 2007. Hidehisa Akiyama.
 Copyright 2007 - 2011. Hidehisa Akiyama and Hiroki Shimora
 Copyright 2011 -  Hidehisa Akiyama, Hiroki Shimora
   Takuya Fukushima (2019-)
 All rights reserved.
******************************************************************
SPICA325 1:  KickTable created.
SPICA325 1: [-1, 0] set synch see mode.
*****************************************************************
 This program is based on agent2d created by Hidehisa Akiyama.
 Copyright 2006 - 2011. Hidehisa Akiyama and Hiroki Shimora.
 All rights reserved.
*****************************************************************
CYRUS_VANILLA: init ok.  unum: 1 side: r
CYRUS_VANILLA 1: [-1, 0] (v18+) force synch see mode.
Starting "/bin/sh -c scripts/team_launchers/cyrus_vanilla_right.sh"
A new (v18) player (CYRUS_VANILLA 1) connected.
CYRUS_VANILLA 1:  KickTable created.
CYRUS_VANILLA 1: [-1, 0] set synch see mode.
Read Setting: ./data/settings/Other.json
Read Setting: ./data/settings/Other.json
******************************************************************
 librcsc 
 Copyright 2000 - 2007. Hidehisa Akiyama.
 Copyright 2007 - 2011. Hidehisa Akiyama and Hiroki Shimora
 Copyright 2011 -  Hidehisa Akiyama, Hiroki Shimora
   Takuya Fukushima (2019-)
 All rights reserved.
******************************************************************
******************************************************************
 librcsc 
 Copyright 2000 - 2007. Hidehisa Akiyama.
 Copyright 2007 - 2011. Hidehisa Akiyama and Hiroki Shimora
 Copyright 2011 -  Hidehisa Akiyama, Hiroki Shimora
   Takuya Fukushima (2019-)
 All rights reserved.
******************************************************************
******************************************************************
 librcsc 
 Copyright 2000 - 2007. Hidehisa Akiyama.
 Copyright 2007 - 2011. Hidehisa Akiyama and Hiroki Shimora
 Copyright 2011 -  Hidehisa Akiyama, Hiroki Shimora
   Takuya Fukushima (2019-)
 All rights reserved.
******************************************************************
******************************************************************
 librcsc 
 Copyright 2000 - 2007. Hidehisa Akiyama.
 Copyright 2007 - 2011. Hidehisa Akiyama and Hiroki Shimora
 Copyright 2011 -  Hidehisa Akiyama, Hiroki Shimora
   Takuya Fukushima (2019-)
 All rights reserved.
******************************************************************
******************************************************************
 librcsc 
 Copyright 2000 - 2007. Hidehisa Akiyama.
 Copyright 2007 - 2011. Hidehisa Akiyama and Hiroki Shimora
 Copyright 2011 -  Hidehisa Akiyama, Hiroki Shimora
   Takuya Fukushima (2019-)
 All rights reserved.
******************************************************************
******************************************************************
 librcsc 
 Copyright 2000 - 2007. Hidehisa Akiyama.
 Copyright 2007 - 2011. Hidehisa Akiyama and Hiroki Shimora
 Copyright 2011 -  Hidehisa Akiyama, Hiroki Shimora
   Takuya Fukushima (2019-)
 All rights reserved.
******************************************************************
******************************************************************
 librcsc 
 Copyright 2000 - 2007. Hidehisa Akiyama.
 Copyright 2007 - 2011. Hidehisa Akiyama and Hiroki Shimora
 Copyright 2011 -  Hidehisa Akiyama, Hiroki Shimora
   Takuya Fukushima (2019-)
 All rights reserved.
******************************************************************
*****************************************************************
 This program is based on agent2d created by Hidehisa Akiyama.
 Copyright 2006 - 2011. Hidehisa Akiyama and Hiroki Shimora.
 All rights reserved.
*****************************************************************
******************************************************************
 librcsc 
 Copyright 2000 - 2007. Hidehisa Akiyama.
 Copyright 2007 - 2011. Hidehisa Akiyama and Hiroki Shimora
 Copyright 2011 -  Hidehisa Akiyama, Hiroki Shimora
   Takuya Fukushima (2019-)
 All rights reserved.
******************************************************************
A new (v18) player (SPICA325 2) connected.
SPICA325: init ok.  unum: 2 side: l
SPICA325 2: [-1, 0] (v18+) force synch see mode.
******************************************************************
 librcsc 
 Copyright 2000 - 2007. Hidehisa Akiyama.
 Copyright 2007 - 2011. Hidehisa Akiyama and Hiroki Shimora
 Copyright 2011 -  Hidehisa Akiyama, Hiroki Shimora
   Takuya Fukushima (2019-)
 All rights reserved.
******************************************************************
*****************************************************************
 This program is based on agent2d created by Hidehisa Akiyama.
 Copyright 2006 - 2011. Hidehisa Akiyama and Hiroki Shimora.
 All rights reserved.
*****************************************************************
******************************************************************
 librcsc 
 Copyright 2000 - 2007. Hidehisa Akiyama.
 Copyright 2007 - 2011. Hidehisa Akiyama and Hiroki Shimora
 Copyright 2011 -  Hidehisa Akiyama, Hiroki Shimora
   Takuya Fukushima (2019-)
 All rights reserved.
******************************************************************
*****************************************************************
 This program is based on agent2d created by Hidehisa Akiyama.
 Copyright 2006 - 2011. Hidehisa Akiyama and Hiroki Shimora.
 All rights reserved.
*****************************************************************
******************************************************************
 librcsc 
 Copyright 2000 - 2007. Hidehisa Akiyama.
 Copyright 2007 - 2011. Hidehisa Akiyama and Hiroki Shimora
 Copyright 2011 -  Hidehisa Akiyama, Hiroki Shimora
   Takuya Fukushima (2019-)
 All rights reserved.
******************************************************************
*****************************************************************
 This program is based on agent2d created by Hidehisa Akiyama.
 Copyright 2006 - 2011. Hidehisa Akiyama and Hiroki Shimora.
 All rights reserved.
*****************************************************************
******************************************************************
 librcsc 
 Copyright 2000 - 2007. Hidehisa Akiyama.
 Copyright 2007 - 2011. Hidehisa Akiyama and Hiroki Shimora
 Copyright 2011 -  Hidehisa Akiyama, Hiroki Shimora
   Takuya Fukushima (2019-)
 All rights reserved.
******************************************************************
*****************************************************************
 This program is based on agent2d created by Hidehisa Akiyama.
 Copyright 2006 - 2011. Hidehisa Akiyama and Hiroki Shimora.
 All rights reserved.
*****************************************************************
*****************************************************************
 This program is based on agent2d created by Hidehisa Akiyama.
 Copyright 2006 - 2011. Hidehisa Akiyama and Hiroki Shimora.
 All rights reserved.
*****************************************************************
******************************************************************
 librcsc 
 Copyright 2000 - 2007. Hidehisa Akiyama.
 Copyright 2007 - 2011. Hidehisa Akiyama and Hiroki Shimora
 Copyright 2011 -  Hidehisa Akiyama, Hiroki Shimora
   Takuya Fukushima (2019-)
 All rights reserved.
******************************************************************
A new (v18) player (SPICA325 3) connected.
A new (v18) player (SPICA325 4) connected.
A new (v18) player (SPICA325 5) connected.
A new (v18) player (SPICA325 6) connected.
A new (v18) online coach (SPICA325) connected.
SPICA325: init ok.  unum: 5 side: l
SPICA325 5: [-1, 0] (v18+) force synch see mode.
*****************************************************************
 This program is based on agent2d created by Hidehisa Akiyama.
 Copyright 2006 - 2011. Hidehisa Akiyama and Hiroki Shimora.
 All rights reserved.
*****************************************************************
SPICA325: init ok.  unum: 6 side: l
SPICA325: init ok.  unum: 4 side: l
SPICA325 6: [-1, 0] (v18+) force synch see mode.
SPICA325 4: [-1, 0] (v18+) force synch see mode.
******************************************************************
 librcsc 
 Copyright 2000 - 2007. Hidehisa Akiyama.
 Copyright 2007 - 2011. Hidehisa Akiyama and Hiroki Shimora
 Copyright 2011 -  Hidehisa Akiyama, Hiroki Shimora
   Takuya Fukushima (2019-)
 All rights reserved.
******************************************************************
A new (v18) player (SPICA325 7) connected.
SPICA325: init ok.  unum: 3 side: l
SPICA325 3: [-1, 0] (v18+) force synch see mode.
SPICA325 coach: [-1, 0] recv (ok eye on)
SPICA325: init ok.  unum: 7 side: l
SPICA325 7: [-1, 0] (v18+) force synch see mode.
SPICA325 2:  KickTable created.
SPICA325 2: [-1, 0] set synch see mode.
******************************************************************
 librcsc 
 Copyright 2000 - 2007. Hidehisa Akiyama.
 Copyright 2007 - 2011. Hidehisa Akiyama and Hiroki Shimora
 Copyright 2011 -  Hidehisa Akiyama, Hiroki Shimora
   Takuya Fukushima (2019-)
 All rights reserved.
******************************************************************
*****************************************************************
 This program is based on agent2d created by Hidehisa Akiyama.
 Copyright 2006 - 2011. Hidehisa Akiyama and Hiroki Shimora.
 All rights reserved.
*****************************************************************
******************************************************************
 librcsc 
 Copyright 2000 - 2007. Hidehisa Akiyama.
 Copyright 2007 - 2011. Hidehisa Akiyama and Hiroki Shimora
 Copyright 2011 -  Hidehisa Akiyama, Hiroki Shimora
   Takuya Fukushima (2019-)
 All rights reserved.
******************************************************************
*****************************************************************
 This program is based on agent2d created by Hidehisa Akiyama.
 Copyright 2006 - 2011. Hidehisa Akiyama and Hiroki Shimora.
 All rights reserved.
*****************************************************************
******************************************************************
 librcsc 
 Copyright 2000 - 2007. Hidehisa Akiyama.
 Copyright 2007 - 2011. Hidehisa Akiyama and Hiroki Shimora
 Copyright 2011 -  Hidehisa Akiyama, Hiroki Shimora
   Takuya Fukushima (2019-)
 All rights reserved.
******************************************************************
******************************************************************
 librcsc 
 Copyright 2000 - 2007. Hidehisa Akiyama.
 Copyright 2007 - 2011. Hidehisa Akiyama and Hiroki Shimora
 Copyright 2011 -  Hidehisa Akiyama, Hiroki Shimora
   Takuya Fukushima (2019-)
 All rights reserved.
******************************************************************
*****************************************************************
 This program is based on agent2d created by Hidehisa Akiyama.
 Copyright 2006 - 2011. Hidehisa Akiyama and Hiroki Shimora.
 All rights reserved.
*****************************************************************
Read Setting: ./data/settings/Other.json
A new (v18) player (SPICA325 8) connected.
A new (v18) player (SPICA325 9) connected.
A new (v18) player (SPICA325 10) connected.
SPICA325: init ok.  unum: 9 side: l
SPICA325 9: [-1, 0] (v18+) force synch see mode.
SPICA325: init ok.  unum: 8 side: lSPICA325
: init ok.  unum: 10 side: l
SPICA325 8: [-1, 0] (v18+) force synch see mode.
SPICA325 10: [-1, 0] (v18+) force synch see mode.
******************************************************************
 librcsc 
 Copyright 2000 - 2007. Hidehisa Akiyama.
 Copyright 2007 - 2011. Hidehisa Akiyama and Hiroki Shimora
 Copyright 2011 -  Hidehisa Akiyama, Hiroki Shimora
   Takuya Fukushima (2019-)
 All rights reserved.
******************************************************************
SPICA325 4:  KickTable created.
SPICA325 4: [-1, 0] set synch see mode.
SPICA325 7:  KickTable created.
SPICA325 7: [-1, 0] set synch see mode.
SPICA325 6:  KickTable created.
SPICA325 6: [-1, 0] set synch see mode.
******************************************************************
 librcsc 
 Copyright 2000 - 2007. Hidehisa Akiyama.
 Copyright 2007 - 2011. Hidehisa Akiyama and Hiroki Shimora
 Copyright 2011 -  Hidehisa Akiyama, Hiroki Shimora
   Takuya Fukushima (2019-)
 All rights reserved.
******************************************************************
SPICA325 5:  KickTable created.
SPICA325 5: [-1, 0] set synch see mode.
SPICA325 3:  KickTable created.
*****************************************************************
 This program is based on agent2d created by Hidehisa Akiyama.
 Copyright 2006 - 2011. Hidehisa Akiyama and Hiroki Shimora.
 All rights reserved.
*****************************************************************
SPICA325 3: [-1, 0] set synch see mode.
A new (v18) player (SPICA325 11) connected.
*****************************************************************
 This program is based on agent2d created by Hidehisa Akiyama.
 Copyright 2006 - 2011. Hidehisa Akiyama and Hiroki Shimora.
 All rights reserved.
*****************************************************************
A new (v18) player (CYRUS_VANILLA 2) connected.
SPICA325: init ok.  unum: 11 side: l
SPICA325 11: [-1, 0] (v18+) force synch see mode.
******************************************************************
 librcsc 
 Copyright 2000 - 2007. Hidehisa Akiyama.
 Copyright 2007 - 2011. Hidehisa Akiyama and Hiroki Shimora
 Copyright 2011 -  Hidehisa Akiyama, Hiroki Shimora
   Takuya Fukushima (2019-)
 All rights reserved.
******************************************************************
*****************************************************************
 This program is based on agent2d created by Hidehisa Akiyama.
 Copyright 2006 - 2011. Hidehisa Akiyama and Hiroki Shimora.
 All rights reserved.
*****************************************************************
CYRUS_VANILLA: init ok.  unum: 2 side: r
CYRUS_VANILLA 2: [-1, 0] (v18+) force synch see mode.
******************************************************************
 librcsc 
 Copyright 2000 - 2007. Hidehisa Akiyama.
 Copyright 2007 - 2011. Hidehisa Akiyama and Hiroki Shimora
 Copyright 2011 -  Hidehisa Akiyama, Hiroki Shimora
   Takuya Fukushima (2019-)
 All rights reserved.
******************************************************************
*****************************************************************
 This program is based on agent2d created by Hidehisa Akiyama.
 Copyright 2006 - 2011. Hidehisa Akiyama and Hiroki Shimora.
 All rights reserved.
*****************************************************************
SPICA325 10:  KickTable created.
*****************************************************************
 This program is based on agent2d created by Hidehisa Akiyama.
 Copyright 2006 - 2011. Hidehisa Akiyama and Hiroki Shimora.
 All rights reserved.
*****************************************************************
SPICA325 10: [-1, 0] set synch see mode.
*****************************************************************
 This program is based on agent2d created by Hidehisa Akiyama.
 Copyright 2006 - 2011. Hidehisa Akiyama and Hiroki Shimora.
 All rights reserved.
*****************************************************************
SPICA325 9:  KickTable created.
SPICA325 9: [-1, 0] set synch see mode.
*****************************************************************
 This program is based on agent2d created by Hidehisa Akiyama.
 Copyright 2006 - 2011. Hidehisa Akiyama and Hiroki Shimora.
 All rights reserved.
*****************************************************************
Read Setting: ./data/settings/Other.json
Read Setting: ./data/settings/Other.json
Read Setting: ./data/settings/Other.json
Read Setting: ./data/settings/Other.json
Read Setting: ./data/settings/Other.json
A new (v18) player (CYRUS_VANILLA 3) connected.
CYRUS_VANILLA: init ok.  unum: 4 side: r
CYRUS_VANILLA 4: [-1, 0] (v18+) force synch see mode.
A new (v18) player (CYRUS_VANILLA 4) connected.
A new (v18) player (CYRUS_VANILLA 5) connected.
A new (v18) player (CYRUS_VANILLA 6) connected.
A new (v18) online coach (CYRUS_VANILLA) connected.
CYRUS_VANILLA: init ok.  unum: 3 side: r
CYRUS_VANILLA 3: [-1, 0] (v18+) force synch see mode.
CYRUS_VANILLA: init ok.  unum: 6 side: r
CYRUS_VANILLA: CYRUS_VANILLA 6: [-1, 0] (v18+) force synch see mode.
init ok.  unum: 5 side: r
CYRUS_VANILLA 5: [-1, 0] (v18+) force synch see mode.
CYRUS_VANILLA coach: [-1, 0] recv (ok eye on)
SPICA325 8:  KickTable created.
SPICA325 8: [-1, 0] set synch see mode.
*****************************************************************
 This program is based on agent2d created by Hidehisa Akiyama.
 Copyright 2006 - 2011. Hidehisa Akiyama and Hiroki Shimora.
 All rights reserved.
*****************************************************************
A new (v18) player (CYRUS_VANILLA 7) connected.
CYRUS_VANILLA: init ok.  unum: 7 side: r
CYRUS_VANILLA 7: [-1, 0] (v18+) force synch see mode.
*****************************************************************
 This program is based on agent2d created by Hidehisa Akiyama.
 Copyright 2006 - 2011. Hidehisa Akiyama and Hiroki Shimora.
 All rights reserved.
*****************************************************************
SPICA325 11:  KickTable created.
A new (v18) player (CYRUS_VANILLA 8) connected.
CYRUS_VANILLA: init ok.  unum: 8 side: r
CYRUS_VANILLA 8: [-1, 0] (v18+) force synch see mode.
SPICA325 11: [-1, 0] set synch see mode.
*****************************************************************
 This program is based on agent2d created by Hidehisa Akiyama.
 Copyright 2006 - 2011. Hidehisa Akiyama and Hiroki Shimora.
 All rights reserved.
*****************************************************************
A new (v18) player (CYRUS_VANILLA 9) connected.
CYRUS_VANILLA: init ok.  unum: 9 side: r
CYRUS_VANILLA 9: [-1, 0] (v18+) force synch see mode.
*****************************************************************
 This program is based on agent2d created by Hidehisa Akiyama.
 Copyright 2006 - 2011. Hidehisa Akiyama and Hiroki Shimora.
 All rights reserved.
*****************************************************************
CYRUS_VANILLA: init ok.  unum: 10 side: r
CYRUS_VANILLA 10: [-1, 0] (v18+) force synch see mode.
A new (v18) player (CYRUS_VANILLA 10) connected.
CYRUS_VANILLA 4:  KickTable created.
CYRUS_VANILLA 4: [-1, 0] set synch see mode.
CYRUS_VANILLA 2:  KickTable created.
CYRUS_VANILLA 2: [-1, 0] set synch see mode.
CYRUS_VANILLA 6:  KickTable created.
CYRUS_VANILLA 6: [-1, 0] set synch see mode.
CYRUS_VANILLA 3:  KickTable created.
*****************************************************************
 This program is based on agent2d created by Hidehisa Akiyama.
 Copyright 2006 - 2011. Hidehisa Akiyama and Hiroki Shimora.
 All rights reserved.
*****************************************************************
CYRUS_VANILLA 5:  KickTable created.
CYRUS_VANILLA 5: [-1, 0] set synch see mode.
CYRUS_VANILLA 3: [-1, 0] set synch see mode.
CYRUS_VANILLA 9:  KickTable created.
CYRUS_VANILLA 9: [-1, 0] set synch see mode.
CYRUS_VANILLA 7:  KickTable created.
CYRUS_VANILLA 8:  KickTable created.
CYRUS_VANILLA 7: [-1, 0] set synch see mode.
CYRUS_VANILLA 8: [-1, 0] set synch see mode.
CYRUS_VANILLA 10:  KickTable created.
CYRUS_VANILLA 10: [-1, 0] set synch see mode.
Read Setting: ./data/settings/Other.json
Read Setting: ./data/settings/Other.json
Read Setting: ./data/settings/Other.json
Read Setting: ./data/settings/Other.json
CYRUS_VANILLA: init ok.  unum: 11 side: r
CYRUS_VANILLA 11: [-1, 0] (v18+) force synch see mode.
A new (v18) player (CYRUS_VANILLA 11) connected.
CYRUS_VANILLA 11:  KickTable created.
CYRUS_VANILLA 11: [-1, 0] set synch see mode.
id speed step inc  power  stam  karea
 0 1.000   6  45.0 100.0  55.0  1.085
 1 0.845   5  48.3 100.0  51.7  1.184
 2 0.825   5  46.4 100.0  53.6  1.086
 3 0.823   5  46.5 100.0  53.5  1.134
 4 0.775   4  46.7 100.0  53.3  1.048
 5 1.012   7  46.9 100.0  53.1  1.036
 6 0.923   6  41.0 100.0  59.0  1.081
 7 0.974   5  41.9 100.0  58.1  1.098
 8 0.823   5  51.1 100.0  48.9  1.042
 9 0.983   7  46.9 100.0  53.1  1.081
 10 0.883   5  49.1 100.0  50.9  1.115
 11 0.964   6  48.4 100.0  51.6  0.997
 12 0.782   4  41.4 100.0  58.6  0.994
 13 0.998   6  41.2 100.0  58.8  1.160
 14 1.026   6  41.3 100.0  58.7  1.062
 15 0.920   7  46.0 100.0  54.0  1.089
 16 0.963   6  45.8 100.0  54.2  1.075
 17 0.968   4  40.7 100.0  59.3  1.035
$$$$$$$$$$$$$$$$$$$$$$$$isother
SPICA325 coach: change player 1 to type 0
SPICA325 coach: change player 9 to type 14
SPICA325 coach: change player 2 to type 5
SPICA325 coach: change player 11 to type 13
SPICA325 coach: change player 4 to type 17
SPICA325 coach: change player 10 to type 7
SPICA325 coach: change player 3 to type 9
SPICA325 coach: change player 5 to type 11
SPICA325 coach: change player 7 to type 16
SPICA325 coach: change player 8 to type 6
SPICA325 coach: change player 6 to type 15
Read Setting: ./data/settings/Other.json
id speed step inc  power  stam  karea
 0 1.000   6  45.0 100.0  55.0  1.085
 1 0.845   5  48.3 100.0  51.7  1.184
 2 0.825   5  46.4 100.0  53.6  1.086
 3 0.823   5  46.5 100.0  53.5  1.134
 4 0.775   4  46.7 100.0  53.3  1.048
 5 1.012   7  46.9 100.0  53.1  1.036
 6 0.923   6  41.0 100.0  59.0  1.081
 7 0.974   5  41.9 100.0  58.1  1.098
 8 0.823   5  51.1 100.0  48.9  1.042
 9 0.983   7  46.9 100.0  53.1  1.081
 10 0.883   5  49.1 100.0  50.9  1.115
 11 0.964   6  48.4 100.0  51.6  0.997
 12 0.782   4  41.4 100.0  58.6  0.994
 13 0.998   6  41.2 100.0  58.8  1.160
 14 1.026   6  41.3 100.0  58.7  1.062
 15 0.920   7  46.0 100.0  54.0  1.089
 16 0.963   6  45.8 100.0  54.2  1.075
 17 0.968   4  40.7 100.0  59.3  1.035
$$$$$$$$$$$$$$$$$$$$$$$$isother
Read Setting: ./data/settings/Other.json
CYRUS_VANILLA coach: change player 1 to type 0
CYRUS_VANILLA coach: change player 9 to type 14
CYRUS_VANILLA coach: change player 2 to type 5
CYRUS_VANILLA coach: change player 11 to type 13
CYRUS_VANILLA coach: change player 4 to type 17
CYRUS_VANILLA coach: change player 10 to type 7
CYRUS_VANILLA coach: change player 3 to type 9
CYRUS_VANILLA coach: change player 5 to type 11
CYRUS_VANILLA coach: change player 7 to type 16
CYRUS_VANILLA coach: change player 8 to type 6
CYRUS_VANILLA coach: change player 6 to type 15
Read Setting: ./data/settings/Other.json
Read Setting: ./data/settings/Other.json
Read Setting: ./data/settings/Other.json
Read Setting: ./data/settings/Other.json
Read Setting: ./data/settings/Other.json
Read Setting: ./data/settings/Other.json
Read Setting: ./data/settings/Other.json
Read Setting: ./data/settings/Other.json
Waiting to kick off
Kick_off_left
CYRUS_VANILLA coach: [93, 0] determined opponent 4 type = 17
SPICA325 coach: [94, 0] no player type for opponent 5. restart analysis.
SPICA325 coach: [95, 0] no player type for opponent 4. restart analysis.
SPICA325 coach: [95, 0] no player type for opponent 2. restart analysis.
CYRUS_VANILLA coach: [95, 0] no player type for opponent 6. restart analysis.
CYRUS_VANILLA coach: [95, 0] no player type for opponent 2. restart analysis.
CYRUS_VANILLA coach: [96, 0] determined opponent 10 type = 7
CYRUS_VANILLA coach: [96, 0] no player type for opponent 6. restart analysis.
SPICA325 coach: [97, 0] no player type for opponent 10. restart analysis.
SPICA325 coach: [97, 0] no player type for opponent 9. restart analysis.
CYRUS_VANILLA coach: [97, 0] no player type for opponent 11. restart analysis.
CYRUS_VANILLA coach: [97, 0] no player type for opponent 9. restart analysis.
CYRUS_VANILLA coach: [97, 0] no player type for opponent 2. restart analysis.
SPICA325 coach: [98, 0] no player type for opponent 11. restart analysis.
SPICA325 coach: [98, 0] no player type for opponent 7. restart analysis.
SPICA325 coach: [99, 0] no player type for opponent 11. restart analysis.
SPICA325 coach: [100, 0] no player type for opponent 11. restart analysis.
CYRUS_VANILLA coach: [100, 0] no player type for opponent 9. restart analysis.
SPICA325 coach: [101, 0] no player type for opponent 6. restart analysis.
SPICA325 coach: [102, 0] determined opponent 4 type = 17
SPICA325 coach: [102, 0] no player type for opponent 8. restart analysis.
SPICA325 coach: [102, 0] determined opponent 10 type = 7
SPICA325 coach: [102, 0] no player type for opponent 6. restart analysis.
CYRUS_VANILLA coach: [102, 0] no player type for opponent 8. restart analysis.
CYRUS_VANILLA coach: [103, 0] no player type for opponent 5. restart analysis.
CYRUS_VANILLA coach: [103, 0] no player type for opponent 6. restart analysis.
SPICA325 coach: [104, 0] no player type for opponent 6. restart analysis.
SPICA325 coach: [104, 0] determined opponent 3 type = 9
SPICA325 coach: [105, 0] no player type for opponent 8. restart analysis.
SPICA325 coach: [105, 0] no player type for opponent 7. restart analysis.
CYRUS_VANILLA coach: [105, 0] determined opponent 1 type = 0
CYRUS_VANILLA coach: [106, 0] no player type for opponent 7. restart analysis.
CYRUS_VANILLA coach: [106, 0] no player type for opponent 11. restart analysis.
CYRUS_VANILLA coach: [106, 0] no player type for opponent 3. restart analysis.
CYRUS_VANILLA coach: [106, 0] no player type for opponent 6. restart analysis.
SPICA325 coach: [106, 0] no player type for opponent 8. restart analysis.
SPICA325 coach: [106, 0] no player type for opponent 6. restart analysis.
SPICA325 coach: [106, 0] no player type for opponent 11. restart analysis.
SPICA325 coach: [106, 0] determined opponent 9 type = 14
SPICA325 coach: [107, 0] no player type for opponent 8. restart analysis.
SPICA325 coach: [107, 0] no player type for opponent 1. restart analysis.
SPICA325 coach: [107, 0] no player type for opponent 5. restart analysis.
CYRUS_VANILLA coach: [107, 0] no player type for opponent 9. restart analysis.
CYRUS_VANILLA coach: [107, 0] no player type for opponent 7. restart analysis.
CYRUS_VANILLA coach: [107, 0] no player type for opponent 8. restart analysis.
CYRUS_VANILLA coach: [108, 0] no player type for opponent 7. restart analysis.
CYRUS_VANILLA coach: [108, 0] no player type for opponent 6. restart analysis.
CYRUS_VANILLA coach: [108, 0] no player type for opponent 8. restart analysis.
SPICA325 coach: [108, 0] no player type for opponent 6. restart analysis.
CYRUS_VANILLA coach: [109, 0] no player type for opponent 9. restart analysis.
CYRUS_VANILLA coach: [109, 0] no player type for opponent 6. restart analysis.
CYRUS_VANILLA coach: [109, 0] no player type for opponent 2. restart analysis.
SPICA325 coach: [110, 0] no player type for opponent 6. restart analysis.
SPICA325 coach: [111, 0] no player type for opponent 1. restart analysis.
CYRUS_VANILLA coach: [113, 0] no player type for opponent 2. restart analysis.
SPICA325 coach: [115, 0] determined opponent 8 type = 6
CYRUS_VANILLA coach: [115, 0] no player type for opponent 7. restart analysis.
SPICA325 coach: [117, 0] no player type for opponent 11. restart analysis.
CYRUS_VANILLA coach: [117, 0] no player type for opponent 6. restart analysis.
CYRUS_VANILLA coach: [117, 0] no player type for opponent 11. restart analysis.
CYRUS_VANILLA coach: [117, 0] no player type for opponent 9. restart analysis.
SPICA325 coach: [118, 0] no player type for opponent 11. restart analysis.
SPICA325 coach: [118, 0] no player type for opponent 6. restart analysis.
CYRUS_VANILLA coach: [119, 0] no player type for opponent 5. restart analysis.
CYRUS_VANILLA coach: [119, 0] no player type for opponent 7. restart analysis.
CYRUS_VANILLA coach: [119, 0] no player type for opponent 9. restart analysis.
SPICA325 coach: [119, 0] no player type for opponent 6. restart analysis.
CYRUS_VANILLA coach: [120, 0] no player type for opponent 5. restart analysis.
CYRUS_VANILLA coach: [120, 0] no player type for opponent 11. restart analysis.
CYRUS_VANILLA coach: [121, 0] no player type for opponent 9. restart analysis.
CYRUS_VANILLA coach: [122, 0] no player type for opponent 7. restart analysis.
CYRUS_VANILLA coach: [123, 0] no player type for opponent 7. restart analysis.
SPICA325 coach: [124, 0] no player type for opponent 6. restart analysis.
CYRUS_VANILLA coach: [124, 0] no player type for opponent 8. restart analysis.
CYRUS_VANILLA coach: [124, 0] no player type for opponent 5. restart analysis.
CYRUS_VANILLA coach: [125, 0] no player type for opponent 8. restart analysis.
CYRUS_VANILLA coach: [125, 0] no player type for opponent 6. restart analysis.
CYRUS_VANILLA coach: [125, 0] no player type for opponent 7. restart analysis.
CYRUS_VANILLA coach: [125, 0] no player type for opponent 3. restart analysis.
CYRUS_VANILLA coach: [126, 0] no player type for opponent 2. restart analysis.
CYRUS_VANILLA coach: [126, 0] no player type for opponent 7. restart analysis.
SPICA325 coach: [126, 0] no player type for opponent 6. restart analysis.
SPICA325 coach: [127, 0] no player type for opponent 6. restart analysis.
CYRUS_VANILLA coach: [127, 0] no player type for opponent 3. restart analysis.
CYRUS_VANILLA coach: [127, 0] no player type for opponent 11. restart analysis.
CYRUS_VANILLA coach: [127, 0] no player type for opponent 7. restart analysis.
SPICA325 coach: [128, 0] no player type for opponent 6. restart analysis.
SPICA325 coach: [128, 0] no player type for opponent 2. restart analysis.
CYRUS_VANILLA coach: [128, 0] no player type for opponent 5. restart analysis.
CYRUS_VANILLA coach: [128, 0] no player type for opponent 9. restart analysis.
SPICA325 coach: [129, 0] no player type for opponent 2. restart analysis.
CYRUS_VANILLA coach: [129, 0] no player type for opponent 11. restart analysis.
CYRUS_VANILLA coach: [130, 0] no player type for opponent 11. restart analysis.
CYRUS_VANILLA coach: [130, 0] no player type for opponent 9. restart analysis.
CYRUS_VANILLA coach: [132, 0] no player type for opponent 2. restart analysis.
CYRUS_VANILLA coach: [132, 0] no player type for opponent 5. restart analysis.
SPICA325 coach: [132, 0] no player type for opponent 6. restart analysis.
SPICA325 coach: [132, 0] no player type for opponent 2. restart analysis.
CYRUS_VANILLA coach: [133, 0] no player type for opponent 8. restart analysis.
SPICA325 coach: [133, 0] no player type for opponent 6. restart analysis.
CYRUS_VANILLA coach: [134, 0] no player type for opponent 5. restart analysis.
CYRUS_VANILLA coach: [134, 0] no player type for opponent 3. restart analysis.
CYRUS_VANILLA coach: [134, 0] no player type for opponent 6. restart analysis.
CYRUS_VANILLA coach: [134, 0] no player type for opponent 8. restart analysis.
CYRUS_VANILLA coach: [134, 0] no player type for opponent 7. restart analysis.
CYRUS_VANILLA coach: [134, 0] no player type for opponent 9. restart analysis.
CYRUS_VANILLA coach: [135, 0] no player type for opponent 8. restart analysis.
CYRUS_VANILLA coach: [135, 0] no player type for opponent 6. restart analysis.
CYRUS_VANILLA coach: [135, 0] no player type for opponent 11. restart analysis.
SPICA325 coach: [135, 0] no player type for opponent 6. restart analysis.
CYRUS_VANILLA coach: [136, 0] no player type for opponent 7. restart analysis.
SPICA325 coach: [136, 0] no player type for opponent 5. restart analysis.
SPICA325 coach: [137, 0] no player type for opponent 6. restart analysis.
CYRUS_VANILLA coach: [137, 0] no player type for opponent 5. restart analysis.
CYRUS_VANILLA coach: [137, 0] no player type for opponent 6. restart analysis.
CYRUS_VANILLA coach: [138, 0] no player type for opponent 6. restart analysis.
CYRUS_VANILLA coach: [138, 0] no player type for opponent 7. restart analysis.
SPICA325 coach: [138, 0] no player type for opponent 6. restart analysis.
CYRUS_VANILLA coach: [139, 0] no player type for opponent 6. restart analysis.
CYRUS_VANILLA coach: [140, 0] no player type for opponent 5. restart analysis.
CYRUS_VANILLA coach: [140, 0] no player type for opponent 6. restart analysis.
CYRUS_VANILLA coach: [140, 0] no player type for opponent 9. restart analysis.
CYRUS_VANILLA coach: [141, 0] no player type for opponent 6. restart analysis.
CYRUS_VANILLA coach: [141, 0] no player type for opponent 11. restart analysis.
CYRUS_VANILLA coach: [142, 0] no player type for opponent 5. restart analysis.
CYRUS_VANILLA coach: [142, 0] no player type for opponent 7. restart analysis.
SPICA325 coach: [142, 0] no player type for opponent 5. restart analysis.
CYRUS_VANILLA coach: [143, 0] no player type for opponent 3. restart analysis.
CYRUS_VANILLA coach: [145, 0] determined opponent 8 type = 6
CYRUS_VANILLA coach: [145, 0] no player type for opponent 11. restart analysis.
CYRUS_VANILLA coach: [145, 0] no player type for opponent 9. restart analysis.
CYRUS_VANILLA coach: [146, 0] determined opponent 3 type = 9
CYRUS_VANILLA coach: [147, 0] no player type for opponent 9. restart analysis.
CYRUS_VANILLA coach: [148, 0] no player type for opponent 6. restart analysis.
CYRUS_VANILLA coach: [148, 0] no player type for opponent 5. restart analysis.
CYRUS_VANILLA coach: [148, 0] no player type for opponent 7. restart analysis.
SPICA325 coach: [149, 0] no player type for opponent 11. restart analysis.
CYRUS_VANILLA coach: [149, 0] no player type for opponent 11. restart analysis.
CYRUS_VANILLA coach: [149, 0] no player type for opponent 9. restart analysis.
CYRUS_VANILLA coach: [150, 0] no player type for opponent 9. restart analysis.
CYRUS_VANILLA coach: [151, 0] no player type for opponent 11. restart analysis.
CYRUS_VANILLA coach: [151, 0] no player type for opponent 6. restart analysis.
SPICA325 coach: [153, 0] no player type for opponent 6. restart analysis.
CYRUS_VANILLA coach: [153, 0] no player type for opponent 2. restart analysis.
CYRUS_VANILLA coach: [154, 0] no player type for opponent 6. restart analysis.
CYRUS_VANILLA coach: [155, 0] no player type for opponent 11. restart analysis.
SPICA325 coach: [155, 0] no player type for opponent 5. restart analysis.
SPICA325 coach: [156, 0] no player type for opponent 5. restart analysis.
SPICA325 coach: [156, 0] no player type for opponent 6. restart analysis.
CYRUS_VANILLA coach: [156, 0] no player type for opponent 6. restart analysis.
CYRUS_VANILLA coach: [156, 0] no player type for opponent 5. restart analysis.
CYRUS_VANILLA coach: [157, 0] no player type for opponent 6. restart analysis.
CYRUS_VANILLA coach: [158, 0] no player type for opponent 5. restart analysis.
layerSize: 3
CYRUS_VANILLA coach: [160, 0] no player type for opponent 5. restart analysis.
CYRUS_VANILLA coach: [160, 0] determined opponent 9 type = 14
CYRUS_VANILLA coach: [161, 0] no player type for opponent 5. restart analysis.
CYRUS_VANILLA coach: [161, 0] no player type for opponent 2. restart analysis.
CYRUS_VANILLA coach: [164, 0] no player type for opponent 5. restart analysis.
SPICA325 coach: [165, 0] no player type for opponent 6. restart analysis.
SPICA325 coach: [166, 0] no player type for opponent 5. restart analysis.
SPICA325 coach: [167, 0] no player type for opponent 6. restart analysis.
CYRUS_VANILLA coach: [167, 0] no player type for opponent 5. restart analysis.
CYRUS_VANILLA coach: [167, 0] no player type for opponent 2. restart analysis.
SPICA325 coach: [168, 0] no player type for opponent 6. restart analysis.
SPICA325 coach: [168, 0] no player type for opponent 2. restart analysis.
CYRUS_VANILLA coach: [169, 0] no player type for opponent 2. restart analysis.
SPICA325 coach: [171, 0] no player type for opponent 5. restart analysis.
CYRUS_VANILLA coach: [171, 0] no player type for opponent 2. restart analysis.
CYRUS_VANILLA coach: [174, 0] no player type for opponent 5. restart analysis.
CYRUS_VANILLA coach: [174, 0] no player type for opponent 2. restart analysis.
SPICA325 coach: [174, 0] no player type for opponent 7. restart analysis.
SPICA325 coach: [177, 0] no player type for opponent 2. restart analysis.
SPICA325 coach: [178, 0] no player type for opponent 6. restart analysis.
CYRUS_VANILLA coach: [179, 0] no player type for opponent 5. restart analysis.
CYRUS_VANILLA coach: [182, 0] no player type for opponent 6. restart analysis.
SPICA325 coach: [185, 0] no player type for opponent 7. restart analysis.
CYRUS_VANILLA coach: [186, 0] no player type for opponent 2. restart analysis.
SPICA325 coach: [188, 0] no player type for opponent 2. restart analysis.
CYRUS_VANILLA coach: [189, 0] no player type for opponent 7. restart analysis.
CYRUS_VANILLA coach: [193, 0] sent freeform (player_types (1 0)(2 -1)(3 9)(4 17)(5 -1)(6 -1)(7 -1)(8 6)(9 14)(10 7)(11 -1))
CYRUS_VANILLA coach: [193, 0] freeform 1 / 128
SPICA325 coach: [193, 0] sent freeform (player_types (1 -1)(2 -1)(3 9)(4 17)(5 -1)(6 -1)(7 -1)(8 6)(9 14)(10 7)(11 -1))
SPICA325 coach: [193, 0] freeform 1 / 128
SPICA325 coach: [194, 0] no player type for opponent 7. restart analysis.
CYRUS_VANILLA coach: [194, 0] no player type for opponent 6. restart analysis.
CYRUS_VANILLA coach: [194, 0] determined opponent 11 type = 13
CYRUS_VANILLA coach: [194, 0] sent freeform (player_types (1 0)(2 -1)(3 9)(4 17)(5 -1)(6 -1)(7 -1)(8 6)(9 14)(10 7)(11 13))
CYRUS_VANILLA coach: [194, 0] freeform 2 / 128
CYRUS_VANILLA coach: [195, 0] no player type for opponent 6. restart analysis.
CYRUS_VANILLA coach: [201, 0] no player type for opponent 2. restart analysis.
SPICA325 coach: [202, 0] determined opponent 2 type = 5
SPICA325 coach: [202, 0] sent freeform (player_types (1 -1)(2 5)(3 9)(4 17)(5 -1)(6 -1)(7 -1)(8 6)(9 14)(10 7)(11 -1))
SPICA325 coach: [202, 0] freeform 2 / 128
SPICA325 coach: [208, 0] no player type for opponent 11. restart analysis.
CYRUS_VANILLA coach: [211, 0] determined opponent 7 type = 16
CYRUS_VANILLA coach: [211, 0] sent freeform (player_types (1 0)(2 -1)(3 9)(4 17)(5 -1)(6 -1)(7 16)(8 6)(9 14)(10 7)(11 13))
CYRUS_VANILLA coach: [211, 0] freeform 3 / 128
CYRUS_VANILLA coach: [219, 0] determined opponent 2 type = 5
CYRUS_VANILLA coach: [219, 0] sent freeform (player_types (1 0)(2 5)(3 9)(4 17)(5 -1)(6 -1)(7 16)(8 6)(9 14)(10 7)(11 13))
CYRUS_VANILLA coach: [219, 0] freeform 4 / 128
CYRUS_VANILLA coach: [223, 0] determined opponent 5 type = 11
CYRUS_VANILLA coach: [223, 0] sent freeform (player_types (1 0)(2 5)(3 9)(4 17)(5 11)(6 -1)(7 16)(8 6)(9 14)(10 7)(11 13))
CYRUS_VANILLA coach: [223, 0] freeform 5 / 128
CYRUS_VANILLA coach: [282, 0] determined opponent 6 type = 15
CYRUS_VANILLA coach: [282, 0] sent freeform (player_types (1 0)(2 5)(3 9)(4 17)(5 11)(6 15)(7 16)(8 6)(9 14)(10 7)(11 13))
CYRUS_VANILLA coach: [282, 0] freeform 6 / 128
SPICA325 coach: [287, 0] determined opponent 6 type = 15
SPICA325 coach: [288, 0] determined opponent 1 type = 0
SPICA325 coach: [293, 0] no player type for opponent 11. restart analysis.
SPICA325 coach: [294, 0] no player type for opponent 11. restart analysis.
SPICA325 coach: [295, 0] no player type for opponent 7. restart analysis.
SPICA325 coach: [301, 0] updated clang capacity.
CYRUS_VANILLA coach: [301, 0] updated clang capacity.
SPICA325 coach: [304, 0] no player type for opponent 11. restart analysis.
SPICA325 coach: [305, 0] no player type for opponent 5. restart analysis.
SPICA325 coach: [305, 0] no player type for opponent 7. restart analysis.
SPICA325 coach: [305, 0] no player type for opponent 11. restart analysis.
SPICA325 coach: [307, 0] no player type for opponent 5. restart analysis.
SPICA325 coach: [307, 0] no player type for opponent 7. restart analysis.
SPICA325 coach: [308, 0] no player type for opponent 5. restart analysis.
SPICA325 coach: [308, 0] no player type for opponent 7. restart analysis.
SPICA325 coach: [309, 0] no player type for opponent 11. restart analysis.
SPICA325 coach: [310, 0] no player type for opponent 7. restart analysis.
SPICA325 coach: [311, 0] no player type for opponent 7. restart analysis.
SPICA325 coach: [311, 0] no player type for opponent 11. restart analysis.
SPICA325 coach: [316, 0] no player type for opponent 5. restart analysis.
SPICA325 coach: [320, 0] no player type for opponent 11. restart analysis.
SPICA325 coach: [322, 0] no player type for opponent 5. restart analysis.
SPICA325 coach: [324, 0] no player type for opponent 7. restart analysis.
SPICA325 coach: [325, 0] no player type for opponent 5. restart analysis.
SPICA325 coach: [327, 0] no player type for opponent 7. restart analysis.
SPICA325 coach: [331, 0] no player type for opponent 5. restart analysis.
SPICA325 coach: [331, 0] no player type for opponent 7. restart analysis.
SPICA325 coach: [337, 0] no player type for opponent 11. restart analysis.
SPICA325 coach: [339, 0] no player type for opponent 7. restart analysis.
SPICA325 coach: [341, 0] no player type for opponent 7. restart analysis.
SPICA325 coach: [342, 0] no player type for opponent 11. restart analysis.
SPICA325 coach: [343, 0] no player type for opponent 7. restart analysis.
SPICA325 coach: [343, 0] no player type for opponent 5. restart analysis.
SPICA325 coach: [343, 0] no player type for opponent 11. restart analysis.
SPICA325 coach: [345, 0] no player type for opponent 11. restart analysis.
SPICA325 coach: [345, 0] no player type for opponent 5. restart analysis.
SPICA325 coach: [348, 0] no player type for opponent 11. restart analysis.
SPICA325 coach: [348, 0] no player type for opponent 7. restart analysis.
SPICA325 coach: [352, 0] no player type for opponent 5. restart analysis.
SPICA325 coach: [356, 0] no player type for opponent 11. restart analysis.
SPICA325 coach: [357, 0] no player type for opponent 5. restart analysis.
SPICA325 coach: [358, 0] no player type for opponent 7. restart analysis.
SPICA325 coach: [359, 0] no player type for opponent 11. restart analysis.
SPICA325 coach: [363, 0] no player type for opponent 7. restart analysis.
SPICA325 coach: [364, 0] no player type for opponent 7. restart analysis.
SPICA325 coach: [365, 0] no player type for opponent 7. restart analysis.
SPICA325 coach: [367, 0] no player type for opponent 5. restart analysis.
SPICA325 coach: [372, 0] no player type for opponent 11. restart analysis.
SPICA325 coach: [375, 0] no player type for opponent 5. restart analysis.
SPICA325 coach: [376, 0] no player type for opponent 7. restart analysis.
SPICA325 coach: [378, 0] no player type for opponent 7. restart analysis.
SPICA325 coach: [380, 0] no player type for opponent 11. restart analysis.
SPICA325 coach: [381, 0] no player type for opponent 11. restart analysis.
SPICA325 coach: [382, 0] no player type for opponent 11. restart analysis.
SPICA325 coach: [382, 0] no player type for opponent 7. restart analysis.
SPICA325 coach: [383, 0] no player type for opponent 11. restart analysis.
SPICA325 coach: [384, 0] no player type for opponent 5. restart analysis.
SPICA325 coach: [394, 0] no player type for opponent 7. restart analysis.
SPICA325 coach: [401, 0] no player type for opponent 11. restart analysis.
SPICA325 coach: [401, 0] no player type for opponent 7. restart analysis.
SPICA325 coach: [406, 0] no player type for opponent 11. restart analysis.
SPICA325 coach: [406, 0] no player type for opponent 7. restart analysis.
SPICA325 coach: [407, 0] no player type for opponent 7. restart analysis.
SPICA325 coach: [424, 0] sent freeform (player_types (1 0)(2 5)(3 9)(4 17)(5 -1)(6 15)(7 -1)(8 6)(9 14)(10 7)(11 -1))
SPICA325 coach: [424, 0] freeform 3 / 128
layerSize: 3
SPICA325 coach: [523, 0] no player type for opponent 7. restart analysis.
SPICA325 coach: [524, 0] no player type for opponent 5. restart analysis.
SPICA325 coach: [534, 0] no player type for opponent 7. restart analysis.
SPICA325 coach: [536, 0] no player type for opponent 11. restart analysis.
SPICA325 coach: [537, 0] no player type for opponent 11. restart analysis.
SPICA325 coach: [538, 0] determined opponent 5 type = 11
SPICA325 coach: [540, 0] no player type for opponent 11. restart analysis.
SPICA325 coach: [548, 0] no player type for opponent 7. restart analysis.
SPICA325 coach: [552, 0] no player type for opponent 11. restart analysis.
SPICA325 coach: [557, 0] no player type for opponent 11. restart analysis.
SPICA325 coach: [559, 0] no player type for opponent 7. restart analysis.
SPICA325 coach: [561, 0] no player type for opponent 7. restart analysis.
SPICA325 coach: [562, 0] no player type for opponent 11. restart analysis.
SPICA325 coach: [563, 0] no player type for opponent 11. restart analysis.
SPICA325 coach: [567, 0] no player type for opponent 11. restart analysis.
SPICA325 coach: [569, 0] no player type for opponent 7. restart analysis.
SPICA325 coach: [571, 0] no player type for opponent 7. restart analysis.
SPICA325 coach: [574, 0] no player type for opponent 7. restart analysis.
SPICA325 coach: [575, 0] no player type for opponent 11. restart analysis.
SPICA325 coach: [578, 0] no player type for opponent 11. restart analysis.
SPICA325 coach: [579, 0] no player type for opponent 11. restart analysis.
SPICA325 coach: [596, 0] no player type for opponent 7. restart analysis.
SPICA325 coach: [601, 0] updated clang capacity.
CYRUS_VANILLA coach: [601, 0] updated clang capacity.
SPICA325 coach: [602, 0] no player type for opponent 11. restart analysis.
SPICA325 coach: [602, 0] no player type for opponent 7. restart analysis.
SPICA325 coach: [604, 0] no player type for opponent 7. restart analysis.
SPICA325 coach: [611, 0] no player type for opponent 7. restart analysis.
SPICA325 coach: [625, 0] no player type for opponent 7. restart analysis.
SPICA325 coach: [632, 0] no player type for opponent 11. restart analysis.
SPICA325 coach: [634, 0] no player type for opponent 7. restart analysis.
SPICA325 coach: [636, 0] no player type for opponent 7. restart analysis.
SPICA325 coach: [637, 0] no player type for opponent 7. restart analysis.
SPICA325 coach: [658, 0] no player type for opponent 11. restart analysis.
SPICA325 coach: [660, 0] no player type for opponent 11. restart analysis.
SPICA325 coach: [666, 0] no player type for opponent 11. restart analysis.
SPICA325 coach: [666, 0] no player type for opponent 7. restart analysis.
SPICA325 coach: [669, 0] no player type for opponent 11. restart analysis.
SPICA325 coach: [669, 0] no player type for opponent 7. restart analysis.
SPICA325 coach: [677, 0] determined opponent 11 type = 13
SPICA325 coach: [684, 0] determined opponent 7 type = 16
SPICA325 coach: [761, 1] sent freeform (player_types (1 0)(2 5)(3 9)(4 17)(5 11)(6 15)(7 16)(8 6)(9 14)(10 7)(11 13))
SPICA325 coach: [761, 1] freeform 4 / 128
SPICA325 coach: [901, 0] updated clang capacity.
CYRUS_VANILLA coach: [901, 0] updated clang capacity.
SPICA325 coach: [1201, 0] updated clang capacity.
CYRUS_VANILLA coach: [1201, 0] updated clang capacity.
CYRUS_VANILLA 8: [1333, 0] lost kick by foul at [1333, 0] sense=7 internal=8
SPICA325 7: [1363, 0]  WARNING. no turn_neck.
CYRUS_VANILLA coach: [1501, 0] updated clang capacity.
SPICA325 coach: [1501, 0] updated clang capacity.
CYRUS_VANILLA coach: [1801, 0] updated clang capacity.
SPICA325 coach: [1801, 0] updated clang capacity.
CYRUS_VANILLA 10: [1935, 0] lost kick by foul at [1935, 0] sense=13 internal=14
SPICA325 coach: [2101, 0] updated clang capacity.
CYRUS_VANILLA coach: [2101, 0] updated clang capacity.
SPICA325 coach: [2401, 0] updated clang capacity.
CYRUS_VANILLA coach: [2401, 0] updated clang capacity.
CYRUS_VANILLA 6: [2613, 0]  WARNING. no turn_neck.
CYRUS_VANILLA 6: [2614, 0]  WARNING. no turn_neck.
CYRUS_VANILLA coach: [2701, 0] updated clang capacity.
SPICA325 coach: [2701, 0] updated clang capacity.
Waiting to kick off
Kick_off_right
CYRUS_VANILLA coach: [3001, 0] updated clang capacity.
SPICA325 coach: [3001, 0] updated clang capacity.
CYRUS_VANILLA 7: [3200, 0]  WARNING. no turn_neck.
CYRUS_VANILLA coach: [3301, 0] updated clang capacity.
SPICA325 coach: [3301, 0] updated clang capacity.
SPICA325 coach: [3601, 0] updated clang capacity.
CYRUS_VANILLA coach: [3601, 0] updated clang capacity.
SPICA325 7: [3687, 0]  WARNING. no turn_neck.
SPICA325 10: [3811, 0] lost kick by foul at [3811, 0] sense=47 internal=48
SPICA325 coach: [3901, 0] updated clang capacity.
CYRUS_VANILLA coach: [3901, 0] updated clang capacity.
CYRUS_VANILLA 9: [3927, 0] lost kick by foul at [3927, 0] sense=99 internal=100
CYRUS_VANILLA 7: [3949, 0]  WARNING. no turn_neck.
CYRUS_VANILLA 7: [3950, 0]  WARNING. no turn_neck.
CYRUS_VANILLA 11: [4138, 0]  WARNING. no turn_neck.
CYRUS_VANILLA 11: [4139, 0]  WARNING. no turn_neck.
CYRUS_VANILLA 11: [4140, 0]  WARNING. no turn_neck.
SPICA325 coach: [4201, 0] updated clang capacity.
CYRUS_VANILLA coach: [4201, 0] updated clang capacity.
CYRUS_VANILLA 7: [4252, 0]  WARNING. no turn_neck.
CYRUS_VANILLA 10: [4260, 0] lost kick by foul at [4260, 0] sense=27 internal=28
CYRUS_VANILLA coach: [4501, 0] updated clang capacity.
SPICA325 coach: [4501, 0] updated clang capacity.
SPICA325 coach: [4801, 0] updated clang capacity.
CYRUS_VANILLA coach: [4801, 0] updated clang capacity.
SPICA325 9: [4809, 0] lost kick by foul at [4809, 0] sense=131 internal=132
SPICA325 coach: [5101, 0] updated clang capacity.
CYRUS_VANILLA coach: [5101, 0] updated clang capacity.
CYRUS_VANILLA coach: [5401, 0] updated clang capacity.
SPICA325 coach: [5401, 0] updated clang capacity.
CYRUS_VANILLA 11: [5499, 0]  WARNING. no turn_neck.
CYRUS_VANILLA 3: [5584, 0]  WARNING. no turn_neck.
CYRUS_VANILLA 3: [5585, 0]  WARNING. no turn_neck.
CYRUS_VANILLA 3: [5586, 0]  WARNING. no turn_neck.
SPICA325 coach: [5701, 0] updated clang capacity.
CYRUS_VANILLA coach: [5701, 0] updated clang capacity.
CYRUS_VANILLA 10: [5781, 0] lost kick by foul at [5781, 0] sense=45 internal=46
5 [5790, 0] no ball position cache.
5 [5790, 0] no ball position cache.
5 [5790, 0] Interecet Self cache is empty!
5 [5791, 0] no ball position cache.
5 [5791, 0] no ball position cache.
5 [5791, 0] Interecet Self cache is empty!
5 [5792, 0] no ball position cache.
5 [5792, 0] no ball position cache.
5 [5792, 0] Interecet Self cache is empty!
SPICA325 2: [5801, 0] lost kick? at [5801, 0] sense=12 internal=13
CYRUS_VANILLA 8: finished.
SPICA325 1: finished.
SPICA325 3: finished.
CYRUS_VANILLA 10: finished.
SPICA325 8: finished.
SPICA325 7: finished.
SPICA325 6: finished.
Waiting after end of match
remoteclient.cpp: 149: Error sending to socket: Bad file descriptor
msg = [(think)]
remoteclient.cpp: 149: Error sending to socket: Bad file descriptor
msg = [(think)]
remoteclient.cpp: 149: Error sending to socket: Bad file descriptor
msg = [(think)]
remoteclient.cpp: 149: Error sending to socket: Bad file descriptor
msg = [(think)]
remoteclient.cpp: 149: Error sending to socket: Bad file descriptor
msg = [(think)]
SPICA325 coach: [6000, 0] new freeform allowed 256
SPICA325 coach: finished.
CYRUS_VANILLA 6: finished.
CYRUS_VANILLA coach: [6000, 0] new freeform allowed 256
CYRUS_VANILLA coach: finished.
SPICA325 9: finished.
CYRUS_VANILLA 11: finished.
SPICA325 2: finished.
SPICA325 4: finished.
CYRUS_VANILLA 3: finished.
SPICA325 10: finished.
CYRUS_VANILLA 4: finished.
SPICA325 5: finished.
CYRUS_VANILLA 7: finished.
SPICA325 11: finished.
CYRUS_VANILLA 1: finished.
CYRUS_VANILLA 2: finished.
CYRUS_VANILLA 9: finished.
CYRUS_VANILLA 5: finished.
A player disconnected : (CYRUS_VANILLA 6)
A player disconnected : (SPICA325 6)
An online coach disconnected : (SPICA325)
A player disconnected : (SPICA325 7)
A player disconnected : (SPICA325 3)
A player disconnected : (SPICA325 1)
A player disconnected : (CYRUS_VANILLA 10)
A player disconnected : (SPICA325 8)
A player disconnected : (CYRUS_VANILLA 8)
A player disconnected : (CYRUS_VANILLA 11)
A player disconnected : (CYRUS_VANILLA 3)
A player disconnected : (SPICA325 9)
An online coach disconnected : (CYRUS_VANILLA)
A player disconnected : (SPICA325 4)
A player disconnected : (SPICA325 2)
A player disconnected : (CYRUS_VANILLA 4)
A player disconnected : (SPICA325 5)
A player disconnected : (SPICA325 10)
A player disconnected : (SPICA325 11)
A player disconnected : (CYRUS_VANILLA 7)
A player disconnected : (CYRUS_VANILLA 2)
A player disconnected : (CYRUS_VANILLA 5)
A player disconnected : (CYRUS_VANILLA 1)
A player disconnected : (CYRUS_VANILLA 9)
Killing 14614
Killing 14627

Game Over. Exiting...

Saving Results:
	CSVSaver: saving...
	CSVSaver: ...disabled
	STDOutSaver: saving...

Game Results:
	2026-06-27 10:58:41
	'SPICA325' vs 'CYRUS_VANILLA'
	Score: 1 - 1
 
	STDOutSaver: ...saved

Saving Results Complete
