rcssserver-19.0.0

Copyright (C) 1995, 1996, 1997, 1998, 1999 Electrotechnical Laboratory.
2000 - RoboCup Soccer Simulator Maintenance Group.

Simulator Random Seed: 1782557564
CSVSaver: Ready
STDOutSaver: Ready
Using simulator's random seed as Hetero Player Seed: 1782557564
******************************************************************
 HELIOS base
 Created by Hidehisa Akiyama and Hiroki Shimora
 Copyright 2000-2007.  Hidehisa Akiyama
 Copyright 2007-2011.  Hidehisa Akiyama and Hiroki Shimora
 All rights reserved.
******************************************************************
PING localhost (127.0.0.1) 56(84) bytes of data.
64 bytes from localhost (127.0.0.1): icmp_seq=1 ttl=64 time=0.045 ms

--- localhost ping statistics ---
1 packets transmitted, 1 received, 0% packet loss, time 0ms
rtt min/avg/max/mdev = 0.045/0.045/0.045/0.000 ms
******************************************************************
 librcsc 
 Copyright 2000 - 2007. Hidehisa Akiyama.
 Copyright 2007 - 2011. Hidehisa Akiyama and Hiroki Shimora
 Copyright 2011 -  Hidehisa Akiyama, Hiroki Shimora
   Takuya Fukushima (2019-)
 All rights reserved.
******************************************************************
*****************************************************************
 This program is based on agent2d created by Hidehisa Akiyama.
 Copyright 2006 - 2011. Hidehisa Akiyama and Hiroki Shimora.
 All rights reserved.
*****************************************************************
SPICA325: init ok.  unum: 1 side: l
SPICA325 1: [-1, 0] (v18+) force synch see mode.
wind factor: rand: 0.000000, vector: (0.000000, 0.000000)

Hit CTRL-C to exit
Starting "/bin/sh -c scripts/team_launchers/spica325_left.sh"
Waiting for players to connect
A new (v18) player (SPICA325 1) connected.
******************************************************************
 HELIOS base
 Created by Hidehisa Akiyama and Hiroki Shimora
 Copyright 2000-2007.  Hidehisa Akiyama
 Copyright 2007-2011.  Hidehisa Akiyama and Hiroki Shimora
 All rights reserved.
******************************************************************
PING localhost (127.0.0.1) 56(84) bytes of data.
64 bytes from localhost (127.0.0.1): icmp_seq=1 ttl=64 time=0.029 ms

--- localhost ping statistics ---
1 packets transmitted, 1 received, 0% packet loss, time 0ms
rtt min/avg/max/mdev = 0.029/0.029/0.029/0.000 ms
******************************************************************
 librcsc 
 Copyright 2000 - 2007. Hidehisa Akiyama.
 Copyright 2007 - 2011. Hidehisa Akiyama and Hiroki Shimora
 Copyright 2011 -  Hidehisa Akiyama, Hiroki Shimora
   Takuya Fukushima (2019-)
 All rights reserved.
******************************************************************
SPICA325 1:  KickTable created.
SPICA325 1: [-1, 0] set synch see mode.
*****************************************************************
 This program is based on agent2d created by Hidehisa Akiyama.
 Copyright 2006 - 2011. Hidehisa Akiyama and Hiroki Shimora.
 All rights reserved.
*****************************************************************
CYRUS_VANILLA: init ok.  unum: 1 side: r
CYRUS_VANILLA 1: [-1, 0] (v18+) force synch see mode.
Starting "/bin/sh -c scripts/team_launchers/cyrus_vanilla_right.sh"
A new (v18) player (CYRUS_VANILLA 1) connected.
CYRUS_VANILLA 1:  KickTable created.
CYRUS_VANILLA 1: [-1, 0] set synch see mode.
Read Setting: ./data/settings/Other.json
Read Setting: ./data/settings/Other.json
******************************************************************
 librcsc 
 Copyright 2000 - 2007. Hidehisa Akiyama.
 Copyright 2007 - 2011. Hidehisa Akiyama and Hiroki Shimora
 Copyright 2011 -  Hidehisa Akiyama, Hiroki Shimora
   Takuya Fukushima (2019-)
 All rights reserved.
******************************************************************
******************************************************************
 librcsc 
 Copyright 2000 - 2007. Hidehisa Akiyama.
 Copyright 2007 - 2011. Hidehisa Akiyama and Hiroki Shimora
 Copyright 2011 -  Hidehisa Akiyama, Hiroki Shimora
   Takuya Fukushima (2019-)
 All rights reserved.
******************************************************************
******************************************************************
 librcsc 
 Copyright 2000 - 2007. Hidehisa Akiyama.
 Copyright 2007 - 2011. Hidehisa Akiyama and Hiroki Shimora
 Copyright 2011 -  Hidehisa Akiyama, Hiroki Shimora
   Takuya Fukushima (2019-)
 All rights reserved.
******************************************************************
******************************************************************
 librcsc 
 Copyright 2000 - 2007. Hidehisa Akiyama.
 Copyright 2007 - 2011. Hidehisa Akiyama and Hiroki Shimora
 Copyright 2011 -  Hidehisa Akiyama, Hiroki Shimora
   Takuya Fukushima (2019-)
 All rights reserved.
******************************************************************
******************************************************************
 librcsc 
 Copyright 2000 - 2007. Hidehisa Akiyama.
 Copyright 2007 - 2011. Hidehisa Akiyama and Hiroki Shimora
 Copyright 2011 -  Hidehisa Akiyama, Hiroki Shimora
   Takuya Fukushima (2019-)
 All rights reserved.
******************************************************************
******************************************************************
 librcsc 
 Copyright 2000 - 2007. Hidehisa Akiyama.
 Copyright 2007 - 2011. Hidehisa Akiyama and Hiroki Shimora
 Copyright 2011 -  Hidehisa Akiyama, Hiroki Shimora
   Takuya Fukushima (2019-)
 All rights reserved.
******************************************************************
******************************************************************
 librcsc 
 Copyright 2000 - 2007. Hidehisa Akiyama.
 Copyright 2007 - 2011. Hidehisa Akiyama and Hiroki Shimora
 Copyright 2011 -  Hidehisa Akiyama, Hiroki Shimora
   Takuya Fukushima (2019-)
 All rights reserved.
******************************************************************
******************************************************************
 librcsc 
 Copyright 2000 - 2007. Hidehisa Akiyama.
 Copyright 2007 - 2011. Hidehisa Akiyama and Hiroki Shimora
 Copyright 2011 -  Hidehisa Akiyama, Hiroki Shimora
   Takuya Fukushima (2019-)
 All rights reserved.
******************************************************************
*****************************************************************
 This program is based on agent2d created by Hidehisa Akiyama.
 Copyright 2006 - 2011. Hidehisa Akiyama and Hiroki Shimora.
 All rights reserved.
*****************************************************************
******************************************************************
 librcsc 
 Copyright 2000 - 2007. Hidehisa Akiyama.
 Copyright 2007 - 2011. Hidehisa Akiyama and Hiroki Shimora
 Copyright 2011 -  Hidehisa Akiyama, Hiroki Shimora
   Takuya Fukushima (2019-)
 All rights reserved.
******************************************************************
SPICA325: init ok.  unum: 2 side: l
SPICA325 2: [-1, 0] (v18+) force synch see mode.
A new (v18) player (SPICA325 2) connected.
*****************************************************************
 This program is based on agent2d created by Hidehisa Akiyama.
 Copyright 2006 - 2011. Hidehisa Akiyama and Hiroki Shimora.
 All rights reserved.
*****************************************************************
******************************************************************
 librcsc 
 Copyright 2000 - 2007. Hidehisa Akiyama.
 Copyright 2007 - 2011. Hidehisa Akiyama and Hiroki Shimora
 Copyright 2011 -  Hidehisa Akiyama, Hiroki Shimora
   Takuya Fukushima (2019-)
 All rights reserved.
******************************************************************
*****************************************************************
 This program is based on agent2d created by Hidehisa Akiyama.
 Copyright 2006 - 2011. Hidehisa Akiyama and Hiroki Shimora.
 All rights reserved.
*****************************************************************
******************************************************************
 librcsc 
 Copyright 2000 - 2007. Hidehisa Akiyama.
 Copyright 2007 - 2011. Hidehisa Akiyama and Hiroki Shimora
 Copyright 2011 -  Hidehisa Akiyama, Hiroki Shimora
   Takuya Fukushima (2019-)
 All rights reserved.
******************************************************************
*****************************************************************
 This program is based on agent2d created by Hidehisa Akiyama.
 Copyright 2006 - 2011. Hidehisa Akiyama and Hiroki Shimora.
 All rights reserved.
*****************************************************************
*****************************************************************
 This program is based on agent2d created by Hidehisa Akiyama.
 Copyright 2006 - 2011. Hidehisa Akiyama and Hiroki Shimora.
 All rights reserved.
*****************************************************************
******************************************************************
 librcsc 
 Copyright 2000 - 2007. Hidehisa Akiyama.
 Copyright 2007 - 2011. Hidehisa Akiyama and Hiroki Shimora
 Copyright 2011 -  Hidehisa Akiyama, Hiroki Shimora
   Takuya Fukushima (2019-)
 All rights reserved.
******************************************************************
SPICA325: init ok.  unum: 3 side: l
SPICA325 3: [-1, 0] (v18+) force synch see mode.
A new (v18) player (SPICA325 3) connected.
SPICA325: init ok.  unum: 4 side: l
SPICA325 4: [-1, 0] (v18+) force synch see mode.
A new (v18) player (SPICA325 4) connected.
*****************************************************************
 This program is based on agent2d created by Hidehisa Akiyama.
 Copyright 2006 - 2011. Hidehisa Akiyama and Hiroki Shimora.
 All rights reserved.
*****************************************************************
A new (v18) player (SPICA325 5) connected.
SPICA325: init ok.  unum: 5 side: l
SPICA325 5: [-1, 0] (v18+) force synch see mode.
A new (v18) player (SPICA325 6) connected.
A new (v18) online coach (SPICA325) connected.
******************************************************************
 librcsc 
 Copyright 2000 - 2007. Hidehisa Akiyama.
 Copyright 2007 - 2011. Hidehisa Akiyama and Hiroki Shimora
 Copyright 2011 -  Hidehisa Akiyama, Hiroki Shimora
   Takuya Fukushima (2019-)
 All rights reserved.
******************************************************************
SPICA325: init ok.  unum: 6 side: l
SPICA325 6: [-1, 0] (v18+) force synch see mode.
SPICA325 2:  KickTable created.
SPICA325 2: [-1, 0] set synch see mode.
SPICA325 coach: [-1, 0] recv (ok eye on)
*****************************************************************
 This program is based on agent2d created by Hidehisa Akiyama.
 Copyright 2006 - 2011. Hidehisa Akiyama and Hiroki Shimora.
 All rights reserved.
*****************************************************************
******************************************************************
 librcsc 
 Copyright 2000 - 2007. Hidehisa Akiyama.
 Copyright 2007 - 2011. Hidehisa Akiyama and Hiroki Shimora
 Copyright 2011 -  Hidehisa Akiyama, Hiroki Shimora
   Takuya Fukushima (2019-)
 All rights reserved.
******************************************************************
*****************************************************************
 This program is based on agent2d created by Hidehisa Akiyama.
 Copyright 2006 - 2011. Hidehisa Akiyama and Hiroki Shimora.
 All rights reserved.
*****************************************************************
*****************************************************************
 This program is based on agent2d created by Hidehisa Akiyama.
 Copyright 2006 - 2011. Hidehisa Akiyama and Hiroki Shimora.
 All rights reserved.
*****************************************************************
******************************************************************
 librcsc 
 Copyright 2000 - 2007. Hidehisa Akiyama.
 Copyright 2007 - 2011. Hidehisa Akiyama and Hiroki Shimora
 Copyright 2011 -  Hidehisa Akiyama, Hiroki Shimora
   Takuya Fukushima (2019-)
 All rights reserved.
******************************************************************
Read Setting: ./data/settings/Other.json
SPICA325: init ok.  unum: 7 side: l
SPICA325 7: [-1, 0] (v18+) force synch see mode.
A new (v18) player (SPICA325 7) connected.
A new (v18) player (SPICA325 8) connected.
A new (v18) player (SPICA325 9) connected.
SPICA325: init ok.  unum: 9 side: l
SPICA325 9: [-1, 0] (v18+) force synch see mode.
SPICA325: init ok.  unum: 8 side: l
SPICA325 8: [-1, 0] (v18+) force synch see mode.
SPICA325 3:  KickTable created.
*****************************************************************
 This program is based on agent2d created by Hidehisa Akiyama.
 Copyright 2006 - 2011. Hidehisa Akiyama and Hiroki Shimora.
 All rights reserved.
*****************************************************************
A new (v18) player (SPICA325 10) connected.
******************************************************************
 librcsc 
 Copyright 2000 - 2007. Hidehisa Akiyama.
 Copyright 2007 - 2011. Hidehisa Akiyama and Hiroki Shimora
 Copyright 2011 -  Hidehisa Akiyama, Hiroki Shimora
   Takuya Fukushima (2019-)
 All rights reserved.
******************************************************************
SPICA325: init ok.  unum: 10 side: l
SPICA325 10: [-1, 0] (v18+) force synch see mode.
SPICA325 4:  KickTable created.
SPICA325 4: [-1, 0] set synch see mode.
******************************************************************
 librcsc 
 Copyright 2000 - 2007. Hidehisa Akiyama.
 Copyright 2007 - 2011. Hidehisa Akiyama and Hiroki Shimora
 Copyright 2011 -  Hidehisa Akiyama, Hiroki Shimora
   Takuya Fukushima (2019-)
 All rights reserved.
******************************************************************
SPICA325 3: [-1, 0] set synch see mode.
SPICA325 5:  KickTable created.
SPICA325 5: [-1, 0] set synch see mode.
SPICA325 6:  KickTable created.
SPICA325 6: [-1, 0] set synch see mode.
******************************************************************
 librcsc 
 Copyright 2000 - 2007. Hidehisa Akiyama.
 Copyright 2007 - 2011. Hidehisa Akiyama and Hiroki Shimora
 Copyright 2011 -  Hidehisa Akiyama, Hiroki Shimora
   Takuya Fukushima (2019-)
 All rights reserved.
******************************************************************
*****************************************************************
 This program is based on agent2d created by Hidehisa Akiyama.
 Copyright 2006 - 2011. Hidehisa Akiyama and Hiroki Shimora.
 All rights reserved.
*****************************************************************
*****************************************************************
 This program is based on agent2d created by Hidehisa Akiyama.
 Copyright 2006 - 2011. Hidehisa Akiyama and Hiroki Shimora.
 All rights reserved.
*****************************************************************
*****************************************************************
 This program is based on agent2d created by Hidehisa Akiyama.
 Copyright 2006 - 2011. Hidehisa Akiyama and Hiroki Shimora.
 All rights reserved.
*****************************************************************
******************************************************************
 librcsc 
 Copyright 2000 - 2007. Hidehisa Akiyama.
 Copyright 2007 - 2011. Hidehisa Akiyama and Hiroki Shimora
 Copyright 2011 -  Hidehisa Akiyama, Hiroki Shimora
   Takuya Fukushima (2019-)
 All rights reserved.
******************************************************************
******************************************************************
 librcsc 
 Copyright 2000 - 2007. Hidehisa Akiyama.
 Copyright 2007 - 2011. Hidehisa Akiyama and Hiroki Shimora
 Copyright 2011 -  Hidehisa Akiyama, Hiroki Shimora
   Takuya Fukushima (2019-)
 All rights reserved.
******************************************************************
SPICA325 9:  KickTable created.
*****************************************************************
 This program is based on agent2d created by Hidehisa Akiyama.
 Copyright 2006 - 2011. Hidehisa Akiyama and Hiroki Shimora.
 All rights reserved.
*****************************************************************
SPICA325 8:  KickTable created.
SPICA325 8: [-1, 0] set synch see mode.
Read Setting: ./data/settings/Other.json
Read Setting: ./data/settings/Other.json
Read Setting: ./data/settings/Other.json
Read Setting: ./data/settings/Other.json
A new (v18) player (SPICA325 11) connected.
A new (v18) player (CYRUS_VANILLA 2) connected.
CYRUS_VANILLA: init ok.  unum: 3 side: r
CYRUS_VANILLA 3: [-1, 0] (v18+) force synch see mode.
A new (v18) player (CYRUS_VANILLA 3) connected.
A new (v18) player (CYRUS_VANILLA 4) connected.
SPICA325: init ok.  unum: 11 side: l
SPICA325 11: [-1, 0] (v18+) force synch see mode.
******************************************************************
 librcsc 
 Copyright 2000 - 2007. Hidehisa Akiyama.
 Copyright 2007 - 2011. Hidehisa Akiyama and Hiroki Shimora
 Copyright 2011 -  Hidehisa Akiyama, Hiroki Shimora
   Takuya Fukushima (2019-)
 All rights reserved.
******************************************************************
SPICA325 7:  KickTable created.
SPICA325 7: [-1, 0] set synch see mode.
CYRUS_VANILLA: init ok.  unum: 2 side: r
CYRUS_VANILLA 2: [-1, 0] (v18+) force synch see mode.
SPICA325 9: [-1, 0] set synch see mode.
CYRUS_VANILLA: init ok.  unum: 4 side: r
CYRUS_VANILLA 4: [-1, 0] (v18+) force synch see mode.
******************************************************************
 librcsc 
 Copyright 2000 - 2007. Hidehisa Akiyama.
 Copyright 2007 - 2011. Hidehisa Akiyama and Hiroki Shimora
 Copyright 2011 -  Hidehisa Akiyama, Hiroki Shimora
   Takuya Fukushima (2019-)
 All rights reserved.
******************************************************************
*****************************************************************
 This program is based on agent2d created by Hidehisa Akiyama.
 Copyright 2006 - 2011. Hidehisa Akiyama and Hiroki Shimora.
 All rights reserved.
*****************************************************************
A new (v18) online coach (CYRUS_VANILLA) connected.
SPICA325 10:  KickTable created.
SPICA325 10: [-1, 0] set synch see mode.
CYRUS_VANILLA coach: [-1, 0] recv (ok eye on)
*****************************************************************
 This program is based on agent2d created by Hidehisa Akiyama.
 Copyright 2006 - 2011. Hidehisa Akiyama and Hiroki Shimora.
 All rights reserved.
*****************************************************************
*****************************************************************
 This program is based on agent2d created by Hidehisa Akiyama.
 Copyright 2006 - 2011. Hidehisa Akiyama and Hiroki Shimora.
 All rights reserved.
*****************************************************************
*****************************************************************
 This program is based on agent2d created by Hidehisa Akiyama.
 Copyright 2006 - 2011. Hidehisa Akiyama and Hiroki Shimora.
 All rights reserved.
*****************************************************************
*****************************************************************
 This program is based on agent2d created by Hidehisa Akiyama.
 Copyright 2006 - 2011. Hidehisa Akiyama and Hiroki Shimora.
 All rights reserved.
*****************************************************************
SPICA325 11:  KickTable created.
SPICA325 11: [-1, 0] set synch see mode.
*****************************************************************
 This program is based on agent2d created by Hidehisa Akiyama.
 Copyright 2006 - 2011. Hidehisa Akiyama and Hiroki Shimora.
 All rights reserved.
*****************************************************************
CYRUS_VANILLA 2:  KickTable created.
CYRUS_VANILLA 2: [-1, 0] set synch see mode.
CYRUS_VANILLA 3:  KickTable created.
CYRUS_VANILLA 3: [-1, 0] set synch see mode.
*****************************************************************
 This program is based on agent2d created by Hidehisa Akiyama.
 Copyright 2006 - 2011. Hidehisa Akiyama and Hiroki Shimora.
 All rights reserved.
*****************************************************************
CYRUS_VANILLA 4:  KickTable created.
CYRUS_VANILLA 4: [-1, 0] set synch see mode.
*****************************************************************
 This program is based on agent2d created by Hidehisa Akiyama.
 Copyright 2006 - 2011. Hidehisa Akiyama and Hiroki Shimora.
 All rights reserved.
*****************************************************************
Read Setting: ./data/settings/Other.json
Read Setting: ./data/settings/Other.json
Read Setting: ./data/settings/Other.json
Read Setting: ./data/settings/Other.json
CYRUS_VANILLA: init ok.  unum: 5 side: r
CYRUS_VANILLA 5: [-1, 0] (v18+) force synch see mode.
A new (v18) player (CYRUS_VANILLA 5) connected.
CYRUS_VANILLA: init ok.  unum: 6 side: r
CYRUS_VANILLA 6: [-1, 0] (v18+) force synch see mode.
A new (v18) player (CYRUS_VANILLA 6) connected.
CYRUS_VANILLA: init ok.  unum: 7 side: r
CYRUS_VANILLA 7: [-1, 0] (v18+) force synch see mode.
A new (v18) player (CYRUS_VANILLA 7) connected.
A new (v18) player (CYRUS_VANILLA 8) connected.
A new (v18) player (CYRUS_VANILLA 9) connected.
A new (v18) player (CYRUS_VANILLA 10) connected.
A new (v18) player (CYRUS_VANILLA 11) connected.
CYRUS_VANILLA: init ok.  unum: 8 side: r
CYRUS_VANILLA 8: [-1, 0] (v18+) force synch see mode.
CYRUS_VANILLA: init ok.  unum: 9 side: r
CYRUS_VANILLA: init ok.  unum: 11 side: CYRUS_VANILLAr
: init ok.  unum: 10 side: r
CYRUS_VANILLA 9: [-1, 0] (v18+) force synch see mode.
CYRUS_VANILLA 10: CYRUS_VANILLA[ -111, : 0[]-1 (v18+) force synch see mode., 
0] (v18+) force synch see mode.
CYRUS_VANILLA 7:  KickTable created.
CYRUS_VANILLA 7: [-1, 0] set synch see mode.
CYRUS_VANILLA 5:  KickTable created.
CYRUS_VANILLA 5: [-1, 0] set synch see mode.
CYRUS_VANILLA 9:  KickTable created.
CYRUS_VANILLA 9: [-1, 0] set synch see mode.
CYRUS_VANILLA 8:  KickTable created.
CYRUS_VANILLA 10:  KickTable created.
CYRUS_VANILLA 8: [-1, 0] set synch see mode.
CYRUS_VANILLA 10: [-1, 0] set synch see mode.
CYRUS_VANILLA 11:  KickTable created.
CYRUS_VANILLA 6:  KickTable created.
CYRUS_VANILLA 11: [-1, 0] set synch see mode.
CYRUS_VANILLA 6: [-1, 0] set synch see mode.
Read Setting: ./data/settings/Other.json
id speed step inc  power  stam  karea
 0 1.000   6  45.0 100.0  55.0  1.085
 1 1.016   7  42.4 100.0  57.6  1.137
 2 0.835   6  50.8 100.0  49.2  1.103
 3 0.877   6  45.9 100.0  54.1  1.124
 4 0.966   6  44.9 100.0  55.1  1.057
 5 0.804   5  47.0 100.0  53.0  1.144
 6 0.840   4  43.3 100.0  56.7  0.995
 7 0.796   5  44.7 100.0  55.3  1.183
 8 0.879   6  49.5 100.0  50.5  1.167
 9 0.985   7  50.0 100.0  50.0  0.988
 10 0.792   4  42.9 100.0  57.1  1.146
 11 0.906   6  48.0 100.0  52.0  1.068
 12 0.782   5  49.7 100.0  50.3  1.132
 13 0.905   6  49.8 100.0  50.2  1.034
 14 0.756   5  48.5 100.0  51.5  1.134
 15 0.774   4  44.7 100.0  55.3  1.049
 16 0.985   5  43.1 100.0  56.9  1.117
 17 0.879   4  43.9 100.0  56.1  1.165
$$$$$$$$$$$$$$$$$$$$$$$$isother
SPICA325 coach: change player 1 to type 0
SPICA325 coach: change player 9 to type 1
SPICA325 coach: change player 2 to type 16
SPICA325 coach: change player 11 to type 9
SPICA325 coach: change player 4 to type 4
SPICA325 coach: change player 10 to type 13
SPICA325 coach: change player 3 to type 11
SPICA325 coach: change player 5 to type 17
SPICA325 coach: change player 7 to type 8
SPICA325 coach: change player 8 to type 3
SPICA325 coach: change player 6 to type 6
Read Setting: ./data/settings/Other.json
Read Setting: ./data/settings/Other.json
id speed step inc  power  stam  karea
 0 1.000   6  45.0 100.0  55.0  1.085
 1 1.016   7  42.4 100.0  57.6  1.137
 2 0.835   6  50.8 100.0  49.2  1.103
 3 0.877   6  45.9 100.0  54.1  1.124
 4 0.966   6  44.9 100.0  55.1  1.057
 5 0.804   5  47.0 100.0  53.0  1.144
 6 0.840   4  43.3 100.0  56.7  0.995
 7 0.796   5  44.7 100.0  55.3  1.183
 8 0.879   6  49.5 100.0  50.5  1.167
 9 0.985   7  50.0 100.0  50.0  0.988
 10 0.792   4  42.9 100.0  57.1  1.146
 11 0.906   6  48.0 100.0  52.0  1.068
 12 0.782   5  49.7 100.0  50.3  1.132
 13 0.905   6  49.8 100.0  50.2  1.034
 14 0.756   5  48.5 100.0  51.5  1.134
 15 0.774   4  44.7 100.0  55.3  1.049
 16 0.985   5  43.1 100.0  56.9  1.117
 17 0.879   4  43.9 100.0  56.1  1.165
$$$$$$$$$$$$$$$$$$$$$$$$isother
Read Setting: ./data/settings/Other.json
CYRUS_VANILLA coach: change player 1 to type 0
CYRUS_VANILLA coach: change player 9 to type 1
CYRUS_VANILLA coach: change player 2 to type 16
CYRUS_VANILLA coach: change player 11 to type 9
CYRUS_VANILLA coach: change player 4 to type 4
CYRUS_VANILLA coach: change player 10 to type 13
CYRUS_VANILLA coach: change player 3 to type 11
CYRUS_VANILLA coach: change player 5 to type 17
CYRUS_VANILLA coach: change player 7 to type 8
CYRUS_VANILLA coach: change player 8 to type 3
CYRUS_VANILLA coach: change player 6 to type 6
Read Setting: ./data/settings/Other.json
Read Setting: ./data/settings/Other.json
Read Setting: ./data/settings/Other.json
Read Setting: ./data/settings/Other.json
Read Setting: ./data/settings/Other.json
Read Setting: ./data/settings/Other.json
Read Setting: ./data/settings/Other.json
Waiting to kick off
Kick_off_left
CYRUS_VANILLA coach: [93, 0] no player type for opponent 10. restart analysis.
CYRUS_VANILLA coach: [95, 0] no player type for opponent 10. restart analysis.
CYRUS_VANILLA coach: [96, 0] no player type for opponent 2. restart analysis.
SPICA325 coach: [96, 0] no player type for opponent 10. restart analysis.
SPICA325 coach: [96, 0] no player type for opponent 9. restart analysis.
SPICA325 coach: [96, 0] no player type for opponent 4. restart analysis.
CYRUS_VANILLA coach: [97, 0] no player type for opponent 10. restart analysis.
CYRUS_VANILLA coach: [98, 0] no player type for opponent 5. restart analysis.
CYRUS_VANILLA coach: [98, 0] no player type for opponent 11. restart analysis.
SPICA325 coach: [98, 0] no player type for opponent 8. restart analysis.
SPICA325 coach: [98, 0] no player type for opponent 2. restart analysis.
SPICA325 coach: [98, 0] no player type for opponent 9. restart analysis.
SPICA325 coach: [98, 0] no player type for opponent 7. restart analysis.
CYRUS_VANILLA coach: [99, 0] no player type for opponent 11. restart analysis.
SPICA325 coach: [99, 0] no player type for opponent 4. restart analysis.
SPICA325 coach: [99, 0] no player type for opponent 8. restart analysis.
SPICA325 coach: [99, 0] no player type for opponent 7. restart analysis.
SPICA325 coach: [99, 0] no player type for opponent 3. restart analysis.
SPICA325 coach: [100, 0] no player type for opponent 8. restart analysis.
SPICA325 coach: [100, 0] no player type for opponent 5. restart analysis.
CYRUS_VANILLA coach: [100, 0] no player type for opponent 11. restart analysis.
CYRUS_VANILLA coach: [101, 0] no player type for opponent 11. restart analysis.
CYRUS_VANILLA coach: [101, 0] no player type for opponent 8. restart analysis.
SPICA325 coach: [102, 0] no player type for opponent 9. restart analysis.
CYRUS_VANILLA coach: [102, 0] determined opponent 9 type = 1
CYRUS_VANILLA coach: [102, 0] no player type for opponent 8. restart analysis.
SPICA325 coach: [103, 0] no player type for opponent 11. restart analysis.
SPICA325 coach: [103, 0] no player type for opponent 9. restart analysis.
CYRUS_VANILLA coach: [103, 0] no player type for opponent 8. restart analysis.
SPICA325 coach: [104, 0] no player type for opponent 4. restart analysis.
SPICA325 coach: [104, 0] no player type for opponent 8. restart analysis.
SPICA325 coach: [104, 0] no player type for opponent 11. restart analysis.
SPICA325 coach: [104, 0] no player type for opponent 3. restart analysis.
CYRUS_VANILLA coach: [104, 0] no player type for opponent 8. restart analysis.
SPICA325 coach: [105, 0] no player type for opponent 8. restart analysis.
SPICA325 coach: [105, 0] no player type for opponent 11. restart analysis.
CYRUS_VANILLA coach: [105, 0] no player type for opponent 8. restart analysis.
SPICA325 coach: [106, 0] no player type for opponent 11. restart analysis.
SPICA325 coach: [107, 0] no player type for opponent 7. restart analysis.
CYRUS_VANILLA coach: [108, 0] determined opponent 11 type = 9
CYRUS_VANILLA coach: [108, 0] no player type for opponent 7. restart analysis.
CYRUS_VANILLA coach: [108, 0] no player type for opponent 8. restart analysis.
CYRUS_VANILLA coach: [108, 0] determined opponent 4 type = 4
SPICA325 coach: [108, 0] no player type for opponent 7. restart analysis.
SPICA325 coach: [109, 0] no player type for opponent 7. restart analysis.
CYRUS_VANILLA coach: [109, 0] no player type for opponent 3. restart analysis.
layerSize: 3
SPICA325 coach: [110, 0] no player type for opponent 2. restart analysis.
SPICA325 coach: [110, 0] no player type for opponent 5. restart analysis.
CYRUS_VANILLA coach: [110, 0] no player type for opponent 7. restart analysis.
CYRUS_VANILLA coach: [110, 0] no player type for opponent 8. restart analysis.
SPICA325 coach: [111, 0] determined opponent 4 type = 4
SPICA325 coach: [111, 0] no player type for opponent 7. restart analysis.
SPICA325 coach: [112, 0] no player type for opponent 11. restart analysis.
SPICA325 coach: [112, 0] no player type for opponent 6. restart analysis.
CYRUS_VANILLA coach: [112, 0] no player type for opponent 3. restart analysis.
CYRUS_VANILLA coach: [113, 0] no player type for opponent 3. restart analysis.
SPICA325 coach: [113, 0] no player type for opponent 11. restart analysis.
SPICA325 coach: [113, 0] no player type for opponent 6. restart analysis.
SPICA325 coach: [114, 0] determined opponent 2 type = 16
SPICA325 coach: [114, 0] no player type for opponent 6. restart analysis.
SPICA325 coach: [114, 0] determined opponent 1 type = 0
CYRUS_VANILLA coach: [114, 0] no player type for opponent 3. restart analysis.
CYRUS_VANILLA coach: [114, 0] no player type for opponent 6. restart analysis.
CYRUS_VANILLA coach: [114, 0] no player type for opponent 2. restart analysis.
CYRUS_VANILLA coach: [115, 0] no player type for opponent 10. restart analysis.
CYRUS_VANILLA coach: [115, 0] no player type for opponent 3. restart analysis.
SPICA325 coach: [115, 0] no player type for opponent 8. restart analysis.
SPICA325 coach: [115, 0] no player type for opponent 9. restart analysis.
CYRUS_VANILLA coach: [116, 0] no player type for opponent 8. restart analysis.
CYRUS_VANILLA coach: [116, 0] no player type for opponent 6. restart analysis.
SPICA325 coach: [116, 0] no player type for opponent 6. restart analysis.
SPICA325 coach: [116, 0] no player type for opponent 11. restart analysis.
SPICA325 coach: [117, 0] no player type for opponent 10. restart analysis.
SPICA325 coach: [117, 0] no player type for opponent 11. restart analysis.
CYRUS_VANILLA coach: [117, 0] no player type for opponent 6. restart analysis.
SPICA325 coach: [118, 0] no player type for opponent 8. restart analysis.
SPICA325 coach: [118, 0] determined opponent 5 type = 17
CYRUS_VANILLA coach: [118, 0] no player type for opponent 10. restart analysis.
CYRUS_VANILLA coach: [118, 0] no player type for opponent 8. restart analysis.
CYRUS_VANILLA coach: [118, 0] no player type for opponent 6. restart analysis.
CYRUS_VANILLA coach: [119, 0] no player type for opponent 10. restart analysis.
CYRUS_VANILLA coach: [119, 0] no player type for opponent 6. restart analysis.
CYRUS_VANILLA coach: [119, 0] no player type for opponent 8. restart analysis.
SPICA325 coach: [119, 0] no player type for opponent 8. restart analysis.
SPICA325 coach: [119, 0] determined opponent 7 type = 8
CYRUS_VANILLA coach: [120, 0] no player type for opponent 3. restart analysis.
SPICA325 coach: [120, 0] no player type for opponent 8. restart analysis.
SPICA325 coach: [121, 0] no player type for opponent 10. restart analysis.
CYRUS_VANILLA coach: [123, 0] no player type for opponent 7. restart analysis.
CYRUS_VANILLA coach: [123, 0] no player type for opponent 6. restart analysis.
SPICA325 coach: [124, 0] no player type for opponent 8. restart analysis.
SPICA325 coach: [124, 0] determined opponent 11 type = 9
SPICA325 coach: [124, 0] determined opponent 9 type = 1
SPICA325 coach: [125, 0] determined opponent 10 type = 13
CYRUS_VANILLA coach: [125, 0] no player type for opponent 5. restart analysis.
CYRUS_VANILLA coach: [126, 0] no player type for opponent 10. restart analysis.
CYRUS_VANILLA coach: [126, 0] no player type for opponent 3. restart analysis.
SPICA325 coach: [126, 0] no player type for opponent 8. restart analysis.
CYRUS_VANILLA coach: [127, 0] no player type for opponent 7. restart analysis.
SPICA325 coach: [127, 0] no player type for opponent 8. restart analysis.
SPICA325 coach: [128, 0] no player type for opponent 8. restart analysis.
CYRUS_VANILLA coach: [130, 0] no player type for opponent 7. restart analysis.
CYRUS_VANILLA coach: [130, 0] no player type for opponent 10. restart analysis.
CYRUS_VANILLA coach: [130, 0] no player type for opponent 6. restart analysis.
SPICA325 coach: [130, 0] no player type for opponent 8. restart analysis.
SPICA325 coach: [130, 0] no player type for opponent 6. restart analysis.
CYRUS_VANILLA coach: [131, 0] no player type for opponent 7. restart analysis.
CYRUS_VANILLA coach: [131, 0] no player type for opponent 5. restart analysis.
CYRUS_VANILLA coach: [132, 0] no player type for opponent 6. restart analysis.
SPICA325 coach: [133, 0] no player type for opponent 8. restart analysis.
SPICA325 coach: [133, 0] no player type for opponent 6. restart analysis.
SPICA325 coach: [136, 0] no player type for opponent 8. restart analysis.
CYRUS_VANILLA coach: [137, 0] no player type for opponent 5. restart analysis.
SPICA325 coach: [139, 0] no player type for opponent 8. restart analysis.
CYRUS_VANILLA coach: [141, 0] no player type for opponent 10. restart analysis.
SPICA325 coach: [141, 0] no player type for opponent 8. restart analysis.
CYRUS_VANILLA coach: [143, 0] no player type for opponent 7. restart analysis.
CYRUS_VANILLA coach: [144, 0] no player type for opponent 7. restart analysis.
CYRUS_VANILLA coach: [144, 0] determined opponent 6 type = 6
CYRUS_VANILLA coach: [146, 0] no player type for opponent 7. restart analysis.
CYRUS_VANILLA coach: [147, 0] no player type for opponent 7. restart analysis.
SPICA325 coach: [148, 0] no player type for opponent 8. restart analysis.
CYRUS_VANILLA coach: [148, 0] no player type for opponent 7. restart analysis.
SPICA325 coach: [151, 0] no player type for opponent 8. restart analysis.
CYRUS_VANILLA coach: [156, 0] determined opponent 5 type = 17
SPICA325 coach: [156, 0] determined opponent 6 type = 6
CYRUS_VANILLA coach: [161, 0] no player type for opponent 8. restart analysis.
SPICA325 coach: [162, 0] no player type for opponent 8. restart analysis.
CYRUS_VANILLA coach: [166, 0] no player type for opponent 3. restart analysis.
CYRUS_VANILLA coach: [167, 0] no player type for opponent 3. restart analysis.
CYRUS_VANILLA coach: [169, 0] no player type for opponent 8. restart analysis.
CYRUS_VANILLA coach: [170, 0] no player type for opponent 2. restart analysis.
CYRUS_VANILLA coach: [172, 0] determined opponent 1 type = 0
SPICA325 coach: [177, 0] no player type for opponent 8. restart analysis.
CYRUS_VANILLA coach: [178, 0] no player type for opponent 3. restart analysis.
CYRUS_VANILLA coach: [182, 0] no player type for opponent 7. restart analysis.
SPICA325 coach: [183, 0] no player type for opponent 3. restart analysis.
SPICA325 coach: [184, 0] no player type for opponent 8. restart analysis.
CYRUS_VANILLA coach: [184, 0] no player type for opponent 7. restart analysis.
CYRUS_VANILLA coach: [185, 0] no player type for opponent 7. restart analysis.
CYRUS_VANILLA coach: [185, 0] no player type for opponent 8. restart analysis.
CYRUS_VANILLA coach: [185, 0] no player type for opponent 3. restart analysis.
CYRUS_VANILLA coach: [185, 0] no player type for opponent 2. restart analysis.
SPICA325 coach: [186, 0] no player type for opponent 8. restart analysis.
SPICA325 coach: [187, 0] no player type for opponent 8. restart analysis.
CYRUS_VANILLA coach: [187, 0] no player type for opponent 2. restart analysis.
CYRUS_VANILLA coach: [188, 0] no player type for opponent 7. restart analysis.
CYRUS_VANILLA coach: [188, 0] no player type for opponent 8. restart analysis.
CYRUS_VANILLA coach: [189, 0] no player type for opponent 10. restart analysis.
CYRUS_VANILLA coach: [189, 0] no player type for opponent 7. restart analysis.
CYRUS_VANILLA coach: [189, 0] no player type for opponent 3. restart analysis.
SPICA325 coach: [189, 0] no player type for opponent 8. restart analysis.
CYRUS_VANILLA coach: [190, 0] no player type for opponent 10. restart analysis.
CYRUS_VANILLA coach: [191, 0] no player type for opponent 2. restart analysis.
CYRUS_VANILLA coach: [192, 0] no player type for opponent 3. restart analysis.
SPICA325 coach: [192, 0] no player type for opponent 8. restart analysis.
CYRUS_VANILLA coach: [193, 0] no player type for opponent 3. restart analysis.
CYRUS_VANILLA coach: [194, 0] no player type for opponent 7. restart analysis.
CYRUS_VANILLA coach: [195, 0] no player type for opponent 3. restart analysis.
SPICA325 coach: [196, 0] no player type for opponent 8. restart analysis.
CYRUS_VANILLA coach: [196, 0] no player type for opponent 7. restart analysis.
CYRUS_VANILLA coach: [196, 0] no player type for opponent 3. restart analysis.
CYRUS_VANILLA coach: [199, 0] no player type for opponent 10. restart analysis.
CYRUS_VANILLA coach: [199, 0] determined opponent 2 type = 16
SPICA325 coach: [200, 0] no player type for opponent 8. restart analysis.
SPICA325 coach: [201, 0] no player type for opponent 8. restart analysis.
SPICA325 coach: [201, 0] no player type for opponent 3. restart analysis.
CYRUS_VANILLA coach: [201, 0] no player type for opponent 10. restart analysis.
SPICA325 coach: [202, 0] no player type for opponent 8. restart analysis.
SPICA325 coach: [204, 0] no player type for opponent 8. restart analysis.
SPICA325 coach: [205, 0] no player type for opponent 8. restart analysis.
SPICA325 coach: [207, 0] no player type for opponent 8. restart analysis.
CYRUS_VANILLA coach: [207, 0] no player type for opponent 7. restart analysis.
CYRUS_VANILLA coach: [208, 0] no player type for opponent 10. restart analysis.
CYRUS_VANILLA coach: [210, 0] no player type for opponent 7. restart analysis.
CYRUS_VANILLA coach: [215, 0] no player type for opponent 3. restart analysis.
SPICA325 coach: [218, 0] no player type for opponent 8. restart analysis.
CYRUS_VANILLA coach: [220, 0] no player type for opponent 8. restart analysis.
SPICA325 coach: [227, 0] no player type for opponent 3. restart analysis.
SPICA325 coach: [228, 0] no player type for opponent 8. restart analysis.
CYRUS_VANILLA coach: [230, 0] no player type for opponent 8. restart analysis.
CYRUS_VANILLA coach: [233, 0] no player type for opponent 8. restart analysis.
CYRUS_VANILLA coach: [233, 0] determined opponent 3 type = 11
CYRUS_VANILLA coach: [233, 0] determined opponent 10 type = 13
CYRUS_VANILLA coach: [234, 0] determined opponent 7 type = 8
SPICA325 coach: [234, 0] no player type for opponent 8. restart analysis.
SPICA325 coach: [237, 0] no player type for opponent 8. restart analysis.
CYRUS_VANILLA coach: [239, 0] no player type for opponent 8. restart analysis.
CYRUS_VANILLA coach: [242, 0] no player type for opponent 8. restart analysis.
CYRUS_VANILLA coach: [243, 0] no player type for opponent 8. restart analysis.
SPICA325 coach: [255, 0] no player type for opponent 8. restart analysis.
CYRUS_VANILLA coach: [258, 0] no player type for opponent 8. restart analysis.
SPICA325 coach: [260, 0] no player type for opponent 8. restart analysis.
SPICA325 coach: [264, 0] no player type for opponent 8. restart analysis.
SPICA325 coach: [268, 0] no player type for opponent 8. restart analysis.
SPICA325 coach: [278, 0] no player type for opponent 8. restart analysis.
SPICA325 coach: [281, 0] no player type for opponent 8. restart analysis.
SPICA325 coach: [282, 0] no player type for opponent 8. restart analysis.
SPICA325 coach: [283, 0] no player type for opponent 8. restart analysis.
CYRUS_VANILLA coach: [288, 0] no player type for opponent 8. restart analysis.
SPICA325 coach: [290, 0] determined opponent 3 type = 11
SPICA325 coach: [291, 0] determined opponent 8 type = 3
SPICA325 coach: [292, 0] sent freeform (player_types (1 0)(2 16)(3 11)(4 4)(5 17)(6 6)(7 8)(8 3)(9 1)(10 13)(11 9))
SPICA325 coach: [292, 0] freeform 1 / 128
CYRUS_VANILLA coach: [292, 0] sent freeform (player_types (1 0)(2 16)(3 11)(4 4)(5 17)(6 6)(7 8)(8 -1)(9 1)(10 13)(11 9))
CYRUS_VANILLA coach: [292, 0] freeform 1 / 128
CYRUS_VANILLA coach: [293, 0] no player type for opponent 8. restart analysis.
SPICA325 coach: [301, 0] updated clang capacity.
CYRUS_VANILLA coach: [301, 0] updated clang capacity.
CYRUS_VANILLA coach: [312, 0] no player type for opponent 8. restart analysis.
CYRUS_VANILLA coach: [435, 0] no player type for opponent 8. restart analysis.
CYRUS_VANILLA coach: [436, 0] no player type for opponent 8. restart analysis.
CYRUS_VANILLA coach: [460, 0] no player type for opponent 8. restart analysis.
CYRUS_VANILLA coach: [463, 0] no player type for opponent 8. restart analysis.
CYRUS_VANILLA coach: [499, 0] no player type for opponent 8. restart analysis.
CYRUS_VANILLA coach: [601, 0] updated clang capacity.
SPICA325 coach: [601, 0] updated clang capacity.
CYRUS_VANILLA coach: [609, 0] no player type for opponent 8. restart analysis.
CYRUS_VANILLA coach: [612, 0] no player type for opponent 8. restart analysis.
SPICA325 6: [614, 0]  WARNING. no turn_neck.
CYRUS_VANILLA coach: [639, 0] no player type for opponent 8. restart analysis.
CYRUS_VANILLA coach: [645, 0] no player type for opponent 8. restart analysis.
CYRUS_VANILLA coach: [654, 0] no player type for opponent 8. restart analysis.
CYRUS_VANILLA coach: [655, 0] no player type for opponent 8. restart analysis.
CYRUS_VANILLA coach: [657, 0] no player type for opponent 8. restart analysis.
CYRUS_VANILLA coach: [659, 0] no player type for opponent 8. restart analysis.
CYRUS_VANILLA coach: [666, 0] no player type for opponent 8. restart analysis.
CYRUS_VANILLA coach: [672, 0] no player type for opponent 8. restart analysis.
CYRUS_VANILLA coach: [679, 0] no player type for opponent 8. restart analysis.
CYRUS_VANILLA coach: [680, 0] no player type for opponent 8. restart analysis.
CYRUS_VANILLA coach: [683, 0] no player type for opponent 8. restart analysis.
CYRUS_VANILLA coach: [690, 0] no player type for opponent 8. restart analysis.
CYRUS_VANILLA coach: [700, 0] no player type for opponent 8. restart analysis.
CYRUS_VANILLA coach: [702, 0] no player type for opponent 8. restart analysis.
CYRUS_VANILLA coach: [730, 0] no player type for opponent 8. restart analysis.
CYRUS_VANILLA coach: [737, 0] no player type for opponent 8. restart analysis.
CYRUS_VANILLA coach: [739, 0] no player type for opponent 8. restart analysis.
CYRUS_VANILLA coach: [754, 0] no player type for opponent 8. restart analysis.
CYRUS_VANILLA coach: [758, 0] no player type for opponent 8. restart analysis.
CYRUS_VANILLA coach: [791, 0] no player type for opponent 8. restart analysis.
CYRUS_VANILLA coach: [809, 0] no player type for opponent 8. restart analysis.
CYRUS_VANILLA coach: [810, 0] no player type for opponent 8. restart analysis.
CYRUS_VANILLA coach: [811, 0] no player type for opponent 8. restart analysis.
CYRUS_VANILLA coach: [814, 0] no player type for opponent 8. restart analysis.
CYRUS_VANILLA coach: [827, 0] no player type for opponent 8. restart analysis.
CYRUS_VANILLA coach: [829, 0] no player type for opponent 8. restart analysis.
CYRUS_VANILLA coach: [833, 0] no player type for opponent 8. restart analysis.
CYRUS_VANILLA coach: [835, 0] no player type for opponent 8. restart analysis.
CYRUS_VANILLA coach: [837, 0] no player type for opponent 8. restart analysis.
CYRUS_VANILLA coach: [842, 0] no player type for opponent 8. restart analysis.
CYRUS_VANILLA coach: [851, 0] no player type for opponent 8. restart analysis.
CYRUS_VANILLA coach: [861, 0] no player type for opponent 8. restart analysis.
CYRUS_VANILLA coach: [862, 0] no player type for opponent 8. restart analysis.
CYRUS_VANILLA coach: [874, 0] no player type for opponent 8. restart analysis.
CYRUS_VANILLA coach: [875, 0] no player type for opponent 8. restart analysis.
CYRUS_VANILLA coach: [880, 0] no player type for opponent 8. restart analysis.
CYRUS_VANILLA coach: [890, 0] no player type for opponent 8. restart analysis.
CYRUS_VANILLA coach: [891, 0] no player type for opponent 8. restart analysis.
CYRUS_VANILLA coach: [893, 0] no player type for opponent 8. restart analysis.
CYRUS_VANILLA coach: [901, 0] updated clang capacity.
layerSize: 3
SPICA325 coach: [901, 0] updated clang capacity.
CYRUS_VANILLA coach: [903, 0] no player type for opponent 8. restart analysis.
CYRUS_VANILLA coach: [909, 0] no player type for opponent 8. restart analysis.
CYRUS_VANILLA coach: [939, 0] no player type for opponent 8. restart analysis.
CYRUS_VANILLA coach: [943, 0] no player type for opponent 8. restart analysis.
CYRUS_VANILLA coach: [962, 0] no player type for opponent 8. restart analysis.
CYRUS_VANILLA coach: [963, 0] no player type for opponent 8. restart analysis.
CYRUS_VANILLA coach: [965, 0] no player type for opponent 8. restart analysis.
CYRUS_VANILLA coach: [969, 0] no player type for opponent 8. restart analysis.
CYRUS_VANILLA 9: [989, 0] lost kick? at [989, 0] sense=17 internal=18
CYRUS_VANILLA coach: [994, 0] no player type for opponent 8. restart analysis.
CYRUS_VANILLA 5: [1010, 0] lost kick by foul at [1010, 0] sense=12 internal=13
CYRUS_VANILLA coach: [1095, 0] no player type for opponent 8. restart analysis.
CYRUS_VANILLA coach: [1098, 0] no player type for opponent 8. restart analysis.
CYRUS_VANILLA coach: [1099, 0] no player type for opponent 8. restart analysis.
CYRUS_VANILLA coach: [1132, 0] no player type for opponent 8. restart analysis.
CYRUS_VANILLA coach: [1135, 0] no player type for opponent 8. restart analysis.
CYRUS_VANILLA coach: [1136, 0] no player type for opponent 8. restart analysis.
CYRUS_VANILLA 9: [1146, 0] lost kick by foul at [1146, 0] sense=21 internal=22
CYRUS_VANILLA coach: [1156, 0] no player type for opponent 8. restart analysis.
CYRUS_VANILLA coach: [1158, 0] no player type for opponent 8. restart analysis.
CYRUS_VANILLA coach: [1161, 0] no player type for opponent 8. restart analysis.
CYRUS_VANILLA coach: [1172, 0] no player type for opponent 8. restart analysis.
CYRUS_VANILLA coach: [1173, 0] no player type for opponent 8. restart analysis.
CYRUS_VANILLA coach: [1177, 0] no player type for opponent 8. restart analysis.
CYRUS_VANILLA coach: [1179, 0] no player type for opponent 8. restart analysis.
CYRUS_VANILLA coach: [1180, 0] no player type for opponent 8. restart analysis.
CYRUS_VANILLA coach: [1182, 0] no player type for opponent 8. restart analysis.
CYRUS_VANILLA coach: [1193, 0] no player type for opponent 8. restart analysis.
SPICA325 coach: [1201, 0] updated clang capacity.
CYRUS_VANILLA coach: [1201, 0] updated clang capacity.
CYRUS_VANILLA coach: [1203, 0] no player type for opponent 8. restart analysis.
CYRUS_VANILLA coach: [1208, 0] no player type for opponent 8. restart analysis.
CYRUS_VANILLA coach: [1210, 0] no player type for opponent 8. restart analysis.
CYRUS_VANILLA coach: [1213, 0] no player type for opponent 8. restart analysis.
CYRUS_VANILLA coach: [1231, 0] no player type for opponent 8. restart analysis.
CYRUS_VANILLA coach: [1243, 0] no player type for opponent 8. restart analysis.
SPICA325 11: [1243, 0]  WARNING. no turn_neck.
CYRUS_VANILLA coach: [1248, 0] no player type for opponent 8. restart analysis.
CYRUS_VANILLA coach: [1249, 0] no player type for opponent 8. restart analysis.
CYRUS_VANILLA coach: [1250, 0] no player type for opponent 8. restart analysis.
CYRUS_VANILLA coach: [1277, 0] no player type for opponent 8. restart analysis.
CYRUS_VANILLA coach: [1278, 0] no player type for opponent 8. restart analysis.
CYRUS_VANILLA coach: [1280, 0] no player type for opponent 8. restart analysis.
CYRUS_VANILLA coach: [1286, 0] no player type for opponent 8. restart analysis.
CYRUS_VANILLA coach: [1292, 0] no player type for opponent 8. restart analysis.
CYRUS_VANILLA coach: [1293, 0] no player type for opponent 8. restart analysis.
CYRUS_VANILLA 6: [1303, 0] lost kick by foul at [1303, 0] sense=14 internal=15
CYRUS_VANILLA coach: [1314, 0] no player type for opponent 8. restart analysis.
CYRUS_VANILLA coach: [1315, 0] no player type for opponent 8. restart analysis.
CYRUS_VANILLA coach: [1323, 0] no player type for opponent 8. restart analysis.
CYRUS_VANILLA coach: [1324, 0] no player type for opponent 8. restart analysis.
CYRUS_VANILLA coach: [1327, 0] no player type for opponent 8. restart analysis.
CYRUS_VANILLA coach: [1332, 0] no player type for opponent 8. restart analysis.
CYRUS_VANILLA coach: [1335, 0] no player type for opponent 8. restart analysis.
CYRUS_VANILLA coach: [1385, 0] no player type for opponent 8. restart analysis.
CYRUS_VANILLA coach: [1391, 0] no player type for opponent 8. restart analysis.
CYRUS_VANILLA coach: [1401, 0] no player type for opponent 8. restart analysis.
CYRUS_VANILLA coach: [1425, 0] determined opponent 8 type = 3
CYRUS_VANILLA coach: [1470, 0] sent freeform (player_types (1 0)(2 16)(3 11)(4 4)(5 17)(6 6)(7 8)(8 3)(9 1)(10 13)(11 9))
CYRUS_VANILLA coach: [1470, 0] freeform 2 / 128
CYRUS_VANILLA coach: [1501, 0] updated clang capacity.
SPICA325 coach: [1501, 0] updated clang capacity.
CYRUS_VANILLA coach: [1801, 0] updated clang capacity.
SPICA325 coach: [1801, 0] updated clang capacity.
SPICA325 10: [1939, 0]  WARNING. no body command.
CYRUS_VANILLA coach: [2101, 0] updated clang capacity.
SPICA325 coach: [2101, 0] updated clang capacity.
5 [2178, 0] no ball position cache.
5 [2178, 0] no ball position cache.
5 [2178, 0] Interecet Self cache is empty!
CYRUS_VANILLA 11: [2386, 0]  WARNING. no turn_neck.
CYRUS_VANILLA 11: [2387, 0]  WARNING. no turn_neck.
SPICA325 coach: [2401, 0] updated clang capacity.
CYRUS_VANILLA coach: [2401, 0] updated clang capacity.
SPICA325 7: [2505, 0] lost kick by foul at [2505, 0] sense=40 internal=41
CYRUS_VANILLA 10: [2528, 0] lost kick? at [2528, 0] sense=22 internal=23
SPICA325 coach: [2701, 0] updated clang capacity.
CYRUS_VANILLA coach: [2701, 0] updated clang capacity.
CYRUS_VANILLA 11: [2987, 0]  WARNING. no turn_neck.
Waiting to kick off
Kick_off_right
SPICA325 coach: [3001, 0] updated clang capacity.
CYRUS_VANILLA coach: [3001, 0] updated clang capacity.
CYRUS_VANILLA coach: [3301, 0] updated clang capacity.
SPICA325 coach: [3301, 0] updated clang capacity.
SPICA325 7: [3437, 0]  WARNING. no body command.
SPICA325 coach: [3601, 0] updated clang capacity.
CYRUS_VANILLA coach: [3601, 0] updated clang capacity.
SPICA325 9: [3692, 0] lost kick by foul at [3692, 0] sense=136 internal=137
CYRUS_VANILLA 10: [3847, 0]  WARNING. no turn_neck.
SPICA325 coach: [3901, 0] updated clang capacity.
CYRUS_VANILLA coach: [3901, 0] updated clang capacity.
CYRUS_VANILLA 11: [3908, 0] lost kick by foul at [3908, 0] sense=96 internal=97
SPICA325 11: [3982, 0]  WARNING. no turn_neck.
SPICA325 7: [4138, 0] over dash power range: 109.428
SPICA325 9: [4140, 0]  WARNING. no turn_neck.
SPICA325 9: [4141, 0]  WARNING. no turn_neck.
CYRUS_VANILLA coach: [4201, 0] updated clang capacity.
SPICA325 coach: [4201, 0] updated clang capacity.
CYRUS_VANILLA 10: [4247, 0]  WARNING. no turn_neck.
8 [4291, 0] no ball position cache.
8 [4291, 0] no ball position cache.
8 [4291, 0] Interecet Self cache is empty!
CYRUS_VANILLA 11: [4342, 0] lost kick by foul at [4342, 0] sense=114 internal=115
SPICA325 coach: [4501, 0] updated clang capacity.
CYRUS_VANILLA coach: [4501, 0] updated clang capacity.
SPICA325 4: [4746, 0] lost kick by foul at [4746, 0] sense=17 internal=18
SPICA325 coach: [4801, 0] updated clang capacity.
CYRUS_VANILLA coach: [4801, 0] updated clang capacity.
CYRUS_VANILLA 11: [5069, 0]  WARNING. no turn_neck.
CYRUS_VANILLA 7: [5076, 0]  WARNING. no turn_neck.
CYRUS_VANILLA 5: [5079, 0] lost kick by foul at [5079, 0] sense=57 internal=58
SPICA325 coach: [5101, 0] updated clang capacity.
CYRUS_VANILLA coach: [5101, 0] updated clang capacity.
SPICA325 coach: [5401, 0] updated clang capacity.
CYRUS_VANILLA coach: [5401, 0] updated clang capacity.
CYRUS_VANILLA 7: [5627, 0] lost kick by foul at [5627, 0] sense=106 internal=107
CYRUS_VANILLA 8: [5678, 0] lost kick by foul at [5678, 0] sense=31 internal=32
CYRUS_VANILLA coach: [5701, 0] updated clang capacity.
SPICA325 coach: [5701, 0] updated clang capacity.
SPICA325 coach: change player 10 to type 2
SPICA325 coach: change player 11 to type 5
SPICA325 coach: change player 7 to type 10
CYRUS_VANILLA coach: [5924, 0] no player type for opponent 10. restart analysis.
CYRUS_VANILLA coach: [5931, 0] no player type for opponent 10. restart analysis.
CYRUS_VANILLA coach: [5951, 0] no player type for opponent 10. restart analysis.
CYRUS_VANILLA coach: [5960, 0] no player type for opponent 7. restart analysis.
CYRUS_VANILLA coach: [5962, 0] no player type for opponent 10. restart analysis.
CYRUS_VANILLA coach: [5963, 0] no player type for opponent 11. restart analysis.
CYRUS_VANILLA coach: [5975, 0] no player type for opponent 7. restart analysis.
CYRUS_VANILLA coach: [5975, 0] no player type for opponent 10. restart analysis.
CYRUS_VANILLA coach: [5981, 0] no player type for opponent 10. restart analysis.
CYRUS_VANILLA coach: change player 8 to type 2
CYRUS_VANILLA coach: change player 11 to type 5
CYRUS_VANILLA coach: change player 10 to type 10
SPICA325 3: finished.
CYRUS_VANILLA 6: finished.
CYRUS_VANILLA 3: finished.
CYRUS_VANILLA 11: finished.
SPICA325 4: finished.
SPICA325 6: finished.
SPICA325 1: finished.
CYRUS_VANILLA coach: [6000, 0] new freeform allowed 256
CYRUS_VANILLA coach: finished.
SPICA325 7: finished.
SPICA325 11: finished.
SPICA325 8: finished.
SPICA325 5: finished.
CYRUS_VANILLA 9: finished.
CYRUS_VANILLA 4: finished.
CYRUS_VANILLA 5: finished.
CYRUS_VANILLA 1: finished.
CYRUS_VANILLA 7: finished.
SPICA325 9: finished.
CYRUS_VANILLA 2: finished.
CYRUS_VANILLA 10: finished.
SPICA325 10: finished.
CYRUS_VANILLA 8: finished.
SPICA325 coach: [6000, 0] new freeform allowed 256
SPICA325 coach: finished.
SPICA325 2: finished.
Waiting after end of match
A player disconnected : (SPICA325 3)
A player disconnected : (CYRUS_VANILLA 3)
A player disconnected : (CYRUS_VANILLA 11)
A player disconnected : (CYRUS_VANILLA 6)
A player disconnected : (SPICA325 6)
A player disconnected : (SPICA325 4)
A player disconnected : (SPICA325 1)
A player disconnected : (SPICA325 8)
A player disconnected : (CYRUS_VANILLA 5)
A player disconnected : (SPICA325 11)
A player disconnected : (CYRUS_VANILLA 1)
A player disconnected : (SPICA325 7)
A player disconnected : (CYRUS_VANILLA 4)
A player disconnected : (SPICA325 9)
A player disconnected : (CYRUS_VANILLA 10)
A player disconnected : (SPICA325 5)
A player disconnected : (CYRUS_VANILLA 9)
A player disconnected : (CYRUS_VANILLA 7)
A player disconnected : (SPICA325 10)
A player disconnected : (CYRUS_VANILLA 8)
A player disconnected : (CYRUS_VANILLA 2)
An online coach disconnected : (CYRUS_VANILLA)
An online coach disconnected : (SPICA325)
A player disconnected : (SPICA325 2)
Killing 9154
Killing 9167

Game Over. Exiting...

Saving Results:
	CSVSaver: saving...
	CSVSaver: ...disabled
	STDOutSaver: saving...

Game Results:
	2026-06-27 10:52:44
	'SPICA325' vs 'CYRUS_VANILLA'
	Score: 0 - 0
 
	STDOutSaver: ...saved

Saving Results Complete
