rcssserver-19.0.0

Copyright (C) 1995, 1996, 1997, 1998, 1999 Electrotechnical Laboratory.
2000 - RoboCup Soccer Simulator Maintenance Group.

Simulator Random Seed: 1782550583
CSVSaver: Ready
STDOutSaver: Ready
Using simulator's random seed as Hetero Player Seed: 1782550583
******************************************************************
 HELIOS base
 Created by Hidehisa Akiyama and Hiroki Shimora
 Copyright 2000-2007.  Hidehisa Akiyama
 Copyright 2007-2011.  Hidehisa Akiyama and Hiroki Shimora
 All rights reserved.
******************************************************************
PING localhost (127.0.0.1) 56(84) bytes of data.
64 bytes from localhost (127.0.0.1): icmp_seq=1 ttl=64 time=0.038 ms

--- localhost ping statistics ---
1 packets transmitted, 1 received, 0% packet loss, time 0ms
rtt min/avg/max/mdev = 0.038/0.038/0.038/0.000 ms
******************************************************************
 librcsc 
 Copyright 2000 - 2007. Hidehisa Akiyama.
 Copyright 2007 - 2011. Hidehisa Akiyama and Hiroki Shimora
 Copyright 2011 -  Hidehisa Akiyama, Hiroki Shimora
   Takuya Fukushima (2019-)
 All rights reserved.
******************************************************************
*****************************************************************
 This program is based on agent2d created by Hidehisa Akiyama.
 Copyright 2006 - 2011. Hidehisa Akiyama and Hiroki Shimora.
 All rights reserved.
*****************************************************************
SPICA325: init ok.  unum: 1 side: l
SPICA325 1: [-1, 0] (v18+) force synch see mode.
wind factor: rand: 0.000000, vector: (0.000000, 0.000000)

Hit CTRL-C to exit
Starting "/bin/sh -c scripts/team_launchers/spica325_left.sh"
Waiting for players to connect
A new (v18) player (SPICA325 1) connected.
******************************************************************
 HELIOS base
 Created by Hidehisa Akiyama and Hiroki Shimora
 Copyright 2000-2007.  Hidehisa Akiyama
 Copyright 2007-2011.  Hidehisa Akiyama and Hiroki Shimora
 All rights reserved.
******************************************************************
PING localhost (127.0.0.1) 56(84) bytes of data.
64 bytes from localhost (127.0.0.1): icmp_seq=1 ttl=64 time=0.029 ms

--- localhost ping statistics ---
1 packets transmitted, 1 received, 0% packet loss, time 0ms
rtt min/avg/max/mdev = 0.029/0.029/0.029/0.000 ms
******************************************************************
 librcsc 
 Copyright 2000 - 2007. Hidehisa Akiyama.
 Copyright 2007 - 2011. Hidehisa Akiyama and Hiroki Shimora
 Copyright 2011 -  Hidehisa Akiyama, Hiroki Shimora
   Takuya Fukushima (2019-)
 All rights reserved.
******************************************************************
SPICA325 1:  KickTable created.
SPICA325 1: [-1, 0] set synch see mode.
*****************************************************************
 This program is based on agent2d created by Hidehisa Akiyama.
 Copyright 2006 - 2011. Hidehisa Akiyama and Hiroki Shimora.
 All rights reserved.
*****************************************************************
CYRUS_VANILLA: init ok.  unum: 1 side: r
CYRUS_VANILLA 1: [-1, 0] (v18+) force synch see mode.
Starting "/bin/sh -c scripts/team_launchers/cyrus_vanilla_right.sh"
A new (v18) player (CYRUS_VANILLA 1) connected.
CYRUS_VANILLA 1:  KickTable created.
CYRUS_VANILLA 1: [-1, 0] set synch see mode.
Read Setting: ./data/settings/Other.json
Read Setting: ./data/settings/Other.json
******************************************************************
 librcsc 
 Copyright 2000 - 2007. Hidehisa Akiyama.
 Copyright 2007 - 2011. Hidehisa Akiyama and Hiroki Shimora
 Copyright 2011 -  Hidehisa Akiyama, Hiroki Shimora
   Takuya Fukushima (2019-)
 All rights reserved.
******************************************************************
******************************************************************
 librcsc 
 Copyright 2000 - 2007. Hidehisa Akiyama.
 Copyright 2007 - 2011. Hidehisa Akiyama and Hiroki Shimora
 Copyright 2011 -  Hidehisa Akiyama, Hiroki Shimora
   Takuya Fukushima (2019-)
 All rights reserved.
******************************************************************
******************************************************************
 librcsc 
 Copyright 2000 - 2007. Hidehisa Akiyama.
 Copyright 2007 - 2011. Hidehisa Akiyama and Hiroki Shimora
 Copyright 2011 -  Hidehisa Akiyama, Hiroki Shimora
   Takuya Fukushima (2019-)
 All rights reserved.
******************************************************************
******************************************************************
 librcsc 
 Copyright 2000 - 2007. Hidehisa Akiyama.
 Copyright 2007 - 2011. Hidehisa Akiyama and Hiroki Shimora
 Copyright 2011 -  Hidehisa Akiyama, Hiroki Shimora
   Takuya Fukushima (2019-)
 All rights reserved.
******************************************************************
******************************************************************
 librcsc 
 Copyright 2000 - 2007. Hidehisa Akiyama.
 Copyright 2007 - 2011. Hidehisa Akiyama and Hiroki Shimora
 Copyright 2011 -  Hidehisa Akiyama, Hiroki Shimora
   Takuya Fukushima (2019-)
 All rights reserved.
******************************************************************
******************************************************************
 librcsc 
 Copyright 2000 - 2007. Hidehisa Akiyama.
 Copyright 2007 - 2011. Hidehisa Akiyama and Hiroki Shimora
 Copyright 2011 -  Hidehisa Akiyama, Hiroki Shimora
   Takuya Fukushima (2019-)
 All rights reserved.
******************************************************************
******************************************************************
 librcsc 
 Copyright 2000 - 2007. Hidehisa Akiyama.
 Copyright 2007 - 2011. Hidehisa Akiyama and Hiroki Shimora
 Copyright 2011 -  Hidehisa Akiyama, Hiroki Shimora
   Takuya Fukushima (2019-)
 All rights reserved.
******************************************************************
******************************************************************
 librcsc 
 Copyright 2000 - 2007. Hidehisa Akiyama.
 Copyright 2007 - 2011. Hidehisa Akiyama and Hiroki Shimora
 Copyright 2011 -  Hidehisa Akiyama, Hiroki Shimora
   Takuya Fukushima (2019-)
 All rights reserved.
******************************************************************
******************************************************************
 librcsc 
 Copyright 2000 - 2007. Hidehisa Akiyama.
 Copyright 2007 - 2011. Hidehisa Akiyama and Hiroki Shimora
 Copyright 2011 -  Hidehisa Akiyama, Hiroki Shimora
   Takuya Fukushima (2019-)
 All rights reserved.
******************************************************************
*****************************************************************
 This program is based on agent2d created by Hidehisa Akiyama.
 Copyright 2006 - 2011. Hidehisa Akiyama and Hiroki Shimora.
 All rights reserved.
*****************************************************************
******************************************************************
 librcsc 
 Copyright 2000 - 2007. Hidehisa Akiyama.
 Copyright 2007 - 2011. Hidehisa Akiyama and Hiroki Shimora
 Copyright 2011 -  Hidehisa Akiyama, Hiroki Shimora
   Takuya Fukushima (2019-)
 All rights reserved.
******************************************************************
A new (v18) player (SPICA325 2) connected.
SPICA325: init ok.  unum: 2 side: l
SPICA325 2: [-1, 0] (v18+) force synch see mode.
******************************************************************
 librcsc 
 Copyright 2000 - 2007. Hidehisa Akiyama.
 Copyright 2007 - 2011. Hidehisa Akiyama and Hiroki Shimora
 Copyright 2011 -  Hidehisa Akiyama, Hiroki Shimora
   Takuya Fukushima (2019-)
 All rights reserved.
******************************************************************
*****************************************************************
 This program is based on agent2d created by Hidehisa Akiyama.
 Copyright 2006 - 2011. Hidehisa Akiyama and Hiroki Shimora.
 All rights reserved.
*****************************************************************
*****************************************************************
 This program is based on agent2d created by Hidehisa Akiyama.
 Copyright 2006 - 2011. Hidehisa Akiyama and Hiroki Shimora.
 All rights reserved.
*****************************************************************
*****************************************************************
 This program is based on agent2d created by Hidehisa Akiyama.
 Copyright 2006 - 2011. Hidehisa Akiyama and Hiroki Shimora.
 All rights reserved.
*****************************************************************
******************************************************************
 librcsc 
 Copyright 2000 - 2007. Hidehisa Akiyama.
 Copyright 2007 - 2011. Hidehisa Akiyama and Hiroki Shimora
 Copyright 2011 -  Hidehisa Akiyama, Hiroki Shimora
   Takuya Fukushima (2019-)
 All rights reserved.
******************************************************************
*****************************************************************
 This program is based on agent2d created by Hidehisa Akiyama.
 Copyright 2006 - 2011. Hidehisa Akiyama and Hiroki Shimora.
 All rights reserved.
*****************************************************************
*****************************************************************
 This program is based on agent2d created by Hidehisa Akiyama.
 Copyright 2006 - 2011. Hidehisa Akiyama and Hiroki Shimora.
 All rights reserved.
*****************************************************************
A new (v18) player (SPICA325 3) connected.
*****************************************************************
 This program is based on agent2d created by Hidehisa Akiyama.
 Copyright 2006 - 2011. Hidehisa Akiyama and Hiroki Shimora.
 All rights reserved.
*****************************************************************
A new (v18) player (SPICA325 4) connected.
SPICA325: init ok.  unum: 5 side: l
SPICA325 5: [-1, 0] (v18+) force synch see mode.
A new (v18) player (SPICA325 5) connected.
A new (v18) player (SPICA325 6) connected.
A new (v18) player (SPICA325 7) connected.
SPICA325: init ok.  unum: 4 side: l
A new (v18) online coach (SPICA325) connected.
SPICA325: init ok.  unum: SPICA325 4: 3[ side: -1, 0] (v18+) force synch see mode.
l
SPICA325 3: [-1, 0] (v18+) force synch see mode.
******************************************************************
 librcsc 
 Copyright 2000 - 2007. Hidehisa Akiyama.
 Copyright 2007 - 2011. Hidehisa Akiyama and Hiroki Shimora
 Copyright 2011 -  Hidehisa Akiyama, Hiroki Shimora
   Takuya Fukushima (2019-)
 All rights reserved.
******************************************************************
SPICA325: init ok.  unum: 7 side: l
******************************************************************
 librcsc 
 Copyright 2000 - 2007. Hidehisa Akiyama.
 Copyright 2007 - 2011. Hidehisa Akiyama and Hiroki Shimora
 Copyright 2011 -  Hidehisa Akiyama, Hiroki Shimora
   Takuya Fukushima (2019-)
 All rights reserved.
******************************************************************
SPICA325 7: [-1, 0] (v18+) force synch see mode.
SPICA325: init ok.  unum: 6 side: l
SPICA325 6: [-1, 0] (v18+) force synch see mode.
SPICA325 coach: [-1, 0] recv (ok eye on)
SPICA325 2:  KickTable created.
SPICA325 2: [-1, 0] set synch see mode.
******************************************************************
 librcsc 
 Copyright 2000 - 2007. Hidehisa Akiyama.
 Copyright 2007 - 2011. Hidehisa Akiyama and Hiroki Shimora
 Copyright 2011 -  Hidehisa Akiyama, Hiroki Shimora
   Takuya Fukushima (2019-)
 All rights reserved.
******************************************************************
*****************************************************************
 This program is based on agent2d created by Hidehisa Akiyama.
 Copyright 2006 - 2011. Hidehisa Akiyama and Hiroki Shimora.
 All rights reserved.
*****************************************************************
*****************************************************************
 This program is based on agent2d created by Hidehisa Akiyama.
 Copyright 2006 - 2011. Hidehisa Akiyama and Hiroki Shimora.
 All rights reserved.
*****************************************************************
******************************************************************
 librcsc 
 Copyright 2000 - 2007. Hidehisa Akiyama.
 Copyright 2007 - 2011. Hidehisa Akiyama and Hiroki Shimora
 Copyright 2011 -  Hidehisa Akiyama, Hiroki Shimora
   Takuya Fukushima (2019-)
 All rights reserved.
******************************************************************
*****************************************************************
 This program is based on agent2d created by Hidehisa Akiyama.
 Copyright 2006 - 2011. Hidehisa Akiyama and Hiroki Shimora.
 All rights reserved.
*****************************************************************
******************************************************************
 librcsc 
 Copyright 2000 - 2007. Hidehisa Akiyama.
 Copyright 2007 - 2011. Hidehisa Akiyama and Hiroki Shimora
 Copyright 2011 -  Hidehisa Akiyama, Hiroki Shimora
   Takuya Fukushima (2019-)
 All rights reserved.
******************************************************************
A new (v18) player (SPICA325 8) connected.
A new (v18) player (SPICA325 9) connected.
A new (v18) player (SPICA325 10) connected.
SPICA325: init ok.  unum: 8 side: l
SPICA325 8: [-1, 0] (v18+) force synch see mode.
SPICA325: init ok.  unum: 9 side: l
SPICA325 9: [-1, 0] (v18+) force synch see mode.
SPICA325: init ok.  unum: 10 side: l
SPICA325 10: [-1, 0] (v18+) force synch see mode.
Read Setting: ./data/settings/Other.json
SPICA325 3:  KickTable created.
SPICA325 3: [-1, 0] set synch see mode.
*****************************************************************
 This program is based on agent2d created by Hidehisa Akiyama.
 Copyright 2006 - 2011. Hidehisa Akiyama and Hiroki Shimora.
 All rights reserved.
*****************************************************************
SPICA325 7:  KickTable created.
A new (v18) player (CYRUS_VANILLA 2) connected.
******************************************************************
 librcsc 
 Copyright 2000 - 2007. Hidehisa Akiyama.
 Copyright 2007 - 2011. Hidehisa Akiyama and Hiroki Shimora
 Copyright 2011 -  Hidehisa Akiyama, Hiroki Shimora
   Takuya Fukushima (2019-)
 All rights reserved.
******************************************************************
******************************************************************
 librcsc 
 Copyright 2000 - 2007. Hidehisa Akiyama.
 Copyright 2007 - 2011. Hidehisa Akiyama and Hiroki Shimora
 Copyright 2011 -  Hidehisa Akiyama, Hiroki Shimora
   Takuya Fukushima (2019-)
 All rights reserved.
******************************************************************
CYRUS_VANILLA: init ok.  unum: 2 side: r
CYRUS_VANILLA 2: [-1, 0] (v18+) force synch see mode.
SPICA325 4:  KickTable created.
SPICA325 4: [-1, 0] set synch see mode.
*****************************************************************
 This program is based on agent2d created by Hidehisa Akiyama.
 Copyright 2006 - 2011. Hidehisa Akiyama and Hiroki Shimora.
 All rights reserved.
*****************************************************************
A new (v18) player (SPICA325 11) connected.
SPICA325: init ok.  unum: 11 side: l
SPICA325 11: [-1, 0] (v18+) force synch see mode.
SPICA325 7: [-1, 0] set synch see mode.
******************************************************************
 librcsc 
 Copyright 2000 - 2007. Hidehisa Akiyama.
 Copyright 2007 - 2011. Hidehisa Akiyama and Hiroki Shimora
 Copyright 2011 -  Hidehisa Akiyama, Hiroki Shimora
   Takuya Fukushima (2019-)
 All rights reserved.
******************************************************************
SPICA325 5:  KickTable created.
SPICA325 5: [-1, 0] set synch see mode.
******************************************************************
 librcsc 
 Copyright 2000 - 2007. Hidehisa Akiyama.
 Copyright 2007 - 2011. Hidehisa Akiyama and Hiroki Shimora
 Copyright 2011 -  Hidehisa Akiyama, Hiroki Shimora
   Takuya Fukushima (2019-)
 All rights reserved.
******************************************************************
SPICA325 6:  KickTable created.
SPICA325 6: [-1, 0] set synch see mode.
SPICA325 8:  KickTable created.
*****************************************************************
 This program is based on agent2d created by Hidehisa Akiyama.
 Copyright 2006 - 2011. Hidehisa Akiyama and Hiroki Shimora.
 All rights reserved.
*****************************************************************
SPICA325 8: [-1, 0] set synch see mode.
******************************************************************
 librcsc 
 Copyright 2000 - 2007. Hidehisa Akiyama.
 Copyright 2007 - 2011. Hidehisa Akiyama and Hiroki Shimora
 Copyright 2011 -  Hidehisa Akiyama, Hiroki Shimora
   Takuya Fukushima (2019-)
 All rights reserved.
******************************************************************
*****************************************************************
 This program is based on agent2d created by Hidehisa Akiyama.
 Copyright 2006 - 2011. Hidehisa Akiyama and Hiroki Shimora.
 All rights reserved.
*****************************************************************
*****************************************************************
 This program is based on agent2d created by Hidehisa Akiyama.
 Copyright 2006 - 2011. Hidehisa Akiyama and Hiroki Shimora.
 All rights reserved.
*****************************************************************
SPICA325 9:  KickTable created.
*****************************************************************
 This program is based on agent2d created by Hidehisa Akiyama.
 Copyright 2006 - 2011. Hidehisa Akiyama and Hiroki Shimora.
 All rights reserved.
*****************************************************************
SPICA325 9: [-1, 0] set synch see mode.
Read Setting: ./data/settings/Other.json
Read Setting: ./data/settings/Other.json
Read Setting: ./data/settings/Other.json
Read Setting: ./data/settings/Other.json
Read Setting: ./data/settings/Other.json
A new (v18) player (CYRUS_VANILLA 3) connected.
A new (v18) player (CYRUS_VANILLA 4) connected.
A new (v18) player (CYRUS_VANILLA 5) connected.
A new (v18) online coach (CYRUS_VANILLA) connected.
CYRUS_VANILLA: init ok.  unum: 3 side: r
CYRUS_VANILLA 3: [-1, 0] (v18+) force synch see mode.
*****************************************************************
 This program is based on agent2d created by Hidehisa Akiyama.
 Copyright 2006 - 2011. Hidehisa Akiyama and Hiroki Shimora.
 All rights reserved.
*****************************************************************
SPICA325 10:  KickTable created.
CYRUS_VANILLA: init ok.  unum: 4 side: r
CYRUS_VANILLA 4: [-1, 0] (v18+) force synch see mode.
SPICA325 10: [-1, 0] set synch see mode.
CYRUS_VANILLA: init ok.  unum: 5 side: r
CYRUS_VANILLA 5: [-1, 0] (v18+) force synch see mode.
*****************************************************************
 This program is based on agent2d created by Hidehisa Akiyama.
 Copyright 2006 - 2011. Hidehisa Akiyama and Hiroki Shimora.
 All rights reserved.
*****************************************************************
*****************************************************************
 This program is based on agent2d created by Hidehisa Akiyama.
 Copyright 2006 - 2011. Hidehisa Akiyama and Hiroki Shimora.
 All rights reserved.
*****************************************************************
A new (v18) player (CYRUS_VANILLA 6) connected.
CYRUS_VANILLA: init ok.  unum: 7 side: r
CYRUS_VANILLA 7: [-1, 0] (v18+) force synch see mode.
A new (v18) player (CYRUS_VANILLA 7) connected.
CYRUS_VANILLA: init ok.  unum: 8 side: r
CYRUS_VANILLA 8: [-1, 0] (v18+) force synch see mode.
A new (v18) player (CYRUS_VANILLA 8) connected.
CYRUS_VANILLA coach: [-1, 0] recv (ok eye on)
*****************************************************************
 This program is based on agent2d created by Hidehisa Akiyama.
 Copyright 2006 - 2011. Hidehisa Akiyama and Hiroki Shimora.
 All rights reserved.
*****************************************************************
CYRUS_VANILLA: init ok.  unum: 9 side: r
CYRUS_VANILLA 9: [-1, 0] (v18+) force synch see mode.
A new (v18) player (CYRUS_VANILLA 9) connected.
CYRUS_VANILLA: init ok.  unum: 6 side: r
CYRUS_VANILLA 6: [-1, 0] (v18+) force synch see mode.
*****************************************************************
 This program is based on agent2d created by Hidehisa Akiyama.
 Copyright 2006 - 2011. Hidehisa Akiyama and Hiroki Shimora.
 All rights reserved.
*****************************************************************
CYRUS_VANILLA 2:  KickTable created.
CYRUS_VANILLA 2: [-1, 0] set synch see mode.
A new (v18) player (CYRUS_VANILLA 10) connected.
CYRUS_VANILLA: init ok.  unum: 10 side: r
CYRUS_VANILLA 10: [-1, 0] (v18+) force synch see mode.
*****************************************************************
 This program is based on agent2d created by Hidehisa Akiyama.
 Copyright 2006 - 2011. Hidehisa Akiyama and Hiroki Shimora.
 All rights reserved.
*****************************************************************
CYRUS_VANILLA 8:  KickTable created.
A new (v18) player (CYRUS_VANILLA 11) connected.
CYRUS_VANILLA 8: [-1, 0] set synch see mode.
CYRUS_VANILLA: init ok.  unum: 11 side: r
CYRUS_VANILLA 11: [-1, 0] (v18+) force synch see mode.
SPICA325 11:  KickTable created.
SPICA325 11: [-1, 0] set synch see mode.
CYRUS_VANILLA 5:  KickTable created.
CYRUS_VANILLA 7:  KickTable created.
CYRUS_VANILLA 7: [-1, 0] set synch see mode.
CYRUS_VANILLA 9:  KickTable created.
CYRUS_VANILLA 9: [-1, 0] set synch see mode.
CYRUS_VANILLA 5: [-1, 0] set synch see mode.
CYRUS_VANILLA 4:  KickTable created.
CYRUS_VANILLA 4: [-1, 0] set synch see mode.
CYRUS_VANILLA 3:  KickTable created.
CYRUS_VANILLA 6:  KickTable created.
CYRUS_VANILLA 3: [-1, 0] set synch see mode.
CYRUS_VANILLA 6: [-1, 0] set synch see mode.
CYRUS_VANILLA 11:  KickTable created.
CYRUS_VANILLA 11: [-1, 0] set synch see mode.
CYRUS_VANILLA 10:  KickTable created.
CYRUS_VANILLA 10: [-1, 0] set synch see mode.
Read Setting: ./data/settings/Other.json
Read Setting: ./data/settings/Other.json
Read Setting: ./data/settings/Other.json
Read Setting: ./data/settings/Other.json
id speed step inc  power  stam  karea
 0 1.000   6  45.0 100.0  55.0  1.085
 1 0.776   5  48.0 100.0  52.0  1.018
 2 0.983   7  44.1 100.0  55.9  1.132
 3 0.907   7  47.7 100.0  52.3  0.993
 4 0.889   5  47.9 100.0  52.1  1.101
 5 1.036   7  41.3 100.0  58.7  1.041
 6 0.782   4  44.2 100.0  55.8  1.085
 7 0.978   7  42.7 100.0  57.3  1.016
 8 1.031   5  40.6 100.0  59.4  1.119
 9 0.959   5  41.2 100.0  58.8  1.166
 10 0.883   6  51.7 100.0  48.3  0.996
 11 1.007   6  44.4 100.0  55.6  1.121
 12 0.859   4  43.7 100.0  56.3  1.043
 13 0.808   5  44.0 100.0  56.0  1.033
 14 0.754   5  48.7 100.0  51.3  1.171
 15 0.943   4  40.2 100.0  59.8  1.130
 16 0.848   6  51.3 100.0  48.7  1.037
 17 0.984   5  41.6 100.0  58.4  0.990
$$$$$$$$$$$$$$$$$$$$$$$$isother
SPICA325 coach: change player 1 to type 0
SPICA325 coach: change player 9 to type 8
SPICA325 coach: change player 2 to type 5
SPICA325 coach: change player 11 to type 11
SPICA325 coach: change player 4 to type 17
SPICA325 coach: change player 10 to type 2
SPICA325 coach: change player 3 to type 7
SPICA325 coach: change player 5 to type 9
SPICA325 coach: change player 7 to type 15
SPICA325 coach: change player 8 to type 3
SPICA325 coach: change player 6 to type 4
Read Setting: ./data/settings/Other.json
Read Setting: ./data/settings/Other.json
Read Setting: ./data/settings/Other.json
Read Setting: ./data/settings/Other.json
Read Setting: ./data/settings/Other.json
Read Setting: ./data/settings/Other.json
Read Setting: ./data/settings/Other.json
Read Setting: ./data/settings/Other.json
id speed step inc  power  stam  karea
 0 1.000   6  45.0 100.0  55.0  1.085
 1 0.776   5  48.0 100.0  52.0  1.018
 2 0.983   7  44.1 100.0  55.9  1.132
 3 0.907   7  47.7 100.0  52.3  0.993
 4 0.889   5  47.9 100.0  52.1  1.101
 5 1.036   7  41.3 100.0  58.7  1.041
 6 0.782   4  44.2 100.0  55.8  1.085
 7 0.978   7  42.7 100.0  57.3  1.016
 8 1.031   5  40.6 100.0  59.4  1.119
 9 0.959   5  41.2 100.0  58.8  1.166
 10 0.883   6  51.7 100.0  48.3  0.996
 11 1.007   6  44.4 100.0  55.6  1.121
 12 0.859   4  43.7 100.0  56.3  1.043
 13 0.808   5  44.0 100.0  56.0  1.033
 14 0.754   5  48.7 100.0  51.3  1.171
 15 0.943   4  40.2 100.0  59.8  1.130
 16 0.848   6  51.3 100.0  48.7  1.037
 17 0.984   5  41.6 100.0  58.4  0.990
$$$$$$$$$$$$$$$$$$$$$$$$isother
CYRUS_VANILLA coach: change player 1 to type 0
CYRUS_VANILLA coach: change player 9 to type 8
CYRUS_VANILLA coach: change player 2 to type 5
CYRUS_VANILLA coach: change player 11 to type 11
Read Setting: ./data/settings/Other.json
CYRUS_VANILLA coach: change player 4 to type 17
CYRUS_VANILLA coach: change player 10 to type 2
CYRUS_VANILLA coach: change player 3 to type 7
CYRUS_VANILLA coach: change player 5 to type 9
CYRUS_VANILLA coach: change player 7 to type 15
CYRUS_VANILLA coach: change player 8 to type 3
CYRUS_VANILLA coach: change player 6 to type 4
Read Setting: ./data/settings/Other.json
Waiting to kick off
Kick_off_left
SPICA325 coach: [92, 0] no player type for opponent 2. restart analysis.
SPICA325 coach: [93, 0] no player type for opponent 8. restart analysis.
SPICA325 coach: [94, 0] no player type for opponent 10. restart analysis.
SPICA325 coach: [94, 0] no player type for opponent 4. restart analysis.
CYRUS_VANILLA coach: [94, 0] no player type for opponent 2. restart analysis.
SPICA325 coach: [95, 0] no player type for opponent 10. restart analysis.
CYRUS_VANILLA coach: [95, 0] no player type for opponent 6. restart analysis.
CYRUS_VANILLA coach: [95, 0] determined opponent 11 type = 11
CYRUS_VANILLA coach: [95, 0] no player type for opponent 9. restart analysis.
SPICA325 coach: [96, 0] no player type for opponent 10. restart analysis.
SPICA325 coach: [96, 0] no player type for opponent 3. restart analysis.
CYRUS_VANILLA coach: [96, 0] no player type for opponent 9. restart analysis.
SPICA325 coach: [97, 0] no player type for opponent 10. restart analysis.
SPICA325 coach: [97, 0] no player type for opponent 11. restart analysis.
SPICA325 coach: [97, 0] no player type for opponent 7. restart analysis.
SPICA325 coach: [98, 0] no player type for opponent 3. restart analysis.
CYRUS_VANILLA coach: [99, 0] no player type for opponent 5. restart analysis.
SPICA325 coach: [100, 0] no player type for opponent 10. restart analysis.
SPICA325 coach: [101, 0] determined opponent 9 type = 8
CYRUS_VANILLA coach: [101, 0] no player type for opponent 3. restart analysis.
CYRUS_VANILLA coach: [101, 0] determined opponent 1 type = 0
SPICA325 coach: [102, 0] determined opponent 4 type = 17
SPICA325 coach: [102, 0] no player type for opponent 6. restart analysis.
SPICA325 coach: [102, 0] determined opponent 1 type = 0
CYRUS_VANILLA coach: [102, 0] no player type for opponent 5. restart analysis.
CYRUS_VANILLA coach: [102, 0] determined opponent 6 type = 4
CYRUS_VANILLA coach: [102, 0] no player type for opponent 2. restart analysis.
SPICA325 coach: [103, 0] no player type for opponent 10. restart analysis.
SPICA325 coach: [103, 0] no player type for opponent 7. restart analysis.
CYRUS_VANILLA coach: [103, 0] no player type for opponent 9. restart analysis.
SPICA325 coach: [104, 0] no player type for opponent 10. restart analysis.
SPICA325 coach: [104, 0] no player type for opponent 2. restart analysis.
CYRUS_VANILLA coach: [104, 0] no player type for opponent 8. restart analysis.
SPICA325 coach: [105, 0] no player type for opponent 8. restart analysis.
SPICA325 coach: [105, 0] no player type for opponent 11. restart analysis.
SPICA325 coach: [106, 0] no player type for opponent 2. restart analysis.
CYRUS_VANILLA coach: [108, 0] no player type for opponent 5. restart analysis.
SPICA325 coach: [110, 0] no player type for opponent 7. restart analysis.
SPICA325 coach: [110, 0] no player type for opponent 3. restart analysis.
CYRUS_VANILLA coach: [110, 0] no player type for opponent 5. restart analysis.
CYRUS_VANILLA coach: [110, 0] no player type for opponent 3. restart analysis.
SPICA325 coach: [111, 0] no player type for opponent 8. restart analysis.
SPICA325 coach: [111, 0] no player type for opponent 2. restart analysis.
SPICA325 coach: [111, 0] no player type for opponent 11. restart analysis.
SPICA325 coach: [112, 0] no player type for opponent 8. restart analysis.
SPICA325 coach: [112, 0] no player type for opponent 6. restart analysis.
SPICA325 coach: [112, 0] determined opponent 5 type = 9
SPICA325 coach: [113, 0] no player type for opponent 8. restart analysis.
SPICA325 coach: [113, 0] no player type for opponent 6. restart analysis.
SPICA325 coach: [113, 0] no player type for opponent 11. restart analysis.
SPICA325 coach: [113, 0] no player type for opponent 3. restart analysis.
SPICA325 coach: [114, 0] no player type for opponent 8. restart analysis.
CYRUS_VANILLA coach: [114, 0] no player type for opponent 7. restart analysis.
SPICA325 coach: [115, 0] no player type for opponent 8. restart analysis.
SPICA325 coach: [115, 0] no player type for opponent 10. restart analysis.
CYRUS_VANILLA coach: [116, 0] no player type for opponent 10. restart analysis.
SPICA325 coach: [116, 0] no player type for opponent 8. restart analysis.
SPICA325 coach: [117, 0] no player type for opponent 7. restart analysis.
CYRUS_VANILLA coach: [117, 0] no player type for opponent 3. restart analysis.
CYRUS_VANILLA coach: [118, 0] determined opponent 9 type = 8
CYRUS_VANILLA coach: [118, 0] determined opponent 4 type = 17
SPICA325 coach: [118, 0] no player type for opponent 8. restart analysis.
SPICA325 coach: [118, 0] no player type for opponent 3. restart analysis.
CYRUS_VANILLA coach: [119, 0] no player type for opponent 3. restart analysis.
SPICA325 coach: [119, 0] no player type for opponent 8. restart analysis.
SPICA325 coach: [119, 0] no player type for opponent 11. restart analysis.
CYRUS_VANILLA coach: [120, 0] no player type for opponent 3. restart analysis.
CYRUS_VANILLA coach: [121, 0] no player type for opponent 3. restart analysis.
CYRUS_VANILLA coach: [122, 0] no player type for opponent 3. restart analysis.
CYRUS_VANILLA coach: [123, 0] no player type for opponent 10. restart analysis.
CYRUS_VANILLA coach: [123, 0] no player type for opponent 3. restart analysis.
SPICA325 coach: [125, 0] no player type for opponent 6. restart analysis.
SPICA325 coach: [126, 0] determined opponent 11 type = 11
SPICA325 coach: [127, 0] no player type for opponent 3. restart analysis.
CYRUS_VANILLA coach: [129, 0] no player type for opponent 2. restart analysis.
CYRUS_VANILLA coach: [130, 0] no player type for opponent 7. restart analysis.
SPICA325 coach: [130, 0] no player type for opponent 8. restart analysis.
SPICA325 coach: [130, 0] no player type for opponent 3. restart analysis.
SPICA325 coach: [131, 0] no player type for opponent 8. restart analysis.
SPICA325 coach: [131, 0] no player type for opponent 7. restart analysis.
SPICA325 coach: [131, 0] no player type for opponent 3. restart analysis.
CYRUS_VANILLA coach: [131, 0] no player type for opponent 2. restart analysis.
CYRUS_VANILLA coach: [132, 0] no player type for opponent 5. restart analysis.
CYRUS_VANILLA coach: [132, 0] no player type for opponent 2. restart analysis.
SPICA325 coach: [132, 0] no player type for opponent 3. restart analysis.
SPICA325 coach: [133, 0] no player type for opponent 8. restart analysis.
CYRUS_VANILLA coach: [133, 0] no player type for opponent 2. restart analysis.
SPICA325 coach: [134, 0] no player type for opponent 7. restart analysis.
CYRUS_VANILLA coach: [134, 0] no player type for opponent 2. restart analysis.
CYRUS_VANILLA coach: [134, 0] no player type for opponent 3. restart analysis.
SPICA325 coach: [135, 0] determined opponent 6 type = 4
SPICA325 coach: [135, 0] no player type for opponent 10. restart analysis.
CYRUS_VANILLA coach: [135, 0] no player type for opponent 7. restart analysis.
CYRUS_VANILLA coach: [135, 0] no player type for opponent 2. restart analysis.
CYRUS_VANILLA coach: [136, 0] no player type for opponent 5. restart analysis.
CYRUS_VANILLA coach: [136, 0] no player type for opponent 3. restart analysis.
CYRUS_VANILLA coach: [137, 0] no player type for opponent 2. restart analysis.
CYRUS_VANILLA coach: [137, 0] no player type for opponent 10. restart analysis.
SPICA325 coach: [138, 0] no player type for opponent 3. restart analysis.
CYRUS_VANILLA coach: [138, 0] no player type for opponent 2. restart analysis.
CYRUS_VANILLA coach: [138, 0] no player type for opponent 5. restart analysis.
SPICA325 coach: [139, 0] no player type for opponent 3. restart analysis.
SPICA325 coach: [140, 0] no player type for opponent 3. restart analysis.
SPICA325 coach: [140, 0] no player type for opponent 10. restart analysis.
SPICA325 coach: [141, 0] no player type for opponent 3. restart analysis.
SPICA325 coach: [141, 0] no player type for opponent 2. restart analysis.
CYRUS_VANILLA coach: [142, 0] no player type for opponent 5. restart analysis.
SPICA325 coach: [142, 0] no player type for opponent 3. restart analysis.
SPICA325 coach: [143, 0] no player type for opponent 3. restart analysis.
SPICA325 coach: [143, 0] no player type for opponent 8. restart analysis.
SPICA325 coach: [144, 0] no player type for opponent 3. restart analysis.
SPICA325 coach: [144, 0] no player type for opponent 8. restart analysis.
SPICA325 coach: [145, 0] no player type for opponent 8. restart analysis.
CYRUS_VANILLA coach: [145, 0] no player type for opponent 8. restart analysis.
CYRUS_VANILLA coach: [146, 0] no player type for opponent 5. restart analysis.
CYRUS_VANILLA coach: [146, 0] no player type for opponent 3. restart analysis.
CYRUS_VANILLA coach: [146, 0] no player type for opponent 8. restart analysis.
CYRUS_VANILLA coach: [146, 0] no player type for opponent 10. restart analysis.
CYRUS_VANILLA coach: [146, 0] no player type for opponent 7. restart analysis.
SPICA325 coach: [146, 0] no player type for opponent 8. restart analysis.
SPICA325 coach: [147, 0] no player type for opponent 8. restart analysis.
SPICA325 coach: [147, 0] no player type for opponent 2. restart analysis.
CYRUS_VANILLA coach: [147, 0] no player type for opponent 5. restart analysis.
CYRUS_VANILLA coach: [148, 0] no player type for opponent 5. restart analysis.
CYRUS_VANILLA coach: [148, 0] no player type for opponent 3. restart analysis.
CYRUS_VANILLA coach: [148, 0] no player type for opponent 7. restart analysis.
CYRUS_VANILLA coach: [149, 0] no player type for opponent 2. restart analysis.
CYRUS_VANILLA coach: [149, 0] no player type for opponent 5. restart analysis.
SPICA325 coach: [150, 0] no player type for opponent 2. restart analysis.
CYRUS_VANILLA coach: [150, 0] no player type for opponent 10. restart analysis.
CYRUS_VANILLA coach: [151, 0] no player type for opponent 2. restart analysis.
CYRUS_VANILLA coach: [151, 0] no player type for opponent 3. restart analysis.
SPICA325 coach: [152, 0] no player type for opponent 2. restart analysis.
CYRUS_VANILLA coach: [152, 0] no player type for opponent 10. restart analysis.
CYRUS_VANILLA coach: [152, 0] no player type for opponent 3. restart analysis.
SPICA325 coach: [153, 0] no player type for opponent 2. restart analysis.
SPICA325 coach: [153, 0] no player type for opponent 8. restart analysis.
CYRUS_VANILLA coach: [153, 0] no player type for opponent 5. restart analysis.
CYRUS_VANILLA coach: [155, 0] no player type for opponent 10. restart analysis.
CYRUS_VANILLA coach: [155, 0] no player type for opponent 7. restart analysis.
CYRUS_VANILLA coach: [156, 0] no player type for opponent 8. restart analysis.
SPICA325 coach: [156, 0] no player type for opponent 2. restart analysis.
SPICA325 coach: [156, 0] no player type for opponent 10. restart analysis.
CYRUS_VANILLA coach: [157, 0] no player type for opponent 8. restart analysis.
SPICA325 coach: [157, 0] no player type for opponent 2. restart analysis.
SPICA325 coach: [157, 0] no player type for opponent 10. restart analysis.
CYRUS_VANILLA coach: [158, 0] no player type for opponent 8. restart analysis.
CYRUS_VANILLA coach: [158, 0] no player type for opponent 2. restart analysis.
CYRUS_VANILLA coach: [158, 0] no player type for opponent 5. restart analysis.
SPICA325 coach: [159, 0] no player type for opponent 10. restart analysis.
CYRUS_VANILLA coach: [159, 0] no player type for opponent 10. restart analysis.
CYRUS_VANILLA coach: [159, 0] no player type for opponent 2. restart analysis.
CYRUS_VANILLA coach: [160, 0] no player type for opponent 8. restart analysis.
CYRUS_VANILLA coach: [160, 0] no player type for opponent 10. restart analysis.
CYRUS_VANILLA coach: [161, 0] no player type for opponent 10. restart analysis.
SPICA325 coach: [163, 0] no player type for opponent 10. restart analysis.
CYRUS_VANILLA coach: [163, 0] no player type for opponent 10. restart analysis.
CYRUS_VANILLA coach: [164, 0] determined opponent 2 type = 5
CYRUS_VANILLA coach: [165, 0] no player type for opponent 10. restart analysis.
SPICA325 coach: [166, 0] no player type for opponent 7. restart analysis.
CYRUS_VANILLA coach: [167, 0] no player type for opponent 8. restart analysis.
CYRUS_VANILLA coach: [169, 0] no player type for opponent 8. restart analysis.
SPICA325 coach: [170, 0] no player type for opponent 7. restart analysis.
CYRUS_VANILLA coach: [170, 0] no player type for opponent 10. restart analysis.
CYRUS_VANILLA coach: [173, 0] no player type for opponent 8. restart analysis.
SPICA325 coach: [174, 0] no player type for opponent 7. restart analysis.
CYRUS_VANILLA coach: [179, 0] no player type for opponent 3. restart analysis.
CYRUS_VANILLA coach: [180, 0] no player type for opponent 10. restart analysis.
CYRUS_VANILLA coach: [182, 0] no player type for opponent 3. restart analysis.
CYRUS_VANILLA coach: [183, 0] no player type for opponent 10. restart analysis.
CYRUS_VANILLA coach: [183, 0] no player type for opponent 3. restart analysis.
SPICA325 coach: [183, 0] no player type for opponent 3. restart analysis.
SPICA325 coach: [184, 0] no player type for opponent 3. restart analysis.
CYRUS_VANILLA coach: [185, 0] no player type for opponent 5. restart analysis.
SPICA325 coach: [185, 0] no player type for opponent 3. restart analysis.
SPICA325 coach: [185, 0] no player type for opponent 10. restart analysis.
SPICA325 coach: [186, 0] no player type for opponent 7. restart analysis.
CYRUS_VANILLA coach: [186, 0] no player type for opponent 7. restart analysis.
CYRUS_VANILLA coach: [186, 0] no player type for opponent 10. restart analysis.
CYRUS_VANILLA coach: [187, 0] no player type for opponent 10. restart analysis.
CYRUS_VANILLA coach: [187, 0] no player type for opponent 3. restart analysis.
CYRUS_VANILLA coach: [188, 0] no player type for opponent 8. restart analysis.
SPICA325 coach: [188, 0] no player type for opponent 3. restart analysis.
SPICA325 coach: [188, 0] no player type for opponent 7. restart analysis.
SPICA325 coach: [189, 0] no player type for opponent 8. restart analysis.
SPICA325 coach: [189, 0] no player type for opponent 10. restart analysis.
CYRUS_VANILLA coach: [189, 0] no player type for opponent 5. restart analysis.
SPICA325 coach: [190, 0] no player type for opponent 8. restart analysis.
SPICA325 coach: [191, 0] no player type for opponent 10. restart analysis.
SPICA325 coach: [192, 0] no player type for opponent 8. restart analysis.
SPICA325 coach: [192, 0] no player type for opponent 2. restart analysis.
CYRUS_VANILLA coach: [192, 0] no player type for opponent 5. restart analysis.
SPICA325 coach: [193, 0] no player type for opponent 2. restart analysis.
CYRUS_VANILLA coach: [196, 0] no player type for opponent 5. restart analysis.
SPICA325 coach: [196, 0] no player type for opponent 8. restart analysis.
SPICA325 coach: [196, 0] no player type for opponent 7. restart analysis.
CYRUS_VANILLA coach: [197, 0] no player type for opponent 5. restart analysis.
SPICA325 coach: [198, 0] no player type for opponent 10. restart analysis.
SPICA325 coach: [201, 0] no player type for opponent 7. restart analysis.
SPICA325 coach: [202, 0] no player type for opponent 7. restart analysis.
SPICA325 coach: [203, 0] no player type for opponent 10. restart analysis.
CYRUS_VANILLA coach: [207, 0] determined opponent 5 type = 9
CYRUS_VANILLA coach: [208, 0] determined opponent 7 type = 15
CYRUS_VANILLA coach: [209, 0] no player type for opponent 10. restart analysis.
CYRUS_VANILLA coach: [210, 0] no player type for opponent 3. restart analysis.
SPICA325 coach: [211, 0] no player type for opponent 8. restart analysis.
CYRUS_VANILLA coach: [211, 0] no player type for opponent 10. restart analysis.
layerSize: 3
SPICA325 coach: [212, 0] no player type for opponent 10. restart analysis.
SPICA325 coach: [213, 0] no player type for opponent 10. restart analysis.
SPICA325 coach: [217, 0] no player type for opponent 7. restart analysis.
SPICA325 coach: [218, 0] no player type for opponent 10. restart analysis.
SPICA325 coach: [219, 0] no player type for opponent 8. restart analysis.
CYRUS_VANILLA coach: [219, 0] no player type for opponent 10. restart analysis.
CYRUS_VANILLA coach: [219, 0] no player type for opponent 3. restart analysis.
SPICA325 coach: [220, 0] no player type for opponent 10. restart analysis.
CYRUS_VANILLA coach: [220, 0] no player type for opponent 10. restart analysis.
SPICA325 coach: [223, 0] no player type for opponent 3. restart analysis.
SPICA325 coach: [223, 0] no player type for opponent 8. restart analysis.
SPICA325 coach: [224, 0] no player type for opponent 3. restart analysis.
SPICA325 coach: [225, 0] no player type for opponent 10. restart analysis.
SPICA325 coach: [229, 0] no player type for opponent 10. restart analysis.
SPICA325 coach: [229, 0] no player type for opponent 8. restart analysis.
CYRUS_VANILLA coach: [231, 0] no player type for opponent 10. restart analysis.
SPICA325 coach: [232, 0] no player type for opponent 7. restart analysis.
SPICA325 coach: [234, 0] no player type for opponent 8. restart analysis.
CYRUS_VANILLA coach: [235, 0] no player type for opponent 3. restart analysis.
CYRUS_VANILLA coach: [236, 0] no player type for opponent 8. restart analysis.
SPICA325 coach: [237, 0] no player type for opponent 3. restart analysis.
CYRUS_VANILLA coach: [237, 0] no player type for opponent 10. restart analysis.
CYRUS_VANILLA coach: [239, 0] no player type for opponent 3. restart analysis.
CYRUS_VANILLA coach: [239, 0] no player type for opponent 10. restart analysis.
SPICA325 coach: [239, 0] no player type for opponent 2. restart analysis.
SPICA325 coach: [239, 0] no player type for opponent 7. restart analysis.
SPICA325 coach: [240, 0] no player type for opponent 3. restart analysis.
CYRUS_VANILLA coach: [241, 0] no player type for opponent 8. restart analysis.
SPICA325 coach: [241, 0] no player type for opponent 8. restart analysis.
SPICA325 coach: [242, 0] no player type for opponent 10. restart analysis.
SPICA325 coach: [242, 0] no player type for opponent 7. restart analysis.
CYRUS_VANILLA coach: [242, 0] no player type for opponent 10. restart analysis.
CYRUS_VANILLA coach: [243, 0] no player type for opponent 8. restart analysis.
CYRUS_VANILLA coach: [243, 0] no player type for opponent 3. restart analysis.
SPICA325 coach: [243, 0] no player type for opponent 8. restart analysis.
SPICA325 coach: [243, 0] no player type for opponent 3. restart analysis.
SPICA325 coach: [244, 0] no player type for opponent 7. restart analysis.
SPICA325 coach: [244, 0] no player type for opponent 3. restart analysis.
CYRUS_VANILLA coach: [245, 0] no player type for opponent 3. restart analysis.
SPICA325 coach: [246, 0] no player type for opponent 3. restart analysis.
CYRUS_VANILLA coach: [246, 0] no player type for opponent 8. restart analysis.
CYRUS_VANILLA coach: [246, 0] no player type for opponent 3. restart analysis.
CYRUS_VANILLA coach: [247, 0] no player type for opponent 10. restart analysis.
CYRUS_VANILLA coach: [247, 0] no player type for opponent 8. restart analysis.
SPICA325 coach: [248, 0] no player type for opponent 7. restart analysis.
SPICA325 coach: [249, 0] no player type for opponent 3. restart analysis.
SPICA325 coach: [251, 0] no player type for opponent 7. restart analysis.
CYRUS_VANILLA coach: [253, 0] no player type for opponent 3. restart analysis.
SPICA325 coach: [253, 0] no player type for opponent 7. restart analysis.
SPICA325 coach: [254, 0] no player type for opponent 7. restart analysis.
SPICA325 coach: [254, 0] no player type for opponent 10. restart analysis.
CYRUS_VANILLA coach: [255, 0] no player type for opponent 3. restart analysis.
SPICA325 coach: [255, 0] no player type for opponent 3. restart analysis.
SPICA325 coach: [255, 0] no player type for opponent 8. restart analysis.
SPICA325 coach: [257, 0] no player type for opponent 7. restart analysis.
SPICA325 coach: [257, 0] no player type for opponent 3. restart analysis.
SPICA325 coach: [259, 0] no player type for opponent 3. restart analysis.
CYRUS_VANILLA coach: [260, 0] no player type for opponent 8. restart analysis.
CYRUS_VANILLA coach: [261, 0] no player type for opponent 8. restart analysis.
CYRUS_VANILLA coach: [263, 0] no player type for opponent 10. restart analysis.
SPICA325 coach: [263, 0] no player type for opponent 3. restart analysis.
CYRUS_VANILLA coach: [264, 0] no player type for opponent 8. restart analysis.
SPICA325 coach: [264, 0] no player type for opponent 3. restart analysis.
SPICA325 coach: [265, 0] no player type for opponent 8. restart analysis.
SPICA325 coach: [265, 0] determined opponent 7 type = 15
CYRUS_VANILLA coach: [265, 0] no player type for opponent 8. restart analysis.
SPICA325 coach: [266, 0] no player type for opponent 8. restart analysis.
SPICA325 coach: [267, 0] no player type for opponent 8. restart analysis.
SPICA325 coach: [268, 0] no player type for opponent 8. restart analysis.
CYRUS_VANILLA coach: [268, 0] no player type for opponent 3. restart analysis.
CYRUS_VANILLA coach: [269, 0] no player type for opponent 8. restart analysis.
CYRUS_VANILLA coach: [271, 0] no player type for opponent 3. restart analysis.
SPICA325 coach: [272, 0] no player type for opponent 8. restart analysis.
CYRUS_VANILLA coach: [272, 0] no player type for opponent 3. restart analysis.
SPICA325 coach: [274, 0] no player type for opponent 8. restart analysis.
CYRUS_VANILLA coach: [274, 0] no player type for opponent 3. restart analysis.
SPICA325 coach: [275, 0] no player type for opponent 8. restart analysis.
CYRUS_VANILLA coach: [275, 0] no player type for opponent 3. restart analysis.
SPICA325 coach: [277, 0] no player type for opponent 10. restart analysis.
CYRUS_VANILLA coach: [280, 0] no player type for opponent 10. restart analysis.
layerSize: 3
SPICA325 coach: [284, 0] no player type for opponent 2. restart analysis.
CYRUS_VANILLA coach: [286, 0] no player type for opponent 8. restart analysis.
SPICA325 coach: [287, 0] no player type for opponent 8. restart analysis.
SPICA325 coach: [287, 0] no player type for opponent 3. restart analysis.
CYRUS_VANILLA coach: [287, 0] no player type for opponent 8. restart analysis.
CYRUS_VANILLA coach: [288, 0] no player type for opponent 8. restart analysis.
SPICA325 coach: [288, 0] no player type for opponent 3. restart analysis.
CYRUS_VANILLA coach: [289, 0] no player type for opponent 8. restart analysis.
SPICA325 coach: [290, 0] no player type for opponent 8. restart analysis.
SPICA325 coach: [290, 0] determined opponent 2 type = 5
CYRUS_VANILLA coach: [290, 0] no player type for opponent 8. restart analysis.
SPICA325 coach: [291, 0] no player type for opponent 3. restart analysis.
CYRUS_VANILLA coach: [294, 0] no player type for opponent 8. restart analysis.
CYRUS_VANILLA 10: [294, 0] lost kick by foul at [294, 0] sense=2 internal=3
SPICA325 coach: [294, 1] sent freeform (player_types (1 0)(2 5)(3 -1)(4 17)(5 9)(6 4)(7 15)(8 -1)(9 8)(10 -1)(11 11))
SPICA325 coach: [294, 1] freeform 1 / 128
CYRUS_VANILLA coach: [294, 1] sent freeform (player_types (1 0)(2 5)(3 -1)(4 17)(5 9)(6 4)(7 15)(8 -1)(9 8)(10 -1)(11 11))
CYRUS_VANILLA coach: [294, 1] freeform 1 / 128
SPICA325 coach: [301, 0] updated clang capacity.
CYRUS_VANILLA coach: [301, 0] updated clang capacity.
SPICA325 3: [391, 0]  WARNING. no body command.
CYRUS_VANILLA coach: [394, 0] no player type for opponent 10. restart analysis.
CYRUS_VANILLA coach: [394, 0] no player type for opponent 8. restart analysis.
SPICA325 coach: [394, 0] no player type for opponent 10. restart analysis.
CYRUS_VANILLA coach: [395, 0] no player type for opponent 10. restart analysis.
CYRUS_VANILLA coach: [395, 0] no player type for opponent 3. restart analysis.
SPICA325 coach: [395, 0] no player type for opponent 8. restart analysis.
SPICA325 coach: [396, 0] no player type for opponent 10. restart analysis.
CYRUS_VANILLA coach: [396, 0] no player type for opponent 10. restart analysis.
CYRUS_VANILLA coach: [396, 0] no player type for opponent 8. restart analysis.
SPICA325 coach: [397, 0] no player type for opponent 8. restart analysis.
CYRUS_VANILLA coach: [397, 0] no player type for opponent 8. restart analysis.
SPICA325 coach: [398, 0] no player type for opponent 10. restart analysis.
SPICA325 coach: [402, 0] determined opponent 10 type = 2
SPICA325 coach: [404, 0] no player type for opponent 8. restart analysis.
SPICA325 coach: [404, 0] determined opponent 3 type = 7
CYRUS_VANILLA coach: [413, 0] no player type for opponent 10. restart analysis.
SPICA325 coach: [414, 0] no player type for opponent 8. restart analysis.
CYRUS_VANILLA coach: [415, 0] no player type for opponent 3. restart analysis.
CYRUS_VANILLA coach: [416, 0] no player type for opponent 3. restart analysis.
CYRUS_VANILLA coach: [417, 0] no player type for opponent 8. restart analysis.
SPICA325 coach: [417, 0] no player type for opponent 8. restart analysis.
CYRUS_VANILLA coach: [419, 0] no player type for opponent 10. restart analysis.
SPICA325 coach: [419, 0] no player type for opponent 8. restart analysis.
CYRUS_VANILLA coach: [421, 0] no player type for opponent 8. restart analysis.
CYRUS_VANILLA coach: [422, 0] no player type for opponent 8. restart analysis.
CYRUS_VANILLA coach: [422, 0] no player type for opponent 10. restart analysis.
CYRUS_VANILLA coach: [423, 0] no player type for opponent 10. restart analysis.
CYRUS_VANILLA coach: [424, 0] no player type for opponent 8. restart analysis.
CYRUS_VANILLA coach: [426, 0] no player type for opponent 8. restart analysis.
CYRUS_VANILLA coach: [427, 0] no player type for opponent 10. restart analysis.
SPICA325 coach: [428, 0] no player type for opponent 8. restart analysis.
SPICA325 coach: [429, 0] no player type for opponent 8. restart analysis.
SPICA325 coach: [432, 0] no player type for opponent 8. restart analysis.
SPICA325 coach: [433, 0] no player type for opponent 8. restart analysis.
CYRUS_VANILLA coach: [434, 0] no player type for opponent 8. restart analysis.
CYRUS_VANILLA coach: [434, 0] determined opponent 3 type = 7
SPICA325 coach: [435, 0] no player type for opponent 8. restart analysis.
CYRUS_VANILLA coach: [438, 0] no player type for opponent 10. restart analysis.
SPICA325 coach: [440, 0] no player type for opponent 8. restart analysis.
CYRUS_VANILLA coach: [440, 0] no player type for opponent 10. restart analysis.
CYRUS_VANILLA coach: [442, 0] no player type for opponent 8. restart analysis.
CYRUS_VANILLA coach: [443, 0] no player type for opponent 8. restart analysis.
CYRUS_VANILLA coach: [444, 0] no player type for opponent 8. restart analysis.
CYRUS_VANILLA coach: [446, 0] no player type for opponent 8. restart analysis.
CYRUS_VANILLA coach: [462, 0] no player type for opponent 10. restart analysis.
CYRUS_VANILLA coach: [463, 0] no player type for opponent 10. restart analysis.
CYRUS_VANILLA coach: [467, 0] no player type for opponent 10. restart analysis.
CYRUS_VANILLA coach: [470, 0] no player type for opponent 10. restart analysis.
CYRUS_VANILLA coach: [471, 0] no player type for opponent 10. restart analysis.
CYRUS_VANILLA coach: [472, 0] no player type for opponent 10. restart analysis.
CYRUS_VANILLA coach: [473, 0] determined opponent 10 type = 2
CYRUS_VANILLA coach: [485, 0] no player type for opponent 8. restart analysis.
SPICA325 coach: [491, 0] no player type for opponent 8. restart analysis.
SPICA325 coach: [494, 0] no player type for opponent 8. restart analysis.
SPICA325 coach: [500, 0] no player type for opponent 8. restart analysis.
CYRUS_VANILLA 6: [516, 0] lost kick by foul at [516, 0] sense=6 internal=7
SPICA325 7: [523, 0] lost kick? at [523, 0] sense=1 internal=2
CYRUS_VANILLA coach: [526, 0] no player type for opponent 8. restart analysis.
CYRUS_VANILLA coach: [530, 0] no player type for opponent 8. restart analysis.
SPICA325 coach: [534, 0] no player type for opponent 8. restart analysis.
CYRUS_VANILLA coach: [543, 0] no player type for opponent 8. restart analysis.
SPICA325 coach: [549, 0] no player type for opponent 8. restart analysis.
CYRUS_VANILLA coach: [553, 0] no player type for opponent 8. restart analysis.
CYRUS_VANILLA coach: [554, 0] no player type for opponent 8. restart analysis.
CYRUS_VANILLA coach: [557, 0] no player type for opponent 8. restart analysis.
CYRUS_VANILLA coach: [559, 0] no player type for opponent 8. restart analysis.
SPICA325 coach: [559, 0] no player type for opponent 8. restart analysis.
CYRUS_VANILLA coach: [562, 0] no player type for opponent 8. restart analysis.
CYRUS_VANILLA coach: [564, 0] no player type for opponent 8. restart analysis.
SPICA325 coach: [564, 0] no player type for opponent 8. restart analysis.
SPICA325 coach: [573, 0] no player type for opponent 8. restart analysis.
CYRUS_VANILLA coach: [575, 0] no player type for opponent 8. restart analysis.
SPICA325 coach: [577, 0] no player type for opponent 8. restart analysis.
CYRUS_VANILLA coach: [578, 0] no player type for opponent 8. restart analysis.
SPICA325 coach: [580, 0] no player type for opponent 8. restart analysis.
SPICA325 coach: [581, 0] no player type for opponent 8. restart analysis.
CYRUS_VANILLA coach: [585, 0] no player type for opponent 8. restart analysis.
CYRUS_VANILLA coach: [586, 0] no player type for opponent 8. restart analysis.
SPICA325 coach: [594, 0] no player type for opponent 8. restart analysis.
SPICA325 coach: [601, 0] updated clang capacity.
CYRUS_VANILLA coach: [601, 0] updated clang capacity.
SPICA325 coach: [606, 0] no player type for opponent 8. restart analysis.
CYRUS_VANILLA coach: [608, 0] no player type for opponent 8. restart analysis.
CYRUS_VANILLA coach: [610, 0] no player type for opponent 8. restart analysis.
CYRUS_VANILLA coach: [614, 0] no player type for opponent 8. restart analysis.
SPICA325 coach: [614, 0] determined opponent 8 type = 3
CYRUS_VANILLA coach: [615, 0] no player type for opponent 8. restart analysis.
CYRUS_VANILLA coach: [616, 0] no player type for opponent 8. restart analysis.
CYRUS_VANILLA coach: [617, 0] no player type for opponent 8. restart analysis.
CYRUS_VANILLA coach: [618, 0] no player type for opponent 8. restart analysis.
CYRUS_VANILLA coach: [621, 0] no player type for opponent 8. restart analysis.
CYRUS_VANILLA coach: [623, 0] no player type for opponent 8. restart analysis.
CYRUS_VANILLA coach: [624, 0] no player type for opponent 8. restart analysis.
CYRUS_VANILLA coach: [627, 0] no player type for opponent 8. restart analysis.
CYRUS_VANILLA coach: [635, 0] no player type for opponent 8. restart analysis.
CYRUS_VANILLA coach: [641, 0] no player type for opponent 8. restart analysis.
CYRUS_VANILLA coach: [642, 0] no player type for opponent 8. restart analysis.
CYRUS_VANILLA coach: [646, 0] no player type for opponent 8. restart analysis.
CYRUS_VANILLA coach: [660, 0] no player type for opponent 8. restart analysis.
CYRUS_VANILLA coach: [667, 0] no player type for opponent 8. restart analysis.
CYRUS_VANILLA coach: [668, 0] no player type for opponent 8. restart analysis.
SPICA325 3: [668, 0]  WARNING. no turn_neck.
SPICA325 9: [678, 0] lost kick by foul at [678, 0] sense=18 internal=19
SPICA325 coach: [682, 0] sent freeform (player_types (1 0)(2 5)(3 7)(4 17)(5 9)(6 4)(7 15)(8 3)(9 8)(10 2)(11 11))
SPICA325 coach: [682, 0] freeform 2 / 128
CYRUS_VANILLA coach: [682, 0] sent freeform (player_types (1 0)(2 5)(3 7)(4 17)(5 9)(6 4)(7 15)(8 -1)(9 8)(10 2)(11 11))
CYRUS_VANILLA coach: [682, 0] freeform 2 / 128
CYRUS_VANILLA coach: [782, 0] no player type for opponent 8. restart analysis.
CYRUS_VANILLA coach: [786, 0] no player type for opponent 8. restart analysis.
CYRUS_VANILLA coach: [788, 0] no player type for opponent 8. restart analysis.
CYRUS_VANILLA coach: [795, 0] no player type for opponent 8. restart analysis.
CYRUS_VANILLA coach: [800, 0] no player type for opponent 8. restart analysis.
SPICA325 9: [809, 0]  WARNING. no turn_neck.
CYRUS_VANILLA coach: [820, 0] no player type for opponent 8. restart analysis.
CYRUS_VANILLA coach: [821, 0] no player type for opponent 8. restart analysis.
CYRUS_VANILLA coach: [822, 0] no player type for opponent 8. restart analysis.
CYRUS_VANILLA coach: [823, 0] no player type for opponent 8. restart analysis.
CYRUS_VANILLA coach: [824, 0] no player type for opponent 8. restart analysis.
CYRUS_VANILLA coach: [825, 0] no player type for opponent 8. restart analysis.
CYRUS_VANILLA coach: [826, 0] no player type for opponent 8. restart analysis.
SPICA325 10: [826, 0]  WARNING. no turn_neck.
CYRUS_VANILLA coach: [845, 0] no player type for opponent 8. restart analysis.
CYRUS_VANILLA coach: [896, 0] no player type for opponent 8. restart analysis.
CYRUS_VANILLA coach: [898, 0] no player type for opponent 8. restart analysis.
CYRUS_VANILLA coach: [901, 0] updated clang capacity.
SPICA325 coach: [901, 0] updated clang capacity.
CYRUS_VANILLA coach: [914, 0] no player type for opponent 8. restart analysis.
CYRUS_VANILLA coach: [917, 0] no player type for opponent 8. restart analysis.
CYRUS_VANILLA coach: [941, 0] no player type for opponent 8. restart analysis.
CYRUS_VANILLA coach: [955, 0] no player type for opponent 8. restart analysis.
CYRUS_VANILLA coach: [957, 0] no player type for opponent 8. restart analysis.
CYRUS_VANILLA coach: [958, 0] no player type for opponent 8. restart analysis.
CYRUS_VANILLA coach: [959, 0] no player type for opponent 8. restart analysis.
CYRUS_VANILLA coach: [984, 0] no player type for opponent 8. restart analysis.
CYRUS_VANILLA coach: [996, 0] no player type for opponent 8. restart analysis.
CYRUS_VANILLA coach: [1113, 0] no player type for opponent 8. restart analysis.
CYRUS_VANILLA coach: [1115, 0] no player type for opponent 8. restart analysis.
CYRUS_VANILLA coach: [1117, 0] no player type for opponent 8. restart analysis.
CYRUS_VANILLA coach: [1119, 0] no player type for opponent 8. restart analysis.
CYRUS_VANILLA coach: [1120, 0] no player type for opponent 8. restart analysis.
CYRUS_VANILLA coach: [1121, 0] no player type for opponent 8. restart analysis.
CYRUS_VANILLA coach: [1123, 0] no player type for opponent 8. restart analysis.
CYRUS_VANILLA coach: [1127, 0] no player type for opponent 8. restart analysis.
CYRUS_VANILLA coach: [1135, 0] no player type for opponent 8. restart analysis.
CYRUS_VANILLA coach: [1143, 0] no player type for opponent 8. restart analysis.
CYRUS_VANILLA coach: [1144, 0] no player type for opponent 8. restart analysis.
CYRUS_VANILLA coach: [1145, 0] no player type for opponent 8. restart analysis.
CYRUS_VANILLA coach: [1184, 0] no player type for opponent 8. restart analysis.
CYRUS_VANILLA coach: [1185, 0] no player type for opponent 8. restart analysis.
CYRUS_VANILLA coach: [1186, 0] no player type for opponent 8. restart analysis.
CYRUS_VANILLA coach: [1187, 0] no player type for opponent 8. restart analysis.
SPICA325 coach: [1201, 0] updated clang capacity.
CYRUS_VANILLA coach: [1201, 0] updated clang capacity.
CYRUS_VANILLA coach: [1202, 0] no player type for opponent 8. restart analysis.
CYRUS_VANILLA coach: [1205, 0] no player type for opponent 8. restart analysis.
CYRUS_VANILLA coach: [1207, 0] no player type for opponent 8. restart analysis.
CYRUS_VANILLA coach: [1216, 0] no player type for opponent 8. restart analysis.
CYRUS_VANILLA coach: [1226, 0] no player type for opponent 8. restart analysis.
CYRUS_VANILLA coach: [1228, 0] no player type for opponent 8. restart analysis.
CYRUS_VANILLA coach: [1233, 0] no player type for opponent 8. restart analysis.
CYRUS_VANILLA coach: [1240, 0] no player type for opponent 8. restart analysis.
CYRUS_VANILLA coach: [1266, 0] no player type for opponent 8. restart analysis.
CYRUS_VANILLA coach: [1267, 0] no player type for opponent 8. restart analysis.
CYRUS_VANILLA coach: [1277, 0] no player type for opponent 8. restart analysis.
CYRUS_VANILLA coach: [1278, 0] no player type for opponent 8. restart analysis.
CYRUS_VANILLA coach: [1286, 0] no player type for opponent 8. restart analysis.
CYRUS_VANILLA coach: [1304, 0] no player type for opponent 8. restart analysis.
CYRUS_VANILLA coach: [1307, 0] no player type for opponent 8. restart analysis.
CYRUS_VANILLA coach: [1314, 0] no player type for opponent 8. restart analysis.
CYRUS_VANILLA coach: [1315, 0] no player type for opponent 8. restart analysis.
CYRUS_VANILLA coach: [1317, 0] no player type for opponent 8. restart analysis.
CYRUS_VANILLA coach: [1325, 0] no player type for opponent 8. restart analysis.
CYRUS_VANILLA coach: [1329, 0] no player type for opponent 8. restart analysis.
CYRUS_VANILLA coach: [1332, 0] no player type for opponent 8. restart analysis.
CYRUS_VANILLA coach: [1347, 0] no player type for opponent 8. restart analysis.
CYRUS_VANILLA coach: [1362, 0] no player type for opponent 8. restart analysis.
CYRUS_VANILLA coach: [1363, 0] no player type for opponent 8. restart analysis.
CYRUS_VANILLA coach: [1367, 0] no player type for opponent 8. restart analysis.
CYRUS_VANILLA coach: [1374, 0] no player type for opponent 8. restart analysis.
CYRUS_VANILLA coach: [1375, 0] no player type for opponent 8. restart analysis.
CYRUS_VANILLA coach: [1376, 0] no player type for opponent 8. restart analysis.
CYRUS_VANILLA coach: [1377, 0] no player type for opponent 8. restart analysis.
CYRUS_VANILLA coach: [1379, 0] no player type for opponent 8. restart analysis.
CYRUS_VANILLA coach: [1383, 0] no player type for opponent 8. restart analysis.
CYRUS_VANILLA coach: [1384, 0] no player type for opponent 8. restart analysis.
CYRUS_VANILLA coach: [1386, 0] no player type for opponent 8. restart analysis.
CYRUS_VANILLA coach: [1388, 0] no player type for opponent 8. restart analysis.
CYRUS_VANILLA 9: [1389, 0] lost kick by foul at [1389, 0] sense=61 internal=62
CYRUS_VANILLA coach: [1391, 0] no player type for opponent 8. restart analysis.
CYRUS_VANILLA coach: [1393, 0] no player type for opponent 8. restart analysis.
SPICA325 10: [1395, 0]  WARNING. no body command.
CYRUS_VANILLA coach: [1501, 0] updated clang capacity.
SPICA325 coach: [1501, 0] updated clang capacity.
CYRUS_VANILLA coach: [1503, 0] no player type for opponent 8. restart analysis.
CYRUS_VANILLA coach: [1506, 0] no player type for opponent 8. restart analysis.
CYRUS_VANILLA coach: [1508, 0] no player type for opponent 8. restart analysis.
CYRUS_VANILLA coach: [1531, 0] no player type for opponent 8. restart analysis.
CYRUS_VANILLA coach: [1532, 0] no player type for opponent 8. restart analysis.
CYRUS_VANILLA coach: [1537, 0] no player type for opponent 8. restart analysis.
CYRUS_VANILLA coach: [1576, 0] no player type for opponent 8. restart analysis.
CYRUS_VANILLA coach: [1585, 0] no player type for opponent 8. restart analysis.
CYRUS_VANILLA 11: [1595, 0] lost kick? at [1595, 0] sense=28 internal=29
CYRUS_VANILLA coach: [1596, 0] no player type for opponent 8. restart analysis.
CYRUS_VANILLA coach: [1597, 0] no player type for opponent 8. restart analysis.
CYRUS_VANILLA coach: [1599, 0] no player type for opponent 8. restart analysis.
CYRUS_VANILLA coach: [1602, 0] no player type for opponent 8. restart analysis.
CYRUS_VANILLA coach: [1605, 0] no player type for opponent 8. restart analysis.
CYRUS_VANILLA coach: [1606, 0] no player type for opponent 8. restart analysis.
CYRUS_VANILLA coach: [1620, 0] no player type for opponent 8. restart analysis.
CYRUS_VANILLA coach: [1622, 0] no player type for opponent 8. restart analysis.
CYRUS_VANILLA coach: [1658, 0] no player type for opponent 8. restart analysis.
CYRUS_VANILLA coach: [1660, 0] no player type for opponent 8. restart analysis.
CYRUS_VANILLA coach: [1662, 0] no player type for opponent 8. restart analysis.
CYRUS_VANILLA coach: [1675, 0] no player type for opponent 8. restart analysis.
CYRUS_VANILLA coach: [1676, 0] no player type for opponent 8. restart analysis.
CYRUS_VANILLA coach: [1682, 0] no player type for opponent 8. restart analysis.
CYRUS_VANILLA coach: [1684, 0] no player type for opponent 8. restart analysis.
CYRUS_VANILLA coach: [1711, 0] no player type for opponent 8. restart analysis.
CYRUS_VANILLA coach: [1737, 0] no player type for opponent 8. restart analysis.
CYRUS_VANILLA coach: [1738, 0] no player type for opponent 8. restart analysis.
CYRUS_VANILLA coach: [1754, 0] no player type for opponent 8. restart analysis.
CYRUS_VANILLA coach: [1762, 0] no player type for opponent 8. restart analysis.
CYRUS_VANILLA coach: [1763, 0] no player type for opponent 8. restart analysis.
CYRUS_VANILLA coach: [1764, 0] no player type for opponent 8. restart analysis.
CYRUS_VANILLA coach: [1771, 0] no player type for opponent 8. restart analysis.
CYRUS_VANILLA coach: [1780, 0] no player type for opponent 8. restart analysis.
CYRUS_VANILLA coach: [1791, 0] no player type for opponent 8. restart analysis.
CYRUS_VANILLA coach: [1793, 0] no player type for opponent 8. restart analysis.
11 [1799, 0] no ball position cache.
11 [1799, 0] no ball position cache.
11 [1799, 0] Interecet Self cache is empty!
CYRUS_VANILLA coach: [1801, 0] updated clang capacity.
SPICA325 coach: [1801, 0] updated clang capacity.
CYRUS_VANILLA coach: [1805, 0] no player type for opponent 8. restart analysis.
CYRUS_VANILLA coach: [1824, 0] no player type for opponent 8. restart analysis.
CYRUS_VANILLA coach: [1825, 0] no player type for opponent 8. restart analysis.
CYRUS_VANILLA coach: [1828, 0] no player type for opponent 8. restart analysis.
CYRUS_VANILLA coach: [1830, 0] no player type for opponent 8. restart analysis.
CYRUS_VANILLA coach: [1835, 0] no player type for opponent 8. restart analysis.
CYRUS_VANILLA coach: [1836, 0] no player type for opponent 8. restart analysis.
CYRUS_VANILLA coach: [1849, 0] no player type for opponent 8. restart analysis.
CYRUS_VANILLA coach: [1851, 0] no player type for opponent 8. restart analysis.
CYRUS_VANILLA coach: [1853, 0] no player type for opponent 8. restart analysis.
CYRUS_VANILLA coach: [1855, 0] no player type for opponent 8. restart analysis.
CYRUS_VANILLA coach: [1858, 0] no player type for opponent 8. restart analysis.
CYRUS_VANILLA coach: [1870, 0] no player type for opponent 8. restart analysis.
CYRUS_VANILLA coach: [1874, 0] no player type for opponent 8. restart analysis.
CYRUS_VANILLA coach: [1881, 0] no player type for opponent 8. restart analysis.
CYRUS_VANILLA coach: [1883, 0] no player type for opponent 8. restart analysis.
SPICA325 9: [1892, 0] lost kick by foul at [1892, 0] sense=50 internal=51
CYRUS_VANILLA coach: [1893, 0] no player type for opponent 8. restart analysis.
CYRUS_VANILLA coach: [1895, 0] no player type for opponent 8. restart analysis.
CYRUS_VANILLA coach: [1947, 0] no player type for opponent 8. restart analysis.
CYRUS_VANILLA coach: [1949, 0] no player type for opponent 8. restart analysis.
CYRUS_VANILLA coach: [1954, 0] no player type for opponent 8. restart analysis.
CYRUS_VANILLA coach: [1964, 0] no player type for opponent 8. restart analysis.
CYRUS_VANILLA coach: [1965, 0] no player type for opponent 8. restart analysis.
CYRUS_VANILLA coach: [1973, 0] no player type for opponent 8. restart analysis.
CYRUS_VANILLA coach: [2045, 0] no player type for opponent 8. restart analysis.
CYRUS_VANILLA coach: [2057, 0] no player type for opponent 8. restart analysis.
CYRUS_VANILLA coach: [2089, 0] no player type for opponent 8. restart analysis.
CYRUS_VANILLA coach: [2090, 0] no player type for opponent 8. restart analysis.
CYRUS_VANILLA coach: [2092, 0] no player type for opponent 8. restart analysis.
CYRUS_VANILLA coach: [2093, 0] no player type for opponent 8. restart analysis.
CYRUS_VANILLA coach: [2097, 0] no player type for opponent 8. restart analysis.
SPICA325 coach: [2101, 0] updated clang capacity.
CYRUS_VANILLA coach: [2101, 0] updated clang capacity.
CYRUS_VANILLA coach: [2103, 0] no player type for opponent 8. restart analysis.
CYRUS_VANILLA coach: [2115, 0] no player type for opponent 8. restart analysis.
CYRUS_VANILLA coach: [2116, 0] no player type for opponent 8. restart analysis.
CYRUS_VANILLA coach: [2135, 0] no player type for opponent 8. restart analysis.
CYRUS_VANILLA coach: [2145, 0] no player type for opponent 8. restart analysis.
CYRUS_VANILLA coach: [2146, 0] no player type for opponent 8. restart analysis.
CYRUS_VANILLA coach: [2147, 0] no player type for opponent 8. restart analysis.
CYRUS_VANILLA coach: [2168, 0] no player type for opponent 8. restart analysis.
CYRUS_VANILLA coach: [2169, 0] no player type for opponent 8. restart analysis.
CYRUS_VANILLA coach: [2170, 0] no player type for opponent 8. restart analysis.
CYRUS_VANILLA coach: [2171, 0] no player type for opponent 8. restart analysis.
CYRUS_VANILLA coach: [2172, 0] no player type for opponent 8. restart analysis.
CYRUS_VANILLA coach: [2176, 0] no player type for opponent 8. restart analysis.
CYRUS_VANILLA coach: [2178, 0] no player type for opponent 8. restart analysis.
CYRUS_VANILLA coach: [2181, 0] no player type for opponent 8. restart analysis.
CYRUS_VANILLA coach: [2201, 0] no player type for opponent 8. restart analysis.
CYRUS_VANILLA coach: [2208, 0] no player type for opponent 8. restart analysis.
CYRUS_VANILLA coach: [2209, 0] no player type for opponent 8. restart analysis.
CYRUS_VANILLA coach: [2213, 0] no player type for opponent 8. restart analysis.
SPICA325 8: [2283, 0]  WARNING. no body command.
CYRUS_VANILLA coach: [2297, 0] no player type for opponent 8. restart analysis.
CYRUS_VANILLA coach: [2302, 0] no player type for opponent 8. restart analysis.
CYRUS_VANILLA coach: [2348, 0] no player type for opponent 8. restart analysis.
CYRUS_VANILLA coach: [2358, 0] no player type for opponent 8. restart analysis.
SPICA325 coach: [2401, 0] updated clang capacity.
CYRUS_VANILLA coach: [2401, 0] updated clang capacity.
CYRUS_VANILLA coach: [2413, 0] no player type for opponent 8. restart analysis.
CYRUS_VANILLA coach: [2414, 0] no player type for opponent 8. restart analysis.
CYRUS_VANILLA coach: [2419, 0] no player type for opponent 8. restart analysis.
CYRUS_VANILLA coach: [2426, 0] no player type for opponent 8. restart analysis.
CYRUS_VANILLA coach: [2444, 0] no player type for opponent 8. restart analysis.
CYRUS_VANILLA coach: [2447, 0] no player type for opponent 8. restart analysis.
CYRUS_VANILLA coach: [2454, 0] no player type for opponent 8. restart analysis.
CYRUS_VANILLA coach: [2456, 0] no player type for opponent 8. restart analysis.
CYRUS_VANILLA coach: [2493, 0] no player type for opponent 8. restart analysis.
CYRUS_VANILLA coach: [2494, 0] no player type for opponent 8. restart analysis.
CYRUS_VANILLA coach: [2523, 0] no player type for opponent 8. restart analysis.
SPICA325 11: [2527, 0] lost kick by foul at [2527, 0] sense=42 internal=43
CYRUS_VANILLA coach: [2662, 0] no player type for opponent 8. restart analysis.
1 [2670, 0] no ball position cache.
1 [2670, 0] no ball position cache.
1 [2670, 0] Interecet Self cache is empty!
11 [2670, 0] no ball position cache.
11 [2670, 0] no ball position cache.
11 [2670, 0] Interecet Self cache is empty!
6 [2670, 0] no ball position cache.
6 [2670, 0] no ball position cache.
6 [2670, 0] Interecet Self cache is empty!
11 [2671, 0] no ball position cache.
11 [2671, 0] no ball position cache.
11 [2671, 0] Interecet Self cache is empty!
1 [2671, 0] no ball position cache.
1 [2671, 0] no ball position cache.
1 [2671, 0] Interecet Self cache is empty!
1 [2672, 0] no ball position cache.
1 [2672, 0] no ball position cache.
1 [2672, 0] Interecet Self cache is empty!
1 [2673, 0] no ball position cache.
1 [2673, 0] no ball position cache.
1 [2673, 0] Interecet Self cache is empty!
CYRUS_VANILLA coach: [2675, 0] no player type for opponent 8. restart analysis.
CYRUS_VANILLA coach: [2676, 0] no player type for opponent 8. restart analysis.
SPICA325 coach: [2701, 0] updated clang capacity.
CYRUS_VANILLA coach: [2701, 0] updated clang capacity.
CYRUS_VANILLA coach: [2765, 0] no player type for opponent 8. restart analysis.
CYRUS_VANILLA coach: [2773, 0] no player type for opponent 8. restart analysis.
CYRUS_VANILLA coach: [2778, 0] no player type for opponent 8. restart analysis.
CYRUS_VANILLA coach: [2787, 0] no player type for opponent 8. restart analysis.
CYRUS_VANILLA coach: [2800, 0] no player type for opponent 8. restart analysis.
CYRUS_VANILLA coach: [2801, 0] no player type for opponent 8. restart analysis.
CYRUS_VANILLA coach: [2806, 0] no player type for opponent 8. restart analysis.
CYRUS_VANILLA coach: [2810, 0] no player type for opponent 8. restart analysis.
CYRUS_VANILLA 5: [2815, 0]  WARNING. no turn_neck.
CYRUS_VANILLA coach: [2838, 0] no player type for opponent 8. restart analysis.
CYRUS_VANILLA coach: [2839, 0] no player type for opponent 8. restart analysis.
CYRUS_VANILLA coach: [2847, 0] no player type for opponent 8. restart analysis.
CYRUS_VANILLA coach: [2851, 0] no player type for opponent 8. restart analysis.
CYRUS_VANILLA coach: [2859, 0] no player type for opponent 8. restart analysis.
CYRUS_VANILLA coach: [2867, 0] no player type for opponent 8. restart analysis.
CYRUS_VANILLA coach: [2883, 0] no player type for opponent 8. restart analysis.
CYRUS_VANILLA coach: [2888, 0] no player type for opponent 8. restart analysis.
CYRUS_VANILLA coach: [2889, 0] no player type for opponent 8. restart analysis.
CYRUS_VANILLA coach: [2890, 0] no player type for opponent 8. restart analysis.
CYRUS_VANILLA coach: [2895, 0] no player type for opponent 8. restart analysis.
CYRUS_VANILLA coach: [2909, 0] no player type for opponent 8. restart analysis.
CYRUS_VANILLA coach: [2919, 0] no player type for opponent 8. restart analysis.
CYRUS_VANILLA coach: [2920, 0] no player type for opponent 8. restart analysis.
CYRUS_VANILLA coach: [2923, 0] no player type for opponent 8. restart analysis.
CYRUS_VANILLA coach: [2924, 0] determined opponent 8 type = 3
CYRUS_VANILLA coach: [2993, 1] sent freeform (player_types (1 0)(2 5)(3 7)(4 17)(5 9)(6 4)(7 15)(8 3)(9 8)(10 2)(11 11))
CYRUS_VANILLA coach: [2993, 1] freeform 3 / 128
Waiting to kick off
Kick_off_right
CYRUS_VANILLA coach: [3001, 0] updated clang capacity.
SPICA325 coach: [3001, 0] updated clang capacity.
CYRUS_VANILLA 3: [3127, 0]  WARNING. no turn_neck.
CYRUS_VANILLA 3: [3128, 0]  WARNING. no turn_neck.
CYRUS_VANILLA 3: [3286, 0]  WARNING. no turn_neck.
SPICA325 coach: [3301, 0] updated clang capacity.
CYRUS_VANILLA coach: [3301, 0] updated clang capacity.
CYRUS_VANILLA 2: [3308, 0]  WARNING. no turn_neck.
SPICA325 9: [3523, 0] lost kick by foul at [3523, 0] sense=101 internal=102
SPICA325 coach: [3601, 0] updated clang capacity.
CYRUS_VANILLA coach: [3601, 0] updated clang capacity.
SPICA325 10: [3818, 0]  WARNING. no body command.
CYRUS_VANILLA 9: [3838, 0] lost kick by foul at [3838, 0] sense=142 internal=143
CYRUS_VANILLA coach: [3901, 0] updated clang capacity.
SPICA325 coach: [3901, 0] updated clang capacity.
CYRUS_VANILLA coach: [4201, 0] updated clang capacity.
SPICA325 coach: [4201, 0] updated clang capacity.
SPICA325 coach: [4501, 0] updated clang capacity.
CYRUS_VANILLA coach: [4501, 0] updated clang capacity.
CYRUS_VANILLA 11: [4679, 0] lost kick by foul at [4679, 0] sense=128 internal=129
SPICA325 coach: [4801, 0] updated clang capacity.
CYRUS_VANILLA coach: [4801, 0] updated clang capacity.
CYRUS_VANILLA coach: [5101, 0] updated clang capacity.
SPICA325 coach: [5101, 0] updated clang capacity.
SPICA325 7: [5239, 0]  WARNING. no turn_neck.
CYRUS_VANILLA coach: [5401, 0] updated clang capacity.
SPICA325 coach: [5401, 0] updated clang capacity.
CYRUS_VANILLA 9: [5413, 0] lost kick by foul at [5413, 0] sense=197 internal=198
CYRUS_VANILLA coach: change player 5 to type 10
SPICA325 coach: [5520, 0] no player type for opponent 5. restart analysis.
SPICA325 coach: [5569, 0] no player type for opponent 5. restart analysis.
SPICA325 coach: [5581, 0] determined opponent 5 type = 10
SPICA325 coach: [5581, 0] sent freeform (player_types (1 0)(2 5)(3 7)(4 17)(5 10)(6 4)(7 15)(8 3)(9 8)(10 2)(11 11))
SPICA325 coach: [5581, 0] freeform 3 / 128
CYRUS_VANILLA coach: [5701, 0] updated clang capacity.
SPICA325 coach: [5701, 0] updated clang capacity.
CYRUS_VANILLA coach: change player 6 to type 12
CYRUS_VANILLA coach: change player 8 to type 16
CYRUS_VANILLA 4: finished.
SPICA325 3: finished.
CYRUS_VANILLA 8: finished.
SPICA325 11: finished.
CYRUS_VANILLA coach: finished.
SPICA325 2: finished.
SPICA325 4: finished.
Waiting after end of match
remoteclient.cpp: 149: Error sending to socket: Bad file descriptor
msg = [(think)]
remoteclient.cpp: 149: Error sending to socket: Bad file descriptor
msg = [(think)]
remoteclient.cpp: 149: Error sending to socket: Bad file descriptor
msg = [(think)]
CYRUS_VANILLA 1: finished.
SPICA325 7: finished.
CYRUS_VANILLA 7: finished.
CYRUS_VANILLA 9: finished.
SPICA325 9: finished.
CYRUS_VANILLA 10: finished.
SPICA325 5: finished.
CYRUS_VANILLA 2: finished.
SPICA325 1: finished.
SPICA325 coach: [6000, 0] new freeform allowed 256
SPICA325 coach: finished.
CYRUS_VANILLA 5: finished.
SPICA325 8: finished.
SPICA325 6: finished.
CYRUS_VANILLA 6: finished.
SPICA325 10: finished.
CYRUS_VANILLA 11: finished.
CYRUS_VANILLA 3: finished.
A player disconnected : (SPICA325 4)
A player disconnected : (SPICA325 2)
A player disconnected : (SPICA325 7)
A player disconnected : (CYRUS_VANILLA 1)
An online coach disconnected : (CYRUS_VANILLA)
A player disconnected : (SPICA325 11)
A player disconnected : (CYRUS_VANILLA 8)
A player disconnected : (CYRUS_VANILLA 4)
A player disconnected : (SPICA325 3)
A player disconnected : (CYRUS_VANILLA 7)
A player disconnected : (SPICA325 5)
A player disconnected : (SPICA325 9)
A player disconnected : (CYRUS_VANILLA 2)
A player disconnected : (CYRUS_VANILLA 10)
A player disconnected : (CYRUS_VANILLA 9)
A player disconnected : (SPICA325 1)
A player disconnected : (CYRUS_VANILLA 5)
An online coach disconnected : (SPICA325)
A player disconnected : (SPICA325 6)
A player disconnected : (CYRUS_VANILLA 6)
A player disconnected : (SPICA325 8)
A player disconnected : (SPICA325 10)
A player disconnected : (CYRUS_VANILLA 11)
A player disconnected : (CYRUS_VANILLA 3)
Killing 16377
Killing 16390

Game Over. Exiting...

Saving Results:
	CSVSaver: saving...
	CSVSaver: ...disabled
	STDOutSaver: saving...

Game Results:
	2026-06-27 08:56:23
	'SPICA325' vs 'CYRUS_VANILLA'
	Score: 0 - 0
 
	STDOutSaver: ...saved

Saving Results Complete
