rcssserver-19.0.0

Copyright (C) 1995, 1996, 1997, 1998, 1999 Electrotechnical Laboratory.
2000 - RoboCup Soccer Simulator Maintenance Group.

Simulator Random Seed: 1782557481
CSVSaver: Ready
STDOutSaver: Ready
Using simulator's random seed as Hetero Player Seed: 1782557481
******************************************************************
 HELIOS base
 Created by Hidehisa Akiyama and Hiroki Shimora
 Copyright 2000-2007.  Hidehisa Akiyama
 Copyright 2007-2011.  Hidehisa Akiyama and Hiroki Shimora
 All rights reserved.
******************************************************************
PING localhost (127.0.0.1) 56(84) bytes of data.
64 bytes from localhost (127.0.0.1): icmp_seq=1 ttl=64 time=0.028 ms

--- localhost ping statistics ---
1 packets transmitted, 1 received, 0% packet loss, time 0ms
rtt min/avg/max/mdev = 0.028/0.028/0.028/0.000 ms
******************************************************************
 librcsc 
 Copyright 2000 - 2007. Hidehisa Akiyama.
 Copyright 2007 - 2011. Hidehisa Akiyama and Hiroki Shimora
 Copyright 2011 -  Hidehisa Akiyama, Hiroki Shimora
   Takuya Fukushima (2019-)
 All rights reserved.
******************************************************************
*****************************************************************
 This program is based on agent2d created by Hidehisa Akiyama.
 Copyright 2006 - 2011. Hidehisa Akiyama and Hiroki Shimora.
 All rights reserved.
*****************************************************************
SPICA325: init ok.  unum: 1 side: l
SPICA325 1: [-1, 0] (v18+) force synch see mode.
wind factor: rand: 0.000000, vector: (0.000000, 0.000000)

Hit CTRL-C to exit
Starting "/bin/sh -c scripts/team_launchers/spica325_left.sh"
Waiting for players to connect
A new (v18) player (SPICA325 1) connected.
******************************************************************
 HELIOS base
 Created by Hidehisa Akiyama and Hiroki Shimora
 Copyright 2000-2007.  Hidehisa Akiyama
 Copyright 2007-2011.  Hidehisa Akiyama and Hiroki Shimora
 All rights reserved.
******************************************************************
PING localhost (127.0.0.1) 56(84) bytes of data.
64 bytes from localhost (127.0.0.1): icmp_seq=1 ttl=64 time=0.018 ms

--- localhost ping statistics ---
1 packets transmitted, 1 received, 0% packet loss, time 0ms
rtt min/avg/max/mdev = 0.018/0.018/0.018/0.000 ms
******************************************************************
 librcsc 
 Copyright 2000 - 2007. Hidehisa Akiyama.
 Copyright 2007 - 2011. Hidehisa Akiyama and Hiroki Shimora
 Copyright 2011 -  Hidehisa Akiyama, Hiroki Shimora
   Takuya Fukushima (2019-)
 All rights reserved.
******************************************************************
SPICA325 1:  KickTable created.
SPICA325 1: [-1, 0] set synch see mode.
*****************************************************************
 This program is based on agent2d created by Hidehisa Akiyama.
 Copyright 2006 - 2011. Hidehisa Akiyama and Hiroki Shimora.
 All rights reserved.
*****************************************************************
CYRUS_VANILLA: init ok.  unum: 1 side: r
CYRUS_VANILLA 1: [-1, 0] (v18+) force synch see mode.
Starting "/bin/sh -c scripts/team_launchers/cyrus_vanilla_right.sh"
A new (v18) player (CYRUS_VANILLA 1) connected.
CYRUS_VANILLA 1:  KickTable created.
CYRUS_VANILLA 1: [-1, 0] set synch see mode.
Read Setting: ./data/settings/Other.json
Read Setting: ./data/settings/Other.json
******************************************************************
 librcsc 
 Copyright 2000 - 2007. Hidehisa Akiyama.
 Copyright 2007 - 2011. Hidehisa Akiyama and Hiroki Shimora
 Copyright 2011 -  Hidehisa Akiyama, Hiroki Shimora
   Takuya Fukushima (2019-)
 All rights reserved.
******************************************************************
******************************************************************
 librcsc 
 Copyright 2000 - 2007. Hidehisa Akiyama.
 Copyright 2007 - 2011. Hidehisa Akiyama and Hiroki Shimora
 Copyright 2011 -  Hidehisa Akiyama, Hiroki Shimora
   Takuya Fukushima (2019-)
 All rights reserved.
******************************************************************
******************************************************************
 librcsc 
 Copyright 2000 - 2007. Hidehisa Akiyama.
 Copyright 2007 - 2011. Hidehisa Akiyama and Hiroki Shimora
 Copyright 2011 -  Hidehisa Akiyama, Hiroki Shimora
   Takuya Fukushima (2019-)
 All rights reserved.
******************************************************************
******************************************************************
 librcsc 
 Copyright 2000 - 2007. Hidehisa Akiyama.
 Copyright 2007 - 2011. Hidehisa Akiyama and Hiroki Shimora
 Copyright 2011 -  Hidehisa Akiyama, Hiroki Shimora
   Takuya Fukushima (2019-)
 All rights reserved.
******************************************************************
******************************************************************
 librcsc 
 Copyright 2000 - 2007. Hidehisa Akiyama.
 Copyright 2007 - 2011. Hidehisa Akiyama and Hiroki Shimora
 Copyright 2011 -  Hidehisa Akiyama, Hiroki Shimora
   Takuya Fukushima (2019-)
 All rights reserved.
******************************************************************
******************************************************************
 librcsc 
 Copyright 2000 - 2007. Hidehisa Akiyama.
 Copyright 2007 - 2011. Hidehisa Akiyama and Hiroki Shimora
 Copyright 2011 -  Hidehisa Akiyama, Hiroki Shimora
   Takuya Fukushima (2019-)
 All rights reserved.
******************************************************************
******************************************************************
 librcsc 
 Copyright 2000 - 2007. Hidehisa Akiyama.
 Copyright 2007 - 2011. Hidehisa Akiyama and Hiroki Shimora
 Copyright 2011 -  Hidehisa Akiyama, Hiroki Shimora
   Takuya Fukushima (2019-)
 All rights reserved.
******************************************************************
******************************************************************
 librcsc 
 Copyright 2000 - 2007. Hidehisa Akiyama.
 Copyright 2007 - 2011. Hidehisa Akiyama and Hiroki Shimora
 Copyright 2011 -  Hidehisa Akiyama, Hiroki Shimora
   Takuya Fukushima (2019-)
 All rights reserved.
******************************************************************
******************************************************************
 librcsc 
 Copyright 2000 - 2007. Hidehisa Akiyama.
 Copyright 2007 - 2011. Hidehisa Akiyama and Hiroki Shimora
 Copyright 2011 -  Hidehisa Akiyama, Hiroki Shimora
   Takuya Fukushima (2019-)
 All rights reserved.
******************************************************************
*****************************************************************
 This program is based on agent2d created by Hidehisa Akiyama.
 Copyright 2006 - 2011. Hidehisa Akiyama and Hiroki Shimora.
 All rights reserved.
*****************************************************************
******************************************************************
 librcsc 
 Copyright 2000 - 2007. Hidehisa Akiyama.
 Copyright 2007 - 2011. Hidehisa Akiyama and Hiroki Shimora
 Copyright 2011 -  Hidehisa Akiyama, Hiroki Shimora
   Takuya Fukushima (2019-)
 All rights reserved.
******************************************************************
*****************************************************************
 This program is based on agent2d created by Hidehisa Akiyama.
 Copyright 2006 - 2011. Hidehisa Akiyama and Hiroki Shimora.
 All rights reserved.
*****************************************************************
A new (v18) player (SPICA325 2) connected.
SPICA325: init ok.  unum: 3 side: l
SPICA325 3: [-1, 0] (v18+) force synch see mode.
A new (v18) player (SPICA325 3) connected.
SPICA325: init ok.  unum: 2 side: l
SPICA325 2: [-1, 0] (v18+) force synch see mode.
*****************************************************************
 This program is based on agent2d created by Hidehisa Akiyama.
 Copyright 2006 - 2011. Hidehisa Akiyama and Hiroki Shimora.
 All rights reserved.
*****************************************************************
******************************************************************
 librcsc 
 Copyright 2000 - 2007. Hidehisa Akiyama.
 Copyright 2007 - 2011. Hidehisa Akiyama and Hiroki Shimora
 Copyright 2011 -  Hidehisa Akiyama, Hiroki Shimora
   Takuya Fukushima (2019-)
 All rights reserved.
******************************************************************
*****************************************************************
 This program is based on agent2d created by Hidehisa Akiyama.
 Copyright 2006 - 2011. Hidehisa Akiyama and Hiroki Shimora.
 All rights reserved.
*****************************************************************
******************************************************************
 librcsc 
 Copyright 2000 - 2007. Hidehisa Akiyama.
 Copyright 2007 - 2011. Hidehisa Akiyama and Hiroki Shimora
 Copyright 2011 -  Hidehisa Akiyama, Hiroki Shimora
   Takuya Fukushima (2019-)
 All rights reserved.
******************************************************************
*****************************************************************
 This program is based on agent2d created by Hidehisa Akiyama.
 Copyright 2006 - 2011. Hidehisa Akiyama and Hiroki Shimora.
 All rights reserved.
*****************************************************************
A new (v18) player (SPICA325 4) connected.
SPICA325: init ok.  unum: 4 side: l
SPICA325 4: [-1, 0] (v18+) force synch see mode.
A new (v18) player (SPICA325 5) connected.
A new (v18) online coach (SPICA325) connected.
SPICA325: init ok.  unum: 5 side: l
SPICA325 5: [-1, 0] (v18+) force synch see mode.
*****************************************************************
 This program is based on agent2d created by Hidehisa Akiyama.
 Copyright 2006 - 2011. Hidehisa Akiyama and Hiroki Shimora.
 All rights reserved.
*****************************************************************
A new (v18) player (SPICA325 6) connected.
******************************************************************
 librcsc 
 Copyright 2000 - 2007. Hidehisa Akiyama.
 Copyright 2007 - 2011. Hidehisa Akiyama and Hiroki Shimora
 Copyright 2011 -  Hidehisa Akiyama, Hiroki Shimora
   Takuya Fukushima (2019-)
 All rights reserved.
******************************************************************
SPICA325 coach: [-1, 0] recv (ok eye on)
SPICA325 3:  KickTable created.
SPICA325 3: [-1, 0] set synch see mode.
SPICA325: init ok.  unum: 6 side: l
SPICA325 6: [-1, 0] (v18+) force synch see mode.
*****************************************************************
 This program is based on agent2d created by Hidehisa Akiyama.
 Copyright 2006 - 2011. Hidehisa Akiyama and Hiroki Shimora.
 All rights reserved.
*****************************************************************
SPICA325: init ok.  unum: 7 side: l
SPICA325 7: [-1, 0] (v18+) force synch see mode.
A new (v18) player (SPICA325 7) connected.
******************************************************************
 librcsc 
 Copyright 2000 - 2007. Hidehisa Akiyama.
 Copyright 2007 - 2011. Hidehisa Akiyama and Hiroki Shimora
 Copyright 2011 -  Hidehisa Akiyama, Hiroki Shimora
   Takuya Fukushima (2019-)
 All rights reserved.
******************************************************************
*****************************************************************
 This program is based on agent2d created by Hidehisa Akiyama.
 Copyright 2006 - 2011. Hidehisa Akiyama and Hiroki Shimora.
 All rights reserved.
*****************************************************************
A new (v18) player (SPICA325 8) connected.
SPICA325 2:  KickTable created.
SPICA325 2: [-1, 0] set synch see mode.
*****************************************************************
 This program is based on agent2d created by Hidehisa Akiyama.
 Copyright 2006 - 2011. Hidehisa Akiyama and Hiroki Shimora.
 All rights reserved.
*****************************************************************
SPICA325: init ok.  unum: 9 side: l
SPICA325 9: [-1, 0] (v18+) force synch see mode.
A new (v18) player (SPICA325 9) connected.
******************************************************************
 librcsc 
 Copyright 2000 - 2007. Hidehisa Akiyama.
 Copyright 2007 - 2011. Hidehisa Akiyama and Hiroki Shimora
 Copyright 2011 -  Hidehisa Akiyama, Hiroki Shimora
   Takuya Fukushima (2019-)
 All rights reserved.
******************************************************************
SPICA325: init ok.  unum: 8 side: l
SPICA325 8: [-1, 0] (v18+) force synch see mode.
******************************************************************
 librcsc 
 Copyright 2000 - 2007. Hidehisa Akiyama.
 Copyright 2007 - 2011. Hidehisa Akiyama and Hiroki Shimora
 Copyright 2011 -  Hidehisa Akiyama, Hiroki Shimora
   Takuya Fukushima (2019-)
 All rights reserved.
******************************************************************
*****************************************************************
 This program is based on agent2d created by Hidehisa Akiyama.
 Copyright 2006 - 2011. Hidehisa Akiyama and Hiroki Shimora.
 All rights reserved.
*****************************************************************
*****************************************************************
 This program is based on agent2d created by Hidehisa Akiyama.
 Copyright 2006 - 2011. Hidehisa Akiyama and Hiroki Shimora.
 All rights reserved.
*****************************************************************
******************************************************************
 librcsc 
 Copyright 2000 - 2007. Hidehisa Akiyama.
 Copyright 2007 - 2011. Hidehisa Akiyama and Hiroki Shimora
 Copyright 2011 -  Hidehisa Akiyama, Hiroki Shimora
   Takuya Fukushima (2019-)
 All rights reserved.
******************************************************************
SPICA325 9:  KickTable created.
Read Setting: ./data/settings/Other.json
Read Setting: ./data/settings/Other.json
SPICA325 9: [-1, 0] set synch see mode.
A new (v18) player (SPICA325 10) connected.
A new (v18) player (SPICA325 11) connected.
******************************************************************
 librcsc 
 Copyright 2000 - 2007. Hidehisa Akiyama.
 Copyright 2007 - 2011. Hidehisa Akiyama and Hiroki Shimora
 Copyright 2011 -  Hidehisa Akiyama, Hiroki Shimora
   Takuya Fukushima (2019-)
 All rights reserved.
******************************************************************
SPICA325: init ok.  unum: 11 side: l
SPICA325 11: [-1, 0] (v18+) force synch see mode.
SPICA325 6:  KickTable created.
SPICA325 6: [-1, 0] set synch see mode.
SPICA325: init ok.  unum: 10 side: l
SPICA325 10: [-1, 0] (v18+) force synch see mode.
SPICA325 5:  KickTable created.
SPICA325 4:  KickTable created.
SPICA325 4: [-1, 0] set synch see mode.
SPICA325 5: [-1, 0] set synch see mode.
******************************************************************
 librcsc 
 Copyright 2000 - 2007. Hidehisa Akiyama.
 Copyright 2007 - 2011. Hidehisa Akiyama and Hiroki Shimora
 Copyright 2011 -  Hidehisa Akiyama, Hiroki Shimora
   Takuya Fukushima (2019-)
 All rights reserved.
******************************************************************
*****************************************************************
 This program is based on agent2d created by Hidehisa Akiyama.
 Copyright 2006 - 2011. Hidehisa Akiyama and Hiroki Shimora.
 All rights reserved.
*****************************************************************
SPICA325 7:  KickTable created.
******************************************************************
 librcsc 
 Copyright 2000 - 2007. Hidehisa Akiyama.
 Copyright 2007 - 2011. Hidehisa Akiyama and Hiroki Shimora
 Copyright 2011 -  Hidehisa Akiyama, Hiroki Shimora
   Takuya Fukushima (2019-)
 All rights reserved.
******************************************************************
SPICA325 7: [-1, 0] set synch see mode.
*****************************************************************
 This program is based on agent2d created by Hidehisa Akiyama.
 Copyright 2006 - 2011. Hidehisa Akiyama and Hiroki Shimora.
 All rights reserved.
*****************************************************************
SPICA325 8:  KickTable created.
SPICA325 8: [-1, 0] set synch see mode.
SPICA325 11:  KickTable created.
SPICA325 10:  KickTable created.
SPICA325 10: [-1, 0] set synch see mode.
*****************************************************************
 This program is based on agent2d created by Hidehisa Akiyama.
 Copyright 2006 - 2011. Hidehisa Akiyama and Hiroki Shimora.
 All rights reserved.
*****************************************************************
CYRUS_VANILLA: init ok.  unum: 2 side: r
CYRUS_VANILLA 2: [-1, 0] (v18+) force synch see mode.
*****************************************************************
 This program is based on agent2d created by Hidehisa Akiyama.
 Copyright 2006 - 2011. Hidehisa Akiyama and Hiroki Shimora.
 All rights reserved.
*****************************************************************
SPICA325 11: [-1, 0] set synch see mode.
*****************************************************************
 This program is based on agent2d created by Hidehisa Akiyama.
 Copyright 2006 - 2011. Hidehisa Akiyama and Hiroki Shimora.
 All rights reserved.
*****************************************************************
******************************************************************
 librcsc 
 Copyright 2000 - 2007. Hidehisa Akiyama.
 Copyright 2007 - 2011. Hidehisa Akiyama and Hiroki Shimora
 Copyright 2011 -  Hidehisa Akiyama, Hiroki Shimora
   Takuya Fukushima (2019-)
 All rights reserved.
******************************************************************
******************************************************************
 librcsc 
 Copyright 2000 - 2007. Hidehisa Akiyama.
 Copyright 2007 - 2011. Hidehisa Akiyama and Hiroki Shimora
 Copyright 2011 -  Hidehisa Akiyama, Hiroki Shimora
   Takuya Fukushima (2019-)
 All rights reserved.
******************************************************************
*****************************************************************
 This program is based on agent2d created by Hidehisa Akiyama.
 Copyright 2006 - 2011. Hidehisa Akiyama and Hiroki Shimora.
 All rights reserved.
*****************************************************************
A new (v18) player (CYRUS_VANILLA 2) connected.
A new (v18) player (CYRUS_VANILLA 3) connected.
CYRUS_VANILLA: init ok.  unum: 4 side: r
CYRUS_VANILLA 4: [-1, 0] (v18+) force synch see mode.
CYRUS_VANILLA: init ok.  unum: 3 side: r
CYRUS_VANILLA 3: [-1, 0] (v18+) force synch see mode.
A new (v18) player (CYRUS_VANILLA 4) connected.
A new (v18) player (CYRUS_VANILLA 5) connected.
CYRUS_VANILLA: init ok.  unum: 6 side: r
CYRUS_VANILLA 6: [-1, 0] (v18+) force synch see mode.
*****************************************************************
 This program is based on agent2d created by Hidehisa Akiyama.
 Copyright 2006 - 2011. Hidehisa Akiyama and Hiroki Shimora.
 All rights reserved.
*****************************************************************
A new (v18) player (CYRUS_VANILLA 6) connected.
CYRUS_VANILLA: init ok.  unum: 5 side: r
CYRUS_VANILLA 5: [-1, 0] (v18+) force synch see mode.
A new (v18) online coach (CYRUS_VANILLA) connected.
CYRUS_VANILLA coach: [-1, 0] recv (ok eye on)
*****************************************************************
 This program is based on agent2d created by Hidehisa Akiyama.
 Copyright 2006 - 2011. Hidehisa Akiyama and Hiroki Shimora.
 All rights reserved.
*****************************************************************
*****************************************************************
 This program is based on agent2d created by Hidehisa Akiyama.
 Copyright 2006 - 2011. Hidehisa Akiyama and Hiroki Shimora.
 All rights reserved.
*****************************************************************
*****************************************************************
 This program is based on agent2d created by Hidehisa Akiyama.
 Copyright 2006 - 2011. Hidehisa Akiyama and Hiroki Shimora.
 All rights reserved.
*****************************************************************
CYRUS_VANILLA 5:  KickTable created.
CYRUS_VANILLA 5: [-1, 0] set synch see mode.
CYRUS_VANILLA 6:  KickTable created.
CYRUS_VANILLA 6: [-1, 0] set synch see mode.
*****************************************************************
 This program is based on agent2d created by Hidehisa Akiyama.
 Copyright 2006 - 2011. Hidehisa Akiyama and Hiroki Shimora.
 All rights reserved.
*****************************************************************
CYRUS_VANILLA 2:  KickTable created.
CYRUS_VANILLA 2: [-1, 0] set synch see mode.
CYRUS_VANILLA 4:  KickTable created.
CYRUS_VANILLA 4: [-1, 0] set synch see mode.
CYRUS_VANILLA 3:  KickTable created.
CYRUS_VANILLA 3: [-1, 0] set synch see mode.
Read Setting: ./data/settings/Other.json
Read Setting: ./data/settings/Other.json
Read Setting: ./data/settings/Other.json
Read Setting: ./data/settings/Other.json
Read Setting: ./data/settings/Other.json
Read Setting: ./data/settings/Other.json
CYRUS_VANILLA: init ok.  unum: 7 side: r
CYRUS_VANILLA 7: [-1, 0] (v18+) force synch see mode.
A new (v18) player (CYRUS_VANILLA 7) connected.
CYRUS_VANILLA: init ok.  unum: 8 side: r
CYRUS_VANILLA 8: [-1, 0] (v18+) force synch see mode.
A new (v18) player (CYRUS_VANILLA 8) connected.
CYRUS_VANILLA: init ok.  unum: 9 side: r
CYRUS_VANILLA 9: [-1, 0] (v18+) force synch see mode.
A new (v18) player (CYRUS_VANILLA 9) connected.
CYRUS_VANILLA: init ok.  unum: 10 side: r
CYRUS_VANILLA 10: [-1, 0] (v18+) force synch see mode.
A new (v18) player (CYRUS_VANILLA 10) connected.
A new (v18) player (CYRUS_VANILLA 11) connected.
CYRUS_VANILLA: init ok.  unum: 11 side: r
CYRUS_VANILLA 11: [-1, 0] (v18+) force synch see mode.
CYRUS_VANILLA 7:  KickTable created.
CYRUS_VANILLA 7: [-1, 0] set synch see mode.
CYRUS_VANILLA 8:  KickTable created.
CYRUS_VANILLA 10:  KickTable created.
CYRUS_VANILLA 8: [-1, 0] set synch see mode.
CYRUS_VANILLA 10: [-1, 0] set synch see mode.
CYRUS_VANILLA 9:  KickTable created.
CYRUS_VANILLA 9: [-1, 0] set synch see mode.
CYRUS_VANILLA 11:  KickTable created.
CYRUS_VANILLA 11: [-1, 0] set synch see mode.
Read Setting: ./data/settings/Other.json
Read Setting: ./data/settings/Other.json
id speed step inc  power  stam  karea
 0 1.000   6  45.0 100.0  55.0  1.085
 1 0.933   5  45.8 100.0  54.2  1.090
 2 1.021   6  43.4 100.0  56.6  1.032
 3 0.861   5  46.4 100.0  53.6  1.096
 4 0.937   6  47.1 100.0  52.9  0.991
 5 0.785   4  45.1 100.0  54.9  1.070
 6 1.026   7  41.4 100.0  58.6  1.062
 7 0.852   5  44.1 100.0  55.9  1.007
 8 0.930   6  45.4 100.0  54.6  1.162
 9 0.895   6  44.1 100.0  55.9  1.112
 10 0.915   5  45.0 100.0  55.0  1.130
 11 0.874   5  46.4 100.0  53.6  1.132
 12 1.045   6  43.5 100.0  56.5  1.166
 13 0.908   6  48.1 100.0  51.9  1.068
 14 0.805   5  51.0 100.0  49.0  1.083
 15 0.814   6  48.5 100.0  51.5  1.038
 16 0.867   5  44.5 100.0  55.5  1.105
 17 0.899   5  43.3 100.0  56.7  1.182
$$$$$$$$$$$$$$$$$$$$$$$$isother
SPICA325 coach: change player 1 to type 0
SPICA325 coach: change player 9 to type 12
SPICA325 coach: change player 2 to type 2
SPICA325 coach: change player 11 to type 6
SPICA325 coach: change player 4 to type 1
SPICA325 coach: change player 10 to type 4
SPICA325 coach: change player 3 to type 8
SPICA325 coach: change player 5 to type 10
SPICA325 coach: change player 7 to type 17
SPICA325 coach: change player 8 to type 13
SPICA325 coach: change player 6 to type 9
id speed step inc  power  stam  karea
 0 1.000   6  45.0 100.0  55.0  1.085
 1 0.933   5  45.8 100.0  54.2  1.090
 2 1.021   6  43.4 100.0  56.6  1.032
 3 0.861   5  46.4 100.0  53.6  1.096
 4 0.937   6  47.1 100.0  52.9  0.991
 5 0.785   4  45.1 100.0  54.9  1.070
 6 1.026   7  41.4 100.0  58.6  1.062
 7 0.852   5  44.1 100.0  55.9  1.007
 8 0.930   6  45.4 100.0  54.6  1.162
 9 0.895   6  44.1 100.0  55.9  1.112
 10 0.915   5  45.0 100.0  55.0  1.130
 11 0.874   5  46.4 100.0  53.6  1.132
 12 1.045   6  43.5 100.0  56.5  1.166
 13 0.908   6  48.1 100.0  51.9  1.068
 14 0.805   5  51.0 100.0  49.0  1.083
 15 0.814   6  48.5 100.0  51.5  1.038
 16 0.867   5  44.5 100.0  55.5  1.105
 17 0.899   5  43.3 100.0  56.7  1.182
$$$$$$$$$$$$$$$$$$$$$$$$isother
CYRUS_VANILLA coach: change player 1 to type 0
CYRUS_VANILLA coach: change player 9 to type 12
CYRUS_VANILLA coach: change player 2 to type 2
CYRUS_VANILLA coach: change player 11 to type 6
CYRUS_VANILLA coach: change player 4 to type 1
Read Setting: ./data/settings/Other.json
CYRUS_VANILLA coach: change player 10 to type 4
CYRUS_VANILLA coach: change player 3 to type 8
CYRUS_VANILLA coach: change player 5 to type 10
CYRUS_VANILLA coach: change player 7 to type 17
CYRUS_VANILLA coach: change player 8 to type 13
CYRUS_VANILLA coach: change player 6 to type 9
Read Setting: ./data/settings/Other.json
Read Setting: ./data/settings/Other.json
Read Setting: ./data/settings/Other.json
Read Setting: ./data/settings/Other.json
Read Setting: ./data/settings/Other.json
Read Setting: ./data/settings/Other.json
Read Setting: ./data/settings/Other.json
Read Setting: ./data/settings/Other.json
Read Setting: ./data/settings/Other.json
Waiting to kick off
Kick_off_left
CYRUS_VANILLA coach: [93, 0] no player type for opponent 10. restart analysis.
CYRUS_VANILLA coach: [93, 0] no player type for opponent 3. restart analysis.
SPICA325 coach: [95, 0] no player type for opponent 8. restart analysis.
SPICA325 coach: [95, 0] no player type for opponent 3. restart analysis.
CYRUS_VANILLA coach: [96, 0] no player type for opponent 11. restart analysis.
CYRUS_VANILLA coach: [96, 0] no player type for opponent 9. restart analysis.
CYRUS_VANILLA coach: [96, 0] no player type for opponent 2. restart analysis.
SPICA325 coach: [96, 0] no player type for opponent 8. restart analysis.
SPICA325 coach: [96, 0] no player type for opponent 10. restart analysis.
CYRUS_VANILLA coach: [97, 0] no player type for opponent 9. restart analysis.
SPICA325 coach: [97, 0] no player type for opponent 11. restart analysis.
SPICA325 coach: [97, 0] no player type for opponent 9. restart analysis.
SPICA325 coach: [97, 0] no player type for opponent 7. restart analysis.
CYRUS_VANILLA coach: [98, 0] no player type for opponent 9. restart analysis.
CYRUS_VANILLA coach: [98, 0] no player type for opponent 2. restart analysis.
SPICA325 coach: [98, 0] no player type for opponent 8. restart analysis.
SPICA325 coach: [98, 0] no player type for opponent 4. restart analysis.
SPICA325 coach: [98, 0] no player type for opponent 10. restart analysis.
SPICA325 coach: [98, 0] no player type for opponent 3. restart analysis.
CYRUS_VANILLA coach: [99, 0] no player type for opponent 10. restart analysis.
SPICA325 coach: [99, 0] no player type for opponent 8. restart analysis.
SPICA325 coach: [99, 0] no player type for opponent 10. restart analysis.
SPICA325 coach: [99, 0] no player type for opponent 11. restart analysis.
SPICA325 coach: [99, 0] no player type for opponent 9. restart analysis.
SPICA325 coach: [101, 0] no player type for opponent 11. restart analysis.
SPICA325 coach: [102, 0] no player type for opponent 10. restart analysis.
SPICA325 coach: [102, 0] no player type for opponent 11. restart analysis.
SPICA325 coach: [103, 0] no player type for opponent 10. restart analysis.
SPICA325 coach: [103, 0] no player type for opponent 11. restart analysis.
SPICA325 coach: [103, 0] no player type for opponent 9. restart analysis.
SPICA325 coach: [103, 0] no player type for opponent 5. restart analysis.
CYRUS_VANILLA coach: [103, 0] determined opponent 9 type = 12
CYRUS_VANILLA coach: [103, 0] determined opponent 8 type = 13
CYRUS_VANILLA coach: [104, 0] no player type for opponent 3. restart analysis.
SPICA325 coach: [104, 0] no player type for opponent 9. restart analysis.
SPICA325 coach: [105, 0] no player type for opponent 4. restart analysis.
SPICA325 coach: [105, 0] no player type for opponent 6. restart analysis.
SPICA325 coach: [105, 0] no player type for opponent 11. restart analysis.
SPICA325 coach: [105, 0] no player type for opponent 9. restart analysis.
CYRUS_VANILLA coach: [105, 0] determined opponent 11 type = 6
CYRUS_VANILLA coach: [105, 0] no player type for opponent 10. restart analysis.
CYRUS_VANILLA coach: [105, 0] no player type for opponent 3. restart analysis.
SPICA325 coach: [106, 0] no player type for opponent 8. restart analysis.
SPICA325 coach: [106, 0] no player type for opponent 10. restart analysis.
SPICA325 coach: [106, 0] no player type for opponent 11. restart analysis.
SPICA325 coach: [106, 0] no player type for opponent 1. restart analysis.
CYRUS_VANILLA coach: [106, 0] no player type for opponent 10. restart analysis.
SPICA325 coach: [107, 0] no player type for opponent 11. restart analysis.
SPICA325 coach: [107, 0] no player type for opponent 6. restart analysis.
CYRUS_VANILLA coach: [107, 0] no player type for opponent 5. restart analysis.
SPICA325 coach: [108, 0] no player type for opponent 8. restart analysis.
SPICA325 coach: [108, 0] no player type for opponent 2. restart analysis.
SPICA325 coach: [108, 0] no player type for opponent 3. restart analysis.
SPICA325 coach: [111, 0] no player type for opponent 8. restart analysis.
SPICA325 coach: [111, 0] no player type for opponent 2. restart analysis.
SPICA325 coach: [111, 0] no player type for opponent 10. restart analysis.
SPICA325 coach: [111, 0] no player type for opponent 3. restart analysis.
CYRUS_VANILLA coach: [111, 0] no player type for opponent 5. restart analysis.
SPICA325 coach: [112, 0] no player type for opponent 4. restart analysis.
SPICA325 coach: [113, 0] no player type for opponent 10. restart analysis.
CYRUS_VANILLA coach: [113, 0] no player type for opponent 10. restart analysis.
CYRUS_VANILLA coach: [113, 0] no player type for opponent 5. restart analysis.
CYRUS_VANILLA coach: [113, 0] no player type for opponent 3. restart analysis.
CYRUS_VANILLA coach: [113, 0] no player type for opponent 6. restart analysis.
SPICA325 coach: [114, 0] no player type for opponent 4. restart analysis.
SPICA325 coach: [114, 0] no player type for opponent 2. restart analysis.
SPICA325 coach: [114, 0] no player type for opponent 10. restart analysis.
SPICA325 coach: [114, 0] no player type for opponent 5. restart analysis.
CYRUS_VANILLA coach: [115, 0] no player type for opponent 7. restart analysis.
CYRUS_VANILLA coach: [115, 0] no player type for opponent 6. restart analysis.
CYRUS_VANILLA coach: [115, 0] no player type for opponent 4. restart analysis.
CYRUS_VANILLA coach: [116, 0] no player type for opponent 10. restart analysis.
SPICA325 coach: [116, 0] no player type for opponent 4. restart analysis.
SPICA325 coach: [116, 0] no player type for opponent 8. restart analysis.
SPICA325 coach: [116, 0] no player type for opponent 6. restart analysis.
CYRUS_VANILLA coach: [117, 0] no player type for opponent 6. restart analysis.
CYRUS_VANILLA coach: [118, 0] no player type for opponent 3. restart analysis.
SPICA325 coach: [118, 0] no player type for opponent 4. restart analysis.
SPICA325 coach: [118, 0] no player type for opponent 8. restart analysis.
SPICA325 coach: [119, 0] no player type for opponent 4. restart analysis.
SPICA325 coach: [119, 0] no player type for opponent 6. restart analysis.
SPICA325 coach: [119, 0] no player type for opponent 7. restart analysis.
CYRUS_VANILLA coach: [119, 0] no player type for opponent 7. restart analysis.
CYRUS_VANILLA coach: [119, 0] no player type for opponent 5. restart analysis.
CYRUS_VANILLA coach: [120, 0] no player type for opponent 3. restart analysis.
CYRUS_VANILLA coach: [120, 0] no player type for opponent 6. restart analysis.
SPICA325 coach: [120, 0] no player type for opponent 8. restart analysis.
SPICA325 coach: [121, 0] no player type for opponent 7. restart analysis.
CYRUS_VANILLA coach: [121, 0] no player type for opponent 7. restart analysis.
CYRUS_VANILLA coach: [121, 0] no player type for opponent 6. restart analysis.
CYRUS_VANILLA coach: [121, 0] no player type for opponent 3. restart analysis.
SPICA325 coach: [122, 0] no player type for opponent 10. restart analysis.
CYRUS_VANILLA coach: [122, 0] no player type for opponent 7. restart analysis.
CYRUS_VANILLA coach: [122, 0] no player type for opponent 3. restart analysis.
SPICA325 coach: [123, 0] no player type for opponent 8. restart analysis.
SPICA325 coach: [123, 0] no player type for opponent 11. restart analysis.
CYRUS_VANILLA coach: [123, 0] no player type for opponent 10. restart analysis.
CYRUS_VANILLA coach: [123, 0] no player type for opponent 6. restart analysis.
CYRUS_VANILLA coach: [124, 0] no player type for opponent 10. restart analysis.
CYRUS_VANILLA coach: [124, 0] no player type for opponent 5. restart analysis.
CYRUS_VANILLA coach: [124, 0] no player type for opponent 3. restart analysis.
SPICA325 coach: [124, 0] no player type for opponent 10. restart analysis.
SPICA325 coach: [124, 0] no player type for opponent 7. restart analysis.
SPICA325 coach: [125, 0] no player type for opponent 4. restart analysis.
SPICA325 coach: [125, 0] no player type for opponent 10. restart analysis.
SPICA325 coach: [125, 0] determined opponent 11 type = 6
SPICA325 coach: [126, 0] no player type for opponent 4. restart analysis.
SPICA325 coach: [126, 0] no player type for opponent 6. restart analysis.
CYRUS_VANILLA coach: [127, 0] no player type for opponent 10. restart analysis.
CYRUS_VANILLA coach: [127, 0] no player type for opponent 3. restart analysis.
SPICA325 coach: [127, 0] no player type for opponent 7. restart analysis.
SPICA325 coach: [127, 0] no player type for opponent 3. restart analysis.
CYRUS_VANILLA coach: [128, 0] no player type for opponent 5. restart analysis.
CYRUS_VANILLA coach: [128, 0] no player type for opponent 6. restart analysis.
SPICA325 coach: [128, 0] no player type for opponent 4. restart analysis.
SPICA325 coach: [128, 0] no player type for opponent 6. restart analysis.
SPICA325 coach: [129, 0] no player type for opponent 8. restart analysis.
SPICA325 coach: [129, 0] no player type for opponent 6. restart analysis.
CYRUS_VANILLA coach: [129, 0] no player type for opponent 10. restart analysis.
SPICA325 coach: [130, 0] no player type for opponent 5. restart analysis.
SPICA325 coach: [130, 0] no player type for opponent 3. restart analysis.
CYRUS_VANILLA coach: [130, 0] no player type for opponent 10. restart analysis.
CYRUS_VANILLA coach: [130, 0] no player type for opponent 6. restart analysis.
SPICA325 coach: [131, 0] no player type for opponent 4. restart analysis.
CYRUS_VANILLA coach: [131, 0] no player type for opponent 5. restart analysis.
SPICA325 coach: [132, 0] no player type for opponent 4. restart analysis.
SPICA325 coach: [133, 0] no player type for opponent 6. restart analysis.
layerSize: 3
SPICA325 coach: [134, 0] no player type for opponent 8. restart analysis.
SPICA325 coach: [134, 0] no player type for opponent 6. restart analysis.
SPICA325 coach: [134, 0] no player type for opponent 7. restart analysis.
CYRUS_VANILLA coach: [134, 0] no player type for opponent 6. restart analysis.
CYRUS_VANILLA coach: [135, 0] no player type for opponent 6. restart analysis.
SPICA325 coach: [135, 0] no player type for opponent 5. restart analysis.
SPICA325 coach: [136, 0] no player type for opponent 4. restart analysis.
SPICA325 coach: [136, 0] no player type for opponent 8. restart analysis.
CYRUS_VANILLA coach: [136, 0] no player type for opponent 5. restart analysis.
CYRUS_VANILLA coach: [137, 0] no player type for opponent 6. restart analysis.
CYRUS_VANILLA coach: [137, 0] no player type for opponent 4. restart analysis.
SPICA325 coach: [138, 0] no player type for opponent 2. restart analysis.
CYRUS_VANILLA coach: [138, 0] no player type for opponent 7. restart analysis.
SPICA325 coach: [139, 0] no player type for opponent 8. restart analysis.
CYRUS_VANILLA coach: [139, 0] no player type for opponent 7. restart analysis.
CYRUS_VANILLA coach: [139, 0] no player type for opponent 10. restart analysis.
CYRUS_VANILLA coach: [139, 0] no player type for opponent 5. restart analysis.
CYRUS_VANILLA coach: [139, 0] no player type for opponent 6. restart analysis.
SPICA325 coach: [140, 0] no player type for opponent 2. restart analysis.
CYRUS_VANILLA coach: [140, 0] no player type for opponent 7. restart analysis.
CYRUS_VANILLA coach: [140, 0] no player type for opponent 10. restart analysis.
SPICA325 coach: [141, 0] no player type for opponent 6. restart analysis.
SPICA325 coach: [141, 0] no player type for opponent 7. restart analysis.
SPICA325 coach: [142, 0] no player type for opponent 4. restart analysis.
CYRUS_VANILLA coach: [143, 0] no player type for opponent 7. restart analysis.
CYRUS_VANILLA coach: [143, 0] no player type for opponent 5. restart analysis.
CYRUS_VANILLA coach: [143, 0] no player type for opponent 10. restart analysis.
SPICA325 coach: [143, 0] no player type for opponent 6. restart analysis.
SPICA325 coach: [143, 0] no player type for opponent 5. restart analysis.
SPICA325 coach: [144, 0] no player type for opponent 8. restart analysis.
SPICA325 coach: [144, 0] no player type for opponent 5. restart analysis.
SPICA325 coach: [144, 0] determined opponent 1 type = 0
SPICA325 coach: [145, 0] no player type for opponent 10. restart analysis.
CYRUS_VANILLA coach: [145, 0] no player type for opponent 7. restart analysis.
SPICA325 coach: [146, 0] no player type for opponent 6. restart analysis.
SPICA325 coach: [146, 0] no player type for opponent 7. restart analysis.
CYRUS_VANILLA coach: [146, 0] no player type for opponent 6. restart analysis.
SPICA325 coach: [147, 0] no player type for opponent 6. restart analysis.
CYRUS_VANILLA coach: [147, 0] no player type for opponent 10. restart analysis.
CYRUS_VANILLA coach: [147, 0] no player type for opponent 5. restart analysis.
SPICA325 coach: [148, 0] no player type for opponent 5. restart analysis.
CYRUS_VANILLA coach: [148, 0] no player type for opponent 3. restart analysis.
SPICA325 coach: [149, 0] no player type for opponent 6. restart analysis.
SPICA325 coach: [149, 0] no player type for opponent 2. restart analysis.
SPICA325 coach: [150, 0] no player type for opponent 5. restart analysis.
SPICA325 coach: [150, 0] no player type for opponent 7. restart analysis.
CYRUS_VANILLA coach: [150, 0] no player type for opponent 10. restart analysis.
CYRUS_VANILLA coach: [150, 0] no player type for opponent 3. restart analysis.
CYRUS_VANILLA coach: [151, 0] no player type for opponent 5. restart analysis.
SPICA325 coach: [152, 0] no player type for opponent 2. restart analysis.
SPICA325 coach: [153, 0] determined opponent 4 type = 1
CYRUS_VANILLA coach: [153, 0] no player type for opponent 10. restart analysis.
CYRUS_VANILLA coach: [154, 0] no player type for opponent 5. restart analysis.
CYRUS_VANILLA coach: [154, 0] determined opponent 3 type = 8
SPICA325 coach: [155, 0] no player type for opponent 6. restart analysis.
CYRUS_VANILLA coach: [155, 0] no player type for opponent 7. restart analysis.
CYRUS_VANILLA coach: [155, 0] no player type for opponent 6. restart analysis.
SPICA325 coach: [156, 0] determined opponent 10 type = 4
SPICA325 coach: [157, 0] no player type for opponent 6. restart analysis.
CYRUS_VANILLA coach: [157, 0] no player type for opponent 5. restart analysis.
CYRUS_VANILLA coach: [158, 0] no player type for opponent 7. restart analysis.
CYRUS_VANILLA coach: [160, 0] no player type for opponent 6. restart analysis.
CYRUS_VANILLA coach: [160, 0] no player type for opponent 5. restart analysis.
SPICA325 coach: [161, 0] no player type for opponent 5. restart analysis.
SPICA325 coach: [161, 0] no player type for opponent 7. restart analysis.
CYRUS_VANILLA coach: [161, 0] no player type for opponent 6. restart analysis.
CYRUS_VANILLA coach: [161, 0] no player type for opponent 10. restart analysis.
SPICA325 coach: [162, 0] no player type for opponent 5. restart analysis.
SPICA325 coach: [163, 0] no player type for opponent 5. restart analysis.
CYRUS_VANILLA coach: [164, 0] no player type for opponent 5. restart analysis.
SPICA325 coach: [164, 0] no player type for opponent 2. restart analysis.
CYRUS_VANILLA coach: [167, 0] no player type for opponent 6. restart analysis.
CYRUS_VANILLA coach: [168, 0] no player type for opponent 6. restart analysis.
CYRUS_VANILLA coach: [169, 0] determined opponent 1 type = 0
SPICA325 coach: [170, 0] no player type for opponent 6. restart analysis.
SPICA325 coach: [173, 0] no player type for opponent 6. restart analysis.
SPICA325 coach: [175, 0] no player type for opponent 7. restart analysis.
SPICA325 coach: [177, 0] no player type for opponent 2. restart analysis.
SPICA325 coach: [178, 0] no player type for opponent 3. restart analysis.
SPICA325 coach: [179, 0] determined opponent 8 type = 13
SPICA325 coach: [179, 0] no player type for opponent 5. restart analysis.
CYRUS_VANILLA coach: [182, 0] no player type for opponent 6. restart analysis.
SPICA325 coach: [182, 0] no player type for opponent 2. restart analysis.
SPICA325 coach: [183, 0] no player type for opponent 7. restart analysis.
SPICA325 coach: [184, 0] no player type for opponent 2. restart analysis.
SPICA325 coach: [185, 0] no player type for opponent 6. restart analysis.
SPICA325 coach: [189, 0] no player type for opponent 6. restart analysis.
SPICA325 coach: [195, 0] determined opponent 2 type = 2
CYRUS_VANILLA coach: [195, 0] no player type for opponent 10. restart analysis.
SPICA325 coach: [196, 0] no player type for opponent 7. restart analysis.
SPICA325 coach: [197, 0] no player type for opponent 7. restart analysis.
CYRUS_VANILLA coach: [197, 0] no player type for opponent 10. restart analysis.
CYRUS_VANILLA coach: [198, 0] determined opponent 6 type = 9
CYRUS_VANILLA coach: [200, 0] determined opponent 7 type = 17
CYRUS_VANILLA coach: [203, 0] no player type for opponent 10. restart analysis.
SPICA325 coach: [204, 0] no player type for opponent 5. restart analysis.
CYRUS_VANILLA coach: [206, 0] no player type for opponent 10. restart analysis.
SPICA325 9: [206, 0] lost kick by foul at [206, 0] sense=20 internal=21
SPICA325 coach: [208, 0] no player type for opponent 6. restart analysis.
CYRUS_VANILLA coach: [208, 0] determined opponent 5 type = 10
CYRUS_VANILLA coach: [215, 0] determined opponent 10 type = 4
CYRUS_VANILLA coach: [215, 0] determined opponent 2 type = 2
SPICA325 coach: [215, 0] no player type for opponent 5. restart analysis.
CYRUS_VANILLA coach: [219, 0] determined opponent 4 type = 1
SPICA325 coach: [230, 0] no player type for opponent 3. restart analysis.
SPICA325 coach: [232, 0] no player type for opponent 3. restart analysis.
SPICA325 coach: [233, 0] no player type for opponent 5. restart analysis.
SPICA325 coach: [234, 0] no player type for opponent 9. restart analysis.
SPICA325 coach: [237, 0] no player type for opponent 5. restart analysis.
SPICA325 coach: [238, 0] no player type for opponent 5. restart analysis.
SPICA325 coach: [242, 0] no player type for opponent 6. restart analysis.
CYRUS_VANILLA coach: [256, 0] sent freeform (player_types (1 0)(2 2)(3 8)(4 1)(5 10)(6 9)(7 17)(8 13)(9 12)(10 4)(11 6))
CYRUS_VANILLA coach: [256, 0] freeform 1 / 128
SPICA325 coach: [256, 0] sent freeform (player_types (1 0)(2 2)(3 -1)(4 1)(5 -1)(6 -1)(7 -1)(8 13)(9 -1)(10 4)(11 6))
SPICA325 coach: [256, 0] freeform 1 / 128
SPICA325 coach: [257, 0] determined opponent 5 type = 10
SPICA325 coach: [257, 0] sent freeform (player_types (1 0)(2 2)(3 -1)(4 1)(5 10)(6 -1)(7 -1)(8 13)(9 -1)(10 4)(11 6))
SPICA325 coach: [257, 0] freeform 2 / 128
SPICA325 coach: [264, 0] no player type for opponent 9. restart analysis.
SPICA325 coach: [267, 0] no player type for opponent 6. restart analysis.
SPICA325 coach: [267, 0] no player type for opponent 9. restart analysis.
SPICA325 coach: [273, 0] no player type for opponent 3. restart analysis.
SPICA325 coach: [274, 0] no player type for opponent 6. restart analysis.
SPICA325 coach: [277, 0] no player type for opponent 7. restart analysis.
SPICA325 coach: [300, 0] determined opponent 7 type = 17
SPICA325 coach: [300, 0] sent freeform (player_types (1 0)(2 2)(3 -1)(4 1)(5 10)(6 -1)(7 17)(8 13)(9 -1)(10 4)(11 6))
SPICA325 coach: [300, 0] freeform 3 / 128
CYRUS_VANILLA coach: [301, 0] updated clang capacity.
SPICA325 coach: [301, 0] updated clang capacity.
SPICA325 coach: [327, 0] determined opponent 9 type = 12
SPICA325 coach: [327, 0] sent freeform (player_types (1 0)(2 2)(3 -1)(4 1)(5 10)(6 -1)(7 17)(8 13)(9 12)(10 4)(11 6))
SPICA325 coach: [327, 0] freeform 4 / 128
SPICA325 coach: [349, 0] no player type for opponent 6. restart analysis.
SPICA325 coach: [355, 0] no player type for opponent 3. restart analysis.
SPICA325 coach: [364, 0] no player type for opponent 6. restart analysis.
SPICA325 coach: [367, 0] no player type for opponent 6. restart analysis.
SPICA325 coach: [369, 0] no player type for opponent 6. restart analysis.
SPICA325 coach: [377, 0] no player type for opponent 3. restart analysis.
SPICA325 coach: [379, 0] no player type for opponent 6. restart analysis.
SPICA325 coach: [379, 0] no player type for opponent 3. restart analysis.
SPICA325 coach: [381, 0] no player type for opponent 3. restart analysis.
SPICA325 coach: [384, 0] no player type for opponent 6. restart analysis.
SPICA325 coach: [396, 0] no player type for opponent 6. restart analysis.
SPICA325 coach: [398, 0] no player type for opponent 3. restart analysis.
SPICA325 coach: [399, 0] determined opponent 6 type = 9
SPICA325 coach: [399, 1] sent freeform (player_types (1 0)(2 2)(3 -1)(4 1)(5 10)(6 9)(7 17)(8 13)(9 12)(10 4)(11 6))
SPICA325 coach: [399, 1] freeform 5 / 128
CYRUS_VANILLA 3: [487, 0]  WARNING. no turn_neck.
CYRUS_VANILLA 3: [488, 0]  WARNING. no turn_neck.
SPICA325 coach: [508, 0] determined opponent 3 type = 8
CYRUS_VANILLA coach: [601, 0] updated clang capacity.
SPICA325 coach: [601, 0] updated clang capacity.
CYRUS_VANILLA 5: [631, 0] lost kick by foul at [631, 0] sense=4 internal=5
layerSize: 3
CYRUS_VANILLA 10: [721, 0] lost kick by foul at [721, 0] sense=6 internal=7
CYRUS_VANILLA 8: [733, 0] lost kick by foul at [733, 0] sense=7 internal=8
SPICA325 coach: [901, 0] updated clang capacity.
CYRUS_VANILLA coach: [901, 0] updated clang capacity.
SPICA325 coach: [1072, 0] sent freeform (player_types (1 0)(2 2)(3 8)(4 1)(5 10)(6 9)(7 17)(8 13)(9 12)(10 4)(11 6))
SPICA325 coach: [1072, 0] freeform 6 / 128
SPICA325 9: [1089, 0] lost kick by foul at [1089, 0] sense=58 internal=59
CYRUS_VANILLA coach: [1201, 0] updated clang capacity.
SPICA325 coach: [1201, 0] updated clang capacity.
SPICA325 2: [1221, 0]  WARNING. no turn_neck.
CYRUS_VANILLA coach: [1501, 0] updated clang capacity.
SPICA325 coach: [1501, 0] updated clang capacity.
CYRUS_VANILLA coach: [1801, 0] updated clang capacity.
SPICA325 coach: [1801, 0] updated clang capacity.
CYRUS_VANILLA 8: [2016, 0] lost kick by foul at [2016, 0] sense=14 internal=15
SPICA325 coach: [2101, 0] updated clang capacity.
CYRUS_VANILLA coach: [2101, 0] updated clang capacity.
SPICA325 11: [2147, 0]  WARNING. no turn_neck.
SPICA325 9: [2182, 0]  WARNING. no turn_neck.
SPICA325 9: [2183, 0]  WARNING. no turn_neck.
SPICA325 9: [2184, 0]  WARNING. no turn_neck.
SPICA325 11: [2188, 0]  WARNING. no turn_neck.
SPICA325 11: [2189, 0]  WARNING. no turn_neck.
CYRUS_VANILLA 2: [2235, 0]  WARNING. no turn_neck.
CYRUS_VANILLA 3: [2384, 0]  WARNING. no turn_neck.
SPICA325 coach: [2401, 0] updated clang capacity.
CYRUS_VANILLA coach: [2401, 0] updated clang capacity.
SPICA325 coach: [2701, 0] updated clang capacity.
CYRUS_VANILLA coach: [2701, 0] updated clang capacity.
CYRUS_VANILLA 10: [2902, 0] lost kick by foul at [2902, 0] sense=39 internal=40
Waiting to kick off
Kick_off_right
SPICA325 coach: [3001, 0] updated clang capacity.
CYRUS_VANILLA coach: [3001, 0] updated clang capacity.
SPICA325 coach: [3301, 0] updated clang capacity.
CYRUS_VANILLA coach: [3301, 0] updated clang capacity.
SPICA325 coach: [3601, 0] updated clang capacity.
CYRUS_VANILLA coach: [3601, 0] updated clang capacity.
SPICA325 3: [3876, 0]  WARNING. no turn_neck.
SPICA325 2: [3890, 0]  WARNING. no turn_neck.
CYRUS_VANILLA coach: [3901, 0] updated clang capacity.
SPICA325 coach: [3901, 0] updated clang capacity.
SPICA325 6: [4066, 0] lost kick by foul at [4066, 0] sense=36 internal=37
SPICA325 coach: [4201, 0] updated clang capacity.
CYRUS_VANILLA coach: [4201, 0] updated clang capacity.
CYRUS_VANILLA 11: [4266, 0] lost kick by foul at [4266, 0] sense=52 internal=53
SPICA325 coach: [4501, 0] updated clang capacity.
CYRUS_VANILLA coach: [4501, 0] updated clang capacity.
CYRUS_VANILLA coach: [4801, 0] updated clang capacity.
SPICA325 coach: [4801, 0] updated clang capacity.
CYRUS_VANILLA 8: [4862, 0] lost kick by foul at [4862, 0] sense=49 internal=50
SPICA325 11: [4942, 0]  WARNING. no body command.
SPICA325 11: [4943, 0]  WARNING. no body command.
SPICA325 11: [4944, 0]  WARNING. no body command.
SPICA325 5: [5047, 0] lost kick? at [5047, 0] sense=48 internal=49
CYRUS_VANILLA coach: [5101, 0] updated clang capacity.
SPICA325 coach: [5101, 0] updated clang capacity.
CYRUS_VANILLA 11: [5252, 0] lost kick by foul at [5252, 0] sense=68 internal=69
CYRUS_VANILLA 7: [5324, 0]  WARNING. no turn_neck.
SPICA325 coach: [5401, 0] updated clang capacity.
CYRUS_VANILLA coach: [5401, 0] updated clang capacity.
SPICA325 10: [5573, 0] lost kick by foul at [5573, 0] sense=51 internal=52
SPICA325 6: [5681, 0] lost kick by foul at [5681, 0] sense=49 internal=50
SPICA325 coach: [5701, 0] updated clang capacity.
CYRUS_VANILLA coach: [5701, 0] updated clang capacity.
SPICA325 6: [5710, 0]  WARNING. no turn_neck.
SPICA325 6: [5713, 0] lost kick? at [5713, 0] sense=49 internal=50
CYRUS_VANILLA 4: [5755, 0] lost kick by foul at [5755, 0] sense=27 internal=28
CYRUS_VANILLA coach: change player 10 to type 11
CYRUS_VANILLA coach: change player 8 to type 3
SPICA325 coach: [5789, 0] no player type for opponent 8. restart analysis.
SPICA325 coach: [5809, 0] determined opponent 8 type = 3
SPICA325 coach: [5809, 0] sent freeform (player_types (1 0)(2 2)(3 8)(4 1)(5 10)(6 9)(7 17)(8 3)(9 12)(10 -1)(11 6))
SPICA325 coach: [5809, 0] freeform 7 / 128
SPICA325 coach: [5867, 0] no player type for opponent 10. restart analysis.
SPICA325 coach: [5883, 0] no player type for opponent 10. restart analysis.
SPICA325 coach: [5889, 0] no player type for opponent 10. restart analysis.
SPICA325 coach: [5893, 0] no player type for opponent 10. restart analysis.
SPICA325 coach: [5896, 0] no player type for opponent 10. restart analysis.
SPICA325 coach: [5898, 0] no player type for opponent 10. restart analysis.
SPICA325 coach: [5909, 0] no player type for opponent 10. restart analysis.
SPICA325 coach: [5911, 0] no player type for opponent 10. restart analysis.
SPICA325 coach: [5920, 0] no player type for opponent 10. restart analysis.
SPICA325 coach: [5921, 0] no player type for opponent 10. restart analysis.
SPICA325 coach: [5927, 0] no player type for opponent 10. restart analysis.
SPICA325 coach: [5985, 0] no player type for opponent 10. restart analysis.
SPICA325 coach: [5988, 0] no player type for opponent 10. restart analysis.
SPICA325 coach: finished.
SPICA325 3: finished.
CYRUS_VANILLA 3: finished.
CYRUS_VANILLA 1: finished.
CYRUS_VANILLA 5: finished.
SPICA325 10: finished.
Waiting after end of match
remoteclient.cpp: 149: Error sending to socket: Bad file descriptor
msg = [(think)]
CYRUS_VANILLA coach: [6000, 0] new freeform allowed 256
CYRUS_VANILLA coach: finished.
CYRUS_VANILLA 6: finished.
CYRUS_VANILLA 7: finished.
CYRUS_VANILLA 10: finished.
CYRUS_VANILLA 4: finished.
SPICA325 11: finished.
SPICA325 2: finished.
SPICA325 5: finished.
CYRUS_VANILLA 8: finished.
CYRUS_VANILLA 11: finished.
SPICA325 8: finished.
CYRUS_VANILLA 9: finished.
SPICA325 7: finished.
SPICA325 6: finished.
SPICA325 9: finished.
SPICA325 1: finished.
SPICA325 4: finished.
CYRUS_VANILLA 2: finished.
A player disconnected : (SPICA325 8)
A player disconnected : (CYRUS_VANILLA 1)
A player disconnected : (SPICA325 10)
A player disconnected : (CYRUS_VANILLA 5)
An online coach disconnected : (SPICA325)
An online coach disconnected : (CYRUS_VANILLA)
A player disconnected : (CYRUS_VANILLA 3)
A player disconnected : (SPICA325 3)
A player disconnected : (SPICA325 5)
A player disconnected : (CYRUS_VANILLA 2)
A player disconnected : (CYRUS_VANILLA 10)
A player disconnected : (CYRUS_VANILLA 8)
A player disconnected : (CYRUS_VANILLA 9)
A player disconnected : (SPICA325 9)
A player disconnected : (SPICA325 6)
A player disconnected : (SPICA325 2)
A player disconnected : (SPICA325 11)
A player disconnected : (CYRUS_VANILLA 11)
A player disconnected : (CYRUS_VANILLA 4)
A player disconnected : (CYRUS_VANILLA 6)
A player disconnected : (SPICA325 4)
A player disconnected : (CYRUS_VANILLA 7)
A player disconnected : (SPICA325 7)
A player disconnected : (SPICA325 1)
Killing 7880
Killing 7893

Game Over. Exiting...

Saving Results:
	CSVSaver: saving...
	CSVSaver: ...disabled
	STDOutSaver: saving...

Game Results:
	2026-06-27 10:51:21
	'SPICA325' vs 'CYRUS_VANILLA'
	Score: 0 - 0
 
	STDOutSaver: ...saved

Saving Results Complete
