rcssserver-19.0.0

Copyright (C) 1995, 1996, 1997, 1998, 1999 Electrotechnical Laboratory.
2000 - RoboCup Soccer Simulator Maintenance Group.

Simulator Random Seed: 1782548201
CSVSaver: Ready
STDOutSaver: Ready
Using simulator's random seed as Hetero Player Seed: 1782548201
******************************************************************
 HELIOS base
 Created by Hidehisa Akiyama and Hiroki Shimora
 Copyright 2000-2007.  Hidehisa Akiyama
 Copyright 2007-2011.  Hidehisa Akiyama and Hiroki Shimora
 All rights reserved.
******************************************************************
PING localhost (127.0.0.1) 56(84) bytes of data.
64 bytes from localhost (127.0.0.1): icmp_seq=1 ttl=64 time=0.036 ms

--- localhost ping statistics ---
1 packets transmitted, 1 received, 0% packet loss, time 0ms
rtt min/avg/max/mdev = 0.036/0.036/0.036/0.000 ms
******************************************************************
 librcsc 
 Copyright 2000 - 2007. Hidehisa Akiyama.
 Copyright 2007 - 2011. Hidehisa Akiyama and Hiroki Shimora
 Copyright 2011 -  Hidehisa Akiyama, Hiroki Shimora
   Takuya Fukushima (2019-)
 All rights reserved.
******************************************************************
*****************************************************************
 This program is based on agent2d created by Hidehisa Akiyama.
 Copyright 2006 - 2011. Hidehisa Akiyama and Hiroki Shimora.
 All rights reserved.
*****************************************************************
SPICA325: init ok.  unum: 1 side: l
SPICA325 1: [-1, 0] (v18+) force synch see mode.
wind factor: rand: 0.000000, vector: (0.000000, 0.000000)

Hit CTRL-C to exit
Starting "/bin/sh -c scripts/team_launchers/spica325_left.sh"
Waiting for players to connect
A new (v18) player (SPICA325 1) connected.
******************************************************************
 HELIOS base
 Created by Hidehisa Akiyama and Hiroki Shimora
 Copyright 2000-2007.  Hidehisa Akiyama
 Copyright 2007-2011.  Hidehisa Akiyama and Hiroki Shimora
 All rights reserved.
******************************************************************
PING localhost (127.0.0.1) 56(84) bytes of data.
64 bytes from localhost (127.0.0.1): icmp_seq=1 ttl=64 time=0.029 ms

--- localhost ping statistics ---
1 packets transmitted, 1 received, 0% packet loss, time 0ms
rtt min/avg/max/mdev = 0.029/0.029/0.029/0.000 ms
******************************************************************
 librcsc 
 Copyright 2000 - 2007. Hidehisa Akiyama.
 Copyright 2007 - 2011. Hidehisa Akiyama and Hiroki Shimora
 Copyright 2011 -  Hidehisa Akiyama, Hiroki Shimora
   Takuya Fukushima (2019-)
 All rights reserved.
******************************************************************
SPICA325 1:  KickTable created.
SPICA325 1: [-1, 0] set synch see mode.
*****************************************************************
 This program is based on agent2d created by Hidehisa Akiyama.
 Copyright 2006 - 2011. Hidehisa Akiyama and Hiroki Shimora.
 All rights reserved.
*****************************************************************
CYRUS_VANILLA: init ok.  unum: 1 side: r
CYRUS_VANILLA 1: [-1, 0] (v18+) force synch see mode.
Starting "/bin/sh -c scripts/team_launchers/cyrus_vanilla_right.sh"
A new (v18) player (CYRUS_VANILLA 1) connected.
CYRUS_VANILLA 1:  KickTable created.
CYRUS_VANILLA 1: [-1, 0] set synch see mode.
Read Setting: ./data/settings/Other.json
Read Setting: ./data/settings/Other.json
******************************************************************
 librcsc 
 Copyright 2000 - 2007. Hidehisa Akiyama.
 Copyright 2007 - 2011. Hidehisa Akiyama and Hiroki Shimora
 Copyright 2011 -  Hidehisa Akiyama, Hiroki Shimora
   Takuya Fukushima (2019-)
 All rights reserved.
******************************************************************
******************************************************************
 librcsc 
 Copyright 2000 - 2007. Hidehisa Akiyama.
 Copyright 2007 - 2011. Hidehisa Akiyama and Hiroki Shimora
 Copyright 2011 -  Hidehisa Akiyama, Hiroki Shimora
   Takuya Fukushima (2019-)
 All rights reserved.
******************************************************************
******************************************************************
 librcsc 
 Copyright 2000 - 2007. Hidehisa Akiyama.
 Copyright 2007 - 2011. Hidehisa Akiyama and Hiroki Shimora
 Copyright 2011 -  Hidehisa Akiyama, Hiroki Shimora
   Takuya Fukushima (2019-)
 All rights reserved.
******************************************************************
******************************************************************
 librcsc 
 Copyright 2000 - 2007. Hidehisa Akiyama.
 Copyright 2007 - 2011. Hidehisa Akiyama and Hiroki Shimora
 Copyright 2011 -  Hidehisa Akiyama, Hiroki Shimora
   Takuya Fukushima (2019-)
 All rights reserved.
******************************************************************
******************************************************************
 librcsc 
 Copyright 2000 - 2007. Hidehisa Akiyama.
 Copyright 2007 - 2011. Hidehisa Akiyama and Hiroki Shimora
 Copyright 2011 -  Hidehisa Akiyama, Hiroki Shimora
   Takuya Fukushima (2019-)
 All rights reserved.
******************************************************************
******************************************************************
 librcsc 
 Copyright 2000 - 2007. Hidehisa Akiyama.
 Copyright 2007 - 2011. Hidehisa Akiyama and Hiroki Shimora
 Copyright 2011 -  Hidehisa Akiyama, Hiroki Shimora
   Takuya Fukushima (2019-)
 All rights reserved.
******************************************************************
******************************************************************
 librcsc 
 Copyright 2000 - 2007. Hidehisa Akiyama.
 Copyright 2007 - 2011. Hidehisa Akiyama and Hiroki Shimora
 Copyright 2011 -  Hidehisa Akiyama, Hiroki Shimora
   Takuya Fukushima (2019-)
 All rights reserved.
******************************************************************
******************************************************************
 librcsc 
 Copyright 2000 - 2007. Hidehisa Akiyama.
 Copyright 2007 - 2011. Hidehisa Akiyama and Hiroki Shimora
 Copyright 2011 -  Hidehisa Akiyama, Hiroki Shimora
   Takuya Fukushima (2019-)
 All rights reserved.
******************************************************************
******************************************************************
 librcsc 
 Copyright 2000 - 2007. Hidehisa Akiyama.
 Copyright 2007 - 2011. Hidehisa Akiyama and Hiroki Shimora
 Copyright 2011 -  Hidehisa Akiyama, Hiroki Shimora
   Takuya Fukushima (2019-)
 All rights reserved.
******************************************************************
******************************************************************
 librcsc 
 Copyright 2000 - 2007. Hidehisa Akiyama.
 Copyright 2007 - 2011. Hidehisa Akiyama and Hiroki Shimora
 Copyright 2011 -  Hidehisa Akiyama, Hiroki Shimora
   Takuya Fukushima (2019-)
 All rights reserved.
******************************************************************
*****************************************************************
 This program is based on agent2d created by Hidehisa Akiyama.
 Copyright 2006 - 2011. Hidehisa Akiyama and Hiroki Shimora.
 All rights reserved.
*****************************************************************
******************************************************************
 librcsc 
 Copyright 2000 - 2007. Hidehisa Akiyama.
 Copyright 2007 - 2011. Hidehisa Akiyama and Hiroki Shimora
 Copyright 2011 -  Hidehisa Akiyama, Hiroki Shimora
   Takuya Fukushima (2019-)
 All rights reserved.
******************************************************************
*****************************************************************
 This program is based on agent2d created by Hidehisa Akiyama.
 Copyright 2006 - 2011. Hidehisa Akiyama and Hiroki Shimora.
 All rights reserved.
*****************************************************************
A new (v18) player (SPICA325 2) connected.
A new (v18) online coach (SPICA325) connected.
SPICA325: init ok.  unum: 2 side: l
SPICA325 2: [-1, 0] (v18+) force synch see mode.
*****************************************************************
 This program is based on agent2d created by Hidehisa Akiyama.
 Copyright 2006 - 2011. Hidehisa Akiyama and Hiroki Shimora.
 All rights reserved.
*****************************************************************
*****************************************************************
 This program is based on agent2d created by Hidehisa Akiyama.
 Copyright 2006 - 2011. Hidehisa Akiyama and Hiroki Shimora.
 All rights reserved.
*****************************************************************
******************************************************************
 librcsc 
 Copyright 2000 - 2007. Hidehisa Akiyama.
 Copyright 2007 - 2011. Hidehisa Akiyama and Hiroki Shimora
 Copyright 2011 -  Hidehisa Akiyama, Hiroki Shimora
   Takuya Fukushima (2019-)
 All rights reserved.
******************************************************************
*****************************************************************
 This program is based on agent2d created by Hidehisa Akiyama.
 Copyright 2006 - 2011. Hidehisa Akiyama and Hiroki Shimora.
 All rights reserved.
*****************************************************************
*****************************************************************
 This program is based on agent2d created by Hidehisa Akiyama.
 Copyright 2006 - 2011. Hidehisa Akiyama and Hiroki Shimora.
 All rights reserved.
*****************************************************************
******************************************************************
 librcsc 
 Copyright 2000 - 2007. Hidehisa Akiyama.
 Copyright 2007 - 2011. Hidehisa Akiyama and Hiroki Shimora
 Copyright 2011 -  Hidehisa Akiyama, Hiroki Shimora
   Takuya Fukushima (2019-)
 All rights reserved.
******************************************************************
******************************************************************
 librcsc 
 Copyright 2000 - 2007. Hidehisa Akiyama.
 Copyright 2007 - 2011. Hidehisa Akiyama and Hiroki Shimora
 Copyright 2011 -  Hidehisa Akiyama, Hiroki Shimora
   Takuya Fukushima (2019-)
 All rights reserved.
******************************************************************
*****************************************************************
 This program is based on agent2d created by Hidehisa Akiyama.
 Copyright 2006 - 2011. Hidehisa Akiyama and Hiroki Shimora.
 All rights reserved.
*****************************************************************
SPICA325 coach: [0, 0] updated clang capacity.
SPICA325: init ok.  unum: 3 side: l
SPICA325 3: [-1, 0] (v18+) force synch see mode.
A new (v18) player (SPICA325 3) connected.
A new (v18) player (SPICA325 4) connected.
SPICA325: init ok.  unum: 4 side: l
SPICA325 4: [-1, 0] (v18+) force synch see mode.
SPICA325: init ok.  unum: 5 side: l
SPICA325 5: [-1, 0] (v18+) force synch see mode.
A new (v18) player (SPICA325 5) connected.
A new (v18) player (SPICA325 6) connected.
SPICA325 coach: [0, 0] recv (ok eye on)
******************************************************************
 librcsc 
 Copyright 2000 - 2007. Hidehisa Akiyama.
 Copyright 2007 - 2011. Hidehisa Akiyama and Hiroki Shimora
 Copyright 2011 -  Hidehisa Akiyama, Hiroki Shimora
   Takuya Fukushima (2019-)
 All rights reserved.
******************************************************************
SPICA325: init ok.  unum: 6 side: l
SPICA325 6: [-1, 0] (v18+) force synch see mode.
A new (v18) player (SPICA325 7) connected.
SPICA325: init ok.  unum: 7 side: l
SPICA325 7: [-1, 0] (v18+) force synch see mode.
SPICA325 2:  KickTable created.
SPICA325 2: [-1, 0] set synch see mode.
*****************************************************************
 This program is based on agent2d created by Hidehisa Akiyama.
 Copyright 2006 - 2011. Hidehisa Akiyama and Hiroki Shimora.
 All rights reserved.
*****************************************************************
******************************************************************
 librcsc 
 Copyright 2000 - 2007. Hidehisa Akiyama.
 Copyright 2007 - 2011. Hidehisa Akiyama and Hiroki Shimora
 Copyright 2011 -  Hidehisa Akiyama, Hiroki Shimora
   Takuya Fukushima (2019-)
 All rights reserved.
******************************************************************
*****************************************************************
 This program is based on agent2d created by Hidehisa Akiyama.
 Copyright 2006 - 2011. Hidehisa Akiyama and Hiroki Shimora.
 All rights reserved.
*****************************************************************
*****************************************************************
 This program is based on agent2d created by Hidehisa Akiyama.
 Copyright 2006 - 2011. Hidehisa Akiyama and Hiroki Shimora.
 All rights reserved.
*****************************************************************
******************************************************************
 librcsc 
 Copyright 2000 - 2007. Hidehisa Akiyama.
 Copyright 2007 - 2011. Hidehisa Akiyama and Hiroki Shimora
 Copyright 2011 -  Hidehisa Akiyama, Hiroki Shimora
   Takuya Fukushima (2019-)
 All rights reserved.
******************************************************************
SPICA325 5:  KickTable created.
SPICA325 5: [-1, 0] set synch see mode.
Read Setting: ./data/settings/Other.json
A new (v18) player (SPICA325 8) connected.
SPICA325: init ok.  unum: 9 side: l
SPICA325 9: [-1, 0] (v18+) force synch see mode.
A new (v18) player (SPICA325 9) connected.
A new (v18) player (SPICA325 10) connected.
SPICA325: init ok.  unum: 8 side: l
SPICA325 8: [-1, 0] (v18+) force synch see mode.
*****************************************************************
 This program is based on agent2d created by Hidehisa Akiyama.
 Copyright 2006 - 2011. Hidehisa Akiyama and Hiroki Shimora.
 All rights reserved.
*****************************************************************
SPICA325: init ok.  unum: 10 side: l
SPICA325 10: [-1, 0] (v18+) force synch see mode.
******************************************************************
 librcsc 
 Copyright 2000 - 2007. Hidehisa Akiyama.
 Copyright 2007 - 2011. Hidehisa Akiyama and Hiroki Shimora
 Copyright 2011 -  Hidehisa Akiyama, Hiroki Shimora
   Takuya Fukushima (2019-)
 All rights reserved.
******************************************************************
A new (v18) player (SPICA325 11) connected.
SPICA325 7:  KickTable created.
SPICA325 7: [-1, 0] set synch see mode.
SPICA325: init ok.  unum: 11 side: l
SPICA325 11: [-1, 0] (v18+) force synch see mode.
******************************************************************
 librcsc 
 Copyright 2000 - 2007. Hidehisa Akiyama.
 Copyright 2007 - 2011. Hidehisa Akiyama and Hiroki Shimora
 Copyright 2011 -  Hidehisa Akiyama, Hiroki Shimora
   Takuya Fukushima (2019-)
 All rights reserved.
******************************************************************
SPICA325 6:  KickTable created.
SPICA325 6: [-1, 0] set synch see mode.
******************************************************************
 librcsc 
 Copyright 2000 - 2007. Hidehisa Akiyama.
 Copyright 2007 - 2011. Hidehisa Akiyama and Hiroki Shimora
 Copyright 2011 -  Hidehisa Akiyama, Hiroki Shimora
   Takuya Fukushima (2019-)
 All rights reserved.
******************************************************************
*****************************************************************
 This program is based on agent2d created by Hidehisa Akiyama.
 Copyright 2006 - 2011. Hidehisa Akiyama and Hiroki Shimora.
 All rights reserved.
*****************************************************************
*****************************************************************
 This program is based on agent2d created by Hidehisa Akiyama.
 Copyright 2006 - 2011. Hidehisa Akiyama and Hiroki Shimora.
 All rights reserved.
*****************************************************************
******************************************************************
 librcsc 
 Copyright 2000 - 2007. Hidehisa Akiyama.
 Copyright 2007 - 2011. Hidehisa Akiyama and Hiroki Shimora
 Copyright 2011 -  Hidehisa Akiyama, Hiroki Shimora
   Takuya Fukushima (2019-)
 All rights reserved.
******************************************************************
SPICA325 4:  KickTable created.
A new (v18) player (CYRUS_VANILLA 2) connected.
A new (v18) player (CYRUS_VANILLA 3) connected.
CYRUS_VANILLA: init ok.  unum: 2 side: r
CYRUS_VANILLA 2: [-1, 0] (v18+) force synch see mode.
CYRUS_VANILLA: init ok.  unum: 3 side: r
CYRUS_VANILLA 3: [-1, 0] (v18+) force synch see mode.
******************************************************************
 librcsc 
 Copyright 2000 - 2007. Hidehisa Akiyama.
 Copyright 2007 - 2011. Hidehisa Akiyama and Hiroki Shimora
 Copyright 2011 -  Hidehisa Akiyama, Hiroki Shimora
   Takuya Fukushima (2019-)
 All rights reserved.
******************************************************************
*****************************************************************
 This program is based on agent2d created by Hidehisa Akiyama.
 Copyright 2006 - 2011. Hidehisa Akiyama and Hiroki Shimora.
 All rights reserved.
*****************************************************************
A new (v18) online coach (CYRUS_VANILLA) connected.
SPICA325 4: [-1, 0] set synch see mode.
SPICA325 3:  KickTable created.
SPICA325 3: [-1, 0] set synch see mode.
CYRUS_VANILLA coach: [-1, 0] recv (ok eye on)
*****************************************************************
 This program is based on agent2d created by Hidehisa Akiyama.
 Copyright 2006 - 2011. Hidehisa Akiyama and Hiroki Shimora.
 All rights reserved.
*****************************************************************
SPICA325 8:  KickTable created.
*****************************************************************
 This program is based on agent2d created by Hidehisa Akiyama.
 Copyright 2006 - 2011. Hidehisa Akiyama and Hiroki Shimora.
 All rights reserved.
*****************************************************************
SPICA325 10:  KickTable created.
SPICA325 8: [-1, 0] set synch see mode.
SPICA325 9:  KickTable created.
SPICA325 9: [-1, 0] set synch see mode.
*****************************************************************
 This program is based on agent2d created by Hidehisa Akiyama.
 Copyright 2006 - 2011. Hidehisa Akiyama and Hiroki Shimora.
 All rights reserved.
*****************************************************************
SPICA325 10: [-1, 0] set synch see mode.
*****************************************************************
 This program is based on agent2d created by Hidehisa Akiyama.
 Copyright 2006 - 2011. Hidehisa Akiyama and Hiroki Shimora.
 All rights reserved.
*****************************************************************
SPICA325 11:  KickTable created.
CYRUS_VANILLA 2:  KickTable created.
CYRUS_VANILLA 2: [-1, 0] set synch see mode.
SPICA325 11: [-1, 0] set synch see mode.
*****************************************************************
 This program is based on agent2d created by Hidehisa Akiyama.
 Copyright 2006 - 2011. Hidehisa Akiyama and Hiroki Shimora.
 All rights reserved.
*****************************************************************
CYRUS_VANILLA 3:  KickTable created.
Read Setting: ./data/settings/Other.json
Read Setting: ./data/settings/Other.json
CYRUS_VANILLA 3: [-1, 0] set synch see mode.
Read Setting: ./data/settings/Other.json
Read Setting: ./data/settings/Other.json
Read Setting: ./data/settings/Other.json
CYRUS_VANILLA: init ok.  unum: 4 side: r
CYRUS_VANILLA 4: [-1, 0] (v18+) force synch see mode.
*****************************************************************
 This program is based on agent2d created by Hidehisa Akiyama.
 Copyright 2006 - 2011. Hidehisa Akiyama and Hiroki Shimora.
 All rights reserved.
*****************************************************************
*****************************************************************
 This program is based on agent2d created by Hidehisa Akiyama.
 Copyright 2006 - 2011. Hidehisa Akiyama and Hiroki Shimora.
 All rights reserved.
*****************************************************************
A new (v18) player (CYRUS_VANILLA 4) connected.
CYRUS_VANILLA: init ok.  unum: 5 side: r
CYRUS_VANILLA 5: [-1, 0] (v18+) force synch see mode.
*****************************************************************
 This program is based on agent2d created by Hidehisa Akiyama.
 Copyright 2006 - 2011. Hidehisa Akiyama and Hiroki Shimora.
 All rights reserved.
*****************************************************************
A new (v18) player (CYRUS_VANILLA 5) connected.
CYRUS_VANILLA: init ok.  unum: 6 side: r
CYRUS_VANILLA 6: [-1, 0] (v18+) force synch see mode.
A new (v18) player (CYRUS_VANILLA 6) connected.
CYRUS_VANILLA: init ok.  unum: 7 side: r
CYRUS_VANILLA 7: [-1, 0] (v18+) force synch see mode.
A new (v18) player (CYRUS_VANILLA 7) connected.
CYRUS_VANILLA: init ok.  unum: 8 side: r
CYRUS_VANILLA 8: [-1, 0] (v18+) force synch see mode.
A new (v18) player (CYRUS_VANILLA 8) connected.
A new (v18) player (CYRUS_VANILLA 9) connected.
A new (v18) player (CYRUS_VANILLA 10) connected.
A new (v18) player (CYRUS_VANILLA 11) connected.
CYRUS_VANILLA: init ok.  unum: 10 side: r
CYRUS_VANILLA 10: [-1, 0] (v18+) force synch see mode.
CYRUS_VANILLA: init ok.  unum: 11 side: CYRUS_VANILLAr
: init ok.  unum: 9 side: r
CYRUS_VANILLA 9: [-1, 0] (v18+) force synch see mode.
CYRUS_VANILLA 11: [-1, 0] (v18+) force synch see mode.
CYRUS_VANILLA 4:  KickTable created.
CYRUS_VANILLA 4: [-1, 0] set synch see mode.
CYRUS_VANILLA 7:  KickTable created.
CYRUS_VANILLA 7: [-1, 0] set synch see mode.
CYRUS_VANILLA 10:  KickTable created.
CYRUS_VANILLA 10: [-1, 0] set synch see mode.
CYRUS_VANILLA 6:  KickTable created.
CYRUS_VANILLA 6: [-1, 0] set synch see mode.
CYRUS_VANILLA 5:  KickTable created.
CYRUS_VANILLA 5: [-1, 0] set synch see mode.
CYRUS_VANILLA 11:  KickTable created.
CYRUS_VANILLA 11: [-1, 0] set synch see mode.
Read Setting: ./data/settings/Other.json
Read Setting: ./data/settings/Other.json
Read Setting: ./data/settings/Other.json
Read Setting: ./data/settings/Other.json
CYRUS_VANILLA 8:  KickTable created.
CYRUS_VANILLA 8: [-1, 0] set synch see mode.
CYRUS_VANILLA 9:  KickTable created.
CYRUS_VANILLA 9: [-1, 0] set synch see mode.
id speed step inc  power  stam  karea
 0 1.000   6  45.0 100.0  55.0  1.085
 1 0.842   7  49.8 100.0  50.2  1.113
 2 0.865   6  49.0 100.0  51.0  1.126
 3 0.828   6  48.1 100.0  51.9  1.070
 4 0.946   6  49.3 100.0  50.7  1.035
 5 1.000   6  40.4 100.0  59.6  1.142
 6 0.981   6  46.0 100.0  54.0  1.162
 7 0.937   6  45.8 100.0  54.2  1.069
 8 0.880   6  45.2 100.0  54.8  1.065
 9 0.851   6  48.4 100.0  51.6  1.176
 10 0.874   6  48.7 100.0  51.3  1.135
 11 0.767   6  51.6 100.0  48.4  1.069
 12 0.975   6  42.2 100.0  57.8  1.080
 13 0.919   5  45.6 100.0  54.4  1.140
 14 0.877   5  42.9 100.0  57.1  1.144
 15 0.821   7  52.2 100.0  47.8  1.067
 16 0.810   4  42.5 100.0  57.5  1.162
 17 0.906   6  48.1 100.0  51.9  1.124
$$$$$$$$$$$$$$$$$$$$$$$$isother
SPICA325 coach: change player 1 to type 0
SPICA325 coach: change player 9 to type 5
SPICA325 coach: change player 2 to type 6
SPICA325 coach: change player 11 to type 12
SPICA325 coach: change player 4 to type 4
SPICA325 coach: change player 10 to type 7
SPICA325 coach: change player 3 to type 13
SPICA325 coach: change player 5 to type 17
SPICA325 coach: change player 7 to type 14
SPICA325 coach: change player 8 to type 2
SPICA325 coach: change player 6 to type 10
id speed step inc  power  stam  karea
 0 1.000   6  45.0 100.0  55.0  1.085
 1 0.842   7  49.8 100.0  50.2  1.113
 2 0.865   6  49.0 100.0  51.0  1.126
 3 0.828   6  48.1 100.0  51.9  1.070
 4 0.946   6  49.3 100.0  50.7  1.035
 5 1.000   6  40.4 100.0  59.6  1.142
 6 0.981   6  46.0 100.0  54.0  1.162
 7 0.937   6  45.8 100.0  54.2  1.069
 8 0.880   6  45.2 100.0  54.8  1.065
 9 0.851   6  48.4 100.0  51.6  1.176
 10 0.874   6  48.7 100.0  51.3  1.135
 11 0.767   6  51.6 100.0  48.4  1.069
 12 0.975   6  42.2 100.0  57.8  1.080
 13 0.919   5  45.6 100.0  54.4  1.140
 14 0.877   5  42.9 100.0  57.1  1.144
 15 0.821   7  52.2 100.0  47.8  1.067
 16 0.810   4  42.5 100.0  57.5  1.162
 17 0.906   6  48.1 100.0  51.9  1.124
$$$$$$$$$$$$$$$$$$$$$$$$isother
CYRUS_VANILLA coach: change player 1 to type 0
CYRUS_VANILLA coach: change player 9 to type 5
CYRUS_VANILLA coach: change player 2 to type 6
CYRUS_VANILLA coach: change player 11 to type 12
CYRUS_VANILLA coach: change player 4 to type 4
CYRUS_VANILLA coach: change player 10 to type 7
CYRUS_VANILLA coach: change player 3 to type 13
CYRUS_VANILLA coach: change player 5 to type 17
CYRUS_VANILLA coach: change player 7 to type 14
CYRUS_VANILLA coach: change player 8 to type 2
CYRUS_VANILLA coach: change player 6 to type 10
Read Setting: ./data/settings/Other.json
Read Setting: ./data/settings/Other.json
Read Setting: ./data/settings/Other.json
Read Setting: ./data/settings/Other.json
Read Setting: ./data/settings/Other.json
Read Setting: ./data/settings/Other.json
Read Setting: ./data/settings/Other.json
Read Setting: ./data/settings/Other.json
Read Setting: ./data/settings/Other.json
Read Setting: ./data/settings/Other.json
Waiting to kick off
Kick_off_left
SPICA325 coach: [94, 0] no player type for opponent 2. restart analysis.
CYRUS_VANILLA coach: [95, 0] no player type for opponent 5. restart analysis.
CYRUS_VANILLA coach: [95, 0] no player type for opponent 9. restart analysis.
SPICA325 coach: [95, 0] no player type for opponent 8. restart analysis.
SPICA325 coach: [95, 0] no player type for opponent 9. restart analysis.
CYRUS_VANILLA coach: [96, 0] no player type for opponent 5. restart analysis.
CYRUS_VANILLA coach: [96, 0] no player type for opponent 11. restart analysis.
CYRUS_VANILLA coach: [96, 0] no player type for opponent 9. restart analysis.
SPICA325 coach: [96, 0] no player type for opponent 4. restart analysis.
SPICA325 coach: [96, 0] no player type for opponent 8. restart analysis.
SPICA325 coach: [96, 0] no player type for opponent 9. restart analysis.
CYRUS_VANILLA coach: [97, 0] no player type for opponent 5. restart analysis.
CYRUS_VANILLA coach: [97, 0] no player type for opponent 9. restart analysis.
CYRUS_VANILLA coach: [97, 0] no player type for opponent 6. restart analysis.
SPICA325 coach: [97, 0] no player type for opponent 10. restart analysis.
SPICA325 coach: [97, 0] no player type for opponent 11. restart analysis.
SPICA325 coach: [97, 0] no player type for opponent 3. restart analysis.
CYRUS_VANILLA coach: [98, 0] determined opponent 2 type = 6
SPICA325 coach: [99, 0] no player type for opponent 7. restart analysis.
CYRUS_VANILLA coach: [99, 0] no player type for opponent 11. restart analysis.
SPICA325 coach: [100, 0] no player type for opponent 11. restart analysis.
SPICA325 coach: [100, 0] no player type for opponent 7. restart analysis.
SPICA325 coach: [101, 0] no player type for opponent 2. restart analysis.
SPICA325 coach: [101, 0] no player type for opponent 11. restart analysis.
SPICA325 coach: [101, 0] no player type for opponent 7. restart analysis.
SPICA325 coach: [102, 0] determined opponent 4 type = 4
SPICA325 coach: [102, 0] no player type for opponent 8. restart analysis.
SPICA325 coach: [102, 0] no player type for opponent 9. restart analysis.
SPICA325 coach: [102, 0] no player type for opponent 3. restart analysis.
CYRUS_VANILLA coach: [102, 0] no player type for opponent 8. restart analysis.
SPICA325 coach: [103, 0] no player type for opponent 10. restart analysis.
CYRUS_VANILLA coach: [103, 0] no player type for opponent 9. restart analysis.
SPICA325 coach: [104, 0] no player type for opponent 8. restart analysis.
SPICA325 coach: [104, 0] no player type for opponent 10. restart analysis.
SPICA325 coach: [104, 0] no player type for opponent 2. restart analysis.
SPICA325 coach: [104, 0] no player type for opponent 11. restart analysis.
SPICA325 coach: [104, 0] no player type for opponent 1. restart analysis.
SPICA325 coach: [104, 0] no player type for opponent 7. restart analysis.
CYRUS_VANILLA coach: [104, 0] no player type for opponent 8. restart analysis.
SPICA325 coach: [105, 0] no player type for opponent 6. restart analysis.
SPICA325 coach: [105, 0] determined opponent 1 type = 0
SPICA325 coach: [105, 0] no player type for opponent 5. restart analysis.
SPICA325 coach: [105, 0] no player type for opponent 7. restart analysis.
CYRUS_VANILLA coach: [105, 0] no player type for opponent 3. restart analysis.
SPICA325 coach: [106, 0] no player type for opponent 10. restart analysis.
SPICA325 coach: [106, 0] no player type for opponent 6. restart analysis.
CYRUS_VANILLA coach: [107, 0] no player type for opponent 3. restart analysis.
SPICA325 coach: [107, 0] no player type for opponent 8. restart analysis.
SPICA325 coach: [107, 0] no player type for opponent 10. restart analysis.
SPICA325 coach: [107, 0] no player type for opponent 2. restart analysis.
SPICA325 coach: [107, 0] no player type for opponent 6. restart analysis.
SPICA325 coach: [107, 0] no player type for opponent 9. restart analysis.
SPICA325 coach: [107, 0] no player type for opponent 7. restart analysis.
SPICA325 coach: [108, 0] no player type for opponent 6. restart analysis.
SPICA325 coach: [108, 0] no player type for opponent 5. restart analysis.
SPICA325 coach: [108, 0] no player type for opponent 7. restart analysis.
CYRUS_VANILLA coach: [108, 0] no player type for opponent 7. restart analysis.
CYRUS_VANILLA coach: [108, 0] no player type for opponent 3. restart analysis.
CYRUS_VANILLA coach: [108, 0] no player type for opponent 6. restart analysis.
SPICA325 coach: [109, 0] no player type for opponent 10. restart analysis.
SPICA325 coach: [109, 0] no player type for opponent 11. restart analysis.
CYRUS_VANILLA coach: [109, 0] no player type for opponent 11. restart analysis.
CYRUS_VANILLA coach: [109, 0] no player type for opponent 6. restart analysis.
CYRUS_VANILLA coach: [110, 0] no player type for opponent 3. restart analysis.
SPICA325 coach: [110, 0] no player type for opponent 10. restart analysis.
SPICA325 coach: [111, 0] no player type for opponent 8. restart analysis.
SPICA325 coach: [111, 0] no player type for opponent 2. restart analysis.
SPICA325 coach: [112, 0] no player type for opponent 10. restart analysis.
SPICA325 coach: [113, 0] no player type for opponent 2. restart analysis.
SPICA325 coach: [113, 0] no player type for opponent 6. restart analysis.
CYRUS_VANILLA coach: [113, 0] no player type for opponent 5. restart analysis.
SPICA325 coach: [114, 0] no player type for opponent 10. restart analysis.
SPICA325 coach: [114, 0] no player type for opponent 9. restart analysis.
CYRUS_VANILLA coach: [114, 0] no player type for opponent 5. restart analysis.
CYRUS_VANILLA coach: [114, 0] no player type for opponent 8. restart analysis.
CYRUS_VANILLA coach: [115, 0] no player type for opponent 5. restart analysis.
SPICA325 coach: [115, 0] no player type for opponent 8. restart analysis.
SPICA325 coach: [116, 0] no player type for opponent 8. restart analysis.
SPICA325 coach: [116, 0] no player type for opponent 11. restart analysis.
CYRUS_VANILLA coach: [116, 0] no player type for opponent 6. restart analysis.
CYRUS_VANILLA coach: [117, 0] no player type for opponent 9. restart analysis.
CYRUS_VANILLA coach: [117, 0] no player type for opponent 7. restart analysis.
SPICA325 coach: [118, 0] no player type for opponent 8. restart analysis.
SPICA325 coach: [118, 0] no player type for opponent 11. restart analysis.
SPICA325 coach: [118, 0] no player type for opponent 9. restart analysis.
CYRUS_VANILLA coach: [118, 0] no player type for opponent 5. restart analysis.
CYRUS_VANILLA coach: [119, 0] no player type for opponent 6. restart analysis.
CYRUS_VANILLA coach: [119, 0] no player type for opponent 8. restart analysis.
CYRUS_VANILLA coach: [120, 0] no player type for opponent 7. restart analysis.
CYRUS_VANILLA coach: [120, 0] no player type for opponent 8. restart analysis.
SPICA325 coach: [120, 0] no player type for opponent 5. restart analysis.
SPICA325 coach: [121, 0] no player type for opponent 11. restart analysis.
CYRUS_VANILLA coach: [121, 0] no player type for opponent 11. restart analysis.
CYRUS_VANILLA coach: [122, 0] no player type for opponent 6. restart analysis.
CYRUS_VANILLA coach: [122, 0] no player type for opponent 8. restart analysis.
SPICA325 coach: [122, 0] no player type for opponent 8. restart analysis.
SPICA325 coach: [123, 0] no player type for opponent 9. restart analysis.
CYRUS_VANILLA coach: [123, 0] no player type for opponent 9. restart analysis.
CYRUS_VANILLA coach: [123, 0] no player type for opponent 6. restart analysis.
CYRUS_VANILLA coach: [123, 0] no player type for opponent 8. restart analysis.
SPICA325 coach: [124, 0] no player type for opponent 8. restart analysis.
SPICA325 coach: [124, 0] no player type for opponent 10. restart analysis.
CYRUS_VANILLA coach: [124, 0] no player type for opponent 11. restart analysis.
CYRUS_VANILLA coach: [124, 0] no player type for opponent 6. restart analysis.
CYRUS_VANILLA coach: [124, 0] no player type for opponent 8. restart analysis.
CYRUS_VANILLA coach: [125, 0] no player type for opponent 8. restart analysis.
SPICA325 coach: [125, 0] no player type for opponent 6. restart analysis.
SPICA325 coach: [126, 0] no player type for opponent 6. restart analysis.
SPICA325 coach: [126, 0] no player type for opponent 5. restart analysis.
CYRUS_VANILLA coach: [126, 0] no player type for opponent 8. restart analysis.
SPICA325 coach: [127, 0] no player type for opponent 6. restart analysis.
SPICA325 coach: [127, 0] no player type for opponent 9. restart analysis.
SPICA325 coach: [127, 0] no player type for opponent 5. restart analysis.
CYRUS_VANILLA coach: [128, 0] no player type for opponent 10. restart analysis.
CYRUS_VANILLA coach: [128, 0] no player type for opponent 6. restart analysis.
CYRUS_VANILLA coach: [128, 0] no player type for opponent 8. restart analysis.
SPICA325 coach: [129, 0] no player type for opponent 8. restart analysis.
SPICA325 coach: [129, 0] no player type for opponent 6. restart analysis.
CYRUS_VANILLA coach: [129, 0] no player type for opponent 11. restart analysis.
CYRUS_VANILLA coach: [130, 0] no player type for opponent 11. restart analysis.
CYRUS_VANILLA coach: [130, 0] no player type for opponent 8. restart analysis.
SPICA325 coach: [130, 0] no player type for opponent 6. restart analysis.
CYRUS_VANILLA coach: [131, 0] no player type for opponent 8. restart analysis.
CYRUS_VANILLA coach: [132, 0] determined opponent 3 type = 13
CYRUS_VANILLA coach: [135, 0] no player type for opponent 10. restart analysis.
SPICA325 coach: [137, 0] no player type for opponent 11. restart analysis.
CYRUS_VANILLA coach: [138, 0] determined opponent 7 type = 14
SPICA325 coach: [139, 0] no player type for opponent 9. restart analysis.
SPICA325 coach: [142, 0] no player type for opponent 6. restart analysis.
SPICA325 coach: [144, 0] no player type for opponent 6. restart analysis.
SPICA325 coach: [144, 0] no player type for opponent 2. restart analysis.
CYRUS_VANILLA coach: [144, 0] no player type for opponent 5. restart analysis.
SPICA325 coach: [145, 0] no player type for opponent 9. restart analysis.
SPICA325 coach: [145, 0] no player type for opponent 2. restart analysis.
CYRUS_VANILLA coach: [149, 0] no player type for opponent 9. restart analysis.
CYRUS_VANILLA coach: [149, 0] no player type for opponent 5. restart analysis.
SPICA325 coach: [151, 0] determined opponent 7 type = 14
CYRUS_VANILLA coach: [151, 0] no player type for opponent 5. restart analysis.
layerSize: 3
SPICA325 coach: [152, 0] no player type for opponent 10. restart analysis.
SPICA325 coach: [152, 0] determined opponent 3 type = 13
SPICA325 coach: [153, 0] no player type for opponent 9. restart analysis.
SPICA325 coach: [154, 0] no player type for opponent 9. restart analysis.
SPICA325 coach: [155, 0] no player type for opponent 5. restart analysis.
SPICA325 coach: [155, 0] no player type for opponent 9. restart analysis.
SPICA325 coach: [156, 0] no player type for opponent 8. restart analysis.
CYRUS_VANILLA coach: [156, 0] no player type for opponent 6. restart analysis.
CYRUS_VANILLA coach: [156, 0] no player type for opponent 10. restart analysis.
SPICA325 coach: [157, 0] no player type for opponent 8. restart analysis.
SPICA325 coach: [157, 0] no player type for opponent 5. restart analysis.
SPICA325 coach: [158, 0] no player type for opponent 6. restart analysis.
SPICA325 coach: [158, 0] no player type for opponent 5. restart analysis.
SPICA325 coach: [159, 0] no player type for opponent 6. restart analysis.
SPICA325 coach: [159, 0] determined opponent 2 type = 6
SPICA325 coach: [160, 0] no player type for opponent 11. restart analysis.
SPICA325 coach: [160, 0] no player type for opponent 10. restart analysis.
SPICA325 coach: [160, 0] no player type for opponent 6. restart analysis.
SPICA325 coach: [160, 0] no player type for opponent 8. restart analysis.
SPICA325 coach: [160, 0] no player type for opponent 5. restart analysis.
SPICA325 coach: [161, 0] no player type for opponent 5. restart analysis.
CYRUS_VANILLA coach: [161, 0] no player type for opponent 6. restart analysis.
CYRUS_VANILLA coach: [164, 0] no player type for opponent 5. restart analysis.
CYRUS_VANILLA coach: [164, 0] no player type for opponent 8. restart analysis.
CYRUS_VANILLA coach: [165, 0] no player type for opponent 6. restart analysis.
CYRUS_VANILLA coach: [165, 0] no player type for opponent 8. restart analysis.
CYRUS_VANILLA coach: [166, 0] no player type for opponent 8. restart analysis.
SPICA325 coach: [166, 0] no player type for opponent 5. restart analysis.
SPICA325 coach: [167, 0] no player type for opponent 11. restart analysis.
CYRUS_VANILLA coach: [167, 0] determined opponent 11 type = 12
CYRUS_VANILLA coach: [168, 0] no player type for opponent 9. restart analysis.
SPICA325 coach: [168, 0] no player type for opponent 11. restart analysis.
CYRUS_VANILLA coach: [169, 0] no player type for opponent 5. restart analysis.
SPICA325 coach: [170, 0] no player type for opponent 11. restart analysis.
CYRUS_VANILLA coach: [170, 0] no player type for opponent 5. restart analysis.
CYRUS_VANILLA coach: [170, 0] determined opponent 1 type = 0
CYRUS_VANILLA coach: [171, 0] no player type for opponent 5. restart analysis.
CYRUS_VANILLA coach: [171, 0] no player type for opponent 6. restart analysis.
SPICA325 coach: [173, 0] no player type for opponent 11. restart analysis.
SPICA325 coach: [173, 0] no player type for opponent 10. restart analysis.
CYRUS_VANILLA coach: [174, 0] no player type for opponent 10. restart analysis.
CYRUS_VANILLA coach: [175, 0] no player type for opponent 8. restart analysis.
CYRUS_VANILLA coach: [175, 0] no player type for opponent 10. restart analysis.
CYRUS_VANILLA coach: [176, 0] no player type for opponent 6. restart analysis.
SPICA325 coach: [176, 0] no player type for opponent 10. restart analysis.
SPICA325 coach: [177, 0] no player type for opponent 10. restart analysis.
CYRUS_VANILLA coach: [177, 0] no player type for opponent 9. restart analysis.
CYRUS_VANILLA coach: [178, 0] no player type for opponent 6. restart analysis.
CYRUS_VANILLA coach: [179, 0] no player type for opponent 9. restart analysis.
CYRUS_VANILLA coach: [179, 0] no player type for opponent 4. restart analysis.
CYRUS_VANILLA coach: [180, 0] no player type for opponent 8. restart analysis.
SPICA325 coach: [180, 0] no player type for opponent 10. restart analysis.
SPICA325 coach: [182, 0] determined opponent 9 type = 5
CYRUS_VANILLA coach: [182, 0] no player type for opponent 6. restart analysis.
CYRUS_VANILLA coach: [182, 0] no player type for opponent 8. restart analysis.
CYRUS_VANILLA coach: [183, 0] no player type for opponent 8. restart analysis.
SPICA325 coach: [183, 0] no player type for opponent 10. restart analysis.
CYRUS_VANILLA coach: [184, 0] no player type for opponent 6. restart analysis.
SPICA325 coach: [184, 0] no player type for opponent 10. restart analysis.
CYRUS_VANILLA coach: [185, 0] no player type for opponent 6. restart analysis.
CYRUS_VANILLA coach: [185, 0] no player type for opponent 9. restart analysis.
SPICA325 coach: [186, 0] no player type for opponent 8. restart analysis.
CYRUS_VANILLA coach: [186, 0] no player type for opponent 6. restart analysis.
CYRUS_VANILLA coach: [186, 0] no player type for opponent 8. restart analysis.
CYRUS_VANILLA coach: [186, 0] no player type for opponent 10. restart analysis.
SPICA325 coach: [189, 0] no player type for opponent 6. restart analysis.
CYRUS_VANILLA coach: [189, 0] no player type for opponent 10. restart analysis.
SPICA325 coach: [190, 0] no player type for opponent 10. restart analysis.
CYRUS_VANILLA coach: [191, 0] no player type for opponent 5. restart analysis.
CYRUS_VANILLA coach: [191, 0] no player type for opponent 9. restart analysis.
CYRUS_VANILLA coach: [192, 0] no player type for opponent 8. restart analysis.
CYRUS_VANILLA coach: [192, 0] no player type for opponent 9. restart analysis.
CYRUS_VANILLA coach: [193, 0] no player type for opponent 8. restart analysis.
SPICA325 coach: [195, 0] no player type for opponent 5. restart analysis.
SPICA325 coach: [195, 0] no player type for opponent 10. restart analysis.
SPICA325 coach: [195, 0] no player type for opponent 8. restart analysis.
CYRUS_VANILLA coach: [195, 0] no player type for opponent 5. restart analysis.
CYRUS_VANILLA coach: [195, 0] no player type for opponent 9. restart analysis.
SPICA325 coach: [196, 0] no player type for opponent 5. restart analysis.
CYRUS_VANILLA coach: [196, 0] no player type for opponent 9. restart analysis.
SPICA325 coach: [197, 0] no player type for opponent 8. restart analysis.
CYRUS_VANILLA coach: [198, 0] no player type for opponent 6. restart analysis.
CYRUS_VANILLA coach: [198, 0] no player type for opponent 5. restart analysis.
SPICA325 coach: [200, 0] no player type for opponent 10. restart analysis.
SPICA325 coach: [200, 0] no player type for opponent 8. restart analysis.
CYRUS_VANILLA coach: [200, 0] no player type for opponent 9. restart analysis.
SPICA325 coach: [201, 0] no player type for opponent 11. restart analysis.
CYRUS_VANILLA coach: [201, 0] no player type for opponent 8. restart analysis.
CYRUS_VANILLA coach: [201, 0] no player type for opponent 6. restart analysis.
CYRUS_VANILLA coach: [201, 0] no player type for opponent 5. restart analysis.
CYRUS_VANILLA coach: [201, 0] no player type for opponent 10. restart analysis.
CYRUS_VANILLA coach: [202, 0] no player type for opponent 10. restart analysis.
SPICA325 coach: [202, 0] no player type for opponent 5. restart analysis.
SPICA325 coach: [202, 0] no player type for opponent 11. restart analysis.
SPICA325 coach: [202, 0] no player type for opponent 8. restart analysis.
SPICA325 coach: [203, 0] no player type for opponent 6. restart analysis.
CYRUS_VANILLA coach: [203, 0] no player type for opponent 5. restart analysis.
SPICA325 coach: [204, 0] no player type for opponent 6. restart analysis.
SPICA325 coach: [204, 0] no player type for opponent 5. restart analysis.
CYRUS_VANILLA coach: [204, 0] no player type for opponent 6. restart analysis.
SPICA325 coach: [205, 0] no player type for opponent 11. restart analysis.
CYRUS_VANILLA coach: [205, 0] no player type for opponent 8. restart analysis.
SPICA325 coach: [206, 0] no player type for opponent 5. restart analysis.
SPICA325 coach: [207, 0] no player type for opponent 8. restart analysis.
SPICA325 coach: [207, 0] no player type for opponent 6. restart analysis.
CYRUS_VANILLA coach: [207, 0] no player type for opponent 5. restart analysis.
CYRUS_VANILLA coach: [207, 0] no player type for opponent 10. restart analysis.
CYRUS_VANILLA coach: [207, 0] no player type for opponent 8. restart analysis.
CYRUS_VANILLA coach: [208, 0] no player type for opponent 8. restart analysis.
SPICA325 coach: [208, 0] no player type for opponent 10. restart analysis.
CYRUS_VANILLA coach: [209, 0] no player type for opponent 8. restart analysis.
SPICA325 coach: [210, 0] no player type for opponent 5. restart analysis.
CYRUS_VANILLA coach: [210, 0] no player type for opponent 8. restart analysis.
SPICA325 coach: [211, 0] no player type for opponent 11. restart analysis.
CYRUS_VANILLA coach: [211, 0] no player type for opponent 4. restart analysis.
CYRUS_VANILLA coach: [212, 0] no player type for opponent 4. restart analysis.
SPICA325 coach: [212, 0] no player type for opponent 5. restart analysis.
CYRUS_VANILLA coach: [213, 0] no player type for opponent 9. restart analysis.
SPICA325 coach: [214, 0] no player type for opponent 5. restart analysis.
CYRUS_VANILLA coach: [214, 0] no player type for opponent 10. restart analysis.
CYRUS_VANILLA coach: [215, 0] no player type for opponent 5. restart analysis.
SPICA325 coach: [215, 0] no player type for opponent 6. restart analysis.
SPICA325 coach: [220, 0] no player type for opponent 6. restart analysis.
SPICA325 coach: [220, 0] no player type for opponent 10. restart analysis.
SPICA325 coach: [220, 0] no player type for opponent 5. restart analysis.
SPICA325 coach: [220, 0] no player type for opponent 11. restart analysis.
SPICA325 coach: [221, 0] no player type for opponent 8. restart analysis.
SPICA325 coach: [221, 0] no player type for opponent 5. restart analysis.
CYRUS_VANILLA coach: [221, 0] no player type for opponent 5. restart analysis.
CYRUS_VANILLA coach: [222, 0] no player type for opponent 10. restart analysis.
SPICA325 coach: [222, 0] no player type for opponent 10. restart analysis.
SPICA325 coach: [222, 0] no player type for opponent 11. restart analysis.
SPICA325 coach: [223, 0] no player type for opponent 6. restart analysis.
SPICA325 coach: [223, 0] no player type for opponent 11. restart analysis.
CYRUS_VANILLA coach: [223, 0] no player type for opponent 6. restart analysis.
SPICA325 coach: [224, 0] no player type for opponent 8. restart analysis.
SPICA325 coach: [224, 0] no player type for opponent 10. restart analysis.
CYRUS_VANILLA coach: [225, 0] no player type for opponent 10. restart analysis.
CYRUS_VANILLA coach: [225, 0] no player type for opponent 5. restart analysis.
SPICA325 coach: [226, 0] no player type for opponent 8. restart analysis.
SPICA325 coach: [226, 0] no player type for opponent 10. restart analysis.
CYRUS_VANILLA coach: [229, 0] no player type for opponent 10. restart analysis.
CYRUS_VANILLA coach: [229, 0] no player type for opponent 8. restart analysis.
CYRUS_VANILLA coach: [230, 0] no player type for opponent 8. restart analysis.
SPICA325 coach: [230, 0] no player type for opponent 10. restart analysis.
SPICA325 coach: [230, 0] no player type for opponent 5. restart analysis.
SPICA325 coach: [231, 0] no player type for opponent 8. restart analysis.
CYRUS_VANILLA coach: [231, 0] no player type for opponent 8. restart analysis.
SPICA325 coach: [232, 0] no player type for opponent 8. restart analysis.
SPICA325 coach: [233, 0] no player type for opponent 8. restart analysis.
CYRUS_VANILLA coach: [233, 0] no player type for opponent 10. restart analysis.
SPICA325 coach: [234, 0] no player type for opponent 8. restart analysis.
SPICA325 coach: [234, 0] no player type for opponent 6. restart analysis.
CYRUS_VANILLA coach: [234, 0] no player type for opponent 5. restart analysis.
CYRUS_VANILLA coach: [234, 0] no player type for opponent 10. restart analysis.
SPICA325 coach: [235, 0] no player type for opponent 8. restart analysis.
CYRUS_VANILLA coach: [236, 0] no player type for opponent 10. restart analysis.
CYRUS_VANILLA coach: [236, 0] no player type for opponent 8. restart analysis.
CYRUS_VANILLA coach: [237, 0] no player type for opponent 5. restart analysis.
CYRUS_VANILLA coach: [238, 0] no player type for opponent 6. restart analysis.
CYRUS_VANILLA coach: [238, 0] no player type for opponent 8. restart analysis.
CYRUS_VANILLA coach: [239, 0] no player type for opponent 5. restart analysis.
SPICA325 coach: [240, 0] no player type for opponent 10. restart analysis.
CYRUS_VANILLA coach: [240, 0] no player type for opponent 6. restart analysis.
CYRUS_VANILLA coach: [240, 0] no player type for opponent 5. restart analysis.
SPICA325 coach: [241, 0] no player type for opponent 5. restart analysis.
CYRUS_VANILLA coach: [242, 0] no player type for opponent 5. restart analysis.
CYRUS_VANILLA coach: [243, 0] no player type for opponent 6. restart analysis.
SPICA325 coach: [243, 0] no player type for opponent 10. restart analysis.
SPICA325 coach: [243, 0] no player type for opponent 5. restart analysis.
SPICA325 coach: [245, 0] no player type for opponent 10. restart analysis.
SPICA325 coach: [246, 0] no player type for opponent 6. restart analysis.
CYRUS_VANILLA coach: [247, 0] no player type for opponent 9. restart analysis.
SPICA325 coach: [247, 0] no player type for opponent 10. restart analysis.
SPICA325 coach: [248, 0] no player type for opponent 10. restart analysis.
SPICA325 coach: [248, 0] no player type for opponent 6. restart analysis.
CYRUS_VANILLA coach: [250, 0] no player type for opponent 5. restart analysis.
SPICA325 coach: [250, 0] no player type for opponent 6. restart analysis.
SPICA325 coach: [252, 0] no player type for opponent 10. restart analysis.
SPICA325 coach: [252, 0] no player type for opponent 11. restart analysis.
CYRUS_VANILLA coach: [252, 0] no player type for opponent 6. restart analysis.
CYRUS_VANILLA coach: [253, 0] no player type for opponent 5. restart analysis.
SPICA325 coach: [253, 0] no player type for opponent 11. restart analysis.
SPICA325 coach: [254, 0] no player type for opponent 5. restart analysis.
CYRUS_VANILLA coach: [256, 0] determined opponent 4 type = 4
CYRUS_VANILLA coach: [258, 0] no player type for opponent 10. restart analysis.
CYRUS_VANILLA coach: [258, 0] no player type for opponent 6. restart analysis.
CYRUS_VANILLA coach: [260, 0] no player type for opponent 10. restart analysis.
CYRUS_VANILLA coach: [262, 0] no player type for opponent 10. restart analysis.
SPICA325 coach: [263, 0] no player type for opponent 5. restart analysis.
CYRUS_VANILLA coach: [264, 0] no player type for opponent 10. restart analysis.
CYRUS_VANILLA coach: [264, 0] no player type for opponent 6. restart analysis.
CYRUS_VANILLA coach: [264, 0] no player type for opponent 8. restart analysis.
CYRUS_VANILLA coach: [266, 0] no player type for opponent 9. restart analysis.
CYRUS_VANILLA coach: [268, 0] no player type for opponent 10. restart analysis.
CYRUS_VANILLA coach: [268, 0] no player type for opponent 6. restart analysis.
CYRUS_VANILLA coach: [268, 0] determined opponent 5 type = 17
CYRUS_VANILLA coach: [270, 0] no player type for opponent 10. restart analysis.
SPICA325 coach: [270, 0] no player type for opponent 5. restart analysis.
CYRUS_VANILLA coach: [271, 0] no player type for opponent 10. restart analysis.
SPICA325 coach: [272, 0] no player type for opponent 10. restart analysis.
CYRUS_VANILLA coach: [274, 0] no player type for opponent 6. restart analysis.
SPICA325 coach: [275, 0] no player type for opponent 8. restart analysis.
CYRUS_VANILLA coach: [275, 0] no player type for opponent 6. restart analysis.
SPICA325 coach: [276, 0] no player type for opponent 8. restart analysis.
CYRUS_VANILLA coach: [277, 0] no player type for opponent 6. restart analysis.
SPICA325 coach: [282, 0] no player type for opponent 5. restart analysis.
SPICA325 coach: [283, 0] no player type for opponent 5. restart analysis.
SPICA325 coach: [283, 0] no player type for opponent 10. restart analysis.
SPICA325 coach: [284, 0] no player type for opponent 6. restart analysis.
CYRUS_VANILLA coach: [286, 0] no player type for opponent 9. restart analysis.
CYRUS_VANILLA coach: [287, 0] no player type for opponent 9. restart analysis.
CYRUS_VANILLA coach: [287, 0] sent freeform (player_types (1 0)(2 6)(3 13)(4 4)(5 17)(6 -1)(7 14)(8 -1)(9 -1)(10 -1)(11 12))
CYRUS_VANILLA coach: [287, 0] freeform 1 / 128
SPICA325 coach: [287, 0] no player type for opponent 5. restart analysis.
SPICA325 coach: [287, 0] sent freeform (player_types (1 0)(2 6)(3 13)(4 4)(5 -1)(6 -1)(7 14)(8 -1)(9 5)(10 -1)(11 -1))
SPICA325 coach: [287, 0] freeform 1 / 128
CYRUS_VANILLA coach: [290, 0] no player type for opponent 8. restart analysis.
CYRUS_VANILLA coach: [301, 0] updated clang capacity.
SPICA325 coach: [301, 0] updated clang capacity.
CYRUS_VANILLA coach: [386, 0] no player type for opponent 10. restart analysis.
CYRUS_VANILLA coach: [388, 0] no player type for opponent 6. restart analysis.
CYRUS_VANILLA coach: [388, 0] no player type for opponent 9. restart analysis.
SPICA325 coach: [388, 0] no player type for opponent 11. restart analysis.
CYRUS_VANILLA coach: [389, 0] no player type for opponent 10. restart analysis.
CYRUS_VANILLA coach: [389, 0] no player type for opponent 9. restart analysis.
SPICA325 coach: [390, 0] no player type for opponent 10. restart analysis.
SPICA325 coach: [391, 0] no player type for opponent 10. restart analysis.
SPICA325 coach: [391, 0] no player type for opponent 8. restart analysis.
SPICA325 coach: [392, 0] no player type for opponent 11. restart analysis.
SPICA325 coach: [392, 0] no player type for opponent 8. restart analysis.
CYRUS_VANILLA coach: [392, 0] no player type for opponent 10. restart analysis.
CYRUS_VANILLA coach: [392, 0] no player type for opponent 6. restart analysis.
CYRUS_VANILLA coach: [392, 0] no player type for opponent 9. restart analysis.
SPICA325 coach: [393, 0] no player type for opponent 8. restart analysis.
CYRUS_VANILLA coach: [393, 0] no player type for opponent 8. restart analysis.
CYRUS_VANILLA coach: [393, 0] no player type for opponent 10. restart analysis.
CYRUS_VANILLA coach: [393, 0] no player type for opponent 6. restart analysis.
CYRUS_VANILLA coach: [393, 0] no player type for opponent 9. restart analysis.
SPICA325 coach: [394, 0] no player type for opponent 8. restart analysis.
CYRUS_VANILLA coach: [394, 0] no player type for opponent 8. restart analysis.
CYRUS_VANILLA coach: [394, 0] no player type for opponent 6. restart analysis.
CYRUS_VANILLA coach: [394, 0] no player type for opponent 9. restart analysis.
CYRUS_VANILLA coach: [395, 0] no player type for opponent 8. restart analysis.
SPICA325 coach: [396, 0] no player type for opponent 5. restart analysis.
SPICA325 coach: [396, 0] no player type for opponent 6. restart analysis.
SPICA325 coach: [397, 0] no player type for opponent 5. restart analysis.
CYRUS_VANILLA coach: [397, 0] no player type for opponent 8. restart analysis.
CYRUS_VANILLA coach: [397, 0] no player type for opponent 6. restart analysis.
SPICA325 coach: [398, 0] no player type for opponent 8. restart analysis.
CYRUS_VANILLA coach: [398, 0] no player type for opponent 8. restart analysis.
CYRUS_VANILLA coach: [398, 0] no player type for opponent 6. restart analysis.
SPICA325 coach: [399, 0] no player type for opponent 6. restart analysis.
CYRUS_VANILLA coach: [399, 0] no player type for opponent 10. restart analysis.
SPICA325 coach: [401, 0] no player type for opponent 6. restart analysis.
CYRUS_VANILLA coach: [401, 0] no player type for opponent 6. restart analysis.
CYRUS_VANILLA coach: [402, 0] no player type for opponent 6. restart analysis.
SPICA325 coach: [403, 0] no player type for opponent 11. restart analysis.
SPICA325 coach: [403, 0] no player type for opponent 5. restart analysis.
CYRUS_VANILLA coach: [404, 0] no player type for opponent 6. restart analysis.
CYRUS_VANILLA coach: [404, 0] no player type for opponent 9. restart analysis.
CYRUS_VANILLA coach: [405, 0] no player type for opponent 9. restart analysis.
SPICA325 coach: [406, 0] no player type for opponent 11. restart analysis.
SPICA325 coach: [408, 0] no player type for opponent 5. restart analysis.
SPICA325 coach: [409, 0] no player type for opponent 11. restart analysis.
SPICA325 coach: [409, 0] no player type for opponent 5. restart analysis.
CYRUS_VANILLA coach: [410, 0] no player type for opponent 8. restart analysis.
CYRUS_VANILLA coach: [411, 0] no player type for opponent 8. restart analysis.
SPICA325 coach: [417, 0] no player type for opponent 10. restart analysis.
SPICA325 coach: [417, 0] no player type for opponent 5. restart analysis.
CYRUS_VANILLA coach: [417, 0] no player type for opponent 8. restart analysis.
CYRUS_VANILLA coach: [418, 0] no player type for opponent 8. restart analysis.
CYRUS_VANILLA coach: [419, 0] no player type for opponent 6. restart analysis.
SPICA325 coach: [419, 0] no player type for opponent 6. restart analysis.
SPICA325 coach: [419, 0] no player type for opponent 8. restart analysis.
SPICA325 coach: [420, 0] no player type for opponent 11. restart analysis.
SPICA325 coach: [420, 0] no player type for opponent 6. restart analysis.
SPICA325 coach: [421, 0] no player type for opponent 10. restart analysis.
SPICA325 coach: [421, 0] no player type for opponent 8. restart analysis.
SPICA325 coach: [424, 0] no player type for opponent 6. restart analysis.
SPICA325 coach: [425, 0] no player type for opponent 11. restart analysis.
CYRUS_VANILLA coach: [427, 0] no player type for opponent 8. restart analysis.
SPICA325 coach: [428, 0] no player type for opponent 11. restart analysis.
CYRUS_VANILLA coach: [429, 0] no player type for opponent 8. restart analysis.
CYRUS_VANILLA coach: [431, 0] no player type for opponent 6. restart analysis.
CYRUS_VANILLA coach: [433, 0] no player type for opponent 8. restart analysis.
SPICA325 coach: [434, 0] no player type for opponent 10. restart analysis.
SPICA325 coach: [435, 0] no player type for opponent 10. restart analysis.
SPICA325 coach: [437, 0] no player type for opponent 10. restart analysis.
SPICA325 coach: [438, 0] no player type for opponent 10. restart analysis.
CYRUS_VANILLA coach: [443, 0] no player type for opponent 9. restart analysis.
SPICA325 coach: [446, 0] determined opponent 11 type = 12
SPICA325 coach: [446, 0] sent freeform (player_types (1 0)(2 6)(3 13)(4 4)(5 -1)(6 -1)(7 14)(8 -1)(9 5)(10 -1)(11 12))
SPICA325 coach: [446, 0] freeform 2 / 128
CYRUS_VANILLA coach: [450, 0] determined opponent 6 type = 10
CYRUS_VANILLA coach: [450, 0] no player type for opponent 9. restart analysis.
CYRUS_VANILLA coach: [450, 0] sent freeform (player_types (1 0)(2 6)(3 13)(4 4)(5 17)(6 10)(7 14)(8 -1)(9 -1)(10 -1)(11 12))
CYRUS_VANILLA coach: [450, 0] freeform 2 / 128
SPICA325 coach: [455, 0] determined opponent 5 type = 17
SPICA325 coach: [455, 0] sent freeform (player_types (1 0)(2 6)(3 13)(4 4)(5 17)(6 -1)(7 14)(8 -1)(9 5)(10 -1)(11 12))
SPICA325 coach: [455, 0] freeform 3 / 128
CYRUS_VANILLA coach: [456, 0] no player type for opponent 8. restart analysis.
CYRUS_VANILLA coach: [457, 0] no player type for opponent 8. restart analysis.
CYRUS_VANILLA coach: [463, 0] no player type for opponent 8. restart analysis.
CYRUS_VANILLA coach: [464, 0] no player type for opponent 8. restart analysis.
CYRUS_VANILLA coach: [465, 0] no player type for opponent 8. restart analysis.
CYRUS_VANILLA coach: [473, 0] no player type for opponent 8. restart analysis.
SPICA325 coach: [530, 0] no player type for opponent 8. restart analysis.
CYRUS_VANILLA coach: [530, 0] no player type for opponent 8. restart analysis.
SPICA325 coach: [531, 0] no player type for opponent 8. restart analysis.
SPICA325 coach: [531, 0] no player type for opponent 6. restart analysis.
SPICA325 coach: [532, 0] no player type for opponent 10. restart analysis.
SPICA325 coach: [533, 0] no player type for opponent 10. restart analysis.
SPICA325 coach: [533, 0] no player type for opponent 8. restart analysis.
SPICA325 coach: [534, 0] no player type for opponent 10. restart analysis.
SPICA325 coach: [535, 0] no player type for opponent 10. restart analysis.
SPICA325 coach: [536, 0] no player type for opponent 10. restart analysis.
SPICA325 coach: [538, 0] no player type for opponent 6. restart analysis.
SPICA325 coach: [538, 0] no player type for opponent 10. restart analysis.
CYRUS_VANILLA coach: [538, 0] no player type for opponent 8. restart analysis.
CYRUS_VANILLA coach: [538, 0] determined opponent 10 type = 7
SPICA325 coach: [539, 0] no player type for opponent 10. restart analysis.
CYRUS_VANILLA coach: [539, 0] no player type for opponent 8. restart analysis.
SPICA325 coach: [540, 0] no player type for opponent 10. restart analysis.
layerSize: 3
SPICA325 coach: [547, 0] no player type for opponent 6. restart analysis.
SPICA325 coach: [552, 0] no player type for opponent 10. restart analysis.
SPICA325 coach: [556, 0] no player type for opponent 8. restart analysis.
CYRUS_VANILLA coach: [556, 0] no player type for opponent 9. restart analysis.
SPICA325 coach: [557, 0] no player type for opponent 10. restart analysis.
CYRUS_VANILLA coach: [560, 0] no player type for opponent 9. restart analysis.
SPICA325 coach: [563, 0] no player type for opponent 8. restart analysis.
CYRUS_VANILLA coach: [563, 0] no player type for opponent 8. restart analysis.
SPICA325 coach: [564, 0] no player type for opponent 8. restart analysis.
CYRUS_VANILLA coach: [565, 0] no player type for opponent 8. restart analysis.
SPICA325 coach: [566, 0] no player type for opponent 8. restart analysis.
CYRUS_VANILLA coach: [566, 0] no player type for opponent 8. restart analysis.
CYRUS_VANILLA coach: [567, 0] no player type for opponent 8. restart analysis.
SPICA325 coach: [567, 0] no player type for opponent 8. restart analysis.
SPICA325 coach: [570, 0] no player type for opponent 8. restart analysis.
SPICA325 coach: [572, 0] no player type for opponent 6. restart analysis.
SPICA325 coach: [576, 0] no player type for opponent 10. restart analysis.
SPICA325 coach: [577, 0] no player type for opponent 10. restart analysis.
CYRUS_VANILLA coach: [577, 0] no player type for opponent 9. restart analysis.
SPICA325 coach: [578, 0] no player type for opponent 8. restart analysis.
SPICA325 coach: [578, 0] no player type for opponent 10. restart analysis.
SPICA325 coach: [579, 0] no player type for opponent 6. restart analysis.
SPICA325 coach: [581, 0] no player type for opponent 8. restart analysis.
SPICA325 coach: [581, 0] no player type for opponent 6. restart analysis.
SPICA325 coach: [582, 0] no player type for opponent 10. restart analysis.
SPICA325 coach: [582, 0] no player type for opponent 8. restart analysis.
SPICA325 coach: [583, 0] no player type for opponent 10. restart analysis.
CYRUS_VANILLA coach: [584, 0] no player type for opponent 9. restart analysis.
SPICA325 coach: [584, 0] no player type for opponent 6. restart analysis.
CYRUS_VANILLA coach: [585, 0] no player type for opponent 8. restart analysis.
SPICA325 coach: [585, 0] no player type for opponent 10. restart analysis.
SPICA325 coach: [589, 0] no player type for opponent 10. restart analysis.
SPICA325 coach: [593, 0] no player type for opponent 10. restart analysis.
SPICA325 coach: [596, 0] no player type for opponent 10. restart analysis.
SPICA325 coach: [597, 0] no player type for opponent 10. restart analysis.
SPICA325 coach: [598, 0] no player type for opponent 6. restart analysis.
SPICA325 coach: [600, 0] no player type for opponent 10. restart analysis.
SPICA325 coach: [600, 0] no player type for opponent 8. restart analysis.
CYRUS_VANILLA coach: [601, 0] updated clang capacity.
SPICA325 coach: [601, 0] updated clang capacity.
SPICA325 coach: [602, 0] no player type for opponent 10. restart analysis.
SPICA325 coach: [604, 0] no player type for opponent 8. restart analysis.
SPICA325 coach: [606, 0] no player type for opponent 10. restart analysis.
SPICA325 coach: [607, 0] no player type for opponent 10. restart analysis.
SPICA325 coach: [607, 0] no player type for opponent 8. restart analysis.
SPICA325 coach: [609, 0] no player type for opponent 8. restart analysis.
SPICA325 coach: [611, 0] no player type for opponent 10. restart analysis.
SPICA325 coach: [612, 0] no player type for opponent 6. restart analysis.
SPICA325 coach: [615, 0] no player type for opponent 10. restart analysis.
SPICA325 coach: [615, 0] no player type for opponent 8. restart analysis.
SPICA325 coach: [617, 0] no player type for opponent 10. restart analysis.
SPICA325 coach: [620, 0] no player type for opponent 10. restart analysis.
SPICA325 coach: [622, 0] no player type for opponent 10. restart analysis.
SPICA325 coach: [622, 0] no player type for opponent 8. restart analysis.
SPICA325 coach: [625, 0] no player type for opponent 8. restart analysis.
CYRUS_VANILLA coach: [625, 0] no player type for opponent 8. restart analysis.
SPICA325 coach: [626, 0] no player type for opponent 8. restart analysis.
SPICA325 coach: [631, 0] no player type for opponent 6. restart analysis.
SPICA325 coach: [634, 0] no player type for opponent 6. restart analysis.
CYRUS_VANILLA coach: [643, 0] no player type for opponent 8. restart analysis.
CYRUS_VANILLA coach: [644, 0] no player type for opponent 9. restart analysis.
CYRUS_VANILLA coach: [645, 0] no player type for opponent 9. restart analysis.
SPICA325 coach: [646, 0] no player type for opponent 6. restart analysis.
CYRUS_VANILLA coach: [647, 0] no player type for opponent 9. restart analysis.
CYRUS_VANILLA coach: [649, 0] no player type for opponent 9. restart analysis.
SPICA325 coach: [653, 0] no player type for opponent 6. restart analysis.
SPICA325 coach: [655, 0] no player type for opponent 8. restart analysis.
SPICA325 coach: [656, 0] no player type for opponent 6. restart analysis.
SPICA325 coach: [659, 0] no player type for opponent 6. restart analysis.
SPICA325 coach: [660, 0] no player type for opponent 8. restart analysis.
SPICA325 coach: [662, 0] no player type for opponent 8. restart analysis.
SPICA325 coach: [664, 0] no player type for opponent 10. restart analysis.
SPICA325 coach: [665, 0] no player type for opponent 6. restart analysis.
SPICA325 coach: [670, 0] no player type for opponent 6. restart analysis.
SPICA325 coach: [671, 0] no player type for opponent 6. restart analysis.
SPICA325 coach: [676, 0] no player type for opponent 6. restart analysis.
SPICA325 coach: [677, 0] no player type for opponent 6. restart analysis.
SPICA325 coach: [680, 0] no player type for opponent 6. restart analysis.
SPICA325 coach: [680, 0] no player type for opponent 10. restart analysis.
SPICA325 coach: [681, 0] no player type for opponent 6. restart analysis.
CYRUS_VANILLA coach: [683, 0] no player type for opponent 9. restart analysis.
SPICA325 coach: [683, 0] no player type for opponent 8. restart analysis.
SPICA325 coach: [685, 0] no player type for opponent 10. restart analysis.
SPICA325 coach: [686, 0] no player type for opponent 6. restart analysis.
SPICA325 coach: [688, 0] no player type for opponent 8. restart analysis.
SPICA325 11: [689, 0]  WARNING. no turn_neck.
SPICA325 11: [690, 0]  WARNING. no turn_neck.
SPICA325 coach: [692, 0] no player type for opponent 6. restart analysis.
SPICA325 coach: [693, 0] no player type for opponent 6. restart analysis.
SPICA325 coach: [694, 0] no player type for opponent 6. restart analysis.
CYRUS_VANILLA coach: [696, 0] no player type for opponent 9. restart analysis.
SPICA325 coach: [696, 0] no player type for opponent 6. restart analysis.
SPICA325 coach: [698, 0] no player type for opponent 8. restart analysis.
CYRUS_VANILLA coach: [698, 0] no player type for opponent 8. restart analysis.
SPICA325 coach: [699, 0] no player type for opponent 8. restart analysis.
SPICA325 coach: [701, 0] no player type for opponent 6. restart analysis.
SPICA325 coach: [702, 0] no player type for opponent 8. restart analysis.
SPICA325 coach: [704, 0] no player type for opponent 8. restart analysis.
SPICA325 coach: [707, 0] no player type for opponent 6. restart analysis.
CYRUS_VANILLA coach: [711, 0] no player type for opponent 8. restart analysis.
SPICA325 coach: [713, 0] no player type for opponent 10. restart analysis.
SPICA325 coach: [714, 0] no player type for opponent 6. restart analysis.
SPICA325 coach: [716, 0] no player type for opponent 10. restart analysis.
SPICA325 coach: [718, 0] no player type for opponent 8. restart analysis.
SPICA325 coach: [718, 0] no player type for opponent 10. restart analysis.
CYRUS_VANILLA coach: [724, 0] no player type for opponent 9. restart analysis.
CYRUS_VANILLA coach: [726, 0] no player type for opponent 9. restart analysis.
CYRUS_VANILLA coach: [727, 0] no player type for opponent 9. restart analysis.
SPICA325 coach: [727, 0] no player type for opponent 10. restart analysis.
SPICA325 coach: [729, 0] no player type for opponent 8. restart analysis.
CYRUS_VANILLA coach: [729, 0] no player type for opponent 8. restart analysis.
SPICA325 coach: [731, 0] no player type for opponent 6. restart analysis.
SPICA325 coach: [733, 0] no player type for opponent 10. restart analysis.
SPICA325 coach: [733, 0] no player type for opponent 8. restart analysis.
CYRUS_VANILLA coach: [734, 0] no player type for opponent 8. restart analysis.
SPICA325 coach: [735, 0] no player type for opponent 6. restart analysis.
CYRUS_VANILLA coach: [735, 0] no player type for opponent 8. restart analysis.
SPICA325 coach: [736, 0] no player type for opponent 6. restart analysis.
CYRUS_VANILLA coach: [738, 0] no player type for opponent 8. restart analysis.
SPICA325 coach: [738, 0] no player type for opponent 10. restart analysis.
SPICA325 coach: [738, 0] no player type for opponent 6. restart analysis.
SPICA325 coach: [744, 0] no player type for opponent 6. restart analysis.
SPICA325 coach: [749, 0] no player type for opponent 10. restart analysis.
SPICA325 coach: [749, 0] no player type for opponent 8. restart analysis.
SPICA325 coach: [750, 0] no player type for opponent 6. restart analysis.
SPICA325 coach: [750, 0] no player type for opponent 10. restart analysis.
SPICA325 coach: [752, 0] no player type for opponent 10. restart analysis.
SPICA325 coach: [753, 0] no player type for opponent 10. restart analysis.
SPICA325 coach: [754, 0] no player type for opponent 10. restart analysis.
CYRUS_VANILLA coach: [754, 0] no player type for opponent 9. restart analysis.
CYRUS_VANILLA coach: [756, 0] no player type for opponent 8. restart analysis.
SPICA325 coach: [758, 0] no player type for opponent 10. restart analysis.
CYRUS_VANILLA coach: [758, 0] no player type for opponent 8. restart analysis.
SPICA325 coach: [762, 0] no player type for opponent 8. restart analysis.
SPICA325 coach: [765, 0] no player type for opponent 10. restart analysis.
CYRUS_VANILLA coach: [765, 0] no player type for opponent 8. restart analysis.
SPICA325 coach: [766, 0] no player type for opponent 6. restart analysis.
SPICA325 coach: [768, 0] no player type for opponent 6. restart analysis.
CYRUS_VANILLA coach: [768, 0] no player type for opponent 8. restart analysis.
SPICA325 coach: [769, 0] no player type for opponent 8. restart analysis.
CYRUS_VANILLA coach: [772, 0] no player type for opponent 8. restart analysis.
CYRUS_VANILLA coach: [775, 0] no player type for opponent 8. restart analysis.
CYRUS_VANILLA coach: [780, 0] no player type for opponent 9. restart analysis.
SPICA325 coach: [781, 0] no player type for opponent 8. restart analysis.
CYRUS_VANILLA coach: [781, 0] no player type for opponent 8. restart analysis.
CYRUS_VANILLA coach: [782, 0] no player type for opponent 9. restart analysis.
SPICA325 coach: [783, 0] no player type for opponent 8. restart analysis.
CYRUS_VANILLA coach: [783, 0] no player type for opponent 9. restart analysis.
SPICA325 coach: [784, 0] no player type for opponent 10. restart analysis.
SPICA325 coach: [785, 0] no player type for opponent 6. restart analysis.
SPICA325 coach: [786, 0] no player type for opponent 6. restart analysis.
CYRUS_VANILLA coach: [789, 0] no player type for opponent 8. restart analysis.
CYRUS_VANILLA coach: [795, 1] sent freeform (player_types (1 0)(2 6)(3 13)(4 4)(5 17)(6 10)(7 14)(8 -1)(9 -1)(10 7)(11 12))
CYRUS_VANILLA coach: [795, 1] freeform 3 / 128
CYRUS_VANILLA coach: [883, 0] no player type for opponent 8. restart analysis.
SPICA325 coach: [894, 0] no player type for opponent 6. restart analysis.
SPICA325 coach: [895, 0] no player type for opponent 8. restart analysis.
SPICA325 coach: [897, 0] no player type for opponent 10. restart analysis.
SPICA325 coach: [898, 0] no player type for opponent 10. restart analysis.
SPICA325 coach: [901, 0] no player type for opponent 10. restart analysis.
SPICA325 coach: [901, 0] updated clang capacity.
CYRUS_VANILLA coach: [901, 0] updated clang capacity.
SPICA325 coach: [908, 0] no player type for opponent 10. restart analysis.
CYRUS_VANILLA coach: [909, 0] no player type for opponent 8. restart analysis.
SPICA325 coach: [915, 0] no player type for opponent 6. restart analysis.
CYRUS_VANILLA coach: [915, 0] no player type for opponent 9. restart analysis.
CYRUS_VANILLA coach: [915, 0] no player type for opponent 8. restart analysis.
SPICA325 coach: [917, 0] no player type for opponent 8. restart analysis.
SPICA325 coach: [920, 0] no player type for opponent 8. restart analysis.
SPICA325 coach: [920, 0] no player type for opponent 6. restart analysis.
SPICA325 coach: [924, 0] no player type for opponent 8. restart analysis.
SPICA325 coach: [925, 0] no player type for opponent 6. restart analysis.
SPICA325 coach: [925, 0] no player type for opponent 10. restart analysis.
SPICA325 coach: [928, 0] no player type for opponent 6. restart analysis.
CYRUS_VANILLA coach: [1009, 0] no player type for opponent 9. restart analysis.
SPICA325 coach: [1009, 0] no player type for opponent 10. restart analysis.
CYRUS_VANILLA coach: [1019, 0] no player type for opponent 9. restart analysis.
CYRUS_VANILLA coach: [1021, 0] no player type for opponent 9. restart analysis.
SPICA325 coach: [1024, 0] no player type for opponent 10. restart analysis.
SPICA325 coach: [1025, 0] no player type for opponent 8. restart analysis.
SPICA325 coach: [1026, 0] no player type for opponent 8. restart analysis.
SPICA325 coach: [1026, 0] no player type for opponent 10. restart analysis.
SPICA325 coach: [1027, 0] no player type for opponent 10. restart analysis.
SPICA325 coach: [1030, 0] no player type for opponent 10. restart analysis.
SPICA325 coach: [1036, 0] no player type for opponent 8. restart analysis.
SPICA325 coach: [1036, 0] no player type for opponent 10. restart analysis.
CYRUS_VANILLA coach: [1036, 0] no player type for opponent 9. restart analysis.
CYRUS_VANILLA coach: [1038, 0] no player type for opponent 9. restart analysis.
CYRUS_VANILLA coach: [1038, 0] no player type for opponent 8. restart analysis.
SPICA325 coach: [1044, 0] no player type for opponent 6. restart analysis.
SPICA325 coach: [1044, 0] no player type for opponent 8. restart analysis.
SPICA325 coach: [1045, 0] no player type for opponent 10. restart analysis.
SPICA325 coach: [1045, 0] no player type for opponent 8. restart analysis.
CYRUS_VANILLA coach: [1048, 0] no player type for opponent 8. restart analysis.
SPICA325 coach: [1049, 0] no player type for opponent 6. restart analysis.
SPICA325 coach: [1050, 0] no player type for opponent 6. restart analysis.
SPICA325 coach: [1053, 0] no player type for opponent 10. restart analysis.
SPICA325 coach: [1057, 0] no player type for opponent 6. restart analysis.
SPICA325 coach: [1057, 0] no player type for opponent 8. restart analysis.
SPICA325 coach: [1058, 0] no player type for opponent 10. restart analysis.
SPICA325 coach: [1059, 0] no player type for opponent 8. restart analysis.
SPICA325 coach: [1061, 0] no player type for opponent 10. restart analysis.
SPICA325 coach: [1066, 0] no player type for opponent 10. restart analysis.
CYRUS_VANILLA coach: [1066, 0] no player type for opponent 8. restart analysis.
CYRUS_VANILLA coach: [1067, 0] no player type for opponent 9. restart analysis.
SPICA325 coach: [1068, 0] no player type for opponent 8. restart analysis.
CYRUS_VANILLA coach: [1068, 0] no player type for opponent 8. restart analysis.
CYRUS_VANILLA coach: [1068, 0] no player type for opponent 9. restart analysis.
CYRUS_VANILLA coach: [1069, 0] no player type for opponent 9. restart analysis.
SPICA325 coach: [1069, 0] no player type for opponent 10. restart analysis.
SPICA325 coach: [1070, 0] no player type for opponent 10. restart analysis.
SPICA325 coach: [1071, 0] no player type for opponent 10. restart analysis.
SPICA325 coach: [1071, 0] no player type for opponent 6. restart analysis.
SPICA325 coach: [1072, 0] no player type for opponent 10. restart analysis.
CYRUS_VANILLA coach: [1072, 0] no player type for opponent 9. restart analysis.
SPICA325 coach: [1073, 0] no player type for opponent 6. restart analysis.
CYRUS_VANILLA coach: [1073, 0] no player type for opponent 9. restart analysis.
SPICA325 coach: [1074, 0] no player type for opponent 6. restart analysis.
SPICA325 coach: [1074, 0] no player type for opponent 8. restart analysis.
CYRUS_VANILLA coach: [1075, 0] no player type for opponent 9. restart analysis.
SPICA325 coach: [1076, 0] no player type for opponent 10. restart analysis.
CYRUS_VANILLA coach: [1076, 0] no player type for opponent 9. restart analysis.
SPICA325 coach: [1077, 0] no player type for opponent 10. restart analysis.
CYRUS_VANILLA coach: [1077, 0] no player type for opponent 9. restart analysis.
SPICA325 coach: [1078, 0] no player type for opponent 6. restart analysis.
CYRUS_VANILLA coach: [1078, 0] no player type for opponent 9. restart analysis.
CYRUS_VANILLA coach: [1082, 0] no player type for opponent 9. restart analysis.
SPICA325 coach: [1084, 0] no player type for opponent 10. restart analysis.
CYRUS_VANILLA coach: [1085, 0] no player type for opponent 8. restart analysis.
SPICA325 coach: [1087, 0] no player type for opponent 10. restart analysis.
CYRUS_VANILLA coach: [1091, 0] no player type for opponent 9. restart analysis.
SPICA325 coach: [1094, 0] no player type for opponent 10. restart analysis.
SPICA325 coach: [1101, 0] no player type for opponent 6. restart analysis.
SPICA325 coach: [1106, 0] no player type for opponent 6. restart analysis.
SPICA325 coach: [1107, 0] no player type for opponent 6. restart analysis.
SPICA325 coach: [1108, 0] no player type for opponent 6. restart analysis.
SPICA325 coach: [1113, 0] no player type for opponent 6. restart analysis.
CYRUS_VANILLA coach: [1114, 0] no player type for opponent 8. restart analysis.
CYRUS_VANILLA coach: [1115, 0] no player type for opponent 8. restart analysis.
SPICA325 coach: [1115, 0] no player type for opponent 6. restart analysis.
CYRUS_VANILLA coach: [1116, 0] no player type for opponent 8. restart analysis.
SPICA325 coach: [1122, 0] no player type for opponent 10. restart analysis.
CYRUS_VANILLA coach: [1124, 0] no player type for opponent 8. restart analysis.
SPICA325 coach: [1125, 0] no player type for opponent 10. restart analysis.
CYRUS_VANILLA coach: [1128, 0] no player type for opponent 8. restart analysis.
CYRUS_VANILLA coach: [1129, 0] no player type for opponent 8. restart analysis.
CYRUS_VANILLA coach: [1129, 0] no player type for opponent 9. restart analysis.
SPICA325 coach: [1131, 0] no player type for opponent 8. restart analysis.
SPICA325 coach: [1132, 0] determined opponent 6 type = 10
CYRUS_VANILLA coach: [1132, 0] no player type for opponent 9. restart analysis.
SPICA325 coach: [1133, 0] no player type for opponent 8. restart analysis.
CYRUS_VANILLA coach: [1133, 0] no player type for opponent 9. restart analysis.
SPICA325 coach: [1134, 0] no player type for opponent 8. restart analysis.
CYRUS_VANILLA coach: [1134, 0] no player type for opponent 9. restart analysis.
SPICA325 coach: [1137, 0] no player type for opponent 8. restart analysis.
CYRUS_VANILLA coach: [1138, 0] no player type for opponent 8. restart analysis.
SPICA325 coach: [1140, 0] no player type for opponent 10. restart analysis.
CYRUS_VANILLA coach: [1140, 0] no player type for opponent 8. restart analysis.
CYRUS_VANILLA coach: [1142, 0] no player type for opponent 8. restart analysis.
CYRUS_VANILLA coach: [1142, 0] no player type for opponent 9. restart analysis.
CYRUS_VANILLA coach: [1143, 0] no player type for opponent 8. restart analysis.
CYRUS_VANILLA coach: [1145, 0] no player type for opponent 8. restart analysis.
CYRUS_VANILLA coach: [1146, 0] no player type for opponent 9. restart analysis.
CYRUS_VANILLA coach: [1148, 0] no player type for opponent 9. restart analysis.
CYRUS_VANILLA coach: [1149, 0] no player type for opponent 8. restart analysis.
CYRUS_VANILLA coach: [1150, 0] no player type for opponent 9. restart analysis.
CYRUS_VANILLA coach: [1152, 0] no player type for opponent 8. restart analysis.
SPICA325 coach: [1152, 0] no player type for opponent 8. restart analysis.
SPICA325 coach: [1153, 0] no player type for opponent 8. restart analysis.
CYRUS_VANILLA coach: [1154, 0] no player type for opponent 8. restart analysis.
CYRUS_VANILLA coach: [1155, 0] no player type for opponent 9. restart analysis.
SPICA325 coach: [1171, 0] no player type for opponent 8. restart analysis.
SPICA325 coach: [1174, 0] no player type for opponent 10. restart analysis.
CYRUS_VANILLA 6: [1174, 0]  WARNING. no turn_neck.
SPICA325 coach: [1177, 0] no player type for opponent 10. restart analysis.
SPICA325 coach: [1178, 0] no player type for opponent 10. restart analysis.
SPICA325 coach: [1179, 0] no player type for opponent 10. restart analysis.
SPICA325 coach: [1179, 0] no player type for opponent 8. restart analysis.
CYRUS_VANILLA coach: [1180, 0] no player type for opponent 9. restart analysis.
SPICA325 coach: [1180, 0] no player type for opponent 10. restart analysis.
SPICA325 coach: [1180, 0] no player type for opponent 8. restart analysis.
SPICA325 coach: [1197, 0] no player type for opponent 8. restart analysis.
SPICA325 coach: [1199, 0] no player type for opponent 8. restart analysis.
CYRUS_VANILLA coach: [1201, 0] no player type for opponent 8. restart analysis.
CYRUS_VANILLA coach: [1201, 0] updated clang capacity.
SPICA325 coach: [1201, 0] updated clang capacity.
CYRUS_VANILLA coach: [1202, 0] no player type for opponent 9. restart analysis.
SPICA325 coach: [1203, 0] determined opponent 10 type = 7
SPICA325 coach: [1204, 0] no player type for opponent 8. restart analysis.
SPICA325 coach: [1206, 0] no player type for opponent 8. restart analysis.
CYRUS_VANILLA coach: [1208, 0] no player type for opponent 8. restart analysis.
CYRUS_VANILLA coach: [1209, 0] no player type for opponent 8. restart analysis.
CYRUS_VANILLA coach: [1212, 0] no player type for opponent 8. restart analysis.
CYRUS_VANILLA coach: [1213, 0] no player type for opponent 8. restart analysis.
CYRUS_VANILLA coach: [1214, 0] no player type for opponent 8. restart analysis.
CYRUS_VANILLA coach: [1216, 0] no player type for opponent 9. restart analysis.
CYRUS_VANILLA coach: [1217, 0] no player type for opponent 9. restart analysis.
CYRUS_VANILLA coach: [1218, 0] no player type for opponent 8. restart analysis.
CYRUS_VANILLA coach: [1234, 0] no player type for opponent 8. restart analysis.
CYRUS_VANILLA coach: [1236, 0] no player type for opponent 9. restart analysis.
SPICA325 coach: [1241, 0] no player type for opponent 8. restart analysis.
SPICA325 coach: [1243, 0] no player type for opponent 8. restart analysis.
CYRUS_VANILLA coach: [1246, 0] no player type for opponent 8. restart analysis.
CYRUS_VANILLA coach: [1249, 0] no player type for opponent 8. restart analysis.
CYRUS_VANILLA coach: [1253, 0] no player type for opponent 8. restart analysis.
SPICA325 coach: [1258, 0] no player type for opponent 8. restart analysis.
CYRUS_VANILLA coach: [1260, 0] no player type for opponent 8. restart analysis.
CYRUS_VANILLA coach: [1268, 0] no player type for opponent 8. restart analysis.
CYRUS_VANILLA coach: [1271, 0] no player type for opponent 8. restart analysis.
CYRUS_VANILLA coach: [1272, 0] no player type for opponent 9. restart analysis.
CYRUS_VANILLA coach: [1276, 0] no player type for opponent 9. restart analysis.
CYRUS_VANILLA coach: [1277, 0] no player type for opponent 8. restart analysis.
SPICA325 coach: [1278, 0] no player type for opponent 8. restart analysis.
CYRUS_VANILLA coach: [1282, 0] no player type for opponent 8. restart analysis.
CYRUS_VANILLA coach: [1284, 0] no player type for opponent 8. restart analysis.
CYRUS_VANILLA coach: [1310, 0] no player type for opponent 8. restart analysis.
CYRUS_VANILLA coach: [1313, 0] no player type for opponent 8. restart analysis.
CYRUS_VANILLA coach: [1322, 0] no player type for opponent 8. restart analysis.
CYRUS_VANILLA coach: [1327, 0] no player type for opponent 8. restart analysis.
CYRUS_VANILLA coach: [1328, 0] no player type for opponent 8. restart analysis.
SPICA325 coach: [1333, 0] no player type for opponent 8. restart analysis.
SPICA325 coach: [1337, 0] no player type for opponent 8. restart analysis.
SPICA325 coach: [1341, 0] no player type for opponent 8. restart analysis.
SPICA325 coach: [1342, 0] no player type for opponent 8. restart analysis.
CYRUS_VANILLA coach: [1345, 0] no player type for opponent 9. restart analysis.
SPICA325 coach: [1392, 0] no player type for opponent 8. restart analysis.
CYRUS_VANILLA coach: [1395, 0] no player type for opponent 9. restart analysis.
CYRUS_VANILLA coach: [1396, 0] no player type for opponent 8. restart analysis.
CYRUS_VANILLA coach: [1399, 0] no player type for opponent 9. restart analysis.
CYRUS_VANILLA coach: [1399, 0] no player type for opponent 8. restart analysis.
CYRUS_VANILLA coach: [1400, 0] no player type for opponent 9. restart analysis.
CYRUS_VANILLA coach: [1403, 0] no player type for opponent 8. restart analysis.
CYRUS_VANILLA coach: [1405, 0] determined opponent 9 type = 5
CYRUS_VANILLA coach: [1409, 0] no player type for opponent 8. restart analysis.
CYRUS_VANILLA coach: [1410, 0] no player type for opponent 8. restart analysis.
CYRUS_VANILLA coach: [1412, 0] no player type for opponent 8. restart analysis.
SPICA325 3: [1416, 0]  WARNING. no turn_neck.
SPICA325 3: [1417, 0]  WARNING. no turn_neck.
SPICA325 coach: [1431, 0] no player type for opponent 8. restart analysis.
SPICA325 9: [1455, 0]  WARNING. no turn_neck.
SPICA325 9: [1458, 0]  WARNING. no turn_neck.
SPICA325 coach: [1495, 0] no player type for opponent 8. restart analysis.
CYRUS_VANILLA 6: [1500, 0] lost kick by foul at [1500, 0] sense=13 internal=14
SPICA325 coach: [1501, 0] updated clang capacity.
CYRUS_VANILLA coach: [1501, 0] no player type for opponent 8. restart analysis.
CYRUS_VANILLA coach: [1501, 0] updated clang capacity.
CYRUS_VANILLA coach: [1506, 0] no player type for opponent 8. restart analysis.
CYRUS_VANILLA coach: [1507, 0] no player type for opponent 8. restart analysis.
SPICA325 coach: [1508, 0] no player type for opponent 8. restart analysis.
CYRUS_VANILLA coach: [1509, 0] no player type for opponent 8. restart analysis.
SPICA325 coach: [1511, 0] no player type for opponent 8. restart analysis.
CYRUS_VANILLA coach: [1515, 0] no player type for opponent 8. restart analysis.
CYRUS_VANILLA coach: [1516, 0] no player type for opponent 8. restart analysis.
SPICA325 coach: [1517, 0] no player type for opponent 8. restart analysis.
SPICA325 coach: [1520, 0] no player type for opponent 8. restart analysis.
SPICA325 coach: [1525, 0] no player type for opponent 8. restart analysis.
SPICA325 coach: [1531, 0] no player type for opponent 8. restart analysis.
SPICA325 coach: [1534, 0] no player type for opponent 8. restart analysis.
CYRUS_VANILLA coach: [1539, 0] no player type for opponent 8. restart analysis.
CYRUS_VANILLA coach: [1551, 0] determined opponent 8 type = 2
SPICA325 coach: [1552, 0] determined opponent 8 type = 2
CYRUS_VANILLA coach: [1603, 0] sent freeform (player_types (1 0)(2 6)(3 13)(4 4)(5 17)(6 10)(7 14)(8 2)(9 5)(10 7)(11 12))
CYRUS_VANILLA coach: [1603, 0] freeform 4 / 128
SPICA325 coach: [1603, 0] sent freeform (player_types (1 0)(2 6)(3 13)(4 4)(5 17)(6 10)(7 14)(8 2)(9 5)(10 7)(11 12))
SPICA325 coach: [1603, 0] freeform 4 / 128
SPICA325 8: [1603, 0] lost kick by foul at [1603, 0] sense=5 internal=6
CYRUS_VANILLA coach: [1801, 0] updated clang capacity.
SPICA325 coach: [1801, 0] updated clang capacity.
CYRUS_VANILLA 10: [1928, 0] lost kick by foul at [1928, 0] sense=25 internal=26
CYRUS_VANILLA 9: [2051, 0] lost kick? at [2051, 0] sense=45 internal=46
8 [2062, 0] no ball position cache.
8 [2062, 0] no ball position cache.
8 [2062, 0] Interecet Self cache is empty!
CYRUS_VANILLA coach: [2101, 0] updated clang capacity.
SPICA325 coach: [2101, 0] updated clang capacity.
SPICA325 5: [2300, 0]  WARNING. no turn_neck.
CYRUS_VANILLA coach: [2401, 0] updated clang capacity.
SPICA325 coach: [2401, 0] updated clang capacity.
3 [2440, 0] no ball position cache.
3 [2440, 0] no ball position cache.
3 [2440, 0] Interecet Self cache is empty!
SPICA325 5: [2551, 0] lost kick? at [2551, 0] sense=43 internal=44
CYRUS_VANILLA 11: [2644, 0] lost kick by foul at [2644, 0] sense=23 internal=24
CYRUS_VANILLA coach: [2701, 0] updated clang capacity.
SPICA325 coach: [2701, 0] updated clang capacity.
/home/user/PJ_RoboCup-Soccer-Simulation-2D-2027/robocup-spica-2027/externals/src/cyrus-team-v3-snapshot/src/basic_actions/body_smart_kick.cpp: 67 not ball kickable!
SPICA325 1: [2968, 0]  WARNING. no body command.
Waiting to kick off
Kick_off_right
SPICA325 coach: [3001, 0] updated clang capacity.
CYRUS_VANILLA coach: [3001, 0] updated clang capacity.
CYRUS_VANILLA 2: [3141, 0]  WARNING. no turn_neck.
CYRUS_VANILLA coach: [3301, 0] updated clang capacity.
SPICA325 coach: [3301, 0] updated clang capacity.
CYRUS_VANILLA 8: [3421, 0]  WARNING. no body command.
CYRUS_VANILLA coach: [3601, 0] updated clang capacity.
SPICA325 coach: [3601, 0] updated clang capacity.
SPICA325 9: [3775, 0]  WARNING. no turn_neck.
CYRUS_VANILLA 7: [3886, 0] lost kick by foul at [3886, 0] sense=24 internal=25
CYRUS_VANILLA coach: [3901, 0] updated clang capacity.
SPICA325 coach: [3901, 0] updated clang capacity.
SPICA325 coach: [4201, 0] updated clang capacity.
CYRUS_VANILLA coach: [4201, 0] updated clang capacity.
CYRUS_VANILLA 9: [4303, 0] lost kick by foul at [4303, 0] sense=121 internal=122
SPICA325 coach: [4501, 0] updated clang capacity.
CYRUS_VANILLA coach: [4501, 0] updated clang capacity.
CYRUS_VANILLA 3: [4550, 0]  WARNING. no turn_neck.
CYRUS_VANILLA 3: [4551, 0]  WARNING. no turn_neck.
SPICA325 coach: [4801, 0] updated clang capacity.
CYRUS_VANILLA coach: [4801, 0] updated clang capacity.
CYRUS_VANILLA 4: [4875, 0]  WARNING. no body command.
CYRUS_VANILLA coach: [5101, 0] updated clang capacity.
SPICA325 coach: [5101, 0] updated clang capacity.
CYRUS_VANILLA 11: [5168, 0] lost kick by foul at [5168, 0] sense=51 internal=52
CYRUS_VANILLA 7: [5315, 0] lost kick by foul at [5315, 0] sense=62 internal=63
CYRUS_VANILLA coach: [5401, 0] updated clang capacity.
SPICA325 coach: [5401, 0] updated clang capacity.
SPICA325 coach: change player 11 to type 8
CYRUS_VANILLA coach: change player 6 to type 8
SPICA325 coach: [5701, 0] updated clang capacity.
CYRUS_VANILLA coach: [5701, 0] updated clang capacity.
SPICA325 coach: [5735, 0] no player type for opponent 6. restart analysis.
CYRUS_VANILLA coach: [5785, 0] no player type for opponent 11. restart analysis.
SPICA325 coach: [5791, 0] no player type for opponent 6. restart analysis.
SPICA325 coach: [5794, 0] no player type for opponent 6. restart analysis.
SPICA325 coach: [5806, 0] no player type for opponent 6. restart analysis.
CYRUS_VANILLA coach: [5809, 0] no player type for opponent 11. restart analysis.
SPICA325 6: [5813, 0] lost kick by foul at [5813, 0] sense=61 internal=62
SPICA325 coach: [5837, 0] no player type for opponent 6. restart analysis.
SPICA325 coach: [5840, 0] no player type for opponent 6. restart analysis.
SPICA325 coach: [5841, 0] no player type for opponent 6. restart analysis.
SPICA325 coach: [5849, 0] no player type for opponent 6. restart analysis.
CYRUS_VANILLA coach: [5850, 0] no player type for opponent 11. restart analysis.
CYRUS_VANILLA coach: [5865, 0] no player type for opponent 11. restart analysis.
CYRUS_VANILLA coach: [5867, 0] no player type for opponent 11. restart analysis.
CYRUS_VANILLA coach: [5882, 0] no player type for opponent 11. restart analysis.
CYRUS_VANILLA coach: [5887, 0] no player type for opponent 11. restart analysis.
SPICA325 coach: [5887, 0] no player type for opponent 6. restart analysis.
SPICA325 coach: [5888, 0] no player type for opponent 6. restart analysis.
CYRUS_VANILLA coach: [5892, 0] no player type for opponent 11. restart analysis.
SPICA325 coach: [5892, 0] no player type for opponent 6. restart analysis.
CYRUS_VANILLA coach: [5894, 0] no player type for opponent 11. restart analysis.
CYRUS_VANILLA coach: [5915, 0] determined opponent 11 type = 8
SPICA325 coach: [5917, 0] no player type for opponent 6. restart analysis.
SPICA325 coach: [5919, 0] no player type for opponent 6. restart analysis.
SPICA325 coach: [5920, 0] no player type for opponent 6. restart analysis.
SPICA325 coach: [5922, 0] no player type for opponent 6. restart analysis.
SPICA325 coach: [5955, 0] no player type for opponent 6. restart analysis.
SPICA325 coach: [5956, 0] no player type for opponent 6. restart analysis.
SPICA325 coach: [5957, 0] no player type for opponent 6. restart analysis.
SPICA325 coach: [5959, 0] no player type for opponent 6. restart analysis.
SPICA325 coach: [5960, 0] no player type for opponent 6. restart analysis.
SPICA325 coach: [5962, 0] no player type for opponent 6. restart analysis.
SPICA325 coach: [5963, 0] no player type for opponent 6. restart analysis.
SPICA325 coach: [5969, 0] no player type for opponent 6. restart analysis.
SPICA325 coach: [5974, 0] no player type for opponent 6. restart analysis.
SPICA325 coach: [5975, 0] no player type for opponent 6. restart analysis.
SPICA325 coach: [5977, 0] no player type for opponent 6. restart analysis.
SPICA325 coach: [5979, 0] no player type for opponent 6. restart analysis.
SPICA325 coach: [5980, 0] no player type for opponent 6. restart analysis.
SPICA325 coach: [5981, 0] no player type for opponent 6. restart analysis.
SPICA325 coach: [5982, 0] no player type for opponent 6. restart analysis.
SPICA325 coach: [5985, 0] no player type for opponent 6. restart analysis.
CYRUS_VANILLA coach: finished.
SPICA325 11: finished.
CYRUS_VANILLA 10: finished.
CYRUS_VANILLA 5: finished.
CYRUS_VANILLA 11: finished.
CYRUS_VANILLA 3: finished.
Waiting after end of match
remoteclient.cpp: 149: Error sending to socket: Bad file descriptor
msg = [(think)]
remoteclient.cpp: 149: Error sending to socket: Bad file descriptor
msg = [(think)]
SPICA325 coach: [6000, 0] new freeform allowed 256
SPICA325 coach: finished.
CYRUS_VANILLA 9: finished.
SPICA325 1: finished.
CYRUS_VANILLA 2: finished.
SPICA325 3: finished.
SPICA325 7: finished.
SPICA325 10: finished.
SPICA325 5: finished.
SPICA325 4: finished.
CYRUS_VANILLA 4: finished.
CYRUS_VANILLA 1: finished.
CYRUS_VANILLA 7: finished.
SPICA325 9: finished.
CYRUS_VANILLA 8: finished.
SPICA325 6: finished.
SPICA325 2: finished.
SPICA325 8: finished.
A player disconnected : (CYRUS_VANILLA 11)
A player disconnected : (CYRUS_VANILLA 3)
A player disconnected : (CYRUS_VANILLA 9)
An online coach disconnected : (CYRUS_VANILLA)
An online coach disconnected : (SPICA325)
A player disconnected : (SPICA325 11)
A player disconnected : (CYRUS_VANILLA 10)
A player disconnected : (CYRUS_VANILLA 5)
A player disconnected : (SPICA325 3)
A player disconnected : (CYRUS_VANILLA 2)
A player disconnected : (SPICA325 1)
A player disconnected : (SPICA325 10)
A player disconnected : (SPICA325 7)
A player disconnected : (CYRUS_VANILLA 6)
A player disconnected : (SPICA325 4)
A player disconnected : (CYRUS_VANILLA 4)
A player disconnected : (SPICA325 5)
A player disconnected : (CYRUS_VANILLA 1)
A player disconnected : (SPICA325 9)
A player disconnected : (CYRUS_VANILLA 7)
A player disconnected : (CYRUS_VANILLA 8)
A player disconnected : (SPICA325 6)
A player disconnected : (SPICA325 2)
A player disconnected : (SPICA325 8)
Killing 21410
CYRUS_VANILLA 6: finished.
Killing 21423

Game Over. Exiting...

Saving Results:
	CSVSaver: saving...
	CSVSaver: ...disabled
	STDOutSaver: saving...

Game Results:
	2026-06-27 08:16:41
	'SPICA325' vs 'CYRUS_VANILLA'
	Score: 1 - 1
 
	STDOutSaver: ...saved

Saving Results Complete
