rcssserver-19.0.0

Copyright (C) 1995, 1996, 1997, 1998, 1999 Electrotechnical Laboratory.
2000 - RoboCup Soccer Simulator Maintenance Group.

Simulator Random Seed: 1782547735
CSVSaver: Ready
STDOutSaver: Ready
Using simulator's random seed as Hetero Player Seed: 1782547735
******************************************************************
 HELIOS base
 Created by Hidehisa Akiyama and Hiroki Shimora
 Copyright 2000-2007.  Hidehisa Akiyama
 Copyright 2007-2011.  Hidehisa Akiyama and Hiroki Shimora
 All rights reserved.
******************************************************************
PING localhost (127.0.0.1) 56(84) bytes of data.
64 bytes from localhost (127.0.0.1): icmp_seq=1 ttl=64 time=0.041 ms

--- localhost ping statistics ---
1 packets transmitted, 1 received, 0% packet loss, time 0ms
rtt min/avg/max/mdev = 0.041/0.041/0.041/0.000 ms
******************************************************************
 librcsc 
 Copyright 2000 - 2007. Hidehisa Akiyama.
 Copyright 2007 - 2011. Hidehisa Akiyama and Hiroki Shimora
 Copyright 2011 -  Hidehisa Akiyama, Hiroki Shimora
   Takuya Fukushima (2019-)
 All rights reserved.
******************************************************************
*****************************************************************
 This program is based on agent2d created by Hidehisa Akiyama.
 Copyright 2006 - 2011. Hidehisa Akiyama and Hiroki Shimora.
 All rights reserved.
*****************************************************************
SPICA325: init ok.  unum: 1 side: l
SPICA325 1: [-1, 0] (v18+) force synch see mode.wind factor: rand: 0.000000, vector: (0.000000, 0.000000)

Hit CTRL-C to exit
Starting "/bin/sh -c scripts/team_launchers/spica325_left.sh"
Waiting for players to connect
A new (v18) player (SPICA325 1) connected.

******************************************************************
 HELIOS base
 Created by Hidehisa Akiyama and Hiroki Shimora
 Copyright 2000-2007.  Hidehisa Akiyama
 Copyright 2007-2011.  Hidehisa Akiyama and Hiroki Shimora
 All rights reserved.
******************************************************************
PING localhost (127.0.0.1) 56(84) bytes of data.
64 bytes from localhost (127.0.0.1): icmp_seq=1 ttl=64 time=0.025 ms

--- localhost ping statistics ---
1 packets transmitted, 1 received, 0% packet loss, time 0ms
rtt min/avg/max/mdev = 0.025/0.025/0.025/0.000 ms
******************************************************************
 librcsc 
 Copyright 2000 - 2007. Hidehisa Akiyama.
 Copyright 2007 - 2011. Hidehisa Akiyama and Hiroki Shimora
 Copyright 2011 -  Hidehisa Akiyama, Hiroki Shimora
   Takuya Fukushima (2019-)
 All rights reserved.
******************************************************************
SPICA325 1:  KickTable created.
SPICA325 1: [-1, 0] set synch see mode.
*****************************************************************
 This program is based on agent2d created by Hidehisa Akiyama.
 Copyright 2006 - 2011. Hidehisa Akiyama and Hiroki Shimora.
 All rights reserved.
*****************************************************************
CYRUS_VANILLA: init ok.  unum: 1 side: r
CYRUS_VANILLA 1: [-1, 0] (v18+) force synch see mode.
Starting "/bin/sh -c scripts/team_launchers/cyrus_vanilla_right.sh"
A new (v18) player (CYRUS_VANILLA 1) connected.
CYRUS_VANILLA 1:  KickTable created.
CYRUS_VANILLA 1: [-1, 0] set synch see mode.
Read Setting: ./data/settings/Other.json
Read Setting: ./data/settings/Other.json
******************************************************************
 librcsc 
 Copyright 2000 - 2007. Hidehisa Akiyama.
 Copyright 2007 - 2011. Hidehisa Akiyama and Hiroki Shimora
 Copyright 2011 -  Hidehisa Akiyama, Hiroki Shimora
   Takuya Fukushima (2019-)
 All rights reserved.
******************************************************************
******************************************************************
 librcsc 
 Copyright 2000 - 2007. Hidehisa Akiyama.
 Copyright 2007 - 2011. Hidehisa Akiyama and Hiroki Shimora
 Copyright 2011 -  Hidehisa Akiyama, Hiroki Shimora
   Takuya Fukushima (2019-)
 All rights reserved.
******************************************************************
******************************************************************
 librcsc 
 Copyright 2000 - 2007. Hidehisa Akiyama.
 Copyright 2007 - 2011. Hidehisa Akiyama and Hiroki Shimora
 Copyright 2011 -  Hidehisa Akiyama, Hiroki Shimora
   Takuya Fukushima (2019-)
 All rights reserved.
******************************************************************
******************************************************************
 librcsc 
 Copyright 2000 - 2007. Hidehisa Akiyama.
 Copyright 2007 - 2011. Hidehisa Akiyama and Hiroki Shimora
 Copyright 2011 -  Hidehisa Akiyama, Hiroki Shimora
   Takuya Fukushima (2019-)
 All rights reserved.
******************************************************************
******************************************************************
 librcsc 
 Copyright 2000 - 2007. Hidehisa Akiyama.
 Copyright 2007 - 2011. Hidehisa Akiyama and Hiroki Shimora
 Copyright 2011 -  Hidehisa Akiyama, Hiroki Shimora
   Takuya Fukushima (2019-)
 All rights reserved.
******************************************************************
******************************************************************
 librcsc 
 Copyright 2000 - 2007. Hidehisa Akiyama.
 Copyright 2007 - 2011. Hidehisa Akiyama and Hiroki Shimora
 Copyright 2011 -  Hidehisa Akiyama, Hiroki Shimora
   Takuya Fukushima (2019-)
 All rights reserved.
******************************************************************
******************************************************************
 librcsc 
 Copyright 2000 - 2007. Hidehisa Akiyama.
 Copyright 2007 - 2011. Hidehisa Akiyama and Hiroki Shimora
 Copyright 2011 -  Hidehisa Akiyama, Hiroki Shimora
   Takuya Fukushima (2019-)
 All rights reserved.
******************************************************************
******************************************************************
 librcsc 
 Copyright 2000 - 2007. Hidehisa Akiyama.
 Copyright 2007 - 2011. Hidehisa Akiyama and Hiroki Shimora
 Copyright 2011 -  Hidehisa Akiyama, Hiroki Shimora
   Takuya Fukushima (2019-)
 All rights reserved.
******************************************************************
*****************************************************************
 This program is based on agent2d created by Hidehisa Akiyama.
 Copyright 2006 - 2011. Hidehisa Akiyama and Hiroki Shimora.
 All rights reserved.
*****************************************************************
******************************************************************
 librcsc 
 Copyright 2000 - 2007. Hidehisa Akiyama.
 Copyright 2007 - 2011. Hidehisa Akiyama and Hiroki Shimora
 Copyright 2011 -  Hidehisa Akiyama, Hiroki Shimora
   Takuya Fukushima (2019-)
 All rights reserved.
******************************************************************
*****************************************************************
 This program is based on agent2d created by Hidehisa Akiyama.
 Copyright 2006 - 2011. Hidehisa Akiyama and Hiroki Shimora.
 All rights reserved.
*****************************************************************
******************************************************************
 librcsc 
 Copyright 2000 - 2007. Hidehisa Akiyama.
 Copyright 2007 - 2011. Hidehisa Akiyama and Hiroki Shimora
 Copyright 2011 -  Hidehisa Akiyama, Hiroki Shimora
   Takuya Fukushima (2019-)
 All rights reserved.
******************************************************************
******************************************************************
 librcsc 
 Copyright 2000 - 2007. Hidehisa Akiyama.
 Copyright 2007 - 2011. Hidehisa Akiyama and Hiroki Shimora
 Copyright 2011 -  Hidehisa Akiyama, Hiroki Shimora
   Takuya Fukushima (2019-)
 All rights reserved.
******************************************************************
*****************************************************************
 This program is based on agent2d created by Hidehisa Akiyama.
 Copyright 2006 - 2011. Hidehisa Akiyama and Hiroki Shimora.
 All rights reserved.
*****************************************************************
SPICA325: init ok.  unum: 2 side: l
SPICA325 2: [-1, 0] (v18+) force synch see mode.
A new (v18) player (SPICA325 2) connected.
SPICA325: init ok.  unum: 3 side: l
SPICA325 3: [-1, 0] (v18+) force synch see mode.
A new (v18) player (SPICA325 3) connected.
A new (v18) online coach (SPICA325) connected.
*****************************************************************
 This program is based on agent2d created by Hidehisa Akiyama.
 Copyright 2006 - 2011. Hidehisa Akiyama and Hiroki Shimora.
 All rights reserved.
*****************************************************************
******************************************************************
 librcsc 
 Copyright 2000 - 2007. Hidehisa Akiyama.
 Copyright 2007 - 2011. Hidehisa Akiyama and Hiroki Shimora
 Copyright 2011 -  Hidehisa Akiyama, Hiroki Shimora
   Takuya Fukushima (2019-)
 All rights reserved.
******************************************************************
*****************************************************************
 This program is based on agent2d created by Hidehisa Akiyama.
 Copyright 2006 - 2011. Hidehisa Akiyama and Hiroki Shimora.
 All rights reserved.
*****************************************************************
******************************************************************
 librcsc 
 Copyright 2000 - 2007. Hidehisa Akiyama.
 Copyright 2007 - 2011. Hidehisa Akiyama and Hiroki Shimora
 Copyright 2011 -  Hidehisa Akiyama, Hiroki Shimora
   Takuya Fukushima (2019-)
 All rights reserved.
******************************************************************
*****************************************************************
 This program is based on agent2d created by Hidehisa Akiyama.
 Copyright 2006 - 2011. Hidehisa Akiyama and Hiroki Shimora.
 All rights reserved.
*****************************************************************
A new (v18) player (SPICA325 4) connected.
A new (v18) player (SPICA325 5) connected.
SPICA325: init ok.  unum: 6 side: l
SPICA325 6: [-1, 0] (v18+) force synch see mode.
A new (v18) player (SPICA325 6) connected.
SPICA325: init ok.  unum: 4 side: l
SPICA325 4: [-1, 0] (v18+) force synch see mode.
******************************************************************
 librcsc 
 Copyright 2000 - 2007. Hidehisa Akiyama.
 Copyright 2007 - 2011. Hidehisa Akiyama and Hiroki Shimora
 Copyright 2011 -  Hidehisa Akiyama, Hiroki Shimora
   Takuya Fukushima (2019-)
 All rights reserved.
******************************************************************
SPICA325SPICA325 coach: [-1, 0] recv (ok eye on)
: init ok.  unum: 5 side: l
SPICA325 5: [-1, 0] (v18+) force synch see mode.
SPICA325 2:  KickTable created.
SPICA325 2: [-1, 0] set synch see mode.
*****************************************************************
 This program is based on agent2d created by Hidehisa Akiyama.
 Copyright 2006 - 2011. Hidehisa Akiyama and Hiroki Shimora.
 All rights reserved.
*****************************************************************
SPICA325 3:  KickTable created.
SPICA325 3: [-1, 0] set synch see mode.
SPICA325: init ok.  unum: 7 side: l
SPICA325 7: [-1, 0] (v18+) force synch see mode.
A new (v18) player (SPICA325 7) connected.
*****************************************************************
 This program is based on agent2d created by Hidehisa Akiyama.
 Copyright 2006 - 2011. Hidehisa Akiyama and Hiroki Shimora.
 All rights reserved.
*****************************************************************
******************************************************************
 librcsc 
 Copyright 2000 - 2007. Hidehisa Akiyama.
 Copyright 2007 - 2011. Hidehisa Akiyama and Hiroki Shimora
 Copyright 2011 -  Hidehisa Akiyama, Hiroki Shimora
   Takuya Fukushima (2019-)
 All rights reserved.
******************************************************************
******************************************************************
 librcsc 
 Copyright 2000 - 2007. Hidehisa Akiyama.
 Copyright 2007 - 2011. Hidehisa Akiyama and Hiroki Shimora
 Copyright 2011 -  Hidehisa Akiyama, Hiroki Shimora
   Takuya Fukushima (2019-)
 All rights reserved.
******************************************************************
*****************************************************************
 This program is based on agent2d created by Hidehisa Akiyama.
 Copyright 2006 - 2011. Hidehisa Akiyama and Hiroki Shimora.
 All rights reserved.
*****************************************************************
******************************************************************
 librcsc 
 Copyright 2000 - 2007. Hidehisa Akiyama.
 Copyright 2007 - 2011. Hidehisa Akiyama and Hiroki Shimora
 Copyright 2011 -  Hidehisa Akiyama, Hiroki Shimora
   Takuya Fukushima (2019-)
 All rights reserved.
******************************************************************
******************************************************************
 librcsc 
 Copyright 2000 - 2007. Hidehisa Akiyama.
 Copyright 2007 - 2011. Hidehisa Akiyama and Hiroki Shimora
 Copyright 2011 -  Hidehisa Akiyama, Hiroki Shimora
   Takuya Fukushima (2019-)
 All rights reserved.
******************************************************************
SPICA325 6:  KickTable created.
SPICA325 6: [-1, 0] set synch see mode.
Read Setting: ./data/settings/Other.json
Read Setting: ./data/settings/Other.json
A new (v18) player (SPICA325 8) connected.
A new (v18) player (SPICA325 9) connected.
SPICA325: init ok.  unum: 8 side: l
SPICA325 8: [-1, 0] (v18+) force synch see mode.
******************************************************************
 librcsc 
 Copyright 2000 - 2007. Hidehisa Akiyama.
 Copyright 2007 - 2011. Hidehisa Akiyama and Hiroki Shimora
 Copyright 2011 -  Hidehisa Akiyama, Hiroki Shimora
   Takuya Fukushima (2019-)
 All rights reserved.
******************************************************************
SPICA325: init ok.  unum: 9 side: l
SPICA325 9: [-1, 0] (v18+) force synch see mode.
******************************************************************
 librcsc 
 Copyright 2000 - 2007. Hidehisa Akiyama.
 Copyright 2007 - 2011. Hidehisa Akiyama and Hiroki Shimora
 Copyright 2011 -  Hidehisa Akiyama, Hiroki Shimora
   Takuya Fukushima (2019-)
 All rights reserved.
******************************************************************
******************************************************************
 librcsc 
 Copyright 2000 - 2007. Hidehisa Akiyama.
 Copyright 2007 - 2011. Hidehisa Akiyama and Hiroki Shimora
 Copyright 2011 -  Hidehisa Akiyama, Hiroki Shimora
   Takuya Fukushima (2019-)
 All rights reserved.
******************************************************************
*****************************************************************
 This program is based on agent2d created by Hidehisa Akiyama.
 Copyright 2006 - 2011. Hidehisa Akiyama and Hiroki Shimora.
 All rights reserved.
*****************************************************************
A new (v18) player (CYRUS_VANILLA 2) connected.
SPICA325 7:  KickTable created.
SPICA325 7: [-1, 0] set synch see mode.
CYRUS_VANILLA: init ok.  unum: 2 side: r
CYRUS_VANILLA 2: [-1, 0] (v18+) force synch see mode.
SPICA325 4:  KickTable created.
SPICA325 4: [-1, 0] set synch see mode.
******************************************************************
 librcsc 
 Copyright 2000 - 2007. Hidehisa Akiyama.
 Copyright 2007 - 2011. Hidehisa Akiyama and Hiroki Shimora
 Copyright 2011 -  Hidehisa Akiyama, Hiroki Shimora
   Takuya Fukushima (2019-)
 All rights reserved.
******************************************************************
*****************************************************************
 This program is based on agent2d created by Hidehisa Akiyama.
 Copyright 2006 - 2011. Hidehisa Akiyama and Hiroki Shimora.
 All rights reserved.
*****************************************************************
*****************************************************************
 This program is based on agent2d created by Hidehisa Akiyama.
 Copyright 2006 - 2011. Hidehisa Akiyama and Hiroki Shimora.
 All rights reserved.
*****************************************************************
A new (v18) player (CYRUS_VANILLA 3) connected.
A new (v18) online coach (CYRUS_VANILLA) connected.
CYRUS_VANILLA coach: [-1, 0] recv (ok eye on)
SPICA325 5:  KickTable created.
CYRUS_VANILLA: init ok.  unum: 3 side: r
CYRUS_VANILLA 3: [-1, 0] (v18+) force synch see mode.
*****************************************************************
 This program is based on agent2d created by Hidehisa Akiyama.
 Copyright 2006 - 2011. Hidehisa Akiyama and Hiroki Shimora.
 All rights reserved.
*****************************************************************
CYRUS_VANILLA: init ok.  unum: 4 side: r
CYRUS_VANILLA 4: [-1, 0] (v18+) force synch see mode.
A new (v18) player (CYRUS_VANILLA 4) connected.
SPICA325 5: [-1, 0] set synch see mode.
*****************************************************************
 This program is based on agent2d created by Hidehisa Akiyama.
 Copyright 2006 - 2011. Hidehisa Akiyama and Hiroki Shimora.
 All rights reserved.
*****************************************************************
*****************************************************************
 This program is based on agent2d created by Hidehisa Akiyama.
 Copyright 2006 - 2011. Hidehisa Akiyama and Hiroki Shimora.
 All rights reserved.
*****************************************************************
*****************************************************************
 This program is based on agent2d created by Hidehisa Akiyama.
 Copyright 2006 - 2011. Hidehisa Akiyama and Hiroki Shimora.
 All rights reserved.
*****************************************************************
*****************************************************************
 This program is based on agent2d created by Hidehisa Akiyama.
 Copyright 2006 - 2011. Hidehisa Akiyama and Hiroki Shimora.
 All rights reserved.
*****************************************************************
CYRUS_VANILLA 2:  KickTable created.
CYRUS_VANILLA 2: [-1, 0] set synch see mode.
*****************************************************************
 This program is based on agent2d created by Hidehisa Akiyama.
 Copyright 2006 - 2011. Hidehisa Akiyama and Hiroki Shimora.
 All rights reserved.
*****************************************************************
*****************************************************************
 This program is based on agent2d created by Hidehisa Akiyama.
 Copyright 2006 - 2011. Hidehisa Akiyama and Hiroki Shimora.
 All rights reserved.
*****************************************************************
SPICA325 8:  KickTable created.
SPICA325 8: [-1, 0] set synch see mode.
Read Setting: ./data/settings/Other.json
Read Setting: ./data/settings/Other.json
Read Setting: ./data/settings/Other.json
Read Setting: ./data/settings/Other.json
CYRUS_VANILLA 4:  KickTable created.
CYRUS_VANILLA 4: [-1, 0] set synch see mode.
A new (v18) player (SPICA325 10) connected.
SPICA325: init ok.  unum: 11 side: l
SPICA325 11: [-1, 0] (v18+) force synch see mode.
A new (v18) player (SPICA325 11) connected.
CYRUS_VANILLA: init ok.  unum: 5 side: r
CYRUS_VANILLA 5: [-1, 0] (v18+) force synch see mode.
CYRUS_VANILLA 3:  KickTable created.
SPICA325: init ok.  unum: 10 side: l
SPICA325 10: [-1, 0] (v18+) force synch see mode.
A new (v18) player (CYRUS_VANILLA 5) connected.
CYRUS_VANILLA 3: [-1, 0] set synch see mode.
A new (v18) player (CYRUS_VANILLA 6) connected.
CYRUS_VANILLA: init ok.  unum: 7 side: r
CYRUS_VANILLA 7: [-1, 0] (v18+) force synch see mode.
A new (v18) player (CYRUS_VANILLA 7) connected.
CYRUS_VANILLA: init ok.  unum: 8 side: r
CYRUS_VANILLA 8: [-1, 0] (v18+) force synch see mode.
A new (v18) player (CYRUS_VANILLA 8) connected.
CYRUS_VANILLA: init ok.  unum: 6 side: r
CYRUS_VANILLA 6: [-1, 0] (v18+) force synch see mode.
SPICA325 9:  KickTable created.
SPICA325 9: [-1, 0] set synch see mode.
*****************************************************************
 This program is based on agent2d created by Hidehisa Akiyama.
 Copyright 2006 - 2011. Hidehisa Akiyama and Hiroki Shimora.
 All rights reserved.
*****************************************************************
*****************************************************************
 This program is based on agent2d created by Hidehisa Akiyama.
 Copyright 2006 - 2011. Hidehisa Akiyama and Hiroki Shimora.
 All rights reserved.
*****************************************************************
CYRUS_VANILLA 8:  KickTable created.
CYRUS_VANILLA 8: [-1, 0] set synch see mode.
*****************************************************************
 This program is based on agent2d created by Hidehisa Akiyama.
 Copyright 2006 - 2011. Hidehisa Akiyama and Hiroki Shimora.
 All rights reserved.
*****************************************************************
SPICA325 10:  KickTable created.
SPICA325 10: [-1, 0] set synch see mode.
CYRUS_VANILLA 5:  KickTable created.
CYRUS_VANILLA 6:  KickTable created.
CYRUS_VANILLA 5: [-1, 0] set synch see mode.
SPICA325 11:  KickTable created.
CYRUS_VANILLA 6: [-1, 0] set synch see mode.
SPICA325 11: [-1, 0] set synch see mode.
CYRUS_VANILLA 7:  KickTable created.
CYRUS_VANILLA 7: [-1, 0] set synch see mode.
Read Setting: ./data/settings/Other.json
Read Setting: ./data/settings/Other.json
CYRUS_VANILLA: init ok.  unum: 9 side: r
CYRUS_VANILLA 9: [-1, 0] (v18+) force synch see mode.A new (v18) player (CYRUS_VANILLA 9) connected.

A new (v18) player (CYRUS_VANILLA 10) connected.
CYRUS_VANILLA: init ok.  unum: 11 side: r
CYRUS_VANILLA 11: [-1, 0] (v18+) force synch see mode.
A new (v18) player (CYRUS_VANILLA 11) connected.
CYRUS_VANILLA: init ok.  unum: 10 side: r
CYRUS_VANILLA 10: [-1, 0] (v18+) force synch see mode.
CYRUS_VANILLA 10:  KickTable created.
CYRUS_VANILLA 10: [-1, 0] set synch see mode.
CYRUS_VANILLA 9:  KickTable created.
CYRUS_VANILLA 9: [-1, 0] set synch see mode.
CYRUS_VANILLA 11:  KickTable created.
CYRUS_VANILLA 11: [-1, 0] set synch see mode.
Read Setting: ./data/settings/Other.json
Read Setting: ./data/settings/Other.json
id speed step inc  power  stam  karea
 0 1.000   6  45.0 100.0  55.0  1.085
 1 0.913   5  43.9 100.0  56.1  1.074
 2 0.950   5  46.0 100.0  54.0  1.014
 3 0.971   6  44.8 100.0  55.2  1.077
 4 1.005   6  43.0 100.0  57.0  1.061
 5 0.879   6  45.0 100.0  55.0  1.141
 6 0.840   7  50.2 100.0  49.8  1.067
 7 0.802   5  48.9 100.0  51.1  1.036
 8 1.016   6  41.5 100.0  58.5  1.134
 9 0.807   4  47.2 100.0  52.8  1.022
 10 0.835   5  49.7 100.0  50.3  1.086
 11 0.833   5  43.5 100.0  56.5  1.093
 12 0.847   6  50.7 100.0  49.3  1.036
 13 0.912   6  45.1 100.0  54.9  1.146
 14 0.851   7  50.2 100.0  49.8  1.085
 15 0.869   6  52.2 100.0  47.8  1.093
 16 1.007   7  47.9 100.0  52.1  1.080
 17 0.879   6  47.8 100.0  52.2  1.148
$$$$$$$$$$$$$$$$$$$$$$$$isother
SPICA325 coach: change player 1 to type 0
SPICA325 coach: change player 9 to type 8
SPICA325 coach: change player 2 to type 4
SPICA325 coach: change player 11 to type 16
SPICA325 coach: change player 4 to type 3
SPICA325 coach: change player 10 to type 2
SPICA325 coach: change player 3 to type 1
SPICA325 coach: change player 5 to type 13
SPICA325 coach: change player 7 to type 17
SPICA325 coach: change player 8 to type 5
SPICA325 coach: change player 6 to type 15
id speed step inc  power  stam  karea
 0 1.000   6  45.0 100.0  55.0  1.085
 1 0.913   5  43.9 100.0  56.1  1.074
 2 0.950   5  46.0 100.0  54.0  1.014
 3 0.971   6  44.8 100.0  55.2  1.077
 4 1.005   6  43.0 100.0  57.0  1.061
 5 0.879   6  45.0 100.0  55.0  1.141
 6 0.840   7  50.2 100.0  49.8  1.067
 7 0.802   5  48.9 100.0  51.1  1.036
 8 1.016   6  41.5 100.0  58.5  1.134
 9 0.807   4  47.2 100.0  52.8  1.022
 10 0.835   5  49.7 100.0  50.3  1.086
 11 0.833   5  43.5 100.0  56.5  1.093
 12 0.847   6  50.7 100.0  49.3  1.036
 13 0.912   6  45.1 100.0  54.9  1.146
 14 0.851   7  50.2 100.0  49.8  1.085
 15 0.869   6  52.2 100.0  47.8  1.093
 16 1.007   7  47.9 100.0  52.1  1.080
 17 0.879   6  47.8 100.0  52.2  1.148
$$$$$$$$$$$$$$$$$$$$$$$$isother
CYRUS_VANILLA coach: change player 1 to type 0
CYRUS_VANILLA coach: change player 9 to type 8
CYRUS_VANILLA coach: change player 2 to type 4
CYRUS_VANILLA coach: change player 11 to type 16
CYRUS_VANILLA coach: change player 4 to type 3
CYRUS_VANILLA coach: change player 10 to type 2
CYRUS_VANILLA coach: change player 3 to type 1
CYRUS_VANILLA coach: change player 5 to type 13
CYRUS_VANILLA coach: change player 7 to type 17
CYRUS_VANILLA coach: change player 8 to type 5
CYRUS_VANILLA coach: change player 6 to type 15
Read Setting: ./data/settings/Other.json
Read Setting: ./data/settings/Other.json
Read Setting: ./data/settings/Other.json
Read Setting: ./data/settings/Other.json
Read Setting: ./data/settings/Other.json
Read Setting: ./data/settings/Other.json
Read Setting: ./data/settings/Other.json
Read Setting: ./data/settings/Other.json
Read Setting: ./data/settings/Other.json
Read Setting: ./data/settings/Other.json
Waiting to kick off
Kick_off_left
CYRUS_VANILLA coach: [95, 0] no player type for opponent 9. restart analysis.
SPICA325 coach: [96, 0] no player type for opponent 8. restart analysis.
SPICA325 coach: [96, 0] determined opponent 6 type = 15
SPICA325 coach: [96, 0] no player type for opponent 11. restart analysis.
SPICA325 coach: [96, 0] no player type for opponent 7. restart analysis.
CYRUS_VANILLA coach: [96, 0] no player type for opponent 9. restart analysis.
SPICA325 coach: [97, 0] no player type for opponent 4. restart analysis.
SPICA325 coach: [97, 0] no player type for opponent 9. restart analysis.
SPICA325 coach: [97, 0] no player type for opponent 7. restart analysis.
SPICA325 coach: [98, 0] no player type for opponent 4. restart analysis.
SPICA325 coach: [98, 0] no player type for opponent 9. restart analysis.
SPICA325 coach: [98, 0] no player type for opponent 7. restart analysis.
SPICA325 coach: [99, 0] no player type for opponent 4. restart analysis.
SPICA325 coach: [99, 0] no player type for opponent 2. restart analysis.
CYRUS_VANILLA coach: [99, 0] no player type for opponent 8. restart analysis.
SPICA325 coach: [100, 0] no player type for opponent 8. restart analysis.
SPICA325 coach: [100, 0] no player type for opponent 10. restart analysis.
SPICA325 coach: [100, 0] no player type for opponent 9. restart analysis.
SPICA325 coach: [100, 0] no player type for opponent 7. restart analysis.
CYRUS_VANILLA coach: [101, 0] no player type for opponent 2. restart analysis.
SPICA325 coach: [101, 0] no player type for opponent 2. restart analysis.
SPICA325 coach: [101, 0] no player type for opponent 5. restart analysis.
SPICA325 coach: [101, 0] determined opponent 3 type = 1
SPICA325 coach: [102, 0] no player type for opponent 10. restart analysis.
SPICA325 coach: [102, 0] no player type for opponent 11. restart analysis.
CYRUS_VANILLA coach: [102, 0] determined opponent 11 type = 16
CYRUS_VANILLA coach: [102, 0] no player type for opponent 9. restart analysis.
CYRUS_VANILLA coach: [102, 0] no player type for opponent 3. restart analysis.
CYRUS_VANILLA coach: [102, 0] no player type for opponent 8. restart analysis.
SPICA325 coach: [103, 0] no player type for opponent 10. restart analysis.
SPICA325 coach: [103, 0] no player type for opponent 11. restart analysis.
SPICA325 coach: [103, 0] no player type for opponent 9. restart analysis.
SPICA325 coach: [103, 0] no player type for opponent 7. restart analysis.
CYRUS_VANILLA coach: [104, 0] determined opponent 6 type = 15
SPICA325 coach: [104, 0] no player type for opponent 2. restart analysis.
SPICA325 coach: [105, 0] no player type for opponent 4. restart analysis.
SPICA325 coach: [105, 0] no player type for opponent 8. restart analysis.
SPICA325 coach: [105, 0] no player type for opponent 10. restart analysis.
SPICA325 coach: [106, 0] no player type for opponent 8. restart analysis.
CYRUS_VANILLA coach: [106, 0] no player type for opponent 5. restart analysis.
SPICA325 coach: [107, 0] no player type for opponent 8. restart analysis.
SPICA325 coach: [107, 0] no player type for opponent 11. restart analysis.
SPICA325 coach: [107, 0] no player type for opponent 7. restart analysis.
CYRUS_VANILLA coach: [107, 0] no player type for opponent 10. restart analysis.
SPICA325 coach: [109, 0] no player type for opponent 8. restart analysis.
SPICA325 coach: [110, 0] no player type for opponent 8. restart analysis.
SPICA325 coach: [110, 0] no player type for opponent 1. restart analysis.
SPICA325 coach: [110, 0] no player type for opponent 11. restart analysis.
CYRUS_VANILLA coach: [110, 0] no player type for opponent 7. restart analysis.
CYRUS_VANILLA coach: [110, 0] no player type for opponent 3. restart analysis.
SPICA325 coach: [111, 0] no player type for opponent 8. restart analysis.
SPICA325 coach: [111, 0] no player type for opponent 5. restart analysis.
SPICA325 coach: [112, 0] no player type for opponent 8. restart analysis.
SPICA325 coach: [112, 0] no player type for opponent 10. restart analysis.
SPICA325 coach: [112, 0] no player type for opponent 2. restart analysis.
SPICA325 coach: [112, 0] no player type for opponent 7. restart analysis.
CYRUS_VANILLA coach: [112, 0] determined opponent 9 type = 8
CYRUS_VANILLA coach: [112, 0] no player type for opponent 3. restart analysis.
SPICA325 coach: [113, 0] no player type for opponent 4. restart analysis.
SPICA325 coach: [113, 0] no player type for opponent 2. restart analysis.
SPICA325 coach: [113, 0] no player type for opponent 7. restart analysis.
SPICA325 coach: [114, 0] no player type for opponent 2. restart analysis.
CYRUS_VANILLA coach: [114, 0] no player type for opponent 3. restart analysis.
SPICA325 coach: [115, 0] no player type for opponent 8. restart analysis.
CYRUS_VANILLA coach: [115, 0] no player type for opponent 3. restart analysis.
CYRUS_VANILLA coach: [115, 0] no player type for opponent 10. restart analysis.
SPICA325 coach: [116, 0] no player type for opponent 8. restart analysis.
SPICA325 coach: [116, 0] no player type for opponent 10. restart analysis.
CYRUS_VANILLA coach: [116, 0] no player type for opponent 10. restart analysis.
SPICA325 coach: [117, 0] no player type for opponent 2. restart analysis.
SPICA325 coach: [118, 0] no player type for opponent 8. restart analysis.
SPICA325 coach: [118, 0] no player type for opponent 7. restart analysis.
CYRUS_VANILLA coach: [119, 0] no player type for opponent 10. restart analysis.
SPICA325 coach: [120, 0] no player type for opponent 10. restart analysis.
SPICA325 coach: [123, 0] no player type for opponent 8. restart analysis.
CYRUS_VANILLA coach: [123, 0] no player type for opponent 2. restart analysis.
CYRUS_VANILLA coach: [124, 0] no player type for opponent 10. restart analysis.
CYRUS_VANILLA coach: [124, 0] determined opponent 7 type = 17
SPICA325 coach: [124, 0] no player type for opponent 2. restart analysis.
SPICA325 coach: [125, 0] no player type for opponent 2. restart analysis.
SPICA325 coach: [125, 0] no player type for opponent 9. restart analysis.
CYRUS_VANILLA coach: [125, 0] no player type for opponent 10. restart analysis.
CYRUS_VANILLA coach: [125, 0] no player type for opponent 5. restart analysis.
CYRUS_VANILLA coach: [127, 0] no player type for opponent 3. restart analysis.
CYRUS_VANILLA coach: [128, 0] no player type for opponent 8. restart analysis.
SPICA325 coach: [129, 0] no player type for opponent 5. restart analysis.
SPICA325 coach: [130, 0] no player type for opponent 2. restart analysis.
SPICA325 coach: [131, 0] no player type for opponent 2. restart analysis.
layerSize: 3
SPICA325 coach: [132, 0] no player type for opponent 2. restart analysis.
SPICA325 coach: [134, 0] no player type for opponent 11. restart analysis.
CYRUS_VANILLA coach: [135, 0] determined opponent 3 type = 1
CYRUS_VANILLA coach: [135, 0] no player type for opponent 5. restart analysis.
CYRUS_VANILLA coach: [135, 0] no player type for opponent 2. restart analysis.
SPICA325 coach: [135, 0] no player type for opponent 1. restart analysis.
SPICA325 coach: [138, 0] sent freeform (player_types (1 -1)(2 -1)(3 1)(4 -1)(5 -1)(6 15)(7 -1)(8 -1)(9 -1)(10 -1)(11 -1))
SPICA325 coach: [138, 0] freeform 1 / 128
CYRUS_VANILLA coach: [138, 0] sent freeform (player_types (1 -1)(2 -1)(3 1)(4 -1)(5 -1)(6 15)(7 17)(8 -1)(9 8)(10 -1)(11 16))
CYRUS_VANILLA coach: [138, 0] freeform 1 / 128
SPICA325 coach: [139, 0] no player type for opponent 4. restart analysis.
SPICA325 coach: [139, 0] no player type for opponent 2. restart analysis.
SPICA325 coach: [140, 0] determined opponent 9 type = 8
SPICA325 coach: [140, 0] sent freeform (player_types (1 -1)(2 -1)(3 1)(4 -1)(5 -1)(6 15)(7 -1)(8 -1)(9 8)(10 -1)(11 -1))
SPICA325 coach: [140, 0] freeform 2 / 128
SPICA325 coach: [141, 0] no player type for opponent 1. restart analysis.
SPICA325 coach: [141, 0] determined opponent 11 type = 16
SPICA325 coach: [141, 0] sent freeform (player_types (1 -1)(2 -1)(3 1)(4 -1)(5 -1)(6 15)(7 -1)(8 -1)(9 8)(10 -1)(11 16))
SPICA325 coach: [141, 0] freeform 3 / 128
SPICA325 coach: [146, 0] determined opponent 1 type = 0
SPICA325 coach: [146, 0] sent freeform (player_types (1 0)(2 -1)(3 1)(4 -1)(5 -1)(6 15)(7 -1)(8 -1)(9 8)(10 -1)(11 16))
SPICA325 coach: [146, 0] freeform 4 / 128
SPICA325 coach: [147, 0] determined opponent 7 type = 17
SPICA325 coach: [147, 0] sent freeform (player_types (1 0)(2 -1)(3 1)(4 -1)(5 -1)(6 15)(7 17)(8 -1)(9 8)(10 -1)(11 16))
SPICA325 coach: [147, 0] freeform 5 / 128
SPICA325 coach: [148, 0] no player type for opponent 8. restart analysis.
SPICA325 coach: [153, 0] no player type for opponent 4. restart analysis.
SPICA325 coach: [154, 0] no player type for opponent 4. restart analysis.
SPICA325 coach: [216, 0] no player type for opponent 10. restart analysis.
CYRUS_VANILLA coach: [216, 0] no player type for opponent 5. restart analysis.
CYRUS_VANILLA coach: [219, 0] determined opponent 8 type = 5
SPICA325 coach: [222, 0] no player type for opponent 5. restart analysis.
SPICA325 coach: [223, 0] no player type for opponent 2. restart analysis.
SPICA325 coach: [223, 0] no player type for opponent 5. restart analysis.
SPICA325 coach: [224, 0] no player type for opponent 2. restart analysis.
SPICA325 coach: [224, 0] no player type for opponent 5. restart analysis.
SPICA325 coach: [226, 0] no player type for opponent 8. restart analysis.
SPICA325 coach: [226, 0] no player type for opponent 10. restart analysis.
SPICA325 coach: [227, 0] no player type for opponent 10. restart analysis.
SPICA325 coach: [231, 0] no player type for opponent 4. restart analysis.
SPICA325 coach: [232, 0] no player type for opponent 8. restart analysis.
SPICA325 coach: [232, 0] no player type for opponent 4. restart analysis.
CYRUS_VANILLA coach: [233, 0] no player type for opponent 5. restart analysis.
CYRUS_VANILLA coach: [237, 0] no player type for opponent 2. restart analysis.
SPICA325 coach: [237, 0] no player type for opponent 4. restart analysis.
SPICA325 coach: [238, 0] no player type for opponent 10. restart analysis.
SPICA325 coach: [241, 0] no player type for opponent 10. restart analysis.
SPICA325 coach: [242, 0] no player type for opponent 10. restart analysis.
SPICA325 coach: [242, 0] no player type for opponent 5. restart analysis.
CYRUS_VANILLA coach: [243, 0] no player type for opponent 4. restart analysis.
SPICA325 coach: [244, 0] no player type for opponent 8. restart analysis.
SPICA325 coach: [247, 0] no player type for opponent 8. restart analysis.
SPICA325 coach: [248, 0] no player type for opponent 5. restart analysis.
SPICA325 coach: [249, 0] no player type for opponent 5. restart analysis.
SPICA325 coach: [254, 0] no player type for opponent 8. restart analysis.
SPICA325 coach: [255, 0] no player type for opponent 10. restart analysis.
SPICA325 coach: [256, 0] no player type for opponent 8. restart analysis.
SPICA325 coach: [257, 0] no player type for opponent 8. restart analysis.
SPICA325 coach: [257, 0] no player type for opponent 10. restart analysis.
CYRUS_VANILLA coach: [259, 0] no player type for opponent 10. restart analysis.
SPICA325 coach: [260, 0] no player type for opponent 8. restart analysis.
SPICA325 coach: [260, 0] no player type for opponent 4. restart analysis.
CYRUS_VANILLA coach: [260, 0] no player type for opponent 4. restart analysis.
SPICA325 coach: [261, 0] no player type for opponent 5. restart analysis.
CYRUS_VANILLA coach: [263, 0] no player type for opponent 10. restart analysis.
SPICA325 coach: [263, 0] no player type for opponent 2. restart analysis.
SPICA325 coach: [263, 0] no player type for opponent 8. restart analysis.
SPICA325 coach: [263, 0] no player type for opponent 10. restart analysis.
CYRUS_VANILLA coach: [264, 0] no player type for opponent 4. restart analysis.
SPICA325 coach: [264, 0] no player type for opponent 5. restart analysis.
SPICA325 coach: [265, 0] no player type for opponent 2. restart analysis.
SPICA325 coach: [265, 0] no player type for opponent 10. restart analysis.
SPICA325 coach: [266, 0] no player type for opponent 10. restart analysis.
SPICA325 coach: [266, 0] no player type for opponent 2. restart analysis.
SPICA325 coach: [266, 0] no player type for opponent 5. restart analysis.
SPICA325 coach: [267, 0] no player type for opponent 8. restart analysis.
SPICA325 coach: [267, 0] no player type for opponent 10. restart analysis.
SPICA325 coach: [268, 0] no player type for opponent 8. restart analysis.
SPICA325 coach: [269, 0] no player type for opponent 8. restart analysis.
CYRUS_VANILLA coach: [270, 0] determined opponent 2 type = 4
SPICA325 coach: [272, 0] determined opponent 2 type = 4
SPICA325 coach: [274, 0] no player type for opponent 8. restart analysis.
CYRUS_VANILLA coach: [275, 0] no player type for opponent 4. restart analysis.
CYRUS_VANILLA coach: [275, 0] determined opponent 1 type = 0
CYRUS_VANILLA coach: [276, 0] determined opponent 10 type = 2
CYRUS_VANILLA coach: [279, 1] sent freeform (player_types (1 0)(2 4)(3 1)(4 -1)(5 -1)(6 15)(7 17)(8 5)(9 8)(10 2)(11 16))
CYRUS_VANILLA coach: [279, 1] freeform 2 / 128
SPICA325 coach: [279, 1] sent freeform (player_types (1 0)(2 4)(3 1)(4 -1)(5 -1)(6 15)(7 17)(8 -1)(9 8)(10 -1)(11 16))
SPICA325 coach: [279, 1] freeform 6 / 128
CYRUS_VANILLA coach: [301, 0] updated clang capacity.
SPICA325 coach: [301, 0] updated clang capacity.
SPICA325 coach: [312, 0] no player type for opponent 8. restart analysis.
SPICA325 coach: [313, 0] no player type for opponent 5. restart analysis.
SPICA325 coach: [313, 0] no player type for opponent 10. restart analysis.
CYRUS_VANILLA coach: [313, 0] no player type for opponent 5. restart analysis.
CYRUS_VANILLA coach: [315, 0] no player type for opponent 4. restart analysis.
SPICA325 coach: [315, 0] no player type for opponent 5. restart analysis.
SPICA325 coach: [315, 0] no player type for opponent 10. restart analysis.
SPICA325 coach: [316, 0] no player type for opponent 5. restart analysis.
CYRUS_VANILLA coach: [316, 0] no player type for opponent 5. restart analysis.
SPICA325 coach: [318, 0] no player type for opponent 4. restart analysis.
CYRUS_VANILLA coach: [319, 0] no player type for opponent 5. restart analysis.
SPICA325 coach: [320, 0] no player type for opponent 10. restart analysis.
SPICA325 coach: [322, 0] no player type for opponent 5. restart analysis.
SPICA325 coach: [325, 0] no player type for opponent 8. restart analysis.
SPICA325 coach: [326, 0] no player type for opponent 10. restart analysis.
CYRUS_VANILLA coach: [326, 0] no player type for opponent 5. restart analysis.
CYRUS_VANILLA coach: [327, 0] no player type for opponent 4. restart analysis.
CYRUS_VANILLA coach: [328, 0] no player type for opponent 5. restart analysis.
SPICA325 coach: [328, 0] no player type for opponent 5. restart analysis.
SPICA325 coach: [328, 0] no player type for opponent 10. restart analysis.
SPICA325 coach: [329, 0] no player type for opponent 10. restart analysis.
CYRUS_VANILLA coach: [329, 0] no player type for opponent 4. restart analysis.
CYRUS_VANILLA coach: [333, 0] no player type for opponent 5. restart analysis.
CYRUS_VANILLA coach: [334, 0] no player type for opponent 5. restart analysis.
SPICA325 coach: [337, 0] no player type for opponent 10. restart analysis.
CYRUS_VANILLA coach: [337, 0] no player type for opponent 5. restart analysis.
SPICA325 coach: [339, 0] no player type for opponent 10. restart analysis.
SPICA325 coach: [339, 0] no player type for opponent 5. restart analysis.
CYRUS_VANILLA coach: [339, 0] no player type for opponent 4. restart analysis.
CYRUS_VANILLA coach: [339, 0] no player type for opponent 5. restart analysis.
CYRUS_VANILLA coach: [340, 0] no player type for opponent 5. restart analysis.
SPICA325 coach: [340, 0] no player type for opponent 10. restart analysis.
CYRUS_VANILLA coach: [342, 0] no player type for opponent 4. restart analysis.
CYRUS_VANILLA coach: [342, 0] no player type for opponent 5. restart analysis.
CYRUS_VANILLA coach: [343, 0] no player type for opponent 4. restart analysis.
SPICA325 coach: [343, 0] no player type for opponent 5. restart analysis.
CYRUS_VANILLA coach: [345, 0] no player type for opponent 5. restart analysis.
CYRUS_VANILLA coach: [345, 0] no player type for opponent 4. restart analysis.
CYRUS_VANILLA coach: [346, 0] no player type for opponent 5. restart analysis.
CYRUS_VANILLA coach: [347, 0] no player type for opponent 5. restart analysis.
CYRUS_VANILLA coach: [347, 0] no player type for opponent 4. restart analysis.
CYRUS_VANILLA coach: [349, 0] no player type for opponent 4. restart analysis.
SPICA325 coach: [350, 0] no player type for opponent 8. restart analysis.
SPICA325 coach: [350, 0] no player type for opponent 5. restart analysis.
CYRUS_VANILLA coach: [350, 0] no player type for opponent 4. restart analysis.
CYRUS_VANILLA coach: [351, 0] no player type for opponent 4. restart analysis.
SPICA325 coach: [352, 0] no player type for opponent 5. restart analysis.
CYRUS_VANILLA coach: [352, 0] no player type for opponent 4. restart analysis.
CYRUS_VANILLA coach: [352, 0] no player type for opponent 5. restart analysis.
SPICA325 coach: [354, 0] no player type for opponent 5. restart analysis.
SPICA325 coach: [355, 0] no player type for opponent 5. restart analysis.
CYRUS_VANILLA coach: [358, 0] no player type for opponent 4. restart analysis.
SPICA325 coach: [358, 0] no player type for opponent 10. restart analysis.
SPICA325 coach: [358, 0] no player type for opponent 8. restart analysis.
SPICA325 coach: [358, 0] no player type for opponent 5. restart analysis.
SPICA325 coach: [359, 0] no player type for opponent 8. restart analysis.
CYRUS_VANILLA coach: [359, 0] no player type for opponent 4. restart analysis.
SPICA325 coach: [361, 0] no player type for opponent 10. restart analysis.
SPICA325 coach: [362, 0] no player type for opponent 5. restart analysis.
CYRUS_VANILLA coach: [362, 0] no player type for opponent 4. restart analysis.
SPICA325 coach: [363, 0] no player type for opponent 5. restart analysis.
CYRUS_VANILLA coach: [364, 0] no player type for opponent 4. restart analysis.
SPICA325 coach: [365, 0] no player type for opponent 8. restart analysis.
SPICA325 coach: [367, 0] no player type for opponent 5. restart analysis.
SPICA325 coach: [367, 0] no player type for opponent 10. restart analysis.
CYRUS_VANILLA coach: [367, 0] no player type for opponent 5. restart analysis.
CYRUS_VANILLA coach: [368, 0] no player type for opponent 4. restart analysis.
SPICA325 coach: [369, 0] no player type for opponent 10. restart analysis.
CYRUS_VANILLA coach: [370, 0] no player type for opponent 5. restart analysis.
layerSize: 3
SPICA325 coach: [371, 0] no player type for opponent 8. restart analysis.
CYRUS_VANILLA coach: [373, 0] no player type for opponent 4. restart analysis.
CYRUS_VANILLA coach: [374, 0] no player type for opponent 5. restart analysis.
SPICA325 coach: [374, 0] no player type for opponent 8. restart analysis.
SPICA325 coach: [379, 0] no player type for opponent 10. restart analysis.
SPICA325 coach: [388, 0] no player type for opponent 10. restart analysis.
SPICA325 coach: [391, 0] no player type for opponent 10. restart analysis.
CYRUS_VANILLA coach: [392, 0] no player type for opponent 4. restart analysis.
CYRUS_VANILLA coach: [392, 0] no player type for opponent 5. restart analysis.
SPICA325 coach: [392, 0] no player type for opponent 10. restart analysis.
SPICA325 coach: [392, 0] no player type for opponent 5. restart analysis.
CYRUS_VANILLA coach: [393, 0] no player type for opponent 5. restart analysis.
CYRUS_VANILLA coach: [394, 0] no player type for opponent 4. restart analysis.
SPICA325 coach: [394, 0] no player type for opponent 5. restart analysis.
CYRUS_VANILLA 9: [398, 0] lost kick by foul at [398, 0] sense=8 internal=9
SPICA325 coach: [403, 0] no player type for opponent 10. restart analysis.
CYRUS_VANILLA coach: [403, 0] no player type for opponent 5. restart analysis.
CYRUS_VANILLA coach: [404, 0] no player type for opponent 5. restart analysis.
SPICA325 coach: [405, 0] no player type for opponent 10. restart analysis.
SPICA325 coach: [410, 0] no player type for opponent 10. restart analysis.
SPICA325 coach: [411, 0] no player type for opponent 8. restart analysis.
CYRUS_VANILLA coach: [412, 0] no player type for opponent 5. restart analysis.
CYRUS_VANILLA coach: [412, 0] no player type for opponent 4. restart analysis.
SPICA325 coach: [415, 0] no player type for opponent 5. restart analysis.
CYRUS_VANILLA coach: [417, 0] no player type for opponent 4. restart analysis.
CYRUS_VANILLA coach: [417, 0] no player type for opponent 5. restart analysis.
CYRUS_VANILLA coach: [420, 0] no player type for opponent 4. restart analysis.
SPICA325 coach: [420, 0] no player type for opponent 8. restart analysis.
CYRUS_VANILLA 3: [421, 0]  WARNING. no turn_neck.
SPICA325 coach: [423, 0] no player type for opponent 10. restart analysis.
SPICA325 coach: [424, 0] no player type for opponent 10. restart analysis.
SPICA325 coach: [424, 0] no player type for opponent 8. restart analysis.
SPICA325 coach: [430, 0] no player type for opponent 8. restart analysis.
SPICA325 coach: [431, 0] no player type for opponent 10. restart analysis.
SPICA325 coach: [432, 0] no player type for opponent 5. restart analysis.
SPICA325 coach: [433, 0] no player type for opponent 8. restart analysis.
CYRUS_VANILLA coach: [433, 0] no player type for opponent 4. restart analysis.
SPICA325 coach: [434, 0] no player type for opponent 10. restart analysis.
CYRUS_VANILLA coach: [438, 0] no player type for opponent 5. restart analysis.
CYRUS_VANILLA coach: [441, 0] no player type for opponent 5. restart analysis.
SPICA325 coach: [443, 0] no player type for opponent 10. restart analysis.
CYRUS_VANILLA coach: [443, 0] no player type for opponent 4. restart analysis.
CYRUS_VANILLA coach: [444, 0] no player type for opponent 5. restart analysis.
SPICA325 coach: [455, 0] no player type for opponent 10. restart analysis.
SPICA325 coach: [456, 0] no player type for opponent 5. restart analysis.
SPICA325 coach: [456, 0] no player type for opponent 10. restart analysis.
SPICA325 coach: [457, 0] no player type for opponent 10. restart analysis.
CYRUS_VANILLA coach: [457, 0] no player type for opponent 4. restart analysis.
CYRUS_VANILLA coach: [457, 0] no player type for opponent 5. restart analysis.
CYRUS_VANILLA coach: [458, 0] no player type for opponent 4. restart analysis.
SPICA325 coach: [458, 0] no player type for opponent 5. restart analysis.
SPICA325 coach: [460, 0] no player type for opponent 5. restart analysis.
CYRUS_VANILLA coach: [461, 0] no player type for opponent 5. restart analysis.
CYRUS_VANILLA coach: [462, 0] no player type for opponent 5. restart analysis.
CYRUS_VANILLA coach: [464, 0] no player type for opponent 5. restart analysis.
SPICA325 coach: [470, 0] no player type for opponent 10. restart analysis.
SPICA325 coach: [473, 0] no player type for opponent 5. restart analysis.
SPICA325 coach: [486, 0] no player type for opponent 5. restart analysis.
SPICA325 coach: [494, 0] no player type for opponent 5. restart analysis.
SPICA325 coach: [499, 0] no player type for opponent 5. restart analysis.
SPICA325 coach: [503, 0] determined opponent 4 type = 3
SPICA325 coach: [511, 0] no player type for opponent 10. restart analysis.
SPICA325 coach: [512, 0] no player type for opponent 10. restart analysis.
SPICA325 coach: [517, 0] no player type for opponent 8. restart analysis.
SPICA325 coach: [522, 0] no player type for opponent 8. restart analysis.
SPICA325 coach: [523, 0] no player type for opponent 8. restart analysis.
CYRUS_VANILLA coach: [531, 0] no player type for opponent 4. restart analysis.
CYRUS_VANILLA coach: [531, 0] no player type for opponent 5. restart analysis.
SPICA325 coach: [533, 0] no player type for opponent 10. restart analysis.
SPICA325 coach: [539, 0] no player type for opponent 8. restart analysis.
SPICA325 coach: [541, 0] no player type for opponent 8. restart analysis.
CYRUS_VANILLA coach: [543, 0] no player type for opponent 5. restart analysis.
CYRUS_VANILLA coach: [544, 0] no player type for opponent 5. restart analysis.
CYRUS_VANILLA coach: [546, 0] no player type for opponent 5. restart analysis.
SPICA325 coach: [547, 0] no player type for opponent 10. restart analysis.
CYRUS_VANILLA coach: [547, 0] no player type for opponent 5. restart analysis.
SPICA325 coach: [565, 0] no player type for opponent 5. restart analysis.
SPICA325 coach: [566, 0] no player type for opponent 10. restart analysis.
SPICA325 coach: [570, 0] no player type for opponent 10. restart analysis.
CYRUS_VANILLA coach: [571, 0] no player type for opponent 5. restart analysis.
CYRUS_VANILLA coach: [572, 0] no player type for opponent 5. restart analysis.
CYRUS_VANILLA coach: [573, 0] determined opponent 4 type = 3
CYRUS_VANILLA coach: [578, 0] no player type for opponent 5. restart analysis.
SPICA325 coach: [582, 0] no player type for opponent 10. restart analysis.
CYRUS_VANILLA coach: [583, 0] no player type for opponent 5. restart analysis.
SPICA325 coach: [584, 0] no player type for opponent 8. restart analysis.
CYRUS_VANILLA coach: [584, 0] no player type for opponent 5. restart analysis.
CYRUS_VANILLA coach: [595, 0] no player type for opponent 5. restart analysis.
SPICA325 coach: [596, 0] no player type for opponent 5. restart analysis.
CYRUS_VANILLA coach: [597, 0] no player type for opponent 5. restart analysis.
SPICA325 coach: [600, 0] no player type for opponent 10. restart analysis.
SPICA325 coach: [601, 0] no player type for opponent 8. restart analysis.
SPICA325 coach: [601, 0] updated clang capacity.
CYRUS_VANILLA coach: [601, 0] updated clang capacity.
SPICA325 coach: [603, 0] no player type for opponent 8. restart analysis.
SPICA325 coach: [604, 0] no player type for opponent 8. restart analysis.
SPICA325 coach: [608, 0] no player type for opponent 8. restart analysis.
CYRUS_VANILLA coach: [609, 0] no player type for opponent 5. restart analysis.
SPICA325 coach: [616, 0] no player type for opponent 10. restart analysis.
SPICA325 coach: [617, 0] no player type for opponent 8. restart analysis.
SPICA325 coach: [619, 0] no player type for opponent 10. restart analysis.
SPICA325 coach: [621, 0] no player type for opponent 10. restart analysis.
SPICA325 coach: [622, 0] no player type for opponent 10. restart analysis.
SPICA325 coach: [625, 0] no player type for opponent 10. restart analysis.
SPICA325 coach: [630, 0] determined opponent 8 type = 5
SPICA325 coach: [636, 0] no player type for opponent 10. restart analysis.
CYRUS_VANILLA coach: [646, 0] no player type for opponent 5. restart analysis.
CYRUS_VANILLA coach: [648, 0] no player type for opponent 5. restart analysis.
SPICA325 coach: [653, 0] no player type for opponent 5. restart analysis.
SPICA325 coach: [659, 0] no player type for opponent 5. restart analysis.
CYRUS_VANILLA coach: [660, 0] no player type for opponent 5. restart analysis.
SPICA325 coach: [660, 0] no player type for opponent 5. restart analysis.
SPICA325 coach: [661, 0] no player type for opponent 5. restart analysis.
SPICA325 coach: [677, 0] no player type for opponent 10. restart analysis.
SPICA325 coach: [679, 0] no player type for opponent 10. restart analysis.
CYRUS_VANILLA coach: [681, 0] no player type for opponent 5. restart analysis.
SPICA325 coach: [684, 0] no player type for opponent 5. restart analysis.
SPICA325 coach: [698, 0] no player type for opponent 10. restart analysis.
SPICA325 coach: [700, 0] no player type for opponent 10. restart analysis.
SPICA325 coach: [704, 0] no player type for opponent 5. restart analysis.
SPICA325 coach: [708, 0] no player type for opponent 5. restart analysis.
SPICA325 coach: [708, 0] no player type for opponent 10. restart analysis.
SPICA325 coach: [710, 0] no player type for opponent 5. restart analysis.
SPICA325 coach: [710, 0] no player type for opponent 10. restart analysis.
SPICA325 coach: [711, 0] no player type for opponent 10. restart analysis.
SPICA325 coach: [713, 0] no player type for opponent 10. restart analysis.
CYRUS_VANILLA coach: [714, 0] no player type for opponent 5. restart analysis.
SPICA325 coach: [715, 0] no player type for opponent 5. restart analysis.
SPICA325 coach: [716, 0] no player type for opponent 5. restart analysis.
SPICA325 coach: [717, 0] no player type for opponent 5. restart analysis.
SPICA325 coach: [717, 0] no player type for opponent 10. restart analysis.
SPICA325 coach: [721, 0] no player type for opponent 10. restart analysis.
SPICA325 coach: [724, 0] no player type for opponent 10. restart analysis.
SPICA325 coach: [728, 0] no player type for opponent 10. restart analysis.
SPICA325 coach: [732, 0] no player type for opponent 10. restart analysis.
SPICA325 coach: [733, 0] no player type for opponent 10. restart analysis.
SPICA325 coach: [737, 0] no player type for opponent 5. restart analysis.
SPICA325 coach: [749, 0] no player type for opponent 5. restart analysis.
CYRUS_VANILLA coach: [750, 0] no player type for opponent 5. restart analysis.
CYRUS_VANILLA coach: [752, 0] no player type for opponent 5. restart analysis.
CYRUS_VANILLA coach: [753, 0] no player type for opponent 5. restart analysis.
SPICA325 coach: [764, 0] no player type for opponent 10. restart analysis.
SPICA325 coach: [767, 0] determined opponent 5 type = 13
CYRUS_VANILLA coach: [786, 0] no player type for opponent 5. restart analysis.
SPICA325 coach: [791, 0] no player type for opponent 10. restart analysis.
SPICA325 coach: [793, 0] no player type for opponent 10. restart analysis.
SPICA325 coach: [794, 0] no player type for opponent 10. restart analysis.
SPICA325 coach: [796, 0] no player type for opponent 10. restart analysis.
SPICA325 coach: [797, 0] no player type for opponent 10. restart analysis.
SPICA325 coach: [798, 0] no player type for opponent 10. restart analysis.
SPICA325 coach: [799, 0] no player type for opponent 10. restart analysis.
CYRUS_VANILLA coach: [803, 0] no player type for opponent 5. restart analysis.
CYRUS_VANILLA coach: [809, 0] no player type for opponent 5. restart analysis.
CYRUS_VANILLA coach: [822, 0] no player type for opponent 5. restart analysis.
SPICA325 coach: [828, 0] sent freeform (player_types (1 0)(2 4)(3 1)(4 3)(5 13)(6 15)(7 17)(8 5)(9 8)(10 -1)(11 16))
SPICA325 coach: [828, 0] freeform 7 / 128
CYRUS_VANILLA coach: [828, 0] sent freeform (player_types (1 0)(2 4)(3 1)(4 3)(5 -1)(6 15)(7 17)(8 5)(9 8)(10 2)(11 16))
CYRUS_VANILLA coach: [828, 0] freeform 3 / 128
SPICA325 coach: [829, 0] no player type for opponent 10. restart analysis.
CYRUS_VANILLA coach: [836, 0] no player type for opponent 5. restart analysis.
CYRUS_VANILLA coach: [843, 0] no player type for opponent 5. restart analysis.
CYRUS_VANILLA coach: [844, 0] no player type for opponent 5. restart analysis.
SPICA325 coach: [848, 0] no player type for opponent 10. restart analysis.
CYRUS_VANILLA coach: [850, 0] no player type for opponent 5. restart analysis.
CYRUS_VANILLA coach: [851, 0] no player type for opponent 5. restart analysis.
SPICA325 coach: [853, 0] no player type for opponent 10. restart analysis.
CYRUS_VANILLA coach: [858, 0] no player type for opponent 5. restart analysis.
SPICA325 coach: [901, 0] updated clang capacity.
CYRUS_VANILLA coach: [901, 0] updated clang capacity.
SPICA325 coach: [925, 0] no player type for opponent 10. restart analysis.
SPICA325 coach: [932, 0] no player type for opponent 10. restart analysis.
SPICA325 coach: [941, 0] no player type for opponent 10. restart analysis.
SPICA325 coach: [943, 0] no player type for opponent 10. restart analysis.
CYRUS_VANILLA coach: [946, 0] determined opponent 5 type = 13
SPICA325 coach: [950, 0] no player type for opponent 10. restart analysis.
SPICA325 coach: [951, 0] no player type for opponent 10. restart analysis.
SPICA325 coach: [954, 0] no player type for opponent 10. restart analysis.
SPICA325 coach: [958, 0] no player type for opponent 10. restart analysis.
SPICA325 coach: [974, 0] no player type for opponent 10. restart analysis.
SPICA325 coach: [986, 0] no player type for opponent 10. restart analysis.
SPICA325 coach: [989, 0] no player type for opponent 10. restart analysis.
SPICA325 coach: [1009, 0] no player type for opponent 10. restart analysis.
SPICA325 coach: [1014, 0] no player type for opponent 10. restart analysis.
SPICA325 coach: [1024, 0] no player type for opponent 10. restart analysis.
SPICA325 coach: [1035, 0] no player type for opponent 10. restart analysis.
SPICA325 coach: [1036, 0] no player type for opponent 10. restart analysis.
SPICA325 coach: [1112, 0] no player type for opponent 10. restart analysis.
SPICA325 coach: [1127, 0] no player type for opponent 10. restart analysis.
SPICA325 coach: [1128, 0] no player type for opponent 10. restart analysis.
SPICA325 coach: [1161, 0] no player type for opponent 10. restart analysis.
SPICA325 coach: [1180, 0] no player type for opponent 10. restart analysis.
SPICA325 coach: [1186, 0] no player type for opponent 10. restart analysis.
SPICA325 coach: [1201, 0] updated clang capacity.
CYRUS_VANILLA coach: [1201, 0] updated clang capacity.
SPICA325 11: [1215, 0]  WARNING. no turn_neck.
SPICA325 11: [1216, 0]  WARNING. no turn_neck.
SPICA325 2: [1225, 0]  WARNING. no turn_neck.
SPICA325 coach: [1274, 0] no player type for opponent 10. restart analysis.
SPICA325 coach: [1280, 0] no player type for opponent 10. restart analysis.
SPICA325 coach: [1281, 0] no player type for opponent 10. restart analysis.
SPICA325 coach: [1283, 0] no player type for opponent 10. restart analysis.
SPICA325 coach: [1285, 0] no player type for opponent 10. restart analysis.
SPICA325 coach: [1294, 0] no player type for opponent 10. restart analysis.
SPICA325 coach: [1295, 0] no player type for opponent 10. restart analysis.
SPICA325 coach: [1305, 0] no player type for opponent 10. restart analysis.
SPICA325 coach: [1306, 0] no player type for opponent 10. restart analysis.
SPICA325 coach: [1313, 0] no player type for opponent 10. restart analysis.
SPICA325 coach: [1316, 0] no player type for opponent 10. restart analysis.
SPICA325 coach: [1324, 0] no player type for opponent 10. restart analysis.
SPICA325 coach: [1327, 0] no player type for opponent 10. restart analysis.
SPICA325 coach: [1329, 0] no player type for opponent 10. restart analysis.
CYRUS_VANILLA 6: [1358, 0] lost kick by foul at [1358, 0] sense=29 internal=30
CYRUS_VANILLA coach: [1358, 1] sent freeform (player_types (1 0)(2 4)(3 1)(4 3)(5 13)(6 15)(7 17)(8 5)(9 8)(10 2)(11 16))
CYRUS_VANILLA coach: [1358, 1] freeform 4 / 128
SPICA325 coach: [1426, 0] no player type for opponent 10. restart analysis.
SPICA325 coach: [1453, 0] no player type for opponent 10. restart analysis.
SPICA325 coach: [1455, 0] no player type for opponent 10. restart analysis.
SPICA325 coach: [1460, 0] no player type for opponent 10. restart analysis.
SPICA325 coach: [1465, 0] no player type for opponent 10. restart analysis.
SPICA325 coach: [1500, 0] no player type for opponent 10. restart analysis.
SPICA325 coach: [1501, 0] updated clang capacity.
CYRUS_VANILLA coach: [1501, 0] updated clang capacity.
SPICA325 coach: [1515, 0] no player type for opponent 10. restart analysis.
SPICA325 coach: [1537, 0] no player type for opponent 10. restart analysis.
SPICA325 coach: [1554, 0] no player type for opponent 10. restart analysis.
SPICA325 coach: [1560, 0] no player type for opponent 10. restart analysis.
SPICA325 coach: [1570, 0] no player type for opponent 10. restart analysis.
SPICA325 coach: [1580, 0] no player type for opponent 10. restart analysis.
SPICA325 coach: [1604, 0] no player type for opponent 10. restart analysis.
SPICA325 coach: [1608, 0] no player type for opponent 10. restart analysis.
SPICA325 coach: [1624, 0] no player type for opponent 10. restart analysis.
SPICA325 coach: [1626, 0] no player type for opponent 10. restart analysis.
SPICA325 coach: [1629, 0] no player type for opponent 10. restart analysis.
SPICA325 coach: [1635, 0] no player type for opponent 10. restart analysis.
SPICA325 coach: [1642, 0] no player type for opponent 10. restart analysis.
SPICA325 coach: [1645, 0] no player type for opponent 10. restart analysis.
SPICA325 coach: [1665, 0] no player type for opponent 10. restart analysis.
SPICA325 coach: [1728, 0] no player type for opponent 10. restart analysis.
SPICA325 coach: [1791, 0] determined opponent 10 type = 2
SPICA325 coach: [1801, 0] updated clang capacity.
CYRUS_VANILLA coach: [1801, 0] updated clang capacity.
CYRUS_VANILLA 9: [1938, 0] lost kick by foul at [1938, 0] sense=73 internal=74
CYRUS_VANILLA 9: [1979, 0]  WARNING. no turn_neck.
SPICA325 coach: [1988, 0] sent freeform (player_types (1 0)(2 4)(3 1)(4 3)(5 13)(6 15)(7 17)(8 5)(9 8)(10 2)(11 16))
SPICA325 coach: [1988, 0] freeform 8 / 128
CYRUS_VANILLA 11: [2032, 0] lost kick by foul at [2032, 0] sense=62 internal=63
CYRUS_VANILLA 10: [2089, 0]  WARNING. no turn_neck.
CYRUS_VANILLA coach: [2101, 0] updated clang capacity.
SPICA325 coach: [2101, 0] updated clang capacity.
SPICA325 8: [2122, 0]  WARNING. no body command.
CYRUS_VANILLA 10: [2391, 0] lost kick by foul at [2391, 0] sense=51 internal=52
SPICA325 coach: [2401, 0] updated clang capacity.
CYRUS_VANILLA coach: [2401, 0] updated clang capacity.
CYRUS_VANILLA 11: [2626, 0]  WARNING. no turn_neck.
SPICA325 coach: [2701, 0] updated clang capacity.
CYRUS_VANILLA coach: [2701, 0] updated clang capacity.
CYRUS_VANILLA 9: [2851, 0] lost kick by foul at [2851, 0] sense=106 internal=107
Waiting to kick off
Kick_off_right
CYRUS_VANILLA coach: [3001, 0] updated clang capacity.
SPICA325 coach: [3001, 0] updated clang capacity.
CYRUS_VANILLA 11: [3138, 0] lost kick by foul at [3138, 0] sense=97 internal=98
CYRUS_VANILLA 9: [3224, 0] lost kick by foul at [3224, 0] sense=117 internal=118
CYRUS_VANILLA coach: [3301, 0] updated clang capacity.
SPICA325 coach: [3301, 0] updated clang capacity.
CYRUS_VANILLA coach: [3601, 0] updated clang capacity.
SPICA325 coach: [3601, 0] updated clang capacity.
SPICA325 coach: [3901, 0] updated clang capacity.
CYRUS_VANILLA coach: [3901, 0] updated clang capacity.
SPICA325 coach: [4201, 0] updated clang capacity.
CYRUS_VANILLA coach: [4201, 0] updated clang capacity.
SPICA325 coach: [4501, 0] updated clang capacity.
CYRUS_VANILLA coach: [4501, 0] updated clang capacity.
CYRUS_VANILLA 3: [4614, 0]  WARNING. no turn_neck.
CYRUS_VANILLA 3: [4615, 0]  WARNING. no turn_neck.
CYRUS_VANILLA 3: [4616, 0]  WARNING. no turn_neck.
SPICA325 8: [4714, 0] lost kick by foul at [4714, 0] sense=11 internal=12
SPICA325 coach: [4801, 0] updated clang capacity.
CYRUS_VANILLA coach: [4801, 0] updated clang capacity.
SPICA325 11: [4874, 0]  WARNING. no turn_neck.
SPICA325 3: [5008, 0]  WARNING. no turn_neck.
CYRUS_VANILLA coach: [5101, 0] updated clang capacity.
SPICA325 coach: [5101, 0] updated clang capacity.
SPICA325 7: [5126, 0]  WARNING. no turn_neck.
SPICA325 7: [5127, 0]  WARNING. no turn_neck.
CYRUS_VANILLA coach: [5401, 0] updated clang capacity.
SPICA325 coach: [5401, 0] updated clang capacity.
CYRUS_VANILLA 8: [5624, 0] lost kick by foul at [5624, 0] sense=51 internal=52
SPICA325 coach: [5701, 0] updated clang capacity.
CYRUS_VANILLA coach: [5701, 0] updated clang capacity.
CYRUS_VANILLA 9: [5797, 0] lost kick by foul at [5797, 0] sense=178 internal=179
SPICA325 coach: change player 6 to type 12
CYRUS_VANILLA coach: [5904, 0] no player type for opponent 6. restart analysis.
CYRUS_VANILLA coach: [5905, 0] no player type for opponent 6. restart analysis.
CYRUS_VANILLA coach: [5908, 0] no player type for opponent 6. restart analysis.
CYRUS_VANILLA coach: [5922, 0] no player type for opponent 6. restart analysis.
CYRUS_VANILLA coach: [5927, 0] no player type for opponent 6. restart analysis.
CYRUS_VANILLA 5: [5928, 0] lost kick by foul at [5928, 0] sense=82 internal=83
CYRUS_VANILLA coach: change player 11 to type 12
CYRUS_VANILLA coach: change player 6 to type 14
CYRUS_VANILLA coach: change player 10 to type 10
SPICA325 coach: change player 8 to type 14
SPICA325 coach: [5980, 0] determined opponent 10 type = 10
SPICA325 coach: [5980, 0] sent freeform (player_types (1 0)(2 4)(3 1)(4 3)(5 13)(6 -1)(7 17)(8 5)(9 8)(10 10)(11 -1))
SPICA325 coach: [5980, 0] freeform 9 / 128
SPICA325 coach: [5983, 0] no player type for opponent 11. restart analysis.
SPICA325 coach: [5983, 0] no player type for opponent 6. restart analysis.
SPICA325 10: finished.
SPICA325 1: finished.
CYRUS_VANILLA coach: finished.
SPICA325 5: finished.
CYRUS_VANILLA 8: finished.
SPICA325 9: finished.
CYRUS_VANILLA 11: finished.
Waiting after end of match
remoteclient.cpp: 149: Error sending to socket: Bad file descriptor
msg = [(think)]
remoteclient.cpp: 149: Error sending to socket: Bad file descriptor
msg = [(think)]
CYRUS_VANILLA 3: finished.
CYRUS_VANILLA 1: finished.
SPICA325 6: finished.
SPICA325 8: finished.
CYRUS_VANILLA 4: finished.
CYRUS_VANILLA 5: finished.
CYRUS_VANILLA 6: finished.
SPICA325 3: finished.
SPICA325 11: finished.
SPICA325 coach: [6000, 0] new freeform allowed 256
SPICA325 coach: finished.
SPICA325 2: finished.
CYRUS_VANILLA 10: finished.
SPICA325 7: finished.
CYRUS_VANILLA 9: finished.
CYRUS_VANILLA 7: finished.
SPICA325 4: finished.
CYRUS_VANILLA 2: finished.
A player disconnected : (CYRUS_VANILLA 8)
A player disconnected : (SPICA325 9)
A player disconnected : (CYRUS_VANILLA 11)
An online coach disconnected : (CYRUS_VANILLA)
A player disconnected : (SPICA325 5)
A player disconnected : (SPICA325 1)
A player disconnected : (SPICA325 10)
A player disconnected : (CYRUS_VANILLA 3)
A player disconnected : (CYRUS_VANILLA 1)
A player disconnected : (SPICA325 6)
A player disconnected : (SPICA325 8)
A player disconnected : (CYRUS_VANILLA 4)
A player disconnected : (CYRUS_VANILLA 5)
A player disconnected : (CYRUS_VANILLA 6)
A player disconnected : (CYRUS_VANILLA 7)
A player disconnected : (SPICA325 3)
A player disconnected : (SPICA325 11)
A player disconnected : (SPICA325 2)
An online coach disconnected : (SPICA325)
A player disconnected : (CYRUS_VANILLA 10)
A player disconnected : (SPICA325 7)
A player disconnected : (CYRUS_VANILLA 9)
A player disconnected : (SPICA325 4)
A player disconnected : (CYRUS_VANILLA 2)
Killing 15316
Killing 15329

Game Over. Exiting...

Saving Results:
	CSVSaver: saving...
	CSVSaver: ...disabled
	STDOutSaver: saving...

Game Results:
	2026-06-27 08:08:55
	'SPICA325' vs 'CYRUS_VANILLA'
	Score: 0 - 0
 
	STDOutSaver: ...saved

Saving Results Complete
